2026-06-22 04:07:40.591317: I tensorflow/core/util/port.cc:153] oneDNN custom operations are on. You may see slightly different numerical results due to floating-point round-off errors from different computation orders. To turn them off, set the environment variable `TF_ENABLE_ONEDNN_OPTS=0`.
2026-06-22 04:07:40.608423: E external/local_xla/xla/stream_executor/cuda/cuda_fft.cc:485] Unable to register cuFFT factory: Attempting to register factory for plugin cuFFT when one has already been registered
2026-06-22 04:07:40.625847: E external/local_xla/xla/stream_executor/cuda/cuda_dnn.cc:8454] Unable to register cuDNN factory: Attempting to register factory for plugin cuDNN when one has already been registered
2026-06-22 04:07:40.631089: E external/local_xla/xla/stream_executor/cuda/cuda_blas.cc:1452] Unable to register cuBLAS factory: Attempting to register factory for plugin cuBLAS when one has already been registered
2026-06-22 04:07:40.644591: I tensorflow/core/platform/cpu_feature_guard.cc:210] This TensorFlow binary is optimized to use available CPU instructions in performance-critical operations.
To enable the following instructions: AVX2 AVX512F AVX512_VNNI FMA, in other operations, rebuild TensorFlow with the appropriate compiler flags.
2026-06-22 04:07:42.156922: W tensorflow/compiler/tf2tensorrt/utils/py_utils.cc:38] TF-TRT Warning: Could not find TensorRT
2026-06-22 04:07:45.481043: I tensorflow/core/common_runtime/gpu/gpu_device.cc:2021] Created device /job:localhost/replica:0/task:0/device:GPU:0 with 31134 MB memory:  -> device: 0, name: Tesla V100-SXM2-32GB, pci bus id: 0000:1b:00.0, compute capability: 7.0
INFO:kgcnn.models.utils:Updated model kwargs: '{'name': 'DimeNetPP', 'inputs': [{'shape': [None], 'name': 'node_number', 'dtype': 'int32', 'ragged': True}, {'shape': [None, 3], 'name': 'node_coordinates', 'dtype': 'float32', 'ragged': True}, {'shape': [None, 2], 'name': 'range_indices', 'dtype': 'int64', 'ragged': True}, {'shape': [None, 2], 'name': 'angle_indices', 'dtype': 'int64', 'ragged': True}, {'shape': (None, 3), 'name': 'range_image', 'dtype': 'int64', 'ragged': True}, {'shape': (3, 3), 'name': 'graph_lattice', 'dtype': 'float32', 'ragged': False}], 'input_tensor_type': 'ragged', 'input_embedding': None, 'cast_disjoint_kwargs': {}, 'input_node_embedding': {'input_dim': 95, 'output_dim': 55, 'embeddings_initializer': {'class_name': 'RandomUniform', 'config': {'minval': -1.7320508075688772, 'maxval': 1.7320508075688772}}}, 'emb_size': 55, 'out_emb_size': 64, 'int_emb_size': 64, 'basis_emb_size': 8, 'num_blocks': 1, 'num_spherical': 7, 'num_radial': 6, 'cutoff': 8.0, 'envelope_exponent': 5, 'num_before_skip': 1, 'num_after_skip': 2, 'num_dense_output': 3, 'num_targets': 1, 'extensive': False, 'output_init': 'zeros', 'activation': 'swish', 'verbose': 10, 'output_embedding': 'graph', 'use_output_mlp': False, 'output_tensor_type': 'padded', 'output_scaling': None, 'output_mlp': {}}'.
Visible GPUs: [PhysicalDevice(name='/physical_device:GPU:0', device_type='GPU')]
Loading cached tensors: /ibex/user/shoaibsa/Intrinsic_Dimensionality_ML_Materials/DimeNetPP/DimeNetPP_MP/cached_tensors_dimenetpp_bandgap/splitseed1123/dimenetpp_bandgap_cached_tensors.pkl
Loaded cached tensors from: /ibex/user/shoaibsa/Intrinsic_Dimensionality_ML_Materials/DimeNetPP/DimeNetPP_MP/cached_tensors_dimenetpp_bandgap/splitseed1123
Shapes: y_train (123902, 1) y_val (15487, 1) y_test (15489, 1)

Running WRAPPER-V3 DimeNet++ band gap model

Projection method: fastfood
Intrinsic dimension spec: 0.1
D: 83685 d: 8368
Trainable vars: ['z']
Model: "SubspaceProjectedGradTFV3_fastfood"
┏━━━━━━━━━━━━━━━━━━━━━━━━━━━━━━━━━┳━━━━━━━━━━━━━━━━━━━━━━━━┳━━━━━━━━━━━━━━━┓
┃ Layer (type)                    ┃ Output Shape           ┃       Param # ┃
┡━━━━━━━━━━━━━━━━━━━━━━━━━━━━━━━━━╇━━━━━━━━━━━━━━━━━━━━━━━━╇━━━━━━━━━━━━━━━┩
│ DimeNetPP (Functional)          │ (None, 1)              │        83,685 │
└─────────────────────────────────┴────────────────────────┴───────────────┘
 Total params: 616,342 (2.35 MB)
 Trainable params: 8,368 (32.69 KB)
 Non-trainable params: 607,974 (2.32 MB)
Epoch 1/350
1936/1936 - 65s - 34ms/step - loss: 0.5810 - val_loss: 0.4864
Epoch 2/350
1936/1936 - 53s - 28ms/step - loss: 0.4524 - val_loss: 0.4001
Epoch 3/350
1936/1936 - 53s - 28ms/step - loss: 0.4026 - val_loss: 0.3738
Epoch 4/350
1936/1936 - 54s - 28ms/step - loss: 0.3697 - val_loss: 0.3499
Epoch 5/350
1936/1936 - 53s - 28ms/step - loss: 0.3458 - val_loss: 0.3536
Epoch 6/350
1936/1936 - 53s - 28ms/step - loss: 0.3260 - val_loss: 0.3013
Epoch 7/350
1936/1936 - 54s - 28ms/step - loss: 0.3112 - val_loss: 0.3110
Epoch 8/350
1936/1936 - 53s - 28ms/step - loss: 0.3002 - val_loss: 0.2830
Epoch 9/350
1936/1936 - 53s - 28ms/step - loss: 0.2906 - val_loss: 0.2875
Epoch 10/350
1936/1936 - 53s - 28ms/step - loss: 0.2825 - val_loss: 0.2810
Epoch 11/350
1936/1936 - 54s - 28ms/step - loss: 0.2751 - val_loss: 0.2787
Epoch 12/350
1936/1936 - 53s - 28ms/step - loss: 0.2688 - val_loss: 0.2761
Epoch 13/350
1936/1936 - 53s - 28ms/step - loss: 0.2641 - val_loss: 0.2657
Epoch 14/350
1936/1936 - 53s - 27ms/step - loss: 0.2597 - val_loss: 0.2602
Epoch 15/350
1936/1936 - 53s - 28ms/step - loss: 0.2540 - val_loss: 0.2620
Epoch 16/350
1936/1936 - 53s - 28ms/step - loss: 0.2494 - val_loss: 0.2871
Epoch 17/350
1936/1936 - 53s - 28ms/step - loss: 0.2462 - val_loss: 0.2698
Epoch 18/350
1936/1936 - 53s - 28ms/step - loss: 0.2423 - val_loss: 0.2582
Epoch 19/350
1936/1936 - 53s - 28ms/step - loss: 0.2389 - val_loss: 0.2578
Epoch 20/350
1936/1936 - 53s - 28ms/step - loss: 0.2360 - val_loss: 0.2489
Epoch 21/350
1936/1936 - 53s - 28ms/step - loss: 0.2317 - val_loss: 0.2402
Epoch 22/350
1936/1936 - 53s - 28ms/step - loss: 0.2283 - val_loss: 0.2562
Epoch 23/350
1936/1936 - 53s - 28ms/step - loss: 0.2285 - val_loss: 0.2378
Epoch 24/350
1936/1936 - 53s - 28ms/step - loss: 0.2249 - val_loss: 0.2467
Epoch 25/350
1936/1936 - 53s - 27ms/step - loss: 0.2236 - val_loss: 0.2375
Epoch 26/350
1936/1936 - 53s - 28ms/step - loss: 0.2206 - val_loss: 0.2277
Epoch 27/350
1936/1936 - 53s - 28ms/step - loss: 0.2196 - val_loss: 0.2308
Epoch 28/350
1936/1936 - 53s - 27ms/step - loss: 0.2181 - val_loss: 0.2314
Epoch 29/350
1936/1936 - 53s - 27ms/step - loss: 0.2156 - val_loss: 0.2396
Epoch 30/350
1936/1936 - 53s - 28ms/step - loss: 0.2132 - val_loss: 0.2262
Epoch 31/350
1936/1936 - 53s - 28ms/step - loss: 0.2116 - val_loss: 0.2233
Epoch 32/350
1936/1936 - 53s - 28ms/step - loss: 0.2100 - val_loss: 0.2230
Epoch 33/350
1936/1936 - 53s - 28ms/step - loss: 0.2098 - val_loss: 0.2282
Epoch 34/350
1936/1936 - 54s - 28ms/step - loss: 0.2077 - val_loss: 0.2207
Epoch 35/350
1936/1936 - 53s - 28ms/step - loss: 0.2061 - val_loss: 0.2232
Epoch 36/350
1936/1936 - 53s - 28ms/step - loss: 0.2038 - val_loss: 0.2231
Epoch 37/350
1936/1936 - 53s - 27ms/step - loss: 0.2034 - val_loss: 0.2219
Epoch 38/350
1936/1936 - 53s - 28ms/step - loss: 0.2035 - val_loss: 0.2221
Epoch 39/350
1936/1936 - 53s - 27ms/step - loss: 0.2020 - val_loss: 0.2284
Epoch 40/350
1936/1936 - 53s - 28ms/step - loss: 0.2001 - val_loss: 0.2270
Epoch 41/350
1936/1936 - 53s - 28ms/step - loss: 0.1992 - val_loss: 0.2224
Epoch 42/350
1936/1936 - 53s - 27ms/step - loss: 0.1983 - val_loss: 0.2196
Epoch 43/350
1936/1936 - 53s - 27ms/step - loss: 0.1958 - val_loss: 0.2231
Epoch 44/350
1936/1936 - 53s - 28ms/step - loss: 0.1964 - val_loss: 0.2190
Epoch 45/350
1936/1936 - 53s - 27ms/step - loss: 0.1954 - val_loss: 0.2172
Epoch 46/350
1936/1936 - 53s - 28ms/step - loss: 0.1944 - val_loss: 0.2185
Epoch 47/350
1936/1936 - 53s - 28ms/step - loss: 0.1924 - val_loss: 0.2328
Epoch 48/350
1936/1936 - 53s - 27ms/step - loss: 0.1927 - val_loss: 0.2210
Epoch 49/350
1936/1936 - 53s - 27ms/step - loss: 0.1910 - val_loss: 0.2183
Epoch 50/350
1936/1936 - 53s - 27ms/step - loss: 0.1908 - val_loss: 0.2153
Epoch 51/350
1936/1936 - 53s - 27ms/step - loss: 0.1903 - val_loss: 0.2127
Epoch 52/350
1936/1936 - 53s - 28ms/step - loss: 0.1882 - val_loss: 0.2146
Epoch 53/350
1936/1936 - 53s - 27ms/step - loss: 0.1887 - val_loss: 0.2166
Epoch 54/350
1936/1936 - 53s - 27ms/step - loss: 0.1878 - val_loss: 0.2125
Epoch 55/350
1936/1936 - 53s - 27ms/step - loss: 0.1871 - val_loss: 0.2183
Epoch 56/350
1936/1936 - 53s - 28ms/step - loss: 0.1861 - val_loss: 0.2179
Epoch 57/350
1936/1936 - 53s - 27ms/step - loss: 0.1857 - val_loss: 0.2139
Epoch 58/350
1936/1936 - 53s - 28ms/step - loss: 0.1866 - val_loss: 0.2146
Epoch 59/350
1936/1936 - 53s - 27ms/step - loss: 0.1842 - val_loss: 0.2155
Epoch 60/350
1936/1936 - 53s - 27ms/step - loss: 0.1842 - val_loss: 0.2132
Epoch 61/350
1936/1936 - 53s - 27ms/step - loss: 0.1832 - val_loss: 0.2083
Epoch 62/350
1936/1936 - 53s - 28ms/step - loss: 0.1822 - val_loss: 0.2260
Epoch 63/350
1936/1936 - 53s - 27ms/step - loss: 0.1823 - val_loss: 0.2264
Epoch 64/350
1936/1936 - 53s - 27ms/step - loss: 0.1812 - val_loss: 0.2122
Epoch 65/350
1936/1936 - 53s - 27ms/step - loss: 0.1811 - val_loss: 0.2080
Epoch 66/350
1936/1936 - 53s - 27ms/step - loss: 0.1814 - val_loss: 0.2173
Epoch 67/350
1936/1936 - 53s - 28ms/step - loss: 0.1800 - val_loss: 0.2134
Epoch 68/350
1936/1936 - 53s - 27ms/step - loss: 0.1799 - val_loss: 0.2110
Epoch 69/350
1936/1936 - 53s - 28ms/step - loss: 0.1792 - val_loss: 0.2126
Epoch 70/350
1936/1936 - 53s - 27ms/step - loss: 0.1781 - val_loss: 0.2121
Epoch 71/350
1936/1936 - 53s - 27ms/step - loss: 0.1777 - val_loss: 0.2078
Epoch 72/350
1936/1936 - 53s - 27ms/step - loss: 0.1778 - val_loss: 0.2289
Epoch 73/350
1936/1936 - 53s - 27ms/step - loss: 0.1777 - val_loss: 0.2067
Epoch 74/350
1936/1936 - 53s - 27ms/step - loss: 0.1773 - val_loss: 0.2075
Epoch 75/350
1936/1936 - 53s - 27ms/step - loss: 0.1765 - val_loss: 0.2077
Epoch 76/350
1936/1936 - 53s - 27ms/step - loss: 0.1757 - val_loss: 0.2068
Epoch 77/350
1936/1936 - 53s - 27ms/step - loss: 0.1752 - val_loss: 0.2081
Epoch 78/350
1936/1936 - 53s - 27ms/step - loss: 0.1757 - val_loss: 0.2075
Epoch 79/350
1936/1936 - 53s - 27ms/step - loss: 0.1745 - val_loss: 0.2069
Epoch 80/350
1936/1936 - 53s - 27ms/step - loss: 0.1747 - val_loss: 0.2042
Epoch 81/350
1936/1936 - 53s - 27ms/step - loss: 0.1747 - val_loss: 0.2051
Epoch 82/350
1936/1936 - 53s - 28ms/step - loss: 0.1734 - val_loss: 0.2058
Epoch 83/350
1936/1936 - 53s - 27ms/step - loss: 0.1727 - val_loss: 0.2165
Epoch 84/350
1936/1936 - 53s - 27ms/step - loss: 0.1724 - val_loss: 0.2107
Epoch 85/350
1936/1936 - 53s - 27ms/step - loss: 0.1735 - val_loss: 0.2080
Epoch 86/350
1936/1936 - 53s - 27ms/step - loss: 0.1734 - val_loss: 0.2031
Epoch 87/350
1936/1936 - 53s - 28ms/step - loss: 0.1713 - val_loss: 0.2041
Epoch 88/350
1936/1936 - 53s - 27ms/step - loss: 0.1745 - val_loss: 0.2111
Epoch 89/350
1936/1936 - 53s - 27ms/step - loss: 0.1726 - val_loss: 0.2014
Epoch 90/350
1936/1936 - 53s - 27ms/step - loss: 0.1711 - val_loss: 0.2093
Epoch 91/350
1936/1936 - 53s - 27ms/step - loss: 0.1712 - val_loss: 0.2004
Epoch 92/350
1936/1936 - 53s - 27ms/step - loss: 0.1698 - val_loss: 0.2103
Epoch 93/350
1936/1936 - 53s - 27ms/step - loss: 0.1702 - val_loss: 0.2017
Epoch 94/350
1936/1936 - 53s - 27ms/step - loss: 0.1696 - val_loss: 0.2093
Epoch 95/350
1936/1936 - 53s - 27ms/step - loss: 0.1693 - val_loss: 0.2066
Epoch 96/350
1936/1936 - 53s - 27ms/step - loss: 0.1691 - val_loss: 0.2012
Epoch 97/350
1936/1936 - 53s - 27ms/step - loss: 0.1678 - val_loss: 0.2000
Epoch 98/350
1936/1936 - 53s - 27ms/step - loss: 0.1687 - val_loss: 0.2064
Epoch 99/350
1936/1936 - 53s - 27ms/step - loss: 0.1677 - val_loss: 0.2010
Epoch 100/350
1936/1936 - 53s - 27ms/step - loss: 0.1675 - val_loss: 0.2016
Epoch 101/350
1936/1936 - 53s - 28ms/step - loss: 0.1675 - val_loss: 0.2138
Epoch 102/350
1936/1936 - 53s - 27ms/step - loss: 0.1680 - val_loss: 0.2007
Epoch 103/350
1936/1936 - 53s - 28ms/step - loss: 0.1665 - val_loss: 0.2001
Epoch 104/350
1936/1936 - 53s - 27ms/step - loss: 0.1660 - val_loss: 0.2124
Epoch 105/350
1936/1936 - 53s - 27ms/step - loss: 0.1673 - val_loss: 0.2026
Epoch 106/350
1936/1936 - 53s - 27ms/step - loss: 0.1652 - val_loss: 0.1995
Epoch 107/350
1936/1936 - 53s - 28ms/step - loss: 0.1661 - val_loss: 0.2018
Epoch 108/350
1936/1936 - 53s - 27ms/step - loss: 0.1651 - val_loss: 0.2012
Epoch 109/350
1936/1936 - 53s - 27ms/step - loss: 0.1652 - val_loss: 0.2035
Epoch 110/350
1936/1936 - 53s - 27ms/step - loss: 0.1647 - val_loss: 0.2092
Epoch 111/350
1936/1936 - 53s - 27ms/step - loss: 0.1647 - val_loss: 0.2011
Epoch 112/350
1936/1936 - 53s - 27ms/step - loss: 0.1647 - val_loss: 0.2005
Epoch 113/350
1936/1936 - 53s - 27ms/step - loss: 0.1646 - val_loss: 0.2003
Epoch 114/350
1936/1936 - 53s - 27ms/step - loss: 0.1649 - val_loss: 0.1994
Epoch 115/350
1936/1936 - 53s - 27ms/step - loss: 0.1636 - val_loss: 0.1981
Epoch 116/350
1936/1936 - 53s - 27ms/step - loss: 0.1635 - val_loss: 0.2027
Epoch 117/350
1936/1936 - 53s - 27ms/step - loss: 0.1648 - val_loss: 0.1975
Epoch 118/350
1936/1936 - 53s - 27ms/step - loss: 0.1622 - val_loss: 0.2017
Epoch 119/350
1936/1936 - 53s - 27ms/step - loss: 0.1632 - val_loss: 0.2071
Epoch 120/350
1936/1936 - 53s - 27ms/step - loss: 0.1634 - val_loss: 0.2067
Epoch 121/350
1936/1936 - 53s - 27ms/step - loss: 0.1630 - val_loss: 0.1984
Epoch 122/350
1936/1936 - 53s - 27ms/step - loss: 0.1619 - val_loss: 0.2055
Epoch 123/350
1936/1936 - 53s - 27ms/step - loss: 0.1632 - val_loss: 0.2042
Epoch 124/350
1936/1936 - 53s - 27ms/step - loss: 0.1623 - val_loss: 0.2065
Epoch 125/350
1936/1936 - 53s - 27ms/step - loss: 0.1623 - val_loss: 0.2013
Epoch 126/350
1936/1936 - 53s - 27ms/step - loss: 0.1619 - val_loss: 0.2003
Epoch 127/350
1936/1936 - 53s - 27ms/step - loss: 0.1617 - val_loss: 0.1994
Epoch 128/350
1936/1936 - 53s - 27ms/step - loss: 0.1627 - val_loss: 0.1975
Epoch 129/350
1936/1936 - 53s - 27ms/step - loss: 0.1618 - val_loss: 0.2101
Epoch 130/350
1936/1936 - 53s - 27ms/step - loss: 0.1606 - val_loss: 0.2021
Epoch 131/350
1936/1936 - 53s - 28ms/step - loss: 0.1598 - val_loss: 0.2036
Epoch 132/350
1936/1936 - 53s - 27ms/step - loss: 0.1605 - val_loss: 0.2052
Epoch 133/350
1936/1936 - 53s - 27ms/step - loss: 0.1611 - val_loss: 0.2065
Epoch 134/350
1936/1936 - 53s - 27ms/step - loss: 0.1614 - val_loss: 0.1953
Epoch 135/350
1936/1936 - 53s - 27ms/step - loss: 0.1615 - val_loss: 0.1986
Epoch 136/350
1936/1936 - 53s - 27ms/step - loss: 0.1605 - val_loss: 0.2062
Epoch 137/350
1936/1936 - 53s - 27ms/step - loss: 0.1597 - val_loss: 0.1965
Epoch 138/350
1936/1936 - 53s - 27ms/step - loss: 0.1594 - val_loss: 0.1986
Epoch 139/350
1936/1936 - 53s - 27ms/step - loss: 0.1594 - val_loss: 0.1986
Epoch 140/350
1936/1936 - 53s - 27ms/step - loss: 0.1596 - val_loss: 0.2140
Epoch 141/350
1936/1936 - 53s - 27ms/step - loss: 0.1589 - val_loss: 0.1988
Epoch 142/350
1936/1936 - 53s - 27ms/step - loss: 0.1588 - val_loss: 0.2034
Epoch 143/350
1936/1936 - 53s - 27ms/step - loss: 0.1582 - val_loss: 0.2017
Epoch 144/350
1936/1936 - 53s - 27ms/step - loss: 0.1585 - val_loss: 0.1983
Epoch 145/350
1936/1936 - 53s - 27ms/step - loss: 0.1580 - val_loss: 0.2008
Epoch 146/350
1936/1936 - 53s - 27ms/step - loss: 0.1594 - val_loss: 0.2037
Epoch 147/350
1936/1936 - 53s - 27ms/step - loss: 0.1592 - val_loss: 0.2030
Epoch 148/350
1936/1936 - 53s - 27ms/step - loss: 0.1580 - val_loss: 0.1999
Epoch 149/350
1936/1936 - 53s - 27ms/step - loss: 0.1577 - val_loss: 0.2010
Epoch 150/350
1936/1936 - 53s - 27ms/step - loss: 0.1581 - val_loss: 0.2000
Epoch 151/350
1936/1936 - 53s - 27ms/step - loss: 0.1572 - val_loss: 0.1982
Epoch 152/350
1936/1936 - 53s - 27ms/step - loss: 0.1571 - val_loss: 0.1950
Epoch 153/350
1936/1936 - 53s - 27ms/step - loss: 0.1564 - val_loss: 0.1977
Epoch 154/350
1936/1936 - 53s - 27ms/step - loss: 0.1561 - val_loss: 0.1987
Epoch 155/350
1936/1936 - 53s - 27ms/step - loss: 0.1580 - val_loss: 0.1995
Epoch 156/350
1936/1936 - 53s - 27ms/step - loss: 0.1579 - val_loss: 0.2030
Epoch 157/350
1936/1936 - 53s - 27ms/step - loss: 0.1569 - val_loss: 0.1987
Epoch 158/350
1936/1936 - 53s - 27ms/step - loss: 0.1562 - val_loss: 0.1977
Epoch 159/350
1936/1936 - 53s - 28ms/step - loss: 0.1555 - val_loss: 0.2001
Epoch 160/350
1936/1936 - 53s - 27ms/step - loss: 0.1570 - val_loss: 0.2069
Epoch 161/350
1936/1936 - 53s - 27ms/step - loss: 0.1565 - val_loss: 0.1970
Epoch 162/350
1936/1936 - 53s - 27ms/step - loss: 0.1552 - val_loss: 0.2003
Epoch 163/350
1936/1936 - 53s - 27ms/step - loss: 0.1555 - val_loss: 0.1976
Epoch 164/350
1936/1936 - 53s - 27ms/step - loss: 0.1549 - val_loss: 0.1971
Epoch 165/350
1936/1936 - 53s - 28ms/step - loss: 0.1554 - val_loss: 0.1982
Epoch 166/350
1936/1936 - 53s - 27ms/step - loss: 0.1555 - val_loss: 0.2031
Epoch 167/350
1936/1936 - 53s - 27ms/step - loss: 0.1543 - val_loss: 0.2021
Epoch 168/350
1936/1936 - 53s - 27ms/step - loss: 0.1536 - val_loss: 0.2048
Epoch 169/350
1936/1936 - 53s - 27ms/step - loss: 0.1553 - val_loss: 0.2017
Epoch 170/350
1936/1936 - 53s - 27ms/step - loss: 0.1548 - val_loss: 0.2011
Epoch 171/350
1936/1936 - 53s - 27ms/step - loss: 0.1542 - val_loss: 0.2022
Epoch 172/350
1936/1936 - 53s - 27ms/step - loss: 0.1536 - val_loss: 0.2222
Epoch 173/350
1936/1936 - 53s - 27ms/step - loss: 0.1538 - val_loss: 0.2047
Epoch 174/350
1936/1936 - 53s - 27ms/step - loss: 0.1548 - val_loss: 0.1990
Epoch 175/350
1936/1936 - 53s - 27ms/step - loss: 0.1526 - val_loss: 0.2040
Epoch 176/350
1936/1936 - 53s - 27ms/step - loss: 0.1532 - val_loss: 0.2006
Epoch 177/350
1936/1936 - 53s - 27ms/step - loss: 0.1540 - val_loss: 0.1998
Epoch 178/350
1936/1936 - 53s - 27ms/step - loss: 0.1520 - val_loss: 0.2003
Epoch 179/350
1936/1936 - 53s - 27ms/step - loss: 0.1536 - val_loss: 0.2128
Epoch 180/350
1936/1936 - 53s - 27ms/step - loss: 0.1533 - val_loss: 0.2058
Epoch 181/350
1936/1936 - 53s - 27ms/step - loss: 0.1530 - val_loss: 0.2027
Epoch 182/350
1936/1936 - 53s - 27ms/step - loss: 0.1536 - val_loss: 0.2031
Epoch 183/350
1936/1936 - 53s - 27ms/step - loss: 0.1536 - val_loss: 0.2017
Epoch 184/350
1936/1936 - 53s - 27ms/step - loss: 0.1523 - val_loss: 0.1969
Epoch 185/350
1936/1936 - 53s - 28ms/step - loss: 0.1527 - val_loss: 0.1989
Epoch 186/350
1936/1936 - 53s - 27ms/step - loss: 0.1516 - val_loss: 0.1983
Epoch 187/350
1936/1936 - 53s - 28ms/step - loss: 0.1529 - val_loss: 0.2002
Epoch 188/350
1936/1936 - 53s - 27ms/step - loss: 0.1521 - val_loss: 0.2040
Epoch 189/350
1936/1936 - 53s - 27ms/step - loss: 0.1517 - val_loss: 0.2000
Epoch 190/350
1936/1936 - 53s - 27ms/step - loss: 0.1517 - val_loss: 0.2006
Epoch 191/350
1936/1936 - 53s - 27ms/step - loss: 0.1508 - val_loss: 0.2065
Epoch 192/350
1936/1936 - 53s - 27ms/step - loss: 0.1510 - val_loss: 0.2039
Epoch 193/350
1936/1936 - 53s - 27ms/step - loss: 0.1518 - val_loss: 0.1999
Epoch 194/350
1936/1936 - 53s - 27ms/step - loss: 0.1511 - val_loss: 0.1942
Epoch 195/350
1936/1936 - 53s - 27ms/step - loss: 0.1515 - val_loss: 0.2017
Epoch 196/350
1936/1936 - 53s - 27ms/step - loss: 0.1509 - val_loss: 0.1998
Epoch 197/350
1936/1936 - 53s - 27ms/step - loss: 0.1512 - val_loss: 0.2000
Epoch 198/350
1936/1936 - 53s - 27ms/step - loss: 0.1517 - val_loss: 0.2042
Epoch 199/350
1936/1936 - 53s - 27ms/step - loss: 0.1508 - val_loss: 0.1993
Epoch 200/350
1936/1936 - 53s - 27ms/step - loss: 0.1506 - val_loss: 0.2010
Epoch 201/350
1936/1936 - 53s - 27ms/step - loss: 0.1501 - val_loss: 0.1982
Epoch 202/350
1936/1936 - 53s - 27ms/step - loss: 0.1505 - val_loss: 0.1984
Epoch 203/350
1936/1936 - 53s - 27ms/step - loss: 0.1502 - val_loss: 0.1959
Epoch 204/350
1936/1936 - 53s - 27ms/step - loss: 0.1506 - val_loss: 0.2098
Epoch 205/350
1936/1936 - 53s - 27ms/step - loss: 0.1493 - val_loss: 0.2033
Epoch 206/350
1936/1936 - 53s - 27ms/step - loss: 0.1506 - val_loss: 0.1994
Epoch 207/350
1936/1936 - 53s - 27ms/step - loss: 0.1497 - val_loss: 0.2002
Epoch 208/350
1936/1936 - 53s - 27ms/step - loss: 0.1501 - val_loss: 0.2040
Epoch 209/350
1936/1936 - 53s - 27ms/step - loss: 0.1499 - val_loss: 0.1952
Epoch 210/350
1936/1936 - 53s - 27ms/step - loss: 0.1491 - val_loss: 0.2078
Epoch 211/350
1936/1936 - 53s - 27ms/step - loss: 0.1495 - val_loss: 0.1971
Epoch 212/350
1936/1936 - 53s - 27ms/step - loss: 0.1513 - val_loss: 0.1979
Epoch 213/350
1936/1936 - 53s - 27ms/step - loss: 0.1506 - val_loss: 0.2147
Epoch 214/350
1936/1936 - 53s - 27ms/step - loss: 0.1493 - val_loss: 0.1992
Epoch 215/350
1936/1936 - 53s - 27ms/step - loss: 0.1493 - val_loss: 0.2002
Epoch 216/350
1936/1936 - 53s - 27ms/step - loss: 0.1486 - val_loss: 0.2209
Epoch 217/350
1936/1936 - 53s - 27ms/step - loss: 0.1485 - val_loss: 0.2057
Epoch 218/350
1936/1936 - 53s - 27ms/step - loss: 0.1484 - val_loss: 0.1945
Epoch 219/350
1936/1936 - 53s - 27ms/step - loss: 0.1476 - val_loss: 0.2013
Epoch 220/350
1936/1936 - 53s - 27ms/step - loss: 0.1485 - val_loss: 0.2013
Epoch 221/350
1936/1936 - 53s - 27ms/step - loss: 0.1479 - val_loss: 0.2007
Epoch 222/350
1936/1936 - 53s - 27ms/step - loss: 0.1484 - val_loss: 0.1946
Epoch 223/350
1936/1936 - 53s - 27ms/step - loss: 0.1478 - val_loss: 0.1986
Epoch 224/350
1936/1936 - 53s - 27ms/step - loss: 0.1482 - val_loss: 0.1967
Epoch 225/350
1936/1936 - 53s - 27ms/step - loss: 0.1481 - val_loss: 0.1996
Epoch 226/350
1936/1936 - 53s - 27ms/step - loss: 0.1478 - val_loss: 0.2117
Epoch 227/350
1936/1936 - 53s - 27ms/step - loss: 0.1480 - val_loss: 0.2018
Epoch 228/350
1936/1936 - 53s - 27ms/step - loss: 0.1477 - val_loss: 0.2000
Epoch 229/350
1936/1936 - 53s - 27ms/step - loss: 0.1467 - val_loss: 0.2000
Epoch 230/350
1936/1936 - 53s - 27ms/step - loss: 0.1477 - val_loss: 0.1956
Epoch 231/350
1936/1936 - 53s - 27ms/step - loss: 0.1474 - val_loss: 0.1985
Epoch 232/350
1936/1936 - 53s - 27ms/step - loss: 0.1476 - val_loss: 0.1996
Epoch 233/350
1936/1936 - 53s - 27ms/step - loss: 0.1464 - val_loss: 0.1961
Epoch 234/350
1936/1936 - 53s - 27ms/step - loss: 0.1471 - val_loss: 0.2037
Epoch 235/350
1936/1936 - 53s - 27ms/step - loss: 0.1471 - val_loss: 0.1961
Epoch 236/350
1936/1936 - 53s - 28ms/step - loss: 0.1470 - val_loss: 0.2017
Epoch 237/350
1936/1936 - 53s - 27ms/step - loss: 0.1464 - val_loss: 0.2005
Epoch 238/350
1936/1936 - 53s - 27ms/step - loss: 0.1469 - val_loss: 0.1969
Epoch 239/350
1936/1936 - 53s - 27ms/step - loss: 0.1468 - val_loss: 0.2001
Epoch 240/350
1936/1936 - 53s - 27ms/step - loss: 0.1477 - val_loss: 0.2022
Epoch 241/350
1936/1936 - 53s - 27ms/step - loss: 0.1465 - val_loss: 0.2100
Epoch 242/350
1936/1936 - 53s - 27ms/step - loss: 0.1462 - val_loss: 0.2001
Epoch 243/350
1936/1936 - 53s - 27ms/step - loss: 0.1463 - val_loss: 0.1955
Epoch 244/350
1936/1936 - 53s - 27ms/step - loss: 0.1460 - val_loss: 0.1993
Epoch 245/350
1936/1936 - 53s - 27ms/step - loss: 0.1463 - val_loss: 0.2013
Epoch 246/350
1936/1936 - 53s - 27ms/step - loss: 0.1457 - val_loss: 0.2006
Epoch 247/350
1936/1936 - 53s - 27ms/step - loss: 0.1455 - val_loss: 0.2003
Epoch 248/350
1936/1936 - 53s - 27ms/step - loss: 0.1457 - val_loss: 0.2019
Epoch 249/350
1936/1936 - 53s - 27ms/step - loss: 0.1455 - val_loss: 0.1987
Epoch 250/350
1936/1936 - 53s - 27ms/step - loss: 0.1458 - val_loss: 0.1954
Epoch 251/350
1936/1936 - 53s - 27ms/step - loss: 0.1453 - val_loss: 0.1949
Epoch 252/350
1936/1936 - 53s - 27ms/step - loss: 0.1462 - val_loss: 0.2017
Epoch 253/350
1936/1936 - 53s - 27ms/step - loss: 0.1474 - val_loss: 0.1988
Epoch 254/350
1936/1936 - 53s - 27ms/step - loss: 0.1462 - val_loss: 0.1986
Epoch 255/350
1936/1936 - 53s - 27ms/step - loss: 0.1459 - val_loss: 0.1977
Epoch 256/350
1936/1936 - 53s - 27ms/step - loss: 0.1449 - val_loss: 0.1970
Epoch 257/350
1936/1936 - 53s - 27ms/step - loss: 0.1450 - val_loss: 0.1922
Epoch 258/350
1936/1936 - 53s - 27ms/step - loss: 0.1454 - val_loss: 0.2122
Epoch 259/350
1936/1936 - 53s - 27ms/step - loss: 0.1449 - val_loss: 0.2160
Epoch 260/350
1936/1936 - 53s - 27ms/step - loss: 0.1447 - val_loss: 0.1969
Epoch 261/350
1936/1936 - 53s - 27ms/step - loss: 0.1454 - val_loss: 0.1982
Epoch 262/350
1936/1936 - 53s - 27ms/step - loss: 0.1444 - val_loss: 0.1961
Epoch 263/350
1936/1936 - 53s - 27ms/step - loss: 0.1442 - val_loss: 0.1948
Epoch 264/350
1936/1936 - 53s - 28ms/step - loss: 0.1448 - val_loss: 0.1962
Epoch 265/350
1936/1936 - 53s - 27ms/step - loss: 0.1448 - val_loss: 0.1950
Epoch 266/350
1936/1936 - 53s - 27ms/step - loss: 0.1437 - val_loss: 0.1954
Epoch 267/350
1936/1936 - 53s - 27ms/step - loss: 0.1444 - val_loss: 0.1979
Epoch 268/350
1936/1936 - 53s - 27ms/step - loss: 0.1450 - val_loss: 0.1955
Epoch 269/350
1936/1936 - 53s - 27ms/step - loss: 0.1449 - val_loss: 0.2020
Epoch 270/350
1936/1936 - 53s - 27ms/step - loss: 0.1441 - val_loss: 0.1974
Epoch 271/350
1936/1936 - 53s - 28ms/step - loss: 0.1435 - val_loss: 0.1959
Epoch 272/350
1936/1936 - 53s - 28ms/step - loss: 0.1439 - val_loss: 0.1990
Epoch 273/350
1936/1936 - 53s - 28ms/step - loss: 0.1439 - val_loss: 0.2038
Epoch 274/350
1936/1936 - 53s - 28ms/step - loss: 0.1446 - val_loss: 0.1961
Epoch 275/350
1936/1936 - 53s - 28ms/step - loss: 0.1440 - val_loss: 0.1973
Epoch 276/350
1936/1936 - 53s - 28ms/step - loss: 0.1434 - val_loss: 0.1942
Epoch 277/350
1936/1936 - 53s - 27ms/step - loss: 0.1432 - val_loss: 0.2045
Epoch 278/350
1936/1936 - 53s - 27ms/step - loss: 0.1432 - val_loss: 0.1923
Epoch 279/350
1936/1936 - 53s - 27ms/step - loss: 0.1430 - val_loss: 0.1977
Epoch 280/350
1936/1936 - 53s - 27ms/step - loss: 0.1433 - val_loss: 0.2000
Epoch 281/350
1936/1936 - 53s - 27ms/step - loss: 0.1427 - val_loss: 0.1945
Epoch 282/350
1936/1936 - 53s - 27ms/step - loss: 0.1447 - val_loss: 0.1987
Epoch 283/350
1936/1936 - 53s - 27ms/step - loss: 0.1444 - val_loss: 0.1968
Epoch 284/350
1936/1936 - 53s - 27ms/step - loss: 0.1435 - val_loss: 0.2137
Epoch 285/350
1936/1936 - 53s - 27ms/step - loss: 0.1430 - val_loss: 0.1963
Epoch 286/350
1936/1936 - 53s - 27ms/step - loss: 0.1444 - val_loss: 0.1972
Epoch 287/350
1936/1936 - 53s - 27ms/step - loss: 0.1433 - val_loss: 0.2012
Epoch 288/350
1936/1936 - 53s - 27ms/step - loss: 0.1420 - val_loss: 0.2002
Epoch 289/350
1936/1936 - 53s - 27ms/step - loss: 0.1424 - val_loss: 0.1982
Epoch 290/350
1936/1936 - 53s - 27ms/step - loss: 0.1423 - val_loss: 0.1978
Epoch 291/350
1936/1936 - 53s - 27ms/step - loss: 0.1426 - val_loss: 0.1972
Epoch 292/350
1936/1936 - 53s - 27ms/step - loss: 0.1430 - val_loss: 0.1954
Epoch 293/350
1936/1936 - 53s - 27ms/step - loss: 0.1415 - val_loss: 0.1982
Epoch 294/350
1936/1936 - 53s - 27ms/step - loss: 0.1427 - val_loss: 0.1986
Epoch 295/350
1936/1936 - 53s - 27ms/step - loss: 0.1421 - val_loss: 0.1956
Epoch 296/350
1936/1936 - 53s - 27ms/step - loss: 0.1418 - val_loss: 0.1918
Epoch 297/350
1936/1936 - 53s - 27ms/step - loss: 0.1427 - val_loss: 0.1942
Epoch 298/350
1936/1936 - 53s - 27ms/step - loss: 0.1420 - val_loss: 0.1937
Epoch 299/350
1936/1936 - 53s - 27ms/step - loss: 0.1437 - val_loss: 0.1954
Epoch 300/350
1936/1936 - 53s - 27ms/step - loss: 0.1417 - val_loss: 0.1980
Epoch 301/350
1936/1936 - 53s - 27ms/step - loss: 0.1420 - val_loss: 0.2014
Epoch 302/350
1936/1936 - 53s - 27ms/step - loss: 0.1420 - val_loss: 0.1939
Epoch 303/350
1936/1936 - 53s - 27ms/step - loss: 0.1416 - val_loss: 0.2084
Epoch 304/350
1936/1936 - 53s - 28ms/step - loss: 0.1417 - val_loss: 0.1994
Epoch 305/350
1936/1936 - 53s - 27ms/step - loss: 0.1417 - val_loss: 0.1950
Epoch 306/350
1936/1936 - 53s - 27ms/step - loss: 0.1423 - val_loss: 0.1982
Epoch 307/350
1936/1936 - 53s - 27ms/step - loss: 0.1418 - val_loss: 0.2051
Epoch 308/350
1936/1936 - 53s - 27ms/step - loss: 0.1410 - val_loss: 0.1943
Epoch 309/350
1936/1936 - 53s - 27ms/step - loss: 0.1421 - val_loss: 0.1963
Epoch 310/350
1936/1936 - 53s - 27ms/step - loss: 0.1419 - val_loss: 0.1928
Epoch 311/350
1936/1936 - 53s - 27ms/step - loss: 0.1422 - val_loss: 0.1948
Epoch 312/350
1936/1936 - 53s - 27ms/step - loss: 0.1412 - val_loss: 0.1983
Epoch 313/350
1936/1936 - 53s - 27ms/step - loss: 0.1411 - val_loss: 0.1977
Epoch 314/350
1936/1936 - 53s - 27ms/step - loss: 0.1414 - val_loss: 0.1946
Epoch 315/350
1936/1936 - 53s - 27ms/step - loss: 0.1417 - val_loss: 0.1949
Epoch 316/350
1936/1936 - 53s - 27ms/step - loss: 0.1405 - val_loss: 0.1951
Epoch 317/350
1936/1936 - 53s - 27ms/step - loss: 0.1410 - val_loss: 0.1915
Epoch 318/350
1936/1936 - 53s - 27ms/step - loss: 0.1419 - val_loss: 0.2000
Epoch 319/350
1936/1936 - 53s - 27ms/step - loss: 0.1421 - val_loss: 0.1928
Epoch 320/350
1936/1936 - 53s - 27ms/step - loss: 0.1406 - val_loss: 0.1908
Epoch 321/350
1936/1936 - 53s - 27ms/step - loss: 0.1402 - val_loss: 0.1925
Epoch 322/350
1936/1936 - 53s - 27ms/step - loss: 0.1400 - val_loss: 0.1944
Epoch 323/350
1936/1936 - 53s - 27ms/step - loss: 0.1416 - val_loss: 0.1964
Epoch 324/350
1936/1936 - 53s - 27ms/step - loss: 0.1399 - val_loss: 0.2045
Epoch 325/350
1936/1936 - 53s - 27ms/step - loss: 0.1404 - val_loss: 0.2039
Epoch 326/350
1936/1936 - 53s - 27ms/step - loss: 0.1433 - val_loss: 0.2035
Epoch 327/350
1936/1936 - 53s - 27ms/step - loss: 0.1409 - val_loss: 0.1953
Epoch 328/350
1936/1936 - 53s - 27ms/step - loss: 0.1406 - val_loss: 0.1935
Epoch 329/350
1936/1936 - 53s - 27ms/step - loss: 0.1402 - val_loss: 0.1937
Epoch 330/350
1936/1936 - 53s - 27ms/step - loss: 0.1413 - val_loss: 0.1986
Epoch 331/350
1936/1936 - 53s - 27ms/step - loss: 0.1411 - val_loss: 0.1923
Epoch 332/350
1936/1936 - 53s - 27ms/step - loss: 0.1401 - val_loss: 0.1986
Epoch 333/350
1936/1936 - 53s - 27ms/step - loss: 0.1396 - val_loss: 0.1939
Epoch 334/350
1936/1936 - 53s - 27ms/step - loss: 0.1397 - val_loss: 0.2021
Epoch 335/350
1936/1936 - 53s - 27ms/step - loss: 0.1406 - val_loss: 0.1959
Epoch 336/350
1936/1936 - 53s - 27ms/step - loss: 0.1404 - val_loss: 0.2063
Epoch 337/350
1936/1936 - 53s - 27ms/step - loss: 0.1423 - val_loss: 0.1915
Epoch 338/350
1936/1936 - 53s - 27ms/step - loss: 0.1412 - val_loss: 0.1928
Epoch 339/350
1936/1936 - 53s - 27ms/step - loss: 0.1407 - val_loss: 0.2006
Epoch 340/350
1936/1936 - 53s - 27ms/step - loss: 0.1399 - val_loss: 0.1940
Epoch 341/350
1936/1936 - 53s - 27ms/step - loss: 0.1396 - val_loss: 0.2067
Epoch 342/350
1936/1936 - 53s - 27ms/step - loss: 0.1407 - val_loss: 0.2035
Epoch 343/350
1936/1936 - 53s - 27ms/step - loss: 0.1399 - val_loss: 0.1942
Epoch 344/350
1936/1936 - 53s - 27ms/step - loss: 0.1399 - val_loss: 0.2008
Epoch 345/350
1936/1936 - 53s - 27ms/step - loss: 0.1397 - val_loss: 0.1954
Epoch 346/350
1936/1936 - 53s - 27ms/step - loss: 0.1442 - val_loss: 0.1951
Epoch 347/350
1936/1936 - 53s - 27ms/step - loss: 0.1387 - val_loss: 0.1944
Epoch 348/350
1936/1936 - 53s - 27ms/step - loss: 0.1475 - val_loss: 0.1958
Epoch 349/350
1936/1936 - 53s - 27ms/step - loss: 0.1413 - val_loss: 0.1911
Epoch 350/350
1936/1936 - 53s - 27ms/step - loss: 0.1393 - val_loss: 0.1955
Test MAE: 0.4368741471006992
Validation MAE (original units): 0.4241479856460318
Wrote: /ibex/user/shoaibsa/Intrinsic_Dimensionality_ML_Materials/DimeNetPP/DimeNetPP_MP/results_dimenetpp_bandgap_fastfood/dimenetpp_bandgap_fastfood_dim10_modelseed123_splitseed1123_epochs350/dimenetpp_test_predictions_impl=wrapper_v3_method=fastfood_dim=10pct_epochs=350_seed=123_splitseed=1123_ortho=0_rot=0_blockcols=0_orthobackend=none_train_mode=wrapped_task=band_gap.csv
Wrote: /ibex/user/shoaibsa/Intrinsic_Dimensionality_ML_Materials/DimeNetPP/DimeNetPP_MP/results_dimenetpp_bandgap_fastfood/dimenetpp_bandgap_fastfood_dim10_modelseed123_splitseed1123_epochs350/history_impl=wrapper_v3_method=fastfood_dim=10pct_epochs=350_seed=123_splitseed=1123_ortho=0_rot=0_blockcols=0_orthobackend=none_train_mode=wrapped_task=band_gap.json
Wrote: /ibex/user/shoaibsa/Intrinsic_Dimensionality_ML_Materials/DimeNetPP/DimeNetPP_MP/results_dimenetpp_bandgap_fastfood/dimenetpp_bandgap_fastfood_dim10_modelseed123_splitseed1123_epochs350/z_impl=wrapper_v3_method=fastfood_dim=10pct_epochs=350_seed=123_splitseed=1123_ortho=0_rot=0_blockcols=0_orthobackend=none_train_mode=wrapped_task=band_gap.npy
Training wall time: 18724.82 s (312.08 min)
