2026-06-22 05:00:39.351226: I tensorflow/core/util/port.cc:153] oneDNN custom operations are on. You may see slightly different numerical results due to floating-point round-off errors from different computation orders. To turn them off, set the environment variable `TF_ENABLE_ONEDNN_OPTS=0`.
2026-06-22 05:00:39.368644: E external/local_xla/xla/stream_executor/cuda/cuda_fft.cc:485] Unable to register cuFFT factory: Attempting to register factory for plugin cuFFT when one has already been registered
2026-06-22 05:00:39.386606: E external/local_xla/xla/stream_executor/cuda/cuda_dnn.cc:8454] Unable to register cuDNN factory: Attempting to register factory for plugin cuDNN when one has already been registered
2026-06-22 05:00:39.391965: E external/local_xla/xla/stream_executor/cuda/cuda_blas.cc:1452] Unable to register cuBLAS factory: Attempting to register factory for plugin cuBLAS when one has already been registered
2026-06-22 05:00:39.405329: I tensorflow/core/platform/cpu_feature_guard.cc:210] This TensorFlow binary is optimized to use available CPU instructions in performance-critical operations.
To enable the following instructions: AVX2 AVX512F AVX512_VNNI FMA, in other operations, rebuild TensorFlow with the appropriate compiler flags.
2026-06-22 05:00:41.192238: W tensorflow/compiler/tf2tensorrt/utils/py_utils.cc:38] TF-TRT Warning: Could not find TensorRT
2026-06-22 05:00:44.976904: I tensorflow/core/common_runtime/gpu/gpu_device.cc:2021] Created device /job:localhost/replica:0/task:0/device:GPU:0 with 31134 MB memory:  -> device: 0, name: Tesla V100-SXM2-32GB, pci bus id: 0000:88:00.0, compute capability: 7.0
INFO:kgcnn.models.utils:Updated model kwargs: '{'name': 'DimeNetPP', 'inputs': [{'shape': [None], 'name': 'node_number', 'dtype': 'int32', 'ragged': True}, {'shape': [None, 3], 'name': 'node_coordinates', 'dtype': 'float32', 'ragged': True}, {'shape': [None, 2], 'name': 'range_indices', 'dtype': 'int64', 'ragged': True}, {'shape': [None, 2], 'name': 'angle_indices', 'dtype': 'int64', 'ragged': True}, {'shape': (None, 3), 'name': 'range_image', 'dtype': 'int64', 'ragged': True}, {'shape': (3, 3), 'name': 'graph_lattice', 'dtype': 'float32', 'ragged': False}], 'input_tensor_type': 'ragged', 'input_embedding': None, 'cast_disjoint_kwargs': {}, 'input_node_embedding': {'input_dim': 95, 'output_dim': 55, 'embeddings_initializer': {'class_name': 'RandomUniform', 'config': {'minval': -1.7320508075688772, 'maxval': 1.7320508075688772}}}, 'emb_size': 55, 'out_emb_size': 64, 'int_emb_size': 64, 'basis_emb_size': 8, 'num_blocks': 1, 'num_spherical': 7, 'num_radial': 6, 'cutoff': 8.0, 'envelope_exponent': 5, 'num_before_skip': 1, 'num_after_skip': 2, 'num_dense_output': 3, 'num_targets': 1, 'extensive': False, 'output_init': 'zeros', 'activation': 'swish', 'verbose': 10, 'output_embedding': 'graph', 'use_output_mlp': False, 'output_tensor_type': 'padded', 'output_scaling': None, 'output_mlp': {}}'.
Visible GPUs: [PhysicalDevice(name='/physical_device:GPU:0', device_type='GPU')]
Loading cached tensors: /ibex/user/shoaibsa/Intrinsic_Dimensionality_ML_Materials/DimeNetPP/DimeNetPP_MP/cached_tensors_dimenetpp_bandgap/splitseed1123/dimenetpp_bandgap_cached_tensors.pkl
Loaded cached tensors from: /ibex/user/shoaibsa/Intrinsic_Dimensionality_ML_Materials/DimeNetPP/DimeNetPP_MP/cached_tensors_dimenetpp_bandgap/splitseed1123
Shapes: y_train (123902, 1) y_val (15487, 1) y_test (15489, 1)

Running WRAPPER-V3 DimeNet++ band gap model

Projection method: fastfood
Intrinsic dimension spec: 0.05
D: 83685 d: 4184
Trainable vars: ['z']
Model: "SubspaceProjectedGradTFV3_fastfood"
┏━━━━━━━━━━━━━━━━━━━━━━━━━━━━━━━━━┳━━━━━━━━━━━━━━━━━━━━━━━━┳━━━━━━━━━━━━━━━┓
┃ Layer (type)                    ┃ Output Shape           ┃       Param # ┃
┡━━━━━━━━━━━━━━━━━━━━━━━━━━━━━━━━━╇━━━━━━━━━━━━━━━━━━━━━━━━╇━━━━━━━━━━━━━━━┩
│ DimeNetPP (Functional)          │ (None, 1)              │        83,685 │
└─────────────────────────────────┴────────────────────────┴───────────────┘
 Total params: 612,158 (2.34 MB)
 Trainable params: 4,184 (16.34 KB)
 Non-trainable params: 607,974 (2.32 MB)
Epoch 1/350
1936/1936 - 67s - 35ms/step - loss: 0.6029 - val_loss: 0.5135
Epoch 2/350
1936/1936 - 55s - 28ms/step - loss: 0.4904 - val_loss: 0.4774
Epoch 3/350
1936/1936 - 55s - 28ms/step - loss: 0.4488 - val_loss: 0.4205
Epoch 4/350
1936/1936 - 54s - 28ms/step - loss: 0.4199 - val_loss: 0.3935
Epoch 5/350
1936/1936 - 56s - 29ms/step - loss: 0.3968 - val_loss: 0.3852
Epoch 6/350
1936/1936 - 56s - 29ms/step - loss: 0.3806 - val_loss: 0.3680
Epoch 7/350
1936/1936 - 55s - 29ms/step - loss: 0.3659 - val_loss: 0.3543
Epoch 8/350
1936/1936 - 55s - 29ms/step - loss: 0.3544 - val_loss: 0.3455
Epoch 9/350
1936/1936 - 56s - 29ms/step - loss: 0.3424 - val_loss: 0.3519
Epoch 10/350
1936/1936 - 55s - 28ms/step - loss: 0.3365 - val_loss: 0.3510
Epoch 11/350
1936/1936 - 56s - 29ms/step - loss: 0.3281 - val_loss: 0.3246
Epoch 12/350
1936/1936 - 55s - 29ms/step - loss: 0.3222 - val_loss: 0.3192
Epoch 13/350
1936/1936 - 55s - 29ms/step - loss: 0.3157 - val_loss: 0.3162
Epoch 14/350
1936/1936 - 55s - 29ms/step - loss: 0.3106 - val_loss: 0.3273
Epoch 15/350
1936/1936 - 55s - 28ms/step - loss: 0.3063 - val_loss: 0.3471
Epoch 16/350
1936/1936 - 56s - 29ms/step - loss: 0.3020 - val_loss: 0.3087
Epoch 17/350
1936/1936 - 55s - 29ms/step - loss: 0.3000 - val_loss: 0.3101
Epoch 18/350
1936/1936 - 55s - 28ms/step - loss: 0.2964 - val_loss: 0.3046
Epoch 19/350
1936/1936 - 55s - 29ms/step - loss: 0.2913 - val_loss: 0.2998
Epoch 20/350
1936/1936 - 55s - 29ms/step - loss: 0.2898 - val_loss: 0.2994
Epoch 21/350
1936/1936 - 55s - 28ms/step - loss: 0.2863 - val_loss: 0.2883
Epoch 22/350
1936/1936 - 55s - 29ms/step - loss: 0.2845 - val_loss: 0.2900
Epoch 23/350
1936/1936 - 55s - 29ms/step - loss: 0.2817 - val_loss: 0.2886
Epoch 24/350
1936/1936 - 55s - 28ms/step - loss: 0.2798 - val_loss: 0.2986
Epoch 25/350
1936/1936 - 55s - 29ms/step - loss: 0.2758 - val_loss: 0.2782
Epoch 26/350
1936/1936 - 55s - 29ms/step - loss: 0.2752 - val_loss: 0.2761
Epoch 27/350
1936/1936 - 55s - 28ms/step - loss: 0.2722 - val_loss: 0.2778
Epoch 28/350
1936/1936 - 55s - 29ms/step - loss: 0.2711 - val_loss: 0.2760
Epoch 29/350
1936/1936 - 55s - 28ms/step - loss: 0.2683 - val_loss: 0.2789
Epoch 30/350
1936/1936 - 56s - 29ms/step - loss: 0.2669 - val_loss: 0.2774
Epoch 31/350
1936/1936 - 55s - 29ms/step - loss: 0.2653 - val_loss: 0.2847
Epoch 32/350
1936/1936 - 55s - 28ms/step - loss: 0.2641 - val_loss: 0.2839
Epoch 33/350
1936/1936 - 55s - 29ms/step - loss: 0.2633 - val_loss: 0.2759
Epoch 34/350
1936/1936 - 55s - 29ms/step - loss: 0.2617 - val_loss: 0.2703
Epoch 35/350
1936/1936 - 55s - 28ms/step - loss: 0.2597 - val_loss: 0.2695
Epoch 36/350
1936/1936 - 55s - 29ms/step - loss: 0.2593 - val_loss: 0.2809
Epoch 37/350
1936/1936 - 55s - 29ms/step - loss: 0.2579 - val_loss: 0.2668
Epoch 38/350
1936/1936 - 55s - 28ms/step - loss: 0.2555 - val_loss: 0.2757
Epoch 39/350
1936/1936 - 55s - 29ms/step - loss: 0.2543 - val_loss: 0.2779
Epoch 40/350
1936/1936 - 55s - 29ms/step - loss: 0.2545 - val_loss: 0.2673
Epoch 41/350
1936/1936 - 55s - 28ms/step - loss: 0.2512 - val_loss: 0.2694
Epoch 42/350
1936/1936 - 55s - 29ms/step - loss: 0.2510 - val_loss: 0.2699
Epoch 43/350
1936/1936 - 55s - 28ms/step - loss: 0.2500 - val_loss: 0.2848
Epoch 44/350
1936/1936 - 55s - 29ms/step - loss: 0.2493 - val_loss: 0.2664
Epoch 45/350
1936/1936 - 55s - 29ms/step - loss: 0.2481 - val_loss: 0.2612
Epoch 46/350
1936/1936 - 55s - 28ms/step - loss: 0.2476 - val_loss: 0.2567
Epoch 47/350
1936/1936 - 55s - 29ms/step - loss: 0.2463 - val_loss: 0.2682
Epoch 48/350
1936/1936 - 55s - 29ms/step - loss: 0.2474 - val_loss: 0.2630
Epoch 49/350
1936/1936 - 55s - 28ms/step - loss: 0.2446 - val_loss: 0.2607
Epoch 50/350
1936/1936 - 55s - 29ms/step - loss: 0.2447 - val_loss: 0.2554
Epoch 51/350
1936/1936 - 55s - 29ms/step - loss: 0.2427 - val_loss: 0.2554
Epoch 52/350
1936/1936 - 55s - 28ms/step - loss: 0.2431 - val_loss: 0.2557
Epoch 53/350
1936/1936 - 55s - 29ms/step - loss: 0.2407 - val_loss: 0.2573
Epoch 54/350
1936/1936 - 55s - 29ms/step - loss: 0.2406 - val_loss: 0.2827
Epoch 55/350
1936/1936 - 55s - 28ms/step - loss: 0.2403 - val_loss: 0.2568
Epoch 56/350
1936/1936 - 55s - 29ms/step - loss: 0.2402 - val_loss: 0.2546
Epoch 57/350
1936/1936 - 55s - 28ms/step - loss: 0.2390 - val_loss: 0.2638
Epoch 58/350
1936/1936 - 56s - 29ms/step - loss: 0.2375 - val_loss: 0.2560
Epoch 59/350
1936/1936 - 55s - 29ms/step - loss: 0.2373 - val_loss: 0.2537
Epoch 60/350
1936/1936 - 55s - 29ms/step - loss: 0.2370 - val_loss: 0.2601
Epoch 61/350
1936/1936 - 55s - 29ms/step - loss: 0.2364 - val_loss: 0.2743
Epoch 62/350
1936/1936 - 55s - 29ms/step - loss: 0.2368 - val_loss: 0.2839
Epoch 63/350
1936/1936 - 55s - 28ms/step - loss: 0.2356 - val_loss: 0.2635
Epoch 64/350
1936/1936 - 55s - 29ms/step - loss: 0.2340 - val_loss: 0.2564
Epoch 65/350
1936/1936 - 55s - 29ms/step - loss: 0.2341 - val_loss: 0.2585
Epoch 66/350
1936/1936 - 55s - 29ms/step - loss: 0.2331 - val_loss: 0.2647
Epoch 67/350
1936/1936 - 55s - 29ms/step - loss: 0.2325 - val_loss: 0.2508
Epoch 68/350
1936/1936 - 55s - 29ms/step - loss: 0.2323 - val_loss: 0.2777
Epoch 69/350
1936/1936 - 55s - 29ms/step - loss: 0.2321 - val_loss: 0.2538
Epoch 70/350
1936/1936 - 55s - 29ms/step - loss: 0.2304 - val_loss: 0.2782
Epoch 71/350
1936/1936 - 55s - 28ms/step - loss: 0.2304 - val_loss: 0.2624
Epoch 72/350
1936/1936 - 55s - 29ms/step - loss: 0.2288 - val_loss: 0.2532
Epoch 73/350
1936/1936 - 55s - 29ms/step - loss: 0.2303 - val_loss: 0.2557
Epoch 74/350
1936/1936 - 55s - 28ms/step - loss: 0.2292 - val_loss: 0.2484
Epoch 75/350
1936/1936 - 55s - 29ms/step - loss: 0.2274 - val_loss: 0.2595
Epoch 76/350
1936/1936 - 55s - 29ms/step - loss: 0.2273 - val_loss: 0.2530
Epoch 77/350
1936/1936 - 55s - 28ms/step - loss: 0.2284 - val_loss: 0.2468
Epoch 78/350
1936/1936 - 55s - 29ms/step - loss: 0.2267 - val_loss: 0.2446
Epoch 79/350
1936/1936 - 55s - 29ms/step - loss: 0.2261 - val_loss: 0.2454
Epoch 80/350
1936/1936 - 55s - 28ms/step - loss: 0.2281 - val_loss: 0.2469
Epoch 81/350
1936/1936 - 55s - 29ms/step - loss: 0.2263 - val_loss: 0.2503
Epoch 82/350
1936/1936 - 55s - 29ms/step - loss: 0.2252 - val_loss: 0.2616
Epoch 83/350
1936/1936 - 55s - 29ms/step - loss: 0.2242 - val_loss: 0.2486
Epoch 84/350
1936/1936 - 56s - 29ms/step - loss: 0.2237 - val_loss: 0.2652
Epoch 85/350
1936/1936 - 55s - 28ms/step - loss: 0.2234 - val_loss: 0.2437
Epoch 86/350
1936/1936 - 56s - 29ms/step - loss: 0.2247 - val_loss: 0.2504
Epoch 87/350
1936/1936 - 55s - 29ms/step - loss: 0.2224 - val_loss: 0.2616
Epoch 88/350
1936/1936 - 55s - 28ms/step - loss: 0.2230 - val_loss: 0.2470
Epoch 89/350
1936/1936 - 55s - 29ms/step - loss: 0.2224 - val_loss: 0.2455
Epoch 90/350
1936/1936 - 55s - 29ms/step - loss: 0.2228 - val_loss: 0.2509
Epoch 91/350
1936/1936 - 55s - 28ms/step - loss: 0.2222 - val_loss: 0.2523
Epoch 92/350
1936/1936 - 55s - 29ms/step - loss: 0.2213 - val_loss: 0.2451
Epoch 93/350
1936/1936 - 55s - 29ms/step - loss: 0.2202 - val_loss: 0.2651
Epoch 94/350
1936/1936 - 55s - 28ms/step - loss: 0.2209 - val_loss: 0.2511
Epoch 95/350
1936/1936 - 55s - 29ms/step - loss: 0.2210 - val_loss: 0.2475
Epoch 96/350
1936/1936 - 55s - 29ms/step - loss: 0.2205 - val_loss: 0.2431
Epoch 97/350
1936/1936 - 55s - 29ms/step - loss: 0.2199 - val_loss: 0.2485
Epoch 98/350
1936/1936 - 55s - 29ms/step - loss: 0.2199 - val_loss: 0.2426
Epoch 99/350
1936/1936 - 55s - 28ms/step - loss: 0.2204 - val_loss: 0.2520
Epoch 100/350
1936/1936 - 56s - 29ms/step - loss: 0.2203 - val_loss: 0.2571
Epoch 101/350
1936/1936 - 56s - 29ms/step - loss: 0.2185 - val_loss: 0.2505
Epoch 102/350
1936/1936 - 55s - 28ms/step - loss: 0.2186 - val_loss: 0.2633
Epoch 103/350
1936/1936 - 55s - 29ms/step - loss: 0.2179 - val_loss: 0.2419
Epoch 104/350
1936/1936 - 55s - 29ms/step - loss: 0.2171 - val_loss: 0.2562
Epoch 105/350
1936/1936 - 55s - 28ms/step - loss: 0.2180 - val_loss: 0.2403
Epoch 106/350
1936/1936 - 55s - 29ms/step - loss: 0.2173 - val_loss: 0.2634
Epoch 107/350
1936/1936 - 55s - 29ms/step - loss: 0.2176 - val_loss: 0.2559
Epoch 108/350
1936/1936 - 55s - 28ms/step - loss: 0.2184 - val_loss: 0.2402
Epoch 109/350
1936/1936 - 55s - 29ms/step - loss: 0.2168 - val_loss: 0.2399
Epoch 110/350
1936/1936 - 55s - 29ms/step - loss: 0.2169 - val_loss: 0.2393
Epoch 111/350
1936/1936 - 55s - 28ms/step - loss: 0.2168 - val_loss: 0.2400
Epoch 112/350
1936/1936 - 55s - 29ms/step - loss: 0.2173 - val_loss: 0.2507
Epoch 113/350
1936/1936 - 55s - 28ms/step - loss: 0.2166 - val_loss: 0.2389
Epoch 114/350
1936/1936 - 56s - 29ms/step - loss: 0.2170 - val_loss: 0.2438
Epoch 115/350
1936/1936 - 55s - 29ms/step - loss: 0.2154 - val_loss: 0.2442
Epoch 116/350
1936/1936 - 55s - 28ms/step - loss: 0.2166 - val_loss: 0.2467
Epoch 117/350
1936/1936 - 55s - 29ms/step - loss: 0.2148 - val_loss: 0.2384
Epoch 118/350
1936/1936 - 55s - 29ms/step - loss: 0.2153 - val_loss: 0.2472
Epoch 119/350
1936/1936 - 55s - 28ms/step - loss: 0.2154 - val_loss: 0.2495
Epoch 120/350
1936/1936 - 55s - 29ms/step - loss: 0.2144 - val_loss: 0.2588
Epoch 121/350
1936/1936 - 55s - 29ms/step - loss: 0.2155 - val_loss: 0.2400
Epoch 122/350
1936/1936 - 55s - 28ms/step - loss: 0.2140 - val_loss: 0.2539
Epoch 123/350
1936/1936 - 56s - 29ms/step - loss: 0.2144 - val_loss: 0.2497
Epoch 124/350
1936/1936 - 55s - 29ms/step - loss: 0.2136 - val_loss: 0.2411
Epoch 125/350
1936/1936 - 55s - 29ms/step - loss: 0.2129 - val_loss: 0.2555
Epoch 126/350
1936/1936 - 56s - 29ms/step - loss: 0.2128 - val_loss: 0.2554
Epoch 127/350
1936/1936 - 55s - 29ms/step - loss: 0.2128 - val_loss: 0.2419
Epoch 128/350
1936/1936 - 56s - 29ms/step - loss: 0.2129 - val_loss: 0.2414
Epoch 129/350
1936/1936 - 56s - 29ms/step - loss: 0.2116 - val_loss: 0.2461
Epoch 130/350
1936/1936 - 55s - 29ms/step - loss: 0.2138 - val_loss: 0.2395
Epoch 131/350
1936/1936 - 56s - 29ms/step - loss: 0.2117 - val_loss: 0.2436
Epoch 132/350
1936/1936 - 56s - 29ms/step - loss: 0.2116 - val_loss: 0.2687
Epoch 133/350
1936/1936 - 55s - 29ms/step - loss: 0.2109 - val_loss: 0.2376
Epoch 134/350
1936/1936 - 56s - 29ms/step - loss: 0.2105 - val_loss: 0.2433
Epoch 135/350
1936/1936 - 56s - 29ms/step - loss: 0.2105 - val_loss: 0.2437
Epoch 136/350
1936/1936 - 55s - 29ms/step - loss: 0.2106 - val_loss: 0.2421
Epoch 137/350
1936/1936 - 56s - 29ms/step - loss: 0.2105 - val_loss: 0.2526
Epoch 138/350
1936/1936 - 55s - 29ms/step - loss: 0.2097 - val_loss: 0.2655
Epoch 139/350
1936/1936 - 56s - 29ms/step - loss: 0.2096 - val_loss: 0.2375
Epoch 140/350
1936/1936 - 56s - 29ms/step - loss: 0.2099 - val_loss: 0.2399
Epoch 141/350
1936/1936 - 55s - 29ms/step - loss: 0.2099 - val_loss: 0.2420
Epoch 142/350
1936/1936 - 56s - 29ms/step - loss: 0.2100 - val_loss: 0.2547
Epoch 143/350
1936/1936 - 56s - 29ms/step - loss: 0.2096 - val_loss: 0.2401
Epoch 144/350
1936/1936 - 55s - 29ms/step - loss: 0.2100 - val_loss: 0.2433
Epoch 145/350
1936/1936 - 56s - 29ms/step - loss: 0.2092 - val_loss: 0.2347
Epoch 146/350
1936/1936 - 56s - 29ms/step - loss: 0.2085 - val_loss: 0.2451
Epoch 147/350
1936/1936 - 55s - 29ms/step - loss: 0.2083 - val_loss: 0.2392
Epoch 148/350
1936/1936 - 56s - 29ms/step - loss: 0.2097 - val_loss: 0.2369
Epoch 149/350
1936/1936 - 56s - 29ms/step - loss: 0.2093 - val_loss: 0.2405
Epoch 150/350
1936/1936 - 55s - 29ms/step - loss: 0.2079 - val_loss: 0.2351
Epoch 151/350
1936/1936 - 56s - 29ms/step - loss: 0.2092 - val_loss: 0.2349
Epoch 152/350
1936/1936 - 55s - 28ms/step - loss: 0.2069 - val_loss: 0.2346
Epoch 153/350
1936/1936 - 56s - 29ms/step - loss: 0.2081 - val_loss: 0.2349
Epoch 154/350
1936/1936 - 56s - 29ms/step - loss: 0.2075 - val_loss: 0.2547
Epoch 155/350
1936/1936 - 55s - 29ms/step - loss: 0.2082 - val_loss: 0.2346
Epoch 156/350
1936/1936 - 56s - 29ms/step - loss: 0.2073 - val_loss: 0.2356
Epoch 157/350
1936/1936 - 56s - 29ms/step - loss: 0.2073 - val_loss: 0.2396
Epoch 158/350
1936/1936 - 55s - 29ms/step - loss: 0.2073 - val_loss: 0.2664
Epoch 159/350
1936/1936 - 56s - 29ms/step - loss: 0.2074 - val_loss: 0.2623
Epoch 160/350
1936/1936 - 56s - 29ms/step - loss: 0.2071 - val_loss: 0.2433
Epoch 161/350
1936/1936 - 55s - 29ms/step - loss: 0.2058 - val_loss: 0.2397
Epoch 162/350
1936/1936 - 56s - 29ms/step - loss: 0.2070 - val_loss: 0.2304
Epoch 163/350
1936/1936 - 56s - 29ms/step - loss: 0.2053 - val_loss: 0.2308
Epoch 164/350
1936/1936 - 55s - 29ms/step - loss: 0.2058 - val_loss: 0.2540
Epoch 165/350
1936/1936 - 56s - 29ms/step - loss: 0.2066 - val_loss: 0.2404
Epoch 166/350
1936/1936 - 55s - 28ms/step - loss: 0.2058 - val_loss: 0.2325
Epoch 167/350
1936/1936 - 56s - 29ms/step - loss: 0.2066 - val_loss: 0.2389
Epoch 168/350
1936/1936 - 56s - 29ms/step - loss: 0.2052 - val_loss: 0.2463
Epoch 169/350
1936/1936 - 55s - 29ms/step - loss: 0.2054 - val_loss: 0.2348
Epoch 170/350
1936/1936 - 56s - 29ms/step - loss: 0.2059 - val_loss: 0.2392
Epoch 171/350
1936/1936 - 56s - 29ms/step - loss: 0.2044 - val_loss: 0.2385
Epoch 172/350
1936/1936 - 55s - 29ms/step - loss: 0.2062 - val_loss: 0.2589
Epoch 173/350
1936/1936 - 56s - 29ms/step - loss: 0.2052 - val_loss: 0.2313
Epoch 174/350
1936/1936 - 56s - 29ms/step - loss: 0.2047 - val_loss: 0.2533
Epoch 175/350
1936/1936 - 55s - 29ms/step - loss: 0.2047 - val_loss: 0.2320
Epoch 176/350
1936/1936 - 56s - 29ms/step - loss: 0.2054 - val_loss: 0.2345
Epoch 177/350
1936/1936 - 55s - 29ms/step - loss: 0.2039 - val_loss: 0.2467
Epoch 178/350
1936/1936 - 55s - 29ms/step - loss: 0.2055 - val_loss: 0.2363
Epoch 179/350
1936/1936 - 56s - 29ms/step - loss: 0.2054 - val_loss: 0.2377
Epoch 180/350
1936/1936 - 55s - 29ms/step - loss: 0.2047 - val_loss: 0.2393
Epoch 181/350
1936/1936 - 56s - 29ms/step - loss: 0.2044 - val_loss: 0.2415
Epoch 182/350
1936/1936 - 56s - 29ms/step - loss: 0.2029 - val_loss: 0.2884
Epoch 183/350
1936/1936 - 55s - 29ms/step - loss: 0.2032 - val_loss: 0.2349
Epoch 184/350
1936/1936 - 56s - 29ms/step - loss: 0.2043 - val_loss: 0.2348
Epoch 185/350
1936/1936 - 56s - 29ms/step - loss: 0.2037 - val_loss: 0.2364
Epoch 186/350
1936/1936 - 55s - 29ms/step - loss: 0.2030 - val_loss: 0.2365
Epoch 187/350
1936/1936 - 56s - 29ms/step - loss: 0.2032 - val_loss: 0.2367
Epoch 188/350
1936/1936 - 56s - 29ms/step - loss: 0.2025 - val_loss: 0.2364
Epoch 189/350
1936/1936 - 55s - 29ms/step - loss: 0.2028 - val_loss: 0.2529
Epoch 190/350
1936/1936 - 56s - 29ms/step - loss: 0.2030 - val_loss: 0.2442
Epoch 191/350
1936/1936 - 55s - 29ms/step - loss: 0.2030 - val_loss: 0.2351
Epoch 192/350
1936/1936 - 55s - 29ms/step - loss: 0.2037 - val_loss: 0.2338
Epoch 193/350
1936/1936 - 56s - 29ms/step - loss: 0.2021 - val_loss: 0.2330
Epoch 194/350
1936/1936 - 55s - 29ms/step - loss: 0.2032 - val_loss: 0.2450
Epoch 195/350
1936/1936 - 56s - 29ms/step - loss: 0.2014 - val_loss: 0.2395
Epoch 196/350
1936/1936 - 56s - 29ms/step - loss: 0.2020 - val_loss: 0.2359
Epoch 197/350
1936/1936 - 55s - 29ms/step - loss: 0.2023 - val_loss: 0.2407
Epoch 198/350
1936/1936 - 56s - 29ms/step - loss: 0.2032 - val_loss: 0.2426
Epoch 199/350
1936/1936 - 56s - 29ms/step - loss: 0.2014 - val_loss: 0.2318
Epoch 200/350
1936/1936 - 55s - 29ms/step - loss: 0.2010 - val_loss: 0.2344
Epoch 201/350
1936/1936 - 56s - 29ms/step - loss: 0.2015 - val_loss: 0.2323
Epoch 202/350
1936/1936 - 56s - 29ms/step - loss: 0.2007 - val_loss: 0.2378
Epoch 203/350
1936/1936 - 55s - 29ms/step - loss: 0.2024 - val_loss: 0.2372
Epoch 204/350
1936/1936 - 56s - 29ms/step - loss: 0.2025 - val_loss: 0.2471
Epoch 205/350
1936/1936 - 55s - 29ms/step - loss: 0.2015 - val_loss: 0.2379
Epoch 206/350
1936/1936 - 56s - 29ms/step - loss: 0.2009 - val_loss: 0.2349
Epoch 207/350
1936/1936 - 56s - 29ms/step - loss: 0.2001 - val_loss: 0.2361
Epoch 208/350
1936/1936 - 55s - 29ms/step - loss: 0.2010 - val_loss: 0.2349
Epoch 209/350
1936/1936 - 56s - 29ms/step - loss: 0.2020 - val_loss: 0.2351
Epoch 210/350
1936/1936 - 56s - 29ms/step - loss: 0.1996 - val_loss: 0.2426
Epoch 211/350
1936/1936 - 55s - 29ms/step - loss: 0.2012 - val_loss: 0.2371
Epoch 212/350
1936/1936 - 56s - 29ms/step - loss: 0.1996 - val_loss: 0.2345
Epoch 213/350
1936/1936 - 56s - 29ms/step - loss: 0.2010 - val_loss: 0.2332
Epoch 214/350
1936/1936 - 55s - 29ms/step - loss: 0.2008 - val_loss: 0.2360
Epoch 215/350
1936/1936 - 56s - 29ms/step - loss: 0.2005 - val_loss: 0.2592
Epoch 216/350
1936/1936 - 56s - 29ms/step - loss: 0.2010 - val_loss: 0.2342
Epoch 217/350
1936/1936 - 55s - 29ms/step - loss: 0.1999 - val_loss: 0.2406
Epoch 218/350
1936/1936 - 56s - 29ms/step - loss: 0.2005 - val_loss: 0.2337
Epoch 219/350
1936/1936 - 55s - 28ms/step - loss: 0.2000 - val_loss: 0.2312
Epoch 220/350
1936/1936 - 56s - 29ms/step - loss: 0.1993 - val_loss: 0.2402
Epoch 221/350
1936/1936 - 56s - 29ms/step - loss: 0.1992 - val_loss: 0.2323
Epoch 222/350
1936/1936 - 55s - 29ms/step - loss: 0.1991 - val_loss: 0.2331
Epoch 223/350
1936/1936 - 56s - 29ms/step - loss: 0.2006 - val_loss: 0.2390
Epoch 224/350
1936/1936 - 56s - 29ms/step - loss: 0.1997 - val_loss: 0.2364
Epoch 225/350
1936/1936 - 55s - 29ms/step - loss: 0.1993 - val_loss: 0.2393
Epoch 226/350
1936/1936 - 56s - 29ms/step - loss: 0.1988 - val_loss: 0.2422
Epoch 227/350
1936/1936 - 56s - 29ms/step - loss: 0.1989 - val_loss: 0.2294
Epoch 228/350
1936/1936 - 55s - 29ms/step - loss: 0.1994 - val_loss: 0.2433
Epoch 229/350
1936/1936 - 56s - 29ms/step - loss: 0.1995 - val_loss: 0.2350
Epoch 230/350
1936/1936 - 55s - 29ms/step - loss: 0.1982 - val_loss: 0.2347
Epoch 231/350
1936/1936 - 55s - 29ms/step - loss: 0.1985 - val_loss: 0.2603
Epoch 232/350
1936/1936 - 56s - 29ms/step - loss: 0.1980 - val_loss: 0.2382
Epoch 233/350
1936/1936 - 55s - 29ms/step - loss: 0.1986 - val_loss: 0.2457
Epoch 234/350
1936/1936 - 56s - 29ms/step - loss: 0.1977 - val_loss: 0.2331
Epoch 235/350
1936/1936 - 56s - 29ms/step - loss: 0.1980 - val_loss: 0.2355
Epoch 236/350
1936/1936 - 55s - 29ms/step - loss: 0.1978 - val_loss: 0.2360
Epoch 237/350
1936/1936 - 56s - 29ms/step - loss: 0.1982 - val_loss: 0.2371
Epoch 238/350
1936/1936 - 56s - 29ms/step - loss: 0.1974 - val_loss: 0.2357
Epoch 239/350
1936/1936 - 55s - 29ms/step - loss: 0.1981 - val_loss: 0.2328
Epoch 240/350
1936/1936 - 56s - 29ms/step - loss: 0.1980 - val_loss: 0.2346
Epoch 241/350
1936/1936 - 56s - 29ms/step - loss: 0.1967 - val_loss: 0.2405
Epoch 242/350
1936/1936 - 55s - 29ms/step - loss: 0.1990 - val_loss: 0.2302
Epoch 243/350
1936/1936 - 56s - 29ms/step - loss: 0.1980 - val_loss: 0.2333
Epoch 244/350
1936/1936 - 55s - 29ms/step - loss: 0.1972 - val_loss: 0.2362
Epoch 245/350
1936/1936 - 55s - 29ms/step - loss: 0.1978 - val_loss: 0.2366
Epoch 246/350
1936/1936 - 56s - 29ms/step - loss: 0.1965 - val_loss: 0.2418
Epoch 247/350
1936/1936 - 55s - 29ms/step - loss: 0.1970 - val_loss: 0.2388
Epoch 248/350
1936/1936 - 56s - 29ms/step - loss: 0.1971 - val_loss: 0.2858
Epoch 249/350
1936/1936 - 56s - 29ms/step - loss: 0.1975 - val_loss: 0.2425
Epoch 250/350
1936/1936 - 55s - 29ms/step - loss: 0.1972 - val_loss: 0.2402
Epoch 251/350
1936/1936 - 56s - 29ms/step - loss: 0.1973 - val_loss: 0.2407
Epoch 252/350
1936/1936 - 56s - 29ms/step - loss: 0.1978 - val_loss: 0.2334
Epoch 253/350
1936/1936 - 55s - 29ms/step - loss: 0.1981 - val_loss: 0.2338
Epoch 254/350
1936/1936 - 56s - 29ms/step - loss: 0.1972 - val_loss: 0.2419
Epoch 255/350
1936/1936 - 56s - 29ms/step - loss: 0.1976 - val_loss: 0.2463
Epoch 256/350
1936/1936 - 55s - 29ms/step - loss: 0.1961 - val_loss: 0.2362
Epoch 257/350
1936/1936 - 56s - 29ms/step - loss: 0.1978 - val_loss: 0.2346
Epoch 258/350
1936/1936 - 55s - 28ms/step - loss: 0.1968 - val_loss: 0.2333
Epoch 259/350
1936/1936 - 56s - 29ms/step - loss: 0.1968 - val_loss: 0.2417
Epoch 260/350
1936/1936 - 56s - 29ms/step - loss: 0.1973 - val_loss: 0.2278
Epoch 261/350
1936/1936 - 55s - 29ms/step - loss: 0.1961 - val_loss: 0.2337
Epoch 262/350
1936/1936 - 56s - 29ms/step - loss: 0.1965 - val_loss: 0.2399
Epoch 263/350
1936/1936 - 56s - 29ms/step - loss: 0.1962 - val_loss: 0.2337
Epoch 264/350
1936/1936 - 55s - 29ms/step - loss: 0.1959 - val_loss: 0.2341
Epoch 265/350
1936/1936 - 56s - 29ms/step - loss: 0.1961 - val_loss: 0.2326
Epoch 266/350
1936/1936 - 56s - 29ms/step - loss: 0.1962 - val_loss: 0.2379
Epoch 267/350
1936/1936 - 55s - 29ms/step - loss: 0.1970 - val_loss: 0.2344
Epoch 268/350
1936/1936 - 56s - 29ms/step - loss: 0.1952 - val_loss: 0.2344
Epoch 269/350
1936/1936 - 55s - 29ms/step - loss: 0.1967 - val_loss: 0.2309
Epoch 270/350
1936/1936 - 55s - 29ms/step - loss: 0.1964 - val_loss: 0.2370
Epoch 271/350
1936/1936 - 56s - 29ms/step - loss: 0.1953 - val_loss: 0.2298
Epoch 272/350
1936/1936 - 55s - 28ms/step - loss: 0.1952 - val_loss: 0.2340
Epoch 273/350
1936/1936 - 56s - 29ms/step - loss: 0.1957 - val_loss: 0.2330
Epoch 274/350
1936/1936 - 56s - 29ms/step - loss: 0.1956 - val_loss: 0.2330
Epoch 275/350
1936/1936 - 55s - 29ms/step - loss: 0.1959 - val_loss: 0.2363
Epoch 276/350
1936/1936 - 56s - 29ms/step - loss: 0.1950 - val_loss: 0.2288
Epoch 277/350
1936/1936 - 56s - 29ms/step - loss: 0.1950 - val_loss: 0.2395
Epoch 278/350
1936/1936 - 55s - 29ms/step - loss: 0.1961 - val_loss: 0.2369
Epoch 279/350
1936/1936 - 56s - 29ms/step - loss: 0.1948 - val_loss: 0.2461
Epoch 280/350
1936/1936 - 56s - 29ms/step - loss: 0.1957 - val_loss: 0.2349
Epoch 281/350
1936/1936 - 55s - 29ms/step - loss: 0.1955 - val_loss: 0.2302
Epoch 282/350
1936/1936 - 56s - 29ms/step - loss: 0.1951 - val_loss: 0.2327
Epoch 283/350
1936/1936 - 55s - 29ms/step - loss: 0.1951 - val_loss: 0.2341
Epoch 284/350
1936/1936 - 55s - 29ms/step - loss: 0.1947 - val_loss: 0.2322
Epoch 285/350
1936/1936 - 56s - 29ms/step - loss: 0.1953 - val_loss: 0.2370
Epoch 286/350
1936/1936 - 55s - 29ms/step - loss: 0.1951 - val_loss: 0.2503
Epoch 287/350
1936/1936 - 56s - 29ms/step - loss: 0.1951 - val_loss: 0.2352
Epoch 288/350
1936/1936 - 56s - 29ms/step - loss: 0.1961 - val_loss: 0.2349
Epoch 289/350
1936/1936 - 55s - 29ms/step - loss: 0.1948 - val_loss: 0.2450
Epoch 290/350
1936/1936 - 56s - 29ms/step - loss: 0.1949 - val_loss: 0.2577
Epoch 291/350
1936/1936 - 56s - 29ms/step - loss: 0.1946 - val_loss: 0.2332
Epoch 292/350
1936/1936 - 55s - 29ms/step - loss: 0.1937 - val_loss: 0.2416
Epoch 293/350
1936/1936 - 56s - 29ms/step - loss: 0.1942 - val_loss: 0.2321
Epoch 294/350
1936/1936 - 56s - 29ms/step - loss: 0.1938 - val_loss: 0.2334
Epoch 295/350
1936/1936 - 55s - 29ms/step - loss: 0.1942 - val_loss: 0.2320
Epoch 296/350
1936/1936 - 56s - 29ms/step - loss: 0.1937 - val_loss: 0.2387
Epoch 297/350
1936/1936 - 55s - 29ms/step - loss: 0.1943 - val_loss: 0.2332
Epoch 298/350
1936/1936 - 56s - 29ms/step - loss: 0.1937 - val_loss: 0.2682
Epoch 299/350
1936/1936 - 56s - 29ms/step - loss: 0.1936 - val_loss: 0.2450
Epoch 300/350
1936/1936 - 55s - 29ms/step - loss: 0.1949 - val_loss: 0.2375
Epoch 301/350
1936/1936 - 56s - 29ms/step - loss: 0.1930 - val_loss: 0.2301
Epoch 302/350
1936/1936 - 56s - 29ms/step - loss: 0.1950 - val_loss: 0.2327
Epoch 303/350
1936/1936 - 55s - 29ms/step - loss: 0.1935 - val_loss: 0.2312
Epoch 304/350
1936/1936 - 56s - 29ms/step - loss: 0.1936 - val_loss: 0.2353
Epoch 305/350
1936/1936 - 56s - 29ms/step - loss: 0.1942 - val_loss: 0.2373
Epoch 306/350
1936/1936 - 55s - 29ms/step - loss: 0.1942 - val_loss: 0.2423
Epoch 307/350
1936/1936 - 56s - 29ms/step - loss: 0.1960 - val_loss: 0.2302
Epoch 308/350
1936/1936 - 56s - 29ms/step - loss: 0.1939 - val_loss: 0.2315
Epoch 309/350
1936/1936 - 55s - 29ms/step - loss: 0.1940 - val_loss: 0.2289
Epoch 310/350
1936/1936 - 56s - 29ms/step - loss: 0.1939 - val_loss: 0.2380
Epoch 311/350
1936/1936 - 55s - 29ms/step - loss: 0.1944 - val_loss: 0.2294
Epoch 312/350
1936/1936 - 56s - 29ms/step - loss: 0.1941 - val_loss: 0.2324
Epoch 313/350
1936/1936 - 56s - 29ms/step - loss: 0.1945 - val_loss: 0.2411
Epoch 314/350
1936/1936 - 55s - 29ms/step - loss: 0.1938 - val_loss: 0.2304
Epoch 315/350
1936/1936 - 56s - 29ms/step - loss: 0.1937 - val_loss: 0.2284
Epoch 316/350
1936/1936 - 56s - 29ms/step - loss: 0.1934 - val_loss: 0.2381
Epoch 317/350
1936/1936 - 55s - 29ms/step - loss: 0.1924 - val_loss: 0.2383
Epoch 318/350
1936/1936 - 56s - 29ms/step - loss: 0.1935 - val_loss: 0.2443
Epoch 319/350
1936/1936 - 56s - 29ms/step - loss: 0.1943 - val_loss: 0.2312
Epoch 320/350
1936/1936 - 55s - 29ms/step - loss: 0.1938 - val_loss: 0.2344
Epoch 321/350
1936/1936 - 56s - 29ms/step - loss: 0.1932 - val_loss: 0.2384
Epoch 322/350
1936/1936 - 56s - 29ms/step - loss: 0.1928 - val_loss: 0.2316
Epoch 323/350
1936/1936 - 55s - 29ms/step - loss: 0.1935 - val_loss: 0.2379
Epoch 324/350
1936/1936 - 56s - 29ms/step - loss: 0.1945 - val_loss: 0.2322
Epoch 325/350
1936/1936 - 55s - 29ms/step - loss: 0.1933 - val_loss: 0.2302
Epoch 326/350
1936/1936 - 56s - 29ms/step - loss: 0.1945 - val_loss: 0.2316
Epoch 327/350
1936/1936 - 56s - 29ms/step - loss: 0.1927 - val_loss: 0.2392
Epoch 328/350
1936/1936 - 55s - 29ms/step - loss: 0.1934 - val_loss: 0.2281
Epoch 329/350
1936/1936 - 56s - 29ms/step - loss: 0.1933 - val_loss: 0.2405
Epoch 330/350
1936/1936 - 56s - 29ms/step - loss: 0.1930 - val_loss: 0.2321
Epoch 331/350
1936/1936 - 55s - 29ms/step - loss: 0.1921 - val_loss: 0.2350
Epoch 332/350
1936/1936 - 56s - 29ms/step - loss: 0.1922 - val_loss: 0.2407
Epoch 333/350
1936/1936 - 56s - 29ms/step - loss: 0.1936 - val_loss: 0.2343
Epoch 334/350
1936/1936 - 55s - 29ms/step - loss: 0.1933 - val_loss: 0.2323
Epoch 335/350
1936/1936 - 56s - 29ms/step - loss: 0.1927 - val_loss: 0.2353
Epoch 336/350
1936/1936 - 55s - 29ms/step - loss: 0.1931 - val_loss: 0.2442
Epoch 337/350
1936/1936 - 55s - 29ms/step - loss: 0.1925 - val_loss: 0.2276
Epoch 338/350
1936/1936 - 56s - 29ms/step - loss: 0.1927 - val_loss: 0.2372
Epoch 339/350
1936/1936 - 55s - 28ms/step - loss: 0.1925 - val_loss: 0.2345
Epoch 340/350
1936/1936 - 56s - 29ms/step - loss: 0.1927 - val_loss: 0.2332
Epoch 341/350
1936/1936 - 56s - 29ms/step - loss: 0.1932 - val_loss: 0.2334
Epoch 342/350
1936/1936 - 55s - 29ms/step - loss: 0.1930 - val_loss: 0.2290
Epoch 343/350
1936/1936 - 56s - 29ms/step - loss: 0.1936 - val_loss: 0.2470
Epoch 344/350
1936/1936 - 56s - 29ms/step - loss: 0.1932 - val_loss: 0.2327
Epoch 345/350
1936/1936 - 55s - 29ms/step - loss: 0.1942 - val_loss: 0.2301
Epoch 346/350
1936/1936 - 56s - 29ms/step - loss: 0.1938 - val_loss: 0.2385
Epoch 347/350
1936/1936 - 56s - 29ms/step - loss: 0.1918 - val_loss: 0.2408
Epoch 348/350
1936/1936 - 55s - 29ms/step - loss: 0.1921 - val_loss: 0.2345
Epoch 349/350
1936/1936 - 56s - 29ms/step - loss: 0.1913 - val_loss: 0.2321
Epoch 350/350
1936/1936 - 55s - 29ms/step - loss: 0.1913 - val_loss: 0.2497
Test MAE: 0.5009611182744249
Validation MAE (original units): 0.49626969593972464
Wrote: /ibex/user/shoaibsa/Intrinsic_Dimensionality_ML_Materials/DimeNetPP/DimeNetPP_MP/results_dimenetpp_bandgap_fastfood/dimenetpp_bandgap_fastfood_dim5_modelseed123_splitseed1123_epochs350/dimenetpp_test_predictions_impl=wrapper_v3_method=fastfood_dim=5pct_epochs=350_seed=123_splitseed=1123_ortho=0_rot=0_blockcols=0_orthobackend=none_train_mode=wrapped_task=band_gap.csv
Wrote: /ibex/user/shoaibsa/Intrinsic_Dimensionality_ML_Materials/DimeNetPP/DimeNetPP_MP/results_dimenetpp_bandgap_fastfood/dimenetpp_bandgap_fastfood_dim5_modelseed123_splitseed1123_epochs350/history_impl=wrapper_v3_method=fastfood_dim=5pct_epochs=350_seed=123_splitseed=1123_ortho=0_rot=0_blockcols=0_orthobackend=none_train_mode=wrapped_task=band_gap.json
Wrote: /ibex/user/shoaibsa/Intrinsic_Dimensionality_ML_Materials/DimeNetPP/DimeNetPP_MP/results_dimenetpp_bandgap_fastfood/dimenetpp_bandgap_fastfood_dim5_modelseed123_splitseed1123_epochs350/z_impl=wrapper_v3_method=fastfood_dim=5pct_epochs=350_seed=123_splitseed=1123_ortho=0_rot=0_blockcols=0_orthobackend=none_train_mode=wrapped_task=band_gap.npy
Training wall time: 19477.09 s (324.62 min)
