2026-06-22 00:08:06.856926: E external/local_xla/xla/stream_executor/cuda/cuda_fft.cc:485] Unable to register cuFFT factory: Attempting to register factory for plugin cuFFT when one has already been registered
2026-06-22 00:08:06.875788: E external/local_xla/xla/stream_executor/cuda/cuda_dnn.cc:8454] Unable to register cuDNN factory: Attempting to register factory for plugin cuDNN when one has already been registered
2026-06-22 00:08:06.881562: E external/local_xla/xla/stream_executor/cuda/cuda_blas.cc:1452] Unable to register cuBLAS factory: Attempting to register factory for plugin cuBLAS when one has already been registered
2026-06-22 00:08:06.895219: I tensorflow/core/platform/cpu_feature_guard.cc:210] This TensorFlow binary is optimized to use available CPU instructions in performance-critical operations.
To enable the following instructions: AVX2 AVX512F FMA, in other operations, rebuild TensorFlow with the appropriate compiler flags.
2026-06-22 00:08:08.416795: W tensorflow/compiler/tf2tensorrt/utils/py_utils.cc:38] TF-TRT Warning: Could not find TensorRT
2026-06-22 00:08:11.966797: I tensorflow/core/common_runtime/gpu/gpu_device.cc:2021] Created device /job:localhost/replica:0/task:0/device:GPU:0 with 31134 MB memory:  -> device: 0, name: Tesla V100-SXM2-32GB, pci bus id: 0000:89:00.0, compute capability: 7.0
2026-06-22 00:08:44.277707: W external/local_tsl/tsl/framework/cpu_allocator_impl.cc:83] Allocation of 17887081376 exceeds 10% of free system memory.
INFO:kgcnn.models.utils:Updated model kwargs: '{'name': 'DimeNetPP', 'inputs': [{'shape': [None], 'name': 'node_number', 'dtype': 'int32', 'ragged': True}, {'shape': [None, 3], 'name': 'node_coordinates', 'dtype': 'float32', 'ragged': True}, {'shape': [None, 2], 'name': 'range_indices', 'dtype': 'int64', 'ragged': True}, {'shape': [None, 2], 'name': 'angle_indices', 'dtype': 'int64', 'ragged': True}, {'shape': (None, 3), 'name': 'range_image', 'dtype': 'int64', 'ragged': True}, {'shape': (3, 3), 'name': 'graph_lattice', 'dtype': 'float32', 'ragged': False}], 'input_tensor_type': 'ragged', 'input_embedding': None, 'cast_disjoint_kwargs': {}, 'input_node_embedding': {'input_dim': 95, 'output_dim': 55, 'embeddings_initializer': {'class_name': 'RandomUniform', 'config': {'minval': -1.7320508075688772, 'maxval': 1.7320508075688772}}}, 'emb_size': 55, 'out_emb_size': 64, 'int_emb_size': 64, 'basis_emb_size': 8, 'num_blocks': 1, 'num_spherical': 7, 'num_radial': 6, 'cutoff': 8.0, 'envelope_exponent': 5, 'num_before_skip': 1, 'num_after_skip': 2, 'num_dense_output': 3, 'num_targets': 1, 'extensive': False, 'output_init': 'zeros', 'activation': 'swish', 'verbose': 10, 'output_embedding': 'graph', 'use_output_mlp': False, 'output_tensor_type': 'padded', 'output_scaling': None, 'output_mlp': {}}'.
Visible GPUs: [PhysicalDevice(name='/physical_device:GPU:0', device_type='GPU')]
Loading cached tensors: /ibex/user/shoaibsa/Intrinsic_Dimensionality_ML_Materials/DimeNetPP/DimeNetPP_MP/cached_tensors_dimenetpp_bandgap/splitseed1123/dimenetpp_bandgap_cached_tensors.pkl
Loaded cached tensors from: /ibex/user/shoaibsa/Intrinsic_Dimensionality_ML_Materials/DimeNetPP/DimeNetPP_MP/cached_tensors_dimenetpp_bandgap/splitseed1123
Shapes: y_train (123902, 1) y_val (15487, 1) y_test (15489, 1)

Running WRAPPER-V3 DimeNet++ band gap model

Projection method: fastfood
Intrinsic dimension spec: 0.8
D: 83685 d: 66948
Trainable vars: ['z']
Model: "SubspaceProjectedGradTFV3_fastfood"
┏━━━━━━━━━━━━━━━━━━━━━━━━━━━━━━━━━┳━━━━━━━━━━━━━━━━━━━━━━━━┳━━━━━━━━━━━━━━━┓
┃ Layer (type)                    ┃ Output Shape           ┃       Param # ┃
┡━━━━━━━━━━━━━━━━━━━━━━━━━━━━━━━━━╇━━━━━━━━━━━━━━━━━━━━━━━━╇━━━━━━━━━━━━━━━┩
│ DimeNetPP (Functional)          │ (None, 1)              │        83,685 │
└─────────────────────────────────┴────────────────────────┴───────────────┘
 Total params: 674,922 (2.57 MB)
 Trainable params: 66,948 (261.52 KB)
 Non-trainable params: 607,974 (2.32 MB)
Epoch 1/350
1936/1936 - 63s - 33ms/step - loss: 0.6574 - val_loss: 0.4219
Epoch 2/350
1936/1936 - 51s - 26ms/step - loss: 0.3926 - val_loss: 0.3691
Epoch 3/350
1936/1936 - 51s - 26ms/step - loss: 0.3326 - val_loss: 0.3089
Epoch 4/350
1936/1936 - 51s - 26ms/step - loss: 0.3032 - val_loss: 0.2823
Epoch 5/350
1936/1936 - 51s - 26ms/step - loss: 0.2804 - val_loss: 0.2842
Epoch 6/350
1936/1936 - 51s - 26ms/step - loss: 0.2646 - val_loss: 0.2601
Epoch 7/350
1936/1936 - 50s - 26ms/step - loss: 0.2557 - val_loss: 0.2481
Epoch 8/350
1936/1936 - 51s - 26ms/step - loss: 0.2437 - val_loss: 0.2536
Epoch 9/350
1936/1936 - 51s - 26ms/step - loss: 0.2355 - val_loss: 0.2662
Epoch 10/350
1936/1936 - 51s - 26ms/step - loss: 0.2283 - val_loss: 0.2426
Epoch 11/350
1936/1936 - 51s - 26ms/step - loss: 0.2226 - val_loss: 0.2429
Epoch 12/350
1936/1936 - 51s - 26ms/step - loss: 0.2164 - val_loss: 0.2279
Epoch 13/350
1936/1936 - 51s - 26ms/step - loss: 0.2122 - val_loss: 0.2209
Epoch 14/350
1936/1936 - 51s - 26ms/step - loss: 0.2068 - val_loss: 0.2253
Epoch 15/350
1936/1936 - 51s - 26ms/step - loss: 0.2024 - val_loss: 0.2241
Epoch 16/350
1936/1936 - 51s - 26ms/step - loss: 0.1978 - val_loss: 0.2120
Epoch 17/350
1936/1936 - 51s - 26ms/step - loss: 0.1940 - val_loss: 0.2200
Epoch 18/350
1936/1936 - 51s - 26ms/step - loss: 0.1899 - val_loss: 0.2231
Epoch 19/350
1936/1936 - 51s - 26ms/step - loss: 0.1877 - val_loss: 0.2243
Epoch 20/350
1936/1936 - 51s - 26ms/step - loss: 0.1836 - val_loss: 0.2090
Epoch 21/350
1936/1936 - 51s - 26ms/step - loss: 0.1812 - val_loss: 0.2064
Epoch 22/350
1936/1936 - 51s - 26ms/step - loss: 0.1790 - val_loss: 0.2124
Epoch 23/350
1936/1936 - 51s - 26ms/step - loss: 0.1765 - val_loss: 0.2024
Epoch 24/350
1936/1936 - 51s - 26ms/step - loss: 0.1734 - val_loss: 0.2025
Epoch 25/350
1936/1936 - 51s - 26ms/step - loss: 0.1711 - val_loss: 0.1978
Epoch 26/350
1936/1936 - 51s - 26ms/step - loss: 0.1694 - val_loss: 0.2016
Epoch 27/350
1936/1936 - 51s - 26ms/step - loss: 0.1668 - val_loss: 0.1999
Epoch 28/350
1936/1936 - 51s - 26ms/step - loss: 0.1653 - val_loss: 0.2018
Epoch 29/350
1936/1936 - 51s - 26ms/step - loss: 0.1626 - val_loss: 0.2029
Epoch 30/350
1936/1936 - 51s - 26ms/step - loss: 0.1601 - val_loss: 0.1928
Epoch 31/350
1936/1936 - 51s - 26ms/step - loss: 0.1594 - val_loss: 0.1926
Epoch 32/350
1936/1936 - 51s - 26ms/step - loss: 0.1583 - val_loss: 0.2039
Epoch 33/350
1936/1936 - 51s - 26ms/step - loss: 0.1566 - val_loss: 0.1873
Epoch 34/350
1936/1936 - 51s - 26ms/step - loss: 0.1547 - val_loss: 0.2069
Epoch 35/350
1936/1936 - 51s - 26ms/step - loss: 0.1533 - val_loss: 0.1905
Epoch 36/350
1936/1936 - 51s - 26ms/step - loss: 0.1525 - val_loss: 0.1910
Epoch 37/350
1936/1936 - 51s - 27ms/step - loss: 0.1498 - val_loss: 0.1908
Epoch 38/350
1936/1936 - 51s - 26ms/step - loss: 0.1489 - val_loss: 0.1918
Epoch 39/350
1936/1936 - 51s - 26ms/step - loss: 0.1480 - val_loss: 0.1986
Epoch 40/350
1936/1936 - 51s - 26ms/step - loss: 0.1466 - val_loss: 0.1896
Epoch 41/350
1936/1936 - 51s - 26ms/step - loss: 0.1453 - val_loss: 0.1919
Epoch 42/350
1936/1936 - 51s - 26ms/step - loss: 0.1441 - val_loss: 0.1885
Epoch 43/350
1936/1936 - 51s - 26ms/step - loss: 0.1428 - val_loss: 0.1938
Epoch 44/350
1936/1936 - 51s - 26ms/step - loss: 0.1414 - val_loss: 0.1893
Epoch 45/350
1936/1936 - 51s - 26ms/step - loss: 0.1420 - val_loss: 0.1943
Epoch 46/350
1936/1936 - 51s - 26ms/step - loss: 0.1396 - val_loss: 0.1891
Epoch 47/350
1936/1936 - 51s - 26ms/step - loss: 0.1387 - val_loss: 0.1881
Epoch 48/350
1936/1936 - 50s - 26ms/step - loss: 0.1374 - val_loss: 0.1899
Epoch 49/350
1936/1936 - 51s - 26ms/step - loss: 0.1366 - val_loss: 0.1969
Epoch 50/350
1936/1936 - 51s - 26ms/step - loss: 0.1355 - val_loss: 0.1858
Epoch 51/350
1936/1936 - 51s - 26ms/step - loss: 0.1346 - val_loss: 0.1861
Epoch 52/350
1936/1936 - 50s - 26ms/step - loss: 0.1343 - val_loss: 0.1923
Epoch 53/350
1936/1936 - 50s - 26ms/step - loss: 0.1337 - val_loss: 0.1861
Epoch 54/350
1936/1936 - 51s - 26ms/step - loss: 0.1328 - val_loss: 0.1861
Epoch 55/350
1936/1936 - 51s - 26ms/step - loss: 0.1315 - val_loss: 0.1882
Epoch 56/350
1936/1936 - 51s - 26ms/step - loss: 0.1305 - val_loss: 0.2004
Epoch 57/350
1936/1936 - 51s - 26ms/step - loss: 0.1299 - val_loss: 0.1896
Epoch 58/350
1936/1936 - 51s - 26ms/step - loss: 0.1290 - val_loss: 0.1885
Epoch 59/350
1936/1936 - 51s - 27ms/step - loss: 0.1279 - val_loss: 0.1855
Epoch 60/350
1936/1936 - 51s - 26ms/step - loss: 0.1270 - val_loss: 0.1864
Epoch 61/350
1936/1936 - 51s - 26ms/step - loss: 0.1261 - val_loss: 0.1883
Epoch 62/350
1936/1936 - 51s - 26ms/step - loss: 0.1259 - val_loss: 0.1887
Epoch 63/350
1936/1936 - 51s - 27ms/step - loss: 0.1255 - val_loss: 0.1871
Epoch 64/350
1936/1936 - 50s - 26ms/step - loss: 0.1244 - val_loss: 0.1937
Epoch 65/350
1936/1936 - 51s - 26ms/step - loss: 0.1245 - val_loss: 0.1907
Epoch 66/350
1936/1936 - 50s - 26ms/step - loss: 0.1234 - val_loss: 0.1894
Epoch 67/350
1936/1936 - 51s - 26ms/step - loss: 0.1225 - val_loss: 0.1882
Epoch 68/350
1936/1936 - 51s - 26ms/step - loss: 0.1209 - val_loss: 0.1907
Epoch 69/350
1936/1936 - 51s - 26ms/step - loss: 0.1211 - val_loss: 0.1884
Epoch 70/350
1936/1936 - 51s - 26ms/step - loss: 0.1197 - val_loss: 0.1878
Epoch 71/350
1936/1936 - 51s - 26ms/step - loss: 0.1196 - val_loss: 0.1864
Epoch 72/350
1936/1936 - 51s - 26ms/step - loss: 0.1192 - val_loss: 0.1908
Epoch 73/350
1936/1936 - 51s - 26ms/step - loss: 0.1190 - val_loss: 0.1854
Epoch 74/350
1936/1936 - 51s - 26ms/step - loss: 0.1181 - val_loss: 0.1866
Epoch 75/350
1936/1936 - 51s - 26ms/step - loss: 0.1174 - val_loss: 0.1864
Epoch 76/350
1936/1936 - 51s - 26ms/step - loss: 0.1163 - val_loss: 0.1878
Epoch 77/350
1936/1936 - 50s - 26ms/step - loss: 0.1174 - val_loss: 0.1895
Epoch 78/350
1936/1936 - 51s - 26ms/step - loss: 0.1165 - val_loss: 0.1904
Epoch 79/350
1936/1936 - 51s - 26ms/step - loss: 0.1152 - val_loss: 0.1885
Epoch 80/350
1936/1936 - 51s - 26ms/step - loss: 0.1150 - val_loss: 0.1975
Epoch 81/350
1936/1936 - 51s - 26ms/step - loss: 0.1143 - val_loss: 0.1871
Epoch 82/350
1936/1936 - 51s - 26ms/step - loss: 0.1131 - val_loss: 0.1909
Epoch 83/350
1936/1936 - 51s - 26ms/step - loss: 0.1134 - val_loss: 0.1859
Epoch 84/350
1936/1936 - 51s - 26ms/step - loss: 0.1129 - val_loss: 0.1871
Epoch 85/350
1936/1936 - 51s - 26ms/step - loss: 0.1130 - val_loss: 0.1898
Epoch 86/350
1936/1936 - 50s - 26ms/step - loss: 0.1115 - val_loss: 0.1897
Epoch 87/350
1936/1936 - 51s - 26ms/step - loss: 0.1114 - val_loss: 0.1835
Epoch 88/350
1936/1936 - 51s - 26ms/step - loss: 0.1103 - val_loss: 0.1877
Epoch 89/350
1936/1936 - 51s - 26ms/step - loss: 0.1102 - val_loss: 0.1854
Epoch 90/350
1936/1936 - 51s - 26ms/step - loss: 0.1092 - val_loss: 0.1884
Epoch 91/350
1936/1936 - 51s - 26ms/step - loss: 0.1093 - val_loss: 0.1890
Epoch 92/350
1936/1936 - 51s - 26ms/step - loss: 0.1084 - val_loss: 0.1943
Epoch 93/350
1936/1936 - 51s - 26ms/step - loss: 0.1089 - val_loss: 0.1870
Epoch 94/350
1936/1936 - 51s - 26ms/step - loss: 0.1087 - val_loss: 0.1929
Epoch 95/350
1936/1936 - 51s - 26ms/step - loss: 0.1077 - val_loss: 0.1873
Epoch 96/350
1936/1936 - 51s - 26ms/step - loss: 0.1072 - val_loss: 0.1845
Epoch 97/350
1936/1936 - 51s - 26ms/step - loss: 0.1063 - val_loss: 0.1868
Epoch 98/350
1936/1936 - 51s - 26ms/step - loss: 0.1069 - val_loss: 0.1872
Epoch 99/350
1936/1936 - 51s - 26ms/step - loss: 0.1074 - val_loss: 0.1907
Epoch 100/350
1936/1936 - 51s - 26ms/step - loss: 0.1058 - val_loss: 0.1821
Epoch 101/350
1936/1936 - 51s - 26ms/step - loss: 0.1057 - val_loss: 0.1833
Epoch 102/350
1936/1936 - 51s - 26ms/step - loss: 0.1055 - val_loss: 0.1867
Epoch 103/350
1936/1936 - 51s - 26ms/step - loss: 0.1051 - val_loss: 0.1873
Epoch 104/350
1936/1936 - 51s - 26ms/step - loss: 0.1044 - val_loss: 0.1876
Epoch 105/350
1936/1936 - 51s - 26ms/step - loss: 0.1035 - val_loss: 0.1900
Epoch 106/350
1936/1936 - 50s - 26ms/step - loss: 0.1033 - val_loss: 0.1861
Epoch 107/350
1936/1936 - 51s - 26ms/step - loss: 0.1037 - val_loss: 0.1864
Epoch 108/350
1936/1936 - 51s - 26ms/step - loss: 0.1044 - val_loss: 0.1866
Epoch 109/350
1936/1936 - 50s - 26ms/step - loss: 0.1031 - val_loss: 0.1826
Epoch 110/350
1936/1936 - 51s - 26ms/step - loss: 0.1020 - val_loss: 0.1866
Epoch 111/350
1936/1936 - 50s - 26ms/step - loss: 0.1025 - val_loss: 0.1869
Epoch 112/350
1936/1936 - 51s - 26ms/step - loss: 0.1007 - val_loss: 0.1937
Epoch 113/350
1936/1936 - 51s - 26ms/step - loss: 0.1014 - val_loss: 0.1848
Epoch 114/350
1936/1936 - 50s - 26ms/step - loss: 0.1006 - val_loss: 0.1863
Epoch 115/350
1936/1936 - 50s - 26ms/step - loss: 0.1019 - val_loss: 0.1885
Epoch 116/350
1936/1936 - 51s - 26ms/step - loss: 0.1013 - val_loss: 0.1858
Epoch 117/350
1936/1936 - 51s - 27ms/step - loss: 0.1005 - val_loss: 0.1903
Epoch 118/350
1936/1936 - 51s - 26ms/step - loss: 0.1006 - val_loss: 0.1840
Epoch 119/350
1936/1936 - 51s - 26ms/step - loss: 0.0989 - val_loss: 0.1871
Epoch 120/350
1936/1936 - 51s - 26ms/step - loss: 0.0996 - val_loss: 0.1840
Epoch 121/350
1936/1936 - 51s - 26ms/step - loss: 0.0986 - val_loss: 0.1869
Epoch 122/350
1936/1936 - 51s - 26ms/step - loss: 0.1004 - val_loss: 0.1822
Epoch 123/350
1936/1936 - 50s - 26ms/step - loss: 0.0981 - val_loss: 0.1863
Epoch 124/350
1936/1936 - 51s - 26ms/step - loss: 0.0979 - val_loss: 0.1851
Epoch 125/350
1936/1936 - 50s - 26ms/step - loss: 0.0985 - val_loss: 0.1890
Epoch 126/350
1936/1936 - 51s - 26ms/step - loss: 0.0975 - val_loss: 0.1836
Epoch 127/350
1936/1936 - 51s - 26ms/step - loss: 0.0971 - val_loss: 0.1840
Epoch 128/350
1936/1936 - 51s - 26ms/step - loss: 0.0966 - val_loss: 0.1930
Epoch 129/350
1936/1936 - 51s - 26ms/step - loss: 0.0958 - val_loss: 0.1888
Epoch 130/350
1936/1936 - 51s - 26ms/step - loss: 0.0954 - val_loss: 0.1898
Epoch 131/350
1936/1936 - 51s - 26ms/step - loss: 0.0959 - val_loss: 0.1890
Epoch 132/350
1936/1936 - 51s - 26ms/step - loss: 0.0963 - val_loss: 0.1852
Epoch 133/350
1936/1936 - 51s - 26ms/step - loss: 0.0952 - val_loss: 0.1911
Epoch 134/350
1936/1936 - 51s - 26ms/step - loss: 0.0947 - val_loss: 0.1873
Epoch 135/350
1936/1936 - 51s - 26ms/step - loss: 0.0945 - val_loss: 0.1896
Epoch 136/350
1936/1936 - 50s - 26ms/step - loss: 0.0957 - val_loss: 0.1861
Epoch 137/350
1936/1936 - 51s - 26ms/step - loss: 0.0947 - val_loss: 0.1860
Epoch 138/350
1936/1936 - 50s - 26ms/step - loss: 0.0945 - val_loss: 0.1845
Epoch 139/350
1936/1936 - 50s - 26ms/step - loss: 0.0941 - val_loss: 0.1927
Epoch 140/350
1936/1936 - 51s - 26ms/step - loss: 0.0938 - val_loss: 0.1826
Epoch 141/350
1936/1936 - 52s - 27ms/step - loss: 0.0933 - val_loss: 0.1960
Epoch 142/350
1936/1936 - 51s - 26ms/step - loss: 0.0938 - val_loss: 0.1886
Epoch 143/350
1936/1936 - 51s - 26ms/step - loss: 0.0932 - val_loss: 0.1895
Epoch 144/350
1936/1936 - 51s - 26ms/step - loss: 0.0922 - val_loss: 0.1854
Epoch 145/350
1936/1936 - 51s - 26ms/step - loss: 0.0930 - val_loss: 0.1898
Epoch 146/350
1936/1936 - 51s - 26ms/step - loss: 0.0920 - val_loss: 0.1890
Epoch 147/350
1936/1936 - 51s - 26ms/step - loss: 0.0919 - val_loss: 0.1834
Epoch 148/350
1936/1936 - 51s - 27ms/step - loss: 0.0916 - val_loss: 0.1901
Epoch 149/350
1936/1936 - 51s - 26ms/step - loss: 0.0917 - val_loss: 0.1916
Epoch 150/350
1936/1936 - 51s - 26ms/step - loss: 0.0925 - val_loss: 0.1860
Epoch 151/350
1936/1936 - 51s - 27ms/step - loss: 0.0915 - val_loss: 0.1902
Epoch 152/350
1936/1936 - 50s - 26ms/step - loss: 0.0909 - val_loss: 0.1862
Epoch 153/350
1936/1936 - 51s - 26ms/step - loss: 0.0912 - val_loss: 0.1859
Epoch 154/350
1936/1936 - 51s - 26ms/step - loss: 0.0910 - val_loss: 0.1928
Epoch 155/350
1936/1936 - 51s - 26ms/step - loss: 0.0900 - val_loss: 0.1817
Epoch 156/350
1936/1936 - 51s - 26ms/step - loss: 0.0914 - val_loss: 0.1899
Epoch 157/350
1936/1936 - 51s - 26ms/step - loss: 0.0899 - val_loss: 0.1897
Epoch 158/350
1936/1936 - 51s - 26ms/step - loss: 0.0899 - val_loss: 0.1830
Epoch 159/350
1936/1936 - 50s - 26ms/step - loss: 0.0895 - val_loss: 0.1913
Epoch 160/350
1936/1936 - 51s - 26ms/step - loss: 0.0894 - val_loss: 0.1856
Epoch 161/350
1936/1936 - 51s - 26ms/step - loss: 0.0881 - val_loss: 0.1833
Epoch 162/350
1936/1936 - 51s - 26ms/step - loss: 0.0887 - val_loss: 0.1928
Epoch 163/350
1936/1936 - 51s - 26ms/step - loss: 0.0893 - val_loss: 0.1873
Epoch 164/350
1936/1936 - 51s - 26ms/step - loss: 0.0882 - val_loss: 0.1877
Epoch 165/350
1936/1936 - 51s - 26ms/step - loss: 0.0886 - val_loss: 0.1853
Epoch 166/350
1936/1936 - 51s - 26ms/step - loss: 0.0884 - val_loss: 0.1857
Epoch 167/350
1936/1936 - 51s - 26ms/step - loss: 0.0875 - val_loss: 0.1820
Epoch 168/350
1936/1936 - 51s - 26ms/step - loss: 0.0871 - val_loss: 0.1877
Epoch 169/350
1936/1936 - 51s - 26ms/step - loss: 0.0876 - val_loss: 0.1988
Epoch 170/350
1936/1936 - 51s - 26ms/step - loss: 0.0876 - val_loss: 0.1892
Epoch 171/350
1936/1936 - 51s - 26ms/step - loss: 0.0873 - val_loss: 0.1853
Epoch 172/350
1936/1936 - 51s - 26ms/step - loss: 0.0868 - val_loss: 0.1924
Epoch 173/350
1936/1936 - 51s - 26ms/step - loss: 0.0866 - val_loss: 0.1848
Epoch 174/350
1936/1936 - 50s - 26ms/step - loss: 0.0858 - val_loss: 0.2021
Epoch 175/350
1936/1936 - 51s - 26ms/step - loss: 0.0861 - val_loss: 0.1898
Epoch 176/350
1936/1936 - 51s - 26ms/step - loss: 0.0851 - val_loss: 0.1885
Epoch 177/350
1936/1936 - 51s - 27ms/step - loss: 0.0856 - val_loss: 0.1882
Epoch 178/350
1936/1936 - 51s - 26ms/step - loss: 0.0856 - val_loss: 0.1853
Epoch 179/350
1936/1936 - 51s - 26ms/step - loss: 0.0864 - val_loss: 0.1917
Epoch 180/350
1936/1936 - 51s - 26ms/step - loss: 0.0857 - val_loss: 0.1956
Epoch 181/350
1936/1936 - 51s - 26ms/step - loss: 0.0858 - val_loss: 0.1875
Epoch 182/350
1936/1936 - 52s - 27ms/step - loss: 0.0846 - val_loss: 0.1873
Epoch 183/350
1936/1936 - 51s - 26ms/step - loss: 0.0847 - val_loss: 0.1898
Epoch 184/350
1936/1936 - 50s - 26ms/step - loss: 0.0844 - val_loss: 0.1942
Epoch 185/350
1936/1936 - 51s - 26ms/step - loss: 0.0849 - val_loss: 0.1835
Epoch 186/350
1936/1936 - 51s - 26ms/step - loss: 0.0836 - val_loss: 0.1859
Epoch 187/350
1936/1936 - 51s - 27ms/step - loss: 0.0840 - val_loss: 0.1834
Epoch 188/350
1936/1936 - 51s - 26ms/step - loss: 0.0828 - val_loss: 0.1876
Epoch 189/350
1936/1936 - 51s - 26ms/step - loss: 0.0834 - val_loss: 0.1851
Epoch 190/350
1936/1936 - 51s - 27ms/step - loss: 0.0835 - val_loss: 0.1895
Epoch 191/350
1936/1936 - 51s - 26ms/step - loss: 0.0836 - val_loss: 0.1919
Epoch 192/350
1936/1936 - 52s - 27ms/step - loss: 0.0836 - val_loss: 0.1881
Epoch 193/350
1936/1936 - 52s - 27ms/step - loss: 0.0826 - val_loss: 0.1846
Epoch 194/350
1936/1936 - 52s - 27ms/step - loss: 0.0827 - val_loss: 0.1883
Epoch 195/350
1936/1936 - 52s - 27ms/step - loss: 0.0829 - val_loss: 0.1848
Epoch 196/350
1936/1936 - 52s - 27ms/step - loss: 0.0821 - val_loss: 0.1868
Epoch 197/350
1936/1936 - 52s - 27ms/step - loss: 0.0839 - val_loss: 0.1868
Epoch 198/350
1936/1936 - 52s - 27ms/step - loss: 0.0832 - val_loss: 0.1894
Epoch 199/350
1936/1936 - 52s - 27ms/step - loss: 0.0820 - val_loss: 0.1902
Epoch 200/350
1936/1936 - 52s - 27ms/step - loss: 0.0830 - val_loss: 0.1899
Epoch 201/350
1936/1936 - 52s - 27ms/step - loss: 0.0810 - val_loss: 0.1842
Epoch 202/350
1936/1936 - 52s - 27ms/step - loss: 0.0813 - val_loss: 0.1896
Epoch 203/350
1936/1936 - 52s - 27ms/step - loss: 0.0810 - val_loss: 0.1881
Epoch 204/350
1936/1936 - 53s - 27ms/step - loss: 0.0810 - val_loss: 0.1921
Epoch 205/350
1936/1936 - 52s - 27ms/step - loss: 0.0815 - val_loss: 0.1971
Epoch 206/350
1936/1936 - 52s - 27ms/step - loss: 0.0809 - val_loss: 0.1919
Epoch 207/350
1936/1936 - 52s - 27ms/step - loss: 0.0821 - val_loss: 0.1880
Epoch 208/350
1936/1936 - 52s - 27ms/step - loss: 0.0811 - val_loss: 0.1887
Epoch 209/350
1936/1936 - 52s - 27ms/step - loss: 0.0806 - val_loss: 0.1856
Epoch 210/350
1936/1936 - 52s - 27ms/step - loss: 0.0802 - val_loss: 0.1932
Epoch 211/350
1936/1936 - 52s - 27ms/step - loss: 0.0798 - val_loss: 0.1936
Epoch 212/350
1936/1936 - 52s - 27ms/step - loss: 0.0804 - val_loss: 0.1907
Epoch 213/350
1936/1936 - 52s - 27ms/step - loss: 0.0802 - val_loss: 0.1970
Epoch 214/350
1936/1936 - 52s - 27ms/step - loss: 0.0799 - val_loss: 0.1883
Epoch 215/350
1936/1936 - 52s - 27ms/step - loss: 0.0799 - val_loss: 0.1862
Epoch 216/350
1936/1936 - 52s - 27ms/step - loss: 0.0809 - val_loss: 0.1885
Epoch 217/350
1936/1936 - 52s - 27ms/step - loss: 0.0806 - val_loss: 0.1925
Epoch 218/350
1936/1936 - 52s - 27ms/step - loss: 0.0799 - val_loss: 0.1882
Epoch 219/350
1936/1936 - 52s - 27ms/step - loss: 0.0801 - val_loss: 0.1865
Epoch 220/350
1936/1936 - 53s - 27ms/step - loss: 0.0791 - val_loss: 0.1940
Epoch 221/350
1936/1936 - 52s - 27ms/step - loss: 0.0790 - val_loss: 0.1927
Epoch 222/350
1936/1936 - 52s - 27ms/step - loss: 0.0792 - val_loss: 0.1927
Epoch 223/350
1936/1936 - 52s - 27ms/step - loss: 0.0798 - val_loss: 0.1899
Epoch 224/350
1936/1936 - 52s - 27ms/step - loss: 0.0782 - val_loss: 0.1906
Epoch 225/350
1936/1936 - 52s - 27ms/step - loss: 0.0782 - val_loss: 0.1931
Epoch 226/350
1936/1936 - 52s - 27ms/step - loss: 0.0783 - val_loss: 0.1848
Epoch 227/350
1936/1936 - 52s - 27ms/step - loss: 0.0779 - val_loss: 0.2010
Epoch 228/350
1936/1936 - 53s - 27ms/step - loss: 0.0779 - val_loss: 0.1900
Epoch 229/350
1936/1936 - 52s - 27ms/step - loss: 0.0766 - val_loss: 0.1973
Epoch 230/350
1936/1936 - 52s - 27ms/step - loss: 0.0791 - val_loss: 0.1869
Epoch 231/350
1936/1936 - 52s - 27ms/step - loss: 0.0797 - val_loss: 0.1908
Epoch 232/350
1936/1936 - 52s - 27ms/step - loss: 0.0777 - val_loss: 0.1909
Epoch 233/350
1936/1936 - 52s - 27ms/step - loss: 0.0774 - val_loss: 0.1967
Epoch 234/350
1936/1936 - 52s - 27ms/step - loss: 0.0777 - val_loss: 0.1935
Epoch 235/350
1936/1936 - 52s - 27ms/step - loss: 0.0768 - val_loss: 0.1899
Epoch 236/350
1936/1936 - 52s - 27ms/step - loss: 0.0767 - val_loss: 0.1965
Epoch 237/350
1936/1936 - 52s - 27ms/step - loss: 0.0773 - val_loss: 0.1920
Epoch 238/350
1936/1936 - 52s - 27ms/step - loss: 0.0761 - val_loss: 0.1939
Epoch 239/350
1936/1936 - 52s - 27ms/step - loss: 0.0759 - val_loss: 0.1959
Epoch 240/350
1936/1936 - 52s - 27ms/step - loss: 0.0761 - val_loss: 0.1876
Epoch 241/350
1936/1936 - 52s - 27ms/step - loss: 0.0764 - val_loss: 0.1955
Epoch 242/350
1936/1936 - 52s - 27ms/step - loss: 0.0758 - val_loss: 0.1909
Epoch 243/350
1936/1936 - 52s - 27ms/step - loss: 0.0761 - val_loss: 0.1938
Epoch 244/350
1936/1936 - 52s - 27ms/step - loss: 0.0761 - val_loss: 0.1914
Epoch 245/350
1936/1936 - 53s - 27ms/step - loss: 0.0760 - val_loss: 0.1947
Epoch 246/350
1936/1936 - 52s - 27ms/step - loss: 0.0762 - val_loss: 0.1891
Epoch 247/350
1936/1936 - 52s - 27ms/step - loss: 0.0754 - val_loss: 0.1871
Epoch 248/350
1936/1936 - 53s - 27ms/step - loss: 0.0755 - val_loss: 0.1988
Epoch 249/350
1936/1936 - 52s - 27ms/step - loss: 0.0761 - val_loss: 0.1923
Epoch 250/350
1936/1936 - 52s - 27ms/step - loss: 0.0753 - val_loss: 0.1934
Epoch 251/350
1936/1936 - 52s - 27ms/step - loss: 0.0762 - val_loss: 0.1917
Epoch 252/350
1936/1936 - 52s - 27ms/step - loss: 0.0769 - val_loss: 0.1932
Epoch 253/350
1936/1936 - 52s - 27ms/step - loss: 0.0767 - val_loss: 0.1914
Epoch 254/350
1936/1936 - 53s - 27ms/step - loss: 0.0756 - val_loss: 0.1956
Epoch 255/350
1936/1936 - 52s - 27ms/step - loss: 0.0744 - val_loss: 0.1897
Epoch 256/350
1936/1936 - 52s - 27ms/step - loss: 0.0766 - val_loss: 0.1917
Epoch 257/350
1936/1936 - 53s - 27ms/step - loss: 0.0765 - val_loss: 0.1914
Epoch 258/350
1936/1936 - 52s - 27ms/step - loss: 0.0733 - val_loss: 0.1881
Epoch 259/350
1936/1936 - 52s - 27ms/step - loss: 0.0749 - val_loss: 0.1903
Epoch 260/350
1936/1936 - 52s - 27ms/step - loss: 0.0746 - val_loss: 0.1873
Epoch 261/350
1936/1936 - 52s - 27ms/step - loss: 0.0737 - val_loss: 0.1905
Epoch 262/350
1936/1936 - 52s - 27ms/step - loss: 0.0740 - val_loss: 0.1917
Epoch 263/350
1936/1936 - 52s - 27ms/step - loss: 0.0736 - val_loss: 0.1937
Epoch 264/350
1936/1936 - 52s - 27ms/step - loss: 0.0740 - val_loss: 0.1842
Epoch 265/350
1936/1936 - 52s - 27ms/step - loss: 0.0730 - val_loss: 0.1900
Epoch 266/350
1936/1936 - 52s - 27ms/step - loss: 0.0741 - val_loss: 0.1955
Epoch 267/350
1936/1936 - 52s - 27ms/step - loss: 0.0735 - val_loss: 0.1922
Epoch 268/350
1936/1936 - 52s - 27ms/step - loss: 0.0735 - val_loss: 0.1960
Epoch 269/350
1936/1936 - 52s - 27ms/step - loss: 0.0734 - val_loss: 0.1865
Epoch 270/350
1936/1936 - 52s - 27ms/step - loss: 0.0732 - val_loss: 0.1903
Epoch 271/350
1936/1936 - 52s - 27ms/step - loss: 0.0732 - val_loss: 0.1932
Epoch 272/350
1936/1936 - 52s - 27ms/step - loss: 0.0729 - val_loss: 0.2078
Epoch 273/350
1936/1936 - 52s - 27ms/step - loss: 0.0734 - val_loss: 0.1966
Epoch 274/350
1936/1936 - 52s - 27ms/step - loss: 0.0741 - val_loss: 0.1989
Epoch 275/350
1936/1936 - 51s - 27ms/step - loss: 0.0723 - val_loss: 0.1904
Epoch 276/350
1936/1936 - 52s - 27ms/step - loss: 0.0731 - val_loss: 0.1968
Epoch 277/350
1936/1936 - 52s - 27ms/step - loss: 0.0727 - val_loss: 0.1921
Epoch 278/350
1936/1936 - 52s - 27ms/step - loss: 0.0717 - val_loss: 0.1945
Epoch 279/350
1936/1936 - 52s - 27ms/step - loss: 0.0726 - val_loss: 0.1955
Epoch 280/350
1936/1936 - 52s - 27ms/step - loss: 0.0718 - val_loss: 0.1943
Epoch 281/350
1936/1936 - 53s - 27ms/step - loss: 0.0721 - val_loss: 0.1886
Epoch 282/350
1936/1936 - 52s - 27ms/step - loss: 0.0714 - val_loss: 0.1916
Epoch 283/350
1936/1936 - 52s - 27ms/step - loss: 0.0717 - val_loss: 0.1931
Epoch 284/350
1936/1936 - 52s - 27ms/step - loss: 0.0732 - val_loss: 0.1899
Epoch 285/350
1936/1936 - 52s - 27ms/step - loss: 0.0721 - val_loss: 0.1956
Epoch 286/350
1936/1936 - 52s - 27ms/step - loss: 0.0716 - val_loss: 0.1942
Epoch 287/350
1936/1936 - 52s - 27ms/step - loss: 0.0712 - val_loss: 0.1965
Epoch 288/350
1936/1936 - 52s - 27ms/step - loss: 0.0713 - val_loss: 0.1899
Epoch 289/350
1936/1936 - 52s - 27ms/step - loss: 0.0711 - val_loss: 0.1952
Epoch 290/350
1936/1936 - 52s - 27ms/step - loss: 0.0709 - val_loss: 0.1971
Epoch 291/350
1936/1936 - 52s - 27ms/step - loss: 0.0707 - val_loss: 0.1974
Epoch 292/350
1936/1936 - 52s - 27ms/step - loss: 0.0717 - val_loss: 0.1890
Epoch 293/350
1936/1936 - 52s - 27ms/step - loss: 0.0705 - val_loss: 0.1932
Epoch 294/350
1936/1936 - 52s - 27ms/step - loss: 0.0707 - val_loss: 0.1908
Epoch 295/350
1936/1936 - 52s - 27ms/step - loss: 0.0715 - val_loss: 0.1914
Epoch 296/350
1936/1936 - 52s - 27ms/step - loss: 0.0702 - val_loss: 0.1903
Epoch 297/350
1936/1936 - 52s - 27ms/step - loss: 0.0702 - val_loss: 0.1950
Epoch 298/350
1936/1936 - 52s - 27ms/step - loss: 0.0716 - val_loss: 0.1909
Epoch 299/350
1936/1936 - 52s - 27ms/step - loss: 0.0697 - val_loss: 0.1959
Epoch 300/350
1936/1936 - 52s - 27ms/step - loss: 0.0704 - val_loss: 0.1930
Epoch 301/350
1936/1936 - 52s - 27ms/step - loss: 0.0696 - val_loss: 0.1912
Epoch 302/350
1936/1936 - 52s - 27ms/step - loss: 0.0704 - val_loss: 0.1902
Epoch 303/350
1936/1936 - 53s - 27ms/step - loss: 0.0696 - val_loss: 0.1964
Epoch 304/350
1936/1936 - 52s - 27ms/step - loss: 0.0693 - val_loss: 0.1904
Epoch 305/350
1936/1936 - 52s - 27ms/step - loss: 0.0691 - val_loss: 0.1905
Epoch 306/350
1936/1936 - 52s - 27ms/step - loss: 0.0692 - val_loss: 0.1944
Epoch 307/350
1936/1936 - 52s - 27ms/step - loss: 0.0699 - val_loss: 0.1899
Epoch 308/350
1936/1936 - 52s - 27ms/step - loss: 0.0690 - val_loss: 0.1883
Epoch 309/350
1936/1936 - 52s - 27ms/step - loss: 0.0700 - val_loss: 0.1930
Epoch 310/350
1936/1936 - 52s - 27ms/step - loss: 0.0699 - val_loss: 0.1938
Epoch 311/350
1936/1936 - 52s - 27ms/step - loss: 0.0687 - val_loss: 0.1930
Epoch 312/350
1936/1936 - 52s - 27ms/step - loss: 0.0691 - val_loss: 0.1945
Epoch 313/350
1936/1936 - 52s - 27ms/step - loss: 0.0689 - val_loss: 0.1912
Epoch 314/350
1936/1936 - 52s - 27ms/step - loss: 0.0689 - val_loss: 0.1963
Epoch 315/350
1936/1936 - 52s - 27ms/step - loss: 0.0683 - val_loss: 0.1979
Epoch 316/350
1936/1936 - 52s - 27ms/step - loss: 0.0682 - val_loss: 0.1998
Epoch 317/350
1936/1936 - 53s - 27ms/step - loss: 0.0678 - val_loss: 0.1897
Epoch 318/350
1936/1936 - 52s - 27ms/step - loss: 0.0682 - val_loss: 0.1927
Epoch 319/350
1936/1936 - 53s - 27ms/step - loss: 0.0682 - val_loss: 0.1946
Epoch 320/350
1936/1936 - 52s - 27ms/step - loss: 0.0683 - val_loss: 0.1911
Epoch 321/350
1936/1936 - 52s - 27ms/step - loss: 0.0679 - val_loss: 0.1946
Epoch 322/350
1936/1936 - 52s - 27ms/step - loss: 0.0674 - val_loss: 0.1966
Epoch 323/350
1936/1936 - 52s - 27ms/step - loss: 0.0675 - val_loss: 0.1936
Epoch 324/350
1936/1936 - 52s - 27ms/step - loss: 0.0688 - val_loss: 0.1916
Epoch 325/350
1936/1936 - 52s - 27ms/step - loss: 0.0686 - val_loss: 0.1924
Epoch 326/350
1936/1936 - 52s - 27ms/step - loss: 0.0681 - val_loss: 0.1966
Epoch 327/350
1936/1936 - 52s - 27ms/step - loss: 0.0677 - val_loss: 0.1919
Epoch 328/350
1936/1936 - 52s - 27ms/step - loss: 0.0670 - val_loss: 0.1977
Epoch 329/350
1936/1936 - 52s - 27ms/step - loss: 0.0680 - val_loss: 0.1925
Epoch 330/350
1936/1936 - 52s - 27ms/step - loss: 0.0677 - val_loss: 0.1901
Epoch 331/350
1936/1936 - 52s - 27ms/step - loss: 0.0682 - val_loss: 0.1982
Epoch 332/350
1936/1936 - 52s - 27ms/step - loss: 0.0675 - val_loss: 0.1984
Epoch 333/350
1936/1936 - 52s - 27ms/step - loss: 0.0667 - val_loss: 0.1932
Epoch 334/350
1936/1936 - 52s - 27ms/step - loss: 0.0668 - val_loss: 0.1958
Epoch 335/350
1936/1936 - 52s - 27ms/step - loss: 0.0670 - val_loss: 0.1951
Epoch 336/350
1936/1936 - 52s - 27ms/step - loss: 0.0672 - val_loss: 0.1943
Epoch 337/350
1936/1936 - 53s - 27ms/step - loss: 0.0662 - val_loss: 0.1894
Epoch 338/350
1936/1936 - 52s - 27ms/step - loss: 0.0672 - val_loss: 0.1964
Epoch 339/350
1936/1936 - 52s - 27ms/step - loss: 0.0665 - val_loss: 0.1900
Epoch 340/350
1936/1936 - 53s - 27ms/step - loss: 0.0678 - val_loss: 0.1927
Epoch 341/350
1936/1936 - 52s - 27ms/step - loss: 0.0666 - val_loss: 0.2006
Epoch 342/350
1936/1936 - 52s - 27ms/step - loss: 0.0672 - val_loss: 0.1906
Epoch 343/350
1936/1936 - 52s - 27ms/step - loss: 0.0667 - val_loss: 0.1938
Epoch 344/350
1936/1936 - 52s - 27ms/step - loss: 0.0666 - val_loss: 0.1940
Epoch 345/350
1936/1936 - 52s - 27ms/step - loss: 0.0658 - val_loss: 0.1917
Epoch 346/350
1936/1936 - 52s - 27ms/step - loss: 0.0661 - val_loss: 0.1931
Epoch 347/350
1936/1936 - 53s - 27ms/step - loss: 0.0673 - val_loss: 0.1958
Epoch 348/350
1936/1936 - 52s - 27ms/step - loss: 0.0663 - val_loss: 0.2022
Epoch 349/350
1936/1936 - 52s - 27ms/step - loss: 0.0663 - val_loss: 0.1942
Epoch 350/350
1936/1936 - 52s - 27ms/step - loss: 0.0656 - val_loss: 0.1967
Test MAE: 0.412047569782328
Validation MAE (original units): 0.4033541732272897
Wrote: /ibex/user/shoaibsa/Intrinsic_Dimensionality_ML_Materials/DimeNetPP/DimeNetPP_MP/results_dimenetpp_bandgap_fastfood/dimenetpp_bandgap_fastfood_dim80_modelseed123_splitseed1123_epochs350/dimenetpp_test_predictions_impl=wrapper_v3_method=fastfood_dim=80pct_epochs=350_seed=123_splitseed=1123_ortho=0_rot=0_blockcols=0_orthobackend=none_train_mode=wrapped_task=band_gap.csv
Wrote: /ibex/user/shoaibsa/Intrinsic_Dimensionality_ML_Materials/DimeNetPP/DimeNetPP_MP/results_dimenetpp_bandgap_fastfood/dimenetpp_bandgap_fastfood_dim80_modelseed123_splitseed1123_epochs350/history_impl=wrapper_v3_method=fastfood_dim=80pct_epochs=350_seed=123_splitseed=1123_ortho=0_rot=0_blockcols=0_orthobackend=none_train_mode=wrapped_task=band_gap.json
Wrote: /ibex/user/shoaibsa/Intrinsic_Dimensionality_ML_Materials/DimeNetPP/DimeNetPP_MP/results_dimenetpp_bandgap_fastfood/dimenetpp_bandgap_fastfood_dim80_modelseed123_splitseed1123_epochs350/z_impl=wrapper_v3_method=fastfood_dim=80pct_epochs=350_seed=123_splitseed=1123_ortho=0_rot=0_blockcols=0_orthobackend=none_train_mode=wrapped_task=band_gap.npy
Training wall time: 18131.20 s (302.19 min)
