2026-06-22 01:48:50.174440: I tensorflow/core/util/port.cc:153] oneDNN custom operations are on. You may see slightly different numerical results due to floating-point round-off errors from different computation orders. To turn them off, set the environment variable `TF_ENABLE_ONEDNN_OPTS=0`.
2026-06-22 01:48:50.192669: E external/local_xla/xla/stream_executor/cuda/cuda_fft.cc:485] Unable to register cuFFT factory: Attempting to register factory for plugin cuFFT when one has already been registered
2026-06-22 01:48:50.210121: E external/local_xla/xla/stream_executor/cuda/cuda_dnn.cc:8454] Unable to register cuDNN factory: Attempting to register factory for plugin cuDNN when one has already been registered
2026-06-22 01:48:50.215388: E external/local_xla/xla/stream_executor/cuda/cuda_blas.cc:1452] Unable to register cuBLAS factory: Attempting to register factory for plugin cuBLAS when one has already been registered
2026-06-22 01:48:50.228269: I tensorflow/core/platform/cpu_feature_guard.cc:210] This TensorFlow binary is optimized to use available CPU instructions in performance-critical operations.
To enable the following instructions: AVX2 AVX512F AVX512_VNNI FMA, in other operations, rebuild TensorFlow with the appropriate compiler flags.
2026-06-22 01:48:51.796053: W tensorflow/compiler/tf2tensorrt/utils/py_utils.cc:38] TF-TRT Warning: Could not find TensorRT
2026-06-22 01:48:55.191365: I tensorflow/core/common_runtime/gpu/gpu_device.cc:2021] Created device /job:localhost/replica:0/task:0/device:GPU:0 with 31134 MB memory:  -> device: 0, name: Tesla V100-SXM2-32GB, pci bus id: 0000:1a:00.0, compute capability: 7.0
INFO:kgcnn.models.utils:Updated model kwargs: '{'name': 'DimeNetPP', 'inputs': [{'shape': [None], 'name': 'node_number', 'dtype': 'int32', 'ragged': True}, {'shape': [None, 3], 'name': 'node_coordinates', 'dtype': 'float32', 'ragged': True}, {'shape': [None, 2], 'name': 'range_indices', 'dtype': 'int64', 'ragged': True}, {'shape': [None, 2], 'name': 'angle_indices', 'dtype': 'int64', 'ragged': True}, {'shape': (None, 3), 'name': 'range_image', 'dtype': 'int64', 'ragged': True}, {'shape': (3, 3), 'name': 'graph_lattice', 'dtype': 'float32', 'ragged': False}], 'input_tensor_type': 'ragged', 'input_embedding': None, 'cast_disjoint_kwargs': {}, 'input_node_embedding': {'input_dim': 95, 'output_dim': 55, 'embeddings_initializer': {'class_name': 'RandomUniform', 'config': {'minval': -1.7320508075688772, 'maxval': 1.7320508075688772}}}, 'emb_size': 55, 'out_emb_size': 64, 'int_emb_size': 64, 'basis_emb_size': 8, 'num_blocks': 1, 'num_spherical': 7, 'num_radial': 6, 'cutoff': 8.0, 'envelope_exponent': 5, 'num_before_skip': 1, 'num_after_skip': 2, 'num_dense_output': 3, 'num_targets': 1, 'extensive': False, 'output_init': 'zeros', 'activation': 'swish', 'verbose': 10, 'output_embedding': 'graph', 'use_output_mlp': False, 'output_tensor_type': 'padded', 'output_scaling': None, 'output_mlp': {}}'.
Visible GPUs: [PhysicalDevice(name='/physical_device:GPU:0', device_type='GPU')]
Loading cached tensors: /ibex/user/shoaibsa/Intrinsic_Dimensionality_ML_Materials/DimeNetPP/DimeNetPP_MP/cached_tensors_dimenetpp_bandgap/splitseed1123/dimenetpp_bandgap_cached_tensors.pkl
Loaded cached tensors from: /ibex/user/shoaibsa/Intrinsic_Dimensionality_ML_Materials/DimeNetPP/DimeNetPP_MP/cached_tensors_dimenetpp_bandgap/splitseed1123
Shapes: y_train (123902, 1) y_val (15487, 1) y_test (15489, 1)

Running WRAPPER-V3 DimeNet++ band gap model

Projection method: fastfood
Intrinsic dimension spec: 0.2
D: 83685 d: 16737
Trainable vars: ['z']
Model: "SubspaceProjectedGradTFV3_fastfood"
┏━━━━━━━━━━━━━━━━━━━━━━━━━━━━━━━━━┳━━━━━━━━━━━━━━━━━━━━━━━━┳━━━━━━━━━━━━━━━┓
┃ Layer (type)                    ┃ Output Shape           ┃       Param # ┃
┡━━━━━━━━━━━━━━━━━━━━━━━━━━━━━━━━━╇━━━━━━━━━━━━━━━━━━━━━━━━╇━━━━━━━━━━━━━━━┩
│ DimeNetPP (Functional)          │ (None, 1)              │        83,685 │
└─────────────────────────────────┴────────────────────────┴───────────────┘
 Total params: 624,711 (2.38 MB)
 Trainable params: 16,737 (65.38 KB)
 Non-trainable params: 607,974 (2.32 MB)
Epoch 1/350
1936/1936 - 69s - 36ms/step - loss: 0.6674 - val_loss: 0.5146
Epoch 2/350
1936/1936 - 59s - 30ms/step - loss: 0.4914 - val_loss: 0.4414
Epoch 3/350
1936/1936 - 58s - 30ms/step - loss: 0.4357 - val_loss: 0.4039
Epoch 4/350
1936/1936 - 58s - 30ms/step - loss: 0.3980 - val_loss: 0.3794
Epoch 5/350
1936/1936 - 59s - 30ms/step - loss: 0.3691 - val_loss: 0.3578
Epoch 6/350
1936/1936 - 58s - 30ms/step - loss: 0.3468 - val_loss: 0.3497
Epoch 7/350
1936/1936 - 57s - 30ms/step - loss: 0.3310 - val_loss: 0.3216
Epoch 8/350
1936/1936 - 58s - 30ms/step - loss: 0.3169 - val_loss: 0.3265
Epoch 9/350
1936/1936 - 58s - 30ms/step - loss: 0.3061 - val_loss: 0.3018
Epoch 10/350
1936/1936 - 58s - 30ms/step - loss: 0.2971 - val_loss: 0.2876
Epoch 11/350
1936/1936 - 58s - 30ms/step - loss: 0.2890 - val_loss: 0.2839
Epoch 12/350
1936/1936 - 58s - 30ms/step - loss: 0.2821 - val_loss: 0.2850
Epoch 13/350
1936/1936 - 57s - 30ms/step - loss: 0.2750 - val_loss: 0.2766
Epoch 14/350
1936/1936 - 57s - 30ms/step - loss: 0.2707 - val_loss: 0.2667
Epoch 15/350
1936/1936 - 58s - 30ms/step - loss: 0.2649 - val_loss: 0.2640
Epoch 16/350
1936/1936 - 58s - 30ms/step - loss: 0.2600 - val_loss: 0.2714
Epoch 17/350
1936/1936 - 58s - 30ms/step - loss: 0.2553 - val_loss: 0.2584
Epoch 18/350
1936/1936 - 57s - 29ms/step - loss: 0.2510 - val_loss: 0.2660
Epoch 19/350
1936/1936 - 57s - 30ms/step - loss: 0.2469 - val_loss: 0.2473
Epoch 20/350
1936/1936 - 57s - 29ms/step - loss: 0.2444 - val_loss: 0.2530
Epoch 21/350
1936/1936 - 57s - 30ms/step - loss: 0.2391 - val_loss: 0.2767
Epoch 22/350
1936/1936 - 58s - 30ms/step - loss: 0.2365 - val_loss: 0.2483
Epoch 23/350
1936/1936 - 58s - 30ms/step - loss: 0.2333 - val_loss: 0.2393
Epoch 24/350
1936/1936 - 58s - 30ms/step - loss: 0.2320 - val_loss: 0.2526
Epoch 25/350
1936/1936 - 58s - 30ms/step - loss: 0.2287 - val_loss: 0.2347
Epoch 26/350
1936/1936 - 58s - 30ms/step - loss: 0.2273 - val_loss: 0.2365
Epoch 27/350
1936/1936 - 58s - 30ms/step - loss: 0.2232 - val_loss: 0.2381
Epoch 28/350
1936/1936 - 58s - 30ms/step - loss: 0.2216 - val_loss: 0.2435
Epoch 29/350
1936/1936 - 57s - 30ms/step - loss: 0.2195 - val_loss: 0.2306
Epoch 30/350
1936/1936 - 57s - 29ms/step - loss: 0.2175 - val_loss: 0.2450
Epoch 31/350
1936/1936 - 58s - 30ms/step - loss: 0.2160 - val_loss: 0.2309
Epoch 32/350
1936/1936 - 57s - 30ms/step - loss: 0.2136 - val_loss: 0.2286
Epoch 33/350
1936/1936 - 57s - 30ms/step - loss: 0.2122 - val_loss: 0.2310
Epoch 34/350
1936/1936 - 58s - 30ms/step - loss: 0.2097 - val_loss: 0.2308
Epoch 35/350
1936/1936 - 58s - 30ms/step - loss: 0.2082 - val_loss: 0.2434
Epoch 36/350
1936/1936 - 57s - 30ms/step - loss: 0.2072 - val_loss: 0.2254
Epoch 37/350
1936/1936 - 57s - 30ms/step - loss: 0.2062 - val_loss: 0.2233
Epoch 38/350
1936/1936 - 57s - 30ms/step - loss: 0.2048 - val_loss: 0.2235
Epoch 39/350
1936/1936 - 57s - 30ms/step - loss: 0.2029 - val_loss: 0.2204
Epoch 40/350
1936/1936 - 57s - 29ms/step - loss: 0.2010 - val_loss: 0.2206
Epoch 41/350
1936/1936 - 57s - 29ms/step - loss: 0.1997 - val_loss: 0.2212
Epoch 42/350
1936/1936 - 57s - 29ms/step - loss: 0.1989 - val_loss: 0.2210
Epoch 43/350
1936/1936 - 57s - 29ms/step - loss: 0.1970 - val_loss: 0.2174
Epoch 44/350
1936/1936 - 57s - 30ms/step - loss: 0.1965 - val_loss: 0.2161
Epoch 45/350
1936/1936 - 57s - 29ms/step - loss: 0.1944 - val_loss: 0.2226
Epoch 46/350
1936/1936 - 57s - 30ms/step - loss: 0.1930 - val_loss: 0.2181
Epoch 47/350
1936/1936 - 57s - 29ms/step - loss: 0.1925 - val_loss: 0.2154
Epoch 48/350
1936/1936 - 57s - 30ms/step - loss: 0.1916 - val_loss: 0.2153
Epoch 49/350
1936/1936 - 57s - 29ms/step - loss: 0.1904 - val_loss: 0.2256
Epoch 50/350
1936/1936 - 57s - 30ms/step - loss: 0.1891 - val_loss: 0.2130
Epoch 51/350
1936/1936 - 57s - 29ms/step - loss: 0.1887 - val_loss: 0.2188
Epoch 52/350
1936/1936 - 57s - 30ms/step - loss: 0.1879 - val_loss: 0.2169
Epoch 53/350
1936/1936 - 57s - 29ms/step - loss: 0.1856 - val_loss: 0.2141
Epoch 54/350
1936/1936 - 57s - 30ms/step - loss: 0.1863 - val_loss: 0.2136
Epoch 55/350
1936/1936 - 57s - 29ms/step - loss: 0.1874 - val_loss: 0.2102
Epoch 56/350
1936/1936 - 57s - 29ms/step - loss: 0.1841 - val_loss: 0.2193
Epoch 57/350
1936/1936 - 57s - 29ms/step - loss: 0.1834 - val_loss: 0.2084
Epoch 58/350
1936/1936 - 57s - 29ms/step - loss: 0.1820 - val_loss: 0.2081
Epoch 59/350
1936/1936 - 57s - 29ms/step - loss: 0.1806 - val_loss: 0.2106
Epoch 60/350
1936/1936 - 57s - 30ms/step - loss: 0.1798 - val_loss: 0.2115
Epoch 61/350
1936/1936 - 57s - 29ms/step - loss: 0.1795 - val_loss: 0.2096
Epoch 62/350
1936/1936 - 57s - 30ms/step - loss: 0.1789 - val_loss: 0.2084
Epoch 63/350
1936/1936 - 57s - 29ms/step - loss: 0.1781 - val_loss: 0.2105
Epoch 64/350
1936/1936 - 57s - 30ms/step - loss: 0.1773 - val_loss: 0.2233
Epoch 65/350
1936/1936 - 57s - 29ms/step - loss: 0.1772 - val_loss: 0.2178
Epoch 66/350
1936/1936 - 57s - 29ms/step - loss: 0.1762 - val_loss: 0.2062
Epoch 67/350
1936/1936 - 57s - 29ms/step - loss: 0.1749 - val_loss: 0.2088
Epoch 68/350
1936/1936 - 57s - 30ms/step - loss: 0.1757 - val_loss: 0.2144
Epoch 69/350
1936/1936 - 57s - 29ms/step - loss: 0.1746 - val_loss: 0.2244
Epoch 70/350
1936/1936 - 57s - 30ms/step - loss: 0.1737 - val_loss: 0.2171
Epoch 71/350
1936/1936 - 57s - 30ms/step - loss: 0.1728 - val_loss: 0.2082
Epoch 72/350
1936/1936 - 57s - 30ms/step - loss: 0.1723 - val_loss: 0.2116
Epoch 73/350
1936/1936 - 57s - 29ms/step - loss: 0.1720 - val_loss: 0.2087
Epoch 74/350
1936/1936 - 57s - 30ms/step - loss: 0.1713 - val_loss: 0.2216
Epoch 75/350
1936/1936 - 57s - 29ms/step - loss: 0.1710 - val_loss: 0.2185
Epoch 76/350
1936/1936 - 57s - 30ms/step - loss: 0.1704 - val_loss: 0.2062
Epoch 77/350
1936/1936 - 57s - 29ms/step - loss: 0.1697 - val_loss: 0.2164
Epoch 78/350
1936/1936 - 57s - 30ms/step - loss: 0.1692 - val_loss: 0.2145
Epoch 79/350
1936/1936 - 57s - 30ms/step - loss: 0.1679 - val_loss: 0.2087
Epoch 80/350
1936/1936 - 57s - 30ms/step - loss: 0.1686 - val_loss: 0.2110
Epoch 81/350
1936/1936 - 57s - 30ms/step - loss: 0.1676 - val_loss: 0.2046
Epoch 82/350
1936/1936 - 57s - 30ms/step - loss: 0.1675 - val_loss: 0.2145
Epoch 83/350
1936/1936 - 57s - 30ms/step - loss: 0.1659 - val_loss: 0.2039
Epoch 84/350
1936/1936 - 57s - 30ms/step - loss: 0.1673 - val_loss: 0.2105
Epoch 85/350
1936/1936 - 57s - 30ms/step - loss: 0.1722 - val_loss: 0.2090
Epoch 86/350
1936/1936 - 57s - 30ms/step - loss: 0.1668 - val_loss: 0.2020
Epoch 87/350
1936/1936 - 57s - 30ms/step - loss: 0.1655 - val_loss: 0.2184
Epoch 88/350
1936/1936 - 57s - 30ms/step - loss: 0.1642 - val_loss: 0.2070
Epoch 89/350
1936/1936 - 57s - 30ms/step - loss: 0.1629 - val_loss: 0.2035
Epoch 90/350
1936/1936 - 57s - 30ms/step - loss: 0.1622 - val_loss: 0.2077
Epoch 91/350
1936/1936 - 59s - 30ms/step - loss: 0.1628 - val_loss: 0.2182
Epoch 92/350
1936/1936 - 59s - 30ms/step - loss: 0.1618 - val_loss: 0.2020
Epoch 93/350
1936/1936 - 59s - 30ms/step - loss: 0.1615 - val_loss: 0.2141
Epoch 94/350
1936/1936 - 57s - 30ms/step - loss: 0.1610 - val_loss: 0.2033
Epoch 95/350
1936/1936 - 57s - 30ms/step - loss: 0.1606 - val_loss: 0.2100
Epoch 96/350
1936/1936 - 58s - 30ms/step - loss: 0.1604 - val_loss: 0.2009
Epoch 97/350
1936/1936 - 58s - 30ms/step - loss: 0.1609 - val_loss: 0.2048
Epoch 98/350
1936/1936 - 60s - 31ms/step - loss: 0.1606 - val_loss: 0.2043
Epoch 99/350
1936/1936 - 63s - 33ms/step - loss: 0.1597 - val_loss: 0.2065
Epoch 100/350
1936/1936 - 63s - 33ms/step - loss: 0.1580 - val_loss: 0.2039
Epoch 101/350
1936/1936 - 62s - 32ms/step - loss: 0.1578 - val_loss: 0.2126
Epoch 102/350
1936/1936 - 63s - 33ms/step - loss: 0.1585 - val_loss: 0.2042
Epoch 103/350
1936/1936 - 63s - 32ms/step - loss: 0.1583 - val_loss: 0.1997
Epoch 104/350
1936/1936 - 63s - 32ms/step - loss: 0.1577 - val_loss: 0.2059
Epoch 105/350
1936/1936 - 63s - 33ms/step - loss: 0.1574 - val_loss: 0.2098
Epoch 106/350
1936/1936 - 63s - 33ms/step - loss: 0.1563 - val_loss: 0.2005
Epoch 107/350
1936/1936 - 62s - 32ms/step - loss: 0.1558 - val_loss: 0.2071
Epoch 108/350
1936/1936 - 63s - 32ms/step - loss: 0.1562 - val_loss: 0.2039
Epoch 109/350
1936/1936 - 63s - 33ms/step - loss: 0.1548 - val_loss: 0.2137
Epoch 110/350
1936/1936 - 63s - 32ms/step - loss: 0.1556 - val_loss: 0.2078
Epoch 111/350
1936/1936 - 63s - 32ms/step - loss: 0.1540 - val_loss: 0.2025
Epoch 112/350
1936/1936 - 63s - 32ms/step - loss: 0.1557 - val_loss: 0.2033
Epoch 113/350
1936/1936 - 63s - 33ms/step - loss: 0.1538 - val_loss: 0.1961
Epoch 114/350
1936/1936 - 63s - 32ms/step - loss: 0.1538 - val_loss: 0.2022
Epoch 115/350
1936/1936 - 63s - 32ms/step - loss: 0.1532 - val_loss: 0.2093
Epoch 116/350
1936/1936 - 63s - 32ms/step - loss: 0.1530 - val_loss: 0.2042
Epoch 117/350
1936/1936 - 63s - 32ms/step - loss: 0.1529 - val_loss: 0.2057
Epoch 118/350
1936/1936 - 63s - 32ms/step - loss: 0.1522 - val_loss: 0.2013
Epoch 119/350
1936/1936 - 63s - 32ms/step - loss: 0.1523 - val_loss: 0.2088
Epoch 120/350
1936/1936 - 63s - 32ms/step - loss: 0.1520 - val_loss: 0.1983
Epoch 121/350
1936/1936 - 63s - 32ms/step - loss: 0.1516 - val_loss: 0.2029
Epoch 122/350
1936/1936 - 63s - 32ms/step - loss: 0.1509 - val_loss: 0.2035
Epoch 123/350
1936/1936 - 62s - 32ms/step - loss: 0.1510 - val_loss: 0.1990
Epoch 124/350
1936/1936 - 63s - 32ms/step - loss: 0.1507 - val_loss: 0.2002
Epoch 125/350
1936/1936 - 63s - 32ms/step - loss: 0.1499 - val_loss: 0.2064
Epoch 126/350
1936/1936 - 63s - 32ms/step - loss: 0.1497 - val_loss: 0.2052
Epoch 127/350
1936/1936 - 63s - 33ms/step - loss: 0.1490 - val_loss: 0.2031
Epoch 128/350
1936/1936 - 63s - 33ms/step - loss: 0.1495 - val_loss: 0.2026
Epoch 129/350
1936/1936 - 63s - 32ms/step - loss: 0.1493 - val_loss: 0.1990
Epoch 130/350
1936/1936 - 60s - 31ms/step - loss: 0.1488 - val_loss: 0.2040
Epoch 131/350
1936/1936 - 59s - 30ms/step - loss: 0.1484 - val_loss: 0.2008
Epoch 132/350
1936/1936 - 63s - 33ms/step - loss: 0.1490 - val_loss: 0.1999
Epoch 133/350
1936/1936 - 63s - 32ms/step - loss: 0.1478 - val_loss: 0.1983
Epoch 134/350
1936/1936 - 63s - 32ms/step - loss: 0.1479 - val_loss: 0.1971
Epoch 135/350
1936/1936 - 63s - 32ms/step - loss: 0.1480 - val_loss: 0.1971
Epoch 136/350
1936/1936 - 63s - 33ms/step - loss: 0.1462 - val_loss: 0.2003
Epoch 137/350
1936/1936 - 63s - 32ms/step - loss: 0.1470 - val_loss: 0.2061
Epoch 138/350
1936/1936 - 63s - 32ms/step - loss: 0.1465 - val_loss: 0.1960
Epoch 139/350
1936/1936 - 63s - 33ms/step - loss: 0.1471 - val_loss: 0.2004
Epoch 140/350
1936/1936 - 63s - 32ms/step - loss: 0.1461 - val_loss: 0.1988
Epoch 141/350
1936/1936 - 63s - 33ms/step - loss: 0.1459 - val_loss: 0.1987
Epoch 142/350
1936/1936 - 63s - 32ms/step - loss: 0.1465 - val_loss: 0.1976
Epoch 143/350
1936/1936 - 62s - 32ms/step - loss: 0.1454 - val_loss: 0.2001
Epoch 144/350
1936/1936 - 63s - 32ms/step - loss: 0.1468 - val_loss: 0.1995
Epoch 145/350
1936/1936 - 63s - 32ms/step - loss: 0.1486 - val_loss: 0.1924
Epoch 146/350
1936/1936 - 63s - 32ms/step - loss: 0.1458 - val_loss: 0.1980
Epoch 147/350
1936/1936 - 63s - 32ms/step - loss: 0.1468 - val_loss: 0.1959
Epoch 148/350
1936/1936 - 63s - 32ms/step - loss: 0.1452 - val_loss: 0.1933
Epoch 149/350
1936/1936 - 63s - 32ms/step - loss: 0.1446 - val_loss: 0.1959
Epoch 150/350
1936/1936 - 62s - 32ms/step - loss: 0.1444 - val_loss: 0.1960
Epoch 151/350
1936/1936 - 63s - 33ms/step - loss: 0.1439 - val_loss: 0.1963
Epoch 152/350
1936/1936 - 63s - 33ms/step - loss: 0.1437 - val_loss: 0.1965
Epoch 153/350
1936/1936 - 63s - 32ms/step - loss: 0.1435 - val_loss: 0.1952
Epoch 154/350
1936/1936 - 63s - 33ms/step - loss: 0.1429 - val_loss: 0.2005
Epoch 155/350
1936/1936 - 63s - 32ms/step - loss: 0.1431 - val_loss: 0.1971
Epoch 156/350
1936/1936 - 63s - 32ms/step - loss: 0.1422 - val_loss: 0.1998
Epoch 157/350
1936/1936 - 63s - 33ms/step - loss: 0.1425 - val_loss: 0.1950
Epoch 158/350
1936/1936 - 63s - 33ms/step - loss: 0.1419 - val_loss: 0.1964
Epoch 159/350
1936/1936 - 63s - 32ms/step - loss: 0.1415 - val_loss: 0.1946
Epoch 160/350
1936/1936 - 63s - 32ms/step - loss: 0.1422 - val_loss: 0.1938
Epoch 161/350
1936/1936 - 63s - 32ms/step - loss: 0.1412 - val_loss: 0.2004
Epoch 162/350
1936/1936 - 63s - 32ms/step - loss: 0.1421 - val_loss: 0.1982
Epoch 163/350
1936/1936 - 63s - 32ms/step - loss: 0.1407 - val_loss: 0.1982
Epoch 164/350
1936/1936 - 63s - 33ms/step - loss: 0.1405 - val_loss: 0.1960
Epoch 165/350
1936/1936 - 63s - 32ms/step - loss: 0.1411 - val_loss: 0.1947
Epoch 166/350
1936/1936 - 63s - 32ms/step - loss: 0.1397 - val_loss: 0.1994
Epoch 167/350
1936/1936 - 63s - 32ms/step - loss: 0.1402 - val_loss: 0.1970
Epoch 168/350
1936/1936 - 63s - 32ms/step - loss: 0.1401 - val_loss: 0.2043
Epoch 169/350
1936/1936 - 63s - 32ms/step - loss: 0.1406 - val_loss: 0.2030
Epoch 170/350
1936/1936 - 63s - 33ms/step - loss: 0.1418 - val_loss: 0.2125
Epoch 171/350
1936/1936 - 63s - 32ms/step - loss: 0.1402 - val_loss: 0.1968
Epoch 172/350
1936/1936 - 63s - 32ms/step - loss: 0.1396 - val_loss: 0.1976
Epoch 173/350
1936/1936 - 63s - 32ms/step - loss: 0.1386 - val_loss: 0.1977
Epoch 174/350
1936/1936 - 63s - 32ms/step - loss: 0.1398 - val_loss: 0.1985
Epoch 175/350
1936/1936 - 63s - 32ms/step - loss: 0.1398 - val_loss: 0.1939
Epoch 176/350
1936/1936 - 63s - 32ms/step - loss: 0.1385 - val_loss: 0.1968
Epoch 177/350
1936/1936 - 63s - 32ms/step - loss: 0.1385 - val_loss: 0.1943
Epoch 178/350
1936/1936 - 63s - 33ms/step - loss: 0.1381 - val_loss: 0.1967
Epoch 179/350
1936/1936 - 63s - 32ms/step - loss: 0.1375 - val_loss: 0.2010
Epoch 180/350
1936/1936 - 63s - 32ms/step - loss: 0.1383 - val_loss: 0.1980
Epoch 181/350
1936/1936 - 63s - 32ms/step - loss: 0.1378 - val_loss: 0.2033
Epoch 182/350
1936/1936 - 63s - 32ms/step - loss: 0.1374 - val_loss: 0.1981
Epoch 183/350
1936/1936 - 63s - 33ms/step - loss: 0.1374 - val_loss: 0.1942
Epoch 184/350
1936/1936 - 63s - 32ms/step - loss: 0.1374 - val_loss: 0.1955
Epoch 185/350
1936/1936 - 63s - 32ms/step - loss: 0.1367 - val_loss: 0.1929
Epoch 186/350
1936/1936 - 63s - 33ms/step - loss: 0.1378 - val_loss: 0.2018
Epoch 187/350
1936/1936 - 63s - 32ms/step - loss: 0.1378 - val_loss: 0.1963
Epoch 188/350
1936/1936 - 63s - 32ms/step - loss: 0.1365 - val_loss: 0.1941
Epoch 189/350
1936/1936 - 63s - 32ms/step - loss: 0.1362 - val_loss: 0.1963
Epoch 190/350
1936/1936 - 63s - 32ms/step - loss: 0.1366 - val_loss: 0.1927
Epoch 191/350
1936/1936 - 63s - 32ms/step - loss: 0.1356 - val_loss: 0.1936
Epoch 192/350
1936/1936 - 63s - 32ms/step - loss: 0.1355 - val_loss: 0.1997
Epoch 193/350
1936/1936 - 63s - 32ms/step - loss: 0.1356 - val_loss: 0.1951
Epoch 194/350
1936/1936 - 63s - 32ms/step - loss: 0.1359 - val_loss: 0.1942
Epoch 195/350
1936/1936 - 60s - 31ms/step - loss: 0.1353 - val_loss: 0.2035
Epoch 196/350
1936/1936 - 57s - 30ms/step - loss: 0.1359 - val_loss: 0.1967
Epoch 197/350
1936/1936 - 57s - 30ms/step - loss: 0.1352 - val_loss: 0.2119
Epoch 198/350
1936/1936 - 57s - 29ms/step - loss: 0.1349 - val_loss: 0.1928
Epoch 199/350
1936/1936 - 57s - 30ms/step - loss: 0.1350 - val_loss: 0.1916
Epoch 200/350
1936/1936 - 57s - 30ms/step - loss: 0.1344 - val_loss: 0.1921
Epoch 201/350
1936/1936 - 57s - 30ms/step - loss: 0.1338 - val_loss: 0.1959
Epoch 202/350
1936/1936 - 57s - 30ms/step - loss: 0.1339 - val_loss: 0.1921
Epoch 203/350
1936/1936 - 57s - 30ms/step - loss: 0.1340 - val_loss: 0.2125
Epoch 204/350
1936/1936 - 57s - 30ms/step - loss: 0.1332 - val_loss: 0.1921
Epoch 205/350
1936/1936 - 57s - 30ms/step - loss: 0.1334 - val_loss: 0.1920
Epoch 206/350
1936/1936 - 57s - 30ms/step - loss: 0.1339 - val_loss: 0.1956
Epoch 207/350
1936/1936 - 57s - 30ms/step - loss: 0.1335 - val_loss: 0.1970
Epoch 208/350
1936/1936 - 57s - 30ms/step - loss: 0.1336 - val_loss: 0.1955
Epoch 209/350
1936/1936 - 58s - 30ms/step - loss: 0.1339 - val_loss: 0.1945
Epoch 210/350
1936/1936 - 58s - 30ms/step - loss: 0.1360 - val_loss: 0.1967
Epoch 211/350
1936/1936 - 57s - 30ms/step - loss: 0.1340 - val_loss: 0.1925
Epoch 212/350
1936/1936 - 57s - 30ms/step - loss: 0.1336 - val_loss: 0.1924
Epoch 213/350
1936/1936 - 57s - 30ms/step - loss: 0.1339 - val_loss: 0.1959
Epoch 214/350
1936/1936 - 57s - 30ms/step - loss: 0.1322 - val_loss: 0.2039
Epoch 215/350
1936/1936 - 57s - 30ms/step - loss: 0.1329 - val_loss: 0.1941
Epoch 216/350
1936/1936 - 57s - 30ms/step - loss: 0.1321 - val_loss: 0.1999
Epoch 217/350
1936/1936 - 57s - 30ms/step - loss: 0.1316 - val_loss: 0.1960
Epoch 218/350
1936/1936 - 57s - 30ms/step - loss: 0.1320 - val_loss: 0.1930
Epoch 219/350
1936/1936 - 57s - 30ms/step - loss: 0.1319 - val_loss: 0.1918
Epoch 220/350
1936/1936 - 57s - 30ms/step - loss: 0.1326 - val_loss: 0.2020
Epoch 221/350
1936/1936 - 57s - 30ms/step - loss: 0.1313 - val_loss: 0.1948
Epoch 222/350
1936/1936 - 57s - 30ms/step - loss: 0.1315 - val_loss: 0.1924
Epoch 223/350
1936/1936 - 57s - 30ms/step - loss: 0.1316 - val_loss: 0.1949
Epoch 224/350
1936/1936 - 57s - 30ms/step - loss: 0.1312 - val_loss: 0.1918
Epoch 225/350
1936/1936 - 57s - 30ms/step - loss: 0.1303 - val_loss: 0.2039
Epoch 226/350
1936/1936 - 57s - 30ms/step - loss: 0.1305 - val_loss: 0.1944
Epoch 227/350
1936/1936 - 57s - 30ms/step - loss: 0.1300 - val_loss: 0.2026
Epoch 228/350
1936/1936 - 57s - 30ms/step - loss: 0.1305 - val_loss: 0.1912
Epoch 229/350
1936/1936 - 57s - 30ms/step - loss: 0.1304 - val_loss: 0.1914
Epoch 230/350
1936/1936 - 57s - 30ms/step - loss: 0.1299 - val_loss: 0.2010
Epoch 231/350
1936/1936 - 57s - 30ms/step - loss: 0.1302 - val_loss: 0.1953
Epoch 232/350
1936/1936 - 57s - 30ms/step - loss: 0.1302 - val_loss: 0.1966
Epoch 233/350
1936/1936 - 57s - 30ms/step - loss: 0.1308 - val_loss: 0.1956
Epoch 234/350
1936/1936 - 57s - 30ms/step - loss: 0.1301 - val_loss: 0.1953
Epoch 235/350
1936/1936 - 57s - 30ms/step - loss: 0.1300 - val_loss: 0.1964
Epoch 236/350
1936/1936 - 57s - 30ms/step - loss: 0.1290 - val_loss: 0.1953
Epoch 237/350
1936/1936 - 57s - 30ms/step - loss: 0.1287 - val_loss: 0.1964
Epoch 238/350
1936/1936 - 57s - 30ms/step - loss: 0.1285 - val_loss: 0.2047
Epoch 239/350
1936/1936 - 57s - 30ms/step - loss: 0.1293 - val_loss: 0.1990
Epoch 240/350
1936/1936 - 57s - 30ms/step - loss: 0.1293 - val_loss: 0.1933
Epoch 241/350
1936/1936 - 57s - 30ms/step - loss: 0.1288 - val_loss: 0.1932
Epoch 242/350
1936/1936 - 57s - 30ms/step - loss: 0.1294 - val_loss: 0.1929
Epoch 243/350
1936/1936 - 57s - 30ms/step - loss: 0.1286 - val_loss: 0.1948
Epoch 244/350
1936/1936 - 57s - 30ms/step - loss: 0.1290 - val_loss: 0.1946
Epoch 245/350
1936/1936 - 57s - 30ms/step - loss: 0.1281 - val_loss: 0.1958
Epoch 246/350
1936/1936 - 57s - 30ms/step - loss: 0.1279 - val_loss: 0.1957
Epoch 247/350
1936/1936 - 57s - 30ms/step - loss: 0.1279 - val_loss: 0.1981
Epoch 248/350
1936/1936 - 57s - 30ms/step - loss: 0.1280 - val_loss: 0.1935
Epoch 249/350
1936/1936 - 57s - 30ms/step - loss: 0.1284 - val_loss: 0.1911
Epoch 250/350
1936/1936 - 57s - 30ms/step - loss: 0.1274 - val_loss: 0.1959
Epoch 251/350
1936/1936 - 57s - 30ms/step - loss: 0.1305 - val_loss: 0.1930
Epoch 252/350
1936/1936 - 57s - 30ms/step - loss: 0.1285 - val_loss: 0.1934
Epoch 253/350
1936/1936 - 57s - 30ms/step - loss: 0.1280 - val_loss: 0.1920
Epoch 254/350
1936/1936 - 57s - 30ms/step - loss: 0.1272 - val_loss: 0.1901
Epoch 255/350
1936/1936 - 57s - 30ms/step - loss: 0.1275 - val_loss: 0.1965
Epoch 256/350
1936/1936 - 57s - 30ms/step - loss: 0.1275 - val_loss: 0.2287
Epoch 257/350
1936/1936 - 57s - 30ms/step - loss: 0.1266 - val_loss: 0.1930
Epoch 258/350
1936/1936 - 57s - 30ms/step - loss: 0.1267 - val_loss: 0.1917
Epoch 259/350
1936/1936 - 57s - 30ms/step - loss: 0.1278 - val_loss: 0.2077
Epoch 260/350
1936/1936 - 57s - 30ms/step - loss: 0.1273 - val_loss: 0.1942
Epoch 261/350
1936/1936 - 57s - 30ms/step - loss: 0.1267 - val_loss: 0.1938
Epoch 262/350
1936/1936 - 57s - 30ms/step - loss: 0.1264 - val_loss: 0.1936
Epoch 263/350
1936/1936 - 57s - 30ms/step - loss: 0.1261 - val_loss: 0.1956
Epoch 264/350
1936/1936 - 57s - 30ms/step - loss: 0.1266 - val_loss: 0.1967
Epoch 265/350
1936/1936 - 57s - 30ms/step - loss: 0.1268 - val_loss: 0.1932
Epoch 266/350
1936/1936 - 57s - 30ms/step - loss: 0.1263 - val_loss: 0.1961
Epoch 267/350
1936/1936 - 57s - 30ms/step - loss: 0.1259 - val_loss: 0.1929
Epoch 268/350
1936/1936 - 57s - 30ms/step - loss: 0.1254 - val_loss: 0.1913
Epoch 269/350
1936/1936 - 57s - 30ms/step - loss: 0.1254 - val_loss: 0.1922
Epoch 270/350
1936/1936 - 57s - 30ms/step - loss: 0.1258 - val_loss: 0.1965
Epoch 271/350
1936/1936 - 57s - 30ms/step - loss: 0.1254 - val_loss: 0.1949
Epoch 272/350
1936/1936 - 57s - 30ms/step - loss: 0.1253 - val_loss: 0.1956
Epoch 273/350
1936/1936 - 57s - 30ms/step - loss: 0.1246 - val_loss: 0.1931
Epoch 274/350
1936/1936 - 57s - 30ms/step - loss: 0.1252 - val_loss: 0.1936
Epoch 275/350
1936/1936 - 57s - 30ms/step - loss: 0.1252 - val_loss: 0.1977
Epoch 276/350
1936/1936 - 57s - 30ms/step - loss: 0.1252 - val_loss: 0.1951
Epoch 277/350
1936/1936 - 57s - 30ms/step - loss: 0.1257 - val_loss: 0.1923
Epoch 278/350
1936/1936 - 57s - 30ms/step - loss: 0.1252 - val_loss: 0.1957
Epoch 279/350
1936/1936 - 57s - 30ms/step - loss: 0.1247 - val_loss: 0.1950
Epoch 280/350
1936/1936 - 57s - 30ms/step - loss: 0.1254 - val_loss: 0.1989
Epoch 281/350
1936/1936 - 57s - 30ms/step - loss: 0.1253 - val_loss: 0.1971
Epoch 282/350
1936/1936 - 57s - 30ms/step - loss: 0.1243 - val_loss: 0.1947
Epoch 283/350
1936/1936 - 57s - 30ms/step - loss: 0.1242 - val_loss: 0.1938
Epoch 284/350
1936/1936 - 57s - 30ms/step - loss: 0.1242 - val_loss: 0.1939
Epoch 285/350
1936/1936 - 57s - 30ms/step - loss: 0.1244 - val_loss: 0.2092
Epoch 286/350
1936/1936 - 57s - 30ms/step - loss: 0.1236 - val_loss: 0.1941
Epoch 287/350
1936/1936 - 57s - 30ms/step - loss: 0.1241 - val_loss: 0.1946
Epoch 288/350
1936/1936 - 57s - 30ms/step - loss: 0.1249 - val_loss: 0.2043
Epoch 289/350
1936/1936 - 57s - 30ms/step - loss: 0.1239 - val_loss: 0.1919
Epoch 290/350
1936/1936 - 57s - 30ms/step - loss: 0.1231 - val_loss: 0.1951
Epoch 291/350
1936/1936 - 57s - 30ms/step - loss: 0.1235 - val_loss: 0.2183
Epoch 292/350
1936/1936 - 57s - 30ms/step - loss: 0.1232 - val_loss: 0.1927
Epoch 293/350
1936/1936 - 57s - 30ms/step - loss: 0.1232 - val_loss: 0.1947
Epoch 294/350
1936/1936 - 57s - 30ms/step - loss: 0.1228 - val_loss: 0.1933
Epoch 295/350
1936/1936 - 57s - 30ms/step - loss: 0.1234 - val_loss: 0.1947
Epoch 296/350
1936/1936 - 57s - 30ms/step - loss: 0.1231 - val_loss: 0.1956
Epoch 297/350
1936/1936 - 57s - 30ms/step - loss: 0.1236 - val_loss: 0.1991
Epoch 298/350
1936/1936 - 57s - 30ms/step - loss: 0.1230 - val_loss: 0.2049
Epoch 299/350
1936/1936 - 57s - 30ms/step - loss: 0.1231 - val_loss: 0.1904
Epoch 300/350
1936/1936 - 57s - 30ms/step - loss: 0.1224 - val_loss: 0.1940
Epoch 301/350
1936/1936 - 57s - 30ms/step - loss: 0.1225 - val_loss: 0.1962
Epoch 302/350
1936/1936 - 57s - 29ms/step - loss: 0.1231 - val_loss: 0.1932
Epoch 303/350
1936/1936 - 57s - 30ms/step - loss: 0.1225 - val_loss: 0.1969
Epoch 304/350
1936/1936 - 57s - 30ms/step - loss: 0.1227 - val_loss: 0.1971
Epoch 305/350
1936/1936 - 57s - 30ms/step - loss: 0.1221 - val_loss: 0.1992
Epoch 306/350
1936/1936 - 57s - 30ms/step - loss: 0.1221 - val_loss: 0.1975
Epoch 307/350
1936/1936 - 57s - 30ms/step - loss: 0.1244 - val_loss: 0.1969
Epoch 308/350
1936/1936 - 57s - 30ms/step - loss: 0.1231 - val_loss: 0.1925
Epoch 309/350
1936/1936 - 57s - 30ms/step - loss: 0.1226 - val_loss: 0.1958
Epoch 310/350
1936/1936 - 57s - 30ms/step - loss: 0.1227 - val_loss: 0.1976
Epoch 311/350
1936/1936 - 57s - 30ms/step - loss: 0.1227 - val_loss: 0.1986
Epoch 312/350
1936/1936 - 57s - 30ms/step - loss: 0.1230 - val_loss: 0.1922
Epoch 313/350
1936/1936 - 57s - 30ms/step - loss: 0.1219 - val_loss: 0.2026
Epoch 314/350
1936/1936 - 57s - 30ms/step - loss: 0.1217 - val_loss: 0.1940
Epoch 315/350
1936/1936 - 57s - 30ms/step - loss: 0.1213 - val_loss: 0.1980
Epoch 316/350
1936/1936 - 57s - 30ms/step - loss: 0.1215 - val_loss: 0.1989
Epoch 317/350
1936/1936 - 57s - 30ms/step - loss: 0.1225 - val_loss: 0.1983
Epoch 318/350
1936/1936 - 57s - 30ms/step - loss: 0.1222 - val_loss: 0.1946
Epoch 319/350
1936/1936 - 57s - 30ms/step - loss: 0.1215 - val_loss: 0.1999
Epoch 320/350
1936/1936 - 57s - 30ms/step - loss: 0.1213 - val_loss: 0.2000
Epoch 321/350
1936/1936 - 57s - 30ms/step - loss: 0.1216 - val_loss: 0.1916
Epoch 322/350
1936/1936 - 57s - 30ms/step - loss: 0.1207 - val_loss: 0.1941
Epoch 323/350
1936/1936 - 57s - 30ms/step - loss: 0.1214 - val_loss: 0.1967
Epoch 324/350
1936/1936 - 57s - 30ms/step - loss: 0.1206 - val_loss: 0.1943
Epoch 325/350
1936/1936 - 57s - 30ms/step - loss: 0.1211 - val_loss: 0.2020
Epoch 326/350
1936/1936 - 57s - 30ms/step - loss: 0.1215 - val_loss: 0.1955
Epoch 327/350
1936/1936 - 57s - 30ms/step - loss: 0.1209 - val_loss: 0.1963
Epoch 328/350
1936/1936 - 57s - 30ms/step - loss: 0.1206 - val_loss: 0.1940
Epoch 329/350
1936/1936 - 57s - 30ms/step - loss: 0.1203 - val_loss: 0.2039
Epoch 330/350
1936/1936 - 57s - 30ms/step - loss: 0.1207 - val_loss: 0.1980
Epoch 331/350
1936/1936 - 57s - 30ms/step - loss: 0.1199 - val_loss: 0.1951
Epoch 332/350
1936/1936 - 57s - 30ms/step - loss: 0.1203 - val_loss: 0.1979
Epoch 333/350
1936/1936 - 57s - 30ms/step - loss: 0.1201 - val_loss: 0.1929
Epoch 334/350
1936/1936 - 57s - 30ms/step - loss: 0.1198 - val_loss: 0.1960
Epoch 335/350
1936/1936 - 57s - 30ms/step - loss: 0.1205 - val_loss: 0.1992
Epoch 336/350
1936/1936 - 57s - 30ms/step - loss: 0.1208 - val_loss: 0.1981
Epoch 337/350
1936/1936 - 57s - 30ms/step - loss: 0.1202 - val_loss: 0.1995
Epoch 338/350
1936/1936 - 57s - 30ms/step - loss: 0.1240 - val_loss: 0.1905
Epoch 339/350
1936/1936 - 57s - 30ms/step - loss: 0.1214 - val_loss: 0.1987
Epoch 340/350
1936/1936 - 57s - 30ms/step - loss: 0.1205 - val_loss: 0.1930
Epoch 341/350
1936/1936 - 57s - 30ms/step - loss: 0.1197 - val_loss: 0.1951
Epoch 342/350
1936/1936 - 57s - 30ms/step - loss: 0.1194 - val_loss: 0.1972
Epoch 343/350
1936/1936 - 57s - 30ms/step - loss: 0.1189 - val_loss: 0.1933
Epoch 344/350
1936/1936 - 57s - 30ms/step - loss: 0.1195 - val_loss: 0.1925
Epoch 345/350
1936/1936 - 57s - 30ms/step - loss: 0.1204 - val_loss: 0.1963
Epoch 346/350
1936/1936 - 57s - 30ms/step - loss: 0.1183 - val_loss: 0.2040
Epoch 347/350
1936/1936 - 57s - 30ms/step - loss: 0.1196 - val_loss: 0.1969
Epoch 348/350
1936/1936 - 57s - 30ms/step - loss: 0.1190 - val_loss: 0.1927
Epoch 349/350
1936/1936 - 57s - 30ms/step - loss: 0.1188 - val_loss: 0.1949
Epoch 350/350
1936/1936 - 57s - 30ms/step - loss: 0.1187 - val_loss: 0.1983
Test MAE: 0.4351673144899519
Validation MAE (original units): 0.42323408600852636
Wrote: /ibex/user/shoaibsa/Intrinsic_Dimensionality_ML_Materials/DimeNetPP/DimeNetPP_MP/results_dimenetpp_bandgap_fastfood/dimenetpp_bandgap_fastfood_dim20_modelseed123_splitseed1123_epochs350/dimenetpp_test_predictions_impl=wrapper_v3_method=fastfood_dim=20pct_epochs=350_seed=123_splitseed=1123_ortho=0_rot=0_blockcols=0_orthobackend=none_train_mode=wrapped_task=band_gap.csv
Wrote: /ibex/user/shoaibsa/Intrinsic_Dimensionality_ML_Materials/DimeNetPP/DimeNetPP_MP/results_dimenetpp_bandgap_fastfood/dimenetpp_bandgap_fastfood_dim20_modelseed123_splitseed1123_epochs350/history_impl=wrapper_v3_method=fastfood_dim=20pct_epochs=350_seed=123_splitseed=1123_ortho=0_rot=0_blockcols=0_orthobackend=none_train_mode=wrapped_task=band_gap.json
Wrote: /ibex/user/shoaibsa/Intrinsic_Dimensionality_ML_Materials/DimeNetPP/DimeNetPP_MP/results_dimenetpp_bandgap_fastfood/dimenetpp_bandgap_fastfood_dim20_modelseed123_splitseed1123_epochs350/z_impl=wrapper_v3_method=fastfood_dim=20pct_epochs=350_seed=123_splitseed=1123_ortho=0_rot=0_blockcols=0_orthobackend=none_train_mode=wrapped_task=band_gap.npy
Training wall time: 20671.72 s (344.53 min)
