2026-06-22 00:20:35.202773: I tensorflow/core/util/port.cc:153] oneDNN custom operations are on. You may see slightly different numerical results due to floating-point round-off errors from different computation orders. To turn them off, set the environment variable `TF_ENABLE_ONEDNN_OPTS=0`.
2026-06-22 00:20:35.273153: E external/local_xla/xla/stream_executor/cuda/cuda_fft.cc:485] Unable to register cuFFT factory: Attempting to register factory for plugin cuFFT when one has already been registered
2026-06-22 00:20:35.306148: E external/local_xla/xla/stream_executor/cuda/cuda_dnn.cc:8454] Unable to register cuDNN factory: Attempting to register factory for plugin cuDNN when one has already been registered
2026-06-22 00:20:35.311543: E external/local_xla/xla/stream_executor/cuda/cuda_blas.cc:1452] Unable to register cuBLAS factory: Attempting to register factory for plugin cuBLAS when one has already been registered
2026-06-22 00:20:35.335511: I tensorflow/core/platform/cpu_feature_guard.cc:210] This TensorFlow binary is optimized to use available CPU instructions in performance-critical operations.
To enable the following instructions: AVX2 AVX512F AVX512_VNNI FMA, in other operations, rebuild TensorFlow with the appropriate compiler flags.
2026-06-22 00:20:36.872758: W tensorflow/compiler/tf2tensorrt/utils/py_utils.cc:38] TF-TRT Warning: Could not find TensorRT
2026-06-22 00:20:40.390852: I tensorflow/core/common_runtime/gpu/gpu_device.cc:2021] Created device /job:localhost/replica:0/task:0/device:GPU:0 with 31134 MB memory:  -> device: 0, name: Tesla V100-SXM2-32GB, pci bus id: 0000:1a:00.0, compute capability: 7.0
INFO:kgcnn.models.utils:Updated model kwargs: '{'name': 'DimeNetPP', 'inputs': [{'shape': [None], 'name': 'node_number', 'dtype': 'int32', 'ragged': True}, {'shape': [None, 3], 'name': 'node_coordinates', 'dtype': 'float32', 'ragged': True}, {'shape': [None, 2], 'name': 'range_indices', 'dtype': 'int64', 'ragged': True}, {'shape': [None, 2], 'name': 'angle_indices', 'dtype': 'int64', 'ragged': True}, {'shape': (None, 3), 'name': 'range_image', 'dtype': 'int64', 'ragged': True}, {'shape': (3, 3), 'name': 'graph_lattice', 'dtype': 'float32', 'ragged': False}], 'input_tensor_type': 'ragged', 'input_embedding': None, 'cast_disjoint_kwargs': {}, 'input_node_embedding': {'input_dim': 95, 'output_dim': 55, 'embeddings_initializer': {'class_name': 'RandomUniform', 'config': {'minval': -1.7320508075688772, 'maxval': 1.7320508075688772}}}, 'emb_size': 55, 'out_emb_size': 64, 'int_emb_size': 64, 'basis_emb_size': 8, 'num_blocks': 1, 'num_spherical': 7, 'num_radial': 6, 'cutoff': 8.0, 'envelope_exponent': 5, 'num_before_skip': 1, 'num_after_skip': 2, 'num_dense_output': 3, 'num_targets': 1, 'extensive': False, 'output_init': 'zeros', 'activation': 'swish', 'verbose': 10, 'output_embedding': 'graph', 'use_output_mlp': False, 'output_tensor_type': 'padded', 'output_scaling': None, 'output_mlp': {}}'.
Visible GPUs: [PhysicalDevice(name='/physical_device:GPU:0', device_type='GPU')]
Loading cached tensors: /ibex/user/shoaibsa/Intrinsic_Dimensionality_ML_Materials/DimeNetPP/DimeNetPP_MP/cached_tensors_dimenetpp_bandgap/splitseed1123/dimenetpp_bandgap_cached_tensors.pkl
Loaded cached tensors from: /ibex/user/shoaibsa/Intrinsic_Dimensionality_ML_Materials/DimeNetPP/DimeNetPP_MP/cached_tensors_dimenetpp_bandgap/splitseed1123
Shapes: y_train (123902, 1) y_val (15487, 1) y_test (15489, 1)

Running WRAPPER-V3 DimeNet++ band gap model

Projection method: fastfood
Intrinsic dimension spec: 0.6
D: 83685 d: 50211
Trainable vars: ['z']
Model: "SubspaceProjectedGradTFV3_fastfood"
┏━━━━━━━━━━━━━━━━━━━━━━━━━━━━━━━━━┳━━━━━━━━━━━━━━━━━━━━━━━━┳━━━━━━━━━━━━━━━┓
┃ Layer (type)                    ┃ Output Shape           ┃       Param # ┃
┡━━━━━━━━━━━━━━━━━━━━━━━━━━━━━━━━━╇━━━━━━━━━━━━━━━━━━━━━━━━╇━━━━━━━━━━━━━━━┩
│ DimeNetPP (Functional)          │ (None, 1)              │        83,685 │
└─────────────────────────────────┴────────────────────────┴───────────────┘
 Total params: 658,185 (2.51 MB)
 Trainable params: 50,211 (196.14 KB)
 Non-trainable params: 607,974 (2.32 MB)
Epoch 1/350
1936/1936 - 64s - 33ms/step - loss: 0.5677 - val_loss: 0.4040
Epoch 2/350
1936/1936 - 53s - 27ms/step - loss: 0.3865 - val_loss: 0.3286
Epoch 3/350
1936/1936 - 53s - 27ms/step - loss: 0.3326 - val_loss: 0.3056
Epoch 4/350
1936/1936 - 53s - 27ms/step - loss: 0.3026 - val_loss: 0.2876
Epoch 5/350
1936/1936 - 53s - 27ms/step - loss: 0.2826 - val_loss: 0.2661
Epoch 6/350
1936/1936 - 53s - 27ms/step - loss: 0.2680 - val_loss: 0.2588
Epoch 7/350
1936/1936 - 53s - 27ms/step - loss: 0.2562 - val_loss: 0.2611
Epoch 8/350
1936/1936 - 53s - 27ms/step - loss: 0.2469 - val_loss: 0.2441
Epoch 9/350
1936/1936 - 53s - 27ms/step - loss: 0.2393 - val_loss: 0.2474
Epoch 10/350
1936/1936 - 52s - 27ms/step - loss: 0.2311 - val_loss: 0.2337
Epoch 11/350
1936/1936 - 53s - 27ms/step - loss: 0.2251 - val_loss: 0.2240
Epoch 12/350
1936/1936 - 53s - 27ms/step - loss: 0.2183 - val_loss: 0.2326
Epoch 13/350
1936/1936 - 52s - 27ms/step - loss: 0.2131 - val_loss: 0.2245
Epoch 14/350
1936/1936 - 53s - 27ms/step - loss: 0.2085 - val_loss: 0.2309
Epoch 15/350
1936/1936 - 52s - 27ms/step - loss: 0.2040 - val_loss: 0.2205
Epoch 16/350
1936/1936 - 53s - 27ms/step - loss: 0.1994 - val_loss: 0.2206
Epoch 17/350
1936/1936 - 52s - 27ms/step - loss: 0.1963 - val_loss: 0.2145
Epoch 18/350
1936/1936 - 53s - 27ms/step - loss: 0.1945 - val_loss: 0.2144
Epoch 19/350
1936/1936 - 53s - 27ms/step - loss: 0.1918 - val_loss: 0.2111
Epoch 20/350
1936/1936 - 52s - 27ms/step - loss: 0.1865 - val_loss: 0.2194
Epoch 21/350
1936/1936 - 52s - 27ms/step - loss: 0.1854 - val_loss: 0.2038
Epoch 22/350
1936/1936 - 53s - 27ms/step - loss: 0.1822 - val_loss: 0.2035
Epoch 23/350
1936/1936 - 53s - 27ms/step - loss: 0.1797 - val_loss: 0.1968
Epoch 24/350
1936/1936 - 52s - 27ms/step - loss: 0.1761 - val_loss: 0.2058
Epoch 25/350
1936/1936 - 53s - 27ms/step - loss: 0.1748 - val_loss: 0.2053
Epoch 26/350
1936/1936 - 53s - 27ms/step - loss: 0.1725 - val_loss: 0.2058
Epoch 27/350
1936/1936 - 53s - 27ms/step - loss: 0.1690 - val_loss: 0.1932
Epoch 28/350
1936/1936 - 52s - 27ms/step - loss: 0.1678 - val_loss: 0.2010
Epoch 29/350
1936/1936 - 53s - 27ms/step - loss: 0.1687 - val_loss: 0.1989
Epoch 30/350
1936/1936 - 53s - 27ms/step - loss: 0.1664 - val_loss: 0.1960
Epoch 31/350
1936/1936 - 53s - 27ms/step - loss: 0.1625 - val_loss: 0.1913
Epoch 32/350
1936/1936 - 52s - 27ms/step - loss: 0.1604 - val_loss: 0.2034
Epoch 33/350
1936/1936 - 53s - 27ms/step - loss: 0.1595 - val_loss: 0.1953
Epoch 34/350
1936/1936 - 52s - 27ms/step - loss: 0.1577 - val_loss: 0.1965
Epoch 35/350
1936/1936 - 53s - 27ms/step - loss: 0.1560 - val_loss: 0.1922
Epoch 36/350
1936/1936 - 53s - 27ms/step - loss: 0.1548 - val_loss: 0.1870
Epoch 37/350
1936/1936 - 53s - 27ms/step - loss: 0.1529 - val_loss: 0.1920
Epoch 38/350
1936/1936 - 53s - 27ms/step - loss: 0.1531 - val_loss: 0.2022
Epoch 39/350
1936/1936 - 53s - 27ms/step - loss: 0.1512 - val_loss: 0.1872
Epoch 40/350
1936/1936 - 53s - 27ms/step - loss: 0.1489 - val_loss: 0.1824
Epoch 41/350
1936/1936 - 53s - 27ms/step - loss: 0.1484 - val_loss: 0.1901
Epoch 42/350
1936/1936 - 53s - 27ms/step - loss: 0.1477 - val_loss: 0.1900
Epoch 43/350
1936/1936 - 53s - 27ms/step - loss: 0.1465 - val_loss: 0.1885
Epoch 44/350
1936/1936 - 53s - 27ms/step - loss: 0.1466 - val_loss: 0.1901
Epoch 45/350
1936/1936 - 53s - 27ms/step - loss: 0.1441 - val_loss: 0.1934
Epoch 46/350
1936/1936 - 53s - 27ms/step - loss: 0.1453 - val_loss: 0.1823
Epoch 47/350
1936/1936 - 53s - 27ms/step - loss: 0.1423 - val_loss: 0.1863
Epoch 48/350
1936/1936 - 53s - 27ms/step - loss: 0.1405 - val_loss: 0.1915
Epoch 49/350
1936/1936 - 53s - 27ms/step - loss: 0.1397 - val_loss: 0.1828
Epoch 50/350
1936/1936 - 53s - 27ms/step - loss: 0.1387 - val_loss: 0.1849
Epoch 51/350
1936/1936 - 52s - 27ms/step - loss: 0.1378 - val_loss: 0.1832
Epoch 52/350
1936/1936 - 53s - 27ms/step - loss: 0.1369 - val_loss: 0.1868
Epoch 53/350
1936/1936 - 53s - 27ms/step - loss: 0.1359 - val_loss: 0.1867
Epoch 54/350
1936/1936 - 53s - 27ms/step - loss: 0.1350 - val_loss: 0.1897
Epoch 55/350
1936/1936 - 53s - 27ms/step - loss: 0.1370 - val_loss: 0.1827
Epoch 56/350
1936/1936 - 53s - 27ms/step - loss: 0.1347 - val_loss: 0.1857
Epoch 57/350
1936/1936 - 53s - 27ms/step - loss: 0.1338 - val_loss: 0.1839
Epoch 58/350
1936/1936 - 53s - 27ms/step - loss: 0.1349 - val_loss: 0.1822
Epoch 59/350
1936/1936 - 53s - 27ms/step - loss: 0.1318 - val_loss: 0.1902
Epoch 60/350
1936/1936 - 53s - 27ms/step - loss: 0.1301 - val_loss: 0.1863
Epoch 61/350
1936/1936 - 53s - 27ms/step - loss: 0.1306 - val_loss: 0.1797
Epoch 62/350
1936/1936 - 53s - 27ms/step - loss: 0.1284 - val_loss: 0.1786
Epoch 63/350
1936/1936 - 53s - 27ms/step - loss: 0.1290 - val_loss: 0.1835
Epoch 64/350
1936/1936 - 53s - 27ms/step - loss: 0.1272 - val_loss: 0.1841
Epoch 65/350
1936/1936 - 53s - 27ms/step - loss: 0.1281 - val_loss: 0.1863
Epoch 66/350
1936/1936 - 53s - 27ms/step - loss: 0.1280 - val_loss: 0.1877
Epoch 67/350
1936/1936 - 53s - 27ms/step - loss: 0.1249 - val_loss: 0.1738
Epoch 68/350
1936/1936 - 53s - 27ms/step - loss: 0.1282 - val_loss: 0.1858
Epoch 69/350
1936/1936 - 53s - 27ms/step - loss: 0.1258 - val_loss: 0.1798
Epoch 70/350
1936/1936 - 53s - 27ms/step - loss: 0.1238 - val_loss: 0.1803
Epoch 71/350
1936/1936 - 53s - 27ms/step - loss: 0.1235 - val_loss: 0.1861
Epoch 72/350
1936/1936 - 53s - 27ms/step - loss: 0.1240 - val_loss: 0.1737
Epoch 73/350
1936/1936 - 53s - 27ms/step - loss: 0.1228 - val_loss: 0.1808
Epoch 74/350
1936/1936 - 53s - 27ms/step - loss: 0.1217 - val_loss: 0.1789
Epoch 75/350
1936/1936 - 53s - 27ms/step - loss: 0.1242 - val_loss: 0.1814
Epoch 76/350
1936/1936 - 53s - 27ms/step - loss: 0.1224 - val_loss: 0.1775
Epoch 77/350
1936/1936 - 53s - 27ms/step - loss: 0.1212 - val_loss: 0.1810
Epoch 78/350
1936/1936 - 53s - 27ms/step - loss: 0.1197 - val_loss: 0.1803
Epoch 79/350
1936/1936 - 53s - 27ms/step - loss: 0.1179 - val_loss: 0.1790
Epoch 80/350
1936/1936 - 53s - 27ms/step - loss: 0.1190 - val_loss: 0.1732
Epoch 81/350
1936/1936 - 53s - 27ms/step - loss: 0.1158 - val_loss: 0.1762
Epoch 82/350
1936/1936 - 53s - 27ms/step - loss: 0.1179 - val_loss: 0.1791
Epoch 83/350
1936/1936 - 52s - 27ms/step - loss: 0.1163 - val_loss: 0.1799
Epoch 84/350
1936/1936 - 53s - 27ms/step - loss: 0.1158 - val_loss: 0.1788
Epoch 85/350
1936/1936 - 53s - 27ms/step - loss: 0.1165 - val_loss: 0.1793
Epoch 86/350
1936/1936 - 53s - 27ms/step - loss: 0.1152 - val_loss: 0.1748
Epoch 87/350
1936/1936 - 52s - 27ms/step - loss: 0.1156 - val_loss: 0.1829
Epoch 88/350
1936/1936 - 53s - 27ms/step - loss: 0.1145 - val_loss: 0.1796
Epoch 89/350
1936/1936 - 53s - 27ms/step - loss: 0.1154 - val_loss: 0.1812
Epoch 90/350
1936/1936 - 53s - 27ms/step - loss: 0.1148 - val_loss: 0.1775
Epoch 91/350
1936/1936 - 52s - 27ms/step - loss: 0.1145 - val_loss: 0.1794
Epoch 92/350
1936/1936 - 53s - 27ms/step - loss: 0.1123 - val_loss: 0.1818
Epoch 93/350
1936/1936 - 53s - 27ms/step - loss: 0.1122 - val_loss: 0.1822
Epoch 94/350
1936/1936 - 53s - 27ms/step - loss: 0.1129 - val_loss: 0.1747
Epoch 95/350
1936/1936 - 53s - 27ms/step - loss: 0.1116 - val_loss: 0.1720
Epoch 96/350
1936/1936 - 53s - 27ms/step - loss: 0.1108 - val_loss: 0.1830
Epoch 97/350
1936/1936 - 53s - 27ms/step - loss: 0.1128 - val_loss: 0.1782
Epoch 98/350
1936/1936 - 53s - 27ms/step - loss: 0.1101 - val_loss: 0.1736
Epoch 99/350
1936/1936 - 53s - 27ms/step - loss: 0.1093 - val_loss: 0.1753
Epoch 100/350
1936/1936 - 53s - 27ms/step - loss: 0.1096 - val_loss: 0.1755
Epoch 101/350
1936/1936 - 53s - 27ms/step - loss: 0.1110 - val_loss: 0.1789
Epoch 102/350
1936/1936 - 53s - 27ms/step - loss: 0.1117 - val_loss: 0.1736
Epoch 103/350
1936/1936 - 53s - 27ms/step - loss: 0.1095 - val_loss: 0.1746
Epoch 104/350
1936/1936 - 53s - 27ms/step - loss: 0.1104 - val_loss: 0.1759
Epoch 105/350
1936/1936 - 53s - 27ms/step - loss: 0.1094 - val_loss: 0.1722
Epoch 106/350
1936/1936 - 53s - 27ms/step - loss: 0.1102 - val_loss: 0.1750
Epoch 107/350
1936/1936 - 53s - 27ms/step - loss: 0.1062 - val_loss: 0.1764
Epoch 108/350
1936/1936 - 53s - 27ms/step - loss: 0.1081 - val_loss: 0.1850
Epoch 109/350
1936/1936 - 52s - 27ms/step - loss: 0.1060 - val_loss: 0.1767
Epoch 110/350
1936/1936 - 53s - 27ms/step - loss: 0.1063 - val_loss: 0.1710
Epoch 111/350
1936/1936 - 53s - 27ms/step - loss: 0.1051 - val_loss: 0.1744
Epoch 112/350
1936/1936 - 53s - 27ms/step - loss: 0.1057 - val_loss: 0.1816
Epoch 113/350
1936/1936 - 53s - 27ms/step - loss: 0.1048 - val_loss: 0.1904
Epoch 114/350
1936/1936 - 53s - 27ms/step - loss: 0.1052 - val_loss: 0.1818
Epoch 115/350
1936/1936 - 53s - 27ms/step - loss: 0.1054 - val_loss: 0.1735
Epoch 116/350
1936/1936 - 53s - 27ms/step - loss: 0.1053 - val_loss: 0.1791
Epoch 117/350
1936/1936 - 53s - 27ms/step - loss: 0.1033 - val_loss: 0.1762
Epoch 118/350
1936/1936 - 53s - 27ms/step - loss: 0.1039 - val_loss: 0.1752
Epoch 119/350
1936/1936 - 53s - 27ms/step - loss: 0.1027 - val_loss: 0.1670
Epoch 120/350
1936/1936 - 53s - 27ms/step - loss: 0.1017 - val_loss: 0.1793
Epoch 121/350
1936/1936 - 53s - 27ms/step - loss: 0.1037 - val_loss: 0.1762
Epoch 122/350
1936/1936 - 53s - 27ms/step - loss: 0.1033 - val_loss: 0.1760
Epoch 123/350
1936/1936 - 52s - 27ms/step - loss: 0.1011 - val_loss: 0.1758
Epoch 124/350
1936/1936 - 53s - 27ms/step - loss: 0.1023 - val_loss: 0.1756
Epoch 125/350
1936/1936 - 53s - 27ms/step - loss: 0.1009 - val_loss: 0.1724
Epoch 126/350
1936/1936 - 53s - 27ms/step - loss: 0.1002 - val_loss: 0.1857
Epoch 127/350
1936/1936 - 53s - 27ms/step - loss: 0.1010 - val_loss: 0.1767
Epoch 128/350
1936/1936 - 53s - 27ms/step - loss: 0.0998 - val_loss: 0.1784
Epoch 129/350
1936/1936 - 53s - 27ms/step - loss: 0.0995 - val_loss: 0.1812
Epoch 130/350
1936/1936 - 53s - 27ms/step - loss: 0.0993 - val_loss: 0.1775
Epoch 131/350
1936/1936 - 53s - 27ms/step - loss: 0.0999 - val_loss: 0.1737
Epoch 132/350
1936/1936 - 53s - 27ms/step - loss: 0.0988 - val_loss: 0.1794
Epoch 133/350
1936/1936 - 53s - 27ms/step - loss: 0.0984 - val_loss: 0.1761
Epoch 134/350
1936/1936 - 53s - 27ms/step - loss: 0.0991 - val_loss: 0.1738
Epoch 135/350
1936/1936 - 53s - 27ms/step - loss: 0.0986 - val_loss: 0.1709
Epoch 136/350
1936/1936 - 53s - 27ms/step - loss: 0.1006 - val_loss: 0.1727
Epoch 137/350
1936/1936 - 53s - 27ms/step - loss: 0.0989 - val_loss: 0.1830
Epoch 138/350
1936/1936 - 53s - 27ms/step - loss: 0.0998 - val_loss: 0.1767
Epoch 139/350
1936/1936 - 53s - 27ms/step - loss: 0.0983 - val_loss: 0.1754
Epoch 140/350
1936/1936 - 53s - 27ms/step - loss: 0.0971 - val_loss: 0.1769
Epoch 141/350
1936/1936 - 53s - 27ms/step - loss: 0.0957 - val_loss: 0.1806
Epoch 142/350
1936/1936 - 53s - 27ms/step - loss: 0.0962 - val_loss: 0.1765
Epoch 143/350
1936/1936 - 53s - 27ms/step - loss: 0.0969 - val_loss: 0.1787
Epoch 144/350
1936/1936 - 53s - 27ms/step - loss: 0.0977 - val_loss: 0.1811
Epoch 145/350
1936/1936 - 53s - 27ms/step - loss: 0.0957 - val_loss: 0.1736
Epoch 146/350
1936/1936 - 53s - 27ms/step - loss: 0.0969 - val_loss: 0.1748
Epoch 147/350
1936/1936 - 53s - 27ms/step - loss: 0.0948 - val_loss: 0.1734
Epoch 148/350
1936/1936 - 53s - 27ms/step - loss: 0.0965 - val_loss: 0.1792
Epoch 149/350
1936/1936 - 52s - 27ms/step - loss: 0.0954 - val_loss: 0.1791
Epoch 150/350
1936/1936 - 53s - 27ms/step - loss: 0.0964 - val_loss: 0.1778
Epoch 151/350
1936/1936 - 53s - 27ms/step - loss: 0.0955 - val_loss: 0.1776
Epoch 152/350
1936/1936 - 53s - 27ms/step - loss: 0.0961 - val_loss: 0.1740
Epoch 153/350
1936/1936 - 53s - 27ms/step - loss: 0.0963 - val_loss: 0.1775
Epoch 154/350
1936/1936 - 53s - 27ms/step - loss: 0.0983 - val_loss: 0.1780
Epoch 155/350
1936/1936 - 53s - 27ms/step - loss: 0.0934 - val_loss: 0.1733
Epoch 156/350
1936/1936 - 53s - 27ms/step - loss: 0.0937 - val_loss: 0.1760
Epoch 157/350
1936/1936 - 53s - 27ms/step - loss: 0.0929 - val_loss: 0.1781
Epoch 158/350
1936/1936 - 53s - 27ms/step - loss: 0.0932 - val_loss: 0.1744
Epoch 159/350
1936/1936 - 53s - 27ms/step - loss: 0.0921 - val_loss: 0.1768
Epoch 160/350
1936/1936 - 53s - 27ms/step - loss: 0.0951 - val_loss: 0.1779
Epoch 161/350
1936/1936 - 53s - 27ms/step - loss: 0.0922 - val_loss: 0.1756
Epoch 162/350
1936/1936 - 53s - 27ms/step - loss: 0.0923 - val_loss: 0.1739
Epoch 163/350
1936/1936 - 53s - 27ms/step - loss: 0.0950 - val_loss: 0.1860
Epoch 164/350
1936/1936 - 53s - 27ms/step - loss: 0.0931 - val_loss: 0.1731
Epoch 165/350
1936/1936 - 53s - 27ms/step - loss: 0.0924 - val_loss: 0.1807
Epoch 166/350
1936/1936 - 53s - 27ms/step - loss: 0.0919 - val_loss: 0.1737
Epoch 167/350
1936/1936 - 53s - 27ms/step - loss: 0.0908 - val_loss: 0.1768
Epoch 168/350
1936/1936 - 53s - 27ms/step - loss: 0.0908 - val_loss: 0.1797
Epoch 169/350
1936/1936 - 53s - 27ms/step - loss: 0.0896 - val_loss: 0.1700
Epoch 170/350
1936/1936 - 53s - 27ms/step - loss: 0.0893 - val_loss: 0.1726
Epoch 171/350
1936/1936 - 53s - 27ms/step - loss: 0.0902 - val_loss: 0.1739
Epoch 172/350
1936/1936 - 53s - 27ms/step - loss: 0.0922 - val_loss: 0.1752
Epoch 173/350
1936/1936 - 53s - 27ms/step - loss: 0.0905 - val_loss: 0.1761
Epoch 174/350
1936/1936 - 53s - 27ms/step - loss: 0.0898 - val_loss: 0.1719
Epoch 175/350
1936/1936 - 53s - 27ms/step - loss: 0.0906 - val_loss: 0.1761
Epoch 176/350
1936/1936 - 53s - 27ms/step - loss: 0.0908 - val_loss: 0.1738
Epoch 177/350
1936/1936 - 53s - 27ms/step - loss: 0.0911 - val_loss: 0.1820
Epoch 178/350
1936/1936 - 52s - 27ms/step - loss: 0.0888 - val_loss: 0.1677
Epoch 179/350
1936/1936 - 53s - 27ms/step - loss: 0.0898 - val_loss: 0.1727
Epoch 180/350
1936/1936 - 52s - 27ms/step - loss: 0.0881 - val_loss: 0.1872
Epoch 181/350
1936/1936 - 53s - 27ms/step - loss: 0.0920 - val_loss: 0.1775
Epoch 182/350
1936/1936 - 53s - 27ms/step - loss: 0.0882 - val_loss: 0.1732
Epoch 183/350
1936/1936 - 53s - 27ms/step - loss: 0.0891 - val_loss: 0.1813
Epoch 184/350
1936/1936 - 53s - 27ms/step - loss: 0.0885 - val_loss: 0.1786
Epoch 185/350
1936/1936 - 53s - 27ms/step - loss: 0.0902 - val_loss: 0.1768
Epoch 186/350
1936/1936 - 53s - 27ms/step - loss: 0.0886 - val_loss: 0.1747
Epoch 187/350
1936/1936 - 53s - 27ms/step - loss: 0.0877 - val_loss: 0.1809
Epoch 188/350
1936/1936 - 53s - 27ms/step - loss: 0.0870 - val_loss: 0.1808
Epoch 189/350
1936/1936 - 53s - 27ms/step - loss: 0.0873 - val_loss: 0.1756
Epoch 190/350
1936/1936 - 53s - 27ms/step - loss: 0.0875 - val_loss: 0.1775
Epoch 191/350
1936/1936 - 53s - 27ms/step - loss: 0.0894 - val_loss: 0.1783
Epoch 192/350
1936/1936 - 53s - 27ms/step - loss: 0.0879 - val_loss: 0.1723
Epoch 193/350
1936/1936 - 53s - 27ms/step - loss: 0.0860 - val_loss: 0.1745
Epoch 194/350
1936/1936 - 53s - 27ms/step - loss: 0.0867 - val_loss: 0.1805
Epoch 195/350
1936/1936 - 53s - 27ms/step - loss: 0.0867 - val_loss: 0.1745
Epoch 196/350
1936/1936 - 53s - 27ms/step - loss: 0.0878 - val_loss: 0.1757
Epoch 197/350
1936/1936 - 53s - 27ms/step - loss: 0.0866 - val_loss: 0.1840
Epoch 198/350
1936/1936 - 52s - 27ms/step - loss: 0.0871 - val_loss: 0.1848
Epoch 199/350
1936/1936 - 53s - 27ms/step - loss: 0.0846 - val_loss: 0.1756
Epoch 200/350
1936/1936 - 53s - 27ms/step - loss: 0.0851 - val_loss: 0.1799
Epoch 201/350
1936/1936 - 53s - 27ms/step - loss: 0.0851 - val_loss: 0.1775
Epoch 202/350
1936/1936 - 53s - 27ms/step - loss: 0.0844 - val_loss: 0.1823
Epoch 203/350
1936/1936 - 53s - 27ms/step - loss: 0.0867 - val_loss: 0.1774
Epoch 204/350
1936/1936 - 53s - 27ms/step - loss: 0.0875 - val_loss: 0.1771
Epoch 205/350
1936/1936 - 53s - 27ms/step - loss: 0.0867 - val_loss: 0.1791
Epoch 206/350
1936/1936 - 53s - 27ms/step - loss: 0.0838 - val_loss: 0.1762
Epoch 207/350
1936/1936 - 53s - 27ms/step - loss: 0.0849 - val_loss: 0.1773
Epoch 208/350
1936/1936 - 53s - 27ms/step - loss: 0.0827 - val_loss: 0.1753
Epoch 209/350
1936/1936 - 53s - 27ms/step - loss: 0.0843 - val_loss: 0.1772
Epoch 210/350
1936/1936 - 53s - 27ms/step - loss: 0.0835 - val_loss: 0.1813
Epoch 211/350
1936/1936 - 53s - 27ms/step - loss: 0.0857 - val_loss: 0.1776
Epoch 212/350
1936/1936 - 53s - 27ms/step - loss: 0.0852 - val_loss: 0.1825
Epoch 213/350
1936/1936 - 53s - 27ms/step - loss: 0.0867 - val_loss: 0.1701
Epoch 214/350
1936/1936 - 53s - 27ms/step - loss: 0.0834 - val_loss: 0.1742
Epoch 215/350
1936/1936 - 53s - 27ms/step - loss: 0.0842 - val_loss: 0.1822
Epoch 216/350
1936/1936 - 53s - 27ms/step - loss: 0.0823 - val_loss: 0.1834
Epoch 217/350
1936/1936 - 53s - 27ms/step - loss: 0.0822 - val_loss: 0.1793
Epoch 218/350
1936/1936 - 53s - 27ms/step - loss: 0.0821 - val_loss: 0.1799
Epoch 219/350
1936/1936 - 53s - 27ms/step - loss: 0.0833 - val_loss: 0.1757
Epoch 220/350
1936/1936 - 53s - 27ms/step - loss: 0.0839 - val_loss: 0.1903
Epoch 221/350
1936/1936 - 53s - 27ms/step - loss: 0.0822 - val_loss: 0.1785
Epoch 222/350
1936/1936 - 53s - 27ms/step - loss: 0.0820 - val_loss: 0.1732
Epoch 223/350
1936/1936 - 53s - 27ms/step - loss: 0.0856 - val_loss: 0.1816
Epoch 224/350
1936/1936 - 53s - 27ms/step - loss: 0.0881 - val_loss: 0.1866
Epoch 225/350
1936/1936 - 53s - 27ms/step - loss: 0.0843 - val_loss: 0.1757
Epoch 226/350
1936/1936 - 53s - 27ms/step - loss: 0.0811 - val_loss: 0.1828
Epoch 227/350
1936/1936 - 53s - 27ms/step - loss: 0.0814 - val_loss: 0.1867
Epoch 228/350
1936/1936 - 53s - 27ms/step - loss: 0.0822 - val_loss: 0.1819
Epoch 229/350
1936/1936 - 53s - 27ms/step - loss: 0.0902 - val_loss: 0.1806
Epoch 230/350
1936/1936 - 53s - 27ms/step - loss: 0.0815 - val_loss: 0.1797
Epoch 231/350
1936/1936 - 53s - 27ms/step - loss: 0.0823 - val_loss: 0.1759
Epoch 232/350
1936/1936 - 53s - 27ms/step - loss: 0.0814 - val_loss: 0.1773
Epoch 233/350
1936/1936 - 53s - 27ms/step - loss: 0.0793 - val_loss: 0.1782
Epoch 234/350
1936/1936 - 53s - 27ms/step - loss: 0.0802 - val_loss: 0.1755
Epoch 235/350
1936/1936 - 53s - 27ms/step - loss: 0.0812 - val_loss: 0.1771
Epoch 236/350
1936/1936 - 53s - 27ms/step - loss: 0.0800 - val_loss: 0.1772
Epoch 237/350
1936/1936 - 53s - 27ms/step - loss: 0.0804 - val_loss: 0.1710
Epoch 238/350
1936/1936 - 53s - 27ms/step - loss: 0.0828 - val_loss: 0.1784
Epoch 239/350
1936/1936 - 53s - 27ms/step - loss: 0.0809 - val_loss: 0.1783
Epoch 240/350
1936/1936 - 53s - 27ms/step - loss: 0.0803 - val_loss: 0.1942
Epoch 241/350
1936/1936 - 53s - 27ms/step - loss: 0.0804 - val_loss: 0.1758
Epoch 242/350
1936/1936 - 53s - 27ms/step - loss: 0.0802 - val_loss: 0.1768
Epoch 243/350
1936/1936 - 53s - 27ms/step - loss: 0.0797 - val_loss: 0.1773
Epoch 244/350
1936/1936 - 53s - 27ms/step - loss: 0.0809 - val_loss: 0.1762
Epoch 245/350
1936/1936 - 53s - 27ms/step - loss: 0.0789 - val_loss: 0.1872
Epoch 246/350
1936/1936 - 53s - 27ms/step - loss: 0.0814 - val_loss: 0.1776
Epoch 247/350
1936/1936 - 53s - 27ms/step - loss: 0.0806 - val_loss: 0.1751
Epoch 248/350
1936/1936 - 53s - 27ms/step - loss: 0.0793 - val_loss: 0.1801
Epoch 249/350
1936/1936 - 53s - 27ms/step - loss: 0.0816 - val_loss: 0.1779
Epoch 250/350
1936/1936 - 53s - 27ms/step - loss: 0.0832 - val_loss: 0.1802
Epoch 251/350
1936/1936 - 53s - 27ms/step - loss: 0.0797 - val_loss: 0.1768
Epoch 252/350
1936/1936 - 53s - 27ms/step - loss: 0.0799 - val_loss: 0.1756
Epoch 253/350
1936/1936 - 53s - 27ms/step - loss: 0.0778 - val_loss: 0.1729
Epoch 254/350
1936/1936 - 53s - 27ms/step - loss: 0.0766 - val_loss: 0.1745
Epoch 255/350
1936/1936 - 53s - 27ms/step - loss: 0.0788 - val_loss: 0.1780
Epoch 256/350
1936/1936 - 53s - 27ms/step - loss: 0.0800 - val_loss: 0.1743
Epoch 257/350
1936/1936 - 53s - 27ms/step - loss: 0.0789 - val_loss: 0.1931
Epoch 258/350
1936/1936 - 53s - 27ms/step - loss: 0.0825 - val_loss: 0.1754
Epoch 259/350
1936/1936 - 53s - 27ms/step - loss: 0.0782 - val_loss: 0.1746
Epoch 260/350
1936/1936 - 53s - 27ms/step - loss: 0.0793 - val_loss: 0.1725
Epoch 261/350
1936/1936 - 53s - 27ms/step - loss: 0.0781 - val_loss: 0.1791
Epoch 262/350
1936/1936 - 53s - 27ms/step - loss: 0.0783 - val_loss: 0.1726
Epoch 263/350
1936/1936 - 53s - 27ms/step - loss: 0.0813 - val_loss: 0.1800
Epoch 264/350
1936/1936 - 53s - 27ms/step - loss: 0.0779 - val_loss: 0.1820
Epoch 265/350
1936/1936 - 53s - 27ms/step - loss: 0.0760 - val_loss: 0.1726
Epoch 266/350
1936/1936 - 53s - 27ms/step - loss: 0.0780 - val_loss: 0.1760
Epoch 267/350
1936/1936 - 53s - 27ms/step - loss: 0.0764 - val_loss: 0.1777
Epoch 268/350
1936/1936 - 53s - 27ms/step - loss: 0.0780 - val_loss: 0.1781
Epoch 269/350
1936/1936 - 53s - 28ms/step - loss: 0.0775 - val_loss: 0.1805
Epoch 270/350
1936/1936 - 53s - 27ms/step - loss: 0.0759 - val_loss: 0.1767
Epoch 271/350
1936/1936 - 53s - 27ms/step - loss: 0.0756 - val_loss: 0.1849
Epoch 272/350
1936/1936 - 53s - 27ms/step - loss: 0.0758 - val_loss: 0.1802
Epoch 273/350
1936/1936 - 53s - 27ms/step - loss: 0.0755 - val_loss: 0.1783
Epoch 274/350
1936/1936 - 53s - 27ms/step - loss: 0.0767 - val_loss: 0.1777
Epoch 275/350
1936/1936 - 52s - 27ms/step - loss: 0.0766 - val_loss: 0.1740
Epoch 276/350
1936/1936 - 53s - 27ms/step - loss: 0.0742 - val_loss: 0.1763
Epoch 277/350
1936/1936 - 52s - 27ms/step - loss: 0.0759 - val_loss: 0.1827
Epoch 278/350
1936/1936 - 53s - 27ms/step - loss: 0.0772 - val_loss: 0.1774
Epoch 279/350
1936/1936 - 53s - 27ms/step - loss: 0.0773 - val_loss: 0.1747
Epoch 280/350
1936/1936 - 53s - 27ms/step - loss: 0.0755 - val_loss: 0.1801
Epoch 281/350
1936/1936 - 53s - 27ms/step - loss: 0.0778 - val_loss: 0.1781
Epoch 282/350
1936/1936 - 53s - 27ms/step - loss: 0.0739 - val_loss: 0.1819
Epoch 283/350
1936/1936 - 53s - 27ms/step - loss: 0.0764 - val_loss: 0.1765
Epoch 284/350
1936/1936 - 53s - 27ms/step - loss: 0.0879 - val_loss: 0.1785
Epoch 285/350
1936/1936 - 52s - 27ms/step - loss: 0.0803 - val_loss: 0.1778
Epoch 286/350
1936/1936 - 53s - 27ms/step - loss: 0.0779 - val_loss: 0.1773
Epoch 287/350
1936/1936 - 52s - 27ms/step - loss: 0.0766 - val_loss: 0.1727
Epoch 288/350
1936/1936 - 52s - 27ms/step - loss: 0.0757 - val_loss: 0.1751
Epoch 289/350
1936/1936 - 52s - 27ms/step - loss: 0.0773 - val_loss: 0.1905
Epoch 290/350
1936/1936 - 52s - 27ms/step - loss: 0.0743 - val_loss: 0.1761
Epoch 291/350
1936/1936 - 52s - 27ms/step - loss: 0.0746 - val_loss: 0.1766
Epoch 292/350
1936/1936 - 53s - 27ms/step - loss: 0.0733 - val_loss: 0.1751
Epoch 293/350
1936/1936 - 52s - 27ms/step - loss: 0.0759 - val_loss: 0.1735
Epoch 294/350
1936/1936 - 52s - 27ms/step - loss: 0.0741 - val_loss: 0.1791
Epoch 295/350
1936/1936 - 52s - 27ms/step - loss: 0.0757 - val_loss: 0.1807
Epoch 296/350
1936/1936 - 53s - 27ms/step - loss: 0.0740 - val_loss: 0.1752
Epoch 297/350
1936/1936 - 52s - 27ms/step - loss: 0.0739 - val_loss: 0.1853
Epoch 298/350
1936/1936 - 53s - 27ms/step - loss: 0.0751 - val_loss: 0.1885
Epoch 299/350
1936/1936 - 53s - 27ms/step - loss: 0.0746 - val_loss: 0.1775
Epoch 300/350
1936/1936 - 53s - 27ms/step - loss: 0.0779 - val_loss: 0.1841
Epoch 301/350
1936/1936 - 52s - 27ms/step - loss: 0.0756 - val_loss: 0.1799
Epoch 302/350
1936/1936 - 52s - 27ms/step - loss: 0.0751 - val_loss: 0.1765
Epoch 303/350
1936/1936 - 52s - 27ms/step - loss: 0.0742 - val_loss: 0.1785
Epoch 304/350
1936/1936 - 53s - 27ms/step - loss: 0.0732 - val_loss: 0.1824
Epoch 305/350
1936/1936 - 53s - 27ms/step - loss: 0.0758 - val_loss: 0.1806
Epoch 306/350
1936/1936 - 53s - 27ms/step - loss: 0.0756 - val_loss: 0.1747
Epoch 307/350
1936/1936 - 52s - 27ms/step - loss: 0.0731 - val_loss: 0.1739
Epoch 308/350
1936/1936 - 53s - 27ms/step - loss: 0.0726 - val_loss: 0.1763
Epoch 309/350
1936/1936 - 52s - 27ms/step - loss: 0.0731 - val_loss: 0.1813
Epoch 310/350
1936/1936 - 53s - 27ms/step - loss: 0.0730 - val_loss: 0.1860
Epoch 311/350
1936/1936 - 52s - 27ms/step - loss: 0.0760 - val_loss: 0.1827
Epoch 312/350
1936/1936 - 53s - 27ms/step - loss: 0.0736 - val_loss: 0.1786
Epoch 313/350
1936/1936 - 52s - 27ms/step - loss: 0.0721 - val_loss: 0.1809
Epoch 314/350
1936/1936 - 52s - 27ms/step - loss: 0.0741 - val_loss: 0.1800
Epoch 315/350
1936/1936 - 53s - 27ms/step - loss: 0.0731 - val_loss: 0.1835
Epoch 316/350
1936/1936 - 53s - 27ms/step - loss: 0.0758 - val_loss: 0.1715
Epoch 317/350
1936/1936 - 53s - 27ms/step - loss: 0.0733 - val_loss: 0.1768
Epoch 318/350
1936/1936 - 52s - 27ms/step - loss: 0.0711 - val_loss: 0.1760
Epoch 319/350
1936/1936 - 52s - 27ms/step - loss: 0.0705 - val_loss: 0.1775
Epoch 320/350
1936/1936 - 53s - 27ms/step - loss: 0.0750 - val_loss: 0.1788
Epoch 321/350
1936/1936 - 53s - 27ms/step - loss: 0.0737 - val_loss: 0.1988
Epoch 322/350
1936/1936 - 53s - 27ms/step - loss: 0.0837 - val_loss: 0.1746
Epoch 323/350
1936/1936 - 53s - 27ms/step - loss: 0.0744 - val_loss: 0.1774
Epoch 324/350
1936/1936 - 53s - 27ms/step - loss: 0.0838 - val_loss: 0.1791
Epoch 325/350
1936/1936 - 53s - 27ms/step - loss: 0.0755 - val_loss: 0.1783
Epoch 326/350
1936/1936 - 53s - 27ms/step - loss: 0.0722 - val_loss: 0.1819
Epoch 327/350
1936/1936 - 53s - 27ms/step - loss: 0.0715 - val_loss: 0.1761
Epoch 328/350
1936/1936 - 53s - 27ms/step - loss: 0.0700 - val_loss: 0.1871
Epoch 329/350
1936/1936 - 53s - 27ms/step - loss: 0.0727 - val_loss: 0.1902
Epoch 330/350
1936/1936 - 53s - 27ms/step - loss: 0.0714 - val_loss: 0.1800
Epoch 331/350
1936/1936 - 53s - 27ms/step - loss: 0.0709 - val_loss: 0.1801
Epoch 332/350
1936/1936 - 53s - 27ms/step - loss: 0.0720 - val_loss: 0.1785
Epoch 333/350
1936/1936 - 53s - 27ms/step - loss: 0.0725 - val_loss: 0.1709
Epoch 334/350
1936/1936 - 53s - 27ms/step - loss: 0.0756 - val_loss: 0.1859
Epoch 335/350
1936/1936 - 53s - 27ms/step - loss: 0.0711 - val_loss: 0.1773
Epoch 336/350
1936/1936 - 53s - 27ms/step - loss: 0.0708 - val_loss: 0.1792
Epoch 337/350
1936/1936 - 53s - 27ms/step - loss: 0.0706 - val_loss: 0.1789
Epoch 338/350
1936/1936 - 53s - 27ms/step - loss: 0.0699 - val_loss: 0.1736
Epoch 339/350
1936/1936 - 53s - 27ms/step - loss: 0.0697 - val_loss: 0.1822
Epoch 340/350
1936/1936 - 53s - 27ms/step - loss: 0.0701 - val_loss: 0.1757
Epoch 341/350
1936/1936 - 53s - 27ms/step - loss: 0.0695 - val_loss: 0.1782
Epoch 342/350
1936/1936 - 53s - 27ms/step - loss: 0.0696 - val_loss: 0.1855
Epoch 343/350
1936/1936 - 53s - 27ms/step - loss: 0.0711 - val_loss: 0.1847
Epoch 344/350
1936/1936 - 53s - 27ms/step - loss: 0.0777 - val_loss: 0.1763
Epoch 345/350
1936/1936 - 53s - 27ms/step - loss: 0.0713 - val_loss: 0.1722
Epoch 346/350
1936/1936 - 53s - 27ms/step - loss: 0.0696 - val_loss: 0.1771
Epoch 347/350
1936/1936 - 53s - 27ms/step - loss: 0.0692 - val_loss: 0.1790
Epoch 348/350
1936/1936 - 53s - 27ms/step - loss: 0.0697 - val_loss: 0.1786
Epoch 349/350
1936/1936 - 53s - 27ms/step - loss: 0.0702 - val_loss: 0.1797
Epoch 350/350
1936/1936 - 53s - 27ms/step - loss: 0.0688 - val_loss: 0.1757
Test MAE: 0.39120226188024004
Validation MAE (original units): 0.3757282008482345
Wrote: /ibex/user/shoaibsa/Intrinsic_Dimensionality_ML_Materials/DimeNetPP/DimeNetPP_MP/results_dimenetpp_bandgap_fastfood/dimenetpp_bandgap_fastfood_dim60_modelseed123_splitseed1123_epochs350/dimenetpp_test_predictions_impl=wrapper_v3_method=fastfood_dim=60pct_epochs=350_seed=123_splitseed=1123_ortho=0_rot=0_blockcols=0_orthobackend=none_train_mode=wrapped_task=band_gap.csv
Wrote: /ibex/user/shoaibsa/Intrinsic_Dimensionality_ML_Materials/DimeNetPP/DimeNetPP_MP/results_dimenetpp_bandgap_fastfood/dimenetpp_bandgap_fastfood_dim60_modelseed123_splitseed1123_epochs350/history_impl=wrapper_v3_method=fastfood_dim=60pct_epochs=350_seed=123_splitseed=1123_ortho=0_rot=0_blockcols=0_orthobackend=none_train_mode=wrapped_task=band_gap.json
Wrote: /ibex/user/shoaibsa/Intrinsic_Dimensionality_ML_Materials/DimeNetPP/DimeNetPP_MP/results_dimenetpp_bandgap_fastfood/dimenetpp_bandgap_fastfood_dim60_modelseed123_splitseed1123_epochs350/z_impl=wrapper_v3_method=fastfood_dim=60pct_epochs=350_seed=123_splitseed=1123_ortho=0_rot=0_blockcols=0_orthobackend=none_train_mode=wrapped_task=band_gap.npy
Training wall time: 18470.36 s (307.84 min)
