2026-06-22 01:20:40.466181: I tensorflow/core/util/port.cc:153] oneDNN custom operations are on. You may see slightly different numerical results due to floating-point round-off errors from different computation orders. To turn them off, set the environment variable `TF_ENABLE_ONEDNN_OPTS=0`.
2026-06-22 01:20:40.483528: E external/local_xla/xla/stream_executor/cuda/cuda_fft.cc:485] Unable to register cuFFT factory: Attempting to register factory for plugin cuFFT when one has already been registered
2026-06-22 01:20:40.502495: E external/local_xla/xla/stream_executor/cuda/cuda_dnn.cc:8454] Unable to register cuDNN factory: Attempting to register factory for plugin cuDNN when one has already been registered
2026-06-22 01:20:40.507854: E external/local_xla/xla/stream_executor/cuda/cuda_blas.cc:1452] Unable to register cuBLAS factory: Attempting to register factory for plugin cuBLAS when one has already been registered
2026-06-22 01:20:40.521068: I tensorflow/core/platform/cpu_feature_guard.cc:210] This TensorFlow binary is optimized to use available CPU instructions in performance-critical operations.
To enable the following instructions: AVX2 AVX512F AVX512_VNNI FMA, in other operations, rebuild TensorFlow with the appropriate compiler flags.
2026-06-22 01:20:42.437488: W tensorflow/compiler/tf2tensorrt/utils/py_utils.cc:38] TF-TRT Warning: Could not find TensorRT
2026-06-22 01:20:46.551547: I tensorflow/core/common_runtime/gpu/gpu_device.cc:2021] Created device /job:localhost/replica:0/task:0/device:GPU:0 with 31134 MB memory:  -> device: 0, name: Tesla V100-SXM2-32GB, pci bus id: 0000:88:00.0, compute capability: 7.0
INFO:kgcnn.models.utils:Updated model kwargs: '{'name': 'DimeNetPP', 'inputs': [{'shape': [None], 'name': 'node_number', 'dtype': 'int32', 'ragged': True}, {'shape': [None, 3], 'name': 'node_coordinates', 'dtype': 'float32', 'ragged': True}, {'shape': [None, 2], 'name': 'range_indices', 'dtype': 'int64', 'ragged': True}, {'shape': [None, 2], 'name': 'angle_indices', 'dtype': 'int64', 'ragged': True}, {'shape': (None, 3), 'name': 'range_image', 'dtype': 'int64', 'ragged': True}, {'shape': (3, 3), 'name': 'graph_lattice', 'dtype': 'float32', 'ragged': False}], 'input_tensor_type': 'ragged', 'input_embedding': None, 'cast_disjoint_kwargs': {}, 'input_node_embedding': {'input_dim': 95, 'output_dim': 55, 'embeddings_initializer': {'class_name': 'RandomUniform', 'config': {'minval': -1.7320508075688772, 'maxval': 1.7320508075688772}}}, 'emb_size': 55, 'out_emb_size': 64, 'int_emb_size': 64, 'basis_emb_size': 8, 'num_blocks': 1, 'num_spherical': 7, 'num_radial': 6, 'cutoff': 8.0, 'envelope_exponent': 5, 'num_before_skip': 1, 'num_after_skip': 2, 'num_dense_output': 3, 'num_targets': 1, 'extensive': False, 'output_init': 'zeros', 'activation': 'swish', 'verbose': 10, 'output_embedding': 'graph', 'use_output_mlp': False, 'output_tensor_type': 'padded', 'output_scaling': None, 'output_mlp': {}}'.
Visible GPUs: [PhysicalDevice(name='/physical_device:GPU:0', device_type='GPU')]
Loading cached tensors: /ibex/user/shoaibsa/Intrinsic_Dimensionality_ML_Materials/DimeNetPP/DimeNetPP_MP/cached_tensors_dimenetpp_bandgap/splitseed1123/dimenetpp_bandgap_cached_tensors.pkl
Loaded cached tensors from: /ibex/user/shoaibsa/Intrinsic_Dimensionality_ML_Materials/DimeNetPP/DimeNetPP_MP/cached_tensors_dimenetpp_bandgap/splitseed1123
Shapes: y_train (123902, 1) y_val (15487, 1) y_test (15489, 1)

Running WRAPPER-V3 DimeNet++ band gap model

Projection method: fastfood
Intrinsic dimension spec: 0.45
D: 83685 d: 37658
Trainable vars: ['z']
Model: "SubspaceProjectedGradTFV3_fastfood"
┏━━━━━━━━━━━━━━━━━━━━━━━━━━━━━━━━━┳━━━━━━━━━━━━━━━━━━━━━━━━┳━━━━━━━━━━━━━━━┓
┃ Layer (type)                    ┃ Output Shape           ┃       Param # ┃
┡━━━━━━━━━━━━━━━━━━━━━━━━━━━━━━━━━╇━━━━━━━━━━━━━━━━━━━━━━━━╇━━━━━━━━━━━━━━━┩
│ DimeNetPP (Functional)          │ (None, 1)              │        83,685 │
└─────────────────────────────────┴────────────────────────┴───────────────┘
 Total params: 645,632 (2.46 MB)
 Trainable params: 37,658 (147.10 KB)
 Non-trainable params: 607,974 (2.32 MB)
Epoch 1/350
1936/1936 - 71s - 37ms/step - loss: 0.6206 - val_loss: 0.4451
Epoch 2/350
1936/1936 - 58s - 30ms/step - loss: 0.4179 - val_loss: 0.3579
Epoch 3/350
1936/1936 - 57s - 30ms/step - loss: 0.3625 - val_loss: 0.3267
Epoch 4/350
1936/1936 - 57s - 30ms/step - loss: 0.3276 - val_loss: 0.2987
Epoch 5/350
1936/1936 - 57s - 30ms/step - loss: 0.3034 - val_loss: 0.2944
Epoch 6/350
1936/1936 - 57s - 30ms/step - loss: 0.2873 - val_loss: 0.2853
Epoch 7/350
1936/1936 - 57s - 30ms/step - loss: 0.2738 - val_loss: 0.2741
Epoch 8/350
1936/1936 - 57s - 30ms/step - loss: 0.2623 - val_loss: 0.2718
Epoch 9/350
1936/1936 - 57s - 30ms/step - loss: 0.2529 - val_loss: 0.2525
Epoch 10/350
1936/1936 - 57s - 30ms/step - loss: 0.2456 - val_loss: 0.2474
Epoch 11/350
1936/1936 - 57s - 30ms/step - loss: 0.2410 - val_loss: 0.2491
Epoch 12/350
1936/1936 - 57s - 30ms/step - loss: 0.2337 - val_loss: 0.2460
Epoch 13/350
1936/1936 - 57s - 30ms/step - loss: 0.2268 - val_loss: 0.2464
Epoch 14/350
1936/1936 - 57s - 30ms/step - loss: 0.2227 - val_loss: 0.2319
Epoch 15/350
1936/1936 - 57s - 30ms/step - loss: 0.2170 - val_loss: 0.2424
Epoch 16/350
1936/1936 - 57s - 30ms/step - loss: 0.2138 - val_loss: 0.2295
Epoch 17/350
1936/1936 - 57s - 30ms/step - loss: 0.2091 - val_loss: 0.2260
Epoch 18/350
1936/1936 - 57s - 30ms/step - loss: 0.2054 - val_loss: 0.2246
Epoch 19/350
1936/1936 - 57s - 30ms/step - loss: 0.2028 - val_loss: 0.2248
Epoch 20/350
1936/1936 - 57s - 30ms/step - loss: 0.1990 - val_loss: 0.2213
Epoch 21/350
1936/1936 - 57s - 30ms/step - loss: 0.1970 - val_loss: 0.2149
Epoch 22/350
1936/1936 - 57s - 30ms/step - loss: 0.1941 - val_loss: 0.2135
Epoch 23/350
1936/1936 - 57s - 30ms/step - loss: 0.1917 - val_loss: 0.2170
Epoch 24/350
1936/1936 - 57s - 30ms/step - loss: 0.1888 - val_loss: 0.2197
Epoch 25/350
1936/1936 - 57s - 30ms/step - loss: 0.1860 - val_loss: 0.2084
Epoch 26/350
1936/1936 - 57s - 30ms/step - loss: 0.1844 - val_loss: 0.2096
Epoch 27/350
1936/1936 - 57s - 30ms/step - loss: 0.1820 - val_loss: 0.2055
Epoch 28/350
1936/1936 - 57s - 30ms/step - loss: 0.1808 - val_loss: 0.2141
Epoch 29/350
1936/1936 - 57s - 30ms/step - loss: 0.1792 - val_loss: 0.2047
Epoch 30/350
1936/1936 - 57s - 30ms/step - loss: 0.1765 - val_loss: 0.2085
Epoch 31/350
1936/1936 - 57s - 30ms/step - loss: 0.1755 - val_loss: 0.2214
Epoch 32/350
1936/1936 - 57s - 30ms/step - loss: 0.1743 - val_loss: 0.2013
Epoch 33/350
1936/1936 - 57s - 30ms/step - loss: 0.1717 - val_loss: 0.2042
Epoch 34/350
1936/1936 - 57s - 30ms/step - loss: 0.1704 - val_loss: 0.2086
Epoch 35/350
1936/1936 - 57s - 30ms/step - loss: 0.1685 - val_loss: 0.1965
Epoch 36/350
1936/1936 - 57s - 30ms/step - loss: 0.1675 - val_loss: 0.2000
Epoch 37/350
1936/1936 - 57s - 30ms/step - loss: 0.1655 - val_loss: 0.2033
Epoch 38/350
1936/1936 - 57s - 30ms/step - loss: 0.1657 - val_loss: 0.2030
Epoch 39/350
1936/1936 - 57s - 30ms/step - loss: 0.1634 - val_loss: 0.2016
Epoch 40/350
1936/1936 - 57s - 30ms/step - loss: 0.1610 - val_loss: 0.1953
Epoch 41/350
1936/1936 - 57s - 30ms/step - loss: 0.1612 - val_loss: 0.2005
Epoch 42/350
1936/1936 - 57s - 30ms/step - loss: 0.1591 - val_loss: 0.1960
Epoch 43/350
1936/1936 - 57s - 30ms/step - loss: 0.1577 - val_loss: 0.1947
Epoch 44/350
1936/1936 - 57s - 30ms/step - loss: 0.1580 - val_loss: 0.1928
Epoch 45/350
1936/1936 - 57s - 30ms/step - loss: 0.1557 - val_loss: 0.1935
Epoch 46/350
1936/1936 - 57s - 30ms/step - loss: 0.1552 - val_loss: 0.1951
Epoch 47/350
1936/1936 - 57s - 30ms/step - loss: 0.1537 - val_loss: 0.2006
Epoch 48/350
1936/1936 - 57s - 30ms/step - loss: 0.1531 - val_loss: 0.1997
Epoch 49/350
1936/1936 - 57s - 30ms/step - loss: 0.1527 - val_loss: 0.2301
Epoch 50/350
1936/1936 - 57s - 30ms/step - loss: 0.1511 - val_loss: 0.2014
Epoch 51/350
1936/1936 - 57s - 30ms/step - loss: 0.1500 - val_loss: 0.1891
Epoch 52/350
1936/1936 - 57s - 30ms/step - loss: 0.1487 - val_loss: 0.1937
Epoch 53/350
1936/1936 - 57s - 30ms/step - loss: 0.1480 - val_loss: 0.1949
Epoch 54/350
1936/1936 - 57s - 30ms/step - loss: 0.1472 - val_loss: 0.1958
Epoch 55/350
1936/1936 - 57s - 30ms/step - loss: 0.1473 - val_loss: 0.1882
Epoch 56/350
1936/1936 - 57s - 30ms/step - loss: 0.1462 - val_loss: 0.1880
Epoch 57/350
1936/1936 - 57s - 30ms/step - loss: 0.1446 - val_loss: 0.1878
Epoch 58/350
1936/1936 - 57s - 30ms/step - loss: 0.1443 - val_loss: 0.1858
Epoch 59/350
1936/1936 - 57s - 30ms/step - loss: 0.1440 - val_loss: 0.1877
Epoch 60/350
1936/1936 - 57s - 30ms/step - loss: 0.1431 - val_loss: 0.1888
Epoch 61/350
1936/1936 - 57s - 30ms/step - loss: 0.1428 - val_loss: 0.1908
Epoch 62/350
1936/1936 - 57s - 30ms/step - loss: 0.1415 - val_loss: 0.1857
Epoch 63/350
1936/1936 - 57s - 30ms/step - loss: 0.1406 - val_loss: 0.1830
Epoch 64/350
1936/1936 - 57s - 30ms/step - loss: 0.1406 - val_loss: 0.1886
Epoch 65/350
1936/1936 - 57s - 30ms/step - loss: 0.1387 - val_loss: 0.1854
Epoch 66/350
1936/1936 - 57s - 30ms/step - loss: 0.1383 - val_loss: 0.1861
Epoch 67/350
1936/1936 - 57s - 30ms/step - loss: 0.1380 - val_loss: 0.1902
Epoch 68/350
1936/1936 - 57s - 30ms/step - loss: 0.1395 - val_loss: 0.1892
Epoch 69/350
1936/1936 - 57s - 30ms/step - loss: 0.1370 - val_loss: 0.1836
Epoch 70/350
1936/1936 - 57s - 30ms/step - loss: 0.1374 - val_loss: 0.1956
Epoch 71/350
1936/1936 - 57s - 30ms/step - loss: 0.1357 - val_loss: 0.1805
Epoch 72/350
1936/1936 - 57s - 30ms/step - loss: 0.1351 - val_loss: 0.1925
Epoch 73/350
1936/1936 - 57s - 30ms/step - loss: 0.1350 - val_loss: 0.1849
Epoch 74/350
1936/1936 - 57s - 30ms/step - loss: 0.1342 - val_loss: 0.1810
Epoch 75/350
1936/1936 - 57s - 30ms/step - loss: 0.1339 - val_loss: 0.1834
Epoch 76/350
1936/1936 - 57s - 30ms/step - loss: 0.1335 - val_loss: 0.1832
Epoch 77/350
1936/1936 - 57s - 30ms/step - loss: 0.1324 - val_loss: 0.1841
Epoch 78/350
1936/1936 - 57s - 30ms/step - loss: 0.1317 - val_loss: 0.1815
Epoch 79/350
1936/1936 - 57s - 30ms/step - loss: 0.1307 - val_loss: 0.1855
Epoch 80/350
1936/1936 - 57s - 30ms/step - loss: 0.1308 - val_loss: 0.1856
Epoch 81/350
1936/1936 - 57s - 30ms/step - loss: 0.1300 - val_loss: 0.1833
Epoch 82/350
1936/1936 - 57s - 30ms/step - loss: 0.1290 - val_loss: 0.1831
Epoch 83/350
1936/1936 - 57s - 30ms/step - loss: 0.1285 - val_loss: 0.1835
Epoch 84/350
1936/1936 - 57s - 30ms/step - loss: 0.1280 - val_loss: 0.1838
Epoch 85/350
1936/1936 - 57s - 30ms/step - loss: 0.1274 - val_loss: 0.1864
Epoch 86/350
1936/1936 - 57s - 30ms/step - loss: 0.1281 - val_loss: 0.1911
Epoch 87/350
1936/1936 - 57s - 30ms/step - loss: 0.1280 - val_loss: 0.1837
Epoch 88/350
1936/1936 - 57s - 30ms/step - loss: 0.1272 - val_loss: 0.1821
Epoch 89/350
1936/1936 - 57s - 30ms/step - loss: 0.1261 - val_loss: 0.1826
Epoch 90/350
1936/1936 - 57s - 30ms/step - loss: 0.1262 - val_loss: 0.1788
Epoch 91/350
1936/1936 - 57s - 30ms/step - loss: 0.1245 - val_loss: 0.1905
Epoch 92/350
1936/1936 - 57s - 30ms/step - loss: 0.1248 - val_loss: 0.1775
Epoch 93/350
1936/1936 - 57s - 30ms/step - loss: 0.1255 - val_loss: 0.1804
Epoch 94/350
1936/1936 - 57s - 30ms/step - loss: 0.1261 - val_loss: 0.1754
Epoch 95/350
1936/1936 - 57s - 30ms/step - loss: 0.1233 - val_loss: 0.1782
Epoch 96/350
1936/1936 - 57s - 30ms/step - loss: 0.1231 - val_loss: 0.1819
Epoch 97/350
1936/1936 - 57s - 30ms/step - loss: 0.1233 - val_loss: 0.1792
Epoch 98/350
1936/1936 - 57s - 30ms/step - loss: 0.1219 - val_loss: 0.1884
Epoch 99/350
1936/1936 - 57s - 30ms/step - loss: 0.1226 - val_loss: 0.1829
Epoch 100/350
1936/1936 - 57s - 30ms/step - loss: 0.1220 - val_loss: 0.1811
Epoch 101/350
1936/1936 - 57s - 30ms/step - loss: 0.1207 - val_loss: 0.1797
Epoch 102/350
1936/1936 - 57s - 30ms/step - loss: 0.1208 - val_loss: 0.1810
Epoch 103/350
1936/1936 - 57s - 30ms/step - loss: 0.1197 - val_loss: 0.1804
Epoch 104/350
1936/1936 - 57s - 30ms/step - loss: 0.1193 - val_loss: 0.1872
Epoch 105/350
1936/1936 - 57s - 30ms/step - loss: 0.1189 - val_loss: 0.1758
Epoch 106/350
1936/1936 - 57s - 30ms/step - loss: 0.1194 - val_loss: 0.1795
Epoch 107/350
1936/1936 - 57s - 30ms/step - loss: 0.1186 - val_loss: 0.1868
Epoch 108/350
1936/1936 - 57s - 30ms/step - loss: 0.1197 - val_loss: 0.1777
Epoch 109/350
1936/1936 - 57s - 30ms/step - loss: 0.1181 - val_loss: 0.1806
Epoch 110/350
1936/1936 - 57s - 30ms/step - loss: 0.1176 - val_loss: 0.1800
Epoch 111/350
1936/1936 - 57s - 30ms/step - loss: 0.1176 - val_loss: 0.1814
Epoch 112/350
1936/1936 - 57s - 30ms/step - loss: 0.1174 - val_loss: 0.1827
Epoch 113/350
1936/1936 - 57s - 30ms/step - loss: 0.1160 - val_loss: 0.1887
Epoch 114/350
1936/1936 - 57s - 30ms/step - loss: 0.1168 - val_loss: 0.1785
Epoch 115/350
1936/1936 - 57s - 30ms/step - loss: 0.1165 - val_loss: 0.1793
Epoch 116/350
1936/1936 - 57s - 30ms/step - loss: 0.1159 - val_loss: 0.1758
Epoch 117/350
1936/1936 - 57s - 30ms/step - loss: 0.1159 - val_loss: 0.1823
Epoch 118/350
1936/1936 - 57s - 30ms/step - loss: 0.1163 - val_loss: 0.1863
Epoch 119/350
1936/1936 - 57s - 30ms/step - loss: 0.1146 - val_loss: 0.1746
Epoch 120/350
1936/1936 - 57s - 30ms/step - loss: 0.1147 - val_loss: 0.1809
Epoch 121/350
1936/1936 - 57s - 30ms/step - loss: 0.1142 - val_loss: 0.1783
Epoch 122/350
1936/1936 - 57s - 30ms/step - loss: 0.1142 - val_loss: 0.1727
Epoch 123/350
1936/1936 - 57s - 30ms/step - loss: 0.1136 - val_loss: 0.1741
Epoch 124/350
1936/1936 - 57s - 30ms/step - loss: 0.1136 - val_loss: 0.1831
Epoch 125/350
1936/1936 - 57s - 30ms/step - loss: 0.1177 - val_loss: 0.1789
Epoch 126/350
1936/1936 - 57s - 30ms/step - loss: 0.1142 - val_loss: 0.1750
Epoch 127/350
1936/1936 - 57s - 30ms/step - loss: 0.1126 - val_loss: 0.1815
Epoch 128/350
1936/1936 - 57s - 30ms/step - loss: 0.1123 - val_loss: 0.1783
Epoch 129/350
1936/1936 - 57s - 30ms/step - loss: 0.1122 - val_loss: 0.1756
Epoch 130/350
1936/1936 - 57s - 30ms/step - loss: 0.1129 - val_loss: 0.1912
Epoch 131/350
1936/1936 - 57s - 30ms/step - loss: 0.1116 - val_loss: 0.1772
Epoch 132/350
1936/1936 - 57s - 30ms/step - loss: 0.1101 - val_loss: 0.1802
Epoch 133/350
1936/1936 - 57s - 30ms/step - loss: 0.1101 - val_loss: 0.1785
Epoch 134/350
1936/1936 - 57s - 30ms/step - loss: 0.1118 - val_loss: 0.1800
Epoch 135/350
1936/1936 - 57s - 30ms/step - loss: 0.1099 - val_loss: 0.1757
Epoch 136/350
1936/1936 - 57s - 30ms/step - loss: 0.1097 - val_loss: 0.1752
Epoch 137/350
1936/1936 - 57s - 30ms/step - loss: 0.1097 - val_loss: 0.1735
Epoch 138/350
1936/1936 - 57s - 30ms/step - loss: 0.1093 - val_loss: 0.1766
Epoch 139/350
1936/1936 - 57s - 30ms/step - loss: 0.1094 - val_loss: 0.1855
Epoch 140/350
1936/1936 - 57s - 30ms/step - loss: 0.1108 - val_loss: 0.1760
Epoch 141/350
1936/1936 - 57s - 30ms/step - loss: 0.1093 - val_loss: 0.1774
Epoch 142/350
1936/1936 - 57s - 30ms/step - loss: 0.1096 - val_loss: 0.1759
Epoch 143/350
1936/1936 - 57s - 30ms/step - loss: 0.1095 - val_loss: 0.1796
Epoch 144/350
1936/1936 - 57s - 30ms/step - loss: 0.1084 - val_loss: 0.1742
Epoch 145/350
1936/1936 - 57s - 30ms/step - loss: 0.1071 - val_loss: 0.1748
Epoch 146/350
1936/1936 - 57s - 30ms/step - loss: 0.1071 - val_loss: 0.1814
Epoch 147/350
1936/1936 - 57s - 30ms/step - loss: 0.1071 - val_loss: 0.1743
Epoch 148/350
1936/1936 - 57s - 29ms/step - loss: 0.1069 - val_loss: 0.1758
Epoch 149/350
1936/1936 - 57s - 29ms/step - loss: 0.1071 - val_loss: 0.1803
Epoch 150/350
1936/1936 - 57s - 29ms/step - loss: 0.1069 - val_loss: 0.1720
Epoch 151/350
1936/1936 - 57s - 29ms/step - loss: 0.1061 - val_loss: 0.1723
Epoch 152/350
1936/1936 - 57s - 29ms/step - loss: 0.1067 - val_loss: 0.1817
Epoch 153/350
1936/1936 - 57s - 29ms/step - loss: 0.1083 - val_loss: 0.1761
Epoch 154/350
1936/1936 - 57s - 29ms/step - loss: 0.1066 - val_loss: 0.1771
Epoch 155/350
1936/1936 - 57s - 29ms/step - loss: 0.1067 - val_loss: 0.1817
Epoch 156/350
1936/1936 - 57s - 29ms/step - loss: 0.1050 - val_loss: 0.1776
Epoch 157/350
1936/1936 - 57s - 29ms/step - loss: 0.1047 - val_loss: 0.1784
Epoch 158/350
1936/1936 - 57s - 29ms/step - loss: 0.1052 - val_loss: 0.1758
Epoch 159/350
1936/1936 - 57s - 29ms/step - loss: 0.1055 - val_loss: 0.1770
Epoch 160/350
1936/1936 - 57s - 29ms/step - loss: 0.1049 - val_loss: 0.1724
Epoch 161/350
1936/1936 - 57s - 29ms/step - loss: 0.1046 - val_loss: 0.1792
Epoch 162/350
1936/1936 - 57s - 29ms/step - loss: 0.1051 - val_loss: 0.1732
Epoch 163/350
1936/1936 - 57s - 29ms/step - loss: 0.1044 - val_loss: 0.1797
Epoch 164/350
1936/1936 - 57s - 29ms/step - loss: 0.1029 - val_loss: 0.1874
Epoch 165/350
1936/1936 - 57s - 29ms/step - loss: 0.1035 - val_loss: 0.1846
Epoch 166/350
1936/1936 - 57s - 29ms/step - loss: 0.1037 - val_loss: 0.1769
Epoch 167/350
1936/1936 - 57s - 29ms/step - loss: 0.1033 - val_loss: 0.1765
Epoch 168/350
1936/1936 - 57s - 29ms/step - loss: 0.1031 - val_loss: 0.1722
Epoch 169/350
1936/1936 - 57s - 29ms/step - loss: 0.1018 - val_loss: 0.1745
Epoch 170/350
1936/1936 - 57s - 29ms/step - loss: 0.1025 - val_loss: 0.1764
Epoch 171/350
1936/1936 - 57s - 29ms/step - loss: 0.1019 - val_loss: 0.1784
Epoch 172/350
1936/1936 - 57s - 29ms/step - loss: 0.1010 - val_loss: 0.1768
Epoch 173/350
1936/1936 - 58s - 30ms/step - loss: 0.1025 - val_loss: 0.1783
Epoch 174/350
1936/1936 - 57s - 30ms/step - loss: 0.1018 - val_loss: 0.1779
Epoch 175/350
1936/1936 - 57s - 30ms/step - loss: 0.1011 - val_loss: 0.1799
Epoch 176/350
1936/1936 - 57s - 30ms/step - loss: 0.1006 - val_loss: 0.1726
Epoch 177/350
1936/1936 - 57s - 30ms/step - loss: 0.1012 - val_loss: 0.1766
Epoch 178/350
1936/1936 - 57s - 30ms/step - loss: 0.1024 - val_loss: 0.1755
Epoch 179/350
1936/1936 - 57s - 30ms/step - loss: 0.1029 - val_loss: 0.1754
Epoch 180/350
1936/1936 - 57s - 30ms/step - loss: 0.1010 - val_loss: 0.1740
Epoch 181/350
1936/1936 - 57s - 30ms/step - loss: 0.1010 - val_loss: 0.1756
Epoch 182/350
1936/1936 - 57s - 30ms/step - loss: 0.0998 - val_loss: 0.1823
Epoch 183/350
1936/1936 - 57s - 30ms/step - loss: 0.1000 - val_loss: 0.1774
Epoch 184/350
1936/1936 - 57s - 30ms/step - loss: 0.0992 - val_loss: 0.1788
Epoch 185/350
1936/1936 - 57s - 30ms/step - loss: 0.0986 - val_loss: 0.1733
Epoch 186/350
1936/1936 - 57s - 30ms/step - loss: 0.0988 - val_loss: 0.1742
Epoch 187/350
1936/1936 - 57s - 30ms/step - loss: 0.0989 - val_loss: 0.1781
Epoch 188/350
1936/1936 - 57s - 30ms/step - loss: 0.0996 - val_loss: 0.1781
Epoch 189/350
1936/1936 - 57s - 30ms/step - loss: 0.0999 - val_loss: 0.1755
Epoch 190/350
1936/1936 - 57s - 30ms/step - loss: 0.0989 - val_loss: 0.1753
Epoch 191/350
1936/1936 - 57s - 30ms/step - loss: 0.0979 - val_loss: 0.1797
Epoch 192/350
1936/1936 - 57s - 30ms/step - loss: 0.0996 - val_loss: 0.1747
Epoch 193/350
1936/1936 - 57s - 30ms/step - loss: 0.0978 - val_loss: 0.1743
Epoch 194/350
1936/1936 - 57s - 30ms/step - loss: 0.0982 - val_loss: 0.1787
Epoch 195/350
1936/1936 - 57s - 30ms/step - loss: 0.0980 - val_loss: 0.1791
Epoch 196/350
1936/1936 - 57s - 30ms/step - loss: 0.0977 - val_loss: 0.1800
Epoch 197/350
1936/1936 - 57s - 30ms/step - loss: 0.1008 - val_loss: 0.1752
Epoch 198/350
1936/1936 - 57s - 30ms/step - loss: 0.0981 - val_loss: 0.1796
Epoch 199/350
1936/1936 - 57s - 30ms/step - loss: 0.0975 - val_loss: 0.1727
Epoch 200/350
1936/1936 - 57s - 30ms/step - loss: 0.0973 - val_loss: 0.1755
Epoch 201/350
1936/1936 - 57s - 30ms/step - loss: 0.0969 - val_loss: 0.1773
Epoch 202/350
1936/1936 - 57s - 30ms/step - loss: 0.0962 - val_loss: 0.1818
Epoch 203/350
1936/1936 - 57s - 30ms/step - loss: 0.0962 - val_loss: 0.1795
Epoch 204/350
1936/1936 - 53s - 28ms/step - loss: 0.0973 - val_loss: 0.1774
Epoch 205/350
1936/1936 - 55s - 28ms/step - loss: 0.0960 - val_loss: 0.1786
Epoch 206/350
1936/1936 - 56s - 29ms/step - loss: 0.0966 - val_loss: 0.1747
Epoch 207/350
1936/1936 - 55s - 29ms/step - loss: 0.0964 - val_loss: 0.1810
Epoch 208/350
1936/1936 - 56s - 29ms/step - loss: 0.0961 - val_loss: 0.1751
Epoch 209/350
1936/1936 - 55s - 29ms/step - loss: 0.0947 - val_loss: 0.1790
Epoch 210/350
1936/1936 - 56s - 29ms/step - loss: 0.0959 - val_loss: 0.1758
Epoch 211/350
1936/1936 - 56s - 29ms/step - loss: 0.0946 - val_loss: 0.1733
Epoch 212/350
1936/1936 - 56s - 29ms/step - loss: 0.0952 - val_loss: 0.1791
Epoch 213/350
1936/1936 - 56s - 29ms/step - loss: 0.0958 - val_loss: 0.1770
Epoch 214/350
1936/1936 - 56s - 29ms/step - loss: 0.0950 - val_loss: 0.1869
Epoch 215/350
1936/1936 - 56s - 29ms/step - loss: 0.0941 - val_loss: 0.1796
Epoch 216/350
1936/1936 - 55s - 29ms/step - loss: 0.0945 - val_loss: 0.1775
Epoch 217/350
1936/1936 - 56s - 29ms/step - loss: 0.0959 - val_loss: 0.1802
Epoch 218/350
1936/1936 - 56s - 29ms/step - loss: 0.0947 - val_loss: 0.1828
Epoch 219/350
1936/1936 - 56s - 29ms/step - loss: 0.0953 - val_loss: 0.1791
Epoch 220/350
1936/1936 - 56s - 29ms/step - loss: 0.0951 - val_loss: 0.1776
Epoch 221/350
1936/1936 - 56s - 29ms/step - loss: 0.0936 - val_loss: 0.1756
Epoch 222/350
1936/1936 - 56s - 29ms/step - loss: 0.0937 - val_loss: 0.1758
Epoch 223/350
1936/1936 - 56s - 29ms/step - loss: 0.0946 - val_loss: 0.1814
Epoch 224/350
1936/1936 - 56s - 29ms/step - loss: 0.0938 - val_loss: 0.1827
Epoch 225/350
1936/1936 - 56s - 29ms/step - loss: 0.0936 - val_loss: 0.1784
Epoch 226/350
1936/1936 - 56s - 29ms/step - loss: 0.0936 - val_loss: 0.1795
Epoch 227/350
1936/1936 - 56s - 29ms/step - loss: 0.0930 - val_loss: 0.1816
Epoch 228/350
1936/1936 - 56s - 29ms/step - loss: 0.0933 - val_loss: 0.1827
Epoch 229/350
1936/1936 - 56s - 29ms/step - loss: 0.0931 - val_loss: 0.1744
Epoch 230/350
1936/1936 - 55s - 29ms/step - loss: 0.0920 - val_loss: 0.1798
Epoch 231/350
1936/1936 - 56s - 29ms/step - loss: 0.0922 - val_loss: 0.1814
Epoch 232/350
1936/1936 - 56s - 29ms/step - loss: 0.0922 - val_loss: 0.1790
Epoch 233/350
1936/1936 - 56s - 29ms/step - loss: 0.0916 - val_loss: 0.1872
Epoch 234/350
1936/1936 - 55s - 29ms/step - loss: 0.0927 - val_loss: 0.1796
Epoch 235/350
1936/1936 - 56s - 29ms/step - loss: 0.0924 - val_loss: 0.1776
Epoch 236/350
1936/1936 - 56s - 29ms/step - loss: 0.0916 - val_loss: 0.1840
Epoch 237/350
1936/1936 - 55s - 29ms/step - loss: 0.0940 - val_loss: 0.1749
Epoch 238/350
1936/1936 - 56s - 29ms/step - loss: 0.0922 - val_loss: 0.1806
Epoch 239/350
1936/1936 - 56s - 29ms/step - loss: 0.0914 - val_loss: 0.1773
Epoch 240/350
1936/1936 - 56s - 29ms/step - loss: 0.0912 - val_loss: 0.1744
Epoch 241/350
1936/1936 - 55s - 29ms/step - loss: 0.0915 - val_loss: 0.1749
Epoch 242/350
1936/1936 - 56s - 29ms/step - loss: 0.0920 - val_loss: 0.1772
Epoch 243/350
1936/1936 - 55s - 29ms/step - loss: 0.0918 - val_loss: 0.1742
Epoch 244/350
1936/1936 - 56s - 29ms/step - loss: 0.0905 - val_loss: 0.1813
Epoch 245/350
1936/1936 - 56s - 29ms/step - loss: 0.0910 - val_loss: 0.1848
Epoch 246/350
1936/1936 - 56s - 29ms/step - loss: 0.0900 - val_loss: 0.1756
Epoch 247/350
1936/1936 - 56s - 29ms/step - loss: 0.0908 - val_loss: 0.1816
Epoch 248/350
1936/1936 - 56s - 29ms/step - loss: 0.0913 - val_loss: 0.1849
Epoch 249/350
1936/1936 - 56s - 29ms/step - loss: 0.0907 - val_loss: 0.1848
Epoch 250/350
1936/1936 - 55s - 29ms/step - loss: 0.0905 - val_loss: 0.1741
Epoch 251/350
1936/1936 - 56s - 29ms/step - loss: 0.0895 - val_loss: 0.1761
Epoch 252/350
1936/1936 - 56s - 29ms/step - loss: 0.0902 - val_loss: 0.1790
Epoch 253/350
1936/1936 - 56s - 29ms/step - loss: 0.0898 - val_loss: 0.1829
Epoch 254/350
1936/1936 - 56s - 29ms/step - loss: 0.0895 - val_loss: 0.1801
Epoch 255/350
1936/1936 - 56s - 29ms/step - loss: 0.0906 - val_loss: 0.1786
Epoch 256/350
1936/1936 - 56s - 29ms/step - loss: 0.0907 - val_loss: 0.1796
Epoch 257/350
1936/1936 - 56s - 29ms/step - loss: 0.0894 - val_loss: 0.1820
Epoch 258/350
1936/1936 - 56s - 29ms/step - loss: 0.0904 - val_loss: 0.1777
Epoch 259/350
1936/1936 - 56s - 29ms/step - loss: 0.0905 - val_loss: 0.1765
Epoch 260/350
1936/1936 - 56s - 29ms/step - loss: 0.0901 - val_loss: 0.1786
Epoch 261/350
1936/1936 - 56s - 29ms/step - loss: 0.0920 - val_loss: 0.1782
Epoch 262/350
1936/1936 - 55s - 29ms/step - loss: 0.0889 - val_loss: 0.1772
Epoch 263/350
1936/1936 - 56s - 29ms/step - loss: 0.0897 - val_loss: 0.1765
Epoch 264/350
1936/1936 - 55s - 29ms/step - loss: 0.0888 - val_loss: 0.1762
Epoch 265/350
1936/1936 - 56s - 29ms/step - loss: 0.0890 - val_loss: 0.1808
Epoch 266/350
1936/1936 - 56s - 29ms/step - loss: 0.0890 - val_loss: 0.1770
Epoch 267/350
1936/1936 - 56s - 29ms/step - loss: 0.0891 - val_loss: 0.1742
Epoch 268/350
1936/1936 - 55s - 29ms/step - loss: 0.0881 - val_loss: 0.1769
Epoch 269/350
1936/1936 - 56s - 29ms/step - loss: 0.0872 - val_loss: 0.1764
Epoch 270/350
1936/1936 - 56s - 29ms/step - loss: 0.0882 - val_loss: 0.1765
Epoch 271/350
1936/1936 - 55s - 29ms/step - loss: 0.0881 - val_loss: 0.1796
Epoch 272/350
1936/1936 - 56s - 29ms/step - loss: 0.0879 - val_loss: 0.1746
Epoch 273/350
1936/1936 - 55s - 29ms/step - loss: 0.0878 - val_loss: 0.1851
Epoch 274/350
1936/1936 - 56s - 29ms/step - loss: 0.0874 - val_loss: 0.1810
Epoch 275/350
1936/1936 - 55s - 29ms/step - loss: 0.0882 - val_loss: 0.1796
Epoch 276/350
1936/1936 - 56s - 29ms/step - loss: 0.0873 - val_loss: 0.1777
Epoch 277/350
1936/1936 - 55s - 29ms/step - loss: 0.0872 - val_loss: 0.1771
Epoch 278/350
1936/1936 - 56s - 29ms/step - loss: 0.0866 - val_loss: 0.1784
Epoch 279/350
1936/1936 - 56s - 29ms/step - loss: 0.0875 - val_loss: 0.1773
Epoch 280/350
1936/1936 - 56s - 29ms/step - loss: 0.0868 - val_loss: 0.1778
Epoch 281/350
1936/1936 - 56s - 29ms/step - loss: 0.0866 - val_loss: 0.1793
Epoch 282/350
1936/1936 - 56s - 29ms/step - loss: 0.0882 - val_loss: 0.1764
Epoch 283/350
1936/1936 - 56s - 29ms/step - loss: 0.0871 - val_loss: 0.1791
Epoch 284/350
1936/1936 - 56s - 29ms/step - loss: 0.0868 - val_loss: 0.1805
Epoch 285/350
1936/1936 - 56s - 29ms/step - loss: 0.0878 - val_loss: 0.1755
Epoch 286/350
1936/1936 - 56s - 29ms/step - loss: 0.0872 - val_loss: 0.1802
Epoch 287/350
1936/1936 - 56s - 29ms/step - loss: 0.0862 - val_loss: 0.1742
Epoch 288/350
1936/1936 - 56s - 29ms/step - loss: 0.0857 - val_loss: 0.1772
Epoch 289/350
1936/1936 - 56s - 29ms/step - loss: 0.0860 - val_loss: 0.1800
Epoch 290/350
1936/1936 - 56s - 29ms/step - loss: 0.0864 - val_loss: 0.1809
Epoch 291/350
1936/1936 - 56s - 29ms/step - loss: 0.0863 - val_loss: 0.1799
Epoch 292/350
1936/1936 - 56s - 29ms/step - loss: 0.0853 - val_loss: 0.1813
Epoch 293/350
1936/1936 - 56s - 29ms/step - loss: 0.0859 - val_loss: 0.1782
Epoch 294/350
1936/1936 - 56s - 29ms/step - loss: 0.0852 - val_loss: 0.1795
Epoch 295/350
1936/1936 - 56s - 29ms/step - loss: 0.0855 - val_loss: 0.1823
Epoch 296/350
1936/1936 - 55s - 29ms/step - loss: 0.0851 - val_loss: 0.1775
Epoch 297/350
1936/1936 - 56s - 29ms/step - loss: 0.0851 - val_loss: 0.1822
Epoch 298/350
1936/1936 - 56s - 29ms/step - loss: 0.0857 - val_loss: 0.1830
Epoch 299/350
1936/1936 - 56s - 29ms/step - loss: 0.0853 - val_loss: 0.1947
Epoch 300/350
1936/1936 - 55s - 29ms/step - loss: 0.0858 - val_loss: 0.1801
Epoch 301/350
1936/1936 - 56s - 29ms/step - loss: 0.0861 - val_loss: 0.1790
Epoch 302/350
1936/1936 - 55s - 29ms/step - loss: 0.0846 - val_loss: 0.1799
Epoch 303/350
1936/1936 - 56s - 29ms/step - loss: 0.0850 - val_loss: 0.1792
Epoch 304/350
1936/1936 - 56s - 29ms/step - loss: 0.0853 - val_loss: 0.1784
Epoch 305/350
1936/1936 - 55s - 29ms/step - loss: 0.0840 - val_loss: 0.1765
Epoch 306/350
1936/1936 - 56s - 29ms/step - loss: 0.0843 - val_loss: 0.1819
Epoch 307/350
1936/1936 - 56s - 29ms/step - loss: 0.0844 - val_loss: 0.1839
Epoch 308/350
1936/1936 - 56s - 29ms/step - loss: 0.0843 - val_loss: 0.1807
Epoch 309/350
1936/1936 - 56s - 29ms/step - loss: 0.0844 - val_loss: 0.1770
Epoch 310/350
1936/1936 - 56s - 29ms/step - loss: 0.0845 - val_loss: 0.1830
Epoch 311/350
1936/1936 - 56s - 29ms/step - loss: 0.0864 - val_loss: 0.1776
Epoch 312/350
1936/1936 - 56s - 29ms/step - loss: 0.0854 - val_loss: 0.1760
Epoch 313/350
1936/1936 - 56s - 29ms/step - loss: 0.0841 - val_loss: 0.1780
Epoch 314/350
1936/1936 - 56s - 29ms/step - loss: 0.0851 - val_loss: 0.1807
Epoch 315/350
1936/1936 - 56s - 29ms/step - loss: 0.0845 - val_loss: 0.1764
Epoch 316/350
1936/1936 - 56s - 29ms/step - loss: 0.0837 - val_loss: 0.1783
Epoch 317/350
1936/1936 - 56s - 29ms/step - loss: 0.0841 - val_loss: 0.1782
Epoch 318/350
1936/1936 - 56s - 29ms/step - loss: 0.0865 - val_loss: 0.1802
Epoch 319/350
1936/1936 - 56s - 29ms/step - loss: 0.0847 - val_loss: 0.1799
Epoch 320/350
1936/1936 - 56s - 29ms/step - loss: 0.0838 - val_loss: 0.1862
Epoch 321/350
1936/1936 - 56s - 29ms/step - loss: 0.0848 - val_loss: 0.1787
Epoch 322/350
1936/1936 - 56s - 29ms/step - loss: 0.0840 - val_loss: 0.1799
Epoch 323/350
1936/1936 - 56s - 29ms/step - loss: 0.0834 - val_loss: 0.1776
Epoch 324/350
1936/1936 - 56s - 29ms/step - loss: 0.0833 - val_loss: 0.1828
Epoch 325/350
1936/1936 - 56s - 29ms/step - loss: 0.0839 - val_loss: 0.1785
Epoch 326/350
1936/1936 - 56s - 29ms/step - loss: 0.0836 - val_loss: 0.1844
Epoch 327/350
1936/1936 - 56s - 29ms/step - loss: 0.0838 - val_loss: 0.1790
Epoch 328/350
1936/1936 - 56s - 29ms/step - loss: 0.0833 - val_loss: 0.1890
Epoch 329/350
1936/1936 - 56s - 29ms/step - loss: 0.0856 - val_loss: 0.1802
Epoch 330/350
1936/1936 - 55s - 29ms/step - loss: 0.0828 - val_loss: 0.1864
Epoch 331/350
1936/1936 - 56s - 29ms/step - loss: 0.0832 - val_loss: 0.1782
Epoch 332/350
1936/1936 - 55s - 29ms/step - loss: 0.0819 - val_loss: 0.1833
Epoch 333/350
1936/1936 - 56s - 29ms/step - loss: 0.0831 - val_loss: 0.1820
Epoch 334/350
1936/1936 - 56s - 29ms/step - loss: 0.0825 - val_loss: 0.1771
Epoch 335/350
1936/1936 - 56s - 29ms/step - loss: 0.0831 - val_loss: 0.1821
Epoch 336/350
1936/1936 - 55s - 29ms/step - loss: 0.0832 - val_loss: 0.1826
Epoch 337/350
1936/1936 - 56s - 29ms/step - loss: 0.0824 - val_loss: 0.1828
Epoch 338/350
1936/1936 - 56s - 29ms/step - loss: 0.0823 - val_loss: 0.1810
Epoch 339/350
1936/1936 - 56s - 29ms/step - loss: 0.0825 - val_loss: 0.1779
Epoch 340/350
1936/1936 - 56s - 29ms/step - loss: 0.0816 - val_loss: 0.1775
Epoch 341/350
1936/1936 - 56s - 29ms/step - loss: 0.0824 - val_loss: 0.1805
Epoch 342/350
1936/1936 - 56s - 29ms/step - loss: 0.0825 - val_loss: 0.1825
Epoch 343/350
1936/1936 - 56s - 29ms/step - loss: 0.0813 - val_loss: 0.1796
Epoch 344/350
1936/1936 - 56s - 29ms/step - loss: 0.0810 - val_loss: 0.1824
Epoch 345/350
1936/1936 - 55s - 29ms/step - loss: 0.0814 - val_loss: 0.1765
Epoch 346/350
1936/1936 - 56s - 29ms/step - loss: 0.0821 - val_loss: 0.1877
Epoch 347/350
1936/1936 - 56s - 29ms/step - loss: 0.0814 - val_loss: 0.1800
Epoch 348/350
1936/1936 - 56s - 29ms/step - loss: 0.0818 - val_loss: 0.1761
Epoch 349/350
1936/1936 - 56s - 29ms/step - loss: 0.0812 - val_loss: 0.1795
Epoch 350/350
1936/1936 - 55s - 29ms/step - loss: 0.0805 - val_loss: 0.1834
Test MAE: 0.4077495133192284
Validation MAE (original units): 0.3975838380407343
Wrote: /ibex/user/shoaibsa/Intrinsic_Dimensionality_ML_Materials/DimeNetPP/DimeNetPP_MP/results_dimenetpp_bandgap_fastfood/dimenetpp_bandgap_fastfood_dim45_modelseed123_splitseed1123_epochs350/dimenetpp_test_predictions_impl=wrapper_v3_method=fastfood_dim=45pct_epochs=350_seed=123_splitseed=1123_ortho=0_rot=0_blockcols=0_orthobackend=none_train_mode=wrapped_task=band_gap.csv
Wrote: /ibex/user/shoaibsa/Intrinsic_Dimensionality_ML_Materials/DimeNetPP/DimeNetPP_MP/results_dimenetpp_bandgap_fastfood/dimenetpp_bandgap_fastfood_dim45_modelseed123_splitseed1123_epochs350/history_impl=wrapper_v3_method=fastfood_dim=45pct_epochs=350_seed=123_splitseed=1123_ortho=0_rot=0_blockcols=0_orthobackend=none_train_mode=wrapped_task=band_gap.json
Wrote: /ibex/user/shoaibsa/Intrinsic_Dimensionality_ML_Materials/DimeNetPP/DimeNetPP_MP/results_dimenetpp_bandgap_fastfood/dimenetpp_bandgap_fastfood_dim45_modelseed123_splitseed1123_epochs350/z_impl=wrapper_v3_method=fastfood_dim=45pct_epochs=350_seed=123_splitseed=1123_ortho=0_rot=0_blockcols=0_orthobackend=none_train_mode=wrapped_task=band_gap.npy
Training wall time: 20003.49 s (333.39 min)
