Requirement already satisfied: pip in ./envs/pydimnet/lib/python3.12/site-packages (26.1.2)
Collecting tensorflow==2.17.1 (from tensorflow[and-cuda]==2.17.1->-r /ibex/user/shoaibsa/Intrinsic_Dimensionality_ML_Materials/DimeNetPP/DimeNetPP_MP/requirements_dimenetpp.txt (line 1))
  Using cached tensorflow-2.17.1-cp312-cp312-manylinux_2_17_x86_64.manylinux2014_x86_64.whl.metadata (4.2 kB)
Collecting jarvis-tools (from -r /ibex/user/shoaibsa/Intrinsic_Dimensionality_ML_Materials/DimeNetPP/DimeNetPP_MP/requirements_dimenetpp.txt (line 2))
  Using cached jarvis_tools-2026.6.12-py2.py3-none-any.whl.metadata (3.0 kB)
Collecting pymatgen (from -r /ibex/user/shoaibsa/Intrinsic_Dimensionality_ML_Materials/DimeNetPP/DimeNetPP_MP/requirements_dimenetpp.txt (line 3))
  Using cached pymatgen-2026.5.4-py3-none-any.whl.metadata (12 kB)
Collecting pandas (from -r /ibex/user/shoaibsa/Intrinsic_Dimensionality_ML_Materials/DimeNetPP/DimeNetPP_MP/requirements_dimenetpp.txt (line 4))
  Using cached pandas-3.0.3-cp312-cp312-manylinux_2_24_x86_64.manylinux_2_28_x86_64.whl.metadata (79 kB)
Collecting numpy<2 (from -r /ibex/user/shoaibsa/Intrinsic_Dimensionality_ML_Materials/DimeNetPP/DimeNetPP_MP/requirements_dimenetpp.txt (line 5))
  Using cached numpy-1.26.4-cp312-cp312-manylinux_2_17_x86_64.manylinux2014_x86_64.whl.metadata (61 kB)
Collecting scikit-learn (from -r /ibex/user/shoaibsa/Intrinsic_Dimensionality_ML_Materials/DimeNetPP/DimeNetPP_MP/requirements_dimenetpp.txt (line 6))
  Using cached scikit_learn-1.9.0-cp312-cp312-manylinux_2_27_x86_64.manylinux_2_28_x86_64.whl.metadata (11 kB)
Collecting tqdm (from -r /ibex/user/shoaibsa/Intrinsic_Dimensionality_ML_Materials/DimeNetPP/DimeNetPP_MP/requirements_dimenetpp.txt (line 7))
  Using cached tqdm-4.68.3-py3-none-any.whl.metadata (57 kB)
Collecting scipy (from -r /ibex/user/shoaibsa/Intrinsic_Dimensionality_ML_Materials/DimeNetPP/DimeNetPP_MP/requirements_dimenetpp.txt (line 8))
  Using cached scipy-1.18.0-cp312-cp312-manylinux_2_27_x86_64.manylinux_2_28_x86_64.whl.metadata (62 kB)
Collecting matplotlib (from -r /ibex/user/shoaibsa/Intrinsic_Dimensionality_ML_Materials/DimeNetPP/DimeNetPP_MP/requirements_dimenetpp.txt (line 9))
  Using cached matplotlib-3.11.0-cp312-cp312-manylinux2014_x86_64.manylinux_2_17_x86_64.whl.metadata (80 kB)
Collecting networkx (from -r /ibex/user/shoaibsa/Intrinsic_Dimensionality_ML_Materials/DimeNetPP/DimeNetPP_MP/requirements_dimenetpp.txt (line 10))
  Using cached networkx-3.6.1-py3-none-any.whl.metadata (6.8 kB)
Collecting sympy (from -r /ibex/user/shoaibsa/Intrinsic_Dimensionality_ML_Materials/DimeNetPP/DimeNetPP_MP/requirements_dimenetpp.txt (line 11))
  Using cached sympy-1.14.0-py3-none-any.whl.metadata (12 kB)
Collecting absl-py>=1.0.0 (from tensorflow==2.17.1->tensorflow[and-cuda]==2.17.1->-r /ibex/user/shoaibsa/Intrinsic_Dimensionality_ML_Materials/DimeNetPP/DimeNetPP_MP/requirements_dimenetpp.txt (line 1))
  Using cached absl_py-2.4.0-py3-none-any.whl.metadata (3.3 kB)
Collecting astunparse>=1.6.0 (from tensorflow==2.17.1->tensorflow[and-cuda]==2.17.1->-r /ibex/user/shoaibsa/Intrinsic_Dimensionality_ML_Materials/DimeNetPP/DimeNetPP_MP/requirements_dimenetpp.txt (line 1))
  Using cached astunparse-1.6.3-py2.py3-none-any.whl.metadata (4.4 kB)
Collecting flatbuffers>=24.3.25 (from tensorflow==2.17.1->tensorflow[and-cuda]==2.17.1->-r /ibex/user/shoaibsa/Intrinsic_Dimensionality_ML_Materials/DimeNetPP/DimeNetPP_MP/requirements_dimenetpp.txt (line 1))
  Using cached flatbuffers-25.12.19-py2.py3-none-any.whl.metadata (1.0 kB)
Collecting gast!=0.5.0,!=0.5.1,!=0.5.2,>=0.2.1 (from tensorflow==2.17.1->tensorflow[and-cuda]==2.17.1->-r /ibex/user/shoaibsa/Intrinsic_Dimensionality_ML_Materials/DimeNetPP/DimeNetPP_MP/requirements_dimenetpp.txt (line 1))
  Using cached gast-0.7.0-py3-none-any.whl.metadata (1.5 kB)
Collecting google-pasta>=0.1.1 (from tensorflow==2.17.1->tensorflow[and-cuda]==2.17.1->-r /ibex/user/shoaibsa/Intrinsic_Dimensionality_ML_Materials/DimeNetPP/DimeNetPP_MP/requirements_dimenetpp.txt (line 1))
  Using cached google_pasta-0.2.0-py3-none-any.whl.metadata (814 bytes)
Collecting h5py>=3.10.0 (from tensorflow==2.17.1->tensorflow[and-cuda]==2.17.1->-r /ibex/user/shoaibsa/Intrinsic_Dimensionality_ML_Materials/DimeNetPP/DimeNetPP_MP/requirements_dimenetpp.txt (line 1))
  Using cached h5py-3.16.0-cp312-cp312-manylinux_2_28_x86_64.whl.metadata (3.0 kB)
Collecting libclang>=13.0.0 (from tensorflow==2.17.1->tensorflow[and-cuda]==2.17.1->-r /ibex/user/shoaibsa/Intrinsic_Dimensionality_ML_Materials/DimeNetPP/DimeNetPP_MP/requirements_dimenetpp.txt (line 1))
  Using cached libclang-18.1.1-py2.py3-none-manylinux2010_x86_64.whl.metadata (5.2 kB)
Collecting ml-dtypes<0.5.0,>=0.3.1 (from tensorflow==2.17.1->tensorflow[and-cuda]==2.17.1->-r /ibex/user/shoaibsa/Intrinsic_Dimensionality_ML_Materials/DimeNetPP/DimeNetPP_MP/requirements_dimenetpp.txt (line 1))
  Using cached ml_dtypes-0.4.1-cp312-cp312-manylinux_2_17_x86_64.manylinux2014_x86_64.whl.metadata (20 kB)
Collecting opt-einsum>=2.3.2 (from tensorflow==2.17.1->tensorflow[and-cuda]==2.17.1->-r /ibex/user/shoaibsa/Intrinsic_Dimensionality_ML_Materials/DimeNetPP/DimeNetPP_MP/requirements_dimenetpp.txt (line 1))
  Using cached opt_einsum-3.4.0-py3-none-any.whl.metadata (6.3 kB)
Requirement already satisfied: packaging in ./envs/pydimnet/lib/python3.12/site-packages (from tensorflow==2.17.1->tensorflow[and-cuda]==2.17.1->-r /ibex/user/shoaibsa/Intrinsic_Dimensionality_ML_Materials/DimeNetPP/DimeNetPP_MP/requirements_dimenetpp.txt (line 1)) (26.0)
Collecting protobuf!=4.21.0,!=4.21.1,!=4.21.2,!=4.21.3,!=4.21.4,!=4.21.5,<5.0.0dev,>=3.20.3 (from tensorflow==2.17.1->tensorflow[and-cuda]==2.17.1->-r /ibex/user/shoaibsa/Intrinsic_Dimensionality_ML_Materials/DimeNetPP/DimeNetPP_MP/requirements_dimenetpp.txt (line 1))
  Using cached protobuf-4.25.9-cp37-abi3-manylinux2014_x86_64.whl.metadata (541 bytes)
Collecting requests<3,>=2.21.0 (from tensorflow==2.17.1->tensorflow[and-cuda]==2.17.1->-r /ibex/user/shoaibsa/Intrinsic_Dimensionality_ML_Materials/DimeNetPP/DimeNetPP_MP/requirements_dimenetpp.txt (line 1))
  Using cached requests-2.34.2-py3-none-any.whl.metadata (4.8 kB)
Requirement already satisfied: setuptools in ./envs/pydimnet/lib/python3.12/site-packages (from tensorflow==2.17.1->tensorflow[and-cuda]==2.17.1->-r /ibex/user/shoaibsa/Intrinsic_Dimensionality_ML_Materials/DimeNetPP/DimeNetPP_MP/requirements_dimenetpp.txt (line 1)) (82.0.1)
Collecting six>=1.12.0 (from tensorflow==2.17.1->tensorflow[and-cuda]==2.17.1->-r /ibex/user/shoaibsa/Intrinsic_Dimensionality_ML_Materials/DimeNetPP/DimeNetPP_MP/requirements_dimenetpp.txt (line 1))
  Using cached six-1.17.0-py2.py3-none-any.whl.metadata (1.7 kB)
Collecting termcolor>=1.1.0 (from tensorflow==2.17.1->tensorflow[and-cuda]==2.17.1->-r /ibex/user/shoaibsa/Intrinsic_Dimensionality_ML_Materials/DimeNetPP/DimeNetPP_MP/requirements_dimenetpp.txt (line 1))
  Using cached termcolor-3.3.0-py3-none-any.whl.metadata (6.5 kB)
Collecting typing-extensions>=3.6.6 (from tensorflow==2.17.1->tensorflow[and-cuda]==2.17.1->-r /ibex/user/shoaibsa/Intrinsic_Dimensionality_ML_Materials/DimeNetPP/DimeNetPP_MP/requirements_dimenetpp.txt (line 1))
  Using cached typing_extensions-4.15.0-py3-none-any.whl.metadata (3.3 kB)
Collecting wrapt>=1.11.0 (from tensorflow==2.17.1->tensorflow[and-cuda]==2.17.1->-r /ibex/user/shoaibsa/Intrinsic_Dimensionality_ML_Materials/DimeNetPP/DimeNetPP_MP/requirements_dimenetpp.txt (line 1))
  Using cached wrapt-2.2.2-cp312-cp312-manylinux1_x86_64.manylinux_2_28_x86_64.manylinux_2_5_x86_64.whl.metadata (7.4 kB)
Collecting grpcio<2.0,>=1.24.3 (from tensorflow==2.17.1->tensorflow[and-cuda]==2.17.1->-r /ibex/user/shoaibsa/Intrinsic_Dimensionality_ML_Materials/DimeNetPP/DimeNetPP_MP/requirements_dimenetpp.txt (line 1))
  Using cached grpcio-1.81.1-cp312-cp312-manylinux2014_x86_64.manylinux_2_17_x86_64.whl.metadata (3.7 kB)
Collecting tensorboard<2.18,>=2.17 (from tensorflow==2.17.1->tensorflow[and-cuda]==2.17.1->-r /ibex/user/shoaibsa/Intrinsic_Dimensionality_ML_Materials/DimeNetPP/DimeNetPP_MP/requirements_dimenetpp.txt (line 1))
  Using cached tensorboard-2.17.1-py3-none-any.whl.metadata (1.6 kB)
Collecting keras>=3.2.0 (from tensorflow==2.17.1->tensorflow[and-cuda]==2.17.1->-r /ibex/user/shoaibsa/Intrinsic_Dimensionality_ML_Materials/DimeNetPP/DimeNetPP_MP/requirements_dimenetpp.txt (line 1))
  Using cached keras-3.14.1-py3-none-any.whl.metadata (6.3 kB)
Collecting nvidia-cublas-cu12==12.3.4.1 (from tensorflow[and-cuda]==2.17.1->-r /ibex/user/shoaibsa/Intrinsic_Dimensionality_ML_Materials/DimeNetPP/DimeNetPP_MP/requirements_dimenetpp.txt (line 1))
  Using cached nvidia_cublas_cu12-12.3.4.1-py3-none-manylinux1_x86_64.whl.metadata (1.5 kB)
Collecting nvidia-cuda-cupti-cu12==12.3.101 (from tensorflow[and-cuda]==2.17.1->-r /ibex/user/shoaibsa/Intrinsic_Dimensionality_ML_Materials/DimeNetPP/DimeNetPP_MP/requirements_dimenetpp.txt (line 1))
  Using cached nvidia_cuda_cupti_cu12-12.3.101-py3-none-manylinux1_x86_64.whl.metadata (1.6 kB)
Collecting nvidia-cuda-nvcc-cu12==12.3.107 (from tensorflow[and-cuda]==2.17.1->-r /ibex/user/shoaibsa/Intrinsic_Dimensionality_ML_Materials/DimeNetPP/DimeNetPP_MP/requirements_dimenetpp.txt (line 1))
  Using cached nvidia_cuda_nvcc_cu12-12.3.107-py3-none-manylinux1_x86_64.whl.metadata (1.5 kB)
Collecting nvidia-cuda-nvrtc-cu12==12.3.107 (from tensorflow[and-cuda]==2.17.1->-r /ibex/user/shoaibsa/Intrinsic_Dimensionality_ML_Materials/DimeNetPP/DimeNetPP_MP/requirements_dimenetpp.txt (line 1))
  Using cached nvidia_cuda_nvrtc_cu12-12.3.107-py3-none-manylinux1_x86_64.whl.metadata (1.5 kB)
Collecting nvidia-cuda-runtime-cu12==12.3.101 (from tensorflow[and-cuda]==2.17.1->-r /ibex/user/shoaibsa/Intrinsic_Dimensionality_ML_Materials/DimeNetPP/DimeNetPP_MP/requirements_dimenetpp.txt (line 1))
  Using cached nvidia_cuda_runtime_cu12-12.3.101-py3-none-manylinux1_x86_64.whl.metadata (1.5 kB)
Collecting nvidia-cudnn-cu12==8.9.7.29 (from tensorflow[and-cuda]==2.17.1->-r /ibex/user/shoaibsa/Intrinsic_Dimensionality_ML_Materials/DimeNetPP/DimeNetPP_MP/requirements_dimenetpp.txt (line 1))
  Using cached nvidia_cudnn_cu12-8.9.7.29-py3-none-manylinux1_x86_64.whl.metadata (1.6 kB)
Collecting nvidia-cufft-cu12==11.0.12.1 (from tensorflow[and-cuda]==2.17.1->-r /ibex/user/shoaibsa/Intrinsic_Dimensionality_ML_Materials/DimeNetPP/DimeNetPP_MP/requirements_dimenetpp.txt (line 1))
  Using cached nvidia_cufft_cu12-11.0.12.1-py3-none-manylinux1_x86_64.whl.metadata (1.5 kB)
Collecting nvidia-curand-cu12==10.3.4.107 (from tensorflow[and-cuda]==2.17.1->-r /ibex/user/shoaibsa/Intrinsic_Dimensionality_ML_Materials/DimeNetPP/DimeNetPP_MP/requirements_dimenetpp.txt (line 1))
  Using cached nvidia_curand_cu12-10.3.4.107-py3-none-manylinux1_x86_64.whl.metadata (1.5 kB)
Collecting nvidia-cusolver-cu12==11.5.4.101 (from tensorflow[and-cuda]==2.17.1->-r /ibex/user/shoaibsa/Intrinsic_Dimensionality_ML_Materials/DimeNetPP/DimeNetPP_MP/requirements_dimenetpp.txt (line 1))
  Using cached nvidia_cusolver_cu12-11.5.4.101-py3-none-manylinux1_x86_64.whl.metadata (1.6 kB)
Collecting nvidia-cusparse-cu12==12.2.0.103 (from tensorflow[and-cuda]==2.17.1->-r /ibex/user/shoaibsa/Intrinsic_Dimensionality_ML_Materials/DimeNetPP/DimeNetPP_MP/requirements_dimenetpp.txt (line 1))
  Using cached nvidia_cusparse_cu12-12.2.0.103-py3-none-manylinux1_x86_64.whl.metadata (1.6 kB)
Collecting nvidia-nccl-cu12==2.19.3 (from tensorflow[and-cuda]==2.17.1->-r /ibex/user/shoaibsa/Intrinsic_Dimensionality_ML_Materials/DimeNetPP/DimeNetPP_MP/requirements_dimenetpp.txt (line 1))
  Using cached nvidia_nccl_cu12-2.19.3-py3-none-manylinux1_x86_64.whl.metadata (1.8 kB)
Collecting nvidia-nvjitlink-cu12==12.3.101 (from tensorflow[and-cuda]==2.17.1->-r /ibex/user/shoaibsa/Intrinsic_Dimensionality_ML_Materials/DimeNetPP/DimeNetPP_MP/requirements_dimenetpp.txt (line 1))
  Using cached nvidia_nvjitlink_cu12-12.3.101-py3-none-manylinux1_x86_64.whl.metadata (1.5 kB)
Collecting charset_normalizer<4,>=2 (from requests<3,>=2.21.0->tensorflow==2.17.1->tensorflow[and-cuda]==2.17.1->-r /ibex/user/shoaibsa/Intrinsic_Dimensionality_ML_Materials/DimeNetPP/DimeNetPP_MP/requirements_dimenetpp.txt (line 1))
  Using cached charset_normalizer-3.4.7-cp312-cp312-manylinux2014_x86_64.manylinux_2_17_x86_64.manylinux_2_28_x86_64.whl.metadata (40 kB)
Collecting idna<4,>=2.5 (from requests<3,>=2.21.0->tensorflow==2.17.1->tensorflow[and-cuda]==2.17.1->-r /ibex/user/shoaibsa/Intrinsic_Dimensionality_ML_Materials/DimeNetPP/DimeNetPP_MP/requirements_dimenetpp.txt (line 1))
  Using cached idna-3.18-py3-none-any.whl.metadata (6.1 kB)
Collecting urllib3<3,>=1.26 (from requests<3,>=2.21.0->tensorflow==2.17.1->tensorflow[and-cuda]==2.17.1->-r /ibex/user/shoaibsa/Intrinsic_Dimensionality_ML_Materials/DimeNetPP/DimeNetPP_MP/requirements_dimenetpp.txt (line 1))
  Using cached urllib3-2.7.0-py3-none-any.whl.metadata (6.9 kB)
Collecting certifi>=2023.5.7 (from requests<3,>=2.21.0->tensorflow==2.17.1->tensorflow[and-cuda]==2.17.1->-r /ibex/user/shoaibsa/Intrinsic_Dimensionality_ML_Materials/DimeNetPP/DimeNetPP_MP/requirements_dimenetpp.txt (line 1))
  Using cached certifi-2026.6.17-py3-none-any.whl.metadata (2.5 kB)
Collecting markdown>=2.6.8 (from tensorboard<2.18,>=2.17->tensorflow==2.17.1->tensorflow[and-cuda]==2.17.1->-r /ibex/user/shoaibsa/Intrinsic_Dimensionality_ML_Materials/DimeNetPP/DimeNetPP_MP/requirements_dimenetpp.txt (line 1))
  Using cached markdown-3.10.2-py3-none-any.whl.metadata (5.1 kB)
Collecting tensorboard-data-server<0.8.0,>=0.7.0 (from tensorboard<2.18,>=2.17->tensorflow==2.17.1->tensorflow[and-cuda]==2.17.1->-r /ibex/user/shoaibsa/Intrinsic_Dimensionality_ML_Materials/DimeNetPP/DimeNetPP_MP/requirements_dimenetpp.txt (line 1))
  Using cached tensorboard_data_server-0.7.2-py3-none-manylinux_2_31_x86_64.whl.metadata (1.1 kB)
Collecting werkzeug>=1.0.1 (from tensorboard<2.18,>=2.17->tensorflow==2.17.1->tensorflow[and-cuda]==2.17.1->-r /ibex/user/shoaibsa/Intrinsic_Dimensionality_ML_Materials/DimeNetPP/DimeNetPP_MP/requirements_dimenetpp.txt (line 1))
  Using cached werkzeug-3.1.8-py3-none-any.whl.metadata (4.0 kB)
Collecting joblib>=0.14.1 (from jarvis-tools->-r /ibex/user/shoaibsa/Intrinsic_Dimensionality_ML_Materials/DimeNetPP/DimeNetPP_MP/requirements_dimenetpp.txt (line 2))
  Using cached joblib-1.5.3-py3-none-any.whl.metadata (5.5 kB)
Collecting toolz>=0.9.0 (from jarvis-tools->-r /ibex/user/shoaibsa/Intrinsic_Dimensionality_ML_Materials/DimeNetPP/DimeNetPP_MP/requirements_dimenetpp.txt (line 2))
  Using cached toolz-1.1.0-py3-none-any.whl.metadata (5.1 kB)
Collecting xmltodict>=0.11.0 (from jarvis-tools->-r /ibex/user/shoaibsa/Intrinsic_Dimensionality_ML_Materials/DimeNetPP/DimeNetPP_MP/requirements_dimenetpp.txt (line 2))
  Using cached xmltodict-1.0.4-py3-none-any.whl.metadata (14 kB)
Collecting pymatgen-core>=2026.4.16 (from pymatgen->-r /ibex/user/shoaibsa/Intrinsic_Dimensionality_ML_Materials/DimeNetPP/DimeNetPP_MP/requirements_dimenetpp.txt (line 3))
  Using cached pymatgen_core-2026.5.18-cp312-cp312-manylinux2014_x86_64.manylinux_2_17_x86_64.manylinux_2_28_x86_64.whl.metadata (14 kB)
Collecting python-dateutil>=2.8.2 (from pandas->-r /ibex/user/shoaibsa/Intrinsic_Dimensionality_ML_Materials/DimeNetPP/DimeNetPP_MP/requirements_dimenetpp.txt (line 4))
  Using cached python_dateutil-2.9.0.post0-py2.py3-none-any.whl.metadata (8.4 kB)
Collecting narwhals>=2.0.1 (from scikit-learn->-r /ibex/user/shoaibsa/Intrinsic_Dimensionality_ML_Materials/DimeNetPP/DimeNetPP_MP/requirements_dimenetpp.txt (line 6))
  Using cached narwhals-2.22.1-py3-none-any.whl.metadata (15 kB)
Collecting threadpoolctl>=3.5.0 (from scikit-learn->-r /ibex/user/shoaibsa/Intrinsic_Dimensionality_ML_Materials/DimeNetPP/DimeNetPP_MP/requirements_dimenetpp.txt (line 6))
  Using cached threadpoolctl-3.6.0-py3-none-any.whl.metadata (13 kB)
INFO: pip is looking at multiple versions of scipy to determine which version is compatible with other requirements. This could take a while.
Collecting scipy (from -r /ibex/user/shoaibsa/Intrinsic_Dimensionality_ML_Materials/DimeNetPP/DimeNetPP_MP/requirements_dimenetpp.txt (line 8))
  Using cached scipy-1.17.1-cp312-cp312-manylinux_2_27_x86_64.manylinux_2_28_x86_64.whl.metadata (62 kB)
Collecting contourpy>=1.0.1 (from matplotlib->-r /ibex/user/shoaibsa/Intrinsic_Dimensionality_ML_Materials/DimeNetPP/DimeNetPP_MP/requirements_dimenetpp.txt (line 9))
  Using cached contourpy-1.3.3-cp312-cp312-manylinux_2_27_x86_64.manylinux_2_28_x86_64.whl.metadata (5.5 kB)
Collecting cycler>=0.10 (from matplotlib->-r /ibex/user/shoaibsa/Intrinsic_Dimensionality_ML_Materials/DimeNetPP/DimeNetPP_MP/requirements_dimenetpp.txt (line 9))
  Using cached cycler-0.12.1-py3-none-any.whl.metadata (3.8 kB)
Collecting fonttools>=4.22.0 (from matplotlib->-r /ibex/user/shoaibsa/Intrinsic_Dimensionality_ML_Materials/DimeNetPP/DimeNetPP_MP/requirements_dimenetpp.txt (line 9))
  Using cached fonttools-4.63.0-cp312-cp312-manylinux2014_x86_64.manylinux_2_17_x86_64.whl.metadata (118 kB)
Collecting kiwisolver>=1.3.1 (from matplotlib->-r /ibex/user/shoaibsa/Intrinsic_Dimensionality_ML_Materials/DimeNetPP/DimeNetPP_MP/requirements_dimenetpp.txt (line 9))
  Using cached kiwisolver-1.5.0-cp312-cp312-manylinux2014_x86_64.manylinux_2_17_x86_64.whl.metadata (5.1 kB)
Collecting pillow>=9 (from matplotlib->-r /ibex/user/shoaibsa/Intrinsic_Dimensionality_ML_Materials/DimeNetPP/DimeNetPP_MP/requirements_dimenetpp.txt (line 9))
  Using cached pillow-12.2.0-cp312-cp312-manylinux_2_27_x86_64.manylinux_2_28_x86_64.whl.metadata (8.8 kB)
Collecting pyparsing>=3 (from matplotlib->-r /ibex/user/shoaibsa/Intrinsic_Dimensionality_ML_Materials/DimeNetPP/DimeNetPP_MP/requirements_dimenetpp.txt (line 9))
  Using cached pyparsing-3.3.2-py3-none-any.whl.metadata (5.8 kB)
Collecting mpmath<1.4,>=1.1.0 (from sympy->-r /ibex/user/shoaibsa/Intrinsic_Dimensionality_ML_Materials/DimeNetPP/DimeNetPP_MP/requirements_dimenetpp.txt (line 11))
  Using cached mpmath-1.3.0-py3-none-any.whl.metadata (8.6 kB)
Requirement already satisfied: wheel<1.0,>=0.23.0 in ./envs/pydimnet/lib/python3.12/site-packages (from astunparse>=1.6.0->tensorflow==2.17.1->tensorflow[and-cuda]==2.17.1->-r /ibex/user/shoaibsa/Intrinsic_Dimensionality_ML_Materials/DimeNetPP/DimeNetPP_MP/requirements_dimenetpp.txt (line 1)) (0.47.0)
Collecting rich (from keras>=3.2.0->tensorflow==2.17.1->tensorflow[and-cuda]==2.17.1->-r /ibex/user/shoaibsa/Intrinsic_Dimensionality_ML_Materials/DimeNetPP/DimeNetPP_MP/requirements_dimenetpp.txt (line 1))
  Using cached rich-15.0.0-py3-none-any.whl.metadata (18 kB)
Collecting namex (from keras>=3.2.0->tensorflow==2.17.1->tensorflow[and-cuda]==2.17.1->-r /ibex/user/shoaibsa/Intrinsic_Dimensionality_ML_Materials/DimeNetPP/DimeNetPP_MP/requirements_dimenetpp.txt (line 1))
  Using cached namex-0.1.0-py3-none-any.whl.metadata (322 bytes)
Collecting optree (from keras>=3.2.0->tensorflow==2.17.1->tensorflow[and-cuda]==2.17.1->-r /ibex/user/shoaibsa/Intrinsic_Dimensionality_ML_Materials/DimeNetPP/DimeNetPP_MP/requirements_dimenetpp.txt (line 1))
  Using cached optree-0.19.1-cp312-cp312-manylinux_2_27_x86_64.manylinux_2_28_x86_64.whl.metadata (32 kB)
Collecting bibtexparser (from pymatgen-core>=2026.4.16->pymatgen->-r /ibex/user/shoaibsa/Intrinsic_Dimensionality_ML_Materials/DimeNetPP/DimeNetPP_MP/requirements_dimenetpp.txt (line 3))
  Using cached bibtexparser-1.4.4-py3-none-any.whl
Collecting lxml>=6.1.0 (from pymatgen-core>=2026.4.16->pymatgen->-r /ibex/user/shoaibsa/Intrinsic_Dimensionality_ML_Materials/DimeNetPP/DimeNetPP_MP/requirements_dimenetpp.txt (line 3))
  Using cached lxml-6.1.1-cp312-cp312-manylinux_2_26_x86_64.manylinux_2_28_x86_64.whl.metadata (3.5 kB)
Collecting monty>=2026.5.18 (from pymatgen-core>=2026.4.16->pymatgen->-r /ibex/user/shoaibsa/Intrinsic_Dimensionality_ML_Materials/DimeNetPP/DimeNetPP_MP/requirements_dimenetpp.txt (line 3))
  Using cached monty-2026.5.18-py3-none-any.whl.metadata (3.3 kB)
Collecting orjson<4,>=3.10 (from pymatgen-core>=2026.4.16->pymatgen->-r /ibex/user/shoaibsa/Intrinsic_Dimensionality_ML_Materials/DimeNetPP/DimeNetPP_MP/requirements_dimenetpp.txt (line 3))
  Using cached orjson-3.11.9-cp312-cp312-manylinux_2_17_x86_64.manylinux2014_x86_64.whl.metadata (41 kB)
Collecting palettable>=3.3.3 (from pymatgen-core>=2026.4.16->pymatgen->-r /ibex/user/shoaibsa/Intrinsic_Dimensionality_ML_Materials/DimeNetPP/DimeNetPP_MP/requirements_dimenetpp.txt (line 3))
  Using cached palettable-3.3.3-py2.py3-none-any.whl.metadata (3.3 kB)
Collecting plotly>=6.0 (from pymatgen-core>=2026.4.16->pymatgen->-r /ibex/user/shoaibsa/Intrinsic_Dimensionality_ML_Materials/DimeNetPP/DimeNetPP_MP/requirements_dimenetpp.txt (line 3))
  Using cached plotly-6.8.0-py3-none-any.whl.metadata (9.0 kB)
Collecting spglib>=2.5 (from pymatgen-core>=2026.4.16->pymatgen->-r /ibex/user/shoaibsa/Intrinsic_Dimensionality_ML_Materials/DimeNetPP/DimeNetPP_MP/requirements_dimenetpp.txt (line 3))
  Using cached spglib-2.7.0-cp312-cp312-manylinux_2_27_x86_64.manylinux_2_28_x86_64.whl.metadata (4.2 kB)
Collecting tabulate>=0.9.0 (from pymatgen-core>=2026.4.16->pymatgen->-r /ibex/user/shoaibsa/Intrinsic_Dimensionality_ML_Materials/DimeNetPP/DimeNetPP_MP/requirements_dimenetpp.txt (line 3))
  Using cached tabulate-0.10.0-py3-none-any.whl.metadata (40 kB)
Collecting uncertainties>=3.1 (from pymatgen-core>=2026.4.16->pymatgen->-r /ibex/user/shoaibsa/Intrinsic_Dimensionality_ML_Materials/DimeNetPP/DimeNetPP_MP/requirements_dimenetpp.txt (line 3))
  Using cached uncertainties-3.2.3-py3-none-any.whl.metadata (7.0 kB)
Collecting ruamel.yaml (from monty>=2026.5.18->pymatgen-core>=2026.4.16->pymatgen->-r /ibex/user/shoaibsa/Intrinsic_Dimensionality_ML_Materials/DimeNetPP/DimeNetPP_MP/requirements_dimenetpp.txt (line 3))
  Using cached ruamel_yaml-0.19.1-py3-none-any.whl.metadata (16 kB)
Collecting markupsafe>=2.1.1 (from werkzeug>=1.0.1->tensorboard<2.18,>=2.17->tensorflow==2.17.1->tensorflow[and-cuda]==2.17.1->-r /ibex/user/shoaibsa/Intrinsic_Dimensionality_ML_Materials/DimeNetPP/DimeNetPP_MP/requirements_dimenetpp.txt (line 1))
  Using cached markupsafe-3.0.3-cp312-cp312-manylinux2014_x86_64.manylinux_2_17_x86_64.manylinux_2_28_x86_64.whl.metadata (2.7 kB)
Collecting markdown-it-py>=2.2.0 (from rich->keras>=3.2.0->tensorflow==2.17.1->tensorflow[and-cuda]==2.17.1->-r /ibex/user/shoaibsa/Intrinsic_Dimensionality_ML_Materials/DimeNetPP/DimeNetPP_MP/requirements_dimenetpp.txt (line 1))
  Using cached markdown_it_py-4.2.0-py3-none-any.whl.metadata (7.4 kB)
Collecting pygments<3.0.0,>=2.13.0 (from rich->keras>=3.2.0->tensorflow==2.17.1->tensorflow[and-cuda]==2.17.1->-r /ibex/user/shoaibsa/Intrinsic_Dimensionality_ML_Materials/DimeNetPP/DimeNetPP_MP/requirements_dimenetpp.txt (line 1))
  Using cached pygments-2.20.0-py3-none-any.whl.metadata (2.5 kB)
Collecting mdurl~=0.1 (from markdown-it-py>=2.2.0->rich->keras>=3.2.0->tensorflow==2.17.1->tensorflow[and-cuda]==2.17.1->-r /ibex/user/shoaibsa/Intrinsic_Dimensionality_ML_Materials/DimeNetPP/DimeNetPP_MP/requirements_dimenetpp.txt (line 1))
  Using cached mdurl-0.1.2-py3-none-any.whl.metadata (1.6 kB)
Downloading tensorflow-2.17.1-cp312-cp312-manylinux_2_17_x86_64.manylinux2014_x86_64.whl (601.4 MB)
   ━━━━━━━━━━━━━━━━━━━━━━━━━━━━━━━━━━━━━━━━ 601.4/601.4 MB 567.7 kB/s  0:13:03
Downloading nvidia_cublas_cu12-12.3.4.1-py3-none-manylinux1_x86_64.whl (412.6 MB)
   ━━━━━━━━━━━━━━━━━━━━━━━━━━━━━━━━━━━━━━━━ 412.6/412.6 MB 508.5 kB/s  0:08:34
Downloading nvidia_cuda_cupti_cu12-12.3.101-py3-none-manylinux1_x86_64.whl (14.0 MB)
   ━━━━━━━━━━━━━━━━━━━━━━━━━━━━━━━━━━━━━━━━ 14.0/14.0 MB 1.8 MB/s  0:00:07
Downloading nvidia_cuda_nvcc_cu12-12.3.107-py3-none-manylinux1_x86_64.whl (22.0 MB)
   ━━━━━━━━━━━━━━━━━━━━━━━━━━━━━━━━━━━━━━━━ 22.0/22.0 MB 1.0 MB/s  0:00:20
Downloading nvidia_cuda_nvrtc_cu12-12.3.107-py3-none-manylinux1_x86_64.whl (24.9 MB)
   ━━━━━━━━━━━━━━━━━━━━━━━━━━━━━━━━━━━━━━━━ 24.9/24.9 MB 685.7 kB/s  0:00:32
Downloading nvidia_cuda_runtime_cu12-12.3.101-py3-none-manylinux1_x86_64.whl (867 kB)
   ━━━━━━━━━━━━━━━━━━━━━━━━━━━━━━━━━━━━━━━━ 867.7/867.7 kB 657.2 kB/s  0:00:01
Downloading nvidia_cudnn_cu12-8.9.7.29-py3-none-manylinux1_x86_64.whl (704.7 MB)
   ━━━━━━━━━━━━━━━━━━━━━━━━━━━━━━━━━━━━━━━━ 704.7/704.7 MB 1.9 MB/s  0:08:52
Downloading nvidia_cufft_cu12-11.0.12.1-py3-none-manylinux1_x86_64.whl (98.8 MB)
   ━━━━━━━━━━━━━━━━━━━━━━━━━━━━━━━━━━━━━━━━ 98.8/98.8 MB 1.6 MB/s  0:00:53
Downloading nvidia_curand_cu12-10.3.4.107-py3-none-manylinux1_x86_64.whl (56.3 MB)
   ━━━━━━━━━━━━━━━━━━━━━━━━━━━━━━━━━━━━━━━━ 56.3/56.3 MB 5.6 MB/s  0:00:10
Downloading nvidia_cusolver_cu12-11.5.4.101-py3-none-manylinux1_x86_64.whl (125.2 MB)
   ━━━━━━━━━━━━━━━━━━━━━━━━━━━━━━━━━━━━━━━━ 125.2/125.2 MB 2.9 MB/s  0:00:37
Downloading nvidia_cusparse_cu12-12.2.0.103-py3-none-manylinux1_x86_64.whl (197.5 MB)
   ━━━━━━━━━━━━━━━━━━━━━━━━━━━━━━━━━━━━━━━━ 197.5/197.5 MB 860.6 kB/s  0:02:12
Downloading nvidia_nccl_cu12-2.19.3-py3-none-manylinux1_x86_64.whl (166.0 MB)
   ━━━━━━━━━━━━━━━━━━━━━━━━━━━━━━━━━━━━━━━━ 166.0/166.0 MB 1.5 MB/s  0:02:30
Downloading nvidia_nvjitlink_cu12-12.3.101-py3-none-manylinux1_x86_64.whl (20.5 MB)
   ━━━━━━━━━━━━━━━━━━━━━━━━━━━━━━━━━━━━━━━━ 20.5/20.5 MB 1.4 MB/s  0:00:14
Downloading numpy-1.26.4-cp312-cp312-manylinux_2_17_x86_64.manylinux2014_x86_64.whl (18.0 MB)
   ━━━━━━━━━━━━━━━━━━━━━━━━━━━━━━━━━━━━━━━━ 18.0/18.0 MB 1.4 MB/s  0:00:13
Downloading grpcio-1.81.1-cp312-cp312-manylinux2014_x86_64.manylinux_2_17_x86_64.whl (6.8 MB)
   ━━━━━━━━━━━━━━━━━━━━━━━━━━━━━━━━━━━━━━━━ 6.8/6.8 MB 1.4 MB/s  0:00:04
Downloading ml_dtypes-0.4.1-cp312-cp312-manylinux_2_17_x86_64.manylinux2014_x86_64.whl (2.2 MB)
   ━━━━━━━━━━━━━━━━━━━━━━━━━━━━━━━━━━━━━━━━ 2.2/2.2 MB 1.3 MB/s  0:00:01
Downloading protobuf-4.25.9-cp37-abi3-manylinux2014_x86_64.whl (295 kB)
Downloading requests-2.34.2-py3-none-any.whl (73 kB)
Downloading charset_normalizer-3.4.7-cp312-cp312-manylinux2014_x86_64.manylinux_2_17_x86_64.manylinux_2_28_x86_64.whl (216 kB)
Downloading idna-3.18-py3-none-any.whl (65 kB)
Downloading tensorboard-2.17.1-py3-none-any.whl (5.5 MB)
   ━━━━━━━━━━━━━━━━━━━━━━━━━━━━━━━━━━━━━━━━ 5.5/5.5 MB 1.2 MB/s  0:00:04
Downloading tensorboard_data_server-0.7.2-py3-none-manylinux_2_31_x86_64.whl (6.6 MB)
   ━━━━━━━━━━━━━━━━━━━━━━━━━━━━━━━━━━━━━━━━ 6.6/6.6 MB 674.3 kB/s  0:00:09
Using cached typing_extensions-4.15.0-py3-none-any.whl (44 kB)
Downloading urllib3-2.7.0-py3-none-any.whl (131 kB)
Downloading jarvis_tools-2026.6.12-py2.py3-none-any.whl (4.2 MB)
   ━━━━━━━━━━━━━━━━━━━━━━━━━━━━━━━━━━━━━━━━ 4.2/4.2 MB 666.7 kB/s  0:00:06
Using cached pymatgen-2026.5.4-py3-none-any.whl (829 kB)
Downloading pandas-3.0.3-cp312-cp312-manylinux_2_24_x86_64.manylinux_2_28_x86_64.whl (10.9 MB)
   ━━━━━━━━━━━━━━━━━━━━━━━━━━━━━━━━━━━━━━━━ 10.9/10.9 MB 779.9 kB/s  0:00:13
Downloading scikit_learn-1.9.0-cp312-cp312-manylinux_2_27_x86_64.manylinux_2_28_x86_64.whl (9.1 MB)
   ━━━━━━━━━━━━━━━━━━━━━━━━━━━━━━━━━━━━━━━━ 9.1/9.1 MB 1.2 MB/s  0:00:07
Downloading tqdm-4.68.3-py3-none-any.whl (78 kB)
Downloading scipy-1.17.1-cp312-cp312-manylinux_2_27_x86_64.manylinux_2_28_x86_64.whl (35.2 MB)
   ━━━━━━━━━━━━━━━━━━━━━━━━━━━━━━━━━━━━━━━━ 35.2/35.2 MB 956.6 kB/s  0:00:34
Downloading matplotlib-3.11.0-cp312-cp312-manylinux2014_x86_64.manylinux_2_17_x86_64.whl (10.0 MB)
   ━━━━━━━━━━━━━━━━━━━━━━━━━━━━━━━━━━━━━━━━ 10.0/10.0 MB 1.4 MB/s  0:00:07
Using cached networkx-3.6.1-py3-none-any.whl (2.1 MB)
Using cached sympy-1.14.0-py3-none-any.whl (6.3 MB)
Using cached mpmath-1.3.0-py3-none-any.whl (536 kB)
Downloading absl_py-2.4.0-py3-none-any.whl (135 kB)
Downloading astunparse-1.6.3-py2.py3-none-any.whl (12 kB)
Using cached six-1.17.0-py2.py3-none-any.whl (11 kB)
Downloading certifi-2026.6.17-py3-none-any.whl (133 kB)
Downloading contourpy-1.3.3-cp312-cp312-manylinux_2_27_x86_64.manylinux_2_28_x86_64.whl (362 kB)
Downloading cycler-0.12.1-py3-none-any.whl (8.3 kB)
Downloading flatbuffers-25.12.19-py2.py3-none-any.whl (26 kB)
Downloading fonttools-4.63.0-cp312-cp312-manylinux2014_x86_64.manylinux_2_17_x86_64.whl (5.0 MB)
   ━━━━━━━━━━━━━━━━━━━━━━━━━━━━━━━━━━━━━━━━ 5.0/5.0 MB 1.5 MB/s  0:00:03
Downloading gast-0.7.0-py3-none-any.whl (22 kB)
Downloading google_pasta-0.2.0-py3-none-any.whl (57 kB)
Downloading h5py-3.16.0-cp312-cp312-manylinux_2_28_x86_64.whl (5.4 MB)
   ━━━━━━━━━━━━━━━━━━━━━━━━━━━━━━━━━━━━━━━━ 5.4/5.4 MB 1.5 MB/s  0:00:03
Downloading joblib-1.5.3-py3-none-any.whl (309 kB)
Downloading keras-3.14.1-py3-none-any.whl (1.6 MB)
   ━━━━━━━━━━━━━━━━━━━━━━━━━━━━━━━━━━━━━━━━ 1.6/1.6 MB 1.6 MB/s  0:00:01
Downloading kiwisolver-1.5.0-cp312-cp312-manylinux2014_x86_64.manylinux_2_17_x86_64.whl (1.5 MB)
   ━━━━━━━━━━━━━━━━━━━━━━━━━━━━━━━━━━━━━━━━ 1.5/1.5 MB 1.6 MB/s  0:00:00
Downloading libclang-18.1.1-py2.py3-none-manylinux2010_x86_64.whl (24.5 MB)
   ━━━━━━━━━━━━━━━━━━━━━━━━━━━━━━━━━━━━━━━━ 24.5/24.5 MB 1.4 MB/s  0:00:17
Downloading markdown-3.10.2-py3-none-any.whl (108 kB)
Downloading narwhals-2.22.1-py3-none-any.whl (454 kB)
Downloading opt_einsum-3.4.0-py3-none-any.whl (71 kB)
Downloading pillow-12.2.0-cp312-cp312-manylinux_2_27_x86_64.manylinux_2_28_x86_64.whl (7.1 MB)
   ━━━━━━━━━━━━━━━━━━━━━━━━━━━━━━━━━━━━━━━━ 7.1/7.1 MB 787.6 kB/s  0:00:09
Using cached pymatgen_core-2026.5.18-cp312-cp312-manylinux2014_x86_64.manylinux_2_17_x86_64.manylinux_2_28_x86_64.whl (4.5 MB)
Using cached orjson-3.11.9-cp312-cp312-manylinux_2_17_x86_64.manylinux2014_x86_64.whl (134 kB)
Using cached lxml-6.1.1-cp312-cp312-manylinux_2_26_x86_64.manylinux_2_28_x86_64.whl (5.2 MB)
Using cached monty-2026.5.18-py3-none-any.whl (59 kB)
Using cached palettable-3.3.3-py2.py3-none-any.whl (332 kB)
Using cached plotly-6.8.0-py3-none-any.whl (9.9 MB)
Downloading pyparsing-3.3.2-py3-none-any.whl (122 kB)
Using cached python_dateutil-2.9.0.post0-py2.py3-none-any.whl (229 kB)
Downloading spglib-2.7.0-cp312-cp312-manylinux_2_27_x86_64.manylinux_2_28_x86_64.whl (962 kB)
   ━━━━━━━━━━━━━━━━━━━━━━━━━━━━━━━━━━━━━━━━ 962.5/962.5 kB 776.7 kB/s  0:00:01
Using cached tabulate-0.10.0-py3-none-any.whl (39 kB)
Downloading termcolor-3.3.0-py3-none-any.whl (7.7 kB)
Downloading threadpoolctl-3.6.0-py3-none-any.whl (18 kB)
Downloading toolz-1.1.0-py3-none-any.whl (58 kB)
Using cached uncertainties-3.2.3-py3-none-any.whl (60 kB)
Downloading werkzeug-3.1.8-py3-none-any.whl (226 kB)
Downloading markupsafe-3.0.3-cp312-cp312-manylinux2014_x86_64.manylinux_2_17_x86_64.manylinux_2_28_x86_64.whl (22 kB)
Downloading wrapt-2.2.2-cp312-cp312-manylinux1_x86_64.manylinux_2_28_x86_64.manylinux_2_5_x86_64.whl (169 kB)
Downloading xmltodict-1.0.4-py3-none-any.whl (13 kB)
Downloading namex-0.1.0-py3-none-any.whl (5.9 kB)
Downloading optree-0.19.1-cp312-cp312-manylinux_2_27_x86_64.manylinux_2_28_x86_64.whl (457 kB)
Downloading rich-15.0.0-py3-none-any.whl (310 kB)
Using cached pygments-2.20.0-py3-none-any.whl (1.2 MB)
Downloading markdown_it_py-4.2.0-py3-none-any.whl (91 kB)
Downloading mdurl-0.1.2-py3-none-any.whl (10.0 kB)
Using cached ruamel_yaml-0.19.1-py3-none-any.whl (118 kB)
Installing collected packages: namex, mpmath, libclang, flatbuffers, xmltodict, wrapt, urllib3, uncertainties, typing-extensions, tqdm, toolz, threadpoolctl, termcolor, tensorboard-data-server, tabulate, sympy, six, ruamel.yaml, pyparsing, pygments, protobuf, pillow, palettable, orjson, opt-einsum, nvidia-nvjitlink-cu12, nvidia-nccl-cu12, nvidia-curand-cu12, nvidia-cufft-cu12, nvidia-cuda-runtime-cu12, nvidia-cuda-nvrtc-cu12, nvidia-cuda-nvcc-cu12, nvidia-cuda-cupti-cu12, nvidia-cublas-cu12, numpy, networkx, narwhals, mdurl, markupsafe, markdown, lxml, kiwisolver, joblib, idna, gast, fonttools, cycler, charset_normalizer, certifi, absl-py, werkzeug, spglib, scipy, requests, python-dateutil, plotly, optree, nvidia-cusparse-cu12, nvidia-cudnn-cu12, monty, ml-dtypes, markdown-it-py, h5py, grpcio, google-pasta, contourpy, bibtexparser, astunparse, tensorboard, scikit-learn, rich, pandas, nvidia-cusolver-cu12, matplotlib, pymatgen-core, keras, jarvis-tools, tensorflow, pymatgen

Successfully installed absl-py-2.4.0 astunparse-1.6.3 bibtexparser-1.4.4 certifi-2026.6.17 charset_normalizer-3.4.7 contourpy-1.3.3 cycler-0.12.1 flatbuffers-25.12.19 fonttools-4.63.0 gast-0.7.0 google-pasta-0.2.0 grpcio-1.81.1 h5py-3.16.0 idna-3.18 jarvis-tools-2026.6.12 joblib-1.5.3 keras-3.14.1 kiwisolver-1.5.0 libclang-18.1.1 lxml-6.1.1 markdown-3.10.2 markdown-it-py-4.2.0 markupsafe-3.0.3 matplotlib-3.11.0 mdurl-0.1.2 ml-dtypes-0.4.1 monty-2026.5.18 mpmath-1.3.0 namex-0.1.0 narwhals-2.22.1 networkx-3.6.1 numpy-1.26.4 nvidia-cublas-cu12-12.3.4.1 nvidia-cuda-cupti-cu12-12.3.101 nvidia-cuda-nvcc-cu12-12.3.107 nvidia-cuda-nvrtc-cu12-12.3.107 nvidia-cuda-runtime-cu12-12.3.101 nvidia-cudnn-cu12-8.9.7.29 nvidia-cufft-cu12-11.0.12.1 nvidia-curand-cu12-10.3.4.107 nvidia-cusolver-cu12-11.5.4.101 nvidia-cusparse-cu12-12.2.0.103 nvidia-nccl-cu12-2.19.3 nvidia-nvjitlink-cu12-12.3.101 opt-einsum-3.4.0 optree-0.19.1 orjson-3.11.9 palettable-3.3.3 pandas-3.0.3 pillow-12.2.0 plotly-6.8.0 protobuf-4.25.9 pygments-2.20.0 pymatgen-2026.5.4 pymatgen-core-2026.5.18 pyparsing-3.3.2 python-dateutil-2.9.0.post0 requests-2.34.2 rich-15.0.0 ruamel.yaml-0.19.1 scikit-learn-1.9.0 scipy-1.17.1 six-1.17.0 spglib-2.7.0 sympy-1.14.0 tabulate-0.10.0 tensorboard-2.17.1 tensorboard-data-server-0.7.2 tensorflow-2.17.1 termcolor-3.3.0 threadpoolctl-3.6.0 toolz-1.1.0 tqdm-4.68.3 typing-extensions-4.15.0 uncertainties-3.2.3 urllib3-2.7.0 werkzeug-3.1.8 wrapt-2.2.2 xmltodict-1.0.4
Collecting kgcnn==2.1.0
  Using cached kgcnn-2.1.0-py3-none-any.whl.metadata (17 kB)
Downloading kgcnn-2.1.0-py3-none-any.whl (292 kB)
Installing collected packages: kgcnn
Successfully installed kgcnn-2.1.0
2026-06-21 14:57:08.852344: I tensorflow/core/util/port.cc:153] oneDNN custom operations are on. You may see slightly different numerical results due to floating-point round-off errors from different computation orders. To turn them off, set the environment variable `TF_ENABLE_ONEDNN_OPTS=0`.
2026-06-21 14:57:08.868168: E external/local_xla/xla/stream_executor/cuda/cuda_fft.cc:485] Unable to register cuFFT factory: Attempting to register factory for plugin cuFFT when one has already been registered
2026-06-21 14:57:08.885609: E external/local_xla/xla/stream_executor/cuda/cuda_dnn.cc:8454] Unable to register cuDNN factory: Attempting to register factory for plugin cuDNN when one has already been registered
2026-06-21 14:57:08.890759: E external/local_xla/xla/stream_executor/cuda/cuda_blas.cc:1452] Unable to register cuBLAS factory: Attempting to register factory for plugin cuBLAS when one has already been registered
2026-06-21 14:57:08.904171: I tensorflow/core/platform/cpu_feature_guard.cc:210] This TensorFlow binary is optimized to use available CPU instructions in performance-critical operations.
To enable the following instructions: AVX2 AVX512F AVX512_VNNI FMA, in other operations, rebuild TensorFlow with the appropriate compiler flags.
2026-06-21 14:57:15.748207: W tensorflow/compiler/tf2tensorrt/utils/py_utils.cc:38] TF-TRT Warning: Could not find TensorRT
tensorflow 2.17.1
Traceback (most recent call last):
  File "<stdin>", line 6, in <module>
AttributeError: module 'kgcnn' has no attribute '__version__'
