world_size 1
root_dir partitions/kvrh_half_1
[Seed] random_seed=123, split_seed=123
len dataset 5493
train_stress False
starting from this file
[Subspace][Fastfood] D=85,953, d=38,679, padded n=131,072.
  Fastfood diagonals + permutation: ~2.50 MB (vs. dense P would need ~12.39 GB).
  Compute per forward: O(n log n) ~ 2,228,224 ops.
[Subspace] D=85,953, d=38,679
================================================================
[MEM REPORT] Wrapped model (runtime footprint)
Trainable params : 38,679
All params       : 124,632  (486.84 KB)
Buffers          : 610,481  (2.83 MB)
Optimizer(AdamW) ~ 302.18 KB
----------------------------------------------------------------
Estimated total (params + buffers + opt): 3.60 MB
----------------------------------------------------------------
CUDA live: allocated=3.32 MB, reserved=26.00 MB, device=cuda:0
================================================================
Not using LMDB dataset, memory footprint maybe high.
WARNING: not using LMDB might result errors.
MAX val: 2.7596678446896306
MIN val: 0.0
MAD: 0.29127891133341216
Baseline MAE: 0.2938985203356294
data range 2.7596678446896306 0.0
Converting to graphs!
df         target  ...            jid
0     2.037426  ...  mb-kvrh-03631
1     1.447158  ...  mb-kvrh-06465
2     2.017033  ...  mb-kvrh-08277
3     1.612784  ...  mb-kvrh-03264
4     1.612784  ...  mb-kvrh-08408
...        ...  ...            ...
4389  1.342423  ...  mb-kvrh-05735
4390  2.037426  ...  mb-kvrh-06426
4391  1.792392  ...  mb-kvrh-05301
4392  2.025306  ...  mb-kvrh-03061
4393  2.240549  ...  mb-kvrh-04949

[4394 rows x 3 columns]
warning: could not load CGCNN features for 103
Setting it to max atomic number available here, 103
warning: could not load CGCNN features for 101
Setting it to max atomic number available here, 103
warning: could not load CGCNN features for 102
Setting it to max atomic number available here, 103
building line graphs
data range 2.7363965022766426 0.0
Converting to graphs!
df        target                                              atoms            jid
0    2.220108  {'lattice_mat': [[1.516e-05, 3.01291734, 3.012...  mb-kvrh-01235
1    1.491362  {'lattice_mat': [[2.84732318, 2.84763272, 0.00...  mb-kvrh-10287
2    2.113943  {'lattice_mat': [[4.96667822, -1.56875651, 5.7...  mb-kvrh-10560
3    2.139879  {'lattice_mat': [[-5.61e-06, 3.26009415, 3.260...  mb-kvrh-04319
4    1.518514  {'lattice_mat': [[4.62466899, 0.0, 0.0], [-2.3...  mb-kvrh-10353
..        ...                                                ...            ...
544  1.602060  {'lattice_mat': [[0.0, 3.72152259, 3.72152259]...  mb-kvrh-08794
545  2.130334  {'lattice_mat': [[3.6842474, 0.0, -1.38001836]...  mb-kvrh-00642
546  2.053078  {'lattice_mat': [[5.78725283, 0.0, 0.0], [0.0,...  mb-kvrh-03733
547  1.544068  {'lattice_mat': [[2.99e-06, 4.00549743, 4.0054...  mb-kvrh-04463
548  1.880814  {'lattice_mat': [[0.0, 3.55536379, 3.55536379]...  mb-kvrh-03863

[549 rows x 3 columns]
building line graphs
data range 2.639486489268586 0.0
Converting to graphs!
df        target                                              atoms            jid
0    1.477121  {'lattice_mat': [[6.771248, 0.0, 0.0], [-3.385...  mb-kvrh-07175
1    1.845098  {'lattice_mat': [[0.0, 3.5996172, 3.5996172], ...  mb-kvrh-01968
2    2.292256  {'lattice_mat': [[5.21247777, 0.0, 0.0], [-2.6...  mb-kvrh-02081
3    2.004321  {'lattice_mat': [[-3.18990771, 3.18990771, -2....  mb-kvrh-06068
4    1.414973  {'lattice_mat': [[6.60607977, -0.01861596, 4.2...  mb-kvrh-10520
..        ...                                                ...            ...
544  2.068186  {'lattice_mat': [[3.87883669, -0.00012588, 9.1...  mb-kvrh-01346
545  1.929419  {'lattice_mat': [[4.07153946, 0.0, 0.0], [-2.0...  mb-kvrh-01340
546  2.385606  {'lattice_mat': [[4.80771592, 0.0, 0.0], [-2.4...  mb-kvrh-04602
547  1.342423  {'lattice_mat': [[6.08908327, 0.0, 0.0], [-3.0...  mb-kvrh-02672
548  1.568202  {'lattice_mat': [[0.0, 4.03342112, 4.03342112]...  mb-kvrh-07226

[549 rows x 3 columns]
building line graphs
n_train: 4394
n_val  : 549
n_test : 549
rank 0
world_size 1
config: {'version': '9c9ee23de543322c97e5d622a81e929e4dbfc141', 'dataset': 'user_data', 'target': 'target', 'atom_features': 'cgcnn', 'neighbor_strategy': 'k-nearest', 'id_tag': 'jid', 'dtype': 'float32', 'random_seed': 123, 'classification_threshold': None, 'n_val': None, 'n_test': None, 'n_train': None, 'train_ratio': 0.8, 'val_ratio': 0.1, 'test_ratio': 0.1, 'target_multiplication_factor': None, 'epochs': 120, 'batch_size': 64, 'gpu_memory_fraction': None, 'use_amp': False, 'ddp_find_unused_parameters': False, 'deterministic': False, 'weight_decay': 0.0, 'learning_rate': 0.001, 'filename': 'sample', 'warmup_steps': 2000, 'criterion': 'mse', 'optimizer': 'adamw', 'scheduler': 'onecycle', 'pin_memory': True, 'save_dataloader': False, 'write_checkpoint': True, 'write_predictions': True, 'store_outputs': True, 'progress': True, 'log_tensorboard': False, 'standard_scalar_and_pca': False, 'use_canonize': True, 'compute_line_graph': True, 'num_workers': 2, 'cutoff': 8.0, 'cutoff_extra': 3.0, 'three_body_cutoff': 3.5, 'max_neighbors': 12, 'keep_data_order': False, 'normalize_graph_level_loss': False, 'distributed': True, 'data_parallel': False, 'n_early_stopping': None, 'output_dir': '../results_alignn_log_kvrh_partitions_fastfood/kvrh_half_1/alignn_log_kvrh_fastfood_kvrh_half_1_dim45_seed123_epochs120', 'use_lmdb': False, 'read_existing': False, 'model': {'name': 'alignn_atomwise', 'alignn_layers': 1, 'gcn_layers': 1, 'atom_input_features': 92, 'edge_input_features': 80, 'triplet_input_features': 40, 'embedding_features': 64, 'hidden_features': 64, 'output_features': 1, 'grad_multiplier': -1, 'calculate_gradient': False, 'atomwise_output_features': 0, 'graphwise_weight': 1.0, 'gradwise_weight': 0.0, 'stresswise_weight': 0.0, 'atomwise_weight': 0.0, 'link': 'identity', 'zero_inflated': False, 'classification': False, 'force_mult_natoms': False, 'energy_mult_natoms': True, 'include_pos_deriv': False, 'use_cutoff_function': False, 'inner_cutoff': 3.0, 'stress_multiplier': 1.0, 'add_reverse_forces': True, 'lg_on_fly': True, 'batch_stress': True, 'multiply_cutoff': False, 'use_penalty': True, 'extra_features': 0, 'exponent': 5, 'penalty_factor': 0.1, 'penalty_threshold': 1.0, 'additional_output_features': 0, 'additional_output_weight': 0.0}}
{'atom_features': 'cgcnn',
 'batch_size': 64,
 'classification_threshold': None,
 'compute_line_graph': True,
 'criterion': 'mse',
 'cutoff': 8.0,
 'cutoff_extra': 3.0,
 'data_parallel': False,
 'dataset': 'user_data',
 'ddp_find_unused_parameters': False,
 'deterministic': False,
 'distributed': True,
 'dtype': 'float32',
 'epochs': 120,
 'filename': 'sample',
 'gpu_memory_fraction': None,
 'id_tag': 'jid',
 'keep_data_order': False,
 'learning_rate': 0.001,
 'log_tensorboard': False,
 'max_neighbors': 12,
 'model': {'add_reverse_forces': True,
           'additional_output_features': 0,
           'additional_output_weight': 0.0,
           'alignn_layers': 1,
           'atom_input_features': 92,
           'atomwise_output_features': 0,
           'atomwise_weight': 0.0,
           'batch_stress': True,
           'calculate_gradient': False,
           'classification': False,
           'edge_input_features': 80,
           'embedding_features': 64,
           'energy_mult_natoms': True,
           'exponent': 5,
           'extra_features': 0,
           'force_mult_natoms': False,
           'gcn_layers': 1,
           'grad_multiplier': -1,
           'gradwise_weight': 0.0,
           'graphwise_weight': 1.0,
           'hidden_features': 64,
           'include_pos_deriv': False,
           'inner_cutoff': 3.0,
           'lg_on_fly': True,
           'link': 'identity',
           'multiply_cutoff': False,
           'name': 'alignn_atomwise',
           'output_features': 1,
           'penalty_factor': 0.1,
           'penalty_threshold': 1.0,
           'stress_multiplier': 1.0,
           'stresswise_weight': 0.0,
           'triplet_input_features': 40,
           'use_cutoff_function': False,
           'use_penalty': True,
           'zero_inflated': False},
 'n_early_stopping': None,
 'n_test': None,
 'n_train': None,
 'n_val': None,
 'neighbor_strategy': 'k-nearest',
 'normalize_graph_level_loss': False,
 'num_workers': 2,
 'optimizer': 'adamw',
 'output_dir': '../results_alignn_log_kvrh_partitions_fastfood/kvrh_half_1/alignn_log_kvrh_fastfood_kvrh_half_1_dim45_seed123_epochs120',
 'pin_memory': True,
 'progress': True,
 'random_seed': 123,
 'read_existing': False,
 'save_dataloader': False,
 'scheduler': 'onecycle',
 'standard_scalar_and_pca': False,
 'store_outputs': True,
 'target': 'target',
 'target_multiplication_factor': None,
 'test_ratio': 0.1,
 'three_body_cutoff': 3.5,
 'train_ratio': 0.8,
 'use_amp': False,
 'use_canonize': True,
 'use_lmdb': False,
 'val_ratio': 0.1,
 'version': '9c9ee23de543322c97e5d622a81e929e4dbfc141',
 'warmup_steps': 2000,
 'weight_decay': 0.0,
 'write_checkpoint': True,
 'write_predictions': True}
[Seed] deterministic_mode=False

    _    _     ___ ____ _   _ _   _
   / \  | |   |_ _/ ___| \ | | \ | |
  / _ \ | |    | | |  _|  \| |  \| |
 / ___ \| |___ | | |_| | |\  | |\  |
/_/   \_\_____|___\____|_| \_|_| \_|

Model parameters 124632
CUDA available True
CUDA device count 1
   GPU: NVIDIA A100-SXM4-80GB. Max memory: 79.252 GB. Platform = Linux.
   Pytorch: 2.11.0+cu128. CUDA = 8.0. CUDA Toolkit = 12.8.

Train Loss:  Epoch    Total      Graph      Atom       Grad       Stress     Addn.      Time      
             0        16.7045    16.7045    0.0000     0.0000     0.0000     0.0000     4.33      
Val Loss:    Epoch    Total      Graph      Atom       Grad       Stress     Addn.      Time      
             0        1.2384     1.2384     0.0000     0.0000     0.0000     0.0000     0.41       Saving model
Train Loss:  Epoch    Total      Graph      Atom       Grad       Stress     Addn.      Time      
             1        9.8128     9.8128     0.0000     0.0000     0.0000     0.0000     4.46      
Val Loss:    Epoch    Total      Graph      Atom       Grad       Stress     Addn.      Time      
             1        1.2080     1.2080     0.0000     0.0000     0.0000     0.0000     0.43       Saving model
Train Loss:  Epoch    Total      Graph      Atom       Grad       Stress     Addn.      Time      
             2        9.0025     9.0025     0.0000     0.0000     0.0000     0.0000     5.05      
Val Loss:    Epoch    Total      Graph      Atom       Grad       Stress     Addn.      Time      
             2        1.1992     1.1992     0.0000     0.0000     0.0000     0.0000     0.40       Saving model
Train Loss:  Epoch    Total      Graph      Atom       Grad       Stress     Addn.      Time      
             3        8.6764     8.6764     0.0000     0.0000     0.0000     0.0000     5.71      
Val Loss:    Epoch    Total      Graph      Atom       Grad       Stress     Addn.      Time      
             3        1.1838     1.1838     0.0000     0.0000     0.0000     0.0000     0.42       Saving model
Train Loss:  Epoch    Total      Graph      Atom       Grad       Stress     Addn.      Time      
             4        8.5866     8.5866     0.0000     0.0000     0.0000     0.0000     4.06      
Val Loss:    Epoch    Total      Graph      Atom       Grad       Stress     Addn.      Time      
             4        1.1324     1.1324     0.0000     0.0000     0.0000     0.0000     0.41       Saving model
Train Loss:  Epoch    Total      Graph      Atom       Grad       Stress     Addn.      Time      
             5        8.5484     8.5484     0.0000     0.0000     0.0000     0.0000     4.04      
Val Loss:    Epoch    Total      Graph      Atom       Grad       Stress     Addn.      Time      
             5        1.0484     1.0484     0.0000     0.0000     0.0000     0.0000     0.40       Saving model
Train Loss:  Epoch    Total      Graph      Atom       Grad       Stress     Addn.      Time      
             6        7.9587     7.9587     0.0000     0.0000     0.0000     0.0000     4.43      
Val Loss:    Epoch    Total      Graph      Atom       Grad       Stress     Addn.      Time      
             6        1.1477     1.1477     0.0000     0.0000     0.0000     0.0000     0.40       Saving model
Train Loss:  Epoch    Total      Graph      Atom       Grad       Stress     Addn.      Time      
             7        7.6501     7.6501     0.0000     0.0000     0.0000     0.0000     4.52      
Val Loss:    Epoch    Total      Graph      Atom       Grad       Stress     Addn.      Time      
             7        1.1925     1.1925     0.0000     0.0000     0.0000     0.0000     0.40       Saving model
Train Loss:  Epoch    Total      Graph      Atom       Grad       Stress     Addn.      Time      
             8        7.7353     7.7353     0.0000     0.0000     0.0000     0.0000     4.82      
Val Loss:    Epoch    Total      Graph      Atom       Grad       Stress     Addn.      Time      
             8        1.0542     1.0542     0.0000     0.0000     0.0000     0.0000     0.40       Saving model
Train Loss:  Epoch    Total      Graph      Atom       Grad       Stress     Addn.      Time      
             9        7.4479     7.4479     0.0000     0.0000     0.0000     0.0000     4.20      
Val Loss:    Epoch    Total      Graph      Atom       Grad       Stress     Addn.      Time      
             9        0.9494     0.9494     0.0000     0.0000     0.0000     0.0000     0.68       Saving model
Train Loss:  Epoch    Total      Graph      Atom       Grad       Stress     Addn.      Time      
             10       7.3431     7.3431     0.0000     0.0000     0.0000     0.0000     4.03      
Val Loss:    Epoch    Total      Graph      Atom       Grad       Stress     Addn.      Time      
             10       0.9744     0.9744     0.0000     0.0000     0.0000     0.0000     0.40       Saving model
Train Loss:  Epoch    Total      Graph      Atom       Grad       Stress     Addn.      Time      
             11       7.1869     7.1869     0.0000     0.0000     0.0000     0.0000     4.02      
Val Loss:    Epoch    Total      Graph      Atom       Grad       Stress     Addn.      Time      
             11       0.9055     0.9055     0.0000     0.0000     0.0000     0.0000     0.40       Saving model
Train Loss:  Epoch    Total      Graph      Atom       Grad       Stress     Addn.      Time      
             12       7.3342     7.3342     0.0000     0.0000     0.0000     0.0000     4.02      
Val Loss:    Epoch    Total      Graph      Atom       Grad       Stress     Addn.      Time      
             12       0.9955     0.9955     0.0000     0.0000     0.0000     0.0000     0.40       Saving model
Train Loss:  Epoch    Total      Graph      Atom       Grad       Stress     Addn.      Time      
             13       6.8681     6.8681     0.0000     0.0000     0.0000     0.0000     4.09      
Val Loss:    Epoch    Total      Graph      Atom       Grad       Stress     Addn.      Time      
             13       0.8721     0.8721     0.0000     0.0000     0.0000     0.0000     0.83       Saving model
Train Loss:  Epoch    Total      Graph      Atom       Grad       Stress     Addn.      Time      
             14       6.6454     6.6454     0.0000     0.0000     0.0000     0.0000     4.34      
Val Loss:    Epoch    Total      Graph      Atom       Grad       Stress     Addn.      Time      
             14       0.8677     0.8677     0.0000     0.0000     0.0000     0.0000     0.40       Saving model
Train Loss:  Epoch    Total      Graph      Atom       Grad       Stress     Addn.      Time      
             15       6.7963     6.7963     0.0000     0.0000     0.0000     0.0000     4.99      
Val Loss:    Epoch    Total      Graph      Atom       Grad       Stress     Addn.      Time      
             15       0.9562     0.9562     0.0000     0.0000     0.0000     0.0000     0.40       Saving model
Train Loss:  Epoch    Total      Graph      Atom       Grad       Stress     Addn.      Time      
             16       7.2426     7.2426     0.0000     0.0000     0.0000     0.0000     4.03      
Val Loss:    Epoch    Total      Graph      Atom       Grad       Stress     Addn.      Time      
             16       1.0059     1.0059     0.0000     0.0000     0.0000     0.0000     0.40       Saving model
Train Loss:  Epoch    Total      Graph      Atom       Grad       Stress     Addn.      Time      
             17       6.4644     6.4644     0.0000     0.0000     0.0000     0.0000     4.05      
Val Loss:    Epoch    Total      Graph      Atom       Grad       Stress     Addn.      Time      
             17       0.9979     0.9979     0.0000     0.0000     0.0000     0.0000     0.40       Saving model
Train Loss:  Epoch    Total      Graph      Atom       Grad       Stress     Addn.      Time      
             18       6.7401     6.7401     0.0000     0.0000     0.0000     0.0000     4.33      
Val Loss:    Epoch    Total      Graph      Atom       Grad       Stress     Addn.      Time      
             18       0.9385     0.9385     0.0000     0.0000     0.0000     0.0000     0.43       Saving model
Train Loss:  Epoch    Total      Graph      Atom       Grad       Stress     Addn.      Time      
             19       6.6390     6.6390     0.0000     0.0000     0.0000     0.0000     4.04      
Val Loss:    Epoch    Total      Graph      Atom       Grad       Stress     Addn.      Time      
             19       0.8247     0.8247     0.0000     0.0000     0.0000     0.0000     0.40       Saving model
Train Loss:  Epoch    Total      Graph      Atom       Grad       Stress     Addn.      Time      
             20       6.4256     6.4256     0.0000     0.0000     0.0000     0.0000     4.52      
Val Loss:    Epoch    Total      Graph      Atom       Grad       Stress     Addn.      Time      
             20       0.8526     0.8526     0.0000     0.0000     0.0000     0.0000     0.39       Saving model
Train Loss:  Epoch    Total      Graph      Atom       Grad       Stress     Addn.      Time      
             21       6.2841     6.2841     0.0000     0.0000     0.0000     0.0000     4.95      
Val Loss:    Epoch    Total      Graph      Atom       Grad       Stress     Addn.      Time      
             21       0.8740     0.8740     0.0000     0.0000     0.0000     0.0000     0.39       Saving model
Train Loss:  Epoch    Total      Graph      Atom       Grad       Stress     Addn.      Time      
             22       6.0374     6.0374     0.0000     0.0000     0.0000     0.0000     4.44      
Val Loss:    Epoch    Total      Graph      Atom       Grad       Stress     Addn.      Time      
             22       0.8586     0.8586     0.0000     0.0000     0.0000     0.0000     0.40       Saving model
Train Loss:  Epoch    Total      Graph      Atom       Grad       Stress     Addn.      Time      
             23       6.1971     6.1971     0.0000     0.0000     0.0000     0.0000     4.03      
Val Loss:    Epoch    Total      Graph      Atom       Grad       Stress     Addn.      Time      
             23       0.8559     0.8559     0.0000     0.0000     0.0000     0.0000     0.40       Saving model
Train Loss:  Epoch    Total      Graph      Atom       Grad       Stress     Addn.      Time      
             24       6.2032     6.2032     0.0000     0.0000     0.0000     0.0000     4.04      
Val Loss:    Epoch    Total      Graph      Atom       Grad       Stress     Addn.      Time      
             24       0.8735     0.8735     0.0000     0.0000     0.0000     0.0000     0.40       Saving model
Train Loss:  Epoch    Total      Graph      Atom       Grad       Stress     Addn.      Time      
             25       5.8890     5.8890     0.0000     0.0000     0.0000     0.0000     4.03      
Val Loss:    Epoch    Total      Graph      Atom       Grad       Stress     Addn.      Time      
             25       0.8000     0.8000     0.0000     0.0000     0.0000     0.0000     0.40       Saving model
Train Loss:  Epoch    Total      Graph      Atom       Grad       Stress     Addn.      Time      
             26       6.1806     6.1806     0.0000     0.0000     0.0000     0.0000     4.64      
Val Loss:    Epoch    Total      Graph      Atom       Grad       Stress     Addn.      Time      
             26       0.8643     0.8643     0.0000     0.0000     0.0000     0.0000     0.40       Saving model
Train Loss:  Epoch    Total      Graph      Atom       Grad       Stress     Addn.      Time      
             27       5.8140     5.8140     0.0000     0.0000     0.0000     0.0000     4.73      
Val Loss:    Epoch    Total      Graph      Atom       Grad       Stress     Addn.      Time      
             27       0.7837     0.7837     0.0000     0.0000     0.0000     0.0000     0.40       Saving model
Train Loss:  Epoch    Total      Graph      Atom       Grad       Stress     Addn.      Time      
             28       5.9210     5.9210     0.0000     0.0000     0.0000     0.0000     3.99      
Val Loss:    Epoch    Total      Graph      Atom       Grad       Stress     Addn.      Time      
             28       0.8652     0.8652     0.0000     0.0000     0.0000     0.0000     0.40       Saving model
Train Loss:  Epoch    Total      Graph      Atom       Grad       Stress     Addn.      Time      
             29       6.0148     6.0148     0.0000     0.0000     0.0000     0.0000     4.03      
Val Loss:    Epoch    Total      Graph      Atom       Grad       Stress     Addn.      Time      
             29       0.9164     0.9164     0.0000     0.0000     0.0000     0.0000     0.40       Saving model
Train Loss:  Epoch    Total      Graph      Atom       Grad       Stress     Addn.      Time      
             30       6.7109     6.7109     0.0000     0.0000     0.0000     0.0000     4.32      
Val Loss:    Epoch    Total      Graph      Atom       Grad       Stress     Addn.      Time      
             30       0.9084     0.9084     0.0000     0.0000     0.0000     0.0000     0.40       Saving model
Train Loss:  Epoch    Total      Graph      Atom       Grad       Stress     Addn.      Time      
             31       5.6418     5.6418     0.0000     0.0000     0.0000     0.0000     4.03      
Val Loss:    Epoch    Total      Graph      Atom       Grad       Stress     Addn.      Time      
             31       0.7859     0.7859     0.0000     0.0000     0.0000     0.0000     0.40       Saving model
Train Loss:  Epoch    Total      Graph      Atom       Grad       Stress     Addn.      Time      
             32       5.7812     5.7812     0.0000     0.0000     0.0000     0.0000     4.03      
Val Loss:    Epoch    Total      Graph      Atom       Grad       Stress     Addn.      Time      
             32       0.7980     0.7980     0.0000     0.0000     0.0000     0.0000     0.75       Saving model
Train Loss:  Epoch    Total      Graph      Atom       Grad       Stress     Addn.      Time      
             33       6.1563     6.1563     0.0000     0.0000     0.0000     0.0000     4.07      
Val Loss:    Epoch    Total      Graph      Atom       Grad       Stress     Addn.      Time      
             33       0.8077     0.8077     0.0000     0.0000     0.0000     0.0000     0.40       Saving model
Train Loss:  Epoch    Total      Graph      Atom       Grad       Stress     Addn.      Time      
             34       5.7559     5.7559     0.0000     0.0000     0.0000     0.0000     5.27      
Val Loss:    Epoch    Total      Graph      Atom       Grad       Stress     Addn.      Time      
             34       0.7987     0.7987     0.0000     0.0000     0.0000     0.0000     0.40       Saving model
Train Loss:  Epoch    Total      Graph      Atom       Grad       Stress     Addn.      Time      
             35       5.4314     5.4314     0.0000     0.0000     0.0000     0.0000     4.01      
Val Loss:    Epoch    Total      Graph      Atom       Grad       Stress     Addn.      Time      
             35       0.8588     0.8588     0.0000     0.0000     0.0000     0.0000     0.40       Saving model
Train Loss:  Epoch    Total      Graph      Atom       Grad       Stress     Addn.      Time      
             36       5.6458     5.6458     0.0000     0.0000     0.0000     0.0000     4.02      
Val Loss:    Epoch    Total      Graph      Atom       Grad       Stress     Addn.      Time      
             36       0.7871     0.7871     0.0000     0.0000     0.0000     0.0000     0.40       Saving model
Train Loss:  Epoch    Total      Graph      Atom       Grad       Stress     Addn.      Time      
             37       5.4990     5.4990     0.0000     0.0000     0.0000     0.0000     4.01      
Val Loss:    Epoch    Total      Graph      Atom       Grad       Stress     Addn.      Time      
             37       0.8093     0.8093     0.0000     0.0000     0.0000     0.0000     0.40       Saving model
Train Loss:  Epoch    Total      Graph      Atom       Grad       Stress     Addn.      Time      
             38       5.3366     5.3366     0.0000     0.0000     0.0000     0.0000     4.30      
Val Loss:    Epoch    Total      Graph      Atom       Grad       Stress     Addn.      Time      
             38       0.7731     0.7731     0.0000     0.0000     0.0000     0.0000     0.40       Saving model
Train Loss:  Epoch    Total      Graph      Atom       Grad       Stress     Addn.      Time      
             39       5.3823     5.3823     0.0000     0.0000     0.0000     0.0000     4.48      
Val Loss:    Epoch    Total      Graph      Atom       Grad       Stress     Addn.      Time      
             39       0.7654     0.7654     0.0000     0.0000     0.0000     0.0000     0.40       Saving model
Train Loss:  Epoch    Total      Graph      Atom       Grad       Stress     Addn.      Time      
             40       5.9508     5.9508     0.0000     0.0000     0.0000     0.0000     5.01      
Val Loss:    Epoch    Total      Graph      Atom       Grad       Stress     Addn.      Time      
             40       0.8256     0.8256     0.0000     0.0000     0.0000     0.0000     0.39       Saving model
Train Loss:  Epoch    Total      Graph      Atom       Grad       Stress     Addn.      Time      
             41       5.3416     5.3416     0.0000     0.0000     0.0000     0.0000     4.03      
Val Loss:    Epoch    Total      Graph      Atom       Grad       Stress     Addn.      Time      
             41       0.8066     0.8066     0.0000     0.0000     0.0000     0.0000     0.40       Saving model
Train Loss:  Epoch    Total      Graph      Atom       Grad       Stress     Addn.      Time      
             42       5.7574     5.7574     0.0000     0.0000     0.0000     0.0000     4.30      
Val Loss:    Epoch    Total      Graph      Atom       Grad       Stress     Addn.      Time      
             42       0.8691     0.8691     0.0000     0.0000     0.0000     0.0000     0.40       Saving model
Train Loss:  Epoch    Total      Graph      Atom       Grad       Stress     Addn.      Time      
             43       5.4591     5.4591     0.0000     0.0000     0.0000     0.0000     4.02      
Val Loss:    Epoch    Total      Graph      Atom       Grad       Stress     Addn.      Time      
             43       0.7751     0.7751     0.0000     0.0000     0.0000     0.0000     0.39       Saving model
Train Loss:  Epoch    Total      Graph      Atom       Grad       Stress     Addn.      Time      
             44       5.7704     5.7704     0.0000     0.0000     0.0000     0.0000     4.02      
Val Loss:    Epoch    Total      Graph      Atom       Grad       Stress     Addn.      Time      
             44       0.8832     0.8832     0.0000     0.0000     0.0000     0.0000     0.40       Saving model
Train Loss:  Epoch    Total      Graph      Atom       Grad       Stress     Addn.      Time      
             45       5.6342     5.6342     0.0000     0.0000     0.0000     0.0000     4.45      
Val Loss:    Epoch    Total      Graph      Atom       Grad       Stress     Addn.      Time      
             45       0.7523     0.7523     0.0000     0.0000     0.0000     0.0000     0.43       Saving model
Train Loss:  Epoch    Total      Graph      Atom       Grad       Stress     Addn.      Time      
             46       5.3628     5.3628     0.0000     0.0000     0.0000     0.0000     5.06      
Val Loss:    Epoch    Total      Graph      Atom       Grad       Stress     Addn.      Time      
             46       0.7821     0.7821     0.0000     0.0000     0.0000     0.0000     0.40       Saving model
Train Loss:  Epoch    Total      Graph      Atom       Grad       Stress     Addn.      Time      
             47       5.1151     5.1151     0.0000     0.0000     0.0000     0.0000     4.22      
Val Loss:    Epoch    Total      Graph      Atom       Grad       Stress     Addn.      Time      
             47       0.7655     0.7655     0.0000     0.0000     0.0000     0.0000     0.40       Saving model
Train Loss:  Epoch    Total      Graph      Atom       Grad       Stress     Addn.      Time      
             48       5.1791     5.1791     0.0000     0.0000     0.0000     0.0000     4.05      
Val Loss:    Epoch    Total      Graph      Atom       Grad       Stress     Addn.      Time      
             48       0.8459     0.8459     0.0000     0.0000     0.0000     0.0000     0.42       Saving model
Train Loss:  Epoch    Total      Graph      Atom       Grad       Stress     Addn.      Time      
             49       5.0779     5.0779     0.0000     0.0000     0.0000     0.0000     4.02      
Val Loss:    Epoch    Total      Graph      Atom       Grad       Stress     Addn.      Time      
             49       0.7442     0.7442     0.0000     0.0000     0.0000     0.0000     0.40       Saving model
Train Loss:  Epoch    Total      Graph      Atom       Grad       Stress     Addn.      Time      
             50       5.4067     5.4067     0.0000     0.0000     0.0000     0.0000     4.34      
Val Loss:    Epoch    Total      Graph      Atom       Grad       Stress     Addn.      Time      
             50       0.8293     0.8293     0.0000     0.0000     0.0000     0.0000     0.40       Saving model
Train Loss:  Epoch    Total      Graph      Atom       Grad       Stress     Addn.      Time      
             51       5.2042     5.2042     0.0000     0.0000     0.0000     0.0000     4.04      
Val Loss:    Epoch    Total      Graph      Atom       Grad       Stress     Addn.      Time      
             51       0.7374     0.7374     0.0000     0.0000     0.0000     0.0000     0.74       Saving model
Train Loss:  Epoch    Total      Graph      Atom       Grad       Stress     Addn.      Time      
             52       5.2930     5.2930     0.0000     0.0000     0.0000     0.0000     4.14      
Val Loss:    Epoch    Total      Graph      Atom       Grad       Stress     Addn.      Time      
             52       0.7791     0.7791     0.0000     0.0000     0.0000     0.0000     0.40       Saving model
Train Loss:  Epoch    Total      Graph      Atom       Grad       Stress     Addn.      Time      
             53       4.9131     4.9131     0.0000     0.0000     0.0000     0.0000     4.92      
Val Loss:    Epoch    Total      Graph      Atom       Grad       Stress     Addn.      Time      
             53       0.7920     0.7920     0.0000     0.0000     0.0000     0.0000     0.40       Saving model
Train Loss:  Epoch    Total      Graph      Atom       Grad       Stress     Addn.      Time      
             54       5.2757     5.2757     0.0000     0.0000     0.0000     0.0000     4.31      
Val Loss:    Epoch    Total      Graph      Atom       Grad       Stress     Addn.      Time      
             54       0.7685     0.7685     0.0000     0.0000     0.0000     0.0000     0.40       Saving model
Train Loss:  Epoch    Total      Graph      Atom       Grad       Stress     Addn.      Time      
             55       5.2739     5.2739     0.0000     0.0000     0.0000     0.0000     4.02      
Val Loss:    Epoch    Total      Graph      Atom       Grad       Stress     Addn.      Time      
             55       0.7375     0.7375     0.0000     0.0000     0.0000     0.0000     0.40       Saving model
Train Loss:  Epoch    Total      Graph      Atom       Grad       Stress     Addn.      Time      
             56       5.0363     5.0363     0.0000     0.0000     0.0000     0.0000     4.05      
Val Loss:    Epoch    Total      Graph      Atom       Grad       Stress     Addn.      Time      
             56       0.7405     0.7405     0.0000     0.0000     0.0000     0.0000     0.40       Saving model
Train Loss:  Epoch    Total      Graph      Atom       Grad       Stress     Addn.      Time      
             57       5.3121     5.3121     0.0000     0.0000     0.0000     0.0000     4.02      
Val Loss:    Epoch    Total      Graph      Atom       Grad       Stress     Addn.      Time      
             57       0.7326     0.7326     0.0000     0.0000     0.0000     0.0000     0.39       Saving model
Train Loss:  Epoch    Total      Graph      Atom       Grad       Stress     Addn.      Time      
             58       5.1782     5.1782     0.0000     0.0000     0.0000     0.0000     4.82      
Val Loss:    Epoch    Total      Graph      Atom       Grad       Stress     Addn.      Time      
             58       0.7192     0.7192     0.0000     0.0000     0.0000     0.0000     0.39       Saving model
Train Loss:  Epoch    Total      Graph      Atom       Grad       Stress     Addn.      Time      
             59       5.3783     5.3783     0.0000     0.0000     0.0000     0.0000     4.93      
Val Loss:    Epoch    Total      Graph      Atom       Grad       Stress     Addn.      Time      
             59       0.7269     0.7269     0.0000     0.0000     0.0000     0.0000     0.39       Saving model
Train Loss:  Epoch    Total      Graph      Atom       Grad       Stress     Addn.      Time      
             60       4.7903     4.7903     0.0000     0.0000     0.0000     0.0000     4.02      
Val Loss:    Epoch    Total      Graph      Atom       Grad       Stress     Addn.      Time      
             60       0.6846     0.6846     0.0000     0.0000     0.0000     0.0000     0.40       Saving model
Train Loss:  Epoch    Total      Graph      Atom       Grad       Stress     Addn.      Time      
             61       4.7591     4.7591     0.0000     0.0000     0.0000     0.0000     4.34      
Val Loss:    Epoch    Total      Graph      Atom       Grad       Stress     Addn.      Time      
             61       0.7862     0.7862     0.0000     0.0000     0.0000     0.0000     0.40       Saving model
Train Loss:  Epoch    Total      Graph      Atom       Grad       Stress     Addn.      Time      
             62       5.0926     5.0926     0.0000     0.0000     0.0000     0.0000     4.01      
Val Loss:    Epoch    Total      Graph      Atom       Grad       Stress     Addn.      Time      
             62       0.8275     0.8275     0.0000     0.0000     0.0000     0.0000     0.40       Saving model
Train Loss:  Epoch    Total      Graph      Atom       Grad       Stress     Addn.      Time      
             63       5.2963     5.2963     0.0000     0.0000     0.0000     0.0000     4.05      
Val Loss:    Epoch    Total      Graph      Atom       Grad       Stress     Addn.      Time      
             63       0.7349     0.7349     0.0000     0.0000     0.0000     0.0000     0.39       Saving model
Train Loss:  Epoch    Total      Graph      Atom       Grad       Stress     Addn.      Time      
             64       4.8809     4.8809     0.0000     0.0000     0.0000     0.0000     4.47      
Val Loss:    Epoch    Total      Graph      Atom       Grad       Stress     Addn.      Time      
             64       0.7111     0.7111     0.0000     0.0000     0.0000     0.0000     0.42       Saving model
Train Loss:  Epoch    Total      Graph      Atom       Grad       Stress     Addn.      Time      
             65       4.8693     4.8693     0.0000     0.0000     0.0000     0.0000     4.73      
Val Loss:    Epoch    Total      Graph      Atom       Grad       Stress     Addn.      Time      
             65       0.7237     0.7237     0.0000     0.0000     0.0000     0.0000     0.40       Saving model
Train Loss:  Epoch    Total      Graph      Atom       Grad       Stress     Addn.      Time      
             66       5.0862     5.0862     0.0000     0.0000     0.0000     0.0000     5.85      
Val Loss:    Epoch    Total      Graph      Atom       Grad       Stress     Addn.      Time      
             66       0.7129     0.7129     0.0000     0.0000     0.0000     0.0000     0.39       Saving model
Train Loss:  Epoch    Total      Graph      Atom       Grad       Stress     Addn.      Time      
             67       5.1393     5.1393     0.0000     0.0000     0.0000     0.0000     4.04      
Val Loss:    Epoch    Total      Graph      Atom       Grad       Stress     Addn.      Time      
             67       0.7173     0.7173     0.0000     0.0000     0.0000     0.0000     0.40       Saving model
Train Loss:  Epoch    Total      Graph      Atom       Grad       Stress     Addn.      Time      
             68       4.8478     4.8478     0.0000     0.0000     0.0000     0.0000     4.03      
Val Loss:    Epoch    Total      Graph      Atom       Grad       Stress     Addn.      Time      
             68       0.6824     0.6824     0.0000     0.0000     0.0000     0.0000     0.40       Saving model
Train Loss:  Epoch    Total      Graph      Atom       Grad       Stress     Addn.      Time      
             69       5.0511     5.0511     0.0000     0.0000     0.0000     0.0000     4.06      
Val Loss:    Epoch    Total      Graph      Atom       Grad       Stress     Addn.      Time      
             69       0.7786     0.7786     0.0000     0.0000     0.0000     0.0000     0.40       Saving model
Train Loss:  Epoch    Total      Graph      Atom       Grad       Stress     Addn.      Time      
             70       4.9876     4.9876     0.0000     0.0000     0.0000     0.0000     4.44      
Val Loss:    Epoch    Total      Graph      Atom       Grad       Stress     Addn.      Time      
             70       0.8861     0.8861     0.0000     0.0000     0.0000     0.0000     0.42       Saving model
Train Loss:  Epoch    Total      Graph      Atom       Grad       Stress     Addn.      Time      
             71       4.5366     4.5366     0.0000     0.0000     0.0000     0.0000     5.27      
Val Loss:    Epoch    Total      Graph      Atom       Grad       Stress     Addn.      Time      
             71       0.7161     0.7161     0.0000     0.0000     0.0000     0.0000     0.40       Saving model
Train Loss:  Epoch    Total      Graph      Atom       Grad       Stress     Addn.      Time      
             72       4.8018     4.8018     0.0000     0.0000     0.0000     0.0000     4.23      
Val Loss:    Epoch    Total      Graph      Atom       Grad       Stress     Addn.      Time      
             72       0.7744     0.7744     0.0000     0.0000     0.0000     0.0000     0.40       Saving model
Train Loss:  Epoch    Total      Graph      Atom       Grad       Stress     Addn.      Time      
             73       4.7280     4.7280     0.0000     0.0000     0.0000     0.0000     4.05      
Val Loss:    Epoch    Total      Graph      Atom       Grad       Stress     Addn.      Time      
             73       0.7600     0.7600     0.0000     0.0000     0.0000     0.0000     0.40       Saving model
Train Loss:  Epoch    Total      Graph      Atom       Grad       Stress     Addn.      Time      
             74       4.8658     4.8658     0.0000     0.0000     0.0000     0.0000     4.04      
Val Loss:    Epoch    Total      Graph      Atom       Grad       Stress     Addn.      Time      
             74       0.6927     0.6927     0.0000     0.0000     0.0000     0.0000     0.40       Saving model
Train Loss:  Epoch    Total      Graph      Atom       Grad       Stress     Addn.      Time      
             75       4.5694     4.5694     0.0000     0.0000     0.0000     0.0000     4.44      
Val Loss:    Epoch    Total      Graph      Atom       Grad       Stress     Addn.      Time      
             75       0.7396     0.7396     0.0000     0.0000     0.0000     0.0000     0.40       Saving model
Train Loss:  Epoch    Total      Graph      Atom       Grad       Stress     Addn.      Time      
             76       4.7463     4.7463     0.0000     0.0000     0.0000     0.0000     4.04      
Val Loss:    Epoch    Total      Graph      Atom       Grad       Stress     Addn.      Time      
             76       0.7752     0.7752     0.0000     0.0000     0.0000     0.0000     0.79       Saving model
Train Loss:  Epoch    Total      Graph      Atom       Grad       Stress     Addn.      Time      
             77       4.7046     4.7046     0.0000     0.0000     0.0000     0.0000     4.11      
Val Loss:    Epoch    Total      Graph      Atom       Grad       Stress     Addn.      Time      
             77       0.7607     0.7607     0.0000     0.0000     0.0000     0.0000     0.40       Saving model
Train Loss:  Epoch    Total      Graph      Atom       Grad       Stress     Addn.      Time      
             78       4.6160     4.6160     0.0000     0.0000     0.0000     0.0000     5.23      
Val Loss:    Epoch    Total      Graph      Atom       Grad       Stress     Addn.      Time      
             78       0.7166     0.7166     0.0000     0.0000     0.0000     0.0000     0.40       Saving model
Train Loss:  Epoch    Total      Graph      Atom       Grad       Stress     Addn.      Time      
             79       4.7514     4.7514     0.0000     0.0000     0.0000     0.0000     4.05      
Val Loss:    Epoch    Total      Graph      Atom       Grad       Stress     Addn.      Time      
             79       0.7352     0.7352     0.0000     0.0000     0.0000     0.0000     0.40       Saving model
Train Loss:  Epoch    Total      Graph      Atom       Grad       Stress     Addn.      Time      
             80       4.6730     4.6730     0.0000     0.0000     0.0000     0.0000     4.05      
Val Loss:    Epoch    Total      Graph      Atom       Grad       Stress     Addn.      Time      
             80       0.7592     0.7592     0.0000     0.0000     0.0000     0.0000     0.40       Saving model
Train Loss:  Epoch    Total      Graph      Atom       Grad       Stress     Addn.      Time      
             81       4.5422     4.5422     0.0000     0.0000     0.0000     0.0000     4.04      
Val Loss:    Epoch    Total      Graph      Atom       Grad       Stress     Addn.      Time      
             81       0.7361     0.7361     0.0000     0.0000     0.0000     0.0000     0.40       Saving model
Train Loss:  Epoch    Total      Graph      Atom       Grad       Stress     Addn.      Time      
             82       4.7217     4.7217     0.0000     0.0000     0.0000     0.0000     4.44      
Val Loss:    Epoch    Total      Graph      Atom       Grad       Stress     Addn.      Time      
             82       0.7208     0.7208     0.0000     0.0000     0.0000     0.0000     0.40       Saving model
Train Loss:  Epoch    Total      Graph      Atom       Grad       Stress     Addn.      Time      
             83       5.0282     5.0282     0.0000     0.0000     0.0000     0.0000     4.52      
Val Loss:    Epoch    Total      Graph      Atom       Grad       Stress     Addn.      Time      
             83       0.7498     0.7498     0.0000     0.0000     0.0000     0.0000     0.40       Saving model
Train Loss:  Epoch    Total      Graph      Atom       Grad       Stress     Addn.      Time      
             84       4.6155     4.6155     0.0000     0.0000     0.0000     0.0000     5.04      
Val Loss:    Epoch    Total      Graph      Atom       Grad       Stress     Addn.      Time      
             84       0.8349     0.8349     0.0000     0.0000     0.0000     0.0000     0.39       Saving model
Train Loss:  Epoch    Total      Graph      Atom       Grad       Stress     Addn.      Time      
             85       4.5748     4.5748     0.0000     0.0000     0.0000     0.0000     4.04      
Val Loss:    Epoch    Total      Graph      Atom       Grad       Stress     Addn.      Time      
             85       0.8009     0.8009     0.0000     0.0000     0.0000     0.0000     0.40       Saving model
Train Loss:  Epoch    Total      Graph      Atom       Grad       Stress     Addn.      Time      
             86       4.4061     4.4061     0.0000     0.0000     0.0000     0.0000     4.03      
Val Loss:    Epoch    Total      Graph      Atom       Grad       Stress     Addn.      Time      
             86       0.6946     0.6946     0.0000     0.0000     0.0000     0.0000     0.68       Saving model
Train Loss:  Epoch    Total      Graph      Atom       Grad       Stress     Addn.      Time      
             87       4.2972     4.2972     0.0000     0.0000     0.0000     0.0000     4.04      
Val Loss:    Epoch    Total      Graph      Atom       Grad       Stress     Addn.      Time      
             87       0.7391     0.7391     0.0000     0.0000     0.0000     0.0000     0.40       Saving model
Train Loss:  Epoch    Total      Graph      Atom       Grad       Stress     Addn.      Time      
             88       4.4808     4.4808     0.0000     0.0000     0.0000     0.0000     4.05      
Val Loss:    Epoch    Total      Graph      Atom       Grad       Stress     Addn.      Time      
             88       0.7560     0.7560     0.0000     0.0000     0.0000     0.0000     0.40       Saving model
Train Loss:  Epoch    Total      Graph      Atom       Grad       Stress     Addn.      Time      
             89       4.2899     4.2899     0.0000     0.0000     0.0000     0.0000     4.47      
Val Loss:    Epoch    Total      Graph      Atom       Grad       Stress     Addn.      Time      
             89       0.6748     0.6748     0.0000     0.0000     0.0000     0.0000     0.40       Saving model
Train Loss:  Epoch    Total      Graph      Atom       Grad       Stress     Addn.      Time      
             90       4.8989     4.8989     0.0000     0.0000     0.0000     0.0000     5.08      
Val Loss:    Epoch    Total      Graph      Atom       Grad       Stress     Addn.      Time      
             90       0.7082     0.7082     0.0000     0.0000     0.0000     0.0000     0.61       Saving model
Train Loss:  Epoch    Total      Graph      Atom       Grad       Stress     Addn.      Time      
             91       4.3708     4.3708     0.0000     0.0000     0.0000     0.0000     4.02      
Val Loss:    Epoch    Total      Graph      Atom       Grad       Stress     Addn.      Time      
             91       0.7645     0.7645     0.0000     0.0000     0.0000     0.0000     0.40       Saving model
Train Loss:  Epoch    Total      Graph      Atom       Grad       Stress     Addn.      Time      
             92       4.4872     4.4872     0.0000     0.0000     0.0000     0.0000     4.05      
Val Loss:    Epoch    Total      Graph      Atom       Grad       Stress     Addn.      Time      
             92       0.8434     0.8434     0.0000     0.0000     0.0000     0.0000     0.40       Saving model
Train Loss:  Epoch    Total      Graph      Atom       Grad       Stress     Addn.      Time      
             93       4.3638     4.3638     0.0000     0.0000     0.0000     0.0000     4.03      
Val Loss:    Epoch    Total      Graph      Atom       Grad       Stress     Addn.      Time      
             93       0.6999     0.6999     0.0000     0.0000     0.0000     0.0000     0.39       Saving model
Train Loss:  Epoch    Total      Graph      Atom       Grad       Stress     Addn.      Time      
             94       4.3381     4.3381     0.0000     0.0000     0.0000     0.0000     4.43      
Val Loss:    Epoch    Total      Graph      Atom       Grad       Stress     Addn.      Time      
             94       0.7049     0.7049     0.0000     0.0000     0.0000     0.0000     0.40       Saving model
Train Loss:  Epoch    Total      Graph      Atom       Grad       Stress     Addn.      Time      
             95       4.1878     4.1878     0.0000     0.0000     0.0000     0.0000     4.40      
Val Loss:    Epoch    Total      Graph      Atom       Grad       Stress     Addn.      Time      
             95       0.7046     0.7046     0.0000     0.0000     0.0000     0.0000     0.40       Saving model
Train Loss:  Epoch    Total      Graph      Atom       Grad       Stress     Addn.      Time      
             96       4.2860     4.2860     0.0000     0.0000     0.0000     0.0000     4.08      
Val Loss:    Epoch    Total      Graph      Atom       Grad       Stress     Addn.      Time      
             96       0.7166     0.7166     0.0000     0.0000     0.0000     0.0000     0.40       Saving model
Train Loss:  Epoch    Total      Graph      Atom       Grad       Stress     Addn.      Time      
             97       4.4489     4.4489     0.0000     0.0000     0.0000     0.0000     4.95      
Val Loss:    Epoch    Total      Graph      Atom       Grad       Stress     Addn.      Time      
             97       0.7676     0.7676     0.0000     0.0000     0.0000     0.0000     0.40       Saving model
Train Loss:  Epoch    Total      Graph      Atom       Grad       Stress     Addn.      Time      
             98       4.2837     4.2837     0.0000     0.0000     0.0000     0.0000     4.34      
Val Loss:    Epoch    Total      Graph      Atom       Grad       Stress     Addn.      Time      
             98       0.7205     0.7205     0.0000     0.0000     0.0000     0.0000     0.40       Saving model
Train Loss:  Epoch    Total      Graph      Atom       Grad       Stress     Addn.      Time      
             99       4.1424     4.1424     0.0000     0.0000     0.0000     0.0000     4.03      
Val Loss:    Epoch    Total      Graph      Atom       Grad       Stress     Addn.      Time      
             99       0.7577     0.7577     0.0000     0.0000     0.0000     0.0000     0.40       Saving model
Train Loss:  Epoch    Total      Graph      Atom       Grad       Stress     Addn.      Time      
             100      4.3356     4.3356     0.0000     0.0000     0.0000     0.0000     4.02      
Val Loss:    Epoch    Total      Graph      Atom       Grad       Stress     Addn.      Time      
             100      0.7512     0.7512     0.0000     0.0000     0.0000     0.0000     0.40       Saving model
Train Loss:  Epoch    Total      Graph      Atom       Grad       Stress     Addn.      Time      
             101      4.5492     4.5492     0.0000     0.0000     0.0000     0.0000     4.02      
Val Loss:    Epoch    Total      Graph      Atom       Grad       Stress     Addn.      Time      
             101      0.7272     0.7272     0.0000     0.0000     0.0000     0.0000     0.39       Saving model
Train Loss:  Epoch    Total      Graph      Atom       Grad       Stress     Addn.      Time      
             102      4.2347     4.2347     0.0000     0.0000     0.0000     0.0000     4.73      
Val Loss:    Epoch    Total      Graph      Atom       Grad       Stress     Addn.      Time      
             102      0.7130     0.7130     0.0000     0.0000     0.0000     0.0000     0.40       Saving model
Train Loss:  Epoch    Total      Graph      Atom       Grad       Stress     Addn.      Time      
             103      4.2143     4.2143     0.0000     0.0000     0.0000     0.0000     5.00      
Val Loss:    Epoch    Total      Graph      Atom       Grad       Stress     Addn.      Time      
             103      0.7561     0.7561     0.0000     0.0000     0.0000     0.0000     0.39       Saving model
Train Loss:  Epoch    Total      Graph      Atom       Grad       Stress     Addn.      Time      
             104      4.4632     4.4632     0.0000     0.0000     0.0000     0.0000     4.04      
Val Loss:    Epoch    Total      Graph      Atom       Grad       Stress     Addn.      Time      
             104      0.7569     0.7569     0.0000     0.0000     0.0000     0.0000     0.40       Saving model
Train Loss:  Epoch    Total      Graph      Atom       Grad       Stress     Addn.      Time      
             105      4.1961     4.1961     0.0000     0.0000     0.0000     0.0000     4.08      
Val Loss:    Epoch    Total      Graph      Atom       Grad       Stress     Addn.      Time      
             105      0.7313     0.7313     0.0000     0.0000     0.0000     0.0000     0.40       Saving model
Train Loss:  Epoch    Total      Graph      Atom       Grad       Stress     Addn.      Time      
             106      4.1900     4.1900     0.0000     0.0000     0.0000     0.0000     4.30      
Val Loss:    Epoch    Total      Graph      Atom       Grad       Stress     Addn.      Time      
             106      0.7604     0.7604     0.0000     0.0000     0.0000     0.0000     0.40       Saving model
Train Loss:  Epoch    Total      Graph      Atom       Grad       Stress     Addn.      Time      
             107      4.1480     4.1480     0.0000     0.0000     0.0000     0.0000     4.03      
Val Loss:    Epoch    Total      Graph      Atom       Grad       Stress     Addn.      Time      
             107      0.7089     0.7089     0.0000     0.0000     0.0000     0.0000     0.39       Saving model
Train Loss:  Epoch    Total      Graph      Atom       Grad       Stress     Addn.      Time      
             108      4.3380     4.3380     0.0000     0.0000     0.0000     0.0000     4.52      
Val Loss:    Epoch    Total      Graph      Atom       Grad       Stress     Addn.      Time      
             108      0.8033     0.8033     0.0000     0.0000     0.0000     0.0000     0.40       Saving model
Train Loss:  Epoch    Total      Graph      Atom       Grad       Stress     Addn.      Time      
             109      4.3669     4.3669     0.0000     0.0000     0.0000     0.0000     4.67      
Val Loss:    Epoch    Total      Graph      Atom       Grad       Stress     Addn.      Time      
             109      0.7596     0.7596     0.0000     0.0000     0.0000     0.0000     0.40       Saving model
Train Loss:  Epoch    Total      Graph      Atom       Grad       Stress     Addn.      Time      
             110      4.4140     4.4140     0.0000     0.0000     0.0000     0.0000     4.62      
Val Loss:    Epoch    Total      Graph      Atom       Grad       Stress     Addn.      Time      
             110      0.7907     0.7907     0.0000     0.0000     0.0000     0.0000     0.40       Saving model
Train Loss:  Epoch    Total      Graph      Atom       Grad       Stress     Addn.      Time      
             111      4.3651     4.3651     0.0000     0.0000     0.0000     0.0000     4.03      
Val Loss:    Epoch    Total      Graph      Atom       Grad       Stress     Addn.      Time      
             111      0.7124     0.7124     0.0000     0.0000     0.0000     0.0000     0.40       Saving model
Train Loss:  Epoch    Total      Graph      Atom       Grad       Stress     Addn.      Time      
             112      3.9676     3.9676     0.0000     0.0000     0.0000     0.0000     4.08      
Val Loss:    Epoch    Total      Graph      Atom       Grad       Stress     Addn.      Time      
             112      0.7011     0.7011     0.0000     0.0000     0.0000     0.0000     0.40       Saving model
Train Loss:  Epoch    Total      Graph      Atom       Grad       Stress     Addn.      Time      
             113      3.9472     3.9472     0.0000     0.0000     0.0000     0.0000     4.03      
Val Loss:    Epoch    Total      Graph      Atom       Grad       Stress     Addn.      Time      
             113      0.7468     0.7468     0.0000     0.0000     0.0000     0.0000     0.40       Saving model
Train Loss:  Epoch    Total      Graph      Atom       Grad       Stress     Addn.      Time      
             114      4.2276     4.2276     0.0000     0.0000     0.0000     0.0000     4.73      
Val Loss:    Epoch    Total      Graph      Atom       Grad       Stress     Addn.      Time      
             114      0.8911     0.8911     0.0000     0.0000     0.0000     0.0000     0.40       Saving model
Train Loss:  Epoch    Total      Graph      Atom       Grad       Stress     Addn.      Time      
             115      4.1859     4.1859     0.0000     0.0000     0.0000     0.0000     4.08      
Val Loss:    Epoch    Total      Graph      Atom       Grad       Stress     Addn.      Time      
             115      0.7075     0.7075     0.0000     0.0000     0.0000     0.0000     0.40       Saving model
Train Loss:  Epoch    Total      Graph      Atom       Grad       Stress     Addn.      Time      
             116      3.9957     3.9957     0.0000     0.0000     0.0000     0.0000     4.79      
Val Loss:    Epoch    Total      Graph      Atom       Grad       Stress     Addn.      Time      
             116      0.7133     0.7133     0.0000     0.0000     0.0000     0.0000     0.40       Saving model
Train Loss:  Epoch    Total      Graph      Atom       Grad       Stress     Addn.      Time      
             117      3.8943     3.8943     0.0000     0.0000     0.0000     0.0000     4.03      
Val Loss:    Epoch    Total      Graph      Atom       Grad       Stress     Addn.      Time      
             117      0.7174     0.7174     0.0000     0.0000     0.0000     0.0000     0.40       Saving model
Train Loss:  Epoch    Total      Graph      Atom       Grad       Stress     Addn.      Time      
             118      4.0967     4.0967     0.0000     0.0000     0.0000     0.0000     4.29      
Val Loss:    Epoch    Total      Graph      Atom       Grad       Stress     Addn.      Time      
             118      0.7100     0.7100     0.0000     0.0000     0.0000     0.0000     0.41       Saving model
Train Loss:  Epoch    Total      Graph      Atom       Grad       Stress     Addn.      Time      
             119      4.0990     4.0990     0.0000     0.0000     0.0000     0.0000     4.02      
Val Loss:    Epoch    Total      Graph      Atom       Grad       Stress     Addn.      Time      
             119      0.8073     0.8073     0.0000     0.0000     0.0000     0.0000     0.41       Saving model
Test MAE: 0.09390949855519556
Time taken (s) 583.9120790958405
Error: The source file 'prediction_results_test_set.csv' was not found.
Error: The source file 'history_val_mae.json' was not found.

  0%|          | 0/4394 [00:00<?, ?it/s]
  0%|          | 10/4394 [00:00<00:47, 93.10it/s]
  1%|          | 23/4394 [00:00<00:39, 109.93it/s]
  1%|          | 35/4394 [00:00<00:39, 109.11it/s]
  1%|          | 47/4394 [00:00<00:39, 111.25it/s]
  1%|▏         | 59/4394 [00:00<00:57, 75.00it/s] 
  2%|▏         | 71/4394 [00:00<00:50, 85.62it/s]
  2%|▏         | 84/4394 [00:00<00:44, 97.05it/s]
  2%|▏         | 98/4394 [00:00<00:40, 105.47it/s]
  3%|▎         | 113/4394 [00:01<00:36, 117.11it/s]
  3%|▎         | 126/4394 [00:01<00:35, 119.71it/s]
  3%|▎         | 140/4394 [00:01<00:34, 124.02it/s]
  3%|▎         | 153/4394 [00:01<00:34, 123.45it/s]
  4%|▍         | 168/4394 [00:01<00:32, 130.03it/s]
  4%|▍         | 182/4394 [00:01<00:34, 122.57it/s]
  4%|▍         | 196/4394 [00:01<00:33, 124.12it/s]
  5%|▍         | 209/4394 [00:01<00:33, 125.57it/s]
  5%|▌         | 222/4394 [00:02<00:39, 104.75it/s]
  5%|▌         | 234/4394 [00:02<00:39, 106.64it/s]
  6%|▌         | 247/4394 [00:02<00:36, 112.58it/s]
  6%|▌         | 259/4394 [00:02<00:37, 110.48it/s]
  6%|▌         | 271/4394 [00:02<00:37, 109.57it/s]
  6%|▋         | 284/4394 [00:02<00:36, 113.37it/s]
  7%|▋         | 298/4394 [00:02<00:34, 118.68it/s]
  7%|▋         | 311/4394 [00:02<00:34, 117.53it/s]
  7%|▋         | 325/4394 [00:02<00:33, 121.39it/s]
  8%|▊         | 341/4394 [00:02<00:31, 130.41it/s]
  8%|▊         | 355/4394 [00:03<00:31, 128.96it/s]
  8%|▊         | 368/4394 [00:03<00:32, 124.98it/s]
  9%|▊         | 381/4394 [00:03<00:31, 126.11it/s]
  9%|▉         | 394/4394 [00:03<00:34, 115.46it/s]
  9%|▉         | 408/4394 [00:03<00:32, 122.01it/s]
 10%|▉         | 422/4394 [00:03<00:31, 125.06it/s]
 10%|▉         | 435/4394 [00:03<00:33, 119.06it/s]
 10%|█         | 448/4394 [00:03<00:32, 119.59it/s]
 10%|█         | 461/4394 [00:03<00:32, 121.23it/s]
 11%|█         | 478/4394 [00:04<00:29, 131.77it/s]
 11%|█         | 492/4394 [00:04<00:31, 122.62it/s]
 11%|█▏        | 505/4394 [00:04<00:32, 120.22it/s]
 12%|█▏        | 518/4394 [00:04<00:31, 122.48it/s]
 12%|█▏        | 531/4394 [00:04<00:31, 122.56it/s]
 12%|█▏        | 544/4394 [00:04<00:34, 113.00it/s]
 13%|█▎        | 558/4394 [00:04<00:32, 119.21it/s]
 13%|█▎        | 574/4394 [00:04<00:29, 128.61it/s]
 13%|█▎        | 588/4394 [00:05<00:29, 128.63it/s]
 14%|█▎        | 601/4394 [00:05<00:45, 83.71it/s] 
 14%|█▍        | 615/4394 [00:05<00:39, 95.02it/s]
 14%|█▍        | 629/4394 [00:05<00:36, 104.22it/s]
 15%|█▍        | 643/4394 [00:05<00:33, 112.37it/s]
 15%|█▍        | 656/4394 [00:05<00:32, 114.71it/s]
 15%|█▌        | 671/4394 [00:05<00:30, 122.86it/s]
 16%|█▌        | 685/4394 [00:05<00:32, 114.70it/s]
 16%|█▌        | 698/4394 [00:06<00:33, 109.10it/s]
 16%|█▌        | 710/4394 [00:06<00:33, 109.05it/s]
 16%|█▋        | 722/4394 [00:06<00:36, 101.98it/s]
 17%|█▋        | 734/4394 [00:06<00:34, 105.80it/s]
 17%|█▋        | 749/4394 [00:06<00:31, 116.07it/s]
 17%|█▋        | 761/4394 [00:06<00:32, 111.99it/s]
 18%|█▊        | 773/4394 [00:06<00:34, 105.79it/s]
 18%|█▊        | 784/4394 [00:06<00:35, 101.94it/s]
 18%|█▊        | 795/4394 [00:07<00:35, 102.38it/s]
 18%|█▊        | 806/4394 [00:07<00:34, 103.83it/s]
 19%|█▊        | 821/4394 [00:07<00:31, 114.08it/s]
 19%|█▉        | 834/4394 [00:07<00:30, 118.30it/s]
 19%|█▉        | 848/4394 [00:07<00:28, 123.03it/s]
 20%|█▉        | 861/4394 [00:07<00:29, 118.47it/s]
 20%|█▉        | 876/4394 [00:07<00:28, 125.05it/s]
 20%|██        | 889/4394 [00:07<00:32, 106.95it/s]
 21%|██        | 903/4394 [00:07<00:30, 114.98it/s]
 21%|██        | 915/4394 [00:08<00:30, 114.70it/s]
 21%|██        | 927/4394 [00:08<00:30, 113.60it/s]
 21%|██▏       | 940/4394 [00:08<00:29, 117.35it/s]
 22%|██▏       | 953/4394 [00:08<00:29, 117.83it/s]
 22%|██▏       | 966/4394 [00:08<00:28, 120.36it/s]
 22%|██▏       | 979/4394 [00:08<00:27, 122.70it/s]
 23%|██▎       | 992/4394 [00:08<00:27, 123.92it/s]
 23%|██▎       | 1005/4394 [00:08<00:28, 118.71it/s]
 23%|██▎       | 1018/4394 [00:08<00:28, 120.15it/s]
 24%|██▎       | 1033/4394 [00:08<00:26, 127.56it/s]
 24%|██▍       | 1047/4394 [00:09<00:25, 129.48it/s]
 24%|██▍       | 1061/4394 [00:09<00:26, 126.62it/s]
 24%|██▍       | 1074/4394 [00:09<00:40, 82.71it/s] 
 25%|██▍       | 1088/4394 [00:09<00:35, 92.32it/s]
 25%|██▌       | 1100/4394 [00:09<00:34, 96.03it/s]
 25%|██▌       | 1112/4394 [00:09<00:32, 101.10it/s]
 26%|██▌       | 1127/4394 [00:09<00:29, 112.05it/s]
 26%|██▌       | 1142/4394 [00:10<00:27, 120.35it/s]
 26%|██▋       | 1156/4394 [00:10<00:26, 122.71it/s]
 27%|██▋       | 1169/4394 [00:10<00:27, 118.94it/s]
 27%|██▋       | 1183/4394 [00:10<00:26, 122.01it/s]
 27%|██▋       | 1196/4394 [00:10<00:28, 113.26it/s]
 27%|██▋       | 1208/4394 [00:10<00:27, 114.72it/s]
 28%|██▊       | 1220/4394 [00:10<00:27, 114.24it/s]
 28%|██▊       | 1234/4394 [00:10<00:26, 120.78it/s]
 28%|██▊       | 1248/4394 [00:10<00:25, 124.01it/s]
 29%|██▊       | 1261/4394 [00:11<00:26, 119.12it/s]
 29%|██▉       | 1274/4394 [00:11<00:25, 121.65it/s]
 29%|██▉       | 1287/4394 [00:11<00:25, 121.39it/s]
 30%|██▉       | 1301/4394 [00:11<00:24, 124.98it/s]
 30%|██▉       | 1315/4394 [00:11<00:24, 126.01it/s]
 30%|███       | 1328/4394 [00:11<00:24, 125.81it/s]
 31%|███       | 1341/4394 [00:11<00:24, 122.71it/s]
 31%|███       | 1354/4394 [00:11<00:27, 112.31it/s]
 31%|███       | 1367/4394 [00:11<00:26, 114.90it/s]
 31%|███▏      | 1380/4394 [00:12<00:25, 118.03it/s]
 32%|███▏      | 1394/4394 [00:12<00:24, 122.82it/s]
 32%|███▏      | 1407/4394 [00:12<00:24, 122.56it/s]
 32%|███▏      | 1421/4394 [00:12<00:23, 127.25it/s]
 33%|███▎      | 1434/4394 [00:12<00:27, 108.01it/s]
 33%|███▎      | 1447/4394 [00:12<00:26, 111.28it/s]
 33%|███▎      | 1459/4394 [00:12<00:26, 111.72it/s]
 34%|███▎      | 1472/4394 [00:12<00:25, 115.05it/s]
 34%|███▍      | 1486/4394 [00:12<00:24, 120.53it/s]
 34%|███▍      | 1500/4394 [00:13<00:23, 122.65it/s]
 34%|███▍      | 1513/4394 [00:13<00:23, 124.18it/s]
 35%|███▍      | 1526/4394 [00:13<00:23, 123.95it/s]
 35%|███▌      | 1539/4394 [00:13<00:23, 120.62it/s]
 35%|███▌      | 1552/4394 [00:13<00:23, 118.48it/s]
 36%|███▌      | 1566/4394 [00:13<00:22, 123.24it/s]
 36%|███▌      | 1579/4394 [00:13<00:23, 118.70it/s]
 36%|███▌      | 1592/4394 [00:13<00:23, 121.08it/s]
 37%|███▋      | 1605/4394 [00:13<00:23, 118.36it/s]
 37%|███▋      | 1617/4394 [00:14<00:23, 115.99it/s]
 37%|███▋      | 1629/4394 [00:14<00:37, 73.65it/s] 
 37%|███▋      | 1642/4394 [00:14<00:32, 84.44it/s]
 38%|███▊      | 1656/4394 [00:14<00:28, 95.98it/s]
 38%|███▊      | 1668/4394 [00:14<00:27, 98.99it/s]
 38%|███▊      | 1685/4394 [00:14<00:23, 115.17it/s]
 39%|███▊      | 1699/4394 [00:14<00:22, 121.51it/s]
 39%|███▉      | 1713/4394 [00:14<00:22, 119.14it/s]
 39%|███▉      | 1726/4394 [00:15<00:24, 107.14it/s]
 40%|███▉      | 1740/4394 [00:15<00:23, 115.09it/s]
 40%|███▉      | 1753/4394 [00:15<00:23, 114.64it/s]
 40%|████      | 1765/4394 [00:15<00:23, 114.28it/s]
 40%|████      | 1778/4394 [00:15<00:22, 117.09it/s]
 41%|████      | 1790/4394 [00:15<00:23, 112.71it/s]
 41%|████      | 1802/4394 [00:15<00:23, 108.97it/s]
 41%|████▏     | 1814/4394 [00:15<00:23, 111.39it/s]
 42%|████▏     | 1829/4394 [00:16<00:21, 120.68it/s]
 42%|████▏     | 1842/4394 [00:16<00:20, 122.28it/s]
 42%|████▏     | 1855/4394 [00:16<00:21, 116.38it/s]
 42%|████▏     | 1867/4394 [00:16<00:21, 116.62it/s]
 43%|████▎     | 1879/4394 [00:16<00:21, 117.27it/s]
 43%|████▎     | 1891/4394 [00:16<00:24, 101.14it/s]
 43%|████▎     | 1903/4394 [00:16<00:24, 103.66it/s]
 44%|████▎     | 1916/4394 [00:16<00:22, 110.14it/s]
 44%|████▍     | 1929/4394 [00:16<00:21, 113.35it/s]
 44%|████▍     | 1943/4394 [00:17<00:21, 116.61it/s]
 44%|████▍     | 1955/4394 [00:17<00:21, 114.22it/s]
 45%|████▍     | 1967/4394 [00:17<00:20, 115.70it/s]
 45%|████▌     | 1979/4394 [00:17<00:21, 114.65it/s]
 45%|████▌     | 1991/4394 [00:17<00:21, 111.59it/s]
 46%|████▌     | 2003/4394 [00:17<00:21, 109.44it/s]
 46%|████▌     | 2017/4394 [00:17<00:20, 114.42it/s]
 46%|████▌     | 2032/4394 [00:17<00:19, 121.04it/s]
 47%|████▋     | 2045/4394 [00:17<00:22, 105.03it/s]
 47%|████▋     | 2056/4394 [00:18<00:39, 58.90it/s] 
 47%|████▋     | 2066/4394 [00:18<00:35, 65.69it/s]
 47%|████▋     | 2081/4394 [00:18<00:28, 80.82it/s]
 48%|████▊     | 2095/4394 [00:18<00:25, 91.47it/s]
 48%|████▊     | 2107/4394 [00:18<00:23, 96.68it/s]
 48%|████▊     | 2119/4394 [00:18<00:23, 98.86it/s]
 49%|████▊     | 2133/4394 [00:19<00:21, 106.27it/s]
 49%|████▉     | 2145/4394 [00:19<00:21, 104.83it/s]
 49%|████▉     | 2157/4394 [00:19<00:20, 107.44it/s]
 49%|████▉     | 2170/4394 [00:19<00:19, 111.47it/s]
 50%|████▉     | 2183/4394 [00:19<00:19, 115.34it/s]
 50%|████▉     | 2196/4394 [00:19<00:18, 117.40it/s]
 50%|█████     | 2209/4394 [00:19<00:18, 118.59it/s]
 51%|█████     | 2224/4394 [00:19<00:17, 126.79it/s]
 51%|█████     | 2237/4394 [00:19<00:17, 126.78it/s]
 51%|█████     | 2250/4394 [00:19<00:16, 126.80it/s]
 52%|█████▏    | 2264/4394 [00:20<00:16, 129.22it/s]
 52%|█████▏    | 2277/4394 [00:20<00:16, 127.94it/s]
 52%|█████▏    | 2291/4394 [00:20<00:16, 129.54it/s]
 52%|█████▏    | 2304/4394 [00:20<00:16, 126.28it/s]
 53%|█████▎    | 2317/4394 [00:20<00:17, 120.07it/s]
 53%|█████▎    | 2330/4394 [00:20<00:17, 120.59it/s]
 53%|█████▎    | 2344/4394 [00:20<00:16, 123.06it/s]
 54%|█████▎    | 2357/4394 [00:20<00:16, 123.52it/s]
 54%|█████▍    | 2370/4394 [00:20<00:17, 115.78it/s]
 54%|█████▍    | 2382/4394 [00:21<00:17, 116.64it/s]
 55%|█████▍    | 2395/4394 [00:21<00:16, 118.51it/s]
 55%|█████▍    | 2407/4394 [00:21<00:16, 117.41it/s]
 55%|█████▌    | 2421/4394 [00:21<00:16, 120.37it/s]
 55%|█████▌    | 2434/4394 [00:21<00:16, 122.28it/s]
 56%|█████▌    | 2447/4394 [00:21<00:15, 122.54it/s]
 56%|█████▌    | 2460/4394 [00:21<00:16, 119.06it/s]
 56%|█████▋    | 2473/4394 [00:21<00:16, 117.95it/s]
 57%|█████▋    | 2488/4394 [00:21<00:15, 125.25it/s]
 57%|█████▋    | 2502/4394 [00:22<00:14, 127.43it/s]
 57%|█████▋    | 2516/4394 [00:22<00:15, 119.82it/s]
 58%|█████▊    | 2529/4394 [00:22<00:15, 118.36it/s]
 58%|█████▊    | 2541/4394 [00:22<00:17, 107.53it/s]
 58%|█████▊    | 2552/4394 [00:22<00:17, 105.13it/s]
 58%|█████▊    | 2565/4394 [00:22<00:16, 109.64it/s]
 59%|█████▊    | 2578/4394 [00:22<00:15, 113.82it/s]
 59%|█████▉    | 2591/4394 [00:22<00:15, 115.51it/s]
 59%|█████▉    | 2603/4394 [00:22<00:15, 114.41it/s]
 60%|█████▉    | 2616/4394 [00:23<00:15, 115.75it/s]
 60%|█████▉    | 2628/4394 [00:23<00:15, 115.07it/s]
 60%|██████    | 2642/4394 [00:23<00:14, 122.03it/s]
 60%|██████    | 2656/4394 [00:23<00:13, 125.47it/s]
 61%|██████    | 2669/4394 [00:23<00:15, 113.96it/s]
 61%|██████    | 2681/4394 [00:23<00:14, 114.98it/s]
 61%|██████▏   | 2693/4394 [00:23<00:15, 111.01it/s]
 62%|██████▏   | 2705/4394 [00:23<00:14, 112.70it/s]
 62%|██████▏   | 2719/4394 [00:24<00:23, 72.55it/s] 
 62%|██████▏   | 2730/4394 [00:24<00:20, 79.31it/s]
 62%|██████▏   | 2744/4394 [00:24<00:18, 91.04it/s]
 63%|██████▎   | 2758/4394 [00:24<00:16, 100.90it/s]
 63%|██████▎   | 2771/4394 [00:24<00:15, 106.48it/s]
 63%|██████▎   | 2783/4394 [00:24<00:15, 101.00it/s]
 64%|██████▎   | 2795/4394 [00:24<00:15, 102.80it/s]
 64%|██████▍   | 2809/4394 [00:24<00:14, 111.37it/s]
 64%|██████▍   | 2824/4394 [00:25<00:13, 120.02it/s]
 65%|██████▍   | 2837/4394 [00:25<00:12, 119.87it/s]
 65%|██████▍   | 2851/4394 [00:25<00:12, 124.97it/s]
 65%|██████▌   | 2864/4394 [00:25<00:12, 117.79it/s]
 65%|██████▌   | 2877/4394 [00:25<00:13, 115.12it/s]
 66%|██████▌   | 2889/4394 [00:25<00:12, 116.29it/s]
 66%|██████▌   | 2902/4394 [00:25<00:12, 118.35it/s]
 66%|██████▋   | 2915/4394 [00:25<00:12, 120.84it/s]
 67%|██████▋   | 2929/4394 [00:25<00:12, 121.98it/s]
 67%|██████▋   | 2942/4394 [00:26<00:12, 119.87it/s]
 67%|██████▋   | 2955/4394 [00:26<00:12, 115.96it/s]
 68%|██████▊   | 2968/4394 [00:26<00:11, 119.68it/s]
 68%|██████▊   | 2981/4394 [00:26<00:12, 112.17it/s]
 68%|██████▊   | 2993/4394 [00:26<00:12, 110.02it/s]
 68%|██████▊   | 3005/4394 [00:26<00:13, 101.56it/s]
 69%|██████▊   | 3018/4394 [00:26<00:12, 107.58it/s]
 69%|██████▉   | 3030/4394 [00:26<00:12, 109.93it/s]
 69%|██████▉   | 3044/4394 [00:26<00:11, 116.02it/s]
 70%|██████▉   | 3059/4394 [00:27<00:10, 124.25it/s]
 70%|██████▉   | 3074/4394 [00:27<00:10, 129.23it/s]
 70%|███████   | 3088/4394 [00:27<00:10, 124.16it/s]
 71%|███████   | 3101/4394 [00:27<00:10, 120.43it/s]
 71%|███████   | 3114/4394 [00:27<00:10, 121.64it/s]
 71%|███████   | 3127/4394 [00:27<00:10, 116.21it/s]
 72%|███████▏  | 3142/4394 [00:27<00:10, 123.13it/s]
 72%|███████▏  | 3155/4394 [00:27<00:10, 122.59it/s]
 72%|███████▏  | 3168/4394 [00:27<00:10, 121.22it/s]
 72%|███████▏  | 3181/4394 [00:28<00:10, 112.45it/s]
 73%|███████▎  | 3196/4394 [00:28<00:09, 120.06it/s]
 73%|███████▎  | 3209/4394 [00:28<00:09, 121.33it/s]
 73%|███████▎  | 3222/4394 [00:28<00:09, 123.20it/s]
 74%|███████▎  | 3235/4394 [00:28<00:09, 124.77it/s]
 74%|███████▍  | 3248/4394 [00:28<00:09, 123.56it/s]
 74%|███████▍  | 3261/4394 [00:28<00:09, 114.33it/s]
 74%|███████▍  | 3273/4394 [00:28<00:09, 113.21it/s]
 75%|███████▍  | 3287/4394 [00:28<00:09, 118.93it/s]
 75%|███████▌  | 3300/4394 [00:29<00:09, 114.09it/s]
 75%|███████▌  | 3312/4394 [00:29<00:09, 115.09it/s]
 76%|███████▌  | 3324/4394 [00:29<00:09, 116.27it/s]
 76%|███████▌  | 3336/4394 [00:29<00:09, 112.96it/s]
 76%|███████▌  | 3349/4394 [00:29<00:08, 117.63it/s]
 77%|███████▋  | 3363/4394 [00:29<00:08, 122.98it/s]
 77%|███████▋  | 3376/4394 [00:29<00:08, 121.41it/s]
 77%|███████▋  | 3389/4394 [00:30<00:13, 76.57it/s] 
 77%|███████▋  | 3401/4394 [00:30<00:11, 84.55it/s]
 78%|███████▊  | 3416/4394 [00:30<00:10, 97.33it/s]
 78%|███████▊  | 3428/4394 [00:30<00:09, 101.34it/s]
 78%|███████▊  | 3443/4394 [00:30<00:08, 112.78it/s]
 79%|███████▊  | 3456/4394 [00:30<00:09, 100.79it/s]
 79%|███████▉  | 3468/4394 [00:30<00:08, 105.45it/s]
 79%|███████▉  | 3482/4394 [00:30<00:07, 114.21it/s]
 80%|███████▉  | 3496/4394 [00:30<00:07, 119.93it/s]
 80%|███████▉  | 3509/4394 [00:31<00:08, 110.28it/s]
 80%|████████  | 3522/4394 [00:31<00:07, 114.79it/s]
 80%|████████  | 3534/4394 [00:31<00:08, 100.81it/s]
 81%|████████  | 3545/4394 [00:31<00:08, 94.89it/s] 
 81%|████████  | 3559/4394 [00:31<00:08, 104.35it/s]
 81%|████████▏ | 3571/4394 [00:31<00:07, 107.05it/s]
 82%|████████▏ | 3583/4394 [00:31<00:07, 110.34it/s]
 82%|████████▏ | 3596/4394 [00:31<00:06, 114.60it/s]
 82%|████████▏ | 3611/4394 [00:31<00:06, 123.92it/s]
 82%|████████▏ | 3624/4394 [00:32<00:06, 121.88it/s]
 83%|████████▎ | 3637/4394 [00:32<00:06, 116.83it/s]
 83%|████████▎ | 3651/4394 [00:32<00:06, 122.66it/s]
 83%|████████▎ | 3664/4394 [00:32<00:06, 119.91it/s]
 84%|████████▎ | 3678/4394 [00:32<00:05, 123.65it/s]
 84%|████████▍ | 3693/4394 [00:32<00:05, 127.02it/s]
 84%|████████▍ | 3707/4394 [00:32<00:05, 129.43it/s]
 85%|████████▍ | 3722/4394 [00:32<00:05, 134.25it/s]
 85%|████████▌ | 3736/4394 [00:32<00:05, 123.45it/s]
 85%|████████▌ | 3749/4394 [00:33<00:05, 113.67it/s]
 86%|████████▌ | 3762/4394 [00:33<00:05, 116.38it/s]
 86%|████████▌ | 3774/4394 [00:33<00:05, 116.56it/s]
 86%|████████▌ | 3788/4394 [00:33<00:04, 122.77it/s]
 87%|████████▋ | 3801/4394 [00:33<00:04, 121.04it/s]
 87%|████████▋ | 3814/4394 [00:33<00:04, 119.76it/s]
 87%|████████▋ | 3827/4394 [00:33<00:04, 114.46it/s]
 87%|████████▋ | 3839/4394 [00:33<00:04, 113.71it/s]
 88%|████████▊ | 3852/4394 [00:33<00:04, 118.04it/s]
 88%|████████▊ | 3867/4394 [00:34<00:04, 124.01it/s]
 88%|████████▊ | 3880/4394 [00:34<00:04, 120.89it/s]
 89%|████████▊ | 3893/4394 [00:34<00:04, 121.03it/s]
 89%|████████▉ | 3906/4394 [00:34<00:04, 117.42it/s]
 89%|████████▉ | 3918/4394 [00:34<00:04, 116.97it/s]
 89%|████████▉ | 3930/4394 [00:34<00:04, 115.36it/s]
 90%|████████▉ | 3942/4394 [00:34<00:03, 113.71it/s]
 90%|████████▉ | 3954/4394 [00:34<00:03, 112.08it/s]
 90%|█████████ | 3966/4394 [00:34<00:03, 113.64it/s]
 91%|█████████ | 3981/4394 [00:35<00:03, 121.34it/s]
 91%|█████████ | 3994/4394 [00:35<00:03, 114.73it/s]
 91%|█████████ | 4009/4394 [00:35<00:03, 123.17it/s]
 92%|█████████▏| 4022/4394 [00:35<00:02, 125.06it/s]
 92%|█████████▏| 4035/4394 [00:35<00:03, 118.55it/s]
 92%|█████████▏| 4047/4394 [00:35<00:04, 78.93it/s] 
 92%|█████████▏| 4061/4394 [00:35<00:03, 90.54it/s]
 93%|█████████▎| 4073/4394 [00:36<00:03, 96.51it/s]
 93%|█████████▎| 4085/4394 [00:36<00:03, 98.80it/s]
 93%|█████████▎| 4098/4394 [00:36<00:02, 102.75it/s]
 94%|█████████▎| 4111/4394 [00:36<00:02, 106.40it/s]
 94%|█████████▍| 4127/4394 [00:36<00:02, 119.89it/s]
 94%|█████████▍| 4141/4394 [00:36<00:02, 122.64it/s]
 95%|█████████▍| 4154/4394 [00:36<00:02, 119.13it/s]
 95%|█████████▍| 4167/4394 [00:36<00:01, 115.57it/s]
 95%|█████████▌| 4179/4394 [00:36<00:02, 107.09it/s]
 95%|█████████▌| 4191/4394 [00:37<00:01, 109.57it/s]
 96%|█████████▌| 4205/4394 [00:37<00:01, 117.55it/s]
 96%|█████████▌| 4219/4394 [00:37<00:01, 123.29it/s]
 96%|█████████▋| 4233/4394 [00:37<00:01, 127.40it/s]
 97%|█████████▋| 4246/4394 [00:37<00:01, 121.27it/s]
 97%|█████████▋| 4260/4394 [00:37<00:01, 124.90it/s]
 97%|█████████▋| 4273/4394 [00:37<00:00, 123.69it/s]
 98%|█████████▊| 4286/4394 [00:37<00:00, 121.84it/s]
 98%|█████████▊| 4302/4394 [00:37<00:00, 130.70it/s]
 98%|█████████▊| 4316/4394 [00:38<00:00, 130.10it/s]
 99%|█████████▊| 4330/4394 [00:38<00:00, 129.75it/s]
 99%|█████████▉| 4344/4394 [00:38<00:00, 127.50it/s]
 99%|█████████▉| 4357/4394 [00:38<00:00, 127.60it/s]
 99%|█████████▉| 4370/4394 [00:38<00:00, 125.25it/s]
100%|█████████▉| 4384/4394 [00:38<00:00, 128.93it/s]
100%|██████████| 4394/4394 [00:38<00:00, 113.74it/s]
/ibex/user/shoaibsa/miniconda3/envs/py312/lib/python3.12/site-packages/alignn/graphs.py:1176: UserWarning: Creating a tensor from a list of numpy.ndarrays is extremely slow. Please consider converting the list to a single numpy.ndarray with numpy.array() before converting to a tensor. (Triggered internally at /pytorch/torch/csrc/utils/tensor_new.cpp:253.)
  self.lattices = torch.tensor(self.lattices).type(

  0%|          | 0/4394 [00:00<?, ?it/s]
  1%|          | 22/4394 [00:00<00:19, 219.69it/s]
  5%|▍         | 211/4394 [00:00<00:04, 960.87it/s]
 13%|█▎        | 550/4394 [00:00<00:01, 1936.21it/s]
 20%|██        | 879/4394 [00:00<00:01, 2428.57it/s]
 28%|██▊       | 1224/4394 [00:00<00:01, 2775.94it/s]
 34%|███▍      | 1510/4394 [00:00<00:01, 1828.23it/s]
 40%|███▉      | 1736/4394 [00:01<00:01, 1437.69it/s]
 44%|████▎     | 1918/4394 [00:01<00:01, 1386.29it/s]
 47%|████▋     | 2082/4394 [00:01<00:02, 1141.88it/s]
 55%|█████▌    | 2423/4394 [00:01<00:01, 1572.49it/s]
 60%|█████▉    | 2622/4394 [00:01<00:01, 1512.39it/s]
 64%|██████▍   | 2802/4394 [00:01<00:01, 1450.54it/s]
 68%|██████▊   | 2967/4394 [00:01<00:01, 1391.04it/s]
 75%|███████▌  | 3304/4394 [00:02<00:00, 1841.83it/s]
 80%|███████▉  | 3512/4394 [00:02<00:00, 1703.41it/s]
 84%|████████▍ | 3700/4394 [00:02<00:00, 1093.23it/s]
 92%|█████████▏| 4036/4394 [00:02<00:00, 1492.92it/s]
 97%|█████████▋| 4241/4394 [00:02<00:00, 1471.34it/s]
100%|██████████| 4394/4394 [00:02<00:00, 1553.47it/s]

  0%|          | 0/549 [00:00<?, ?it/s]
  2%|▏         | 11/549 [00:00<00:05, 104.22it/s]
  4%|▍         | 24/549 [00:00<00:04, 113.31it/s]
  7%|▋         | 36/549 [00:00<00:04, 109.38it/s]
  9%|▊         | 47/549 [00:00<00:04, 105.22it/s]
 11%|█         | 58/549 [00:00<00:04, 104.04it/s]
 13%|█▎        | 72/549 [00:00<00:04, 114.72it/s]
 16%|█▌        | 86/549 [00:00<00:03, 120.02it/s]
 18%|█▊        | 100/549 [00:00<00:03, 123.66it/s]
 21%|██        | 113/549 [00:00<00:03, 124.88it/s]
 23%|██▎       | 126/549 [00:01<00:03, 112.52it/s]
 25%|██▌       | 138/549 [00:01<00:03, 114.08it/s]
 27%|██▋       | 150/549 [00:01<00:03, 113.63it/s]
 30%|███       | 165/549 [00:01<00:03, 123.23it/s]
 32%|███▏      | 178/549 [00:01<00:03, 110.91it/s]
 35%|███▍      | 190/549 [00:01<00:03, 111.45it/s]
 37%|███▋      | 203/549 [00:01<00:03, 115.33it/s]
 39%|███▉      | 215/549 [00:01<00:02, 113.63it/s]
 41%|████▏     | 227/549 [00:01<00:02, 109.96it/s]
 44%|████▍     | 242/549 [00:02<00:02, 118.43it/s]
 46%|████▋     | 255/549 [00:02<00:02, 120.97it/s]
 49%|████▉     | 269/549 [00:02<00:02, 124.90it/s]
 51%|█████▏    | 282/549 [00:02<00:02, 125.07it/s]
 54%|█████▎    | 295/549 [00:02<00:02, 122.30it/s]
 57%|█████▋    | 311/549 [00:02<00:01, 131.24it/s]
 59%|█████▉    | 325/549 [00:02<00:01, 129.31it/s]
 62%|██████▏   | 338/549 [00:02<00:01, 128.19it/s]
 64%|██████▍   | 351/549 [00:03<00:01, 102.41it/s]
 66%|██████▌   | 363/549 [00:03<00:01, 105.36it/s]
 68%|██████▊   | 376/549 [00:03<00:01, 110.73it/s]
 71%|███████   | 391/549 [00:03<00:01, 119.31it/s]
 74%|███████▎  | 404/549 [00:03<00:01, 119.19it/s]
 76%|███████▌  | 417/549 [00:03<00:01, 104.27it/s]
 78%|███████▊  | 430/549 [00:03<00:01, 109.93it/s]
 81%|████████  | 444/549 [00:03<00:00, 116.80it/s]
 83%|████████▎ | 458/549 [00:03<00:00, 122.91it/s]
 86%|████████▌ | 471/549 [00:04<00:00, 115.72it/s]
 88%|████████▊ | 483/549 [00:04<00:00, 111.78it/s]
 90%|█████████ | 496/549 [00:04<00:00, 114.83it/s]
 93%|█████████▎| 508/549 [00:04<00:00, 103.92it/s]
 95%|█████████▌| 522/549 [00:04<00:00, 111.06it/s]
 98%|█████████▊| 537/549 [00:04<00:00, 119.66it/s]
100%|██████████| 549/549 [00:04<00:00, 115.65it/s]

  0%|          | 0/549 [00:00<?, ?it/s]
 62%|██████▏   | 338/549 [00:00<00:00, 3372.77it/s]
100%|██████████| 549/549 [00:00<00:00, 1652.19it/s]

  0%|          | 0/549 [00:00<?, ?it/s]
  2%|▏         | 13/549 [00:00<00:04, 114.62it/s]
  5%|▍         | 26/549 [00:00<00:04, 121.43it/s]
  7%|▋         | 39/549 [00:00<00:08, 60.69it/s] 
  9%|▉         | 52/549 [00:00<00:06, 75.86it/s]
 12%|█▏        | 66/549 [00:00<00:05, 90.27it/s]
 15%|█▍        | 80/549 [00:00<00:04, 101.30it/s]
 17%|█▋        | 92/549 [00:01<00:04, 93.55it/s] 
 19%|█▉        | 105/549 [00:01<00:04, 101.88it/s]
 21%|██▏       | 117/549 [00:01<00:04, 105.76it/s]
 23%|██▎       | 129/549 [00:01<00:03, 109.17it/s]
 26%|██▌       | 142/549 [00:01<00:03, 113.76it/s]
 28%|██▊       | 154/549 [00:01<00:03, 107.60it/s]
 31%|███       | 168/549 [00:01<00:03, 114.06it/s]
 34%|███▎      | 184/549 [00:01<00:02, 125.57it/s]
 36%|███▌      | 197/549 [00:01<00:02, 125.06it/s]
 38%|███▊      | 211/549 [00:01<00:02, 129.21it/s]
 41%|████      | 225/549 [00:02<00:02, 121.91it/s]
 44%|████▎     | 239/549 [00:02<00:02, 125.82it/s]
 46%|████▌     | 252/549 [00:02<00:02, 112.52it/s]
 49%|████▊     | 267/549 [00:02<00:02, 121.83it/s]
 51%|█████     | 280/549 [00:02<00:02, 122.22it/s]
 53%|█████▎    | 293/549 [00:02<00:02, 120.04it/s]
 56%|█████▌    | 306/549 [00:02<00:02, 110.67it/s]
 58%|█████▊    | 321/549 [00:02<00:01, 119.98it/s]
 61%|██████    | 334/549 [00:03<00:01, 118.87it/s]
 64%|██████▍   | 351/549 [00:03<00:01, 130.35it/s]
 66%|██████▋   | 365/549 [00:03<00:01, 131.57it/s]
 69%|██████▉   | 379/549 [00:03<00:01, 128.27it/s]
 71%|███████▏  | 392/549 [00:03<00:01, 120.27it/s]
 74%|███████▍  | 405/549 [00:03<00:01, 117.06it/s]
 76%|███████▌  | 417/549 [00:03<00:01, 115.92it/s]
 79%|███████▊  | 432/549 [00:03<00:00, 123.22it/s]
 81%|████████  | 445/549 [00:03<00:00, 124.09it/s]
 84%|████████▎ | 459/549 [00:04<00:00, 127.19it/s]
 86%|████████▌ | 473/549 [00:04<00:00, 130.31it/s]
 89%|████████▊ | 487/549 [00:04<00:00, 131.10it/s]
 91%|█████████▏| 501/549 [00:04<00:00, 126.01it/s]
 94%|█████████▎| 514/549 [00:04<00:00, 121.69it/s]
 96%|█████████▌| 528/549 [00:04<00:00, 123.42it/s]
 99%|█████████▉| 543/549 [00:04<00:00, 129.45it/s]
100%|██████████| 549/549 [00:04<00:00, 116.21it/s]

  0%|          | 0/549 [00:00<?, ?it/s]
 16%|█▋        | 90/549 [00:00<00:00, 805.20it/s]
 55%|█████▍    | 301/549 [00:00<00:00, 1215.54it/s]
100%|██████████| 549/549 [00:00<00:00, 1665.20it/s]
/ibex/user/shoaibsa/Intrinsic_Dimensionality_ML_Materials/ALIGNN/ALIGNN_MP/alignn/train.py:503: UserWarning: Detected call of `lr_scheduler.step()` before `optimizer.step()`. In PyTorch 1.1.0 and later, you should call them in the opposite order: `optimizer.step()` before `lr_scheduler.step()`.  Failure to do this will result in PyTorch skipping the first value of the learning rate schedule. See more details at https://pytorch.org/docs/stable/optim.html#how-to-adjust-learning-rate
  scheduler.step()
