world_size 1
root_dir partitions/kvrh_half_1
[Seed] random_seed=123, split_seed=123
len dataset 5493
train_stress False
starting from this file
[Subspace][Fastfood] D=85,953, d=17,191, padded n=131,072.
  Fastfood diagonals + permutation: ~2.50 MB (vs. dense P would need ~5.50 GB).
  Compute per forward: O(n log n) ~ 2,228,224 ops.
[Subspace] D=85,953, d=17,191
================================================================
[MEM REPORT] Wrapped model (runtime footprint)
Trainable params : 17,191
All params       : 103,144  (402.91 KB)
Buffers          : 610,481  (2.83 MB)
Optimizer(AdamW) ~ 134.30 KB
----------------------------------------------------------------
Estimated total (params + buffers + opt): 3.35 MB
----------------------------------------------------------------
CUDA live: allocated=3.23 MB, reserved=26.00 MB, device=cuda:0
================================================================
Not using LMDB dataset, memory footprint maybe high.
WARNING: not using LMDB might result errors.
MAX val: 2.7596678446896306
MIN val: 0.0
MAD: 0.29127891133341216
Baseline MAE: 0.2938985203356294
data range 2.7596678446896306 0.0
Converting to graphs!
df         target  ...            jid
0     2.037426  ...  mb-kvrh-03631
1     1.447158  ...  mb-kvrh-06465
2     2.017033  ...  mb-kvrh-08277
3     1.612784  ...  mb-kvrh-03264
4     1.612784  ...  mb-kvrh-08408
...        ...  ...            ...
4389  1.342423  ...  mb-kvrh-05735
4390  2.037426  ...  mb-kvrh-06426
4391  1.792392  ...  mb-kvrh-05301
4392  2.025306  ...  mb-kvrh-03061
4393  2.240549  ...  mb-kvrh-04949

[4394 rows x 3 columns]
warning: could not load CGCNN features for 103
Setting it to max atomic number available here, 103
warning: could not load CGCNN features for 101
Setting it to max atomic number available here, 103
warning: could not load CGCNN features for 102
Setting it to max atomic number available here, 103
building line graphs
data range 2.7363965022766426 0.0
Converting to graphs!
df        target                                              atoms            jid
0    2.220108  {'lattice_mat': [[1.516e-05, 3.01291734, 3.012...  mb-kvrh-01235
1    1.491362  {'lattice_mat': [[2.84732318, 2.84763272, 0.00...  mb-kvrh-10287
2    2.113943  {'lattice_mat': [[4.96667822, -1.56875651, 5.7...  mb-kvrh-10560
3    2.139879  {'lattice_mat': [[-5.61e-06, 3.26009415, 3.260...  mb-kvrh-04319
4    1.518514  {'lattice_mat': [[4.62466899, 0.0, 0.0], [-2.3...  mb-kvrh-10353
..        ...                                                ...            ...
544  1.602060  {'lattice_mat': [[0.0, 3.72152259, 3.72152259]...  mb-kvrh-08794
545  2.130334  {'lattice_mat': [[3.6842474, 0.0, -1.38001836]...  mb-kvrh-00642
546  2.053078  {'lattice_mat': [[5.78725283, 0.0, 0.0], [0.0,...  mb-kvrh-03733
547  1.544068  {'lattice_mat': [[2.99e-06, 4.00549743, 4.0054...  mb-kvrh-04463
548  1.880814  {'lattice_mat': [[0.0, 3.55536379, 3.55536379]...  mb-kvrh-03863

[549 rows x 3 columns]
building line graphs
data range 2.639486489268586 0.0
Converting to graphs!
df        target                                              atoms            jid
0    1.477121  {'lattice_mat': [[6.771248, 0.0, 0.0], [-3.385...  mb-kvrh-07175
1    1.845098  {'lattice_mat': [[0.0, 3.5996172, 3.5996172], ...  mb-kvrh-01968
2    2.292256  {'lattice_mat': [[5.21247777, 0.0, 0.0], [-2.6...  mb-kvrh-02081
3    2.004321  {'lattice_mat': [[-3.18990771, 3.18990771, -2....  mb-kvrh-06068
4    1.414973  {'lattice_mat': [[6.60607977, -0.01861596, 4.2...  mb-kvrh-10520
..        ...                                                ...            ...
544  2.068186  {'lattice_mat': [[3.87883669, -0.00012588, 9.1...  mb-kvrh-01346
545  1.929419  {'lattice_mat': [[4.07153946, 0.0, 0.0], [-2.0...  mb-kvrh-01340
546  2.385606  {'lattice_mat': [[4.80771592, 0.0, 0.0], [-2.4...  mb-kvrh-04602
547  1.342423  {'lattice_mat': [[6.08908327, 0.0, 0.0], [-3.0...  mb-kvrh-02672
548  1.568202  {'lattice_mat': [[0.0, 4.03342112, 4.03342112]...  mb-kvrh-07226

[549 rows x 3 columns]
building line graphs
n_train: 4394
n_val  : 549
n_test : 549
rank 0
world_size 1
config: {'version': '9c9ee23de543322c97e5d622a81e929e4dbfc141', 'dataset': 'user_data', 'target': 'target', 'atom_features': 'cgcnn', 'neighbor_strategy': 'k-nearest', 'id_tag': 'jid', 'dtype': 'float32', 'random_seed': 123, 'classification_threshold': None, 'n_val': None, 'n_test': None, 'n_train': None, 'train_ratio': 0.8, 'val_ratio': 0.1, 'test_ratio': 0.1, 'target_multiplication_factor': None, 'epochs': 120, 'batch_size': 64, 'gpu_memory_fraction': None, 'use_amp': False, 'ddp_find_unused_parameters': False, 'deterministic': False, 'weight_decay': 0.0, 'learning_rate': 0.001, 'filename': 'sample', 'warmup_steps': 2000, 'criterion': 'mse', 'optimizer': 'adamw', 'scheduler': 'onecycle', 'pin_memory': True, 'save_dataloader': False, 'write_checkpoint': True, 'write_predictions': True, 'store_outputs': True, 'progress': True, 'log_tensorboard': False, 'standard_scalar_and_pca': False, 'use_canonize': True, 'compute_line_graph': True, 'num_workers': 2, 'cutoff': 8.0, 'cutoff_extra': 3.0, 'three_body_cutoff': 3.5, 'max_neighbors': 12, 'keep_data_order': False, 'normalize_graph_level_loss': False, 'distributed': True, 'data_parallel': False, 'n_early_stopping': None, 'output_dir': '../results_alignn_log_kvrh_partitions_fastfood/kvrh_half_1/alignn_log_kvrh_fastfood_kvrh_half_1_dim20_seed123_epochs120', 'use_lmdb': False, 'read_existing': False, 'model': {'name': 'alignn_atomwise', 'alignn_layers': 1, 'gcn_layers': 1, 'atom_input_features': 92, 'edge_input_features': 80, 'triplet_input_features': 40, 'embedding_features': 64, 'hidden_features': 64, 'output_features': 1, 'grad_multiplier': -1, 'calculate_gradient': False, 'atomwise_output_features': 0, 'graphwise_weight': 1.0, 'gradwise_weight': 0.0, 'stresswise_weight': 0.0, 'atomwise_weight': 0.0, 'link': 'identity', 'zero_inflated': False, 'classification': False, 'force_mult_natoms': False, 'energy_mult_natoms': True, 'include_pos_deriv': False, 'use_cutoff_function': False, 'inner_cutoff': 3.0, 'stress_multiplier': 1.0, 'add_reverse_forces': True, 'lg_on_fly': True, 'batch_stress': True, 'multiply_cutoff': False, 'use_penalty': True, 'extra_features': 0, 'exponent': 5, 'penalty_factor': 0.1, 'penalty_threshold': 1.0, 'additional_output_features': 0, 'additional_output_weight': 0.0}}
{'atom_features': 'cgcnn',
 'batch_size': 64,
 'classification_threshold': None,
 'compute_line_graph': True,
 'criterion': 'mse',
 'cutoff': 8.0,
 'cutoff_extra': 3.0,
 'data_parallel': False,
 'dataset': 'user_data',
 'ddp_find_unused_parameters': False,
 'deterministic': False,
 'distributed': True,
 'dtype': 'float32',
 'epochs': 120,
 'filename': 'sample',
 'gpu_memory_fraction': None,
 'id_tag': 'jid',
 'keep_data_order': False,
 'learning_rate': 0.001,
 'log_tensorboard': False,
 'max_neighbors': 12,
 'model': {'add_reverse_forces': True,
           'additional_output_features': 0,
           'additional_output_weight': 0.0,
           'alignn_layers': 1,
           'atom_input_features': 92,
           'atomwise_output_features': 0,
           'atomwise_weight': 0.0,
           'batch_stress': True,
           'calculate_gradient': False,
           'classification': False,
           'edge_input_features': 80,
           'embedding_features': 64,
           'energy_mult_natoms': True,
           'exponent': 5,
           'extra_features': 0,
           'force_mult_natoms': False,
           'gcn_layers': 1,
           'grad_multiplier': -1,
           'gradwise_weight': 0.0,
           'graphwise_weight': 1.0,
           'hidden_features': 64,
           'include_pos_deriv': False,
           'inner_cutoff': 3.0,
           'lg_on_fly': True,
           'link': 'identity',
           'multiply_cutoff': False,
           'name': 'alignn_atomwise',
           'output_features': 1,
           'penalty_factor': 0.1,
           'penalty_threshold': 1.0,
           'stress_multiplier': 1.0,
           'stresswise_weight': 0.0,
           'triplet_input_features': 40,
           'use_cutoff_function': False,
           'use_penalty': True,
           'zero_inflated': False},
 'n_early_stopping': None,
 'n_test': None,
 'n_train': None,
 'n_val': None,
 'neighbor_strategy': 'k-nearest',
 'normalize_graph_level_loss': False,
 'num_workers': 2,
 'optimizer': 'adamw',
 'output_dir': '../results_alignn_log_kvrh_partitions_fastfood/kvrh_half_1/alignn_log_kvrh_fastfood_kvrh_half_1_dim20_seed123_epochs120',
 'pin_memory': True,
 'progress': True,
 'random_seed': 123,
 'read_existing': False,
 'save_dataloader': False,
 'scheduler': 'onecycle',
 'standard_scalar_and_pca': False,
 'store_outputs': True,
 'target': 'target',
 'target_multiplication_factor': None,
 'test_ratio': 0.1,
 'three_body_cutoff': 3.5,
 'train_ratio': 0.8,
 'use_amp': False,
 'use_canonize': True,
 'use_lmdb': False,
 'val_ratio': 0.1,
 'version': '9c9ee23de543322c97e5d622a81e929e4dbfc141',
 'warmup_steps': 2000,
 'weight_decay': 0.0,
 'write_checkpoint': True,
 'write_predictions': True}
[Seed] deterministic_mode=False

    _    _     ___ ____ _   _ _   _
   / \  | |   |_ _/ ___| \ | | \ | |
  / _ \ | |    | | |  _|  \| |  \| |
 / ___ \| |___ | | |_| | |\  | |\  |
/_/   \_\_____|___\____|_| \_|_| \_|

Model parameters 103144
CUDA available True
CUDA device count 1
   GPU: NVIDIA A100-SXM4-80GB. Max memory: 79.252 GB. Platform = Linux.
   Pytorch: 2.11.0+cu128. CUDA = 8.0. CUDA Toolkit = 12.8.

Train Loss:  Epoch    Total      Graph      Atom       Grad       Stress     Addn.      Time      
             0        19.9020    19.9020    0.0000     0.0000     0.0000     0.0000     5.00      
Val Loss:    Epoch    Total      Graph      Atom       Grad       Stress     Addn.      Time      
             0        1.3098     1.3098     0.0000     0.0000     0.0000     0.0000     0.38       Saving model
Train Loss:  Epoch    Total      Graph      Atom       Grad       Stress     Addn.      Time      
             1        9.6278     9.6278     0.0000     0.0000     0.0000     0.0000     4.02      
Val Loss:    Epoch    Total      Graph      Atom       Grad       Stress     Addn.      Time      
             1        1.1852     1.1852     0.0000     0.0000     0.0000     0.0000     0.39       Saving model
Train Loss:  Epoch    Total      Graph      Atom       Grad       Stress     Addn.      Time      
             2        8.7939     8.7939     0.0000     0.0000     0.0000     0.0000     4.29      
Val Loss:    Epoch    Total      Graph      Atom       Grad       Stress     Addn.      Time      
             2        1.1583     1.1583     0.0000     0.0000     0.0000     0.0000     0.38       Saving model
Train Loss:  Epoch    Total      Graph      Atom       Grad       Stress     Addn.      Time      
             3        8.5038     8.5038     0.0000     0.0000     0.0000     0.0000     4.02      
Val Loss:    Epoch    Total      Graph      Atom       Grad       Stress     Addn.      Time      
             3        1.1303     1.1303     0.0000     0.0000     0.0000     0.0000     0.38       Saving model
Train Loss:  Epoch    Total      Graph      Atom       Grad       Stress     Addn.      Time      
             4        8.1146     8.1146     0.0000     0.0000     0.0000     0.0000     4.02      
Val Loss:    Epoch    Total      Graph      Atom       Grad       Stress     Addn.      Time      
             4        1.0666     1.0666     0.0000     0.0000     0.0000     0.0000     0.38       Saving model
Train Loss:  Epoch    Total      Graph      Atom       Grad       Stress     Addn.      Time      
             5        8.2651     8.2651     0.0000     0.0000     0.0000     0.0000     4.46      
Val Loss:    Epoch    Total      Graph      Atom       Grad       Stress     Addn.      Time      
             5        1.0852     1.0852     0.0000     0.0000     0.0000     0.0000     0.41       Saving model
Train Loss:  Epoch    Total      Graph      Atom       Grad       Stress     Addn.      Time      
             6        7.9629     7.9629     0.0000     0.0000     0.0000     0.0000     4.96      
Val Loss:    Epoch    Total      Graph      Atom       Grad       Stress     Addn.      Time      
             6        1.0590     1.0590     0.0000     0.0000     0.0000     0.0000     0.38       Saving model
Train Loss:  Epoch    Total      Graph      Atom       Grad       Stress     Addn.      Time      
             7        7.6404     7.6404     0.0000     0.0000     0.0000     0.0000     4.30      
Val Loss:    Epoch    Total      Graph      Atom       Grad       Stress     Addn.      Time      
             7        1.0099     1.0099     0.0000     0.0000     0.0000     0.0000     0.38       Saving model
Train Loss:  Epoch    Total      Graph      Atom       Grad       Stress     Addn.      Time      
             8        7.5686     7.5686     0.0000     0.0000     0.0000     0.0000     4.04      
Val Loss:    Epoch    Total      Graph      Atom       Grad       Stress     Addn.      Time      
             8        1.0964     1.0964     0.0000     0.0000     0.0000     0.0000     0.38       Saving model
Train Loss:  Epoch    Total      Graph      Atom       Grad       Stress     Addn.      Time      
             9        7.4984     7.4984     0.0000     0.0000     0.0000     0.0000     4.02      
Val Loss:    Epoch    Total      Graph      Atom       Grad       Stress     Addn.      Time      
             9        0.9908     0.9908     0.0000     0.0000     0.0000     0.0000     0.38       Saving model
Train Loss:  Epoch    Total      Graph      Atom       Grad       Stress     Addn.      Time      
             10       7.1397     7.1397     0.0000     0.0000     0.0000     0.0000     4.05      
Val Loss:    Epoch    Total      Graph      Atom       Grad       Stress     Addn.      Time      
             10       0.9406     0.9406     0.0000     0.0000     0.0000     0.0000     0.40       Saving model
Train Loss:  Epoch    Total      Graph      Atom       Grad       Stress     Addn.      Time      
             11       7.3320     7.3320     0.0000     0.0000     0.0000     0.0000     4.71      
Val Loss:    Epoch    Total      Graph      Atom       Grad       Stress     Addn.      Time      
             11       0.9939     0.9939     0.0000     0.0000     0.0000     0.0000     0.39       Saving model
Train Loss:  Epoch    Total      Graph      Atom       Grad       Stress     Addn.      Time      
             12       7.2947     7.2947     0.0000     0.0000     0.0000     0.0000     4.79      
Val Loss:    Epoch    Total      Graph      Atom       Grad       Stress     Addn.      Time      
             12       0.9757     0.9757     0.0000     0.0000     0.0000     0.0000     0.65       Saving model
Train Loss:  Epoch    Total      Graph      Atom       Grad       Stress     Addn.      Time      
             13       7.0618     7.0618     0.0000     0.0000     0.0000     0.0000     3.99      
Val Loss:    Epoch    Total      Graph      Atom       Grad       Stress     Addn.      Time      
             13       0.9391     0.9391     0.0000     0.0000     0.0000     0.0000     0.39       Saving model
Train Loss:  Epoch    Total      Graph      Atom       Grad       Stress     Addn.      Time      
             14       7.1237     7.1237     0.0000     0.0000     0.0000     0.0000     4.05      
Val Loss:    Epoch    Total      Graph      Atom       Grad       Stress     Addn.      Time      
             14       0.9451     0.9451     0.0000     0.0000     0.0000     0.0000     0.65       Saving model
Train Loss:  Epoch    Total      Graph      Atom       Grad       Stress     Addn.      Time      
             15       6.8885     6.8885     0.0000     0.0000     0.0000     0.0000     4.04      
Val Loss:    Epoch    Total      Graph      Atom       Grad       Stress     Addn.      Time      
             15       0.9143     0.9143     0.0000     0.0000     0.0000     0.0000     0.39       Saving model
Train Loss:  Epoch    Total      Graph      Atom       Grad       Stress     Addn.      Time      
             16       6.8659     6.8659     0.0000     0.0000     0.0000     0.0000     4.02      
Val Loss:    Epoch    Total      Graph      Atom       Grad       Stress     Addn.      Time      
             16       0.9436     0.9436     0.0000     0.0000     0.0000     0.0000     0.39       Saving model
Train Loss:  Epoch    Total      Graph      Atom       Grad       Stress     Addn.      Time      
             17       6.6765     6.6765     0.0000     0.0000     0.0000     0.0000     4.46      
Val Loss:    Epoch    Total      Graph      Atom       Grad       Stress     Addn.      Time      
             17       0.8997     0.8997     0.0000     0.0000     0.0000     0.0000     0.39       Saving model
Train Loss:  Epoch    Total      Graph      Atom       Grad       Stress     Addn.      Time      
             18       6.8935     6.8935     0.0000     0.0000     0.0000     0.0000     4.14      
Val Loss:    Epoch    Total      Graph      Atom       Grad       Stress     Addn.      Time      
             18       0.8987     0.8987     0.0000     0.0000     0.0000     0.0000     0.80       Saving model
Train Loss:  Epoch    Total      Graph      Atom       Grad       Stress     Addn.      Time      
             19       6.7312     6.7312     0.0000     0.0000     0.0000     0.0000     4.57      
Val Loss:    Epoch    Total      Graph      Atom       Grad       Stress     Addn.      Time      
             19       0.9019     0.9019     0.0000     0.0000     0.0000     0.0000     0.65       Saving model
Train Loss:  Epoch    Total      Graph      Atom       Grad       Stress     Addn.      Time      
             20       6.5411     6.5411     0.0000     0.0000     0.0000     0.0000     4.02      
Val Loss:    Epoch    Total      Graph      Atom       Grad       Stress     Addn.      Time      
             20       0.8881     0.8881     0.0000     0.0000     0.0000     0.0000     0.39       Saving model
Train Loss:  Epoch    Total      Graph      Atom       Grad       Stress     Addn.      Time      
             21       6.5235     6.5235     0.0000     0.0000     0.0000     0.0000     4.04      
Val Loss:    Epoch    Total      Graph      Atom       Grad       Stress     Addn.      Time      
             21       0.9258     0.9258     0.0000     0.0000     0.0000     0.0000     0.39       Saving model
Train Loss:  Epoch    Total      Graph      Atom       Grad       Stress     Addn.      Time      
             22       6.6841     6.6841     0.0000     0.0000     0.0000     0.0000     4.02      
Val Loss:    Epoch    Total      Graph      Atom       Grad       Stress     Addn.      Time      
             22       0.9164     0.9164     0.0000     0.0000     0.0000     0.0000     0.39       Saving model
Train Loss:  Epoch    Total      Graph      Atom       Grad       Stress     Addn.      Time      
             23       6.5627     6.5627     0.0000     0.0000     0.0000     0.0000     4.28      
Val Loss:    Epoch    Total      Graph      Atom       Grad       Stress     Addn.      Time      
             23       0.9280     0.9280     0.0000     0.0000     0.0000     0.0000     0.39       Saving model
Train Loss:  Epoch    Total      Graph      Atom       Grad       Stress     Addn.      Time      
             24       6.4103     6.4103     0.0000     0.0000     0.0000     0.0000     4.51      
Val Loss:    Epoch    Total      Graph      Atom       Grad       Stress     Addn.      Time      
             24       0.8962     0.8962     0.0000     0.0000     0.0000     0.0000     0.39       Saving model
Train Loss:  Epoch    Total      Graph      Atom       Grad       Stress     Addn.      Time      
             25       6.6506     6.6506     0.0000     0.0000     0.0000     0.0000     4.90      
Val Loss:    Epoch    Total      Graph      Atom       Grad       Stress     Addn.      Time      
             25       0.8806     0.8806     0.0000     0.0000     0.0000     0.0000     0.38       Saving model
Train Loss:  Epoch    Total      Graph      Atom       Grad       Stress     Addn.      Time      
             26       6.3238     6.3238     0.0000     0.0000     0.0000     0.0000     4.02      
Val Loss:    Epoch    Total      Graph      Atom       Grad       Stress     Addn.      Time      
             26       0.8513     0.8513     0.0000     0.0000     0.0000     0.0000     0.38       Saving model
Train Loss:  Epoch    Total      Graph      Atom       Grad       Stress     Addn.      Time      
             27       6.1761     6.1761     0.0000     0.0000     0.0000     0.0000     4.39      
Val Loss:    Epoch    Total      Graph      Atom       Grad       Stress     Addn.      Time      
             27       0.8674     0.8674     0.0000     0.0000     0.0000     0.0000     0.39       Saving model
Train Loss:  Epoch    Total      Graph      Atom       Grad       Stress     Addn.      Time      
             28       6.3296     6.3296     0.0000     0.0000     0.0000     0.0000     4.02      
Val Loss:    Epoch    Total      Graph      Atom       Grad       Stress     Addn.      Time      
             28       0.8907     0.8907     0.0000     0.0000     0.0000     0.0000     0.39       Saving model
Train Loss:  Epoch    Total      Graph      Atom       Grad       Stress     Addn.      Time      
             29       6.2184     6.2184     0.0000     0.0000     0.0000     0.0000     4.02      
Val Loss:    Epoch    Total      Graph      Atom       Grad       Stress     Addn.      Time      
             29       0.8934     0.8934     0.0000     0.0000     0.0000     0.0000     0.39       Saving model
Train Loss:  Epoch    Total      Graph      Atom       Grad       Stress     Addn.      Time      
             30       6.3064     6.3064     0.0000     0.0000     0.0000     0.0000     4.50      
Val Loss:    Epoch    Total      Graph      Atom       Grad       Stress     Addn.      Time      
             30       0.9100     0.9100     0.0000     0.0000     0.0000     0.0000     0.39       Saving model
Train Loss:  Epoch    Total      Graph      Atom       Grad       Stress     Addn.      Time      
             31       6.2327     6.2327     0.0000     0.0000     0.0000     0.0000     4.65      
Val Loss:    Epoch    Total      Graph      Atom       Grad       Stress     Addn.      Time      
             31       0.8948     0.8948     0.0000     0.0000     0.0000     0.0000     0.39       Saving model
Train Loss:  Epoch    Total      Graph      Atom       Grad       Stress     Addn.      Time      
             32       6.1750     6.1750     0.0000     0.0000     0.0000     0.0000     4.53      
Val Loss:    Epoch    Total      Graph      Atom       Grad       Stress     Addn.      Time      
             32       0.9121     0.9121     0.0000     0.0000     0.0000     0.0000     0.39       Saving model
Train Loss:  Epoch    Total      Graph      Atom       Grad       Stress     Addn.      Time      
             33       6.1574     6.1574     0.0000     0.0000     0.0000     0.0000     4.04      
Val Loss:    Epoch    Total      Graph      Atom       Grad       Stress     Addn.      Time      
             33       0.9104     0.9104     0.0000     0.0000     0.0000     0.0000     0.39       Saving model
Train Loss:  Epoch    Total      Graph      Atom       Grad       Stress     Addn.      Time      
             34       5.9166     5.9166     0.0000     0.0000     0.0000     0.0000     4.03      
Val Loss:    Epoch    Total      Graph      Atom       Grad       Stress     Addn.      Time      
             34       0.8483     0.8483     0.0000     0.0000     0.0000     0.0000     0.39       Saving model
Train Loss:  Epoch    Total      Graph      Atom       Grad       Stress     Addn.      Time      
             35       5.8113     5.8113     0.0000     0.0000     0.0000     0.0000     3.97      
Val Loss:    Epoch    Total      Graph      Atom       Grad       Stress     Addn.      Time      
             35       0.8232     0.8232     0.0000     0.0000     0.0000     0.0000     0.39       Saving model
Train Loss:  Epoch    Total      Graph      Atom       Grad       Stress     Addn.      Time      
             36       5.8487     5.8487     0.0000     0.0000     0.0000     0.0000     4.31      
Val Loss:    Epoch    Total      Graph      Atom       Grad       Stress     Addn.      Time      
             36       0.8831     0.8831     0.0000     0.0000     0.0000     0.0000     0.72       Saving model
Train Loss:  Epoch    Total      Graph      Atom       Grad       Stress     Addn.      Time      
             37       5.6482     5.6482     0.0000     0.0000     0.0000     0.0000     4.05      
Val Loss:    Epoch    Total      Graph      Atom       Grad       Stress     Addn.      Time      
             37       0.8153     0.8153     0.0000     0.0000     0.0000     0.0000     0.39       Saving model
Train Loss:  Epoch    Total      Graph      Atom       Grad       Stress     Addn.      Time      
             38       5.7440     5.7440     0.0000     0.0000     0.0000     0.0000     4.89      
Val Loss:    Epoch    Total      Graph      Atom       Grad       Stress     Addn.      Time      
             38       1.0298     1.0298     0.0000     0.0000     0.0000     0.0000     0.38       Saving model
Train Loss:  Epoch    Total      Graph      Atom       Grad       Stress     Addn.      Time      
             39       6.0404     6.0404     0.0000     0.0000     0.0000     0.0000     4.04      
Val Loss:    Epoch    Total      Graph      Atom       Grad       Stress     Addn.      Time      
             39       0.8174     0.8174     0.0000     0.0000     0.0000     0.0000     0.39       Saving model
Train Loss:  Epoch    Total      Graph      Atom       Grad       Stress     Addn.      Time      
             40       5.6757     5.6757     0.0000     0.0000     0.0000     0.0000     4.39      
Val Loss:    Epoch    Total      Graph      Atom       Grad       Stress     Addn.      Time      
             40       0.8023     0.8023     0.0000     0.0000     0.0000     0.0000     0.39       Saving model
Train Loss:  Epoch    Total      Graph      Atom       Grad       Stress     Addn.      Time      
             41       5.7340     5.7340     0.0000     0.0000     0.0000     0.0000     4.03      
Val Loss:    Epoch    Total      Graph      Atom       Grad       Stress     Addn.      Time      
             41       0.8334     0.8334     0.0000     0.0000     0.0000     0.0000     0.39       Saving model
Train Loss:  Epoch    Total      Graph      Atom       Grad       Stress     Addn.      Time      
             42       5.5027     5.5027     0.0000     0.0000     0.0000     0.0000     4.02      
Val Loss:    Epoch    Total      Graph      Atom       Grad       Stress     Addn.      Time      
             42       0.8106     0.8106     0.0000     0.0000     0.0000     0.0000     0.38       Saving model
Train Loss:  Epoch    Total      Graph      Atom       Grad       Stress     Addn.      Time      
             43       5.6944     5.6944     0.0000     0.0000     0.0000     0.0000     4.42      
Val Loss:    Epoch    Total      Graph      Atom       Grad       Stress     Addn.      Time      
             43       0.8211     0.8211     0.0000     0.0000     0.0000     0.0000     0.39       Saving model
Train Loss:  Epoch    Total      Graph      Atom       Grad       Stress     Addn.      Time      
             44       5.6200     5.6200     0.0000     0.0000     0.0000     0.0000     5.36      
Val Loss:    Epoch    Total      Graph      Atom       Grad       Stress     Addn.      Time      
             44       0.8743     0.8743     0.0000     0.0000     0.0000     0.0000     0.38       Saving model
Train Loss:  Epoch    Total      Graph      Atom       Grad       Stress     Addn.      Time      
             45       5.6761     5.6761     0.0000     0.0000     0.0000     0.0000     4.01      
Val Loss:    Epoch    Total      Graph      Atom       Grad       Stress     Addn.      Time      
             45       0.9786     0.9786     0.0000     0.0000     0.0000     0.0000     0.39       Saving model
Train Loss:  Epoch    Total      Graph      Atom       Grad       Stress     Addn.      Time      
             46       5.8702     5.8702     0.0000     0.0000     0.0000     0.0000     4.04      
Val Loss:    Epoch    Total      Graph      Atom       Grad       Stress     Addn.      Time      
             46       0.8770     0.8770     0.0000     0.0000     0.0000     0.0000     0.39       Saving model
Train Loss:  Epoch    Total      Graph      Atom       Grad       Stress     Addn.      Time      
             47       5.6873     5.6873     0.0000     0.0000     0.0000     0.0000     4.03      
Val Loss:    Epoch    Total      Graph      Atom       Grad       Stress     Addn.      Time      
             47       0.7799     0.7799     0.0000     0.0000     0.0000     0.0000     0.39       Saving model
Train Loss:  Epoch    Total      Graph      Atom       Grad       Stress     Addn.      Time      
             48       5.3760     5.3760     0.0000     0.0000     0.0000     0.0000     4.35      
Val Loss:    Epoch    Total      Graph      Atom       Grad       Stress     Addn.      Time      
             48       0.9024     0.9024     0.0000     0.0000     0.0000     0.0000     0.39       Saving model
Train Loss:  Epoch    Total      Graph      Atom       Grad       Stress     Addn.      Time      
             49       5.4295     5.4295     0.0000     0.0000     0.0000     0.0000     4.48      
Val Loss:    Epoch    Total      Graph      Atom       Grad       Stress     Addn.      Time      
             49       0.7921     0.7921     0.0000     0.0000     0.0000     0.0000     0.40       Saving model
Train Loss:  Epoch    Total      Graph      Atom       Grad       Stress     Addn.      Time      
             50       5.5606     5.5606     0.0000     0.0000     0.0000     0.0000     4.81      
Val Loss:    Epoch    Total      Graph      Atom       Grad       Stress     Addn.      Time      
             50       0.8724     0.8724     0.0000     0.0000     0.0000     0.0000     0.39       Saving model
Train Loss:  Epoch    Total      Graph      Atom       Grad       Stress     Addn.      Time      
             51       5.4113     5.4113     0.0000     0.0000     0.0000     0.0000     4.18      
Val Loss:    Epoch    Total      Graph      Atom       Grad       Stress     Addn.      Time      
             51       0.7904     0.7904     0.0000     0.0000     0.0000     0.0000     0.39       Saving model
Train Loss:  Epoch    Total      Graph      Atom       Grad       Stress     Addn.      Time      
             52       5.3013     5.3013     0.0000     0.0000     0.0000     0.0000     4.03      
Val Loss:    Epoch    Total      Graph      Atom       Grad       Stress     Addn.      Time      
             52       0.7992     0.7992     0.0000     0.0000     0.0000     0.0000     0.39       Saving model
Train Loss:  Epoch    Total      Graph      Atom       Grad       Stress     Addn.      Time      
             53       5.3332     5.3332     0.0000     0.0000     0.0000     0.0000     4.41      
Val Loss:    Epoch    Total      Graph      Atom       Grad       Stress     Addn.      Time      
             53       0.8023     0.8023     0.0000     0.0000     0.0000     0.0000     0.39       Saving model
Train Loss:  Epoch    Total      Graph      Atom       Grad       Stress     Addn.      Time      
             54       5.8282     5.8282     0.0000     0.0000     0.0000     0.0000     4.05      
Val Loss:    Epoch    Total      Graph      Atom       Grad       Stress     Addn.      Time      
             54       0.8832     0.8832     0.0000     0.0000     0.0000     0.0000     0.39       Saving model
Train Loss:  Epoch    Total      Graph      Atom       Grad       Stress     Addn.      Time      
             55       5.4549     5.4549     0.0000     0.0000     0.0000     0.0000     4.04      
Val Loss:    Epoch    Total      Graph      Atom       Grad       Stress     Addn.      Time      
             55       0.8125     0.8125     0.0000     0.0000     0.0000     0.0000     0.39       Saving model
Train Loss:  Epoch    Total      Graph      Atom       Grad       Stress     Addn.      Time      
             56       5.2689     5.2689     0.0000     0.0000     0.0000     0.0000     4.45      
Val Loss:    Epoch    Total      Graph      Atom       Grad       Stress     Addn.      Time      
             56       0.7838     0.7838     0.0000     0.0000     0.0000     0.0000     0.39       Saving model
Train Loss:  Epoch    Total      Graph      Atom       Grad       Stress     Addn.      Time      
             57       5.4040     5.4040     0.0000     0.0000     0.0000     0.0000     5.23      
Val Loss:    Epoch    Total      Graph      Atom       Grad       Stress     Addn.      Time      
             57       0.8245     0.8245     0.0000     0.0000     0.0000     0.0000     0.39       Saving model
Train Loss:  Epoch    Total      Graph      Atom       Grad       Stress     Addn.      Time      
             58       5.1827     5.1827     0.0000     0.0000     0.0000     0.0000     5.41      
Val Loss:    Epoch    Total      Graph      Atom       Grad       Stress     Addn.      Time      
             58       0.8999     0.8999     0.0000     0.0000     0.0000     0.0000     0.39       Saving model
Train Loss:  Epoch    Total      Graph      Atom       Grad       Stress     Addn.      Time      
             59       5.3142     5.3142     0.0000     0.0000     0.0000     0.0000     4.02      
Val Loss:    Epoch    Total      Graph      Atom       Grad       Stress     Addn.      Time      
             59       0.7729     0.7729     0.0000     0.0000     0.0000     0.0000     0.38       Saving model
Train Loss:  Epoch    Total      Graph      Atom       Grad       Stress     Addn.      Time      
             60       5.2123     5.2123     0.0000     0.0000     0.0000     0.0000     4.04      
Val Loss:    Epoch    Total      Graph      Atom       Grad       Stress     Addn.      Time      
             60       0.8054     0.8054     0.0000     0.0000     0.0000     0.0000     0.38       Saving model
Train Loss:  Epoch    Total      Graph      Atom       Grad       Stress     Addn.      Time      
             61       5.2509     5.2509     0.0000     0.0000     0.0000     0.0000     4.30      
Val Loss:    Epoch    Total      Graph      Atom       Grad       Stress     Addn.      Time      
             61       0.8224     0.8224     0.0000     0.0000     0.0000     0.0000     0.39       Saving model
Train Loss:  Epoch    Total      Graph      Atom       Grad       Stress     Addn.      Time      
             62       5.2730     5.2730     0.0000     0.0000     0.0000     0.0000     4.49      
Val Loss:    Epoch    Total      Graph      Atom       Grad       Stress     Addn.      Time      
             62       0.8229     0.8229     0.0000     0.0000     0.0000     0.0000     0.39       Saving model
Train Loss:  Epoch    Total      Graph      Atom       Grad       Stress     Addn.      Time      
             63       5.1099     5.1099     0.0000     0.0000     0.0000     0.0000     4.87      
Val Loss:    Epoch    Total      Graph      Atom       Grad       Stress     Addn.      Time      
             63       0.7525     0.7525     0.0000     0.0000     0.0000     0.0000     0.38       Saving model
Train Loss:  Epoch    Total      Graph      Atom       Grad       Stress     Addn.      Time      
             64       5.0985     5.0985     0.0000     0.0000     0.0000     0.0000     4.03      
Val Loss:    Epoch    Total      Graph      Atom       Grad       Stress     Addn.      Time      
             64       0.7788     0.7788     0.0000     0.0000     0.0000     0.0000     0.38       Saving model
Train Loss:  Epoch    Total      Graph      Atom       Grad       Stress     Addn.      Time      
             65       5.1293     5.1293     0.0000     0.0000     0.0000     0.0000     4.40      
Val Loss:    Epoch    Total      Graph      Atom       Grad       Stress     Addn.      Time      
             65       0.7643     0.7643     0.0000     0.0000     0.0000     0.0000     0.39       Saving model
Train Loss:  Epoch    Total      Graph      Atom       Grad       Stress     Addn.      Time      
             66       5.2575     5.2575     0.0000     0.0000     0.0000     0.0000     4.02      
Val Loss:    Epoch    Total      Graph      Atom       Grad       Stress     Addn.      Time      
             66       0.7489     0.7489     0.0000     0.0000     0.0000     0.0000     0.39       Saving model
Train Loss:  Epoch    Total      Graph      Atom       Grad       Stress     Addn.      Time      
             67       4.9819     4.9819     0.0000     0.0000     0.0000     0.0000     4.03      
Val Loss:    Epoch    Total      Graph      Atom       Grad       Stress     Addn.      Time      
             67       0.7817     0.7817     0.0000     0.0000     0.0000     0.0000     0.39       Saving model
Train Loss:  Epoch    Total      Graph      Atom       Grad       Stress     Addn.      Time      
             68       4.9607     4.9607     0.0000     0.0000     0.0000     0.0000     4.38      
Val Loss:    Epoch    Total      Graph      Atom       Grad       Stress     Addn.      Time      
             68       0.8370     0.8370     0.0000     0.0000     0.0000     0.0000     0.39       Saving model
Train Loss:  Epoch    Total      Graph      Atom       Grad       Stress     Addn.      Time      
             69       5.0368     5.0368     0.0000     0.0000     0.0000     0.0000     5.21      
Val Loss:    Epoch    Total      Graph      Atom       Grad       Stress     Addn.      Time      
             69       0.7508     0.7508     0.0000     0.0000     0.0000     0.0000     0.38       Saving model
Train Loss:  Epoch    Total      Graph      Atom       Grad       Stress     Addn.      Time      
             70       4.9798     4.9798     0.0000     0.0000     0.0000     0.0000     4.01      
Val Loss:    Epoch    Total      Graph      Atom       Grad       Stress     Addn.      Time      
             70       0.8194     0.8194     0.0000     0.0000     0.0000     0.0000     0.39       Saving model
Train Loss:  Epoch    Total      Graph      Atom       Grad       Stress     Addn.      Time      
             71       5.0986     5.0986     0.0000     0.0000     0.0000     0.0000     4.05      
Val Loss:    Epoch    Total      Graph      Atom       Grad       Stress     Addn.      Time      
             71       0.8226     0.8226     0.0000     0.0000     0.0000     0.0000     0.39       Saving model
Train Loss:  Epoch    Total      Graph      Atom       Grad       Stress     Addn.      Time      
             72       5.0052     5.0052     0.0000     0.0000     0.0000     0.0000     4.04      
Val Loss:    Epoch    Total      Graph      Atom       Grad       Stress     Addn.      Time      
             72       0.8825     0.8825     0.0000     0.0000     0.0000     0.0000     0.39       Saving model
Train Loss:  Epoch    Total      Graph      Atom       Grad       Stress     Addn.      Time      
             73       5.0345     5.0345     0.0000     0.0000     0.0000     0.0000     4.05      
Val Loss:    Epoch    Total      Graph      Atom       Grad       Stress     Addn.      Time      
             73       0.7681     0.7681     0.0000     0.0000     0.0000     0.0000     0.39       Saving model
Train Loss:  Epoch    Total      Graph      Atom       Grad       Stress     Addn.      Time      
             74       4.8889     4.8889     0.0000     0.0000     0.0000     0.0000     4.79      
Val Loss:    Epoch    Total      Graph      Atom       Grad       Stress     Addn.      Time      
             74       0.7667     0.7667     0.0000     0.0000     0.0000     0.0000     0.39       Saving model
Train Loss:  Epoch    Total      Graph      Atom       Grad       Stress     Addn.      Time      
             75       5.1202     5.1202     0.0000     0.0000     0.0000     0.0000     4.07      
Val Loss:    Epoch    Total      Graph      Atom       Grad       Stress     Addn.      Time      
             75       0.8427     0.8427     0.0000     0.0000     0.0000     0.0000     0.80       Saving model
Train Loss:  Epoch    Total      Graph      Atom       Grad       Stress     Addn.      Time      
             76       4.9392     4.9392     0.0000     0.0000     0.0000     0.0000     4.52      
Val Loss:    Epoch    Total      Graph      Atom       Grad       Stress     Addn.      Time      
             76       0.7689     0.7689     0.0000     0.0000     0.0000     0.0000     0.39       Saving model
Train Loss:  Epoch    Total      Graph      Atom       Grad       Stress     Addn.      Time      
             77       4.7765     4.7765     0.0000     0.0000     0.0000     0.0000     4.01      
Val Loss:    Epoch    Total      Graph      Atom       Grad       Stress     Addn.      Time      
             77       0.8086     0.8086     0.0000     0.0000     0.0000     0.0000     0.39       Saving model
Train Loss:  Epoch    Total      Graph      Atom       Grad       Stress     Addn.      Time      
             78       4.7304     4.7304     0.0000     0.0000     0.0000     0.0000     4.28      
Val Loss:    Epoch    Total      Graph      Atom       Grad       Stress     Addn.      Time      
             78       0.7618     0.7618     0.0000     0.0000     0.0000     0.0000     0.39       Saving model
Train Loss:  Epoch    Total      Graph      Atom       Grad       Stress     Addn.      Time      
             79       4.8887     4.8887     0.0000     0.0000     0.0000     0.0000     4.02      
Val Loss:    Epoch    Total      Graph      Atom       Grad       Stress     Addn.      Time      
             79       0.7563     0.7563     0.0000     0.0000     0.0000     0.0000     0.38       Saving model
Train Loss:  Epoch    Total      Graph      Atom       Grad       Stress     Addn.      Time      
             80       5.0060     5.0060     0.0000     0.0000     0.0000     0.0000     4.02      
Val Loss:    Epoch    Total      Graph      Atom       Grad       Stress     Addn.      Time      
             80       0.7851     0.7851     0.0000     0.0000     0.0000     0.0000     0.39       Saving model
Train Loss:  Epoch    Total      Graph      Atom       Grad       Stress     Addn.      Time      
             81       4.8539     4.8539     0.0000     0.0000     0.0000     0.0000     4.47      
Val Loss:    Epoch    Total      Graph      Atom       Grad       Stress     Addn.      Time      
             81       0.8181     0.8181     0.0000     0.0000     0.0000     0.0000     0.39       Saving model
Train Loss:  Epoch    Total      Graph      Atom       Grad       Stress     Addn.      Time      
             82       4.7907     4.7907     0.0000     0.0000     0.0000     0.0000     4.96      
Val Loss:    Epoch    Total      Graph      Atom       Grad       Stress     Addn.      Time      
             82       0.7407     0.7407     0.0000     0.0000     0.0000     0.0000     0.38       Saving model
Train Loss:  Epoch    Total      Graph      Atom       Grad       Stress     Addn.      Time      
             83       4.6918     4.6918     0.0000     0.0000     0.0000     0.0000     4.04      
Val Loss:    Epoch    Total      Graph      Atom       Grad       Stress     Addn.      Time      
             83       0.7960     0.7960     0.0000     0.0000     0.0000     0.0000     0.39       Saving model
Train Loss:  Epoch    Total      Graph      Atom       Grad       Stress     Addn.      Time      
             84       5.0984     5.0984     0.0000     0.0000     0.0000     0.0000     4.04      
Val Loss:    Epoch    Total      Graph      Atom       Grad       Stress     Addn.      Time      
             84       0.7480     0.7480     0.0000     0.0000     0.0000     0.0000     0.39       Saving model
Train Loss:  Epoch    Total      Graph      Atom       Grad       Stress     Addn.      Time      
             85       4.6812     4.6812     0.0000     0.0000     0.0000     0.0000     4.05      
Val Loss:    Epoch    Total      Graph      Atom       Grad       Stress     Addn.      Time      
             85       0.7805     0.7805     0.0000     0.0000     0.0000     0.0000     0.39       Saving model
Train Loss:  Epoch    Total      Graph      Atom       Grad       Stress     Addn.      Time      
             86       4.8370     4.8370     0.0000     0.0000     0.0000     0.0000     4.47      
Val Loss:    Epoch    Total      Graph      Atom       Grad       Stress     Addn.      Time      
             86       0.7381     0.7381     0.0000     0.0000     0.0000     0.0000     0.39       Saving model
Train Loss:  Epoch    Total      Graph      Atom       Grad       Stress     Addn.      Time      
             87       4.8950     4.8950     0.0000     0.0000     0.0000     0.0000     4.44      
Val Loss:    Epoch    Total      Graph      Atom       Grad       Stress     Addn.      Time      
             87       0.7549     0.7549     0.0000     0.0000     0.0000     0.0000     0.39       Saving model
Train Loss:  Epoch    Total      Graph      Atom       Grad       Stress     Addn.      Time      
             88       4.7513     4.7513     0.0000     0.0000     0.0000     0.0000     4.81      
Val Loss:    Epoch    Total      Graph      Atom       Grad       Stress     Addn.      Time      
             88       0.7778     0.7778     0.0000     0.0000     0.0000     0.0000     0.39       Saving model
Train Loss:  Epoch    Total      Graph      Atom       Grad       Stress     Addn.      Time      
             89       4.6466     4.6466     0.0000     0.0000     0.0000     0.0000     4.48      
Val Loss:    Epoch    Total      Graph      Atom       Grad       Stress     Addn.      Time      
             89       0.7760     0.7760     0.0000     0.0000     0.0000     0.0000     0.39       Saving model
Train Loss:  Epoch    Total      Graph      Atom       Grad       Stress     Addn.      Time      
             90       4.8281     4.8281     0.0000     0.0000     0.0000     0.0000     4.03      
Val Loss:    Epoch    Total      Graph      Atom       Grad       Stress     Addn.      Time      
             90       0.7765     0.7765     0.0000     0.0000     0.0000     0.0000     0.39       Saving model
Train Loss:  Epoch    Total      Graph      Atom       Grad       Stress     Addn.      Time      
             91       4.8186     4.8186     0.0000     0.0000     0.0000     0.0000     4.05      
Val Loss:    Epoch    Total      Graph      Atom       Grad       Stress     Addn.      Time      
             91       0.7819     0.7819     0.0000     0.0000     0.0000     0.0000     0.39       Saving model
Train Loss:  Epoch    Total      Graph      Atom       Grad       Stress     Addn.      Time      
             92       4.7190     4.7190     0.0000     0.0000     0.0000     0.0000     4.04      
Val Loss:    Epoch    Total      Graph      Atom       Grad       Stress     Addn.      Time      
             92       0.7512     0.7512     0.0000     0.0000     0.0000     0.0000     0.39       Saving model
Train Loss:  Epoch    Total      Graph      Atom       Grad       Stress     Addn.      Time      
             93       4.5546     4.5546     0.0000     0.0000     0.0000     0.0000     4.70      
Val Loss:    Epoch    Total      Graph      Atom       Grad       Stress     Addn.      Time      
             93       0.7392     0.7392     0.0000     0.0000     0.0000     0.0000     0.39       Saving model
Train Loss:  Epoch    Total      Graph      Atom       Grad       Stress     Addn.      Time      
             94       4.5501     4.5501     0.0000     0.0000     0.0000     0.0000     4.07      
Val Loss:    Epoch    Total      Graph      Atom       Grad       Stress     Addn.      Time      
             94       0.7904     0.7904     0.0000     0.0000     0.0000     0.0000     0.39       Saving model
Train Loss:  Epoch    Total      Graph      Atom       Grad       Stress     Addn.      Time      
             95       4.5610     4.5610     0.0000     0.0000     0.0000     0.0000     5.08      
Val Loss:    Epoch    Total      Graph      Atom       Grad       Stress     Addn.      Time      
             95       0.7317     0.7317     0.0000     0.0000     0.0000     0.0000     0.39       Saving model
Train Loss:  Epoch    Total      Graph      Atom       Grad       Stress     Addn.      Time      
             96       4.4449     4.4449     0.0000     0.0000     0.0000     0.0000     4.06      
Val Loss:    Epoch    Total      Graph      Atom       Grad       Stress     Addn.      Time      
             96       0.7390     0.7390     0.0000     0.0000     0.0000     0.0000     0.39       Saving model
Train Loss:  Epoch    Total      Graph      Atom       Grad       Stress     Addn.      Time      
             97       4.4727     4.4727     0.0000     0.0000     0.0000     0.0000     4.31      
Val Loss:    Epoch    Total      Graph      Atom       Grad       Stress     Addn.      Time      
             97       0.7261     0.7261     0.0000     0.0000     0.0000     0.0000     0.39       Saving model
Train Loss:  Epoch    Total      Graph      Atom       Grad       Stress     Addn.      Time      
             98       4.5071     4.5071     0.0000     0.0000     0.0000     0.0000     4.06      
Val Loss:    Epoch    Total      Graph      Atom       Grad       Stress     Addn.      Time      
             98       0.8045     0.8045     0.0000     0.0000     0.0000     0.0000     0.38       Saving model
Train Loss:  Epoch    Total      Graph      Atom       Grad       Stress     Addn.      Time      
             99       4.5087     4.5087     0.0000     0.0000     0.0000     0.0000     4.02      
Val Loss:    Epoch    Total      Graph      Atom       Grad       Stress     Addn.      Time      
             99       0.7529     0.7529     0.0000     0.0000     0.0000     0.0000     0.39       Saving model
Train Loss:  Epoch    Total      Graph      Atom       Grad       Stress     Addn.      Time      
             100      4.5922     4.5922     0.0000     0.0000     0.0000     0.0000     4.45      
Val Loss:    Epoch    Total      Graph      Atom       Grad       Stress     Addn.      Time      
             100      0.7821     0.7821     0.0000     0.0000     0.0000     0.0000     0.39       Saving model
Train Loss:  Epoch    Total      Graph      Atom       Grad       Stress     Addn.      Time      
             101      4.8934     4.8934     0.0000     0.0000     0.0000     0.0000     5.31      
Val Loss:    Epoch    Total      Graph      Atom       Grad       Stress     Addn.      Time      
             101      0.8014     0.8014     0.0000     0.0000     0.0000     0.0000     0.37       Saving model
Train Loss:  Epoch    Total      Graph      Atom       Grad       Stress     Addn.      Time      
             102      4.9013     4.9013     0.0000     0.0000     0.0000     0.0000     4.03      
Val Loss:    Epoch    Total      Graph      Atom       Grad       Stress     Addn.      Time      
             102      0.7774     0.7774     0.0000     0.0000     0.0000     0.0000     0.39       Saving model
Train Loss:  Epoch    Total      Graph      Atom       Grad       Stress     Addn.      Time      
             103      4.5905     4.5905     0.0000     0.0000     0.0000     0.0000     4.03      
Val Loss:    Epoch    Total      Graph      Atom       Grad       Stress     Addn.      Time      
             103      0.7675     0.7675     0.0000     0.0000     0.0000     0.0000     0.39       Saving model
Train Loss:  Epoch    Total      Graph      Atom       Grad       Stress     Addn.      Time      
             104      4.5870     4.5870     0.0000     0.0000     0.0000     0.0000     4.03      
Val Loss:    Epoch    Total      Graph      Atom       Grad       Stress     Addn.      Time      
             104      0.7593     0.7593     0.0000     0.0000     0.0000     0.0000     0.39       Saving model
Train Loss:  Epoch    Total      Graph      Atom       Grad       Stress     Addn.      Time      
             105      4.5485     4.5485     0.0000     0.0000     0.0000     0.0000     4.41      
Val Loss:    Epoch    Total      Graph      Atom       Grad       Stress     Addn.      Time      
             105      0.7667     0.7667     0.0000     0.0000     0.0000     0.0000     0.39       Saving model
Train Loss:  Epoch    Total      Graph      Atom       Grad       Stress     Addn.      Time      
             106      4.4065     4.4065     0.0000     0.0000     0.0000     0.0000     4.51      
Val Loss:    Epoch    Total      Graph      Atom       Grad       Stress     Addn.      Time      
             106      0.7832     0.7832     0.0000     0.0000     0.0000     0.0000     0.39       Saving model
Train Loss:  Epoch    Total      Graph      Atom       Grad       Stress     Addn.      Time      
             107      4.6133     4.6133     0.0000     0.0000     0.0000     0.0000     4.81      
Val Loss:    Epoch    Total      Graph      Atom       Grad       Stress     Addn.      Time      
             107      0.7953     0.7953     0.0000     0.0000     0.0000     0.0000     0.39       Saving model
Train Loss:  Epoch    Total      Graph      Atom       Grad       Stress     Addn.      Time      
             108      4.6345     4.6345     0.0000     0.0000     0.0000     0.0000     4.39      
Val Loss:    Epoch    Total      Graph      Atom       Grad       Stress     Addn.      Time      
             108      0.7592     0.7592     0.0000     0.0000     0.0000     0.0000     0.39       Saving model
Train Loss:  Epoch    Total      Graph      Atom       Grad       Stress     Addn.      Time      
             109      4.4811     4.4811     0.0000     0.0000     0.0000     0.0000     4.06      
Val Loss:    Epoch    Total      Graph      Atom       Grad       Stress     Addn.      Time      
             109      0.7751     0.7751     0.0000     0.0000     0.0000     0.0000     0.39       Saving model
Train Loss:  Epoch    Total      Graph      Atom       Grad       Stress     Addn.      Time      
             110      4.5291     4.5291     0.0000     0.0000     0.0000     0.0000     4.04      
Val Loss:    Epoch    Total      Graph      Atom       Grad       Stress     Addn.      Time      
             110      0.7370     0.7370     0.0000     0.0000     0.0000     0.0000     0.38       Saving model
Train Loss:  Epoch    Total      Graph      Atom       Grad       Stress     Addn.      Time      
             111      4.5005     4.5005     0.0000     0.0000     0.0000     0.0000     4.04      
Val Loss:    Epoch    Total      Graph      Atom       Grad       Stress     Addn.      Time      
             111      0.7792     0.7792     0.0000     0.0000     0.0000     0.0000     0.39       Saving model
Train Loss:  Epoch    Total      Graph      Atom       Grad       Stress     Addn.      Time      
             112      4.3549     4.3549     0.0000     0.0000     0.0000     0.0000     4.81      
Val Loss:    Epoch    Total      Graph      Atom       Grad       Stress     Addn.      Time      
             112      0.7702     0.7702     0.0000     0.0000     0.0000     0.0000     0.39       Saving model
Train Loss:  Epoch    Total      Graph      Atom       Grad       Stress     Addn.      Time      
             113      4.3019     4.3019     0.0000     0.0000     0.0000     0.0000     4.07      
Val Loss:    Epoch    Total      Graph      Atom       Grad       Stress     Addn.      Time      
             113      0.7509     0.7509     0.0000     0.0000     0.0000     0.0000     0.39       Saving model
Train Loss:  Epoch    Total      Graph      Atom       Grad       Stress     Addn.      Time      
             114      4.3653     4.3653     0.0000     0.0000     0.0000     0.0000     4.89      
Val Loss:    Epoch    Total      Graph      Atom       Grad       Stress     Addn.      Time      
             114      0.7999     0.7999     0.0000     0.0000     0.0000     0.0000     0.39       Saving model
Train Loss:  Epoch    Total      Graph      Atom       Grad       Stress     Addn.      Time      
             115      4.2797     4.2797     0.0000     0.0000     0.0000     0.0000     4.03      
Val Loss:    Epoch    Total      Graph      Atom       Grad       Stress     Addn.      Time      
             115      0.7484     0.7484     0.0000     0.0000     0.0000     0.0000     0.39       Saving model
Train Loss:  Epoch    Total      Graph      Atom       Grad       Stress     Addn.      Time      
             116      4.3377     4.3377     0.0000     0.0000     0.0000     0.0000     4.02      
Val Loss:    Epoch    Total      Graph      Atom       Grad       Stress     Addn.      Time      
             116      0.7914     0.7914     0.0000     0.0000     0.0000     0.0000     0.39       Saving model
Train Loss:  Epoch    Total      Graph      Atom       Grad       Stress     Addn.      Time      
             117      4.3090     4.3090     0.0000     0.0000     0.0000     0.0000     4.60      
Val Loss:    Epoch    Total      Graph      Atom       Grad       Stress     Addn.      Time      
             117      0.7456     0.7456     0.0000     0.0000     0.0000     0.0000     0.39       Saving model
Train Loss:  Epoch    Total      Graph      Atom       Grad       Stress     Addn.      Time      
             118      4.6311     4.6311     0.0000     0.0000     0.0000     0.0000     4.03      
Val Loss:    Epoch    Total      Graph      Atom       Grad       Stress     Addn.      Time      
             118      0.7311     0.7311     0.0000     0.0000     0.0000     0.0000     0.39       Saving model
Train Loss:  Epoch    Total      Graph      Atom       Grad       Stress     Addn.      Time      
             119      4.3154     4.3154     0.0000     0.0000     0.0000     0.0000     4.41      
Val Loss:    Epoch    Total      Graph      Atom       Grad       Stress     Addn.      Time      
             119      0.7792     0.7792     0.0000     0.0000     0.0000     0.0000     0.39       Saving model
Test MAE: 0.09272330869091013
Time taken (s) 580.5982463359833
Error: The source file 'prediction_results_test_set.csv' was not found.
Error: The source file 'history_val_mae.json' was not found.

  0%|          | 0/4394 [00:00<?, ?it/s]
  0%|          | 10/4394 [00:00<00:46, 94.39it/s]
  1%|          | 23/4394 [00:00<00:39, 111.49it/s]
  1%|          | 35/4394 [00:00<00:39, 111.06it/s]
  1%|          | 47/4394 [00:00<00:38, 113.66it/s]
  1%|▏         | 59/4394 [00:00<00:56, 76.59it/s] 
  2%|▏         | 72/4394 [00:00<00:49, 87.87it/s]
  2%|▏         | 86/4394 [00:00<00:42, 100.60it/s]
  2%|▏         | 99/4394 [00:00<00:39, 108.00it/s]
  3%|▎         | 114/4394 [00:01<00:35, 119.51it/s]
  3%|▎         | 127/4394 [00:01<00:35, 120.83it/s]
  3%|▎         | 142/4394 [00:01<00:33, 126.81it/s]
  4%|▎         | 156/4394 [00:01<00:32, 128.46it/s]
  4%|▍         | 170/4394 [00:01<00:32, 130.63it/s]
  4%|▍         | 184/4394 [00:01<00:33, 125.18it/s]
  5%|▍         | 198/4394 [00:01<00:32, 127.74it/s]
  5%|▍         | 211/4394 [00:01<00:36, 113.43it/s]
  5%|▌         | 223/4394 [00:01<00:38, 109.56it/s]
  5%|▌         | 235/4394 [00:02<00:37, 110.73it/s]
  6%|▌         | 248/4394 [00:02<00:36, 114.83it/s]
  6%|▌         | 260/4394 [00:02<00:35, 115.61it/s]
  6%|▌         | 272/4394 [00:02<00:36, 112.62it/s]
  6%|▋         | 285/4394 [00:02<00:35, 117.08it/s]
  7%|▋         | 299/4394 [00:02<00:33, 121.80it/s]
  7%|▋         | 312/4394 [00:02<00:34, 119.67it/s]
  7%|▋         | 326/4394 [00:02<00:32, 125.13it/s]
  8%|▊         | 342/4394 [00:02<00:30, 132.54it/s]
  8%|▊         | 356/4394 [00:03<00:30, 132.92it/s]
  8%|▊         | 370/4394 [00:03<00:31, 125.90it/s]
  9%|▊         | 384/4394 [00:03<00:31, 128.93it/s]
  9%|▉         | 397/4394 [00:03<00:33, 118.92it/s]
  9%|▉         | 412/4394 [00:03<00:31, 125.77it/s]
 10%|▉         | 426/4394 [00:03<00:30, 129.51it/s]
 10%|█         | 440/4394 [00:03<00:33, 118.29it/s]
 10%|█         | 454/4394 [00:03<00:32, 123.12it/s]
 11%|█         | 468/4394 [00:03<00:30, 126.98it/s]
 11%|█         | 483/4394 [00:04<00:29, 133.25it/s]
 11%|█▏        | 497/4394 [00:04<00:31, 123.73it/s]
 12%|█▏        | 510/4394 [00:04<00:31, 121.53it/s]
 12%|█▏        | 525/4394 [00:04<00:30, 128.02it/s]
 12%|█▏        | 538/4394 [00:04<00:33, 116.45it/s]
 13%|█▎        | 551/4394 [00:04<00:32, 117.90it/s]
 13%|█▎        | 566/4394 [00:04<00:30, 126.40it/s]
 13%|█▎        | 582/4394 [00:04<00:28, 133.20it/s]
 14%|█▎        | 596/4394 [00:04<00:30, 123.00it/s]
 14%|█▍        | 609/4394 [00:05<00:30, 123.55it/s]
 14%|█▍        | 624/4394 [00:05<00:28, 130.02it/s]
 15%|█▍        | 638/4394 [00:05<00:29, 129.25it/s]
 15%|█▍        | 652/4394 [00:05<00:29, 128.31it/s]
 15%|█▌        | 665/4394 [00:05<00:41, 89.55it/s] 
 15%|█▌        | 679/4394 [00:05<00:37, 98.76it/s]
 16%|█▌        | 691/4394 [00:05<00:37, 98.71it/s]
 16%|█▌        | 702/4394 [00:06<00:37, 97.83it/s]
 16%|█▌        | 714/4394 [00:06<00:36, 101.94it/s]
 16%|█▋        | 725/4394 [00:06<00:37, 97.74it/s] 
 17%|█▋        | 738/4394 [00:06<00:34, 105.85it/s]
 17%|█▋        | 752/4394 [00:06<00:32, 113.17it/s]
 17%|█▋        | 764/4394 [00:06<00:33, 108.95it/s]
 18%|█▊        | 776/4394 [00:06<00:34, 104.07it/s]
 18%|█▊        | 787/4394 [00:06<00:35, 102.49it/s]
 18%|█▊        | 799/4394 [00:06<00:33, 105.93it/s]
 18%|█▊        | 811/4394 [00:07<00:33, 107.94it/s]
 19%|█▉        | 825/4394 [00:07<00:30, 115.14it/s]
 19%|█▉        | 839/4394 [00:07<00:29, 120.74it/s]
 19%|█▉        | 852/4394 [00:07<00:28, 122.48it/s]
 20%|█▉        | 865/4394 [00:07<00:28, 124.24it/s]
 20%|██        | 879/4394 [00:07<00:27, 127.42it/s]
 20%|██        | 892/4394 [00:07<00:32, 108.58it/s]
 21%|██        | 907/4394 [00:07<00:29, 117.90it/s]
 21%|██        | 920/4394 [00:07<00:30, 112.22it/s]
 21%|██▏       | 935/4394 [00:08<00:28, 119.64it/s]
 22%|██▏       | 948/4394 [00:08<00:28, 121.95it/s]
 22%|██▏       | 961/4394 [00:08<00:28, 119.83it/s]
 22%|██▏       | 975/4394 [00:08<00:27, 123.02it/s]
 23%|██▎       | 989/4394 [00:08<00:26, 126.42it/s]
 23%|██▎       | 1002/4394 [00:08<00:27, 122.33it/s]
 23%|██▎       | 1015/4394 [00:08<00:27, 121.07it/s]
 23%|██▎       | 1030/4394 [00:08<00:26, 128.61it/s]
 24%|██▍       | 1044/4394 [00:08<00:25, 130.27it/s]
 24%|██▍       | 1058/4394 [00:09<00:25, 128.88it/s]
 24%|██▍       | 1071/4394 [00:09<00:27, 121.10it/s]
 25%|██▍       | 1085/4394 [00:09<00:26, 126.19it/s]
 25%|██▍       | 1098/4394 [00:09<00:26, 122.20it/s]
 25%|██▌       | 1111/4394 [00:09<00:40, 81.37it/s] 
 26%|██▌       | 1126/4394 [00:09<00:34, 94.72it/s]
 26%|██▌       | 1141/4394 [00:09<00:30, 106.74it/s]
 26%|██▋       | 1155/4394 [00:09<00:28, 113.49it/s]
 27%|██▋       | 1168/4394 [00:10<00:28, 112.64it/s]
 27%|██▋       | 1182/4394 [00:10<00:27, 118.95it/s]
 27%|██▋       | 1195/4394 [00:10<00:26, 119.89it/s]
 27%|██▋       | 1208/4394 [00:10<00:28, 111.51it/s]
 28%|██▊       | 1220/4394 [00:10<00:28, 112.44it/s]
 28%|██▊       | 1235/4394 [00:10<00:26, 119.61it/s]
 28%|██▊       | 1249/4394 [00:10<00:25, 125.05it/s]
 29%|██▊       | 1262/4394 [00:10<00:25, 121.12it/s]
 29%|██▉       | 1275/4394 [00:10<00:25, 122.82it/s]
 29%|██▉       | 1288/4394 [00:11<00:25, 121.89it/s]
 30%|██▉       | 1302/4394 [00:11<00:24, 125.89it/s]
 30%|██▉       | 1316/4394 [00:11<00:24, 127.24it/s]
 30%|███       | 1329/4394 [00:11<00:24, 124.96it/s]
 31%|███       | 1342/4394 [00:11<00:24, 125.84it/s]
 31%|███       | 1355/4394 [00:11<00:26, 114.49it/s]
 31%|███       | 1368/4394 [00:11<00:25, 118.08it/s]
 31%|███▏      | 1381/4394 [00:11<00:25, 120.28it/s]
 32%|███▏      | 1396/4394 [00:11<00:23, 125.93it/s]
 32%|███▏      | 1409/4394 [00:12<00:23, 125.48it/s]
 32%|███▏      | 1423/4394 [00:12<00:23, 128.05it/s]
 33%|███▎      | 1436/4394 [00:12<00:26, 110.67it/s]
 33%|███▎      | 1448/4394 [00:12<00:26, 112.39it/s]
 33%|███▎      | 1460/4394 [00:12<00:25, 113.15it/s]
 34%|███▎      | 1474/4394 [00:12<00:24, 118.29it/s]
 34%|███▍      | 1488/4394 [00:12<00:23, 122.07it/s]
 34%|███▍      | 1502/4394 [00:12<00:23, 125.23it/s]
 34%|███▍      | 1515/4394 [00:12<00:22, 126.14it/s]
 35%|███▍      | 1528/4394 [00:13<00:23, 124.54it/s]
 35%|███▌      | 1541/4394 [00:13<00:23, 123.33it/s]
 35%|███▌      | 1554/4394 [00:13<00:23, 121.53it/s]
 36%|███▌      | 1568/4394 [00:13<00:22, 125.11it/s]
 36%|███▌      | 1581/4394 [00:13<00:22, 122.54it/s]
 36%|███▋      | 1594/4394 [00:13<00:22, 124.21it/s]
 37%|███▋      | 1607/4394 [00:13<00:23, 118.68it/s]
 37%|███▋      | 1620/4394 [00:13<00:23, 120.27it/s]
 37%|███▋      | 1633/4394 [00:14<00:35, 76.80it/s] 
 37%|███▋      | 1646/4394 [00:14<00:31, 86.60it/s]
 38%|███▊      | 1661/4394 [00:14<00:27, 99.75it/s]
 38%|███▊      | 1673/4394 [00:14<00:26, 103.08it/s]
 38%|███▊      | 1690/4394 [00:14<00:22, 118.91it/s]
 39%|███▉      | 1704/4394 [00:14<00:22, 120.77it/s]
 39%|███▉      | 1717/4394 [00:14<00:22, 121.15it/s]
 39%|███▉      | 1730/4394 [00:14<00:23, 111.86it/s]
 40%|███▉      | 1743/4394 [00:14<00:22, 116.35it/s]
 40%|███▉      | 1756/4394 [00:15<00:22, 118.88it/s]
 40%|████      | 1769/4394 [00:15<00:22, 116.64it/s]
 41%|████      | 1781/4394 [00:15<00:22, 116.89it/s]
 41%|████      | 1793/4394 [00:15<00:22, 116.67it/s]
 41%|████      | 1805/4394 [00:15<00:24, 107.86it/s]
 41%|████▏     | 1819/4394 [00:15<00:22, 114.87it/s]
 42%|████▏     | 1835/4394 [00:15<00:20, 125.57it/s]
 42%|████▏     | 1848/4394 [00:15<00:20, 122.22it/s]
 42%|████▏     | 1861/4394 [00:15<00:21, 120.43it/s]
 43%|████▎     | 1874/4394 [00:16<00:20, 121.74it/s]
 43%|████▎     | 1887/4394 [00:16<00:24, 101.82it/s]
 43%|████▎     | 1901/4394 [00:16<00:22, 110.40it/s]
 44%|████▎     | 1914/4394 [00:16<00:21, 112.77it/s]
 44%|████▍     | 1927/4394 [00:16<00:21, 115.31it/s]
 44%|████▍     | 1940/4394 [00:16<00:20, 118.96it/s]
 44%|████▍     | 1953/4394 [00:16<00:21, 114.22it/s]
 45%|████▍     | 1965/4394 [00:16<00:21, 115.65it/s]
 45%|████▍     | 1977/4394 [00:17<00:20, 115.47it/s]
 45%|████▌     | 1989/4394 [00:17<00:21, 114.15it/s]
 46%|████▌     | 2002/4394 [00:17<00:20, 118.52it/s]
 46%|████▌     | 2014/4394 [00:17<00:20, 115.82it/s]
 46%|████▌     | 2029/4394 [00:17<00:18, 125.17it/s]
 46%|████▋     | 2042/4394 [00:17<00:21, 109.75it/s]
 47%|████▋     | 2054/4394 [00:17<00:27, 84.62it/s] 
 47%|████▋     | 2065/4394 [00:17<00:26, 88.85it/s]
 47%|████▋     | 2080/4394 [00:18<00:22, 102.62it/s]
 48%|████▊     | 2094/4394 [00:18<00:20, 110.95it/s]
 48%|████▊     | 2106/4394 [00:18<00:20, 110.76it/s]
 48%|████▊     | 2118/4394 [00:18<00:29, 77.58it/s] 
 49%|████▊     | 2133/4394 [00:18<00:25, 90.05it/s]
 49%|████▉     | 2144/4394 [00:18<00:24, 92.64it/s]
 49%|████▉     | 2156/4394 [00:18<00:22, 98.97it/s]
 49%|████▉     | 2169/4394 [00:18<00:20, 106.14it/s]
 50%|████▉     | 2182/4394 [00:19<00:19, 111.72it/s]
 50%|████▉     | 2195/4394 [00:19<00:19, 115.08it/s]
 50%|█████     | 2208/4394 [00:19<00:18, 117.83it/s]
 51%|█████     | 2223/4394 [00:19<00:17, 124.50it/s]
 51%|█████     | 2237/4394 [00:19<00:16, 128.28it/s]
 51%|█████     | 2251/4394 [00:19<00:16, 129.83it/s]
 52%|█████▏    | 2265/4394 [00:19<00:16, 130.83it/s]
 52%|█████▏    | 2279/4394 [00:19<00:16, 129.35it/s]
 52%|█████▏    | 2294/4394 [00:19<00:16, 130.89it/s]
 53%|█████▎    | 2308/4394 [00:19<00:16, 129.11it/s]
 53%|█████▎    | 2321/4394 [00:20<00:16, 124.50it/s]
 53%|█████▎    | 2334/4394 [00:20<00:16, 125.16it/s]
 53%|█████▎    | 2347/4394 [00:20<00:16, 120.86it/s]
 54%|█████▎    | 2360/4394 [00:20<00:17, 119.36it/s]
 54%|█████▍    | 2373/4394 [00:20<00:16, 120.25it/s]
 54%|█████▍    | 2387/4394 [00:20<00:16, 123.45it/s]
 55%|█████▍    | 2400/4394 [00:20<00:17, 114.82it/s]
 55%|█████▍    | 2416/4394 [00:20<00:15, 124.59it/s]
 55%|█████▌    | 2429/4394 [00:20<00:15, 126.00it/s]
 56%|█████▌    | 2442/4394 [00:21<00:15, 123.17it/s]
 56%|█████▌    | 2456/4394 [00:21<00:15, 127.55it/s]
 56%|█████▌    | 2469/4394 [00:21<00:15, 121.42it/s]
 57%|█████▋    | 2483/4394 [00:21<00:15, 124.69it/s]
 57%|█████▋    | 2497/4394 [00:21<00:15, 126.23it/s]
 57%|█████▋    | 2511/4394 [00:21<00:14, 128.15it/s]
 57%|█████▋    | 2524/4394 [00:21<00:15, 120.24it/s]
 58%|█████▊    | 2537/4394 [00:21<00:17, 108.50it/s]
 58%|█████▊    | 2549/4394 [00:22<00:16, 109.16it/s]
 58%|█████▊    | 2561/4394 [00:22<00:16, 111.40it/s]
 59%|█████▊    | 2574/4394 [00:22<00:15, 116.41it/s]
 59%|█████▉    | 2587/4394 [00:22<00:15, 119.05it/s]
 59%|█████▉    | 2600/4394 [00:22<00:14, 119.72it/s]
 59%|█████▉    | 2613/4394 [00:22<00:15, 117.39it/s]
 60%|█████▉    | 2625/4394 [00:22<00:15, 114.73it/s]
 60%|██████    | 2639/4394 [00:22<00:14, 119.60it/s]
 60%|██████    | 2654/4394 [00:22<00:13, 126.94it/s]
 61%|██████    | 2667/4394 [00:23<00:14, 115.87it/s]
 61%|██████    | 2680/4394 [00:23<00:14, 117.70it/s]
 61%|██████▏   | 2692/4394 [00:23<00:15, 113.29it/s]
 62%|██████▏   | 2705/4394 [00:23<00:14, 115.42it/s]
 62%|██████▏   | 2719/4394 [00:23<00:15, 107.99it/s]
 62%|██████▏   | 2730/4394 [00:23<00:15, 108.30it/s]
 62%|██████▏   | 2743/4394 [00:23<00:21, 75.59it/s] 
 63%|██████▎   | 2756/4394 [00:23<00:18, 86.59it/s]
 63%|██████▎   | 2769/4394 [00:24<00:16, 95.80it/s]
 63%|██████▎   | 2780/4394 [00:24<00:16, 96.82it/s]
 64%|██████▎   | 2791/4394 [00:24<00:16, 95.79it/s]
 64%|██████▍   | 2804/4394 [00:24<00:15, 103.70it/s]
 64%|██████▍   | 2819/4394 [00:24<00:13, 115.74it/s]
 64%|██████▍   | 2834/4394 [00:24<00:12, 120.42it/s]
 65%|██████▍   | 2848/4394 [00:24<00:12, 124.09it/s]
 65%|██████▌   | 2861/4394 [00:24<00:12, 117.95it/s]
 65%|██████▌   | 2874/4394 [00:24<00:12, 117.47it/s]
 66%|██████▌   | 2886/4394 [00:25<00:12, 117.55it/s]
 66%|██████▌   | 2900/4394 [00:25<00:12, 121.00it/s]
 66%|██████▋   | 2913/4394 [00:25<00:12, 122.17it/s]
 67%|██████▋   | 2927/4394 [00:25<00:11, 126.36it/s]
 67%|██████▋   | 2940/4394 [00:25<00:12, 120.77it/s]
 67%|██████▋   | 2953/4394 [00:25<00:12, 117.71it/s]
 68%|██████▊   | 2967/4394 [00:25<00:11, 121.75it/s]
 68%|██████▊   | 2980/4394 [00:25<00:12, 115.42it/s]
 68%|██████▊   | 2992/4394 [00:25<00:12, 112.14it/s]
 68%|██████▊   | 3004/4394 [00:26<00:13, 105.67it/s]
 69%|██████▊   | 3016/4394 [00:26<00:12, 108.02it/s]
 69%|██████▉   | 3029/4394 [00:26<00:12, 111.85it/s]
 69%|██████▉   | 3043/4394 [00:26<00:11, 119.19it/s]
 70%|██████▉   | 3058/4394 [00:26<00:10, 125.42it/s]
 70%|██████▉   | 3073/4394 [00:26<00:10, 131.12it/s]
 70%|███████   | 3087/4394 [00:26<00:10, 126.62it/s]
 71%|███████   | 3100/4394 [00:26<00:10, 121.66it/s]
 71%|███████   | 3113/4394 [00:26<00:10, 123.83it/s]
 71%|███████   | 3126/4394 [00:27<00:10, 120.51it/s]
 71%|███████▏  | 3140/4394 [00:27<00:10, 125.30it/s]
 72%|███████▏  | 3153/4394 [00:27<00:09, 124.81it/s]
 72%|███████▏  | 3166/4394 [00:27<00:09, 125.27it/s]
 72%|███████▏  | 3179/4394 [00:27<00:10, 113.13it/s]
 73%|███████▎  | 3194/4394 [00:27<00:09, 121.96it/s]
 73%|███████▎  | 3207/4394 [00:27<00:09, 123.56it/s]
 73%|███████▎  | 3221/4394 [00:27<00:09, 126.48it/s]
 74%|███████▎  | 3235/4394 [00:27<00:09, 127.37it/s]
 74%|███████▍  | 3248/4394 [00:28<00:09, 126.15it/s]
 74%|███████▍  | 3261/4394 [00:28<00:09, 116.60it/s]
 74%|███████▍  | 3273/4394 [00:28<00:09, 115.46it/s]
 75%|███████▍  | 3287/4394 [00:28<00:09, 121.18it/s]
 75%|███████▌  | 3300/4394 [00:28<00:09, 116.23it/s]
 75%|███████▌  | 3312/4394 [00:28<00:09, 117.25it/s]
 76%|███████▌  | 3325/4394 [00:28<00:09, 117.33it/s]
 76%|███████▌  | 3337/4394 [00:28<00:09, 115.59it/s]
 76%|███████▌  | 3350/4394 [00:28<00:08, 119.34it/s]
 77%|███████▋  | 3365/4394 [00:29<00:08, 125.32it/s]
 77%|███████▋  | 3378/4394 [00:29<00:08, 123.95it/s]
 77%|███████▋  | 3391/4394 [00:29<00:08, 119.04it/s]
 77%|███████▋  | 3403/4394 [00:29<00:08, 119.22it/s]
 78%|███████▊  | 3418/4394 [00:29<00:07, 126.11it/s]
 78%|███████▊  | 3431/4394 [00:29<00:07, 123.09it/s]
 78%|███████▊  | 3446/4394 [00:29<00:07, 129.76it/s]
 79%|███████▊  | 3460/4394 [00:30<00:12, 76.04it/s] 
 79%|███████▉  | 3474/4394 [00:30<00:10, 87.06it/s]
 79%|███████▉  | 3487/4394 [00:30<00:09, 96.10it/s]
 80%|███████▉  | 3502/4394 [00:30<00:08, 107.13it/s]
 80%|███████▉  | 3515/4394 [00:30<00:08, 104.71it/s]
 80%|████████  | 3527/4394 [00:30<00:09, 94.96it/s] 
 81%|████████  | 3539/4394 [00:30<00:08, 99.85it/s]
 81%|████████  | 3550/4394 [00:30<00:08, 95.82it/s]
 81%|████████  | 3563/4394 [00:30<00:08, 103.81it/s]
 81%|████████▏ | 3578/4394 [00:31<00:07, 115.26it/s]
 82%|████████▏ | 3591/4394 [00:31<00:07, 112.39it/s]
 82%|████████▏ | 3606/4394 [00:31<00:06, 121.02it/s]
 82%|████████▏ | 3620/4394 [00:31<00:06, 124.74it/s]
 83%|████████▎ | 3633/4394 [00:31<00:06, 117.72it/s]
 83%|████████▎ | 3647/4394 [00:31<00:06, 122.51it/s]
 83%|████████▎ | 3660/4394 [00:31<00:06, 120.87it/s]
 84%|████████▎ | 3675/4394 [00:31<00:05, 126.54it/s]
 84%|████████▍ | 3690/4394 [00:31<00:05, 131.96it/s]
 84%|████████▍ | 3704/4394 [00:32<00:05, 130.34it/s]
 85%|████████▍ | 3719/4394 [00:32<00:04, 135.09it/s]
 85%|████████▍ | 3733/4394 [00:32<00:05, 126.56it/s]
 85%|████████▌ | 3746/4394 [00:32<00:05, 113.31it/s]
 86%|████████▌ | 3760/4394 [00:32<00:05, 120.17it/s]
 86%|████████▌ | 3773/4394 [00:32<00:05, 118.26it/s]
 86%|████████▌ | 3788/4394 [00:32<00:04, 124.66it/s]
 87%|████████▋ | 3801/4394 [00:32<00:04, 123.29it/s]
 87%|████████▋ | 3814/4394 [00:32<00:04, 122.33it/s]
 87%|████████▋ | 3827/4394 [00:33<00:04, 116.83it/s]
 87%|████████▋ | 3839/4394 [00:33<00:04, 115.92it/s]
 88%|████████▊ | 3853/4394 [00:33<00:04, 120.83it/s]
 88%|████████▊ | 3867/4394 [00:33<00:04, 126.13it/s]
 88%|████████▊ | 3880/4394 [00:33<00:04, 122.82it/s]
 89%|████████▊ | 3893/4394 [00:33<00:04, 122.94it/s]
 89%|████████▉ | 3906/4394 [00:33<00:04, 119.19it/s]
 89%|████████▉ | 3918/4394 [00:33<00:04, 118.94it/s]
 89%|████████▉ | 3930/4394 [00:33<00:03, 118.26it/s]
 90%|████████▉ | 3942/4394 [00:34<00:03, 116.51it/s]
 90%|████████▉ | 3954/4394 [00:34<00:03, 114.62it/s]
 90%|█████████ | 3967/4394 [00:34<00:03, 117.63it/s]
 91%|█████████ | 3981/4394 [00:34<00:03, 123.67it/s]
 91%|█████████ | 3994/4394 [00:34<00:03, 116.97it/s]
 91%|█████████ | 4009/4394 [00:34<00:03, 125.81it/s]
 92%|█████████▏| 4023/4394 [00:34<00:03, 122.54it/s]
 92%|█████████▏| 4036/4394 [00:35<00:04, 84.20it/s] 
 92%|█████████▏| 4049/4394 [00:35<00:03, 93.20it/s]
 92%|█████████▏| 4063/4394 [00:35<00:03, 102.22it/s]
 93%|█████████▎| 4075/4394 [00:35<00:03, 105.81it/s]
 93%|█████████▎| 4087/4394 [00:35<00:02, 106.67it/s]
 93%|█████████▎| 4099/4394 [00:35<00:02, 107.93it/s]
 94%|█████████▎| 4112/4394 [00:35<00:02, 112.04it/s]
 94%|█████████▍| 4128/4394 [00:35<00:02, 123.90it/s]
 94%|█████████▍| 4142/4394 [00:35<00:01, 126.36it/s]
 95%|█████████▍| 4155/4394 [00:35<00:01, 121.40it/s]
 95%|█████████▍| 4168/4394 [00:36<00:01, 118.87it/s]
 95%|█████████▌| 4181/4394 [00:36<00:01, 109.18it/s]
 95%|█████████▌| 4194/4394 [00:36<00:01, 113.62it/s]
 96%|█████████▌| 4209/4394 [00:36<00:01, 121.69it/s]
 96%|█████████▌| 4223/4394 [00:36<00:01, 124.69it/s]
 96%|█████████▋| 4238/4394 [00:36<00:01, 128.94it/s]
 97%|█████████▋| 4252/4394 [00:36<00:01, 127.08it/s]
 97%|█████████▋| 4265/4394 [00:36<00:01, 124.12it/s]
 97%|█████████▋| 4280/4394 [00:36<00:00, 129.84it/s]
 98%|█████████▊| 4294/4394 [00:37<00:00, 128.88it/s]
 98%|█████████▊| 4308/4394 [00:37<00:00, 131.82it/s]
 98%|█████████▊| 4322/4394 [00:37<00:00, 132.07it/s]
 99%|█████████▊| 4336/4394 [00:37<00:00, 127.58it/s]
 99%|█████████▉| 4350/4394 [00:37<00:00, 129.91it/s]
 99%|█████████▉| 4364/4394 [00:37<00:00, 128.18it/s]
100%|█████████▉| 4379/4394 [00:37<00:00, 130.36it/s]
100%|█████████▉| 4393/4394 [00:37<00:00, 131.63it/s]
100%|██████████| 4394/4394 [00:37<00:00, 116.08it/s]
/ibex/user/shoaibsa/miniconda3/envs/py312/lib/python3.12/site-packages/alignn/graphs.py:1176: UserWarning: Creating a tensor from a list of numpy.ndarrays is extremely slow. Please consider converting the list to a single numpy.ndarray with numpy.array() before converting to a tensor. (Triggered internally at /pytorch/torch/csrc/utils/tensor_new.cpp:253.)
  self.lattices = torch.tensor(self.lattices).type(

  0%|          | 0/4394 [00:00<?, ?it/s]
  0%|          | 15/4394 [00:00<00:29, 149.98it/s]
  5%|▍         | 211/4394 [00:00<00:04, 946.51it/s]
 13%|█▎        | 554/4394 [00:00<00:01, 1927.56it/s]
 20%|██        | 887/4394 [00:00<00:01, 2424.09it/s]
 28%|██▊       | 1236/4394 [00:00<00:01, 2785.62it/s]
 35%|███▍      | 1524/4394 [00:00<00:01, 1998.81it/s]
 42%|████▏     | 1859/4394 [00:00<00:01, 2334.03it/s]
 49%|████▉     | 2172/4394 [00:00<00:00, 2541.33it/s]
 57%|█████▋    | 2518/4394 [00:01<00:00, 2789.89it/s]
 65%|██████▍   | 2855/4394 [00:01<00:00, 2951.55it/s]
 73%|███████▎  | 3194/4394 [00:01<00:00, 3074.34it/s]
 80%|████████  | 3529/4394 [00:01<00:00, 3153.58it/s]
 88%|████████▊ | 3854/4394 [00:01<00:00, 1990.16it/s]
 95%|█████████▌| 4190/4394 [00:01<00:00, 2274.00it/s]
100%|██████████| 4394/4394 [00:01<00:00, 2391.01it/s]

  0%|          | 0/549 [00:00<?, ?it/s]
  2%|▏         | 11/549 [00:00<00:05, 106.10it/s]
  4%|▍         | 24/549 [00:00<00:04, 114.86it/s]
  7%|▋         | 36/549 [00:00<00:04, 111.03it/s]
  9%|▊         | 48/549 [00:00<00:04, 106.86it/s]
 11%|█         | 59/549 [00:00<00:04, 106.23it/s]
 13%|█▎        | 74/549 [00:00<00:03, 119.63it/s]
 16%|█▌        | 87/549 [00:00<00:03, 118.94it/s]
 19%|█▉        | 103/549 [00:00<00:03, 127.92it/s]
 21%|██        | 116/549 [00:01<00:03, 114.30it/s]
 23%|██▎       | 129/549 [00:01<00:03, 117.23it/s]
 26%|██▌       | 142/549 [00:01<00:03, 120.17it/s]
 28%|██▊       | 155/549 [00:01<00:03, 120.79it/s]
 31%|███       | 168/549 [00:01<00:03, 116.63it/s]
 33%|███▎      | 181/549 [00:01<00:03, 117.48it/s]
 35%|███▌      | 193/549 [00:01<00:03, 116.37it/s]
 38%|███▊      | 206/549 [00:01<00:02, 120.17it/s]
 40%|███▉      | 219/549 [00:01<00:02, 113.34it/s]
 42%|████▏     | 232/549 [00:01<00:02, 115.74it/s]
 45%|████▍     | 246/549 [00:02<00:02, 119.62it/s]
 48%|████▊     | 261/549 [00:02<00:02, 125.94it/s]
 50%|█████     | 276/549 [00:02<00:02, 130.20it/s]
 53%|█████▎    | 290/549 [00:02<00:02, 128.64it/s]
 55%|█████▌    | 303/549 [00:02<00:01, 126.14it/s]
 58%|█████▊    | 320/549 [00:02<00:01, 137.37it/s]
 61%|██████    | 334/549 [00:02<00:01, 126.31it/s]
 63%|██████▎   | 347/549 [00:02<00:01, 115.16it/s]
 65%|██████▌   | 359/549 [00:03<00:01, 106.24it/s]
 68%|██████▊   | 371/549 [00:03<00:01, 109.41it/s]
 70%|███████   | 386/549 [00:03<00:01, 118.47it/s]
 73%|███████▎  | 399/549 [00:03<00:01, 120.51it/s]
 75%|███████▌  | 412/549 [00:03<00:01, 107.75it/s]
 77%|███████▋  | 424/549 [00:03<00:01, 108.42it/s]
 80%|███████▉  | 437/549 [00:03<00:00, 113.85it/s]
 83%|████████▎ | 453/549 [00:03<00:00, 125.79it/s]
 85%|████████▍ | 466/549 [00:03<00:00, 125.66it/s]
 87%|████████▋ | 479/549 [00:04<00:00, 120.31it/s]
 90%|████████▉ | 492/549 [00:04<00:00, 119.36it/s]
 92%|█████████▏| 505/549 [00:04<00:00, 112.48it/s]
 94%|█████████▍| 517/549 [00:04<00:00, 108.75it/s]
 97%|█████████▋| 532/549 [00:04<00:00, 117.66it/s]
 99%|█████████▉| 544/549 [00:04<00:00, 114.58it/s]
100%|██████████| 549/549 [00:04<00:00, 118.00it/s]

  0%|          | 0/549 [00:00<?, ?it/s]
 43%|████▎     | 234/549 [00:00<00:00, 801.72it/s]
100%|██████████| 549/549 [00:00<00:00, 1421.33it/s]

  0%|          | 0/549 [00:00<?, ?it/s]
  2%|▏         | 13/549 [00:00<00:04, 116.78it/s]
  5%|▍         | 26/549 [00:00<00:04, 123.73it/s]
  7%|▋         | 39/549 [00:00<00:04, 125.07it/s]
  9%|▉         | 52/549 [00:00<00:03, 125.39it/s]
 12%|█▏        | 66/549 [00:00<00:03, 128.68it/s]
 15%|█▍        | 80/549 [00:00<00:03, 130.37it/s]
 17%|█▋        | 94/549 [00:00<00:04, 110.99it/s]
 19%|█▉        | 107/549 [00:00<00:03, 115.76it/s]
 22%|██▏       | 119/549 [00:00<00:03, 116.82it/s]
 24%|██▍       | 131/549 [00:01<00:03, 117.41it/s]
 26%|██▌       | 143/549 [00:01<00:03, 117.14it/s]
 28%|██▊       | 155/549 [00:01<00:03, 112.34it/s]
 31%|███       | 169/549 [00:01<00:03, 118.73it/s]
 34%|███▎      | 185/549 [00:01<00:02, 127.79it/s]
 36%|███▌      | 199/549 [00:01<00:02, 130.42it/s]
 39%|███▉      | 214/549 [00:01<00:02, 135.58it/s]
 42%|████▏     | 228/549 [00:01<00:02, 126.44it/s]
 44%|████▍     | 241/549 [00:01<00:02, 125.26it/s]
 46%|████▋     | 254/549 [00:02<00:02, 117.49it/s]
 49%|████▉     | 269/549 [00:02<00:02, 125.54it/s]
 51%|█████▏    | 282/549 [00:02<00:02, 124.14it/s]
 54%|█████▎    | 295/549 [00:02<00:02, 123.82it/s]
 56%|█████▌    | 308/549 [00:02<00:02, 114.20it/s]
 59%|█████▉    | 323/549 [00:02<00:01, 122.03it/s]
 61%|██████    | 336/549 [00:02<00:01, 122.44it/s]
 64%|██████▍   | 353/549 [00:02<00:01, 135.49it/s]
 67%|██████▋   | 368/549 [00:02<00:01, 135.52it/s]
 70%|██████▉   | 382/549 [00:03<00:01, 130.46it/s]
 72%|███████▏  | 396/549 [00:03<00:01, 122.46it/s]
 74%|███████▍  | 409/549 [00:03<00:01, 119.21it/s]
 77%|███████▋  | 423/549 [00:03<00:01, 123.53it/s]
 80%|███████▉  | 437/549 [00:03<00:00, 125.88it/s]
 82%|████████▏ | 451/549 [00:03<00:00, 128.68it/s]
 85%|████████▍ | 466/549 [00:03<00:00, 133.05it/s]
 88%|████████▊ | 481/549 [00:03<00:00, 137.56it/s]
 90%|█████████ | 495/549 [00:03<00:00, 132.03it/s]
 93%|█████████▎| 509/549 [00:04<00:00, 132.21it/s]
 95%|█████████▌| 523/549 [00:04<00:00, 128.56it/s]
 98%|█████████▊| 538/549 [00:04<00:00, 134.12it/s]
100%|██████████| 549/549 [00:04<00:00, 125.93it/s]

  0%|          | 0/549 [00:00<?, ?it/s]
 62%|██████▏   | 343/549 [00:00<00:00, 3428.67it/s]
100%|██████████| 549/549 [00:00<00:00, 3477.64it/s]
/ibex/user/shoaibsa/Intrinsic_Dimensionality_ML_Materials/ALIGNN/ALIGNN_MP/alignn/train.py:503: UserWarning: Detected call of `lr_scheduler.step()` before `optimizer.step()`. In PyTorch 1.1.0 and later, you should call them in the opposite order: `optimizer.step()` before `lr_scheduler.step()`.  Failure to do this will result in PyTorch skipping the first value of the learning rate schedule. See more details at https://pytorch.org/docs/stable/optim.html#how-to-adjust-learning-rate
  scheduler.step()
