world_size 1
root_dir partitions/kvrh_half_1
[Seed] random_seed=123, split_seed=123
len dataset 5493
train_stress False
starting from this file
[Subspace][Fastfood] D=85,953, d=6,876, padded n=131,072.
  Fastfood diagonals + permutation: ~2.50 MB (vs. dense P would need ~2.20 GB).
  Compute per forward: O(n log n) ~ 2,228,224 ops.
[Subspace] D=85,953, d=6,876
================================================================
[MEM REPORT] Wrapped model (runtime footprint)
Trainable params : 6,876
All params       : 92,829  (362.61 KB)
Buffers          : 610,481  (2.83 MB)
Optimizer(AdamW) ~ 53.72 KB
----------------------------------------------------------------
Estimated total (params + buffers + opt): 3.24 MB
----------------------------------------------------------------
CUDA live: allocated=3.20 MB, reserved=26.00 MB, device=cuda:0
================================================================
Not using LMDB dataset, memory footprint maybe high.
WARNING: not using LMDB might result errors.
MAX val: 2.7596678446896306
MIN val: 0.0
MAD: 0.29127891133341216
Baseline MAE: 0.2938985203356294
data range 2.7596678446896306 0.0
Converting to graphs!
df         target  ...            jid
0     2.037426  ...  mb-kvrh-03631
1     1.447158  ...  mb-kvrh-06465
2     2.017033  ...  mb-kvrh-08277
3     1.612784  ...  mb-kvrh-03264
4     1.612784  ...  mb-kvrh-08408
...        ...  ...            ...
4389  1.342423  ...  mb-kvrh-05735
4390  2.037426  ...  mb-kvrh-06426
4391  1.792392  ...  mb-kvrh-05301
4392  2.025306  ...  mb-kvrh-03061
4393  2.240549  ...  mb-kvrh-04949

[4394 rows x 3 columns]
warning: could not load CGCNN features for 103
Setting it to max atomic number available here, 103
warning: could not load CGCNN features for 101
Setting it to max atomic number available here, 103
warning: could not load CGCNN features for 102
Setting it to max atomic number available here, 103
building line graphs
data range 2.7363965022766426 0.0
Converting to graphs!
df        target                                              atoms            jid
0    2.220108  {'lattice_mat': [[1.516e-05, 3.01291734, 3.012...  mb-kvrh-01235
1    1.491362  {'lattice_mat': [[2.84732318, 2.84763272, 0.00...  mb-kvrh-10287
2    2.113943  {'lattice_mat': [[4.96667822, -1.56875651, 5.7...  mb-kvrh-10560
3    2.139879  {'lattice_mat': [[-5.61e-06, 3.26009415, 3.260...  mb-kvrh-04319
4    1.518514  {'lattice_mat': [[4.62466899, 0.0, 0.0], [-2.3...  mb-kvrh-10353
..        ...                                                ...            ...
544  1.602060  {'lattice_mat': [[0.0, 3.72152259, 3.72152259]...  mb-kvrh-08794
545  2.130334  {'lattice_mat': [[3.6842474, 0.0, -1.38001836]...  mb-kvrh-00642
546  2.053078  {'lattice_mat': [[5.78725283, 0.0, 0.0], [0.0,...  mb-kvrh-03733
547  1.544068  {'lattice_mat': [[2.99e-06, 4.00549743, 4.0054...  mb-kvrh-04463
548  1.880814  {'lattice_mat': [[0.0, 3.55536379, 3.55536379]...  mb-kvrh-03863

[549 rows x 3 columns]
building line graphs
data range 2.639486489268586 0.0
Converting to graphs!
df        target                                              atoms            jid
0    1.477121  {'lattice_mat': [[6.771248, 0.0, 0.0], [-3.385...  mb-kvrh-07175
1    1.845098  {'lattice_mat': [[0.0, 3.5996172, 3.5996172], ...  mb-kvrh-01968
2    2.292256  {'lattice_mat': [[5.21247777, 0.0, 0.0], [-2.6...  mb-kvrh-02081
3    2.004321  {'lattice_mat': [[-3.18990771, 3.18990771, -2....  mb-kvrh-06068
4    1.414973  {'lattice_mat': [[6.60607977, -0.01861596, 4.2...  mb-kvrh-10520
..        ...                                                ...            ...
544  2.068186  {'lattice_mat': [[3.87883669, -0.00012588, 9.1...  mb-kvrh-01346
545  1.929419  {'lattice_mat': [[4.07153946, 0.0, 0.0], [-2.0...  mb-kvrh-01340
546  2.385606  {'lattice_mat': [[4.80771592, 0.0, 0.0], [-2.4...  mb-kvrh-04602
547  1.342423  {'lattice_mat': [[6.08908327, 0.0, 0.0], [-3.0...  mb-kvrh-02672
548  1.568202  {'lattice_mat': [[0.0, 4.03342112, 4.03342112]...  mb-kvrh-07226

[549 rows x 3 columns]
building line graphs
n_train: 4394
n_val  : 549
n_test : 549
rank 0
world_size 1
config: {'version': '9c9ee23de543322c97e5d622a81e929e4dbfc141', 'dataset': 'user_data', 'target': 'target', 'atom_features': 'cgcnn', 'neighbor_strategy': 'k-nearest', 'id_tag': 'jid', 'dtype': 'float32', 'random_seed': 123, 'classification_threshold': None, 'n_val': None, 'n_test': None, 'n_train': None, 'train_ratio': 0.8, 'val_ratio': 0.1, 'test_ratio': 0.1, 'target_multiplication_factor': None, 'epochs': 120, 'batch_size': 64, 'gpu_memory_fraction': None, 'use_amp': False, 'ddp_find_unused_parameters': False, 'deterministic': False, 'weight_decay': 0.0, 'learning_rate': 0.001, 'filename': 'sample', 'warmup_steps': 2000, 'criterion': 'mse', 'optimizer': 'adamw', 'scheduler': 'onecycle', 'pin_memory': True, 'save_dataloader': False, 'write_checkpoint': True, 'write_predictions': True, 'store_outputs': True, 'progress': True, 'log_tensorboard': False, 'standard_scalar_and_pca': False, 'use_canonize': True, 'compute_line_graph': True, 'num_workers': 2, 'cutoff': 8.0, 'cutoff_extra': 3.0, 'three_body_cutoff': 3.5, 'max_neighbors': 12, 'keep_data_order': False, 'normalize_graph_level_loss': False, 'distributed': True, 'data_parallel': False, 'n_early_stopping': None, 'output_dir': '../results_alignn_log_kvrh_partitions_fastfood/kvrh_half_1/alignn_log_kvrh_fastfood_kvrh_half_1_dim8_seed123_epochs120', 'use_lmdb': False, 'read_existing': False, 'model': {'name': 'alignn_atomwise', 'alignn_layers': 1, 'gcn_layers': 1, 'atom_input_features': 92, 'edge_input_features': 80, 'triplet_input_features': 40, 'embedding_features': 64, 'hidden_features': 64, 'output_features': 1, 'grad_multiplier': -1, 'calculate_gradient': False, 'atomwise_output_features': 0, 'graphwise_weight': 1.0, 'gradwise_weight': 0.0, 'stresswise_weight': 0.0, 'atomwise_weight': 0.0, 'link': 'identity', 'zero_inflated': False, 'classification': False, 'force_mult_natoms': False, 'energy_mult_natoms': True, 'include_pos_deriv': False, 'use_cutoff_function': False, 'inner_cutoff': 3.0, 'stress_multiplier': 1.0, 'add_reverse_forces': True, 'lg_on_fly': True, 'batch_stress': True, 'multiply_cutoff': False, 'use_penalty': True, 'extra_features': 0, 'exponent': 5, 'penalty_factor': 0.1, 'penalty_threshold': 1.0, 'additional_output_features': 0, 'additional_output_weight': 0.0}}
{'atom_features': 'cgcnn',
 'batch_size': 64,
 'classification_threshold': None,
 'compute_line_graph': True,
 'criterion': 'mse',
 'cutoff': 8.0,
 'cutoff_extra': 3.0,
 'data_parallel': False,
 'dataset': 'user_data',
 'ddp_find_unused_parameters': False,
 'deterministic': False,
 'distributed': True,
 'dtype': 'float32',
 'epochs': 120,
 'filename': 'sample',
 'gpu_memory_fraction': None,
 'id_tag': 'jid',
 'keep_data_order': False,
 'learning_rate': 0.001,
 'log_tensorboard': False,
 'max_neighbors': 12,
 'model': {'add_reverse_forces': True,
           'additional_output_features': 0,
           'additional_output_weight': 0.0,
           'alignn_layers': 1,
           'atom_input_features': 92,
           'atomwise_output_features': 0,
           'atomwise_weight': 0.0,
           'batch_stress': True,
           'calculate_gradient': False,
           'classification': False,
           'edge_input_features': 80,
           'embedding_features': 64,
           'energy_mult_natoms': True,
           'exponent': 5,
           'extra_features': 0,
           'force_mult_natoms': False,
           'gcn_layers': 1,
           'grad_multiplier': -1,
           'gradwise_weight': 0.0,
           'graphwise_weight': 1.0,
           'hidden_features': 64,
           'include_pos_deriv': False,
           'inner_cutoff': 3.0,
           'lg_on_fly': True,
           'link': 'identity',
           'multiply_cutoff': False,
           'name': 'alignn_atomwise',
           'output_features': 1,
           'penalty_factor': 0.1,
           'penalty_threshold': 1.0,
           'stress_multiplier': 1.0,
           'stresswise_weight': 0.0,
           'triplet_input_features': 40,
           'use_cutoff_function': False,
           'use_penalty': True,
           'zero_inflated': False},
 'n_early_stopping': None,
 'n_test': None,
 'n_train': None,
 'n_val': None,
 'neighbor_strategy': 'k-nearest',
 'normalize_graph_level_loss': False,
 'num_workers': 2,
 'optimizer': 'adamw',
 'output_dir': '../results_alignn_log_kvrh_partitions_fastfood/kvrh_half_1/alignn_log_kvrh_fastfood_kvrh_half_1_dim8_seed123_epochs120',
 'pin_memory': True,
 'progress': True,
 'random_seed': 123,
 'read_existing': False,
 'save_dataloader': False,
 'scheduler': 'onecycle',
 'standard_scalar_and_pca': False,
 'store_outputs': True,
 'target': 'target',
 'target_multiplication_factor': None,
 'test_ratio': 0.1,
 'three_body_cutoff': 3.5,
 'train_ratio': 0.8,
 'use_amp': False,
 'use_canonize': True,
 'use_lmdb': False,
 'val_ratio': 0.1,
 'version': '9c9ee23de543322c97e5d622a81e929e4dbfc141',
 'warmup_steps': 2000,
 'weight_decay': 0.0,
 'write_checkpoint': True,
 'write_predictions': True}
[Seed] deterministic_mode=False

    _    _     ___ ____ _   _ _   _
   / \  | |   |_ _/ ___| \ | | \ | |
  / _ \ | |    | | |  _|  \| |  \| |
 / ___ \| |___ | | |_| | |\  | |\  |
/_/   \_\_____|___\____|_| \_|_| \_|

Model parameters 92829
CUDA available True
CUDA device count 1
   GPU: NVIDIA A100-SXM4-80GB. Max memory: 79.252 GB. Platform = Linux.
   Pytorch: 2.11.0+cu128. CUDA = 8.0. CUDA Toolkit = 12.8.

Train Loss:  Epoch    Total      Graph      Atom       Grad       Stress     Addn.      Time      
             0        25.7500    25.7500    0.0000     0.0000     0.0000     0.0000     4.26      
Val Loss:    Epoch    Total      Graph      Atom       Grad       Stress     Addn.      Time      
             0        1.4480     1.4480     0.0000     0.0000     0.0000     0.0000     0.39       Saving model
Train Loss:  Epoch    Total      Graph      Atom       Grad       Stress     Addn.      Time      
             1        10.3393    10.3393    0.0000     0.0000     0.0000     0.0000     4.04      
Val Loss:    Epoch    Total      Graph      Atom       Grad       Stress     Addn.      Time      
             1        1.2381     1.2381     0.0000     0.0000     0.0000     0.0000     0.39       Saving model
Train Loss:  Epoch    Total      Graph      Atom       Grad       Stress     Addn.      Time      
             2        9.2316     9.2316     0.0000     0.0000     0.0000     0.0000     4.67      
Val Loss:    Epoch    Total      Graph      Atom       Grad       Stress     Addn.      Time      
             2        1.1908     1.1908     0.0000     0.0000     0.0000     0.0000     0.38       Saving model
Train Loss:  Epoch    Total      Graph      Atom       Grad       Stress     Addn.      Time      
             3        8.6872     8.6872     0.0000     0.0000     0.0000     0.0000     5.00      
Val Loss:    Epoch    Total      Graph      Atom       Grad       Stress     Addn.      Time      
             3        1.1700     1.1700     0.0000     0.0000     0.0000     0.0000     0.38       Saving model
Train Loss:  Epoch    Total      Graph      Atom       Grad       Stress     Addn.      Time      
             4        8.3924     8.3924     0.0000     0.0000     0.0000     0.0000     4.01      
Val Loss:    Epoch    Total      Graph      Atom       Grad       Stress     Addn.      Time      
             4        1.1306     1.1306     0.0000     0.0000     0.0000     0.0000     0.39       Saving model
Train Loss:  Epoch    Total      Graph      Atom       Grad       Stress     Addn.      Time      
             5        8.4146     8.4146     0.0000     0.0000     0.0000     0.0000     4.01      
Val Loss:    Epoch    Total      Graph      Atom       Grad       Stress     Addn.      Time      
             5        1.1479     1.1479     0.0000     0.0000     0.0000     0.0000     0.38       Saving model
Train Loss:  Epoch    Total      Graph      Atom       Grad       Stress     Addn.      Time      
             6        8.0709     8.0709     0.0000     0.0000     0.0000     0.0000     4.01      
Val Loss:    Epoch    Total      Graph      Atom       Grad       Stress     Addn.      Time      
             6        1.1013     1.1013     0.0000     0.0000     0.0000     0.0000     0.39       Saving model
Train Loss:  Epoch    Total      Graph      Atom       Grad       Stress     Addn.      Time      
             7        8.1114     8.1114     0.0000     0.0000     0.0000     0.0000     4.38      
Val Loss:    Epoch    Total      Graph      Atom       Grad       Stress     Addn.      Time      
             7        1.0781     1.0781     0.0000     0.0000     0.0000     0.0000     0.39       Saving model
Train Loss:  Epoch    Total      Graph      Atom       Grad       Stress     Addn.      Time      
             8        7.8505     7.8505     0.0000     0.0000     0.0000     0.0000     4.42      
Val Loss:    Epoch    Total      Graph      Atom       Grad       Stress     Addn.      Time      
             8        1.0508     1.0508     0.0000     0.0000     0.0000     0.0000     0.38       Saving model
Train Loss:  Epoch    Total      Graph      Atom       Grad       Stress     Addn.      Time      
             9        7.6391     7.6391     0.0000     0.0000     0.0000     0.0000     4.80      
Val Loss:    Epoch    Total      Graph      Atom       Grad       Stress     Addn.      Time      
             9        1.0446     1.0446     0.0000     0.0000     0.0000     0.0000     0.63       Saving model
Train Loss:  Epoch    Total      Graph      Atom       Grad       Stress     Addn.      Time      
             10       7.3949     7.3949     0.0000     0.0000     0.0000     0.0000     3.95      
Val Loss:    Epoch    Total      Graph      Atom       Grad       Stress     Addn.      Time      
             10       1.0070     1.0070     0.0000     0.0000     0.0000     0.0000     0.66       Saving model
Train Loss:  Epoch    Total      Graph      Atom       Grad       Stress     Addn.      Time      
             11       7.4935     7.4935     0.0000     0.0000     0.0000     0.0000     4.01      
Val Loss:    Epoch    Total      Graph      Atom       Grad       Stress     Addn.      Time      
             11       1.0975     1.0975     0.0000     0.0000     0.0000     0.0000     0.39       Saving model
Train Loss:  Epoch    Total      Graph      Atom       Grad       Stress     Addn.      Time      
             12       7.5111     7.5111     0.0000     0.0000     0.0000     0.0000     4.03      
Val Loss:    Epoch    Total      Graph      Atom       Grad       Stress     Addn.      Time      
             12       1.0068     1.0068     0.0000     0.0000     0.0000     0.0000     0.39       Saving model
Train Loss:  Epoch    Total      Graph      Atom       Grad       Stress     Addn.      Time      
             13       7.2503     7.2503     0.0000     0.0000     0.0000     0.0000     4.02      
Val Loss:    Epoch    Total      Graph      Atom       Grad       Stress     Addn.      Time      
             13       1.0011     1.0011     0.0000     0.0000     0.0000     0.0000     0.39       Saving model
Train Loss:  Epoch    Total      Graph      Atom       Grad       Stress     Addn.      Time      
             14       7.3920     7.3920     0.0000     0.0000     0.0000     0.0000     4.45      
Val Loss:    Epoch    Total      Graph      Atom       Grad       Stress     Addn.      Time      
             14       0.9888     0.9888     0.0000     0.0000     0.0000     0.0000     0.38       Saving model
Train Loss:  Epoch    Total      Graph      Atom       Grad       Stress     Addn.      Time      
             15       7.2373     7.2373     0.0000     0.0000     0.0000     0.0000     4.06      
Val Loss:    Epoch    Total      Graph      Atom       Grad       Stress     Addn.      Time      
             15       1.0239     1.0239     0.0000     0.0000     0.0000     0.0000     1.01       Saving model
Train Loss:  Epoch    Total      Graph      Atom       Grad       Stress     Addn.      Time      
             16       7.1993     7.1993     0.0000     0.0000     0.0000     0.0000     4.52      
Val Loss:    Epoch    Total      Graph      Atom       Grad       Stress     Addn.      Time      
             16       0.9877     0.9877     0.0000     0.0000     0.0000     0.0000     0.39       Saving model
Train Loss:  Epoch    Total      Graph      Atom       Grad       Stress     Addn.      Time      
             17       7.0634     7.0634     0.0000     0.0000     0.0000     0.0000     4.04      
Val Loss:    Epoch    Total      Graph      Atom       Grad       Stress     Addn.      Time      
             17       1.0625     1.0625     0.0000     0.0000     0.0000     0.0000     0.39       Saving model
Train Loss:  Epoch    Total      Graph      Atom       Grad       Stress     Addn.      Time      
             18       6.9631     6.9631     0.0000     0.0000     0.0000     0.0000     4.05      
Val Loss:    Epoch    Total      Graph      Atom       Grad       Stress     Addn.      Time      
             18       0.9601     0.9601     0.0000     0.0000     0.0000     0.0000     0.39       Saving model
Train Loss:  Epoch    Total      Graph      Atom       Grad       Stress     Addn.      Time      
             19       6.9162     6.9162     0.0000     0.0000     0.0000     0.0000     4.02      
Val Loss:    Epoch    Total      Graph      Atom       Grad       Stress     Addn.      Time      
             19       0.9578     0.9578     0.0000     0.0000     0.0000     0.0000     0.39       Saving model
Train Loss:  Epoch    Total      Graph      Atom       Grad       Stress     Addn.      Time      
             20       6.8798     6.8798     0.0000     0.0000     0.0000     0.0000     4.29      
Val Loss:    Epoch    Total      Graph      Atom       Grad       Stress     Addn.      Time      
             20       0.9449     0.9449     0.0000     0.0000     0.0000     0.0000     0.39       Saving model
Train Loss:  Epoch    Total      Graph      Atom       Grad       Stress     Addn.      Time      
             21       6.8226     6.8226     0.0000     0.0000     0.0000     0.0000     4.45      
Val Loss:    Epoch    Total      Graph      Atom       Grad       Stress     Addn.      Time      
             21       0.9399     0.9399     0.0000     0.0000     0.0000     0.0000     0.39       Saving model
Train Loss:  Epoch    Total      Graph      Atom       Grad       Stress     Addn.      Time      
             22       7.0612     7.0612     0.0000     0.0000     0.0000     0.0000     5.00      
Val Loss:    Epoch    Total      Graph      Atom       Grad       Stress     Addn.      Time      
             22       1.0710     1.0710     0.0000     0.0000     0.0000     0.0000     0.38       Saving model
Train Loss:  Epoch    Total      Graph      Atom       Grad       Stress     Addn.      Time      
             23       6.8920     6.8920     0.0000     0.0000     0.0000     0.0000     4.04      
Val Loss:    Epoch    Total      Graph      Atom       Grad       Stress     Addn.      Time      
             23       0.9853     0.9853     0.0000     0.0000     0.0000     0.0000     0.39       Saving model
Train Loss:  Epoch    Total      Graph      Atom       Grad       Stress     Addn.      Time      
             24       6.7694     6.7694     0.0000     0.0000     0.0000     0.0000     4.40      
Val Loss:    Epoch    Total      Graph      Atom       Grad       Stress     Addn.      Time      
             24       0.9325     0.9325     0.0000     0.0000     0.0000     0.0000     0.39       Saving model
Train Loss:  Epoch    Total      Graph      Atom       Grad       Stress     Addn.      Time      
             25       6.7753     6.7753     0.0000     0.0000     0.0000     0.0000     4.03      
Val Loss:    Epoch    Total      Graph      Atom       Grad       Stress     Addn.      Time      
             25       0.9200     0.9200     0.0000     0.0000     0.0000     0.0000     0.39       Saving model
Train Loss:  Epoch    Total      Graph      Atom       Grad       Stress     Addn.      Time      
             26       6.6107     6.6107     0.0000     0.0000     0.0000     0.0000     4.04      
Val Loss:    Epoch    Total      Graph      Atom       Grad       Stress     Addn.      Time      
             26       0.9577     0.9577     0.0000     0.0000     0.0000     0.0000     0.39       Saving model
Train Loss:  Epoch    Total      Graph      Atom       Grad       Stress     Addn.      Time      
             27       6.5809     6.5809     0.0000     0.0000     0.0000     0.0000     4.43      
Val Loss:    Epoch    Total      Graph      Atom       Grad       Stress     Addn.      Time      
             27       0.9937     0.9937     0.0000     0.0000     0.0000     0.0000     0.39       Saving model
Train Loss:  Epoch    Total      Graph      Atom       Grad       Stress     Addn.      Time      
             28       6.5510     6.5510     0.0000     0.0000     0.0000     0.0000     4.82      
Val Loss:    Epoch    Total      Graph      Atom       Grad       Stress     Addn.      Time      
             28       0.9220     0.9220     0.0000     0.0000     0.0000     0.0000     0.78       Saving model
Train Loss:  Epoch    Total      Graph      Atom       Grad       Stress     Addn.      Time      
             29       6.6199     6.6199     0.0000     0.0000     0.0000     0.0000     3.97      
Val Loss:    Epoch    Total      Graph      Atom       Grad       Stress     Addn.      Time      
             29       0.9336     0.9336     0.0000     0.0000     0.0000     0.0000     0.39       Saving model
Train Loss:  Epoch    Total      Graph      Atom       Grad       Stress     Addn.      Time      
             30       6.5262     6.5262     0.0000     0.0000     0.0000     0.0000     4.05      
Val Loss:    Epoch    Total      Graph      Atom       Grad       Stress     Addn.      Time      
             30       0.9135     0.9135     0.0000     0.0000     0.0000     0.0000     0.39       Saving model
Train Loss:  Epoch    Total      Graph      Atom       Grad       Stress     Addn.      Time      
             31       6.4682     6.4682     0.0000     0.0000     0.0000     0.0000     3.99      
Val Loss:    Epoch    Total      Graph      Atom       Grad       Stress     Addn.      Time      
             31       0.9070     0.9070     0.0000     0.0000     0.0000     0.0000     0.39       Saving model
Train Loss:  Epoch    Total      Graph      Atom       Grad       Stress     Addn.      Time      
             32       6.4536     6.4536     0.0000     0.0000     0.0000     0.0000     4.29      
Val Loss:    Epoch    Total      Graph      Atom       Grad       Stress     Addn.      Time      
             32       0.9294     0.9294     0.0000     0.0000     0.0000     0.0000     0.38       Saving model
Train Loss:  Epoch    Total      Graph      Atom       Grad       Stress     Addn.      Time      
             33       6.4847     6.4847     0.0000     0.0000     0.0000     0.0000     4.06      
Val Loss:    Epoch    Total      Graph      Atom       Grad       Stress     Addn.      Time      
             33       0.8923     0.8923     0.0000     0.0000     0.0000     0.0000     0.81       Saving model
Train Loss:  Epoch    Total      Graph      Atom       Grad       Stress     Addn.      Time      
             34       6.3467     6.3467     0.0000     0.0000     0.0000     0.0000     4.06      
Val Loss:    Epoch    Total      Graph      Atom       Grad       Stress     Addn.      Time      
             34       0.8916     0.8916     0.0000     0.0000     0.0000     0.0000     0.39       Saving model
Train Loss:  Epoch    Total      Graph      Atom       Grad       Stress     Addn.      Time      
             35       6.3499     6.3499     0.0000     0.0000     0.0000     0.0000     4.90      
Val Loss:    Epoch    Total      Graph      Atom       Grad       Stress     Addn.      Time      
             35       0.8877     0.8877     0.0000     0.0000     0.0000     0.0000     0.39       Saving model
Train Loss:  Epoch    Total      Graph      Atom       Grad       Stress     Addn.      Time      
             36       6.4406     6.4406     0.0000     0.0000     0.0000     0.0000     4.42      
Val Loss:    Epoch    Total      Graph      Atom       Grad       Stress     Addn.      Time      
             36       0.9321     0.9321     0.0000     0.0000     0.0000     0.0000     0.39       Saving model
Train Loss:  Epoch    Total      Graph      Atom       Grad       Stress     Addn.      Time      
             37       6.3745     6.3745     0.0000     0.0000     0.0000     0.0000     4.03      
Val Loss:    Epoch    Total      Graph      Atom       Grad       Stress     Addn.      Time      
             37       0.8798     0.8798     0.0000     0.0000     0.0000     0.0000     0.39       Saving model
Train Loss:  Epoch    Total      Graph      Atom       Grad       Stress     Addn.      Time      
             38       6.4328     6.4328     0.0000     0.0000     0.0000     0.0000     4.04      
Val Loss:    Epoch    Total      Graph      Atom       Grad       Stress     Addn.      Time      
             38       0.9270     0.9270     0.0000     0.0000     0.0000     0.0000     0.39       Saving model
Train Loss:  Epoch    Total      Graph      Atom       Grad       Stress     Addn.      Time      
             39       6.4591     6.4591     0.0000     0.0000     0.0000     0.0000     4.29      
Val Loss:    Epoch    Total      Graph      Atom       Grad       Stress     Addn.      Time      
             39       0.9071     0.9071     0.0000     0.0000     0.0000     0.0000     0.39       Saving model
Train Loss:  Epoch    Total      Graph      Atom       Grad       Stress     Addn.      Time      
             40       6.2000     6.2000     0.0000     0.0000     0.0000     0.0000     4.53      
Val Loss:    Epoch    Total      Graph      Atom       Grad       Stress     Addn.      Time      
             40       0.9249     0.9249     0.0000     0.0000     0.0000     0.0000     0.39       Saving model
Train Loss:  Epoch    Total      Graph      Atom       Grad       Stress     Addn.      Time      
             41       6.1373     6.1373     0.0000     0.0000     0.0000     0.0000     4.92      
Val Loss:    Epoch    Total      Graph      Atom       Grad       Stress     Addn.      Time      
             41       0.8728     0.8728     0.0000     0.0000     0.0000     0.0000     0.38       Saving model
Train Loss:  Epoch    Total      Graph      Atom       Grad       Stress     Addn.      Time      
             42       6.0984     6.0984     0.0000     0.0000     0.0000     0.0000     5.27      
Val Loss:    Epoch    Total      Graph      Atom       Grad       Stress     Addn.      Time      
             42       0.8756     0.8756     0.0000     0.0000     0.0000     0.0000     0.39       Saving model
Train Loss:  Epoch    Total      Graph      Atom       Grad       Stress     Addn.      Time      
             43       6.1791     6.1791     0.0000     0.0000     0.0000     0.0000     4.02      
Val Loss:    Epoch    Total      Graph      Atom       Grad       Stress     Addn.      Time      
             43       0.8845     0.8845     0.0000     0.0000     0.0000     0.0000     0.39       Saving model
Train Loss:  Epoch    Total      Graph      Atom       Grad       Stress     Addn.      Time      
             44       6.1266     6.1266     0.0000     0.0000     0.0000     0.0000     4.40      
Val Loss:    Epoch    Total      Graph      Atom       Grad       Stress     Addn.      Time      
             44       0.8642     0.8642     0.0000     0.0000     0.0000     0.0000     0.39       Saving model
Train Loss:  Epoch    Total      Graph      Atom       Grad       Stress     Addn.      Time      
             45       6.2468     6.2468     0.0000     0.0000     0.0000     0.0000     4.03      
Val Loss:    Epoch    Total      Graph      Atom       Grad       Stress     Addn.      Time      
             45       0.8645     0.8645     0.0000     0.0000     0.0000     0.0000     0.39       Saving model
Train Loss:  Epoch    Total      Graph      Atom       Grad       Stress     Addn.      Time      
             46       6.1049     6.1049     0.0000     0.0000     0.0000     0.0000     4.43      
Val Loss:    Epoch    Total      Graph      Atom       Grad       Stress     Addn.      Time      
             46       0.8547     0.8547     0.0000     0.0000     0.0000     0.0000     0.39       Saving model
Train Loss:  Epoch    Total      Graph      Atom       Grad       Stress     Addn.      Time      
             47       6.1593     6.1593     0.0000     0.0000     0.0000     0.0000     4.95      
Val Loss:    Epoch    Total      Graph      Atom       Grad       Stress     Addn.      Time      
             47       0.8645     0.8645     0.0000     0.0000     0.0000     0.0000     0.38       Saving model
Train Loss:  Epoch    Total      Graph      Atom       Grad       Stress     Addn.      Time      
             48       6.0777     6.0777     0.0000     0.0000     0.0000     0.0000     4.24      
Val Loss:    Epoch    Total      Graph      Atom       Grad       Stress     Addn.      Time      
             48       0.8546     0.8546     0.0000     0.0000     0.0000     0.0000     0.39       Saving model
Train Loss:  Epoch    Total      Graph      Atom       Grad       Stress     Addn.      Time      
             49       5.9400     5.9400     0.0000     0.0000     0.0000     0.0000     4.02      
Val Loss:    Epoch    Total      Graph      Atom       Grad       Stress     Addn.      Time      
             49       0.8527     0.8527     0.0000     0.0000     0.0000     0.0000     0.39       Saving model
Train Loss:  Epoch    Total      Graph      Atom       Grad       Stress     Addn.      Time      
             50       6.0990     6.0990     0.0000     0.0000     0.0000     0.0000     4.04      
Val Loss:    Epoch    Total      Graph      Atom       Grad       Stress     Addn.      Time      
             50       0.9020     0.9020     0.0000     0.0000     0.0000     0.0000     0.39       Saving model
Train Loss:  Epoch    Total      Graph      Atom       Grad       Stress     Addn.      Time      
             51       6.0802     6.0802     0.0000     0.0000     0.0000     0.0000     4.00      
Val Loss:    Epoch    Total      Graph      Atom       Grad       Stress     Addn.      Time      
             51       0.8808     0.8808     0.0000     0.0000     0.0000     0.0000     0.38       Saving model
Train Loss:  Epoch    Total      Graph      Atom       Grad       Stress     Addn.      Time      
             52       5.9730     5.9730     0.0000     0.0000     0.0000     0.0000     4.67      
Val Loss:    Epoch    Total      Graph      Atom       Grad       Stress     Addn.      Time      
             52       0.8737     0.8737     0.0000     0.0000     0.0000     0.0000     0.40       Saving model
Train Loss:  Epoch    Total      Graph      Atom       Grad       Stress     Addn.      Time      
             53       6.1137     6.1137     0.0000     0.0000     0.0000     0.0000     4.44      
Val Loss:    Epoch    Total      Graph      Atom       Grad       Stress     Addn.      Time      
             53       0.8856     0.8856     0.0000     0.0000     0.0000     0.0000     0.75       Saving model
Train Loss:  Epoch    Total      Graph      Atom       Grad       Stress     Addn.      Time      
             54       6.1177     6.1177     0.0000     0.0000     0.0000     0.0000     4.21      
Val Loss:    Epoch    Total      Graph      Atom       Grad       Stress     Addn.      Time      
             54       0.9518     0.9518     0.0000     0.0000     0.0000     0.0000     0.39       Saving model
Train Loss:  Epoch    Total      Graph      Atom       Grad       Stress     Addn.      Time      
             55       6.2423     6.2423     0.0000     0.0000     0.0000     0.0000     4.03      
Val Loss:    Epoch    Total      Graph      Atom       Grad       Stress     Addn.      Time      
             55       0.8408     0.8408     0.0000     0.0000     0.0000     0.0000     0.39       Saving model
Train Loss:  Epoch    Total      Graph      Atom       Grad       Stress     Addn.      Time      
             56       5.9334     5.9334     0.0000     0.0000     0.0000     0.0000     4.40      
Val Loss:    Epoch    Total      Graph      Atom       Grad       Stress     Addn.      Time      
             56       0.9097     0.9097     0.0000     0.0000     0.0000     0.0000     0.39       Saving model
Train Loss:  Epoch    Total      Graph      Atom       Grad       Stress     Addn.      Time      
             57       6.0962     6.0962     0.0000     0.0000     0.0000     0.0000     4.03      
Val Loss:    Epoch    Total      Graph      Atom       Grad       Stress     Addn.      Time      
             57       0.8792     0.8792     0.0000     0.0000     0.0000     0.0000     0.39       Saving model
Train Loss:  Epoch    Total      Graph      Atom       Grad       Stress     Addn.      Time      
             58       5.8534     5.8534     0.0000     0.0000     0.0000     0.0000     4.04      
Val Loss:    Epoch    Total      Graph      Atom       Grad       Stress     Addn.      Time      
             58       0.8374     0.8374     0.0000     0.0000     0.0000     0.0000     0.39       Saving model
Train Loss:  Epoch    Total      Graph      Atom       Grad       Stress     Addn.      Time      
             59       5.8660     5.8660     0.0000     0.0000     0.0000     0.0000     4.49      
Val Loss:    Epoch    Total      Graph      Atom       Grad       Stress     Addn.      Time      
             59       0.8753     0.8753     0.0000     0.0000     0.0000     0.0000     0.39       Saving model
Train Loss:  Epoch    Total      Graph      Atom       Grad       Stress     Addn.      Time      
             60       5.8440     5.8440     0.0000     0.0000     0.0000     0.0000     5.08      
Val Loss:    Epoch    Total      Graph      Atom       Grad       Stress     Addn.      Time      
             60       0.8639     0.8639     0.0000     0.0000     0.0000     0.0000     0.39       Saving model
Train Loss:  Epoch    Total      Graph      Atom       Grad       Stress     Addn.      Time      
             61       5.7624     5.7624     0.0000     0.0000     0.0000     0.0000     4.03      
Val Loss:    Epoch    Total      Graph      Atom       Grad       Stress     Addn.      Time      
             61       0.8491     0.8491     0.0000     0.0000     0.0000     0.0000     0.38       Saving model
Train Loss:  Epoch    Total      Graph      Atom       Grad       Stress     Addn.      Time      
             62       5.9024     5.9024     0.0000     0.0000     0.0000     0.0000     4.03      
Val Loss:    Epoch    Total      Graph      Atom       Grad       Stress     Addn.      Time      
             62       0.8462     0.8462     0.0000     0.0000     0.0000     0.0000     0.39       Saving model
Train Loss:  Epoch    Total      Graph      Atom       Grad       Stress     Addn.      Time      
             63       5.7098     5.7098     0.0000     0.0000     0.0000     0.0000     4.02      
Val Loss:    Epoch    Total      Graph      Atom       Grad       Stress     Addn.      Time      
             63       0.8514     0.8514     0.0000     0.0000     0.0000     0.0000     0.39       Saving model
Train Loss:  Epoch    Total      Graph      Atom       Grad       Stress     Addn.      Time      
             64       5.8329     5.8329     0.0000     0.0000     0.0000     0.0000     4.03      
Val Loss:    Epoch    Total      Graph      Atom       Grad       Stress     Addn.      Time      
             64       0.8458     0.8458     0.0000     0.0000     0.0000     0.0000     0.39       Saving model
Train Loss:  Epoch    Total      Graph      Atom       Grad       Stress     Addn.      Time      
             65       5.8379     5.8379     0.0000     0.0000     0.0000     0.0000     4.87      
Val Loss:    Epoch    Total      Graph      Atom       Grad       Stress     Addn.      Time      
             65       0.8300     0.8300     0.0000     0.0000     0.0000     0.0000     0.39       Saving model
Train Loss:  Epoch    Total      Graph      Atom       Grad       Stress     Addn.      Time      
             66       5.7289     5.7289     0.0000     0.0000     0.0000     0.0000     4.63      
Val Loss:    Epoch    Total      Graph      Atom       Grad       Stress     Addn.      Time      
             66       0.8435     0.8435     0.0000     0.0000     0.0000     0.0000     0.56       Saving model
Train Loss:  Epoch    Total      Graph      Atom       Grad       Stress     Addn.      Time      
             67       5.7444     5.7444     0.0000     0.0000     0.0000     0.0000     3.98      
Val Loss:    Epoch    Total      Graph      Atom       Grad       Stress     Addn.      Time      
             67       0.8554     0.8554     0.0000     0.0000     0.0000     0.0000     0.39       Saving model
Train Loss:  Epoch    Total      Graph      Atom       Grad       Stress     Addn.      Time      
             68       5.7510     5.7510     0.0000     0.0000     0.0000     0.0000     4.01      
Val Loss:    Epoch    Total      Graph      Atom       Grad       Stress     Addn.      Time      
             68       0.8642     0.8642     0.0000     0.0000     0.0000     0.0000     0.39       Saving model
Train Loss:  Epoch    Total      Graph      Atom       Grad       Stress     Addn.      Time      
             69       5.7071     5.7071     0.0000     0.0000     0.0000     0.0000     4.28      
Val Loss:    Epoch    Total      Graph      Atom       Grad       Stress     Addn.      Time      
             69       0.8806     0.8806     0.0000     0.0000     0.0000     0.0000     0.39       Saving model
Train Loss:  Epoch    Total      Graph      Atom       Grad       Stress     Addn.      Time      
             70       5.6539     5.6539     0.0000     0.0000     0.0000     0.0000     4.01      
Val Loss:    Epoch    Total      Graph      Atom       Grad       Stress     Addn.      Time      
             70       0.8239     0.8239     0.0000     0.0000     0.0000     0.0000     0.39       Saving model
Train Loss:  Epoch    Total      Graph      Atom       Grad       Stress     Addn.      Time      
             71       5.7624     5.7624     0.0000     0.0000     0.0000     0.0000     4.46      
Val Loss:    Epoch    Total      Graph      Atom       Grad       Stress     Addn.      Time      
             71       0.8847     0.8847     0.0000     0.0000     0.0000     0.0000     0.39       Saving model
Train Loss:  Epoch    Total      Graph      Atom       Grad       Stress     Addn.      Time      
             72       5.7521     5.7521     0.0000     0.0000     0.0000     0.0000     4.06      
Val Loss:    Epoch    Total      Graph      Atom       Grad       Stress     Addn.      Time      
             72       0.8413     0.8413     0.0000     0.0000     0.0000     0.0000     0.39       Saving model
Train Loss:  Epoch    Total      Graph      Atom       Grad       Stress     Addn.      Time      
             73       5.5887     5.5887     0.0000     0.0000     0.0000     0.0000     5.30      
Val Loss:    Epoch    Total      Graph      Atom       Grad       Stress     Addn.      Time      
             73       0.8331     0.8331     0.0000     0.0000     0.0000     0.0000     0.39       Saving model
Train Loss:  Epoch    Total      Graph      Atom       Grad       Stress     Addn.      Time      
             74       5.6572     5.6572     0.0000     0.0000     0.0000     0.0000     4.02      
Val Loss:    Epoch    Total      Graph      Atom       Grad       Stress     Addn.      Time      
             74       0.8169     0.8169     0.0000     0.0000     0.0000     0.0000     0.39       Saving model
Train Loss:  Epoch    Total      Graph      Atom       Grad       Stress     Addn.      Time      
             75       5.5433     5.5433     0.0000     0.0000     0.0000     0.0000     4.02      
Val Loss:    Epoch    Total      Graph      Atom       Grad       Stress     Addn.      Time      
             75       0.8360     0.8360     0.0000     0.0000     0.0000     0.0000     0.39       Saving model
Train Loss:  Epoch    Total      Graph      Atom       Grad       Stress     Addn.      Time      
             76       5.4795     5.4795     0.0000     0.0000     0.0000     0.0000     4.02      
Val Loss:    Epoch    Total      Graph      Atom       Grad       Stress     Addn.      Time      
             76       0.8291     0.8291     0.0000     0.0000     0.0000     0.0000     0.38       Saving model
Train Loss:  Epoch    Total      Graph      Atom       Grad       Stress     Addn.      Time      
             77       5.6476     5.6476     0.0000     0.0000     0.0000     0.0000     4.27      
Val Loss:    Epoch    Total      Graph      Atom       Grad       Stress     Addn.      Time      
             77       0.9046     0.9046     0.0000     0.0000     0.0000     0.0000     0.39       Saving model
Train Loss:  Epoch    Total      Graph      Atom       Grad       Stress     Addn.      Time      
             78       5.5345     5.5345     0.0000     0.0000     0.0000     0.0000     4.46      
Val Loss:    Epoch    Total      Graph      Atom       Grad       Stress     Addn.      Time      
             78       0.8551     0.8551     0.0000     0.0000     0.0000     0.0000     0.39       Saving model
Train Loss:  Epoch    Total      Graph      Atom       Grad       Stress     Addn.      Time      
             79       5.5760     5.5760     0.0000     0.0000     0.0000     0.0000     4.87      
Val Loss:    Epoch    Total      Graph      Atom       Grad       Stress     Addn.      Time      
             79       0.8247     0.8247     0.0000     0.0000     0.0000     0.0000     0.38       Saving model
Train Loss:  Epoch    Total      Graph      Atom       Grad       Stress     Addn.      Time      
             80       5.7031     5.7031     0.0000     0.0000     0.0000     0.0000     4.02      
Val Loss:    Epoch    Total      Graph      Atom       Grad       Stress     Addn.      Time      
             80       0.8177     0.8177     0.0000     0.0000     0.0000     0.0000     0.39       Saving model
Train Loss:  Epoch    Total      Graph      Atom       Grad       Stress     Addn.      Time      
             81       5.5903     5.5903     0.0000     0.0000     0.0000     0.0000     4.39      
Val Loss:    Epoch    Total      Graph      Atom       Grad       Stress     Addn.      Time      
             81       0.8571     0.8571     0.0000     0.0000     0.0000     0.0000     0.39       Saving model
Train Loss:  Epoch    Total      Graph      Atom       Grad       Stress     Addn.      Time      
             82       5.5357     5.5357     0.0000     0.0000     0.0000     0.0000     4.02      
Val Loss:    Epoch    Total      Graph      Atom       Grad       Stress     Addn.      Time      
             82       0.8060     0.8060     0.0000     0.0000     0.0000     0.0000     0.39       Saving model
Train Loss:  Epoch    Total      Graph      Atom       Grad       Stress     Addn.      Time      
             83       5.4449     5.4449     0.0000     0.0000     0.0000     0.0000     4.02      
Val Loss:    Epoch    Total      Graph      Atom       Grad       Stress     Addn.      Time      
             83       0.8418     0.8418     0.0000     0.0000     0.0000     0.0000     0.39       Saving model
Train Loss:  Epoch    Total      Graph      Atom       Grad       Stress     Addn.      Time      
             84       5.5989     5.5989     0.0000     0.0000     0.0000     0.0000     4.75      
Val Loss:    Epoch    Total      Graph      Atom       Grad       Stress     Addn.      Time      
             84       0.8295     0.8295     0.0000     0.0000     0.0000     0.0000     0.39       Saving model
Train Loss:  Epoch    Total      Graph      Atom       Grad       Stress     Addn.      Time      
             85       5.4644     5.4644     0.0000     0.0000     0.0000     0.0000     4.69      
Val Loss:    Epoch    Total      Graph      Atom       Grad       Stress     Addn.      Time      
             85       0.8143     0.8143     0.0000     0.0000     0.0000     0.0000     0.39       Saving model
Train Loss:  Epoch    Total      Graph      Atom       Grad       Stress     Addn.      Time      
             86       5.4894     5.4894     0.0000     0.0000     0.0000     0.0000     4.18      
Val Loss:    Epoch    Total      Graph      Atom       Grad       Stress     Addn.      Time      
             86       0.8011     0.8011     0.0000     0.0000     0.0000     0.0000     0.39       Saving model
Train Loss:  Epoch    Total      Graph      Atom       Grad       Stress     Addn.      Time      
             87       5.4969     5.4969     0.0000     0.0000     0.0000     0.0000     4.04      
Val Loss:    Epoch    Total      Graph      Atom       Grad       Stress     Addn.      Time      
             87       0.8278     0.8278     0.0000     0.0000     0.0000     0.0000     0.39       Saving model
Train Loss:  Epoch    Total      Graph      Atom       Grad       Stress     Addn.      Time      
             88       5.4859     5.4859     0.0000     0.0000     0.0000     0.0000     4.29      
Val Loss:    Epoch    Total      Graph      Atom       Grad       Stress     Addn.      Time      
             88       0.8122     0.8122     0.0000     0.0000     0.0000     0.0000     0.39       Saving model
Train Loss:  Epoch    Total      Graph      Atom       Grad       Stress     Addn.      Time      
             89       5.3229     5.3229     0.0000     0.0000     0.0000     0.0000     4.03      
Val Loss:    Epoch    Total      Graph      Atom       Grad       Stress     Addn.      Time      
             89       0.7984     0.7984     0.0000     0.0000     0.0000     0.0000     0.39       Saving model
Train Loss:  Epoch    Total      Graph      Atom       Grad       Stress     Addn.      Time      
             90       5.4305     5.4305     0.0000     0.0000     0.0000     0.0000     4.05      
Val Loss:    Epoch    Total      Graph      Atom       Grad       Stress     Addn.      Time      
             90       0.7940     0.7940     0.0000     0.0000     0.0000     0.0000     0.76       Saving model
Train Loss:  Epoch    Total      Graph      Atom       Grad       Stress     Addn.      Time      
             91       5.4417     5.4417     0.0000     0.0000     0.0000     0.0000     4.07      
Val Loss:    Epoch    Total      Graph      Atom       Grad       Stress     Addn.      Time      
             91       0.9002     0.9002     0.0000     0.0000     0.0000     0.0000     0.39       Saving model
Train Loss:  Epoch    Total      Graph      Atom       Grad       Stress     Addn.      Time      
             92       5.4107     5.4107     0.0000     0.0000     0.0000     0.0000     4.93      
Val Loss:    Epoch    Total      Graph      Atom       Grad       Stress     Addn.      Time      
             92       0.8315     0.8315     0.0000     0.0000     0.0000     0.0000     0.65       Saving model
Train Loss:  Epoch    Total      Graph      Atom       Grad       Stress     Addn.      Time      
             93       5.5746     5.5746     0.0000     0.0000     0.0000     0.0000     4.00      
Val Loss:    Epoch    Total      Graph      Atom       Grad       Stress     Addn.      Time      
             93       0.8066     0.8066     0.0000     0.0000     0.0000     0.0000     0.39       Saving model
Train Loss:  Epoch    Total      Graph      Atom       Grad       Stress     Addn.      Time      
             94       5.3496     5.3496     0.0000     0.0000     0.0000     0.0000     4.03      
Val Loss:    Epoch    Total      Graph      Atom       Grad       Stress     Addn.      Time      
             94       0.8170     0.8170     0.0000     0.0000     0.0000     0.0000     0.39       Saving model
Train Loss:  Epoch    Total      Graph      Atom       Grad       Stress     Addn.      Time      
             95       5.3485     5.3485     0.0000     0.0000     0.0000     0.0000     4.03      
Val Loss:    Epoch    Total      Graph      Atom       Grad       Stress     Addn.      Time      
             95       0.8287     0.8287     0.0000     0.0000     0.0000     0.0000     0.39       Saving model
Train Loss:  Epoch    Total      Graph      Atom       Grad       Stress     Addn.      Time      
             96       5.2763     5.2763     0.0000     0.0000     0.0000     0.0000     4.03      
Val Loss:    Epoch    Total      Graph      Atom       Grad       Stress     Addn.      Time      
             96       0.8052     0.8052     0.0000     0.0000     0.0000     0.0000     0.39       Saving model
Train Loss:  Epoch    Total      Graph      Atom       Grad       Stress     Addn.      Time      
             97       5.2521     5.2521     0.0000     0.0000     0.0000     0.0000     4.77      
Val Loss:    Epoch    Total      Graph      Atom       Grad       Stress     Addn.      Time      
             97       0.8029     0.8029     0.0000     0.0000     0.0000     0.0000     0.39       Saving model
Train Loss:  Epoch    Total      Graph      Atom       Grad       Stress     Addn.      Time      
             98       5.2912     5.2912     0.0000     0.0000     0.0000     0.0000     4.98      
Val Loss:    Epoch    Total      Graph      Atom       Grad       Stress     Addn.      Time      
             98       0.8069     0.8069     0.0000     0.0000     0.0000     0.0000     0.38       Saving model
Train Loss:  Epoch    Total      Graph      Atom       Grad       Stress     Addn.      Time      
             99       5.4593     5.4593     0.0000     0.0000     0.0000     0.0000     3.98      
Val Loss:    Epoch    Total      Graph      Atom       Grad       Stress     Addn.      Time      
             99       0.8143     0.8143     0.0000     0.0000     0.0000     0.0000     0.39       Saving model
Train Loss:  Epoch    Total      Graph      Atom       Grad       Stress     Addn.      Time      
             100      5.2974     5.2974     0.0000     0.0000     0.0000     0.0000     4.03      
Val Loss:    Epoch    Total      Graph      Atom       Grad       Stress     Addn.      Time      
             100      0.7968     0.7968     0.0000     0.0000     0.0000     0.0000     0.39       Saving model
Train Loss:  Epoch    Total      Graph      Atom       Grad       Stress     Addn.      Time      
             101      5.1784     5.1784     0.0000     0.0000     0.0000     0.0000     4.40      
Val Loss:    Epoch    Total      Graph      Atom       Grad       Stress     Addn.      Time      
             101      0.8191     0.8191     0.0000     0.0000     0.0000     0.0000     0.39       Saving model
Train Loss:  Epoch    Total      Graph      Atom       Grad       Stress     Addn.      Time      
             102      5.2904     5.2904     0.0000     0.0000     0.0000     0.0000     4.04      
Val Loss:    Epoch    Total      Graph      Atom       Grad       Stress     Addn.      Time      
             102      0.7890     0.7890     0.0000     0.0000     0.0000     0.0000     0.39       Saving model
Train Loss:  Epoch    Total      Graph      Atom       Grad       Stress     Addn.      Time      
             103      5.2348     5.2348     0.0000     0.0000     0.0000     0.0000     4.42      
Val Loss:    Epoch    Total      Graph      Atom       Grad       Stress     Addn.      Time      
             103      0.8086     0.8086     0.0000     0.0000     0.0000     0.0000     0.42       Saving model
Train Loss:  Epoch    Total      Graph      Atom       Grad       Stress     Addn.      Time      
             104      5.1753     5.1753     0.0000     0.0000     0.0000     0.0000     4.42      
Val Loss:    Epoch    Total      Graph      Atom       Grad       Stress     Addn.      Time      
             104      0.7895     0.7895     0.0000     0.0000     0.0000     0.0000     0.84       Saving model
Train Loss:  Epoch    Total      Graph      Atom       Grad       Stress     Addn.      Time      
             105      5.1701     5.1701     0.0000     0.0000     0.0000     0.0000     5.71      
Val Loss:    Epoch    Total      Graph      Atom       Grad       Stress     Addn.      Time      
             105      0.8330     0.8330     0.0000     0.0000     0.0000     0.0000     0.38       Saving model
Train Loss:  Epoch    Total      Graph      Atom       Grad       Stress     Addn.      Time      
             106      5.0935     5.0935     0.0000     0.0000     0.0000     0.0000     4.06      
Val Loss:    Epoch    Total      Graph      Atom       Grad       Stress     Addn.      Time      
             106      0.8673     0.8673     0.0000     0.0000     0.0000     0.0000     0.39       Saving model
Train Loss:  Epoch    Total      Graph      Atom       Grad       Stress     Addn.      Time      
             107      5.2422     5.2422     0.0000     0.0000     0.0000     0.0000     4.05      
Val Loss:    Epoch    Total      Graph      Atom       Grad       Stress     Addn.      Time      
             107      0.8011     0.8011     0.0000     0.0000     0.0000     0.0000     0.39       Saving model
Train Loss:  Epoch    Total      Graph      Atom       Grad       Stress     Addn.      Time      
             108      5.1364     5.1364     0.0000     0.0000     0.0000     0.0000     4.03      
Val Loss:    Epoch    Total      Graph      Atom       Grad       Stress     Addn.      Time      
             108      0.7933     0.7933     0.0000     0.0000     0.0000     0.0000     0.39       Saving model
Train Loss:  Epoch    Total      Graph      Atom       Grad       Stress     Addn.      Time      
             109      5.1267     5.1267     0.0000     0.0000     0.0000     0.0000     4.68      
Val Loss:    Epoch    Total      Graph      Atom       Grad       Stress     Addn.      Time      
             109      0.8100     0.8100     0.0000     0.0000     0.0000     0.0000     0.39       Saving model
Train Loss:  Epoch    Total      Graph      Atom       Grad       Stress     Addn.      Time      
             110      5.1241     5.1241     0.0000     0.0000     0.0000     0.0000     4.07      
Val Loss:    Epoch    Total      Graph      Atom       Grad       Stress     Addn.      Time      
             110      0.7937     0.7937     0.0000     0.0000     0.0000     0.0000     0.70       Saving model
Train Loss:  Epoch    Total      Graph      Atom       Grad       Stress     Addn.      Time      
             111      5.1646     5.1646     0.0000     0.0000     0.0000     0.0000     4.48      
Val Loss:    Epoch    Total      Graph      Atom       Grad       Stress     Addn.      Time      
             111      0.8181     0.8181     0.0000     0.0000     0.0000     0.0000     0.39       Saving model
Train Loss:  Epoch    Total      Graph      Atom       Grad       Stress     Addn.      Time      
             112      5.0303     5.0303     0.0000     0.0000     0.0000     0.0000     4.03      
Val Loss:    Epoch    Total      Graph      Atom       Grad       Stress     Addn.      Time      
             112      0.8092     0.8092     0.0000     0.0000     0.0000     0.0000     0.39       Saving model
Train Loss:  Epoch    Total      Graph      Atom       Grad       Stress     Addn.      Time      
             113      5.0079     5.0079     0.0000     0.0000     0.0000     0.0000     4.37      
Val Loss:    Epoch    Total      Graph      Atom       Grad       Stress     Addn.      Time      
             113      0.7863     0.7863     0.0000     0.0000     0.0000     0.0000     0.38       Saving model
Train Loss:  Epoch    Total      Graph      Atom       Grad       Stress     Addn.      Time      
             114      5.0171     5.0171     0.0000     0.0000     0.0000     0.0000     4.04      
Val Loss:    Epoch    Total      Graph      Atom       Grad       Stress     Addn.      Time      
             114      0.8215     0.8215     0.0000     0.0000     0.0000     0.0000     0.39       Saving model
Train Loss:  Epoch    Total      Graph      Atom       Grad       Stress     Addn.      Time      
             115      5.1860     5.1860     0.0000     0.0000     0.0000     0.0000     4.04      
Val Loss:    Epoch    Total      Graph      Atom       Grad       Stress     Addn.      Time      
             115      0.8200     0.8200     0.0000     0.0000     0.0000     0.0000     0.39       Saving model
Train Loss:  Epoch    Total      Graph      Atom       Grad       Stress     Addn.      Time      
             116      5.1625     5.1625     0.0000     0.0000     0.0000     0.0000     4.46      
Val Loss:    Epoch    Total      Graph      Atom       Grad       Stress     Addn.      Time      
             116      0.8078     0.8078     0.0000     0.0000     0.0000     0.0000     0.40       Saving model
Train Loss:  Epoch    Total      Graph      Atom       Grad       Stress     Addn.      Time      
             117      4.9961     4.9961     0.0000     0.0000     0.0000     0.0000     5.08      
Val Loss:    Epoch    Total      Graph      Atom       Grad       Stress     Addn.      Time      
             117      0.7756     0.7756     0.0000     0.0000     0.0000     0.0000     0.38       Saving model
Train Loss:  Epoch    Total      Graph      Atom       Grad       Stress     Addn.      Time      
             118      4.9943     4.9943     0.0000     0.0000     0.0000     0.0000     4.02      
Val Loss:    Epoch    Total      Graph      Atom       Grad       Stress     Addn.      Time      
             118      0.7793     0.7793     0.0000     0.0000     0.0000     0.0000     0.39       Saving model
Train Loss:  Epoch    Total      Graph      Atom       Grad       Stress     Addn.      Time      
             119      5.0466     5.0466     0.0000     0.0000     0.0000     0.0000     4.04      
Val Loss:    Epoch    Total      Graph      Atom       Grad       Stress     Addn.      Time      
             119      0.8008     0.8008     0.0000     0.0000     0.0000     0.0000     0.39       Saving model
Test MAE: 0.09465007258677526
Time taken (s) 579.9679343700409
Error: The source file 'prediction_results_test_set.csv' was not found.
Error: The source file 'history_val_mae.json' was not found.

  0%|          | 0/4394 [00:00<?, ?it/s]
  0%|          | 10/4394 [00:00<00:46, 94.04it/s]
  1%|          | 23/4394 [00:00<00:39, 110.89it/s]
  1%|          | 35/4394 [00:00<00:39, 110.26it/s]
  1%|          | 47/4394 [00:00<00:38, 112.43it/s]
  1%|▏         | 59/4394 [00:00<00:56, 76.26it/s] 
  2%|▏         | 71/4394 [00:00<00:49, 86.86it/s]
  2%|▏         | 85/4394 [00:00<00:43, 98.99it/s]
  2%|▏         | 98/4394 [00:00<00:40, 106.57it/s]
  3%|▎         | 113/4394 [00:01<00:36, 118.29it/s]
  3%|▎         | 126/4394 [00:01<00:35, 120.94it/s]
  3%|▎         | 140/4394 [00:01<00:33, 125.44it/s]
  3%|▎         | 153/4394 [00:01<00:33, 124.77it/s]
  4%|▍         | 168/4394 [00:01<00:32, 131.39it/s]
  4%|▍         | 182/4394 [00:01<00:33, 124.11it/s]
  4%|▍         | 196/4394 [00:01<00:33, 125.62it/s]
  5%|▍         | 210/4394 [00:01<00:33, 126.64it/s]
  5%|▌         | 223/4394 [00:02<00:39, 105.83it/s]
  5%|▌         | 235/4394 [00:02<00:38, 107.64it/s]
  6%|▌         | 248/4394 [00:02<00:36, 112.12it/s]
  6%|▌         | 260/4394 [00:02<00:36, 113.30it/s]
  6%|▌         | 272/4394 [00:02<00:37, 110.81it/s]
  6%|▋         | 285/4394 [00:02<00:35, 115.39it/s]
  7%|▋         | 299/4394 [00:02<00:34, 120.13it/s]
  7%|▋         | 312/4394 [00:02<00:34, 118.11it/s]
  7%|▋         | 326/4394 [00:02<00:32, 123.64it/s]
  8%|▊         | 342/4394 [00:02<00:30, 130.91it/s]
  8%|▊         | 356/4394 [00:03<00:30, 131.26it/s]
  8%|▊         | 370/4394 [00:03<00:32, 124.51it/s]
  9%|▊         | 384/4394 [00:03<00:31, 127.32it/s]
  9%|▉         | 397/4394 [00:03<00:33, 117.58it/s]
  9%|▉         | 412/4394 [00:03<00:32, 124.28it/s]
 10%|▉         | 426/4394 [00:03<00:31, 127.88it/s]
 10%|▉         | 439/4394 [00:03<00:33, 116.88it/s]
 10%|█         | 453/4394 [00:03<00:32, 120.39it/s]
 11%|█         | 467/4394 [00:03<00:31, 124.62it/s]
 11%|█         | 482/4394 [00:04<00:30, 130.32it/s]
 11%|█▏        | 496/4394 [00:04<00:32, 121.40it/s]
 12%|█▏        | 509/4394 [00:04<00:31, 122.32it/s]
 12%|█▏        | 523/4394 [00:04<00:30, 125.38it/s]
 12%|█▏        | 536/4394 [00:04<00:33, 115.51it/s]
 12%|█▏        | 549/4394 [00:04<00:33, 115.85it/s]
 13%|█▎        | 564/4394 [00:04<00:30, 123.76it/s]
 13%|█▎        | 579/4394 [00:04<00:29, 130.71it/s]
 13%|█▎        | 593/4394 [00:05<00:30, 124.80it/s]
 14%|█▍        | 606/4394 [00:05<00:43, 86.70it/s] 
 14%|█▍        | 621/4394 [00:05<00:38, 98.88it/s]
 14%|█▍        | 635/4394 [00:05<00:35, 106.25it/s]
 15%|█▍        | 650/4394 [00:05<00:32, 113.72it/s]
 15%|█▌        | 664/4394 [00:05<00:31, 118.51it/s]
 15%|█▌        | 678/4394 [00:05<00:30, 123.63it/s]
 16%|█▌        | 691/4394 [00:05<00:32, 114.19it/s]
 16%|█▌        | 703/4394 [00:06<00:33, 108.73it/s]
 16%|█▋        | 715/4394 [00:06<00:33, 108.67it/s]
 17%|█▋        | 727/4394 [00:06<00:35, 103.27it/s]
 17%|█▋        | 740/4394 [00:06<00:33, 109.44it/s]
 17%|█▋        | 753/4394 [00:06<00:32, 110.45it/s]
 17%|█▋        | 765/4394 [00:06<00:32, 111.46it/s]
 18%|█▊        | 777/4394 [00:06<00:34, 105.73it/s]
 18%|█▊        | 788/4394 [00:06<00:36, 99.26it/s] 
 18%|█▊        | 800/4394 [00:07<00:34, 104.61it/s]
 19%|█▊        | 814/4394 [00:07<00:31, 112.63it/s]
 19%|█▉        | 827/4394 [00:07<00:30, 117.21it/s]
 19%|█▉        | 840/4394 [00:07<00:29, 120.69it/s]
 19%|█▉        | 853/4394 [00:07<00:29, 120.36it/s]
 20%|█▉        | 867/4394 [00:07<00:28, 124.01it/s]
 20%|██        | 881/4394 [00:07<00:27, 126.91it/s]
 20%|██        | 894/4394 [00:07<00:32, 108.52it/s]
 21%|██        | 908/4394 [00:07<00:30, 114.26it/s]
 21%|██        | 920/4394 [00:08<00:31, 111.18it/s]
 21%|██▏       | 934/4394 [00:08<00:29, 118.79it/s]
 22%|██▏       | 947/4394 [00:08<00:28, 120.05it/s]
 22%|██▏       | 960/4394 [00:08<00:28, 119.27it/s]
 22%|██▏       | 974/4394 [00:08<00:28, 121.90it/s]
 22%|██▏       | 988/4394 [00:08<00:27, 124.65it/s]
 23%|██▎       | 1001/4394 [00:08<00:28, 121.02it/s]
 23%|██▎       | 1014/4394 [00:08<00:27, 120.72it/s]
 23%|██▎       | 1029/4394 [00:08<00:26, 127.43it/s]
 24%|██▎       | 1043/4394 [00:08<00:26, 128.41it/s]
 24%|██▍       | 1056/4394 [00:09<00:26, 125.63it/s]
 24%|██▍       | 1069/4394 [00:09<00:40, 82.91it/s] 
 25%|██▍       | 1083/4394 [00:09<00:35, 93.94it/s]
 25%|██▍       | 1096/4394 [00:09<00:32, 100.77it/s]
 25%|██▌       | 1108/4394 [00:09<00:31, 104.50it/s]
 26%|██▌       | 1122/4394 [00:09<00:29, 111.75it/s]
 26%|██▌       | 1136/4394 [00:09<00:27, 118.94it/s]
 26%|██▌       | 1150/4394 [00:09<00:26, 124.42it/s]
 26%|██▋       | 1164/4394 [00:10<00:25, 127.10it/s]
 27%|██▋       | 1178/4394 [00:10<00:25, 124.26it/s]
 27%|██▋       | 1191/4394 [00:10<00:26, 121.88it/s]
 27%|██▋       | 1204/4394 [00:10<00:27, 114.49it/s]
 28%|██▊       | 1216/4394 [00:10<00:28, 110.92it/s]
 28%|██▊       | 1230/4394 [00:10<00:26, 117.48it/s]
 28%|██▊       | 1245/4394 [00:10<00:25, 123.88it/s]
 29%|██▊       | 1258/4394 [00:10<00:26, 119.02it/s]
 29%|██▉       | 1271/4394 [00:11<00:25, 121.80it/s]
 29%|██▉       | 1284/4394 [00:11<00:25, 121.20it/s]
 30%|██▉       | 1298/4394 [00:11<00:24, 125.73it/s]
 30%|██▉       | 1311/4394 [00:11<00:24, 126.85it/s]
 30%|███       | 1324/4394 [00:11<00:24, 126.01it/s]
 30%|███       | 1337/4394 [00:11<00:24, 123.76it/s]
 31%|███       | 1350/4394 [00:11<00:26, 113.03it/s]
 31%|███       | 1362/4394 [00:11<00:26, 112.59it/s]
 31%|███▏      | 1376/4394 [00:11<00:25, 118.27it/s]
 32%|███▏      | 1390/4394 [00:11<00:24, 122.64it/s]
 32%|███▏      | 1403/4394 [00:12<00:24, 123.19it/s]
 32%|███▏      | 1416/4394 [00:12<00:23, 124.45it/s]
 33%|███▎      | 1429/4394 [00:12<00:27, 108.70it/s]
 33%|███▎      | 1442/4394 [00:12<00:26, 112.37it/s]
 33%|███▎      | 1455/4394 [00:12<00:25, 114.53it/s]
 33%|███▎      | 1467/4394 [00:12<00:26, 112.43it/s]
 34%|███▎      | 1482/4394 [00:12<00:23, 121.76it/s]
 34%|███▍      | 1495/4394 [00:12<00:23, 121.07it/s]
 34%|███▍      | 1509/4394 [00:12<00:23, 124.88it/s]
 35%|███▍      | 1522/4394 [00:13<00:23, 122.98it/s]
 35%|███▍      | 1535/4394 [00:13<00:24, 118.03it/s]
 35%|███▌      | 1548/4394 [00:13<00:23, 120.12it/s]
 36%|███▌      | 1561/4394 [00:13<00:23, 122.20it/s]
 36%|███▌      | 1574/4394 [00:13<00:23, 119.60it/s]
 36%|███▌      | 1587/4394 [00:13<00:23, 119.57it/s]
 36%|███▋      | 1600/4394 [00:13<00:23, 119.30it/s]
 37%|███▋      | 1612/4394 [00:13<00:23, 118.36it/s]
 37%|███▋      | 1624/4394 [00:13<00:23, 118.80it/s]
 37%|███▋      | 1636/4394 [00:14<00:36, 74.65it/s] 
 38%|███▊      | 1649/4394 [00:14<00:32, 85.08it/s]
 38%|███▊      | 1663/4394 [00:14<00:28, 96.34it/s]
 38%|███▊      | 1675/4394 [00:14<00:26, 101.91it/s]
 39%|███▊      | 1692/4394 [00:14<00:22, 118.67it/s]
 39%|███▉      | 1706/4394 [00:14<00:22, 118.89it/s]
 39%|███▉      | 1719/4394 [00:14<00:22, 120.97it/s]
 39%|███▉      | 1732/4394 [00:15<00:23, 110.94it/s]
 40%|███▉      | 1745/4394 [00:15<00:23, 111.81it/s]
 40%|████      | 1758/4394 [00:15<00:22, 116.15it/s]
 40%|████      | 1770/4394 [00:15<00:22, 116.51it/s]
 41%|████      | 1782/4394 [00:15<00:22, 115.26it/s]
 41%|████      | 1794/4394 [00:15<00:22, 114.78it/s]
 41%|████      | 1806/4394 [00:15<00:24, 107.40it/s]
 41%|████▏     | 1820/4394 [00:15<00:22, 114.31it/s]
 42%|████▏     | 1836/4394 [00:15<00:20, 122.12it/s]
 42%|████▏     | 1849/4394 [00:16<00:20, 122.16it/s]
 42%|████▏     | 1862/4394 [00:16<00:21, 118.92it/s]
 43%|████▎     | 1875/4394 [00:16<00:20, 121.29it/s]
 43%|████▎     | 1888/4394 [00:16<00:24, 100.81it/s]
 43%|████▎     | 1902/4394 [00:16<00:23, 106.64it/s]
 44%|████▎     | 1915/4394 [00:16<00:22, 110.54it/s]
 44%|████▍     | 1928/4394 [00:16<00:21, 114.19it/s]
 44%|████▍     | 1941/4394 [00:16<00:20, 117.81it/s]
 44%|████▍     | 1954/4394 [00:16<00:21, 113.28it/s]
 45%|████▍     | 1966/4394 [00:17<00:21, 115.08it/s]
 45%|████▌     | 1978/4394 [00:17<00:21, 114.32it/s]
 45%|████▌     | 1990/4394 [00:17<00:21, 111.91it/s]
 46%|████▌     | 2003/4394 [00:17<00:21, 112.43it/s]
 46%|████▌     | 2017/4394 [00:17<00:20, 117.18it/s]
 46%|████▌     | 2032/4394 [00:17<00:18, 124.36it/s]
 47%|████▋     | 2045/4394 [00:17<00:21, 108.52it/s]
 47%|████▋     | 2057/4394 [00:18<00:37, 63.09it/s] 
 47%|████▋     | 2068/4394 [00:18<00:32, 70.95it/s]
 47%|████▋     | 2082/4394 [00:18<00:27, 84.33it/s]
 48%|████▊     | 2095/4394 [00:18<00:24, 94.28it/s]
 48%|████▊     | 2107/4394 [00:18<00:23, 98.86it/s]
 48%|████▊     | 2119/4394 [00:18<00:22, 100.56it/s]
 49%|████▊     | 2133/4394 [00:18<00:20, 108.37it/s]
 49%|████▉     | 2145/4394 [00:18<00:20, 107.38it/s]
 49%|████▉     | 2157/4394 [00:19<00:20, 109.63it/s]
 49%|████▉     | 2170/4394 [00:19<00:19, 113.39it/s]
 50%|████▉     | 2183/4394 [00:19<00:18, 116.98it/s]
 50%|████▉     | 2196/4394 [00:19<00:18, 118.79it/s]
 50%|█████     | 2209/4394 [00:19<00:18, 119.89it/s]
 51%|█████     | 2224/4394 [00:19<00:16, 127.99it/s]
 51%|█████     | 2238/4394 [00:19<00:16, 127.61it/s]
 51%|█████▏    | 2252/4394 [00:19<00:16, 130.78it/s]
 52%|█████▏    | 2266/4394 [00:19<00:16, 131.31it/s]
 52%|█████▏    | 2280/4394 [00:19<00:16, 129.90it/s]
 52%|█████▏    | 2294/4394 [00:20<00:16, 129.44it/s]
 53%|█████▎    | 2307/4394 [00:20<00:16, 127.99it/s]
 53%|█████▎    | 2320/4394 [00:20<00:16, 122.76it/s]
 53%|█████▎    | 2333/4394 [00:20<00:16, 123.25it/s]
 53%|█████▎    | 2346/4394 [00:20<00:17, 119.17it/s]
 54%|█████▎    | 2359/4394 [00:20<00:17, 117.58it/s]
 54%|█████▍    | 2371/4394 [00:20<00:17, 117.91it/s]
 54%|█████▍    | 2384/4394 [00:20<00:16, 119.96it/s]
 55%|█████▍    | 2397/4394 [00:20<00:16, 119.70it/s]
 55%|█████▍    | 2409/4394 [00:21<00:16, 118.90it/s]
 55%|█████▌    | 2423/4394 [00:21<00:16, 122.74it/s]
 55%|█████▌    | 2436/4394 [00:21<00:15, 123.05it/s]
 56%|█████▌    | 2449/4394 [00:21<00:15, 124.29it/s]
 56%|█████▌    | 2462/4394 [00:21<00:15, 121.91it/s]
 56%|█████▋    | 2475/4394 [00:21<00:16, 119.72it/s]
 57%|█████▋    | 2490/4394 [00:21<00:14, 127.73it/s]
 57%|█████▋    | 2504/4394 [00:21<00:14, 128.85it/s]
 57%|█████▋    | 2517/4394 [00:21<00:15, 119.75it/s]
 58%|█████▊    | 2530/4394 [00:22<00:15, 119.10it/s]
 58%|█████▊    | 2543/4394 [00:22<00:17, 108.32it/s]
 58%|█████▊    | 2555/4394 [00:22<00:17, 106.04it/s]
 58%|█████▊    | 2569/4394 [00:22<00:16, 113.29it/s]
 59%|█████▊    | 2581/4394 [00:22<00:15, 114.62it/s]
 59%|█████▉    | 2594/4394 [00:22<00:15, 116.74it/s]
 59%|█████▉    | 2606/4394 [00:22<00:15, 114.52it/s]
 60%|█████▉    | 2618/4394 [00:22<00:15, 114.94it/s]
 60%|█████▉    | 2630/4394 [00:22<00:15, 114.54it/s]
 60%|██████    | 2645/4394 [00:23<00:14, 122.11it/s]
 60%|██████    | 2658/4394 [00:23<00:14, 123.47it/s]
 61%|██████    | 2671/4394 [00:23<00:15, 114.70it/s]
 61%|██████    | 2684/4394 [00:23<00:14, 117.48it/s]
 61%|██████▏   | 2696/4394 [00:23<00:14, 113.62it/s]
 62%|██████▏   | 2709/4394 [00:23<00:14, 114.24it/s]
 62%|██████▏   | 2721/4394 [00:23<00:23, 71.60it/s] 
 62%|██████▏   | 2734/4394 [00:24<00:20, 82.72it/s]
 63%|██████▎   | 2747/4394 [00:24<00:17, 92.57it/s]
 63%|██████▎   | 2760/4394 [00:24<00:16, 101.07it/s]
 63%|██████▎   | 2772/4394 [00:24<00:15, 104.08it/s]
 63%|██████▎   | 2784/4394 [00:24<00:15, 101.41it/s]
 64%|██████▎   | 2795/4394 [00:24<00:15, 103.40it/s]
 64%|██████▍   | 2809/4394 [00:24<00:14, 112.37it/s]
 64%|██████▍   | 2824/4394 [00:24<00:12, 121.46it/s]
 65%|██████▍   | 2837/4394 [00:24<00:12, 121.15it/s]
 65%|██████▍   | 2851/4394 [00:25<00:12, 126.15it/s]
 65%|██████▌   | 2864/4394 [00:25<00:12, 118.11it/s]
 65%|██████▌   | 2877/4394 [00:25<00:13, 115.20it/s]
 66%|██████▌   | 2890/4394 [00:25<00:12, 116.41it/s]
 66%|██████▌   | 2904/4394 [00:25<00:12, 120.87it/s]
 66%|██████▋   | 2917/4394 [00:25<00:11, 123.15it/s]
 67%|██████▋   | 2930/4394 [00:25<00:12, 121.51it/s]
 67%|██████▋   | 2943/4394 [00:25<00:12, 114.85it/s]
 67%|██████▋   | 2956/4394 [00:25<00:12, 118.83it/s]
 68%|██████▊   | 2969/4394 [00:26<00:11, 121.36it/s]
 68%|██████▊   | 2982/4394 [00:26<00:12, 113.92it/s]
 68%|██████▊   | 2994/4394 [00:26<00:12, 111.84it/s]
 68%|██████▊   | 3006/4394 [00:26<00:13, 102.06it/s]
 69%|██████▊   | 3019/4394 [00:26<00:12, 106.77it/s]
 69%|██████▉   | 3032/4394 [00:26<00:12, 111.59it/s]
 69%|██████▉   | 3046/4394 [00:26<00:11, 118.81it/s]
 70%|██████▉   | 3061/4394 [00:26<00:10, 126.52it/s]
 70%|██████▉   | 3075/4394 [00:26<00:10, 130.18it/s]
 70%|███████   | 3089/4394 [00:27<00:10, 124.45it/s]
 71%|███████   | 3102/4394 [00:27<00:10, 121.91it/s]
 71%|███████   | 3115/4394 [00:27<00:10, 122.92it/s]
 71%|███████   | 3128/4394 [00:27<00:10, 118.78it/s]
 72%|███████▏  | 3142/4394 [00:27<00:10, 124.13it/s]
 72%|███████▏  | 3155/4394 [00:27<00:10, 123.73it/s]
 72%|███████▏  | 3168/4394 [00:27<00:10, 122.27it/s]
 72%|███████▏  | 3181/4394 [00:27<00:10, 112.00it/s]
 73%|███████▎  | 3196/4394 [00:27<00:09, 119.97it/s]
 73%|███████▎  | 3209/4394 [00:28<00:09, 121.43it/s]
 73%|███████▎  | 3222/4394 [00:28<00:09, 123.65it/s]
 74%|███████▎  | 3236/4394 [00:28<00:09, 125.11it/s]
 74%|███████▍  | 3249/4394 [00:28<00:09, 123.60it/s]
 74%|███████▍  | 3262/4394 [00:28<00:09, 114.38it/s]
 75%|███████▍  | 3274/4394 [00:28<00:09, 114.76it/s]
 75%|███████▍  | 3288/4394 [00:28<00:09, 120.16it/s]
 75%|███████▌  | 3301/4394 [00:28<00:09, 114.54it/s]
 75%|███████▌  | 3314/4394 [00:28<00:09, 115.94it/s]
 76%|███████▌  | 3326/4394 [00:29<00:09, 116.64it/s]
 76%|███████▌  | 3338/4394 [00:29<00:09, 114.77it/s]
 76%|███████▋  | 3351/4394 [00:29<00:08, 118.01it/s]
 77%|███████▋  | 3365/4394 [00:29<00:08, 123.87it/s]
 77%|███████▋  | 3378/4394 [00:29<00:08, 122.57it/s]
 77%|███████▋  | 3391/4394 [00:29<00:12, 78.91it/s] 
 77%|███████▋  | 3404/4394 [00:29<00:11, 88.86it/s]
 78%|███████▊  | 3418/4394 [00:29<00:09, 99.98it/s]
 78%|███████▊  | 3430/4394 [00:30<00:09, 102.71it/s]
 78%|███████▊  | 3445/4394 [00:30<00:08, 114.09it/s]
 79%|███████▊  | 3458/4394 [00:30<00:09, 102.87it/s]
 79%|███████▉  | 3471/4394 [00:30<00:08, 109.25it/s]
 79%|███████▉  | 3484/4394 [00:30<00:07, 114.36it/s]
 80%|███████▉  | 3498/4394 [00:30<00:07, 120.30it/s]
 80%|███████▉  | 3511/4394 [00:30<00:07, 112.49it/s]
 80%|████████  | 3523/4394 [00:30<00:07, 113.59it/s]
 80%|████████  | 3535/4394 [00:31<00:08, 100.70it/s]
 81%|████████  | 3546/4394 [00:31<00:08, 94.94it/s] 
 81%|████████  | 3560/4394 [00:31<00:07, 105.08it/s]
 81%|████████▏ | 3572/4394 [00:31<00:07, 107.89it/s]
 82%|████████▏ | 3584/4394 [00:31<00:07, 110.74it/s]
 82%|████████▏ | 3597/4394 [00:31<00:06, 115.09it/s]
 82%|████████▏ | 3612/4394 [00:31<00:06, 124.25it/s]
 82%|████████▏ | 3625/4394 [00:31<00:06, 122.02it/s]
 83%|████████▎ | 3638/4394 [00:31<00:06, 120.53it/s]
 83%|████████▎ | 3652/4394 [00:32<00:06, 122.36it/s]
 83%|████████▎ | 3665/4394 [00:32<00:05, 122.14it/s]
 84%|████████▎ | 3679/4394 [00:32<00:05, 125.74it/s]
 84%|████████▍ | 3693/4394 [00:32<00:05, 128.69it/s]
 84%|████████▍ | 3707/4394 [00:32<00:05, 130.88it/s]
 85%|████████▍ | 3722/4394 [00:32<00:04, 135.63it/s]
 85%|████████▌ | 3736/4394 [00:32<00:05, 124.45it/s]
 85%|████████▌ | 3749/4394 [00:32<00:05, 114.45it/s]
 86%|████████▌ | 3762/4394 [00:32<00:05, 117.25it/s]
 86%|████████▌ | 3774/4394 [00:33<00:05, 117.44it/s]
 86%|████████▌ | 3789/4394 [00:33<00:04, 123.41it/s]
 87%|████████▋ | 3802/4394 [00:33<00:04, 121.77it/s]
 87%|████████▋ | 3815/4394 [00:33<00:04, 122.27it/s]
 87%|████████▋ | 3828/4394 [00:33<00:04, 114.66it/s]
 87%|████████▋ | 3840/4394 [00:33<00:04, 111.89it/s]
 88%|████████▊ | 3854/4394 [00:33<00:04, 119.42it/s]
 88%|████████▊ | 3868/4394 [00:33<00:04, 124.63it/s]
 88%|████████▊ | 3881/4394 [00:33<00:04, 122.48it/s]
 89%|████████▊ | 3894/4394 [00:34<00:04, 118.07it/s]
 89%|████████▉ | 3906/4394 [00:34<00:04, 118.57it/s]
 89%|████████▉ | 3918/4394 [00:34<00:04, 118.15it/s]
 89%|████████▉ | 3930/4394 [00:34<00:03, 117.22it/s]
 90%|████████▉ | 3942/4394 [00:34<00:03, 115.40it/s]
 90%|████████▉ | 3954/4394 [00:34<00:03, 113.61it/s]
 90%|█████████ | 3966/4394 [00:34<00:03, 115.00it/s]
 91%|█████████ | 3981/4394 [00:34<00:03, 122.89it/s]
 91%|█████████ | 3994/4394 [00:34<00:03, 116.16it/s]
 91%|█████████ | 4009/4394 [00:34<00:03, 124.64it/s]
 92%|█████████▏| 4023/4394 [00:35<00:03, 121.41it/s]
 92%|█████████▏| 4036/4394 [00:35<00:02, 122.05it/s]
 92%|█████████▏| 4049/4394 [00:35<00:04, 83.44it/s] 
 92%|█████████▏| 4062/4394 [00:35<00:03, 93.06it/s]
 93%|█████████▎| 4074/4394 [00:35<00:03, 98.60it/s]
 93%|█████████▎| 4086/4394 [00:35<00:03, 100.76it/s]
 93%|█████████▎| 4098/4394 [00:35<00:02, 104.04it/s]
 94%|█████████▎| 4111/4394 [00:36<00:02, 107.74it/s]
 94%|█████████▍| 4127/4394 [00:36<00:02, 121.53it/s]
 94%|█████████▍| 4141/4394 [00:36<00:02, 124.12it/s]
 95%|█████████▍| 4154/4394 [00:36<00:01, 120.39it/s]
 95%|█████████▍| 4167/4394 [00:36<00:01, 116.64it/s]
 95%|█████████▌| 4179/4394 [00:36<00:01, 108.03it/s]
 95%|█████████▌| 4191/4394 [00:36<00:01, 110.45it/s]
 96%|█████████▌| 4205/4394 [00:36<00:01, 118.39it/s]
 96%|█████████▌| 4219/4394 [00:36<00:01, 124.19it/s]
 96%|█████████▋| 4234/4394 [00:36<00:01, 128.84it/s]
 97%|█████████▋| 4248/4394 [00:37<00:01, 123.41it/s]
 97%|█████████▋| 4261/4394 [00:37<00:01, 124.60it/s]
 97%|█████████▋| 4275/4394 [00:37<00:00, 126.55it/s]
 98%|█████████▊| 4288/4394 [00:37<00:00, 123.41it/s]
 98%|█████████▊| 4304/4394 [00:37<00:00, 132.39it/s]
 98%|█████████▊| 4318/4394 [00:37<00:00, 130.60it/s]
 99%|█████████▊| 4332/4394 [00:37<00:00, 130.70it/s]
 99%|█████████▉| 4346/4394 [00:37<00:00, 128.49it/s]
 99%|█████████▉| 4360/4394 [00:37<00:00, 128.85it/s]
100%|█████████▉| 4373/4394 [00:38<00:00, 127.21it/s]
100%|█████████▉| 4387/4394 [00:38<00:00, 128.49it/s]
100%|██████████| 4394/4394 [00:38<00:00, 114.89it/s]
/ibex/user/shoaibsa/miniconda3/envs/py312/lib/python3.12/site-packages/alignn/graphs.py:1176: UserWarning: Creating a tensor from a list of numpy.ndarrays is extremely slow. Please consider converting the list to a single numpy.ndarray with numpy.array() before converting to a tensor. (Triggered internally at /pytorch/torch/csrc/utils/tensor_new.cpp:253.)
  self.lattices = torch.tensor(self.lattices).type(

  0%|          | 0/4394 [00:00<?, ?it/s]
  7%|▋         | 306/4394 [00:00<00:01, 3054.73it/s]
 15%|█▍        | 658/4394 [00:00<00:01, 3327.32it/s]
 23%|██▎       | 993/4394 [00:00<00:01, 3336.53it/s]
 31%|███       | 1343/4394 [00:00<00:00, 3385.39it/s]
 38%|███▊      | 1683/4394 [00:00<00:00, 3389.34it/s]
 46%|████▌     | 2024/4394 [00:00<00:00, 3394.47it/s]
 54%|█████▍    | 2364/4394 [00:00<00:00, 3390.09it/s]
 62%|██████▏   | 2704/4394 [00:00<00:00, 3380.02it/s]
 69%|██████▉   | 3043/4394 [00:00<00:00, 3374.19it/s]
 77%|███████▋  | 3392/4394 [00:01<00:00, 3407.74it/s]
 85%|████████▍ | 3733/4394 [00:01<00:00, 2127.23it/s]
 93%|█████████▎| 4078/4394 [00:01<00:00, 2409.61it/s]
100%|██████████| 4394/4394 [00:01<00:00, 2944.70it/s]

  0%|          | 0/549 [00:00<?, ?it/s]
  2%|▏         | 11/549 [00:00<00:05, 104.97it/s]
  4%|▍         | 24/549 [00:00<00:04, 113.88it/s]
  7%|▋         | 36/549 [00:00<00:04, 108.63it/s]
  9%|▊         | 47/549 [00:00<00:04, 104.92it/s]
 11%|█         | 58/549 [00:00<00:04, 103.92it/s]
 13%|█▎        | 72/549 [00:00<00:04, 114.84it/s]
 16%|█▌        | 86/549 [00:00<00:03, 120.32it/s]
 18%|█▊        | 100/549 [00:00<00:03, 125.17it/s]
 21%|██        | 113/549 [00:00<00:03, 126.30it/s]
 23%|██▎       | 126/549 [00:01<00:03, 113.69it/s]
 25%|██▌       | 138/549 [00:01<00:03, 115.31it/s]
 27%|██▋       | 150/549 [00:01<00:03, 114.80it/s]
 30%|███       | 165/549 [00:01<00:03, 124.36it/s]
 32%|███▏      | 178/549 [00:01<00:03, 111.79it/s]
 35%|███▍      | 190/549 [00:01<00:03, 112.32it/s]
 37%|███▋      | 203/549 [00:01<00:02, 116.32it/s]
 39%|███▉      | 215/549 [00:01<00:02, 114.65it/s]
 41%|████▏     | 227/549 [00:01<00:02, 110.93it/s]
 44%|████▍     | 242/549 [00:02<00:02, 119.35it/s]
 46%|████▋     | 255/549 [00:02<00:02, 121.97it/s]
 49%|████▉     | 269/549 [00:02<00:02, 125.91it/s]
 51%|█████▏    | 282/549 [00:02<00:02, 125.97it/s]
 54%|█████▎    | 295/549 [00:02<00:02, 123.23it/s]
 57%|█████▋    | 311/549 [00:02<00:01, 132.29it/s]
 59%|█████▉    | 325/549 [00:02<00:01, 130.20it/s]
 62%|██████▏   | 339/549 [00:02<00:01, 130.15it/s]
 64%|██████▍   | 353/549 [00:03<00:01, 104.11it/s]
 66%|██████▋   | 365/549 [00:03<00:01, 105.38it/s]
 69%|██████▉   | 379/549 [00:03<00:01, 112.01it/s]
 72%|███████▏  | 394/549 [00:03<00:01, 120.68it/s]
 74%|███████▍  | 407/549 [00:03<00:01, 116.30it/s]
 76%|███████▋  | 419/549 [00:03<00:01, 104.76it/s]
 79%|███████▊  | 432/549 [00:03<00:01, 109.35it/s]
 81%|████████▏ | 447/549 [00:03<00:00, 119.51it/s]
 84%|████████▍ | 461/549 [00:03<00:00, 120.03it/s]
 86%|████████▋ | 474/549 [00:04<00:00, 119.79it/s]
 89%|████████▊ | 487/549 [00:04<00:00, 114.54it/s]
 91%|█████████ | 500/549 [00:04<00:00, 117.61it/s]
 93%|█████████▎| 512/549 [00:04<00:00, 106.61it/s]
 96%|█████████▌| 525/549 [00:04<00:00, 112.08it/s]
 98%|█████████▊| 539/549 [00:04<00:00, 116.73it/s]
100%|██████████| 549/549 [00:04<00:00, 116.45it/s]

  0%|          | 0/549 [00:00<?, ?it/s]
 62%|██████▏   | 343/549 [00:00<00:00, 3421.66it/s]
100%|██████████| 549/549 [00:00<00:00, 3387.88it/s]

  0%|          | 0/549 [00:00<?, ?it/s]
  2%|▏         | 13/549 [00:00<00:04, 115.95it/s]
  5%|▍         | 26/549 [00:00<00:04, 122.48it/s]
  7%|▋         | 39/549 [00:00<00:08, 61.58it/s] 
  9%|▉         | 52/549 [00:00<00:06, 76.80it/s]
 12%|█▏        | 66/549 [00:00<00:05, 91.24it/s]
 15%|█▍        | 80/549 [00:00<00:04, 102.28it/s]
 17%|█▋        | 92/549 [00:01<00:04, 94.32it/s] 
 19%|█▉        | 105/549 [00:01<00:04, 102.75it/s]
 21%|██▏       | 117/549 [00:01<00:04, 106.62it/s]
 23%|██▎       | 129/549 [00:01<00:03, 109.99it/s]
 26%|██▌       | 142/549 [00:01<00:03, 114.54it/s]
 28%|██▊       | 154/549 [00:01<00:03, 108.33it/s]
 31%|███       | 168/549 [00:01<00:03, 114.79it/s]
 34%|███▎      | 184/549 [00:01<00:02, 126.51it/s]
 36%|███▌      | 197/549 [00:01<00:02, 125.92it/s]
 39%|███▊      | 212/549 [00:01<00:02, 131.36it/s]
 41%|████      | 226/549 [00:02<00:02, 124.12it/s]
 44%|████▎     | 240/549 [00:02<00:02, 126.52it/s]
 46%|████▌     | 253/549 [00:02<00:02, 114.28it/s]
 49%|████▉     | 268/549 [00:02<00:02, 123.57it/s]
 51%|█████     | 281/549 [00:02<00:02, 122.96it/s]
 54%|█████▎    | 294/549 [00:02<00:02, 120.79it/s]
 56%|█████▌    | 307/549 [00:02<00:02, 111.76it/s]
 59%|█████▊    | 322/549 [00:02<00:01, 120.59it/s]
 61%|██████    | 335/549 [00:03<00:01, 119.86it/s]
 64%|██████▍   | 352/549 [00:03<00:01, 131.44it/s]
 67%|██████▋   | 366/549 [00:03<00:01, 133.16it/s]
 69%|██████▉   | 380/549 [00:03<00:01, 128.86it/s]
 72%|███████▏  | 394/549 [00:03<00:01, 120.53it/s]
 74%|███████▍  | 407/549 [00:03<00:01, 117.74it/s]
 76%|███████▋  | 419/549 [00:03<00:01, 117.76it/s]
 79%|███████▉  | 434/549 [00:03<00:00, 124.11it/s]
 81%|████████▏ | 447/549 [00:03<00:00, 123.19it/s]
 84%|████████▍ | 462/549 [00:04<00:00, 130.60it/s]
 87%|████████▋ | 477/549 [00:04<00:00, 134.97it/s]
 89%|████████▉ | 491/549 [00:04<00:00, 131.00it/s]
 92%|█████████▏| 505/549 [00:04<00:00, 128.87it/s]
 94%|█████████▍| 518/549 [00:04<00:00, 128.60it/s]
 97%|█████████▋| 532/549 [00:04<00:00, 129.28it/s]
100%|█████████▉| 547/549 [00:04<00:00, 135.15it/s]
100%|██████████| 549/549 [00:04<00:00, 117.86it/s]

  0%|          | 0/549 [00:00<?, ?it/s]
 62%|██████▏   | 343/549 [00:00<00:00, 3422.96it/s]
100%|██████████| 549/549 [00:00<00:00, 3490.66it/s]
/ibex/user/shoaibsa/Intrinsic_Dimensionality_ML_Materials/ALIGNN/ALIGNN_MP/alignn/train.py:503: UserWarning: Detected call of `lr_scheduler.step()` before `optimizer.step()`. In PyTorch 1.1.0 and later, you should call them in the opposite order: `optimizer.step()` before `lr_scheduler.step()`.  Failure to do this will result in PyTorch skipping the first value of the learning rate schedule. See more details at https://pytorch.org/docs/stable/optim.html#how-to-adjust-learning-rate
  scheduler.step()
