world_size 1
root_dir partitions/kvrh_half_1
[Seed] random_seed=123, split_seed=123
len dataset 5493
train_stress False
starting from this file
[Subspace][Fastfood] D=85,953, d=68,762, padded n=131,072.
  Fastfood diagonals + permutation: ~2.50 MB (vs. dense P would need ~22.02 GB).
  Compute per forward: O(n log n) ~ 2,228,224 ops.
[Subspace] D=85,953, d=68,762
================================================================
[MEM REPORT] Wrapped model (runtime footprint)
Trainable params : 68,762
All params       : 154,715  (604.36 KB)
Buffers          : 610,481  (2.83 MB)
Optimizer(AdamW) ~ 537.20 KB
----------------------------------------------------------------
Estimated total (params + buffers + opt): 3.94 MB
----------------------------------------------------------------
CUDA live: allocated=3.43 MB, reserved=26.00 MB, device=cuda:0
================================================================
Not using LMDB dataset, memory footprint maybe high.
WARNING: not using LMDB might result errors.
MAX val: 2.7596678446896306
MIN val: 0.0
MAD: 0.29127891133341216
Baseline MAE: 0.2938985203356294
data range 2.7596678446896306 0.0
Converting to graphs!
df         target  ...            jid
0     2.037426  ...  mb-kvrh-03631
1     1.447158  ...  mb-kvrh-06465
2     2.017033  ...  mb-kvrh-08277
3     1.612784  ...  mb-kvrh-03264
4     1.612784  ...  mb-kvrh-08408
...        ...  ...            ...
4389  1.342423  ...  mb-kvrh-05735
4390  2.037426  ...  mb-kvrh-06426
4391  1.792392  ...  mb-kvrh-05301
4392  2.025306  ...  mb-kvrh-03061
4393  2.240549  ...  mb-kvrh-04949

[4394 rows x 3 columns]
warning: could not load CGCNN features for 103
Setting it to max atomic number available here, 103
warning: could not load CGCNN features for 101
Setting it to max atomic number available here, 103
warning: could not load CGCNN features for 102
Setting it to max atomic number available here, 103
building line graphs
data range 2.7363965022766426 0.0
Converting to graphs!
df        target                                              atoms            jid
0    2.220108  {'lattice_mat': [[1.516e-05, 3.01291734, 3.012...  mb-kvrh-01235
1    1.491362  {'lattice_mat': [[2.84732318, 2.84763272, 0.00...  mb-kvrh-10287
2    2.113943  {'lattice_mat': [[4.96667822, -1.56875651, 5.7...  mb-kvrh-10560
3    2.139879  {'lattice_mat': [[-5.61e-06, 3.26009415, 3.260...  mb-kvrh-04319
4    1.518514  {'lattice_mat': [[4.62466899, 0.0, 0.0], [-2.3...  mb-kvrh-10353
..        ...                                                ...            ...
544  1.602060  {'lattice_mat': [[0.0, 3.72152259, 3.72152259]...  mb-kvrh-08794
545  2.130334  {'lattice_mat': [[3.6842474, 0.0, -1.38001836]...  mb-kvrh-00642
546  2.053078  {'lattice_mat': [[5.78725283, 0.0, 0.0], [0.0,...  mb-kvrh-03733
547  1.544068  {'lattice_mat': [[2.99e-06, 4.00549743, 4.0054...  mb-kvrh-04463
548  1.880814  {'lattice_mat': [[0.0, 3.55536379, 3.55536379]...  mb-kvrh-03863

[549 rows x 3 columns]
building line graphs
data range 2.639486489268586 0.0
Converting to graphs!
df        target                                              atoms            jid
0    1.477121  {'lattice_mat': [[6.771248, 0.0, 0.0], [-3.385...  mb-kvrh-07175
1    1.845098  {'lattice_mat': [[0.0, 3.5996172, 3.5996172], ...  mb-kvrh-01968
2    2.292256  {'lattice_mat': [[5.21247777, 0.0, 0.0], [-2.6...  mb-kvrh-02081
3    2.004321  {'lattice_mat': [[-3.18990771, 3.18990771, -2....  mb-kvrh-06068
4    1.414973  {'lattice_mat': [[6.60607977, -0.01861596, 4.2...  mb-kvrh-10520
..        ...                                                ...            ...
544  2.068186  {'lattice_mat': [[3.87883669, -0.00012588, 9.1...  mb-kvrh-01346
545  1.929419  {'lattice_mat': [[4.07153946, 0.0, 0.0], [-2.0...  mb-kvrh-01340
546  2.385606  {'lattice_mat': [[4.80771592, 0.0, 0.0], [-2.4...  mb-kvrh-04602
547  1.342423  {'lattice_mat': [[6.08908327, 0.0, 0.0], [-3.0...  mb-kvrh-02672
548  1.568202  {'lattice_mat': [[0.0, 4.03342112, 4.03342112]...  mb-kvrh-07226

[549 rows x 3 columns]
building line graphs
n_train: 4394
n_val  : 549
n_test : 549
rank 0
world_size 1
config: {'version': '9c9ee23de543322c97e5d622a81e929e4dbfc141', 'dataset': 'user_data', 'target': 'target', 'atom_features': 'cgcnn', 'neighbor_strategy': 'k-nearest', 'id_tag': 'jid', 'dtype': 'float32', 'random_seed': 123, 'classification_threshold': None, 'n_val': None, 'n_test': None, 'n_train': None, 'train_ratio': 0.8, 'val_ratio': 0.1, 'test_ratio': 0.1, 'target_multiplication_factor': None, 'epochs': 120, 'batch_size': 64, 'gpu_memory_fraction': None, 'use_amp': False, 'ddp_find_unused_parameters': False, 'deterministic': False, 'weight_decay': 0.0, 'learning_rate': 0.001, 'filename': 'sample', 'warmup_steps': 2000, 'criterion': 'mse', 'optimizer': 'adamw', 'scheduler': 'onecycle', 'pin_memory': True, 'save_dataloader': False, 'write_checkpoint': True, 'write_predictions': True, 'store_outputs': True, 'progress': True, 'log_tensorboard': False, 'standard_scalar_and_pca': False, 'use_canonize': True, 'compute_line_graph': True, 'num_workers': 2, 'cutoff': 8.0, 'cutoff_extra': 3.0, 'three_body_cutoff': 3.5, 'max_neighbors': 12, 'keep_data_order': False, 'normalize_graph_level_loss': False, 'distributed': True, 'data_parallel': False, 'n_early_stopping': None, 'output_dir': '../results_alignn_log_kvrh_partitions_fastfood/kvrh_half_1/alignn_log_kvrh_fastfood_kvrh_half_1_dim80_seed123_epochs120', 'use_lmdb': False, 'read_existing': False, 'model': {'name': 'alignn_atomwise', 'alignn_layers': 1, 'gcn_layers': 1, 'atom_input_features': 92, 'edge_input_features': 80, 'triplet_input_features': 40, 'embedding_features': 64, 'hidden_features': 64, 'output_features': 1, 'grad_multiplier': -1, 'calculate_gradient': False, 'atomwise_output_features': 0, 'graphwise_weight': 1.0, 'gradwise_weight': 0.0, 'stresswise_weight': 0.0, 'atomwise_weight': 0.0, 'link': 'identity', 'zero_inflated': False, 'classification': False, 'force_mult_natoms': False, 'energy_mult_natoms': True, 'include_pos_deriv': False, 'use_cutoff_function': False, 'inner_cutoff': 3.0, 'stress_multiplier': 1.0, 'add_reverse_forces': True, 'lg_on_fly': True, 'batch_stress': True, 'multiply_cutoff': False, 'use_penalty': True, 'extra_features': 0, 'exponent': 5, 'penalty_factor': 0.1, 'penalty_threshold': 1.0, 'additional_output_features': 0, 'additional_output_weight': 0.0}}
{'atom_features': 'cgcnn',
 'batch_size': 64,
 'classification_threshold': None,
 'compute_line_graph': True,
 'criterion': 'mse',
 'cutoff': 8.0,
 'cutoff_extra': 3.0,
 'data_parallel': False,
 'dataset': 'user_data',
 'ddp_find_unused_parameters': False,
 'deterministic': False,
 'distributed': True,
 'dtype': 'float32',
 'epochs': 120,
 'filename': 'sample',
 'gpu_memory_fraction': None,
 'id_tag': 'jid',
 'keep_data_order': False,
 'learning_rate': 0.001,
 'log_tensorboard': False,
 'max_neighbors': 12,
 'model': {'add_reverse_forces': True,
           'additional_output_features': 0,
           'additional_output_weight': 0.0,
           'alignn_layers': 1,
           'atom_input_features': 92,
           'atomwise_output_features': 0,
           'atomwise_weight': 0.0,
           'batch_stress': True,
           'calculate_gradient': False,
           'classification': False,
           'edge_input_features': 80,
           'embedding_features': 64,
           'energy_mult_natoms': True,
           'exponent': 5,
           'extra_features': 0,
           'force_mult_natoms': False,
           'gcn_layers': 1,
           'grad_multiplier': -1,
           'gradwise_weight': 0.0,
           'graphwise_weight': 1.0,
           'hidden_features': 64,
           'include_pos_deriv': False,
           'inner_cutoff': 3.0,
           'lg_on_fly': True,
           'link': 'identity',
           'multiply_cutoff': False,
           'name': 'alignn_atomwise',
           'output_features': 1,
           'penalty_factor': 0.1,
           'penalty_threshold': 1.0,
           'stress_multiplier': 1.0,
           'stresswise_weight': 0.0,
           'triplet_input_features': 40,
           'use_cutoff_function': False,
           'use_penalty': True,
           'zero_inflated': False},
 'n_early_stopping': None,
 'n_test': None,
 'n_train': None,
 'n_val': None,
 'neighbor_strategy': 'k-nearest',
 'normalize_graph_level_loss': False,
 'num_workers': 2,
 'optimizer': 'adamw',
 'output_dir': '../results_alignn_log_kvrh_partitions_fastfood/kvrh_half_1/alignn_log_kvrh_fastfood_kvrh_half_1_dim80_seed123_epochs120',
 'pin_memory': True,
 'progress': True,
 'random_seed': 123,
 'read_existing': False,
 'save_dataloader': False,
 'scheduler': 'onecycle',
 'standard_scalar_and_pca': False,
 'store_outputs': True,
 'target': 'target',
 'target_multiplication_factor': None,
 'test_ratio': 0.1,
 'three_body_cutoff': 3.5,
 'train_ratio': 0.8,
 'use_amp': False,
 'use_canonize': True,
 'use_lmdb': False,
 'val_ratio': 0.1,
 'version': '9c9ee23de543322c97e5d622a81e929e4dbfc141',
 'warmup_steps': 2000,
 'weight_decay': 0.0,
 'write_checkpoint': True,
 'write_predictions': True}
[Seed] deterministic_mode=False

    _    _     ___ ____ _   _ _   _
   / \  | |   |_ _/ ___| \ | | \ | |
  / _ \ | |    | | |  _|  \| |  \| |
 / ___ \| |___ | | |_| | |\  | |\  |
/_/   \_\_____|___\____|_| \_|_| \_|

Model parameters 154715
CUDA available True
CUDA device count 1
   GPU: NVIDIA A100-SXM4-80GB. Max memory: 79.252 GB. Platform = Linux.
   Pytorch: 2.11.0+cu128. CUDA = 8.0. CUDA Toolkit = 12.8.

Train Loss:  Epoch    Total      Graph      Atom       Grad       Stress     Addn.      Time      
             0        19.2432    19.2432    0.0000     0.0000     0.0000     0.0000     4.45      
Val Loss:    Epoch    Total      Graph      Atom       Grad       Stress     Addn.      Time      
             0        1.2930     1.2930     0.0000     0.0000     0.0000     0.0000     0.39       Saving model
Train Loss:  Epoch    Total      Graph      Atom       Grad       Stress     Addn.      Time      
             1        10.0689    10.0689    0.0000     0.0000     0.0000     0.0000     5.05      
Val Loss:    Epoch    Total      Graph      Atom       Grad       Stress     Addn.      Time      
             1        1.4401     1.4401     0.0000     0.0000     0.0000     0.0000     0.39       Saving model
Train Loss:  Epoch    Total      Graph      Atom       Grad       Stress     Addn.      Time      
             2        9.5839     9.5839     0.0000     0.0000     0.0000     0.0000     4.34      
Val Loss:    Epoch    Total      Graph      Atom       Grad       Stress     Addn.      Time      
             2        1.2038     1.2038     0.0000     0.0000     0.0000     0.0000     0.39       Saving model
Train Loss:  Epoch    Total      Graph      Atom       Grad       Stress     Addn.      Time      
             3        9.1386     9.1386     0.0000     0.0000     0.0000     0.0000     4.07      
Val Loss:    Epoch    Total      Graph      Atom       Grad       Stress     Addn.      Time      
             3        1.1044     1.1044     0.0000     0.0000     0.0000     0.0000     0.39       Saving model
Train Loss:  Epoch    Total      Graph      Atom       Grad       Stress     Addn.      Time      
             4        8.7617     8.7617     0.0000     0.0000     0.0000     0.0000     4.06      
Val Loss:    Epoch    Total      Graph      Atom       Grad       Stress     Addn.      Time      
             4        0.9847     0.9847     0.0000     0.0000     0.0000     0.0000     0.39       Saving model
Train Loss:  Epoch    Total      Graph      Atom       Grad       Stress     Addn.      Time      
             5        8.3732     8.3732     0.0000     0.0000     0.0000     0.0000     4.09      
Val Loss:    Epoch    Total      Graph      Atom       Grad       Stress     Addn.      Time      
             5        1.0534     1.0534     0.0000     0.0000     0.0000     0.0000     0.40       Saving model
Train Loss:  Epoch    Total      Graph      Atom       Grad       Stress     Addn.      Time      
             6        8.1472     8.1472     0.0000     0.0000     0.0000     0.0000     4.76      
Val Loss:    Epoch    Total      Graph      Atom       Grad       Stress     Addn.      Time      
             6        1.2672     1.2672     0.0000     0.0000     0.0000     0.0000     0.39       Saving model
Train Loss:  Epoch    Total      Graph      Atom       Grad       Stress     Addn.      Time      
             7        8.0838     8.0838     0.0000     0.0000     0.0000     0.0000     4.95      
Val Loss:    Epoch    Total      Graph      Atom       Grad       Stress     Addn.      Time      
             7        0.9969     0.9969     0.0000     0.0000     0.0000     0.0000     0.38       Saving model
Train Loss:  Epoch    Total      Graph      Atom       Grad       Stress     Addn.      Time      
             8        8.1461     8.1461     0.0000     0.0000     0.0000     0.0000     4.16      
Val Loss:    Epoch    Total      Graph      Atom       Grad       Stress     Addn.      Time      
             8        1.2648     1.2648     0.0000     0.0000     0.0000     0.0000     0.39       Saving model
Train Loss:  Epoch    Total      Graph      Atom       Grad       Stress     Addn.      Time      
             9        7.6893     7.6893     0.0000     0.0000     0.0000     0.0000     4.15      
Val Loss:    Epoch    Total      Graph      Atom       Grad       Stress     Addn.      Time      
             9        0.9458     0.9458     0.0000     0.0000     0.0000     0.0000     0.72       Saving model
Train Loss:  Epoch    Total      Graph      Atom       Grad       Stress     Addn.      Time      
             10       7.5148     7.5148     0.0000     0.0000     0.0000     0.0000     4.15      
Val Loss:    Epoch    Total      Graph      Atom       Grad       Stress     Addn.      Time      
             10       0.9210     0.9210     0.0000     0.0000     0.0000     0.0000     0.39       Saving model
Train Loss:  Epoch    Total      Graph      Atom       Grad       Stress     Addn.      Time      
             11       7.7340     7.7340     0.0000     0.0000     0.0000     0.0000     4.15      
Val Loss:    Epoch    Total      Graph      Atom       Grad       Stress     Addn.      Time      
             11       1.0205     1.0205     0.0000     0.0000     0.0000     0.0000     0.38       Saving model
Train Loss:  Epoch    Total      Graph      Atom       Grad       Stress     Addn.      Time      
             12       8.4714     8.4714     0.0000     0.0000     0.0000     0.0000     4.62      
Val Loss:    Epoch    Total      Graph      Atom       Grad       Stress     Addn.      Time      
             12       0.9971     0.9971     0.0000     0.0000     0.0000     0.0000     0.39       Saving model
Train Loss:  Epoch    Total      Graph      Atom       Grad       Stress     Addn.      Time      
             13       7.0550     7.0550     0.0000     0.0000     0.0000     0.0000     5.23      
Val Loss:    Epoch    Total      Graph      Atom       Grad       Stress     Addn.      Time      
             13       0.9523     0.9523     0.0000     0.0000     0.0000     0.0000     0.38       Saving model
Train Loss:  Epoch    Total      Graph      Atom       Grad       Stress     Addn.      Time      
             14       6.6488     6.6488     0.0000     0.0000     0.0000     0.0000     4.13      
Val Loss:    Epoch    Total      Graph      Atom       Grad       Stress     Addn.      Time      
             14       0.9376     0.9376     0.0000     0.0000     0.0000     0.0000     0.38       Saving model
Train Loss:  Epoch    Total      Graph      Atom       Grad       Stress     Addn.      Time      
             15       7.1834     7.1834     0.0000     0.0000     0.0000     0.0000     4.15      
Val Loss:    Epoch    Total      Graph      Atom       Grad       Stress     Addn.      Time      
             15       1.1467     1.1467     0.0000     0.0000     0.0000     0.0000     0.38       Saving model
Train Loss:  Epoch    Total      Graph      Atom       Grad       Stress     Addn.      Time      
             16       7.4126     7.4126     0.0000     0.0000     0.0000     0.0000     4.14      
Val Loss:    Epoch    Total      Graph      Atom       Grad       Stress     Addn.      Time      
             16       0.8768     0.8768     0.0000     0.0000     0.0000     0.0000     0.41       Saving model
Train Loss:  Epoch    Total      Graph      Atom       Grad       Stress     Addn.      Time      
             17       6.6767     6.6767     0.0000     0.0000     0.0000     0.0000     4.42      
Val Loss:    Epoch    Total      Graph      Atom       Grad       Stress     Addn.      Time      
             17       0.9662     0.9662     0.0000     0.0000     0.0000     0.0000     0.39       Saving model
Train Loss:  Epoch    Total      Graph      Atom       Grad       Stress     Addn.      Time      
             18       6.9864     6.9864     0.0000     0.0000     0.0000     0.0000     4.51      
Val Loss:    Epoch    Total      Graph      Atom       Grad       Stress     Addn.      Time      
             18       0.9895     0.9895     0.0000     0.0000     0.0000     0.0000     0.41       Saving model
Train Loss:  Epoch    Total      Graph      Atom       Grad       Stress     Addn.      Time      
             19       6.4208     6.4208     0.0000     0.0000     0.0000     0.0000     4.89      
Val Loss:    Epoch    Total      Graph      Atom       Grad       Stress     Addn.      Time      
             19       0.8662     0.8662     0.0000     0.0000     0.0000     0.0000     0.38       Saving model
Train Loss:  Epoch    Total      Graph      Atom       Grad       Stress     Addn.      Time      
             20       6.8101     6.8101     0.0000     0.0000     0.0000     0.0000     4.32      
Val Loss:    Epoch    Total      Graph      Atom       Grad       Stress     Addn.      Time      
             20       0.8334     0.8334     0.0000     0.0000     0.0000     0.0000     0.39       Saving model
Train Loss:  Epoch    Total      Graph      Atom       Grad       Stress     Addn.      Time      
             21       6.4090     6.4090     0.0000     0.0000     0.0000     0.0000     4.40      
Val Loss:    Epoch    Total      Graph      Atom       Grad       Stress     Addn.      Time      
             21       0.8356     0.8356     0.0000     0.0000     0.0000     0.0000     0.39       Saving model
Train Loss:  Epoch    Total      Graph      Atom       Grad       Stress     Addn.      Time      
             22       6.5574     6.5574     0.0000     0.0000     0.0000     0.0000     4.05      
Val Loss:    Epoch    Total      Graph      Atom       Grad       Stress     Addn.      Time      
             22       1.2428     1.2428     0.0000     0.0000     0.0000     0.0000     0.38       Saving model
Train Loss:  Epoch    Total      Graph      Atom       Grad       Stress     Addn.      Time      
             23       6.2546     6.2546     0.0000     0.0000     0.0000     0.0000     4.03      
Val Loss:    Epoch    Total      Graph      Atom       Grad       Stress     Addn.      Time      
             23       0.9469     0.9469     0.0000     0.0000     0.0000     0.0000     0.39       Saving model
Train Loss:  Epoch    Total      Graph      Atom       Grad       Stress     Addn.      Time      
             24       6.1556     6.1556     0.0000     0.0000     0.0000     0.0000     4.04      
Val Loss:    Epoch    Total      Graph      Atom       Grad       Stress     Addn.      Time      
             24       0.9067     0.9067     0.0000     0.0000     0.0000     0.0000     0.75       Saving model
Train Loss:  Epoch    Total      Graph      Atom       Grad       Stress     Addn.      Time      
             25       6.0293     6.0293     0.0000     0.0000     0.0000     0.0000     4.48      
Val Loss:    Epoch    Total      Graph      Atom       Grad       Stress     Addn.      Time      
             25       0.8240     0.8240     0.0000     0.0000     0.0000     0.0000     0.38       Saving model
Train Loss:  Epoch    Total      Graph      Atom       Grad       Stress     Addn.      Time      
             26       6.2405     6.2405     0.0000     0.0000     0.0000     0.0000     4.51      
Val Loss:    Epoch    Total      Graph      Atom       Grad       Stress     Addn.      Time      
             26       0.8020     0.8020     0.0000     0.0000     0.0000     0.0000     0.39       Saving model
Train Loss:  Epoch    Total      Graph      Atom       Grad       Stress     Addn.      Time      
             27       6.1539     6.1539     0.0000     0.0000     0.0000     0.0000     4.05      
Val Loss:    Epoch    Total      Graph      Atom       Grad       Stress     Addn.      Time      
             27       0.8196     0.8196     0.0000     0.0000     0.0000     0.0000     0.40       Saving model
Train Loss:  Epoch    Total      Graph      Atom       Grad       Stress     Addn.      Time      
             28       6.1365     6.1365     0.0000     0.0000     0.0000     0.0000     4.35      
Val Loss:    Epoch    Total      Graph      Atom       Grad       Stress     Addn.      Time      
             28       1.0448     1.0448     0.0000     0.0000     0.0000     0.0000     0.38       Saving model
Train Loss:  Epoch    Total      Graph      Atom       Grad       Stress     Addn.      Time      
             29       6.0712     6.0712     0.0000     0.0000     0.0000     0.0000     4.04      
Val Loss:    Epoch    Total      Graph      Atom       Grad       Stress     Addn.      Time      
             29       0.8065     0.8065     0.0000     0.0000     0.0000     0.0000     0.39       Saving model
Train Loss:  Epoch    Total      Graph      Atom       Grad       Stress     Addn.      Time      
             30       6.0876     6.0876     0.0000     0.0000     0.0000     0.0000     4.05      
Val Loss:    Epoch    Total      Graph      Atom       Grad       Stress     Addn.      Time      
             30       0.8798     0.8798     0.0000     0.0000     0.0000     0.0000     0.39       Saving model
Train Loss:  Epoch    Total      Graph      Atom       Grad       Stress     Addn.      Time      
             31       5.7315     5.7315     0.0000     0.0000     0.0000     0.0000     4.53      
Val Loss:    Epoch    Total      Graph      Atom       Grad       Stress     Addn.      Time      
             31       0.8435     0.8435     0.0000     0.0000     0.0000     0.0000     0.38       Saving model
Train Loss:  Epoch    Total      Graph      Atom       Grad       Stress     Addn.      Time      
             32       5.7327     5.7327     0.0000     0.0000     0.0000     0.0000     5.28      
Val Loss:    Epoch    Total      Graph      Atom       Grad       Stress     Addn.      Time      
             32       0.8305     0.8305     0.0000     0.0000     0.0000     0.0000     0.37       Saving model
Train Loss:  Epoch    Total      Graph      Atom       Grad       Stress     Addn.      Time      
             33       5.6007     5.6007     0.0000     0.0000     0.0000     0.0000     4.10      
Val Loss:    Epoch    Total      Graph      Atom       Grad       Stress     Addn.      Time      
             33       0.8593     0.8593     0.0000     0.0000     0.0000     0.0000     0.38       Saving model
Train Loss:  Epoch    Total      Graph      Atom       Grad       Stress     Addn.      Time      
             34       5.6799     5.6799     0.0000     0.0000     0.0000     0.0000     4.02      
Val Loss:    Epoch    Total      Graph      Atom       Grad       Stress     Addn.      Time      
             34       0.7493     0.7493     0.0000     0.0000     0.0000     0.0000     0.39       Saving model
Train Loss:  Epoch    Total      Graph      Atom       Grad       Stress     Addn.      Time      
             35       5.7362     5.7362     0.0000     0.0000     0.0000     0.0000     4.35      
Val Loss:    Epoch    Total      Graph      Atom       Grad       Stress     Addn.      Time      
             35       0.8979     0.8979     0.0000     0.0000     0.0000     0.0000     0.39       Saving model
Train Loss:  Epoch    Total      Graph      Atom       Grad       Stress     Addn.      Time      
             36       6.0261     6.0261     0.0000     0.0000     0.0000     0.0000     4.03      
Val Loss:    Epoch    Total      Graph      Atom       Grad       Stress     Addn.      Time      
             36       0.7615     0.7615     0.0000     0.0000     0.0000     0.0000     0.39       Saving model
Train Loss:  Epoch    Total      Graph      Atom       Grad       Stress     Addn.      Time      
             37       5.3471     5.3471     0.0000     0.0000     0.0000     0.0000     4.51      
Val Loss:    Epoch    Total      Graph      Atom       Grad       Stress     Addn.      Time      
             37       0.7562     0.7562     0.0000     0.0000     0.0000     0.0000     0.39       Saving model
Train Loss:  Epoch    Total      Graph      Atom       Grad       Stress     Addn.      Time      
             38       5.4459     5.4459     0.0000     0.0000     0.0000     0.0000     4.62      
Val Loss:    Epoch    Total      Graph      Atom       Grad       Stress     Addn.      Time      
             38       0.8477     0.8477     0.0000     0.0000     0.0000     0.0000     0.39       Saving model
Train Loss:  Epoch    Total      Graph      Atom       Grad       Stress     Addn.      Time      
             39       5.4535     5.4535     0.0000     0.0000     0.0000     0.0000     5.88      
Val Loss:    Epoch    Total      Graph      Atom       Grad       Stress     Addn.      Time      
             39       0.8662     0.8662     0.0000     0.0000     0.0000     0.0000     0.39       Saving model
Train Loss:  Epoch    Total      Graph      Atom       Grad       Stress     Addn.      Time      
             40       5.4921     5.4921     0.0000     0.0000     0.0000     0.0000     4.06      
Val Loss:    Epoch    Total      Graph      Atom       Grad       Stress     Addn.      Time      
             40       0.7634     0.7634     0.0000     0.0000     0.0000     0.0000     0.38       Saving model
Train Loss:  Epoch    Total      Graph      Atom       Grad       Stress     Addn.      Time      
             41       5.3800     5.3800     0.0000     0.0000     0.0000     0.0000     4.05      
Val Loss:    Epoch    Total      Graph      Atom       Grad       Stress     Addn.      Time      
             41       0.7351     0.7351     0.0000     0.0000     0.0000     0.0000     0.39       Saving model
Train Loss:  Epoch    Total      Graph      Atom       Grad       Stress     Addn.      Time      
             42       5.7524     5.7524     0.0000     0.0000     0.0000     0.0000     4.08      
Val Loss:    Epoch    Total      Graph      Atom       Grad       Stress     Addn.      Time      
             42       0.8512     0.8512     0.0000     0.0000     0.0000     0.0000     0.39       Saving model
Train Loss:  Epoch    Total      Graph      Atom       Grad       Stress     Addn.      Time      
             43       5.4992     5.4992     0.0000     0.0000     0.0000     0.0000     4.77      
Val Loss:    Epoch    Total      Graph      Atom       Grad       Stress     Addn.      Time      
             43       0.7693     0.7693     0.0000     0.0000     0.0000     0.0000     0.39       Saving model
Train Loss:  Epoch    Total      Graph      Atom       Grad       Stress     Addn.      Time      
             44       5.1684     5.1684     0.0000     0.0000     0.0000     0.0000     4.64      
Val Loss:    Epoch    Total      Graph      Atom       Grad       Stress     Addn.      Time      
             44       0.7679     0.7679     0.0000     0.0000     0.0000     0.0000     0.39       Saving model
Train Loss:  Epoch    Total      Graph      Atom       Grad       Stress     Addn.      Time      
             45       5.8559     5.8559     0.0000     0.0000     0.0000     0.0000     4.23      
Val Loss:    Epoch    Total      Graph      Atom       Grad       Stress     Addn.      Time      
             45       0.9321     0.9321     0.0000     0.0000     0.0000     0.0000     0.38       Saving model
Train Loss:  Epoch    Total      Graph      Atom       Grad       Stress     Addn.      Time      
             46       5.2564     5.2564     0.0000     0.0000     0.0000     0.0000     4.05      
Val Loss:    Epoch    Total      Graph      Atom       Grad       Stress     Addn.      Time      
             46       0.7860     0.7860     0.0000     0.0000     0.0000     0.0000     0.39       Saving model
Train Loss:  Epoch    Total      Graph      Atom       Grad       Stress     Addn.      Time      
             47       5.5114     5.5114     0.0000     0.0000     0.0000     0.0000     4.43      
Val Loss:    Epoch    Total      Graph      Atom       Grad       Stress     Addn.      Time      
             47       0.7414     0.7414     0.0000     0.0000     0.0000     0.0000     0.38       Saving model
Train Loss:  Epoch    Total      Graph      Atom       Grad       Stress     Addn.      Time      
             48       5.2484     5.2484     0.0000     0.0000     0.0000     0.0000     4.04      
Val Loss:    Epoch    Total      Graph      Atom       Grad       Stress     Addn.      Time      
             48       0.7519     0.7519     0.0000     0.0000     0.0000     0.0000     0.39       Saving model
Train Loss:  Epoch    Total      Graph      Atom       Grad       Stress     Addn.      Time      
             49       5.1261     5.1261     0.0000     0.0000     0.0000     0.0000     4.08      
Val Loss:    Epoch    Total      Graph      Atom       Grad       Stress     Addn.      Time      
             49       0.7729     0.7729     0.0000     0.0000     0.0000     0.0000     0.79       Saving model
Train Loss:  Epoch    Total      Graph      Atom       Grad       Stress     Addn.      Time      
             50       5.0050     5.0050     0.0000     0.0000     0.0000     0.0000     4.08      
Val Loss:    Epoch    Total      Graph      Atom       Grad       Stress     Addn.      Time      
             50       0.7632     0.7632     0.0000     0.0000     0.0000     0.0000     0.40       Saving model
Train Loss:  Epoch    Total      Graph      Atom       Grad       Stress     Addn.      Time      
             51       5.4910     5.4910     0.0000     0.0000     0.0000     0.0000     5.17      
Val Loss:    Epoch    Total      Graph      Atom       Grad       Stress     Addn.      Time      
             51       0.7772     0.7772     0.0000     0.0000     0.0000     0.0000     0.39       Saving model
Train Loss:  Epoch    Total      Graph      Atom       Grad       Stress     Addn.      Time      
             52       5.0971     5.0971     0.0000     0.0000     0.0000     0.0000     4.04      
Val Loss:    Epoch    Total      Graph      Atom       Grad       Stress     Addn.      Time      
             52       0.7553     0.7553     0.0000     0.0000     0.0000     0.0000     0.39       Saving model
Train Loss:  Epoch    Total      Graph      Atom       Grad       Stress     Addn.      Time      
             53       5.3213     5.3213     0.0000     0.0000     0.0000     0.0000     4.05      
Val Loss:    Epoch    Total      Graph      Atom       Grad       Stress     Addn.      Time      
             53       0.7593     0.7593     0.0000     0.0000     0.0000     0.0000     0.39       Saving model
Train Loss:  Epoch    Total      Graph      Atom       Grad       Stress     Addn.      Time      
             54       5.1204     5.1204     0.0000     0.0000     0.0000     0.0000     4.04      
Val Loss:    Epoch    Total      Graph      Atom       Grad       Stress     Addn.      Time      
             54       0.7573     0.7573     0.0000     0.0000     0.0000     0.0000     0.39       Saving model
Train Loss:  Epoch    Total      Graph      Atom       Grad       Stress     Addn.      Time      
             55       5.2066     5.2066     0.0000     0.0000     0.0000     0.0000     4.47      
Val Loss:    Epoch    Total      Graph      Atom       Grad       Stress     Addn.      Time      
             55       0.7334     0.7334     0.0000     0.0000     0.0000     0.0000     0.38       Saving model
Train Loss:  Epoch    Total      Graph      Atom       Grad       Stress     Addn.      Time      
             56       4.9358     4.9358     0.0000     0.0000     0.0000     0.0000     4.45      
Val Loss:    Epoch    Total      Graph      Atom       Grad       Stress     Addn.      Time      
             56       0.7663     0.7663     0.0000     0.0000     0.0000     0.0000     0.38       Saving model
Train Loss:  Epoch    Total      Graph      Atom       Grad       Stress     Addn.      Time      
             57       5.0325     5.0325     0.0000     0.0000     0.0000     0.0000     5.00      
Val Loss:    Epoch    Total      Graph      Atom       Grad       Stress     Addn.      Time      
             57       0.7190     0.7190     0.0000     0.0000     0.0000     0.0000     0.37       Saving model
Train Loss:  Epoch    Total      Graph      Atom       Grad       Stress     Addn.      Time      
             58       5.0151     5.0151     0.0000     0.0000     0.0000     0.0000     4.32      
Val Loss:    Epoch    Total      Graph      Atom       Grad       Stress     Addn.      Time      
             58       0.7348     0.7348     0.0000     0.0000     0.0000     0.0000     0.39       Saving model
Train Loss:  Epoch    Total      Graph      Atom       Grad       Stress     Addn.      Time      
             59       5.0977     5.0977     0.0000     0.0000     0.0000     0.0000     4.05      
Val Loss:    Epoch    Total      Graph      Atom       Grad       Stress     Addn.      Time      
             59       0.7712     0.7712     0.0000     0.0000     0.0000     0.0000     0.39       Saving model
Train Loss:  Epoch    Total      Graph      Atom       Grad       Stress     Addn.      Time      
             60       4.8382     4.8382     0.0000     0.0000     0.0000     0.0000     4.03      
Val Loss:    Epoch    Total      Graph      Atom       Grad       Stress     Addn.      Time      
             60       0.7808     0.7808     0.0000     0.0000     0.0000     0.0000     0.38       Saving model
Train Loss:  Epoch    Total      Graph      Atom       Grad       Stress     Addn.      Time      
             61       4.8144     4.8144     0.0000     0.0000     0.0000     0.0000     4.05      
Val Loss:    Epoch    Total      Graph      Atom       Grad       Stress     Addn.      Time      
             61       0.7879     0.7879     0.0000     0.0000     0.0000     0.0000     0.39       Saving model
Train Loss:  Epoch    Total      Graph      Atom       Grad       Stress     Addn.      Time      
             62       5.2043     5.2043     0.0000     0.0000     0.0000     0.0000     4.91      
Val Loss:    Epoch    Total      Graph      Atom       Grad       Stress     Addn.      Time      
             62       0.8882     0.8882     0.0000     0.0000     0.0000     0.0000     0.39       Saving model
Train Loss:  Epoch    Total      Graph      Atom       Grad       Stress     Addn.      Time      
             63       5.0804     5.0804     0.0000     0.0000     0.0000     0.0000     4.87      
Val Loss:    Epoch    Total      Graph      Atom       Grad       Stress     Addn.      Time      
             63       0.7863     0.7863     0.0000     0.0000     0.0000     0.0000     0.63       Saving model
Train Loss:  Epoch    Total      Graph      Atom       Grad       Stress     Addn.      Time      
             64       4.8647     4.8647     0.0000     0.0000     0.0000     0.0000     3.98      
Val Loss:    Epoch    Total      Graph      Atom       Grad       Stress     Addn.      Time      
             64       0.7557     0.7557     0.0000     0.0000     0.0000     0.0000     0.39       Saving model
Train Loss:  Epoch    Total      Graph      Atom       Grad       Stress     Addn.      Time      
             65       4.8533     4.8533     0.0000     0.0000     0.0000     0.0000     4.04      
Val Loss:    Epoch    Total      Graph      Atom       Grad       Stress     Addn.      Time      
             65       0.8219     0.8219     0.0000     0.0000     0.0000     0.0000     0.39       Saving model
Train Loss:  Epoch    Total      Graph      Atom       Grad       Stress     Addn.      Time      
             66       4.6293     4.6293     0.0000     0.0000     0.0000     0.0000     4.04      
Val Loss:    Epoch    Total      Graph      Atom       Grad       Stress     Addn.      Time      
             66       0.7525     0.7525     0.0000     0.0000     0.0000     0.0000     0.38       Saving model
Train Loss:  Epoch    Total      Graph      Atom       Grad       Stress     Addn.      Time      
             67       4.7984     4.7984     0.0000     0.0000     0.0000     0.0000     4.45      
Val Loss:    Epoch    Total      Graph      Atom       Grad       Stress     Addn.      Time      
             67       0.7536     0.7536     0.0000     0.0000     0.0000     0.0000     0.39       Saving model
Train Loss:  Epoch    Total      Graph      Atom       Grad       Stress     Addn.      Time      
             68       4.7384     4.7384     0.0000     0.0000     0.0000     0.0000     4.42      
Val Loss:    Epoch    Total      Graph      Atom       Grad       Stress     Addn.      Time      
             68       0.7557     0.7557     0.0000     0.0000     0.0000     0.0000     0.39       Saving model
Train Loss:  Epoch    Total      Graph      Atom       Grad       Stress     Addn.      Time      
             69       4.7842     4.7842     0.0000     0.0000     0.0000     0.0000     4.06      
Val Loss:    Epoch    Total      Graph      Atom       Grad       Stress     Addn.      Time      
             69       0.6967     0.6967     0.0000     0.0000     0.0000     0.0000     0.39       Saving model
Train Loss:  Epoch    Total      Graph      Atom       Grad       Stress     Addn.      Time      
             70       4.6762     4.6762     0.0000     0.0000     0.0000     0.0000     4.99      
Val Loss:    Epoch    Total      Graph      Atom       Grad       Stress     Addn.      Time      
             70       0.7170     0.7170     0.0000     0.0000     0.0000     0.0000     0.39       Saving model
Train Loss:  Epoch    Total      Graph      Atom       Grad       Stress     Addn.      Time      
             71       4.6742     4.6742     0.0000     0.0000     0.0000     0.0000     4.32      
Val Loss:    Epoch    Total      Graph      Atom       Grad       Stress     Addn.      Time      
             71       0.7187     0.7187     0.0000     0.0000     0.0000     0.0000     0.39       Saving model
Train Loss:  Epoch    Total      Graph      Atom       Grad       Stress     Addn.      Time      
             72       4.7092     4.7092     0.0000     0.0000     0.0000     0.0000     4.05      
Val Loss:    Epoch    Total      Graph      Atom       Grad       Stress     Addn.      Time      
             72       0.7146     0.7146     0.0000     0.0000     0.0000     0.0000     0.38       Saving model
Train Loss:  Epoch    Total      Graph      Atom       Grad       Stress     Addn.      Time      
             73       4.3945     4.3945     0.0000     0.0000     0.0000     0.0000     4.04      
Val Loss:    Epoch    Total      Graph      Atom       Grad       Stress     Addn.      Time      
             73       0.6965     0.6965     0.0000     0.0000     0.0000     0.0000     0.39       Saving model
Train Loss:  Epoch    Total      Graph      Atom       Grad       Stress     Addn.      Time      
             74       4.5999     4.5999     0.0000     0.0000     0.0000     0.0000     4.07      
Val Loss:    Epoch    Total      Graph      Atom       Grad       Stress     Addn.      Time      
             74       0.8033     0.8033     0.0000     0.0000     0.0000     0.0000     0.39       Saving model
Train Loss:  Epoch    Total      Graph      Atom       Grad       Stress     Addn.      Time      
             75       4.6472     4.6472     0.0000     0.0000     0.0000     0.0000     4.77      
Val Loss:    Epoch    Total      Graph      Atom       Grad       Stress     Addn.      Time      
             75       0.7277     0.7277     0.0000     0.0000     0.0000     0.0000     0.38       Saving model
Train Loss:  Epoch    Total      Graph      Atom       Grad       Stress     Addn.      Time      
             76       4.5006     4.5006     0.0000     0.0000     0.0000     0.0000     5.01      
Val Loss:    Epoch    Total      Graph      Atom       Grad       Stress     Addn.      Time      
             76       0.7258     0.7258     0.0000     0.0000     0.0000     0.0000     0.38       Saving model
Train Loss:  Epoch    Total      Graph      Atom       Grad       Stress     Addn.      Time      
             77       4.5708     4.5708     0.0000     0.0000     0.0000     0.0000     4.04      
Val Loss:    Epoch    Total      Graph      Atom       Grad       Stress     Addn.      Time      
             77       0.7461     0.7461     0.0000     0.0000     0.0000     0.0000     0.39       Saving model
Train Loss:  Epoch    Total      Graph      Atom       Grad       Stress     Addn.      Time      
             78       4.4347     4.4347     0.0000     0.0000     0.0000     0.0000     4.03      
Val Loss:    Epoch    Total      Graph      Atom       Grad       Stress     Addn.      Time      
             78       0.7587     0.7587     0.0000     0.0000     0.0000     0.0000     0.39       Saving model
Train Loss:  Epoch    Total      Graph      Atom       Grad       Stress     Addn.      Time      
             79       4.3236     4.3236     0.0000     0.0000     0.0000     0.0000     4.44      
Val Loss:    Epoch    Total      Graph      Atom       Grad       Stress     Addn.      Time      
             79       0.7147     0.7147     0.0000     0.0000     0.0000     0.0000     0.38       Saving model
Train Loss:  Epoch    Total      Graph      Atom       Grad       Stress     Addn.      Time      
             80       4.4183     4.4183     0.0000     0.0000     0.0000     0.0000     4.05      
Val Loss:    Epoch    Total      Graph      Atom       Grad       Stress     Addn.      Time      
             80       0.7687     0.7687     0.0000     0.0000     0.0000     0.0000     0.39       Saving model
Train Loss:  Epoch    Total      Graph      Atom       Grad       Stress     Addn.      Time      
             81       4.5091     4.5091     0.0000     0.0000     0.0000     0.0000     4.41      
Val Loss:    Epoch    Total      Graph      Atom       Grad       Stress     Addn.      Time      
             81       0.7575     0.7575     0.0000     0.0000     0.0000     0.0000     0.39       Saving model
Train Loss:  Epoch    Total      Graph      Atom       Grad       Stress     Addn.      Time      
             82       4.2726     4.2726     0.0000     0.0000     0.0000     0.0000     4.71      
Val Loss:    Epoch    Total      Graph      Atom       Grad       Stress     Addn.      Time      
             82       0.6935     0.6935     0.0000     0.0000     0.0000     0.0000     0.39       Saving model
Train Loss:  Epoch    Total      Graph      Atom       Grad       Stress     Addn.      Time      
             83       4.3689     4.3689     0.0000     0.0000     0.0000     0.0000     4.65      
Val Loss:    Epoch    Total      Graph      Atom       Grad       Stress     Addn.      Time      
             83       0.7633     0.7633     0.0000     0.0000     0.0000     0.0000     0.38       Saving model
Train Loss:  Epoch    Total      Graph      Atom       Grad       Stress     Addn.      Time      
             84       4.3562     4.3562     0.0000     0.0000     0.0000     0.0000     4.06      
Val Loss:    Epoch    Total      Graph      Atom       Grad       Stress     Addn.      Time      
             84       0.7300     0.7300     0.0000     0.0000     0.0000     0.0000     0.40       Saving model
Train Loss:  Epoch    Total      Graph      Atom       Grad       Stress     Addn.      Time      
             85       4.2798     4.2798     0.0000     0.0000     0.0000     0.0000     4.08      
Val Loss:    Epoch    Total      Graph      Atom       Grad       Stress     Addn.      Time      
             85       0.7358     0.7358     0.0000     0.0000     0.0000     0.0000     0.38       Saving model
Train Loss:  Epoch    Total      Graph      Atom       Grad       Stress     Addn.      Time      
             86       4.5195     4.5195     0.0000     0.0000     0.0000     0.0000     4.36      
Val Loss:    Epoch    Total      Graph      Atom       Grad       Stress     Addn.      Time      
             86       0.6990     0.6990     0.0000     0.0000     0.0000     0.0000     0.39       Saving model
Train Loss:  Epoch    Total      Graph      Atom       Grad       Stress     Addn.      Time      
             87       4.1472     4.1472     0.0000     0.0000     0.0000     0.0000     4.49      
Val Loss:    Epoch    Total      Graph      Atom       Grad       Stress     Addn.      Time      
             87       0.7233     0.7233     0.0000     0.0000     0.0000     0.0000     0.39       Saving model
Train Loss:  Epoch    Total      Graph      Atom       Grad       Stress     Addn.      Time      
             88       4.2391     4.2391     0.0000     0.0000     0.0000     0.0000     4.10      
Val Loss:    Epoch    Total      Graph      Atom       Grad       Stress     Addn.      Time      
             88       0.7603     0.7603     0.0000     0.0000     0.0000     0.0000     0.84       Saving model
Train Loss:  Epoch    Total      Graph      Atom       Grad       Stress     Addn.      Time      
             89       4.2744     4.2744     0.0000     0.0000     0.0000     0.0000     4.55      
Val Loss:    Epoch    Total      Graph      Atom       Grad       Stress     Addn.      Time      
             89       0.7467     0.7467     0.0000     0.0000     0.0000     0.0000     0.39       Saving model
Train Loss:  Epoch    Total      Graph      Atom       Grad       Stress     Addn.      Time      
             90       4.2296     4.2296     0.0000     0.0000     0.0000     0.0000     4.45      
Val Loss:    Epoch    Total      Graph      Atom       Grad       Stress     Addn.      Time      
             90       0.7571     0.7571     0.0000     0.0000     0.0000     0.0000     0.39       Saving model
Train Loss:  Epoch    Total      Graph      Atom       Grad       Stress     Addn.      Time      
             91       4.2803     4.2803     0.0000     0.0000     0.0000     0.0000     4.06      
Val Loss:    Epoch    Total      Graph      Atom       Grad       Stress     Addn.      Time      
             91       0.7457     0.7457     0.0000     0.0000     0.0000     0.0000     0.39       Saving model
Train Loss:  Epoch    Total      Graph      Atom       Grad       Stress     Addn.      Time      
             92       4.2494     4.2494     0.0000     0.0000     0.0000     0.0000     4.09      
Val Loss:    Epoch    Total      Graph      Atom       Grad       Stress     Addn.      Time      
             92       0.8236     0.8236     0.0000     0.0000     0.0000     0.0000     0.39       Saving model
Train Loss:  Epoch    Total      Graph      Atom       Grad       Stress     Addn.      Time      
             93       4.4445     4.4445     0.0000     0.0000     0.0000     0.0000     4.34      
Val Loss:    Epoch    Total      Graph      Atom       Grad       Stress     Addn.      Time      
             93       0.7644     0.7644     0.0000     0.0000     0.0000     0.0000     0.39       Saving model
Train Loss:  Epoch    Total      Graph      Atom       Grad       Stress     Addn.      Time      
             94       4.5209     4.5209     0.0000     0.0000     0.0000     0.0000     4.49      
Val Loss:    Epoch    Total      Graph      Atom       Grad       Stress     Addn.      Time      
             94       0.7564     0.7564     0.0000     0.0000     0.0000     0.0000     0.39       Saving model
Train Loss:  Epoch    Total      Graph      Atom       Grad       Stress     Addn.      Time      
             95       4.1592     4.1592     0.0000     0.0000     0.0000     0.0000     4.89      
Val Loss:    Epoch    Total      Graph      Atom       Grad       Stress     Addn.      Time      
             95       0.7217     0.7217     0.0000     0.0000     0.0000     0.0000     0.38       Saving model
Train Loss:  Epoch    Total      Graph      Atom       Grad       Stress     Addn.      Time      
             96       4.4727     4.4727     0.0000     0.0000     0.0000     0.0000     4.05      
Val Loss:    Epoch    Total      Graph      Atom       Grad       Stress     Addn.      Time      
             96       0.7090     0.7090     0.0000     0.0000     0.0000     0.0000     0.39       Saving model
Train Loss:  Epoch    Total      Graph      Atom       Grad       Stress     Addn.      Time      
             97       4.3146     4.3146     0.0000     0.0000     0.0000     0.0000     4.33      
Val Loss:    Epoch    Total      Graph      Atom       Grad       Stress     Addn.      Time      
             97       0.7665     0.7665     0.0000     0.0000     0.0000     0.0000     0.38       Saving model
Train Loss:  Epoch    Total      Graph      Atom       Grad       Stress     Addn.      Time      
             98       4.1433     4.1433     0.0000     0.0000     0.0000     0.0000     4.04      
Val Loss:    Epoch    Total      Graph      Atom       Grad       Stress     Addn.      Time      
             98       0.7042     0.7042     0.0000     0.0000     0.0000     0.0000     0.39       Saving model
Train Loss:  Epoch    Total      Graph      Atom       Grad       Stress     Addn.      Time      
             99       4.3191     4.3191     0.0000     0.0000     0.0000     0.0000     4.07      
Val Loss:    Epoch    Total      Graph      Atom       Grad       Stress     Addn.      Time      
             99       0.7307     0.7307     0.0000     0.0000     0.0000     0.0000     0.39       Saving model
Train Loss:  Epoch    Total      Graph      Atom       Grad       Stress     Addn.      Time      
             100      4.0282     4.0282     0.0000     0.0000     0.0000     0.0000     4.53      
Val Loss:    Epoch    Total      Graph      Atom       Grad       Stress     Addn.      Time      
             100      0.6973     0.6973     0.0000     0.0000     0.0000     0.0000     0.39       Saving model
Train Loss:  Epoch    Total      Graph      Atom       Grad       Stress     Addn.      Time      
             101      4.2883     4.2883     0.0000     0.0000     0.0000     0.0000     4.74      
Val Loss:    Epoch    Total      Graph      Atom       Grad       Stress     Addn.      Time      
             101      0.8032     0.8032     0.0000     0.0000     0.0000     0.0000     0.62       Saving model
Train Loss:  Epoch    Total      Graph      Atom       Grad       Stress     Addn.      Time      
             102      4.1715     4.1715     0.0000     0.0000     0.0000     0.0000     5.65      
Val Loss:    Epoch    Total      Graph      Atom       Grad       Stress     Addn.      Time      
             102      0.7708     0.7708     0.0000     0.0000     0.0000     0.0000     0.39       Saving model
Train Loss:  Epoch    Total      Graph      Atom       Grad       Stress     Addn.      Time      
             103      4.3481     4.3481     0.0000     0.0000     0.0000     0.0000     4.04      
Val Loss:    Epoch    Total      Graph      Atom       Grad       Stress     Addn.      Time      
             103      0.6974     0.6974     0.0000     0.0000     0.0000     0.0000     0.39       Saving model
Train Loss:  Epoch    Total      Graph      Atom       Grad       Stress     Addn.      Time      
             104      4.0269     4.0269     0.0000     0.0000     0.0000     0.0000     4.08      
Val Loss:    Epoch    Total      Graph      Atom       Grad       Stress     Addn.      Time      
             104      0.6994     0.6994     0.0000     0.0000     0.0000     0.0000     0.39       Saving model
Train Loss:  Epoch    Total      Graph      Atom       Grad       Stress     Addn.      Time      
             105      4.0765     4.0765     0.0000     0.0000     0.0000     0.0000     4.06      
Val Loss:    Epoch    Total      Graph      Atom       Grad       Stress     Addn.      Time      
             105      0.7315     0.7315     0.0000     0.0000     0.0000     0.0000     0.39       Saving model
Train Loss:  Epoch    Total      Graph      Atom       Grad       Stress     Addn.      Time      
             106      4.0539     4.0539     0.0000     0.0000     0.0000     0.0000     5.01      
Val Loss:    Epoch    Total      Graph      Atom       Grad       Stress     Addn.      Time      
             106      0.7263     0.7263     0.0000     0.0000     0.0000     0.0000     0.39       Saving model
Train Loss:  Epoch    Total      Graph      Atom       Grad       Stress     Addn.      Time      
             107      4.1157     4.1157     0.0000     0.0000     0.0000     0.0000     4.72      
Val Loss:    Epoch    Total      Graph      Atom       Grad       Stress     Addn.      Time      
             107      0.7850     0.7850     0.0000     0.0000     0.0000     0.0000     0.61       Saving model
Train Loss:  Epoch    Total      Graph      Atom       Grad       Stress     Addn.      Time      
             108      4.0925     4.0925     0.0000     0.0000     0.0000     0.0000     4.00      
Val Loss:    Epoch    Total      Graph      Atom       Grad       Stress     Addn.      Time      
             108      0.6928     0.6928     0.0000     0.0000     0.0000     0.0000     0.38       Saving model
Train Loss:  Epoch    Total      Graph      Atom       Grad       Stress     Addn.      Time      
             109      4.1425     4.1425     0.0000     0.0000     0.0000     0.0000     4.35      
Val Loss:    Epoch    Total      Graph      Atom       Grad       Stress     Addn.      Time      
             109      0.8781     0.8781     0.0000     0.0000     0.0000     0.0000     0.38       Saving model
Train Loss:  Epoch    Total      Graph      Atom       Grad       Stress     Addn.      Time      
             110      4.1271     4.1271     0.0000     0.0000     0.0000     0.0000     4.06      
Val Loss:    Epoch    Total      Graph      Atom       Grad       Stress     Addn.      Time      
             110      0.7220     0.7220     0.0000     0.0000     0.0000     0.0000     0.39       Saving model
Train Loss:  Epoch    Total      Graph      Atom       Grad       Stress     Addn.      Time      
             111      3.9655     3.9655     0.0000     0.0000     0.0000     0.0000     4.04      
Val Loss:    Epoch    Total      Graph      Atom       Grad       Stress     Addn.      Time      
             111      0.7564     0.7564     0.0000     0.0000     0.0000     0.0000     0.38       Saving model
Train Loss:  Epoch    Total      Graph      Atom       Grad       Stress     Addn.      Time      
             112      3.8571     3.8571     0.0000     0.0000     0.0000     0.0000     4.40      
Val Loss:    Epoch    Total      Graph      Atom       Grad       Stress     Addn.      Time      
             112      0.6733     0.6733     0.0000     0.0000     0.0000     0.0000     0.38       Saving model
Train Loss:  Epoch    Total      Graph      Atom       Grad       Stress     Addn.      Time      
             113      3.9717     3.9717     0.0000     0.0000     0.0000     0.0000     4.42      
Val Loss:    Epoch    Total      Graph      Atom       Grad       Stress     Addn.      Time      
             113      0.6992     0.6992     0.0000     0.0000     0.0000     0.0000     0.75       Saving model
Train Loss:  Epoch    Total      Graph      Atom       Grad       Stress     Addn.      Time      
             114      4.0133     4.0133     0.0000     0.0000     0.0000     0.0000     4.53      
Val Loss:    Epoch    Total      Graph      Atom       Grad       Stress     Addn.      Time      
             114      0.7434     0.7434     0.0000     0.0000     0.0000     0.0000     0.39       Saving model
Train Loss:  Epoch    Total      Graph      Atom       Grad       Stress     Addn.      Time      
             115      3.9452     3.9452     0.0000     0.0000     0.0000     0.0000     4.04      
Val Loss:    Epoch    Total      Graph      Atom       Grad       Stress     Addn.      Time      
             115      0.7550     0.7550     0.0000     0.0000     0.0000     0.0000     0.39       Saving model
Train Loss:  Epoch    Total      Graph      Atom       Grad       Stress     Addn.      Time      
             116      3.8814     3.8814     0.0000     0.0000     0.0000     0.0000     4.05      
Val Loss:    Epoch    Total      Graph      Atom       Grad       Stress     Addn.      Time      
             116      0.6996     0.6996     0.0000     0.0000     0.0000     0.0000     0.38       Saving model
Train Loss:  Epoch    Total      Graph      Atom       Grad       Stress     Addn.      Time      
             117      3.7441     3.7441     0.0000     0.0000     0.0000     0.0000     4.03      
Val Loss:    Epoch    Total      Graph      Atom       Grad       Stress     Addn.      Time      
             117      0.7304     0.7304     0.0000     0.0000     0.0000     0.0000     0.66       Saving model
Train Loss:  Epoch    Total      Graph      Atom       Grad       Stress     Addn.      Time      
             118      3.7861     3.7861     0.0000     0.0000     0.0000     0.0000     4.04      
Val Loss:    Epoch    Total      Graph      Atom       Grad       Stress     Addn.      Time      
             118      0.7560     0.7560     0.0000     0.0000     0.0000     0.0000     0.38       Saving model
Train Loss:  Epoch    Total      Graph      Atom       Grad       Stress     Addn.      Time      
             119      4.0315     4.0315     0.0000     0.0000     0.0000     0.0000     4.45      
Val Loss:    Epoch    Total      Graph      Atom       Grad       Stress     Addn.      Time      
             119      0.7148     0.7148     0.0000     0.0000     0.0000     0.0000     0.39       Saving model
Test MAE: 0.08738640889878264
Time taken (s) 585.1948356628418
Error: The source file 'prediction_results_test_set.csv' was not found.
Error: The source file 'history_val_mae.json' was not found.

  0%|          | 0/4394 [00:00<?, ?it/s]
  0%|          | 10/4394 [00:00<00:46, 94.21it/s]
  1%|          | 23/4394 [00:00<00:39, 111.46it/s]
  1%|          | 35/4394 [00:00<00:39, 111.25it/s]
  1%|          | 47/4394 [00:00<00:38, 113.83it/s]
  1%|▏         | 59/4394 [00:00<00:57, 75.85it/s] 
  2%|▏         | 72/4394 [00:00<00:49, 87.18it/s]
  2%|▏         | 86/4394 [00:00<00:43, 100.04it/s]
  2%|▏         | 99/4394 [00:00<00:39, 107.60it/s]
  3%|▎         | 115/4394 [00:01<00:36, 118.82it/s]
  3%|▎         | 128/4394 [00:01<00:35, 121.31it/s]
  3%|▎         | 143/4394 [00:01<00:33, 126.02it/s]
  4%|▎         | 157/4394 [00:01<00:32, 128.93it/s]
  4%|▍         | 171/4394 [00:01<00:32, 130.89it/s]
  4%|▍         | 185/4394 [00:01<00:33, 124.27it/s]
  5%|▍         | 199/4394 [00:01<00:32, 127.32it/s]
  5%|▍         | 212/4394 [00:01<00:36, 114.64it/s]
  5%|▌         | 224/4394 [00:02<00:38, 108.21it/s]
  5%|▌         | 236/4394 [00:02<00:38, 108.54it/s]
  6%|▌         | 250/4394 [00:02<00:36, 113.66it/s]
  6%|▌         | 262/4394 [00:02<00:35, 115.07it/s]
  6%|▌         | 274/4394 [00:02<00:35, 116.44it/s]
  7%|▋         | 286/4394 [00:02<00:35, 116.98it/s]
  7%|▋         | 300/4394 [00:02<00:33, 122.42it/s]
  7%|▋         | 313/4394 [00:02<00:34, 119.57it/s]
  7%|▋         | 327/4394 [00:02<00:32, 125.36it/s]
  8%|▊         | 343/4394 [00:02<00:30, 133.10it/s]
  8%|▊         | 357/4394 [00:03<00:30, 133.95it/s]
  8%|▊         | 371/4394 [00:03<00:31, 125.96it/s]
  9%|▉         | 385/4394 [00:03<00:31, 128.40it/s]
  9%|▉         | 398/4394 [00:03<00:33, 119.84it/s]
  9%|▉         | 412/4394 [00:03<00:31, 125.08it/s]
 10%|▉         | 426/4394 [00:03<00:30, 128.98it/s]
 10%|█         | 440/4394 [00:03<00:33, 116.96it/s]
 10%|█         | 454/4394 [00:03<00:32, 122.32it/s]
 11%|█         | 468/4394 [00:03<00:31, 126.42it/s]
 11%|█         | 483/4394 [00:04<00:29, 132.83it/s]
 11%|█▏        | 497/4394 [00:04<00:31, 123.52it/s]
 12%|█▏        | 510/4394 [00:04<00:32, 121.37it/s]
 12%|█▏        | 524/4394 [00:04<00:30, 126.33it/s]
 12%|█▏        | 537/4394 [00:04<00:33, 115.18it/s]
 13%|█▎        | 550/4394 [00:04<00:32, 118.60it/s]
 13%|█▎        | 565/4394 [00:04<00:30, 125.63it/s]
 13%|█▎        | 581/4394 [00:04<00:28, 133.88it/s]
 14%|█▎        | 595/4394 [00:05<00:43, 87.37it/s] 
 14%|█▍        | 607/4394 [00:05<00:40, 93.89it/s]
 14%|█▍        | 622/4394 [00:05<00:35, 106.12it/s]
 14%|█▍        | 635/4394 [00:05<00:33, 111.37it/s]
 15%|█▍        | 650/4394 [00:05<00:31, 118.26it/s]
 15%|█▌        | 664/4394 [00:05<00:30, 122.31it/s]
 15%|█▌        | 678/4394 [00:05<00:29, 126.89it/s]
 16%|█▌        | 692/4394 [00:05<00:32, 114.90it/s]
 16%|█▌        | 705/4394 [00:06<00:33, 109.96it/s]
 16%|█▋        | 717/4394 [00:06<00:33, 111.19it/s]
 17%|█▋        | 729/4394 [00:06<00:35, 104.22it/s]
 17%|█▋        | 743/4394 [00:06<00:32, 111.21it/s]
 17%|█▋        | 755/4394 [00:06<00:32, 112.96it/s]
 17%|█▋        | 767/4394 [00:06<00:32, 110.32it/s]
 18%|█▊        | 779/4394 [00:06<00:34, 106.19it/s]
 18%|█▊        | 790/4394 [00:06<00:35, 101.28it/s]
 18%|█▊        | 802/4394 [00:06<00:33, 105.76it/s]
 19%|█▊        | 816/4394 [00:07<00:31, 113.86it/s]
 19%|█▉        | 829/4394 [00:07<00:30, 117.86it/s]
 19%|█▉        | 842/4394 [00:07<00:29, 119.90it/s]
 19%|█▉        | 855/4394 [00:07<00:29, 121.70it/s]
 20%|█▉        | 869/4394 [00:07<00:28, 125.82it/s]
 20%|██        | 883/4394 [00:07<00:27, 127.83it/s]
 20%|██        | 896/4394 [00:07<00:31, 109.59it/s]
 21%|██        | 909/4394 [00:07<00:30, 114.61it/s]
 21%|██        | 921/4394 [00:07<00:31, 111.65it/s]
 21%|██▏       | 936/4394 [00:08<00:28, 119.59it/s]
 22%|██▏       | 949/4394 [00:08<00:28, 120.51it/s]
 22%|██▏       | 962/4394 [00:08<00:28, 120.62it/s]
 22%|██▏       | 976/4394 [00:08<00:27, 123.23it/s]
 23%|██▎       | 990/4394 [00:08<00:26, 126.52it/s]
 23%|██▎       | 1003/4394 [00:08<00:27, 122.01it/s]
 23%|██▎       | 1016/4394 [00:08<00:27, 121.13it/s]
 23%|██▎       | 1031/4394 [00:08<00:26, 128.74it/s]
 24%|██▍       | 1045/4394 [00:08<00:25, 131.13it/s]
 24%|██▍       | 1059/4394 [00:09<00:26, 127.64it/s]
 24%|██▍       | 1072/4394 [00:09<00:39, 83.50it/s] 
 25%|██▍       | 1086/4394 [00:09<00:34, 94.65it/s]
 25%|██▍       | 1098/4394 [00:09<00:33, 98.38it/s]
 25%|██▌       | 1111/4394 [00:09<00:31, 103.14it/s]
 26%|██▌       | 1126/4394 [00:09<00:28, 113.90it/s]
 26%|██▌       | 1141/4394 [00:09<00:26, 122.36it/s]
 26%|██▋       | 1155/4394 [00:09<00:25, 125.49it/s]
 27%|██▋       | 1169/4394 [00:10<00:26, 121.13it/s]
 27%|██▋       | 1183/4394 [00:10<00:25, 124.29it/s]
 27%|██▋       | 1196/4394 [00:10<00:27, 115.55it/s]
 28%|██▊       | 1209/4394 [00:10<00:27, 117.08it/s]
 28%|██▊       | 1221/4394 [00:10<00:27, 116.98it/s]
 28%|██▊       | 1235/4394 [00:10<00:25, 122.52it/s]
 28%|██▊       | 1249/4394 [00:10<00:24, 127.23it/s]
 29%|██▊       | 1262/4394 [00:10<00:25, 122.53it/s]
 29%|██▉       | 1276/4394 [00:10<00:24, 124.80it/s]
 29%|██▉       | 1289/4394 [00:11<00:24, 124.70it/s]
 30%|██▉       | 1303/4394 [00:11<00:24, 126.96it/s]
 30%|██▉       | 1316/4394 [00:11<00:24, 127.60it/s]
 30%|███       | 1329/4394 [00:11<00:24, 125.09it/s]
 31%|███       | 1342/4394 [00:11<00:24, 125.94it/s]
 31%|███       | 1355/4394 [00:11<00:26, 114.51it/s]
 31%|███       | 1368/4394 [00:11<00:25, 118.09it/s]
 31%|███▏      | 1381/4394 [00:11<00:25, 120.33it/s]
 32%|███▏      | 1396/4394 [00:11<00:23, 125.98it/s]
 32%|███▏      | 1409/4394 [00:12<00:23, 125.47it/s]
 32%|███▏      | 1423/4394 [00:12<00:23, 128.00it/s]
 33%|███▎      | 1436/4394 [00:12<00:26, 111.04it/s]
 33%|███▎      | 1448/4394 [00:12<00:26, 112.68it/s]
 33%|███▎      | 1460/4394 [00:12<00:25, 113.43it/s]
 34%|███▎      | 1473/4394 [00:12<00:24, 118.01it/s]
 34%|███▍      | 1487/4394 [00:12<00:23, 122.57it/s]
 34%|███▍      | 1500/4394 [00:12<00:23, 124.47it/s]
 34%|███▍      | 1514/4394 [00:12<00:22, 126.55it/s]
 35%|███▍      | 1527/4394 [00:13<00:23, 124.49it/s]
 35%|███▌      | 1540/4394 [00:13<00:23, 123.38it/s]
 35%|███▌      | 1553/4394 [00:13<00:23, 120.96it/s]
 36%|███▌      | 1567/4394 [00:13<00:22, 124.69it/s]
 36%|███▌      | 1580/4394 [00:13<00:22, 122.88it/s]
 36%|███▋      | 1593/4394 [00:13<00:22, 123.60it/s]
 37%|███▋      | 1606/4394 [00:13<00:23, 120.11it/s]
 37%|███▋      | 1619/4394 [00:13<00:23, 120.28it/s]
 37%|███▋      | 1632/4394 [00:14<00:34, 79.74it/s] 
 37%|███▋      | 1644/4394 [00:14<00:31, 87.85it/s]
 38%|███▊      | 1659/4394 [00:14<00:26, 101.97it/s]
 38%|███▊      | 1671/4394 [00:14<00:26, 104.05it/s]
 38%|███▊      | 1687/4394 [00:14<00:22, 118.32it/s]
 39%|███▊      | 1701/4394 [00:14<00:22, 122.40it/s]
 39%|███▉      | 1714/4394 [00:14<00:21, 122.58it/s]
 39%|███▉      | 1727/4394 [00:14<00:24, 110.21it/s]
 40%|███▉      | 1741/4394 [00:14<00:22, 117.86it/s]
 40%|███▉      | 1754/4394 [00:15<00:22, 116.97it/s]
 40%|████      | 1767/4394 [00:15<00:22, 117.66it/s]
 41%|████      | 1780/4394 [00:15<00:22, 117.19it/s]
 41%|████      | 1792/4394 [00:15<00:22, 115.44it/s]
 41%|████      | 1804/4394 [00:15<00:23, 111.32it/s]
 41%|████▏     | 1817/4394 [00:15<00:22, 114.41it/s]
 42%|████▏     | 1832/4394 [00:15<00:20, 124.05it/s]
 42%|████▏     | 1845/4394 [00:15<00:20, 123.38it/s]
 42%|████▏     | 1858/4394 [00:15<00:21, 117.88it/s]
 43%|████▎     | 1871/4394 [00:16<00:21, 119.74it/s]
 43%|████▎     | 1884/4394 [00:16<00:20, 120.86it/s]
 43%|████▎     | 1897/4394 [00:16<00:23, 104.70it/s]
 43%|████▎     | 1909/4394 [00:16<00:23, 107.07it/s]
 44%|████▍     | 1923/4394 [00:16<00:22, 111.06it/s]
 44%|████▍     | 1936/4394 [00:16<00:21, 115.59it/s]
 44%|████▍     | 1948/4394 [00:16<00:20, 116.57it/s]
 45%|████▍     | 1961/4394 [00:16<00:21, 114.17it/s]
 45%|████▍     | 1973/4394 [00:16<00:21, 111.76it/s]
 45%|████▌     | 1985/4394 [00:17<00:21, 112.41it/s]
 46%|████▌     | 2000/4394 [00:17<00:20, 119.61it/s]
 46%|████▌     | 2013/4394 [00:17<00:20, 117.20it/s]
 46%|████▌     | 2027/4394 [00:17<00:19, 122.97it/s]
 46%|████▋     | 2040/4394 [00:17<00:21, 111.22it/s]
 47%|████▋     | 2052/4394 [00:17<00:38, 61.18it/s] 
 47%|████▋     | 2063/4394 [00:18<00:33, 69.35it/s]
 47%|████▋     | 2078/4394 [00:18<00:27, 83.98it/s]
 48%|████▊     | 2091/4394 [00:18<00:24, 93.40it/s]
 48%|████▊     | 2103/4394 [00:18<00:23, 98.48it/s]
 48%|████▊     | 2115/4394 [00:18<00:22, 101.98it/s]
 48%|████▊     | 2129/4394 [00:18<00:20, 110.93it/s]
 49%|████▊     | 2142/4394 [00:18<00:20, 107.35it/s]
 49%|████▉     | 2154/4394 [00:18<00:20, 110.46it/s]
 49%|████▉     | 2167/4394 [00:18<00:19, 115.15it/s]
 50%|████▉     | 2180/4394 [00:19<00:18, 117.21it/s]
 50%|████▉     | 2193/4394 [00:19<00:18, 118.87it/s]
 50%|█████     | 2206/4394 [00:19<00:18, 121.28it/s]
 51%|█████     | 2220/4394 [00:19<00:17, 126.19it/s]
 51%|█████     | 2233/4394 [00:19<00:17, 127.03it/s]
 51%|█████     | 2248/4394 [00:19<00:16, 131.77it/s]
 51%|█████▏    | 2262/4394 [00:19<00:16, 132.49it/s]
 52%|█████▏    | 2276/4394 [00:19<00:16, 130.01it/s]
 52%|█████▏    | 2291/4394 [00:19<00:15, 132.23it/s]
 52%|█████▏    | 2305/4394 [00:19<00:16, 130.40it/s]
 53%|█████▎    | 2319/4394 [00:20<00:16, 123.95it/s]
 53%|█████▎    | 2332/4394 [00:20<00:16, 122.96it/s]
 53%|█████▎    | 2345/4394 [00:20<00:16, 123.81it/s]
 54%|█████▎    | 2358/4394 [00:20<00:16, 123.79it/s]
 54%|█████▍    | 2371/4394 [00:20<00:17, 117.56it/s]
 54%|█████▍    | 2384/4394 [00:20<00:16, 119.89it/s]
 55%|█████▍    | 2397/4394 [00:20<00:16, 119.90it/s]
 55%|█████▍    | 2410/4394 [00:20<00:16, 119.72it/s]
 55%|█████▌    | 2424/4394 [00:20<00:16, 123.07it/s]
 55%|█████▌    | 2437/4394 [00:21<00:15, 123.21it/s]
 56%|█████▌    | 2450/4394 [00:21<00:15, 124.73it/s]
 56%|█████▌    | 2463/4394 [00:21<00:15, 121.78it/s]
 56%|█████▋    | 2476/4394 [00:21<00:15, 120.54it/s]
 57%|█████▋    | 2491/4394 [00:21<00:14, 128.23it/s]
 57%|█████▋    | 2505/4394 [00:21<00:14, 129.06it/s]
 57%|█████▋    | 2518/4394 [00:21<00:15, 120.00it/s]
 58%|█████▊    | 2531/4394 [00:21<00:16, 113.13it/s]
 58%|█████▊    | 2543/4394 [00:22<00:16, 110.31it/s]
 58%|█████▊    | 2555/4394 [00:22<00:17, 107.45it/s]
 58%|█████▊    | 2569/4394 [00:22<00:15, 114.79it/s]
 59%|█████▊    | 2581/4394 [00:22<00:15, 115.96it/s]
 59%|█████▉    | 2594/4394 [00:22<00:15, 117.92it/s]
 59%|█████▉    | 2606/4394 [00:22<00:15, 115.56it/s]
 60%|█████▉    | 2618/4394 [00:22<00:15, 116.14it/s]
 60%|█████▉    | 2630/4394 [00:22<00:15, 116.50it/s]
 60%|██████    | 2645/4394 [00:22<00:14, 123.56it/s]
 60%|██████    | 2658/4394 [00:22<00:13, 124.18it/s]
 61%|██████    | 2671/4394 [00:23<00:14, 115.29it/s]
 61%|██████    | 2684/4394 [00:23<00:14, 118.15it/s]
 61%|██████▏   | 2696/4394 [00:23<00:14, 114.21it/s]
 62%|██████▏   | 2709/4394 [00:23<00:14, 114.99it/s]
 62%|██████▏   | 2721/4394 [00:23<00:23, 70.84it/s] 
 62%|██████▏   | 2734/4394 [00:23<00:20, 82.22it/s]
 63%|██████▎   | 2747/4394 [00:23<00:17, 92.46it/s]
 63%|██████▎   | 2760/4394 [00:24<00:16, 101.32it/s]
 63%|██████▎   | 2772/4394 [00:24<00:15, 104.70it/s]
 63%|██████▎   | 2784/4394 [00:24<00:15, 102.02it/s]
 64%|██████▎   | 2796/4394 [00:24<00:15, 104.38it/s]
 64%|██████▍   | 2810/4394 [00:24<00:13, 113.69it/s]
 64%|██████▍   | 2825/4394 [00:24<00:12, 121.97it/s]
 65%|██████▍   | 2838/4394 [00:24<00:12, 122.23it/s]
 65%|██████▍   | 2853/4394 [00:24<00:11, 129.84it/s]
 65%|██████▌   | 2867/4394 [00:24<00:12, 118.48it/s]
 66%|██████▌   | 2880/4394 [00:25<00:13, 116.15it/s]
 66%|██████▌   | 2893/4394 [00:25<00:12, 118.57it/s]
 66%|██████▌   | 2906/4394 [00:25<00:12, 121.64it/s]
 66%|██████▋   | 2920/4394 [00:25<00:11, 123.19it/s]
 67%|██████▋   | 2933/4394 [00:25<00:11, 122.18it/s]
 67%|██████▋   | 2946/4394 [00:25<00:12, 116.82it/s]
 67%|██████▋   | 2958/4394 [00:25<00:12, 117.14it/s]
 68%|██████▊   | 2973/4394 [00:25<00:11, 122.37it/s]
 68%|██████▊   | 2986/4394 [00:25<00:12, 115.02it/s]
 68%|██████▊   | 2998/4394 [00:26<00:13, 106.19it/s]
 68%|██████▊   | 3009/4394 [00:26<00:13, 104.22it/s]
 69%|██████▉   | 3022/4394 [00:26<00:12, 109.68it/s]
 69%|██████▉   | 3035/4394 [00:26<00:11, 113.57it/s]
 69%|██████▉   | 3050/4394 [00:26<00:10, 123.17it/s]
 70%|██████▉   | 3065/4394 [00:26<00:10, 129.06it/s]
 70%|███████   | 3079/4394 [00:26<00:10, 131.10it/s]
 70%|███████   | 3093/4394 [00:26<00:10, 124.60it/s]
 71%|███████   | 3106/4394 [00:26<00:10, 122.39it/s]
 71%|███████   | 3119/4394 [00:27<00:10, 121.35it/s]
 71%|███████▏  | 3132/4394 [00:27<00:10, 120.64it/s]
 72%|███████▏  | 3146/4394 [00:27<00:09, 124.93it/s]
 72%|███████▏  | 3159/4394 [00:27<00:10, 121.70it/s]
 72%|███████▏  | 3172/4394 [00:27<00:09, 123.74it/s]
 72%|███████▏  | 3185/4394 [00:27<00:10, 116.23it/s]
 73%|███████▎  | 3199/4394 [00:27<00:09, 120.14it/s]
 73%|███████▎  | 3212/4394 [00:27<00:09, 121.85it/s]
 73%|███████▎  | 3226/4394 [00:27<00:09, 126.54it/s]
 74%|███████▎  | 3240/4394 [00:28<00:08, 128.27it/s]
 74%|███████▍  | 3253/4394 [00:28<00:09, 121.28it/s]
 74%|███████▍  | 3266/4394 [00:28<00:09, 114.23it/s]
 75%|███████▍  | 3280/4394 [00:28<00:09, 119.79it/s]
 75%|███████▍  | 3293/4394 [00:28<00:09, 117.16it/s]
 75%|███████▌  | 3305/4394 [00:28<00:09, 116.75it/s]
 76%|███████▌  | 3318/4394 [00:28<00:09, 117.72it/s]
 76%|███████▌  | 3330/4394 [00:28<00:09, 117.46it/s]
 76%|███████▌  | 3342/4394 [00:28<00:08, 117.29it/s]
 76%|███████▋  | 3357/4394 [00:29<00:08, 123.59it/s]
 77%|███████▋  | 3370/4394 [00:29<00:08, 121.59it/s]
 77%|███████▋  | 3383/4394 [00:29<00:08, 123.63it/s]
 77%|███████▋  | 3396/4394 [00:29<00:13, 75.94it/s] 
 78%|███████▊  | 3410/4394 [00:29<00:11, 87.92it/s]
 78%|███████▊  | 3421/4394 [00:29<00:10, 92.48it/s]
 78%|███████▊  | 3436/4394 [00:29<00:09, 106.02it/s]
 78%|███████▊  | 3449/4394 [00:30<00:09, 104.10it/s]
 79%|███████▉  | 3461/4394 [00:30<00:08, 103.77it/s]
 79%|███████▉  | 3475/4394 [00:30<00:08, 111.35it/s]
 79%|███████▉  | 3488/4394 [00:30<00:07, 115.46it/s]
 80%|███████▉  | 3503/4394 [00:30<00:07, 124.45it/s]
 80%|████████  | 3516/4394 [00:30<00:07, 113.24it/s]
 80%|████████  | 3528/4394 [00:30<00:08, 100.92it/s]
 81%|████████  | 3540/4394 [00:30<00:08, 97.65it/s] 
 81%|████████  | 3552/4394 [00:30<00:08, 101.34it/s]
 81%|████████  | 3566/4394 [00:31<00:07, 110.58it/s]
 81%|████████▏ | 3580/4394 [00:31<00:06, 117.47it/s]
 82%|████████▏ | 3593/4394 [00:31<00:07, 112.66it/s]
 82%|████████▏ | 3609/4394 [00:31<00:06, 124.49it/s]
 82%|████████▏ | 3623/4394 [00:31<00:06, 124.60it/s]
 83%|████████▎ | 3636/4394 [00:31<00:06, 119.73it/s]
 83%|████████▎ | 3651/4394 [00:31<00:05, 125.83it/s]
 83%|████████▎ | 3664/4394 [00:31<00:05, 122.68it/s]
 84%|████████▎ | 3678/4394 [00:31<00:05, 126.18it/s]
 84%|████████▍ | 3693/4394 [00:32<00:05, 129.40it/s]
 84%|████████▍ | 3707/4394 [00:32<00:05, 131.89it/s]
 85%|████████▍ | 3722/4394 [00:32<00:04, 136.72it/s]
 85%|████████▌ | 3736/4394 [00:32<00:05, 125.47it/s]
 85%|████████▌ | 3749/4394 [00:32<00:05, 115.55it/s]
 86%|████████▌ | 3762/4394 [00:32<00:05, 118.37it/s]
 86%|████████▌ | 3775/4394 [00:32<00:05, 118.51it/s]
 86%|████████▋ | 3790/4394 [00:32<00:04, 125.47it/s]
 87%|████████▋ | 3803/4394 [00:32<00:04, 123.72it/s]
 87%|████████▋ | 3816/4394 [00:33<00:04, 123.17it/s]
 87%|████████▋ | 3829/4394 [00:33<00:04, 115.24it/s]
 87%|████████▋ | 3841/4394 [00:33<00:04, 112.67it/s]
 88%|████████▊ | 3856/4394 [00:33<00:04, 122.37it/s]
 88%|████████▊ | 3870/4394 [00:33<00:04, 124.38it/s]
 88%|████████▊ | 3883/4394 [00:33<00:04, 123.09it/s]
 89%|████████▊ | 3896/4394 [00:33<00:04, 118.41it/s]
 89%|████████▉ | 3908/4394 [00:33<00:04, 116.93it/s]
 89%|████████▉ | 3921/4394 [00:33<00:03, 119.84it/s]
 90%|████████▉ | 3934/4394 [00:34<00:03, 116.33it/s]
 90%|████████▉ | 3946/4394 [00:34<00:03, 116.93it/s]
 90%|█████████ | 3958/4394 [00:34<00:03, 113.68it/s]
 90%|█████████ | 3972/4394 [00:34<00:03, 118.76it/s]
 91%|█████████ | 3986/4394 [00:34<00:03, 123.37it/s]
 91%|█████████ | 3999/4394 [00:34<00:03, 119.13it/s]
 91%|█████████▏| 4014/4394 [00:34<00:03, 124.77it/s]
 92%|█████████▏| 4027/4394 [00:34<00:02, 124.36it/s]
 92%|█████████▏| 4040/4394 [00:35<00:04, 78.72it/s] 
 92%|█████████▏| 4052/4394 [00:35<00:03, 86.66it/s]
 93%|█████████▎| 4067/4394 [00:35<00:03, 98.38it/s]
 93%|█████████▎| 4079/4394 [00:35<00:03, 99.57it/s]
 93%|█████████▎| 4094/4394 [00:35<00:02, 109.67it/s]
 93%|█████████▎| 4106/4394 [00:35<00:02, 109.35it/s]
 94%|█████████▍| 4120/4394 [00:35<00:02, 116.38it/s]
 94%|█████████▍| 4135/4394 [00:35<00:02, 125.12it/s]
 94%|█████████▍| 4149/4394 [00:36<00:01, 127.61it/s]
 95%|█████████▍| 4163/4394 [00:36<00:02, 114.45it/s]
 95%|█████████▌| 4175/4394 [00:36<00:02, 109.16it/s]
 95%|█████████▌| 4187/4394 [00:36<00:01, 109.08it/s]
 96%|█████████▌| 4202/4394 [00:36<00:01, 118.77it/s]
 96%|█████████▌| 4217/4394 [00:36<00:01, 125.02it/s]
 96%|█████████▋| 4232/4394 [00:36<00:01, 128.94it/s]
 97%|█████████▋| 4246/4394 [00:36<00:01, 124.57it/s]
 97%|█████████▋| 4260/4394 [00:36<00:01, 127.82it/s]
 97%|█████████▋| 4273/4394 [00:37<00:00, 126.68it/s]
 98%|█████████▊| 4286/4394 [00:37<00:00, 124.75it/s]
 98%|█████████▊| 4302/4394 [00:37<00:00, 133.67it/s]
 98%|█████████▊| 4316/4394 [00:37<00:00, 133.12it/s]
 99%|█████████▊| 4330/4394 [00:37<00:00, 132.57it/s]
 99%|█████████▉| 4344/4394 [00:37<00:00, 130.25it/s]
 99%|█████████▉| 4358/4394 [00:37<00:00, 129.79it/s]
 99%|█████████▉| 4372/4394 [00:37<00:00, 129.45it/s]
100%|█████████▉| 4386/4394 [00:37<00:00, 130.48it/s]
100%|██████████| 4394/4394 [00:37<00:00, 115.76it/s]
/ibex/user/shoaibsa/miniconda3/envs/py312/lib/python3.12/site-packages/alignn/graphs.py:1176: UserWarning: Creating a tensor from a list of numpy.ndarrays is extremely slow. Please consider converting the list to a single numpy.ndarray with numpy.array() before converting to a tensor. (Triggered internally at /pytorch/torch/csrc/utils/tensor_new.cpp:253.)
  self.lattices = torch.tensor(self.lattices).type(

  0%|          | 0/4394 [00:00<?, ?it/s]
  0%|          | 2/4394 [00:00<03:43, 19.64it/s]
  5%|▍         | 211/4394 [00:00<00:04, 942.58it/s]
 13%|█▎        | 552/4394 [00:00<00:02, 1903.58it/s]
 20%|██        | 883/4394 [00:00<00:01, 2405.99it/s]
 28%|██▊       | 1228/4394 [00:00<00:01, 2756.75it/s]
 34%|███▍      | 1513/4394 [00:00<00:01, 1809.00it/s]
 40%|███▉      | 1738/4394 [00:01<00:01, 1442.24it/s]
 44%|████▎     | 1920/4394 [00:01<00:01, 1389.37it/s]
 47%|████▋     | 2084/4394 [00:01<00:02, 1119.24it/s]
 55%|█████▌    | 2422/4394 [00:01<00:01, 1541.09it/s]
 60%|█████▉    | 2619/4394 [00:01<00:01, 1484.65it/s]
 64%|██████▎   | 2797/4394 [00:01<00:01, 1425.11it/s]
 67%|██████▋   | 2960/4394 [00:01<00:01, 1352.55it/s]
 75%|███████▌  | 3297/4394 [00:02<00:00, 1805.30it/s]
 80%|███████▉  | 3503/4394 [00:02<00:00, 1658.38it/s]
 84%|████████▍ | 3688/4394 [00:02<00:00, 1092.14it/s]
 92%|█████████▏| 4029/4394 [00:02<00:00, 1502.84it/s]
 96%|█████████▋| 4233/4394 [00:02<00:00, 1475.55it/s]
100%|██████████| 4394/4394 [00:02<00:00, 1539.62it/s]

  0%|          | 0/549 [00:00<?, ?it/s]
  2%|▏         | 11/549 [00:00<00:05, 106.21it/s]
  4%|▍         | 24/549 [00:00<00:04, 114.99it/s]
  7%|▋         | 36/549 [00:00<00:04, 111.19it/s]
  9%|▊         | 48/549 [00:00<00:04, 106.99it/s]
 11%|█         | 59/549 [00:00<00:04, 106.61it/s]
 13%|█▎        | 74/549 [00:00<00:03, 119.96it/s]
 16%|█▌        | 87/549 [00:00<00:03, 119.09it/s]
 19%|█▉        | 103/549 [00:00<00:03, 128.00it/s]
 21%|██        | 116/549 [00:01<00:03, 114.22it/s]
 23%|██▎       | 129/549 [00:01<00:03, 117.18it/s]
 26%|██▌       | 142/549 [00:01<00:03, 120.17it/s]
 28%|██▊       | 155/549 [00:01<00:03, 120.76it/s]
 31%|███       | 168/549 [00:01<00:03, 116.52it/s]
 33%|███▎      | 181/549 [00:01<00:03, 117.36it/s]
 35%|███▌      | 193/549 [00:01<00:03, 115.63it/s]
 38%|███▊      | 206/549 [00:01<00:02, 119.46it/s]
 40%|███▉      | 219/549 [00:01<00:02, 112.70it/s]
 42%|████▏     | 232/549 [00:01<00:02, 115.05it/s]
 45%|████▍     | 246/549 [00:02<00:02, 118.88it/s]
 48%|████▊     | 261/549 [00:02<00:02, 125.17it/s]
 50%|█████     | 275/549 [00:02<00:02, 129.31it/s]
 53%|█████▎    | 289/549 [00:02<00:02, 128.73it/s]
 55%|█████▌    | 302/549 [00:02<00:01, 125.74it/s]
 58%|█████▊    | 319/549 [00:02<00:01, 136.28it/s]
 61%|██████    | 333/549 [00:02<00:01, 129.34it/s]
 63%|██████▎   | 347/549 [00:02<00:01, 114.46it/s]
 65%|██████▌   | 359/549 [00:03<00:01, 105.85it/s]
 68%|██████▊   | 371/549 [00:03<00:01, 109.02it/s]
 70%|███████   | 385/549 [00:03<00:01, 117.10it/s]
 72%|███████▏  | 398/549 [00:03<00:01, 119.98it/s]
 75%|███████▍  | 411/549 [00:03<00:01, 118.12it/s]
 77%|███████▋  | 423/549 [00:03<00:01, 105.32it/s]
 79%|███████▉  | 436/549 [00:03<00:01, 111.19it/s]
 82%|████████▏ | 452/549 [00:03<00:00, 123.12it/s]
 85%|████████▍ | 465/549 [00:03<00:00, 124.28it/s]
 87%|████████▋ | 478/549 [00:04<00:00, 121.15it/s]
 89%|████████▉ | 491/549 [00:04<00:00, 117.69it/s]
 92%|█████████▏| 503/549 [00:04<00:00, 113.30it/s]
 94%|█████████▍| 515/549 [00:04<00:00, 107.88it/s]
 96%|█████████▌| 528/549 [00:04<00:00, 113.48it/s]
 99%|█████████▊| 542/549 [00:04<00:00, 119.73it/s]
100%|██████████| 549/549 [00:04<00:00, 117.73it/s]

  0%|          | 0/549 [00:00<?, ?it/s]
 60%|██████    | 332/549 [00:00<00:00, 3318.58it/s]
100%|██████████| 549/549 [00:00<00:00, 1572.47it/s]

  0%|          | 0/549 [00:00<?, ?it/s]
  2%|▏         | 13/549 [00:00<00:04, 116.90it/s]
  5%|▍         | 26/549 [00:00<00:04, 123.80it/s]
  7%|▋         | 39/549 [00:00<00:08, 63.58it/s] 
  9%|▉         | 52/549 [00:00<00:06, 78.63it/s]
 12%|█▏        | 66/549 [00:00<00:05, 93.15it/s]
 15%|█▍        | 80/549 [00:00<00:04, 104.03it/s]
 17%|█▋        | 92/549 [00:00<00:04, 95.48it/s] 
 19%|█▉        | 105/549 [00:01<00:04, 103.90it/s]
 21%|██▏       | 117/549 [00:01<00:04, 107.83it/s]
 24%|██▎       | 130/549 [00:01<00:03, 111.54it/s]
 26%|██▌       | 143/549 [00:01<00:03, 113.72it/s]
 28%|██▊       | 155/549 [00:01<00:03, 110.10it/s]
 31%|███       | 169/549 [00:01<00:03, 116.92it/s]
 34%|███▎      | 185/549 [00:01<00:02, 126.38it/s]
 36%|███▌      | 199/549 [00:01<00:02, 129.38it/s]
 39%|███▉      | 214/549 [00:01<00:02, 134.71it/s]
 42%|████▏     | 228/549 [00:02<00:02, 126.05it/s]
 44%|████▍     | 241/549 [00:02<00:02, 125.09it/s]
 46%|████▋     | 254/549 [00:02<00:02, 117.43it/s]
 49%|████▉     | 269/549 [00:02<00:02, 125.46it/s]
 51%|█████▏    | 282/549 [00:02<00:02, 124.00it/s]
 54%|█████▎    | 295/549 [00:02<00:02, 123.66it/s]
 56%|█████▌    | 308/549 [00:02<00:02, 114.05it/s]
 59%|█████▉    | 323/549 [00:02<00:01, 121.81it/s]
 61%|██████    | 336/549 [00:02<00:01, 122.13it/s]
 64%|██████▍   | 353/549 [00:03<00:01, 135.11it/s]
 67%|██████▋   | 367/549 [00:03<00:01, 136.36it/s]
 69%|██████▉   | 381/549 [00:03<00:01, 131.17it/s]
 72%|███████▏  | 395/549 [00:03<00:01, 121.56it/s]
 74%|███████▍  | 408/549 [00:03<00:01, 118.49it/s]
 77%|███████▋  | 421/549 [00:03<00:01, 120.84it/s]
 79%|███████▉  | 436/549 [00:03<00:00, 126.71it/s]
 82%|████████▏ | 449/549 [00:03<00:00, 126.22it/s]
 85%|████████▍ | 464/549 [00:03<00:00, 132.15it/s]
 87%|████████▋ | 480/549 [00:04<00:00, 137.51it/s]
 90%|████████▉ | 494/549 [00:04<00:00, 133.15it/s]
 93%|█████████▎| 508/549 [00:04<00:00, 131.07it/s]
 95%|█████████▌| 522/549 [00:04<00:00, 129.08it/s]
 98%|█████████▊| 537/549 [00:04<00:00, 133.34it/s]
100%|██████████| 549/549 [00:04<00:00, 119.65it/s]

  0%|          | 0/549 [00:00<?, ?it/s]
 16%|█▋        | 90/549 [00:00<00:00, 806.59it/s]
 55%|█████▍    | 301/549 [00:00<00:00, 1180.68it/s]
100%|██████████| 549/549 [00:00<00:00, 1639.49it/s]
/ibex/user/shoaibsa/Intrinsic_Dimensionality_ML_Materials/ALIGNN/ALIGNN_MP/alignn/train.py:503: UserWarning: Detected call of `lr_scheduler.step()` before `optimizer.step()`. In PyTorch 1.1.0 and later, you should call them in the opposite order: `optimizer.step()` before `lr_scheduler.step()`.  Failure to do this will result in PyTorch skipping the first value of the learning rate schedule. See more details at https://pytorch.org/docs/stable/optim.html#how-to-adjust-learning-rate
  scheduler.step()
