world_size 1
root_dir partitions/kvrh_half_1
[Seed] random_seed=123, split_seed=123
len dataset 5493
train_stress False
starting from this file
[Subspace][Fastfood] D=85,953, d=860, padded n=131,072.
  Fastfood diagonals + permutation: ~2.50 MB (vs. dense P would need ~281.98 MB).
  Compute per forward: O(n log n) ~ 2,228,224 ops.
[Subspace] D=85,953, d=860
================================================================
[MEM REPORT] Wrapped model (runtime footprint)
Trainable params : 860
All params       : 86,813  (339.11 KB)
Buffers          : 610,481  (2.83 MB)
Optimizer(AdamW) ~ 6.72 KB
----------------------------------------------------------------
Estimated total (params + buffers + opt): 3.17 MB
----------------------------------------------------------------
CUDA live: allocated=3.17 MB, reserved=26.00 MB, device=cuda:0
================================================================
Not using LMDB dataset, memory footprint maybe high.
WARNING: not using LMDB might result errors.
MAX val: 2.7596678446896306
MIN val: 0.0
MAD: 0.29127891133341216
Baseline MAE: 0.2938985203356294
data range 2.7596678446896306 0.0
Converting to graphs!
df         target  ...            jid
0     2.037426  ...  mb-kvrh-03631
1     1.447158  ...  mb-kvrh-06465
2     2.017033  ...  mb-kvrh-08277
3     1.612784  ...  mb-kvrh-03264
4     1.612784  ...  mb-kvrh-08408
...        ...  ...            ...
4389  1.342423  ...  mb-kvrh-05735
4390  2.037426  ...  mb-kvrh-06426
4391  1.792392  ...  mb-kvrh-05301
4392  2.025306  ...  mb-kvrh-03061
4393  2.240549  ...  mb-kvrh-04949

[4394 rows x 3 columns]
warning: could not load CGCNN features for 103
Setting it to max atomic number available here, 103
warning: could not load CGCNN features for 101
Setting it to max atomic number available here, 103
warning: could not load CGCNN features for 102
Setting it to max atomic number available here, 103
building line graphs
data range 2.7363965022766426 0.0
Converting to graphs!
df        target                                              atoms            jid
0    2.220108  {'lattice_mat': [[1.516e-05, 3.01291734, 3.012...  mb-kvrh-01235
1    1.491362  {'lattice_mat': [[2.84732318, 2.84763272, 0.00...  mb-kvrh-10287
2    2.113943  {'lattice_mat': [[4.96667822, -1.56875651, 5.7...  mb-kvrh-10560
3    2.139879  {'lattice_mat': [[-5.61e-06, 3.26009415, 3.260...  mb-kvrh-04319
4    1.518514  {'lattice_mat': [[4.62466899, 0.0, 0.0], [-2.3...  mb-kvrh-10353
..        ...                                                ...            ...
544  1.602060  {'lattice_mat': [[0.0, 3.72152259, 3.72152259]...  mb-kvrh-08794
545  2.130334  {'lattice_mat': [[3.6842474, 0.0, -1.38001836]...  mb-kvrh-00642
546  2.053078  {'lattice_mat': [[5.78725283, 0.0, 0.0], [0.0,...  mb-kvrh-03733
547  1.544068  {'lattice_mat': [[2.99e-06, 4.00549743, 4.0054...  mb-kvrh-04463
548  1.880814  {'lattice_mat': [[0.0, 3.55536379, 3.55536379]...  mb-kvrh-03863

[549 rows x 3 columns]
building line graphs
data range 2.639486489268586 0.0
Converting to graphs!
df        target                                              atoms            jid
0    1.477121  {'lattice_mat': [[6.771248, 0.0, 0.0], [-3.385...  mb-kvrh-07175
1    1.845098  {'lattice_mat': [[0.0, 3.5996172, 3.5996172], ...  mb-kvrh-01968
2    2.292256  {'lattice_mat': [[5.21247777, 0.0, 0.0], [-2.6...  mb-kvrh-02081
3    2.004321  {'lattice_mat': [[-3.18990771, 3.18990771, -2....  mb-kvrh-06068
4    1.414973  {'lattice_mat': [[6.60607977, -0.01861596, 4.2...  mb-kvrh-10520
..        ...                                                ...            ...
544  2.068186  {'lattice_mat': [[3.87883669, -0.00012588, 9.1...  mb-kvrh-01346
545  1.929419  {'lattice_mat': [[4.07153946, 0.0, 0.0], [-2.0...  mb-kvrh-01340
546  2.385606  {'lattice_mat': [[4.80771592, 0.0, 0.0], [-2.4...  mb-kvrh-04602
547  1.342423  {'lattice_mat': [[6.08908327, 0.0, 0.0], [-3.0...  mb-kvrh-02672
548  1.568202  {'lattice_mat': [[0.0, 4.03342112, 4.03342112]...  mb-kvrh-07226

[549 rows x 3 columns]
building line graphs
n_train: 4394
n_val  : 549
n_test : 549
rank 0
world_size 1
config: {'version': '9c9ee23de543322c97e5d622a81e929e4dbfc141', 'dataset': 'user_data', 'target': 'target', 'atom_features': 'cgcnn', 'neighbor_strategy': 'k-nearest', 'id_tag': 'jid', 'dtype': 'float32', 'random_seed': 123, 'classification_threshold': None, 'n_val': None, 'n_test': None, 'n_train': None, 'train_ratio': 0.8, 'val_ratio': 0.1, 'test_ratio': 0.1, 'target_multiplication_factor': None, 'epochs': 120, 'batch_size': 64, 'gpu_memory_fraction': None, 'use_amp': False, 'ddp_find_unused_parameters': False, 'deterministic': False, 'weight_decay': 0.0, 'learning_rate': 0.001, 'filename': 'sample', 'warmup_steps': 2000, 'criterion': 'mse', 'optimizer': 'adamw', 'scheduler': 'onecycle', 'pin_memory': True, 'save_dataloader': False, 'write_checkpoint': True, 'write_predictions': True, 'store_outputs': True, 'progress': True, 'log_tensorboard': False, 'standard_scalar_and_pca': False, 'use_canonize': True, 'compute_line_graph': True, 'num_workers': 2, 'cutoff': 8.0, 'cutoff_extra': 3.0, 'three_body_cutoff': 3.5, 'max_neighbors': 12, 'keep_data_order': False, 'normalize_graph_level_loss': False, 'distributed': True, 'data_parallel': False, 'n_early_stopping': None, 'output_dir': '../results_alignn_log_kvrh_partitions_fastfood/kvrh_half_1/alignn_log_kvrh_fastfood_kvrh_half_1_dim1_seed123_epochs120', 'use_lmdb': False, 'read_existing': False, 'model': {'name': 'alignn_atomwise', 'alignn_layers': 1, 'gcn_layers': 1, 'atom_input_features': 92, 'edge_input_features': 80, 'triplet_input_features': 40, 'embedding_features': 64, 'hidden_features': 64, 'output_features': 1, 'grad_multiplier': -1, 'calculate_gradient': False, 'atomwise_output_features': 0, 'graphwise_weight': 1.0, 'gradwise_weight': 0.0, 'stresswise_weight': 0.0, 'atomwise_weight': 0.0, 'link': 'identity', 'zero_inflated': False, 'classification': False, 'force_mult_natoms': False, 'energy_mult_natoms': True, 'include_pos_deriv': False, 'use_cutoff_function': False, 'inner_cutoff': 3.0, 'stress_multiplier': 1.0, 'add_reverse_forces': True, 'lg_on_fly': True, 'batch_stress': True, 'multiply_cutoff': False, 'use_penalty': True, 'extra_features': 0, 'exponent': 5, 'penalty_factor': 0.1, 'penalty_threshold': 1.0, 'additional_output_features': 0, 'additional_output_weight': 0.0}}
{'atom_features': 'cgcnn',
 'batch_size': 64,
 'classification_threshold': None,
 'compute_line_graph': True,
 'criterion': 'mse',
 'cutoff': 8.0,
 'cutoff_extra': 3.0,
 'data_parallel': False,
 'dataset': 'user_data',
 'ddp_find_unused_parameters': False,
 'deterministic': False,
 'distributed': True,
 'dtype': 'float32',
 'epochs': 120,
 'filename': 'sample',
 'gpu_memory_fraction': None,
 'id_tag': 'jid',
 'keep_data_order': False,
 'learning_rate': 0.001,
 'log_tensorboard': False,
 'max_neighbors': 12,
 'model': {'add_reverse_forces': True,
           'additional_output_features': 0,
           'additional_output_weight': 0.0,
           'alignn_layers': 1,
           'atom_input_features': 92,
           'atomwise_output_features': 0,
           'atomwise_weight': 0.0,
           'batch_stress': True,
           'calculate_gradient': False,
           'classification': False,
           'edge_input_features': 80,
           'embedding_features': 64,
           'energy_mult_natoms': True,
           'exponent': 5,
           'extra_features': 0,
           'force_mult_natoms': False,
           'gcn_layers': 1,
           'grad_multiplier': -1,
           'gradwise_weight': 0.0,
           'graphwise_weight': 1.0,
           'hidden_features': 64,
           'include_pos_deriv': False,
           'inner_cutoff': 3.0,
           'lg_on_fly': True,
           'link': 'identity',
           'multiply_cutoff': False,
           'name': 'alignn_atomwise',
           'output_features': 1,
           'penalty_factor': 0.1,
           'penalty_threshold': 1.0,
           'stress_multiplier': 1.0,
           'stresswise_weight': 0.0,
           'triplet_input_features': 40,
           'use_cutoff_function': False,
           'use_penalty': True,
           'zero_inflated': False},
 'n_early_stopping': None,
 'n_test': None,
 'n_train': None,
 'n_val': None,
 'neighbor_strategy': 'k-nearest',
 'normalize_graph_level_loss': False,
 'num_workers': 2,
 'optimizer': 'adamw',
 'output_dir': '../results_alignn_log_kvrh_partitions_fastfood/kvrh_half_1/alignn_log_kvrh_fastfood_kvrh_half_1_dim1_seed123_epochs120',
 'pin_memory': True,
 'progress': True,
 'random_seed': 123,
 'read_existing': False,
 'save_dataloader': False,
 'scheduler': 'onecycle',
 'standard_scalar_and_pca': False,
 'store_outputs': True,
 'target': 'target',
 'target_multiplication_factor': None,
 'test_ratio': 0.1,
 'three_body_cutoff': 3.5,
 'train_ratio': 0.8,
 'use_amp': False,
 'use_canonize': True,
 'use_lmdb': False,
 'val_ratio': 0.1,
 'version': '9c9ee23de543322c97e5d622a81e929e4dbfc141',
 'warmup_steps': 2000,
 'weight_decay': 0.0,
 'write_checkpoint': True,
 'write_predictions': True}
[Seed] deterministic_mode=False

    _    _     ___ ____ _   _ _   _
   / \  | |   |_ _/ ___| \ | | \ | |
  / _ \ | |    | | |  _|  \| |  \| |
 / ___ \| |___ | | |_| | |\  | |\  |
/_/   \_\_____|___\____|_| \_|_| \_|

Model parameters 86813
CUDA available True
CUDA device count 1
   GPU: NVIDIA A100-SXM4-80GB. Max memory: 79.252 GB. Platform = Linux.
   Pytorch: 2.11.0+cu128. CUDA = 8.0. CUDA Toolkit = 12.8.

Train Loss:  Epoch    Total      Graph      Atom       Grad       Stress     Addn.      Time      
             0        74.5740    74.5740    0.0000     0.0000     0.0000     0.0000     4.28      
Val Loss:    Epoch    Total      Graph      Atom       Grad       Stress     Addn.      Time      
             0        3.6655     3.6655     0.0000     0.0000     0.0000     0.0000     0.38       Saving model
Train Loss:  Epoch    Total      Graph      Atom       Grad       Stress     Addn.      Time      
             1        22.5226    22.5226    0.0000     0.0000     0.0000     0.0000     4.94      
Val Loss:    Epoch    Total      Graph      Atom       Grad       Stress     Addn.      Time      
             1        2.2792     2.2792     0.0000     0.0000     0.0000     0.0000     0.38       Saving model
Train Loss:  Epoch    Total      Graph      Atom       Grad       Stress     Addn.      Time      
             2        17.1804    17.1804    0.0000     0.0000     0.0000     0.0000     4.29      
Val Loss:    Epoch    Total      Graph      Atom       Grad       Stress     Addn.      Time      
             2        1.9286     1.9286     0.0000     0.0000     0.0000     0.0000     0.39       Saving model
Train Loss:  Epoch    Total      Graph      Atom       Grad       Stress     Addn.      Time      
             3        14.9470    14.9470    0.0000     0.0000     0.0000     0.0000     4.03      
Val Loss:    Epoch    Total      Graph      Atom       Grad       Stress     Addn.      Time      
             3        1.6959     1.6959     0.0000     0.0000     0.0000     0.0000     0.39       Saving model
Train Loss:  Epoch    Total      Graph      Atom       Grad       Stress     Addn.      Time      
             4        13.3310    13.3310    0.0000     0.0000     0.0000     0.0000     4.01      
Val Loss:    Epoch    Total      Graph      Atom       Grad       Stress     Addn.      Time      
             4        1.5348     1.5348     0.0000     0.0000     0.0000     0.0000     0.38       Saving model
Train Loss:  Epoch    Total      Graph      Atom       Grad       Stress     Addn.      Time      
             5        12.1740    12.1740    0.0000     0.0000     0.0000     0.0000     4.02      
Val Loss:    Epoch    Total      Graph      Atom       Grad       Stress     Addn.      Time      
             5        1.4253     1.4253     0.0000     0.0000     0.0000     0.0000     0.38       Saving model
Train Loss:  Epoch    Total      Graph      Atom       Grad       Stress     Addn.      Time      
             6        11.3252    11.3252    0.0000     0.0000     0.0000     0.0000     4.77      
Val Loss:    Epoch    Total      Graph      Atom       Grad       Stress     Addn.      Time      
             6        1.3566     1.3566     0.0000     0.0000     0.0000     0.0000     0.38       Saving model
Train Loss:  Epoch    Total      Graph      Atom       Grad       Stress     Addn.      Time      
             7        10.7526    10.7526    0.0000     0.0000     0.0000     0.0000     4.93      
Val Loss:    Epoch    Total      Graph      Atom       Grad       Stress     Addn.      Time      
             7        1.3201     1.3201     0.0000     0.0000     0.0000     0.0000     0.38       Saving model
Train Loss:  Epoch    Total      Graph      Atom       Grad       Stress     Addn.      Time      
             8        10.3507    10.3507    0.0000     0.0000     0.0000     0.0000     3.99      
Val Loss:    Epoch    Total      Graph      Atom       Grad       Stress     Addn.      Time      
             8        1.2884     1.2884     0.0000     0.0000     0.0000     0.0000     0.39       Saving model
Train Loss:  Epoch    Total      Graph      Atom       Grad       Stress     Addn.      Time      
             9        9.9649     9.9649     0.0000     0.0000     0.0000     0.0000     4.03      
Val Loss:    Epoch    Total      Graph      Atom       Grad       Stress     Addn.      Time      
             9        1.2630     1.2630     0.0000     0.0000     0.0000     0.0000     0.39       Saving model
Train Loss:  Epoch    Total      Graph      Atom       Grad       Stress     Addn.      Time      
             10       9.7408     9.7408     0.0000     0.0000     0.0000     0.0000     4.42      
Val Loss:    Epoch    Total      Graph      Atom       Grad       Stress     Addn.      Time      
             10       1.2512     1.2512     0.0000     0.0000     0.0000     0.0000     0.39       Saving model
Train Loss:  Epoch    Total      Graph      Atom       Grad       Stress     Addn.      Time      
             11       9.5632     9.5632     0.0000     0.0000     0.0000     0.0000     3.99      
Val Loss:    Epoch    Total      Graph      Atom       Grad       Stress     Addn.      Time      
             11       1.2399     1.2399     0.0000     0.0000     0.0000     0.0000     0.38       Saving model
Train Loss:  Epoch    Total      Graph      Atom       Grad       Stress     Addn.      Time      
             12       9.3619     9.3619     0.0000     0.0000     0.0000     0.0000     4.46      
Val Loss:    Epoch    Total      Graph      Atom       Grad       Stress     Addn.      Time      
             12       1.2239     1.2239     0.0000     0.0000     0.0000     0.0000     0.39       Saving model
Train Loss:  Epoch    Total      Graph      Atom       Grad       Stress     Addn.      Time      
             13       9.2222     9.2222     0.0000     0.0000     0.0000     0.0000     4.98      
Val Loss:    Epoch    Total      Graph      Atom       Grad       Stress     Addn.      Time      
             13       1.2167     1.2167     0.0000     0.0000     0.0000     0.0000     0.38       Saving model
Train Loss:  Epoch    Total      Graph      Atom       Grad       Stress     Addn.      Time      
             14       9.1396     9.1396     0.0000     0.0000     0.0000     0.0000     5.49      
Val Loss:    Epoch    Total      Graph      Atom       Grad       Stress     Addn.      Time      
             14       1.1955     1.1955     0.0000     0.0000     0.0000     0.0000     0.38       Saving model
Train Loss:  Epoch    Total      Graph      Atom       Grad       Stress     Addn.      Time      
             15       9.0038     9.0038     0.0000     0.0000     0.0000     0.0000     4.00      
Val Loss:    Epoch    Total      Graph      Atom       Grad       Stress     Addn.      Time      
             15       1.1846     1.1846     0.0000     0.0000     0.0000     0.0000     0.38       Saving model
Train Loss:  Epoch    Total      Graph      Atom       Grad       Stress     Addn.      Time      
             16       8.8722     8.8722     0.0000     0.0000     0.0000     0.0000     4.01      
Val Loss:    Epoch    Total      Graph      Atom       Grad       Stress     Addn.      Time      
             16       1.1747     1.1747     0.0000     0.0000     0.0000     0.0000     0.39       Saving model
Train Loss:  Epoch    Total      Graph      Atom       Grad       Stress     Addn.      Time      
             17       8.7636     8.7636     0.0000     0.0000     0.0000     0.0000     4.28      
Val Loss:    Epoch    Total      Graph      Atom       Grad       Stress     Addn.      Time      
             17       1.1644     1.1644     0.0000     0.0000     0.0000     0.0000     0.39       Saving model
Train Loss:  Epoch    Total      Graph      Atom       Grad       Stress     Addn.      Time      
             18       8.6761     8.6761     0.0000     0.0000     0.0000     0.0000     4.34      
Val Loss:    Epoch    Total      Graph      Atom       Grad       Stress     Addn.      Time      
             18       1.1592     1.1592     0.0000     0.0000     0.0000     0.0000     0.43       Saving model
Train Loss:  Epoch    Total      Graph      Atom       Grad       Stress     Addn.      Time      
             19       8.6362     8.6362     0.0000     0.0000     0.0000     0.0000     4.41      
Val Loss:    Epoch    Total      Graph      Atom       Grad       Stress     Addn.      Time      
             19       1.1559     1.1559     0.0000     0.0000     0.0000     0.0000     0.57       Saving model
Train Loss:  Epoch    Total      Graph      Atom       Grad       Stress     Addn.      Time      
             20       8.5207     8.5207     0.0000     0.0000     0.0000     0.0000     4.18      
Val Loss:    Epoch    Total      Graph      Atom       Grad       Stress     Addn.      Time      
             20       1.1482     1.1482     0.0000     0.0000     0.0000     0.0000     0.39       Saving model
Train Loss:  Epoch    Total      Graph      Atom       Grad       Stress     Addn.      Time      
             21       8.4455     8.4455     0.0000     0.0000     0.0000     0.0000     4.01      
Val Loss:    Epoch    Total      Graph      Atom       Grad       Stress     Addn.      Time      
             21       1.1441     1.1441     0.0000     0.0000     0.0000     0.0000     0.39       Saving model
Train Loss:  Epoch    Total      Graph      Atom       Grad       Stress     Addn.      Time      
             22       8.4521     8.4521     0.0000     0.0000     0.0000     0.0000     4.38      
Val Loss:    Epoch    Total      Graph      Atom       Grad       Stress     Addn.      Time      
             22       1.1347     1.1347     0.0000     0.0000     0.0000     0.0000     0.39       Saving model
Train Loss:  Epoch    Total      Graph      Atom       Grad       Stress     Addn.      Time      
             23       8.2989     8.2989     0.0000     0.0000     0.0000     0.0000     4.01      
Val Loss:    Epoch    Total      Graph      Atom       Grad       Stress     Addn.      Time      
             23       1.1321     1.1321     0.0000     0.0000     0.0000     0.0000     0.38       Saving model
Train Loss:  Epoch    Total      Graph      Atom       Grad       Stress     Addn.      Time      
             24       8.3153     8.3153     0.0000     0.0000     0.0000     0.0000     4.02      
Val Loss:    Epoch    Total      Graph      Atom       Grad       Stress     Addn.      Time      
             24       1.1324     1.1324     0.0000     0.0000     0.0000     0.0000     0.39       Saving model
Train Loss:  Epoch    Total      Graph      Atom       Grad       Stress     Addn.      Time      
             25       8.2389     8.2389     0.0000     0.0000     0.0000     0.0000     4.45      
Val Loss:    Epoch    Total      Graph      Atom       Grad       Stress     Addn.      Time      
             25       1.1256     1.1256     0.0000     0.0000     0.0000     0.0000     0.38       Saving model
Train Loss:  Epoch    Total      Graph      Atom       Grad       Stress     Addn.      Time      
             26       8.2345     8.2345     0.0000     0.0000     0.0000     0.0000     5.34      
Val Loss:    Epoch    Total      Graph      Atom       Grad       Stress     Addn.      Time      
             26       1.1206     1.1206     0.0000     0.0000     0.0000     0.0000     0.39       Saving model
Train Loss:  Epoch    Total      Graph      Atom       Grad       Stress     Addn.      Time      
             27       8.1540     8.1540     0.0000     0.0000     0.0000     0.0000     4.01      
Val Loss:    Epoch    Total      Graph      Atom       Grad       Stress     Addn.      Time      
             27       1.1160     1.1160     0.0000     0.0000     0.0000     0.0000     0.39       Saving model
Train Loss:  Epoch    Total      Graph      Atom       Grad       Stress     Addn.      Time      
             28       8.1482     8.1482     0.0000     0.0000     0.0000     0.0000     4.05      
Val Loss:    Epoch    Total      Graph      Atom       Grad       Stress     Addn.      Time      
             28       1.1160     1.1160     0.0000     0.0000     0.0000     0.0000     0.39       Saving model
Train Loss:  Epoch    Total      Graph      Atom       Grad       Stress     Addn.      Time      
             29       8.1513     8.1513     0.0000     0.0000     0.0000     0.0000     4.29      
Val Loss:    Epoch    Total      Graph      Atom       Grad       Stress     Addn.      Time      
             29       1.1048     1.1048     0.0000     0.0000     0.0000     0.0000     0.39       Saving model
Train Loss:  Epoch    Total      Graph      Atom       Grad       Stress     Addn.      Time      
             30       8.0791     8.0791     0.0000     0.0000     0.0000     0.0000     4.01      
Val Loss:    Epoch    Total      Graph      Atom       Grad       Stress     Addn.      Time      
             30       1.1047     1.1047     0.0000     0.0000     0.0000     0.0000     0.38       Saving model
Train Loss:  Epoch    Total      Graph      Atom       Grad       Stress     Addn.      Time      
             31       8.0373     8.0373     0.0000     0.0000     0.0000     0.0000     4.51      
Val Loss:    Epoch    Total      Graph      Atom       Grad       Stress     Addn.      Time      
             31       1.1003     1.1003     0.0000     0.0000     0.0000     0.0000     0.39       Saving model
Train Loss:  Epoch    Total      Graph      Atom       Grad       Stress     Addn.      Time      
             32       7.9935     7.9935     0.0000     0.0000     0.0000     0.0000     4.91      
Val Loss:    Epoch    Total      Graph      Atom       Grad       Stress     Addn.      Time      
             32       1.0954     1.0954     0.0000     0.0000     0.0000     0.0000     0.37       Saving model
Train Loss:  Epoch    Total      Graph      Atom       Grad       Stress     Addn.      Time      
             33       7.9715     7.9715     0.0000     0.0000     0.0000     0.0000     4.36      
Val Loss:    Epoch    Total      Graph      Atom       Grad       Stress     Addn.      Time      
             33       1.0950     1.0950     0.0000     0.0000     0.0000     0.0000     0.39       Saving model
Train Loss:  Epoch    Total      Graph      Atom       Grad       Stress     Addn.      Time      
             34       7.8955     7.8955     0.0000     0.0000     0.0000     0.0000     4.02      
Val Loss:    Epoch    Total      Graph      Atom       Grad       Stress     Addn.      Time      
             34       1.1057     1.1057     0.0000     0.0000     0.0000     0.0000     0.39       Saving model
Train Loss:  Epoch    Total      Graph      Atom       Grad       Stress     Addn.      Time      
             35       7.9135     7.9135     0.0000     0.0000     0.0000     0.0000     4.00      
Val Loss:    Epoch    Total      Graph      Atom       Grad       Stress     Addn.      Time      
             35       1.0866     1.0866     0.0000     0.0000     0.0000     0.0000     0.39       Saving model
Train Loss:  Epoch    Total      Graph      Atom       Grad       Stress     Addn.      Time      
             36       7.8893     7.8893     0.0000     0.0000     0.0000     0.0000     4.03      
Val Loss:    Epoch    Total      Graph      Atom       Grad       Stress     Addn.      Time      
             36       1.0823     1.0823     0.0000     0.0000     0.0000     0.0000     0.39       Saving model
Train Loss:  Epoch    Total      Graph      Atom       Grad       Stress     Addn.      Time      
             37       7.8832     7.8832     0.0000     0.0000     0.0000     0.0000     4.67      
Val Loss:    Epoch    Total      Graph      Atom       Grad       Stress     Addn.      Time      
             37       1.0832     1.0832     0.0000     0.0000     0.0000     0.0000     0.40       Saving model
Train Loss:  Epoch    Total      Graph      Atom       Grad       Stress     Addn.      Time      
             38       7.8093     7.8093     0.0000     0.0000     0.0000     0.0000     4.47      
Val Loss:    Epoch    Total      Graph      Atom       Grad       Stress     Addn.      Time      
             38       1.0772     1.0772     0.0000     0.0000     0.0000     0.0000     0.75       Saving model
Train Loss:  Epoch    Total      Graph      Atom       Grad       Stress     Addn.      Time      
             39       7.7831     7.7831     0.0000     0.0000     0.0000     0.0000     4.21      
Val Loss:    Epoch    Total      Graph      Atom       Grad       Stress     Addn.      Time      
             39       1.0850     1.0850     0.0000     0.0000     0.0000     0.0000     0.39       Saving model
Train Loss:  Epoch    Total      Graph      Atom       Grad       Stress     Addn.      Time      
             40       7.7789     7.7789     0.0000     0.0000     0.0000     0.0000     4.01      
Val Loss:    Epoch    Total      Graph      Atom       Grad       Stress     Addn.      Time      
             40       1.0706     1.0706     0.0000     0.0000     0.0000     0.0000     0.39       Saving model
Train Loss:  Epoch    Total      Graph      Atom       Grad       Stress     Addn.      Time      
             41       7.7028     7.7028     0.0000     0.0000     0.0000     0.0000     4.31      
Val Loss:    Epoch    Total      Graph      Atom       Grad       Stress     Addn.      Time      
             41       1.0726     1.0726     0.0000     0.0000     0.0000     0.0000     0.39       Saving model
Train Loss:  Epoch    Total      Graph      Atom       Grad       Stress     Addn.      Time      
             42       7.6839     7.6839     0.0000     0.0000     0.0000     0.0000     4.01      
Val Loss:    Epoch    Total      Graph      Atom       Grad       Stress     Addn.      Time      
             42       1.0692     1.0692     0.0000     0.0000     0.0000     0.0000     0.39       Saving model
Train Loss:  Epoch    Total      Graph      Atom       Grad       Stress     Addn.      Time      
             43       7.7240     7.7240     0.0000     0.0000     0.0000     0.0000     4.01      
Val Loss:    Epoch    Total      Graph      Atom       Grad       Stress     Addn.      Time      
             43       1.0634     1.0634     0.0000     0.0000     0.0000     0.0000     0.39       Saving model
Train Loss:  Epoch    Total      Graph      Atom       Grad       Stress     Addn.      Time      
             44       7.6778     7.6778     0.0000     0.0000     0.0000     0.0000     4.45      
Val Loss:    Epoch    Total      Graph      Atom       Grad       Stress     Addn.      Time      
             44       1.0672     1.0672     0.0000     0.0000     0.0000     0.0000     0.39       Saving model
Train Loss:  Epoch    Total      Graph      Atom       Grad       Stress     Addn.      Time      
             45       7.6464     7.6464     0.0000     0.0000     0.0000     0.0000     4.93      
Val Loss:    Epoch    Total      Graph      Atom       Grad       Stress     Addn.      Time      
             45       1.0591     1.0591     0.0000     0.0000     0.0000     0.0000     0.38       Saving model
Train Loss:  Epoch    Total      Graph      Atom       Grad       Stress     Addn.      Time      
             46       7.6229     7.6229     0.0000     0.0000     0.0000     0.0000     4.02      
Val Loss:    Epoch    Total      Graph      Atom       Grad       Stress     Addn.      Time      
             46       1.0576     1.0576     0.0000     0.0000     0.0000     0.0000     0.39       Saving model
Train Loss:  Epoch    Total      Graph      Atom       Grad       Stress     Addn.      Time      
             47       7.5747     7.5747     0.0000     0.0000     0.0000     0.0000     4.04      
Val Loss:    Epoch    Total      Graph      Atom       Grad       Stress     Addn.      Time      
             47       1.0553     1.0553     0.0000     0.0000     0.0000     0.0000     0.39       Saving model
Train Loss:  Epoch    Total      Graph      Atom       Grad       Stress     Addn.      Time      
             48       7.5817     7.5817     0.0000     0.0000     0.0000     0.0000     4.02      
Val Loss:    Epoch    Total      Graph      Atom       Grad       Stress     Addn.      Time      
             48       1.0560     1.0560     0.0000     0.0000     0.0000     0.0000     0.39       Saving model
Train Loss:  Epoch    Total      Graph      Atom       Grad       Stress     Addn.      Time      
             49       7.5265     7.5265     0.0000     0.0000     0.0000     0.0000     4.38      
Val Loss:    Epoch    Total      Graph      Atom       Grad       Stress     Addn.      Time      
             49       1.0476     1.0476     0.0000     0.0000     0.0000     0.0000     0.38       Saving model
Train Loss:  Epoch    Total      Graph      Atom       Grad       Stress     Addn.      Time      
             50       7.4946     7.4946     0.0000     0.0000     0.0000     0.0000     4.54      
Val Loss:    Epoch    Total      Graph      Atom       Grad       Stress     Addn.      Time      
             50       1.0515     1.0515     0.0000     0.0000     0.0000     0.0000     0.39       Saving model
Train Loss:  Epoch    Total      Graph      Atom       Grad       Stress     Addn.      Time      
             51       7.4657     7.4657     0.0000     0.0000     0.0000     0.0000     4.68      
Val Loss:    Epoch    Total      Graph      Atom       Grad       Stress     Addn.      Time      
             51       1.0454     1.0454     0.0000     0.0000     0.0000     0.0000     0.63       Saving model
Train Loss:  Epoch    Total      Graph      Atom       Grad       Stress     Addn.      Time      
             52       7.4639     7.4639     0.0000     0.0000     0.0000     0.0000     3.96      
Val Loss:    Epoch    Total      Graph      Atom       Grad       Stress     Addn.      Time      
             52       1.0504     1.0504     0.0000     0.0000     0.0000     0.0000     0.39       Saving model
Train Loss:  Epoch    Total      Graph      Atom       Grad       Stress     Addn.      Time      
             53       7.4650     7.4650     0.0000     0.0000     0.0000     0.0000     4.28      
Val Loss:    Epoch    Total      Graph      Atom       Grad       Stress     Addn.      Time      
             53       1.0417     1.0417     0.0000     0.0000     0.0000     0.0000     0.39       Saving model
Train Loss:  Epoch    Total      Graph      Atom       Grad       Stress     Addn.      Time      
             54       7.4789     7.4789     0.0000     0.0000     0.0000     0.0000     3.99      
Val Loss:    Epoch    Total      Graph      Atom       Grad       Stress     Addn.      Time      
             54       1.0361     1.0361     0.0000     0.0000     0.0000     0.0000     0.38       Saving model
Train Loss:  Epoch    Total      Graph      Atom       Grad       Stress     Addn.      Time      
             55       7.4593     7.4593     0.0000     0.0000     0.0000     0.0000     4.00      
Val Loss:    Epoch    Total      Graph      Atom       Grad       Stress     Addn.      Time      
             55       1.0407     1.0407     0.0000     0.0000     0.0000     0.0000     0.38       Saving model
Train Loss:  Epoch    Total      Graph      Atom       Grad       Stress     Addn.      Time      
             56       7.4173     7.4173     0.0000     0.0000     0.0000     0.0000     4.38      
Val Loss:    Epoch    Total      Graph      Atom       Grad       Stress     Addn.      Time      
             56       1.0321     1.0321     0.0000     0.0000     0.0000     0.0000     0.38       Saving model
Train Loss:  Epoch    Total      Graph      Atom       Grad       Stress     Addn.      Time      
             57       7.4133     7.4133     0.0000     0.0000     0.0000     0.0000     4.30      
Val Loss:    Epoch    Total      Graph      Atom       Grad       Stress     Addn.      Time      
             57       1.0311     1.0311     0.0000     0.0000     0.0000     0.0000     0.39       Saving model
Train Loss:  Epoch    Total      Graph      Atom       Grad       Stress     Addn.      Time      
             58       7.3677     7.3677     0.0000     0.0000     0.0000     0.0000     4.89      
Val Loss:    Epoch    Total      Graph      Atom       Grad       Stress     Addn.      Time      
             58       1.0317     1.0317     0.0000     0.0000     0.0000     0.0000     0.38       Saving model
Train Loss:  Epoch    Total      Graph      Atom       Grad       Stress     Addn.      Time      
             59       7.3360     7.3360     0.0000     0.0000     0.0000     0.0000     4.00      
Val Loss:    Epoch    Total      Graph      Atom       Grad       Stress     Addn.      Time      
             59       1.0278     1.0278     0.0000     0.0000     0.0000     0.0000     0.38       Saving model
Train Loss:  Epoch    Total      Graph      Atom       Grad       Stress     Addn.      Time      
             60       7.3260     7.3260     0.0000     0.0000     0.0000     0.0000     4.02      
Val Loss:    Epoch    Total      Graph      Atom       Grad       Stress     Addn.      Time      
             60       1.0342     1.0342     0.0000     0.0000     0.0000     0.0000     0.39       Saving model
Train Loss:  Epoch    Total      Graph      Atom       Grad       Stress     Addn.      Time      
             61       7.3205     7.3205     0.0000     0.0000     0.0000     0.0000     4.39      
Val Loss:    Epoch    Total      Graph      Atom       Grad       Stress     Addn.      Time      
             61       1.0293     1.0293     0.0000     0.0000     0.0000     0.0000     0.39       Saving model
Train Loss:  Epoch    Total      Graph      Atom       Grad       Stress     Addn.      Time      
             62       7.2946     7.2946     0.0000     0.0000     0.0000     0.0000     4.02      
Val Loss:    Epoch    Total      Graph      Atom       Grad       Stress     Addn.      Time      
             62       1.0230     1.0230     0.0000     0.0000     0.0000     0.0000     0.39       Saving model
Train Loss:  Epoch    Total      Graph      Atom       Grad       Stress     Addn.      Time      
             63       7.2642     7.2642     0.0000     0.0000     0.0000     0.0000     4.37      
Val Loss:    Epoch    Total      Graph      Atom       Grad       Stress     Addn.      Time      
             63       1.0215     1.0215     0.0000     0.0000     0.0000     0.0000     0.39       Saving model
Train Loss:  Epoch    Total      Graph      Atom       Grad       Stress     Addn.      Time      
             64       7.2639     7.2639     0.0000     0.0000     0.0000     0.0000     5.26      
Val Loss:    Epoch    Total      Graph      Atom       Grad       Stress     Addn.      Time      
             64       1.0212     1.0212     0.0000     0.0000     0.0000     0.0000     0.38       Saving model
Train Loss:  Epoch    Total      Graph      Atom       Grad       Stress     Addn.      Time      
             65       7.2484     7.2484     0.0000     0.0000     0.0000     0.0000     4.01      
Val Loss:    Epoch    Total      Graph      Atom       Grad       Stress     Addn.      Time      
             65       1.0155     1.0155     0.0000     0.0000     0.0000     0.0000     0.39       Saving model
Train Loss:  Epoch    Total      Graph      Atom       Grad       Stress     Addn.      Time      
             66       7.2377     7.2377     0.0000     0.0000     0.0000     0.0000     4.01      
Val Loss:    Epoch    Total      Graph      Atom       Grad       Stress     Addn.      Time      
             66       1.0200     1.0200     0.0000     0.0000     0.0000     0.0000     0.39       Saving model
Train Loss:  Epoch    Total      Graph      Atom       Grad       Stress     Addn.      Time      
             67       7.2086     7.2086     0.0000     0.0000     0.0000     0.0000     4.01      
Val Loss:    Epoch    Total      Graph      Atom       Grad       Stress     Addn.      Time      
             67       1.0117     1.0117     0.0000     0.0000     0.0000     0.0000     0.39       Saving model
Train Loss:  Epoch    Total      Graph      Atom       Grad       Stress     Addn.      Time      
             68       7.1988     7.1988     0.0000     0.0000     0.0000     0.0000     4.40      
Val Loss:    Epoch    Total      Graph      Atom       Grad       Stress     Addn.      Time      
             68       1.0154     1.0154     0.0000     0.0000     0.0000     0.0000     0.39       Saving model
Train Loss:  Epoch    Total      Graph      Atom       Grad       Stress     Addn.      Time      
             69       7.2418     7.2418     0.0000     0.0000     0.0000     0.0000     4.50      
Val Loss:    Epoch    Total      Graph      Atom       Grad       Stress     Addn.      Time      
             69       1.0147     1.0147     0.0000     0.0000     0.0000     0.0000     0.39       Saving model
Train Loss:  Epoch    Total      Graph      Atom       Grad       Stress     Addn.      Time      
             70       7.1957     7.1957     0.0000     0.0000     0.0000     0.0000     4.73      
Val Loss:    Epoch    Total      Graph      Atom       Grad       Stress     Addn.      Time      
             70       1.0096     1.0096     0.0000     0.0000     0.0000     0.0000     0.39       Saving model
Train Loss:  Epoch    Total      Graph      Atom       Grad       Stress     Addn.      Time      
             71       7.1582     7.1582     0.0000     0.0000     0.0000     0.0000     4.20      
Val Loss:    Epoch    Total      Graph      Atom       Grad       Stress     Addn.      Time      
             71       1.0122     1.0122     0.0000     0.0000     0.0000     0.0000     0.39       Saving model
Train Loss:  Epoch    Total      Graph      Atom       Grad       Stress     Addn.      Time      
             72       7.1817     7.1817     0.0000     0.0000     0.0000     0.0000     4.26      
Val Loss:    Epoch    Total      Graph      Atom       Grad       Stress     Addn.      Time      
             72       1.0081     1.0081     0.0000     0.0000     0.0000     0.0000     0.39       Saving model
Train Loss:  Epoch    Total      Graph      Atom       Grad       Stress     Addn.      Time      
             73       7.1326     7.1326     0.0000     0.0000     0.0000     0.0000     4.00      
Val Loss:    Epoch    Total      Graph      Atom       Grad       Stress     Addn.      Time      
             73       1.0085     1.0085     0.0000     0.0000     0.0000     0.0000     0.38       Saving model
Train Loss:  Epoch    Total      Graph      Atom       Grad       Stress     Addn.      Time      
             74       7.1320     7.1320     0.0000     0.0000     0.0000     0.0000     4.00      
Val Loss:    Epoch    Total      Graph      Atom       Grad       Stress     Addn.      Time      
             74       1.0028     1.0028     0.0000     0.0000     0.0000     0.0000     0.38       Saving model
Train Loss:  Epoch    Total      Graph      Atom       Grad       Stress     Addn.      Time      
             75       7.1012     7.1012     0.0000     0.0000     0.0000     0.0000     4.00      
Val Loss:    Epoch    Total      Graph      Atom       Grad       Stress     Addn.      Time      
             75       1.0058     1.0058     0.0000     0.0000     0.0000     0.0000     0.38       Saving model
Train Loss:  Epoch    Total      Graph      Atom       Grad       Stress     Addn.      Time      
             76       7.1620     7.1620     0.0000     0.0000     0.0000     0.0000     4.72      
Val Loss:    Epoch    Total      Graph      Atom       Grad       Stress     Addn.      Time      
             76       1.0237     1.0237     0.0000     0.0000     0.0000     0.0000     0.38       Saving model
Train Loss:  Epoch    Total      Graph      Atom       Grad       Stress     Addn.      Time      
             77       7.1248     7.1248     0.0000     0.0000     0.0000     0.0000     4.88      
Val Loss:    Epoch    Total      Graph      Atom       Grad       Stress     Addn.      Time      
             77       1.0030     1.0030     0.0000     0.0000     0.0000     0.0000     0.39       Saving model
Train Loss:  Epoch    Total      Graph      Atom       Grad       Stress     Addn.      Time      
             78       7.0566     7.0566     0.0000     0.0000     0.0000     0.0000     5.37      
Val Loss:    Epoch    Total      Graph      Atom       Grad       Stress     Addn.      Time      
             78       0.9990     0.9990     0.0000     0.0000     0.0000     0.0000     0.39       Saving model
Train Loss:  Epoch    Total      Graph      Atom       Grad       Stress     Addn.      Time      
             79       7.0851     7.0851     0.0000     0.0000     0.0000     0.0000     4.03      
Val Loss:    Epoch    Total      Graph      Atom       Grad       Stress     Addn.      Time      
             79       0.9991     0.9991     0.0000     0.0000     0.0000     0.0000     0.38       Saving model
Train Loss:  Epoch    Total      Graph      Atom       Grad       Stress     Addn.      Time      
             80       7.0621     7.0621     0.0000     0.0000     0.0000     0.0000     4.28      
Val Loss:    Epoch    Total      Graph      Atom       Grad       Stress     Addn.      Time      
             80       1.0019     1.0019     0.0000     0.0000     0.0000     0.0000     0.38       Saving model
Train Loss:  Epoch    Total      Graph      Atom       Grad       Stress     Addn.      Time      
             81       7.0614     7.0614     0.0000     0.0000     0.0000     0.0000     4.02      
Val Loss:    Epoch    Total      Graph      Atom       Grad       Stress     Addn.      Time      
             81       0.9946     0.9946     0.0000     0.0000     0.0000     0.0000     0.39       Saving model
Train Loss:  Epoch    Total      Graph      Atom       Grad       Stress     Addn.      Time      
             82       7.0815     7.0815     0.0000     0.0000     0.0000     0.0000     4.44      
Val Loss:    Epoch    Total      Graph      Atom       Grad       Stress     Addn.      Time      
             82       0.9917     0.9917     0.0000     0.0000     0.0000     0.0000     0.38       Saving model
Train Loss:  Epoch    Total      Graph      Atom       Grad       Stress     Addn.      Time      
             83       7.0052     7.0052     0.0000     0.0000     0.0000     0.0000     4.94      
Val Loss:    Epoch    Total      Graph      Atom       Grad       Stress     Addn.      Time      
             83       0.9927     0.9927     0.0000     0.0000     0.0000     0.0000     0.38       Saving model
Train Loss:  Epoch    Total      Graph      Atom       Grad       Stress     Addn.      Time      
             84       7.0174     7.0174     0.0000     0.0000     0.0000     0.0000     4.29      
Val Loss:    Epoch    Total      Graph      Atom       Grad       Stress     Addn.      Time      
             84       0.9952     0.9952     0.0000     0.0000     0.0000     0.0000     0.38       Saving model
Train Loss:  Epoch    Total      Graph      Atom       Grad       Stress     Addn.      Time      
             85       6.9753     6.9753     0.0000     0.0000     0.0000     0.0000     4.00      
Val Loss:    Epoch    Total      Graph      Atom       Grad       Stress     Addn.      Time      
             85       0.9936     0.9936     0.0000     0.0000     0.0000     0.0000     0.39       Saving model
Train Loss:  Epoch    Total      Graph      Atom       Grad       Stress     Addn.      Time      
             86       7.0030     7.0030     0.0000     0.0000     0.0000     0.0000     4.01      
Val Loss:    Epoch    Total      Graph      Atom       Grad       Stress     Addn.      Time      
             86       0.9916     0.9916     0.0000     0.0000     0.0000     0.0000     0.39       Saving model
Train Loss:  Epoch    Total      Graph      Atom       Grad       Stress     Addn.      Time      
             87       7.0465     7.0465     0.0000     0.0000     0.0000     0.0000     4.01      
Val Loss:    Epoch    Total      Graph      Atom       Grad       Stress     Addn.      Time      
             87       0.9856     0.9856     0.0000     0.0000     0.0000     0.0000     0.39       Saving model
Train Loss:  Epoch    Total      Graph      Atom       Grad       Stress     Addn.      Time      
             88       6.9949     6.9949     0.0000     0.0000     0.0000     0.0000     4.83      
Val Loss:    Epoch    Total      Graph      Atom       Grad       Stress     Addn.      Time      
             88       0.9945     0.9945     0.0000     0.0000     0.0000     0.0000     0.38       Saving model
Train Loss:  Epoch    Total      Graph      Atom       Grad       Stress     Addn.      Time      
             89       6.9163     6.9163     0.0000     0.0000     0.0000     0.0000     4.97      
Val Loss:    Epoch    Total      Graph      Atom       Grad       Stress     Addn.      Time      
             89       0.9868     0.9868     0.0000     0.0000     0.0000     0.0000     0.37       Saving model
Train Loss:  Epoch    Total      Graph      Atom       Grad       Stress     Addn.      Time      
             90       6.9843     6.9843     0.0000     0.0000     0.0000     0.0000     3.95      
Val Loss:    Epoch    Total      Graph      Atom       Grad       Stress     Addn.      Time      
             90       0.9874     0.9874     0.0000     0.0000     0.0000     0.0000     0.39       Saving model
Train Loss:  Epoch    Total      Graph      Atom       Grad       Stress     Addn.      Time      
             91       6.9681     6.9681     0.0000     0.0000     0.0000     0.0000     4.02      
Val Loss:    Epoch    Total      Graph      Atom       Grad       Stress     Addn.      Time      
             91       0.9830     0.9830     0.0000     0.0000     0.0000     0.0000     0.39       Saving model
Train Loss:  Epoch    Total      Graph      Atom       Grad       Stress     Addn.      Time      
             92       6.9170     6.9170     0.0000     0.0000     0.0000     0.0000     4.29      
Val Loss:    Epoch    Total      Graph      Atom       Grad       Stress     Addn.      Time      
             92       0.9824     0.9824     0.0000     0.0000     0.0000     0.0000     0.39       Saving model
Train Loss:  Epoch    Total      Graph      Atom       Grad       Stress     Addn.      Time      
             93       6.9752     6.9752     0.0000     0.0000     0.0000     0.0000     4.02      
Val Loss:    Epoch    Total      Graph      Atom       Grad       Stress     Addn.      Time      
             93       0.9834     0.9834     0.0000     0.0000     0.0000     0.0000     0.39       Saving model
Train Loss:  Epoch    Total      Graph      Atom       Grad       Stress     Addn.      Time      
             94       6.9595     6.9595     0.0000     0.0000     0.0000     0.0000     4.44      
Val Loss:    Epoch    Total      Graph      Atom       Grad       Stress     Addn.      Time      
             94       0.9798     0.9798     0.0000     0.0000     0.0000     0.0000     0.39       Saving model
Train Loss:  Epoch    Total      Graph      Atom       Grad       Stress     Addn.      Time      
             95       6.9106     6.9106     0.0000     0.0000     0.0000     0.0000     4.08      
Val Loss:    Epoch    Total      Graph      Atom       Grad       Stress     Addn.      Time      
             95       0.9797     0.9797     0.0000     0.0000     0.0000     0.0000     0.39       Saving model
Train Loss:  Epoch    Total      Graph      Atom       Grad       Stress     Addn.      Time      
             96       6.8981     6.8981     0.0000     0.0000     0.0000     0.0000     4.72      
Val Loss:    Epoch    Total      Graph      Atom       Grad       Stress     Addn.      Time      
             96       0.9807     0.9807     0.0000     0.0000     0.0000     0.0000     0.38       Saving model
Train Loss:  Epoch    Total      Graph      Atom       Grad       Stress     Addn.      Time      
             97       6.9192     6.9192     0.0000     0.0000     0.0000     0.0000     3.99      
Val Loss:    Epoch    Total      Graph      Atom       Grad       Stress     Addn.      Time      
             97       0.9795     0.9795     0.0000     0.0000     0.0000     0.0000     0.38       Saving model
Train Loss:  Epoch    Total      Graph      Atom       Grad       Stress     Addn.      Time      
             98       6.8667     6.8667     0.0000     0.0000     0.0000     0.0000     4.03      
Val Loss:    Epoch    Total      Graph      Atom       Grad       Stress     Addn.      Time      
             98       0.9776     0.9776     0.0000     0.0000     0.0000     0.0000     0.39       Saving model
Train Loss:  Epoch    Total      Graph      Atom       Grad       Stress     Addn.      Time      
             99       6.8709     6.8709     0.0000     0.0000     0.0000     0.0000     4.00      
Val Loss:    Epoch    Total      Graph      Atom       Grad       Stress     Addn.      Time      
             99       0.9770     0.9770     0.0000     0.0000     0.0000     0.0000     0.39       Saving model
Train Loss:  Epoch    Total      Graph      Atom       Grad       Stress     Addn.      Time      
             100      6.8744     6.8744     0.0000     0.0000     0.0000     0.0000     4.38      
Val Loss:    Epoch    Total      Graph      Atom       Grad       Stress     Addn.      Time      
             100      0.9774     0.9774     0.0000     0.0000     0.0000     0.0000     0.38       Saving model
Train Loss:  Epoch    Total      Graph      Atom       Grad       Stress     Addn.      Time      
             101      6.8622     6.8622     0.0000     0.0000     0.0000     0.0000     4.39      
Val Loss:    Epoch    Total      Graph      Atom       Grad       Stress     Addn.      Time      
             101      0.9820     0.9820     0.0000     0.0000     0.0000     0.0000     0.38       Saving model
Train Loss:  Epoch    Total      Graph      Atom       Grad       Stress     Addn.      Time      
             102      6.8654     6.8654     0.0000     0.0000     0.0000     0.0000     4.86      
Val Loss:    Epoch    Total      Graph      Atom       Grad       Stress     Addn.      Time      
             102      0.9764     0.9764     0.0000     0.0000     0.0000     0.0000     0.37       Saving model
Train Loss:  Epoch    Total      Graph      Atom       Grad       Stress     Addn.      Time      
             103      6.8489     6.8489     0.0000     0.0000     0.0000     0.0000     3.99      
Val Loss:    Epoch    Total      Graph      Atom       Grad       Stress     Addn.      Time      
             103      0.9750     0.9750     0.0000     0.0000     0.0000     0.0000     0.40       Saving model
Train Loss:  Epoch    Total      Graph      Atom       Grad       Stress     Addn.      Time      
             104      6.8713     6.8713     0.0000     0.0000     0.0000     0.0000     4.41      
Val Loss:    Epoch    Total      Graph      Atom       Grad       Stress     Addn.      Time      
             104      0.9720     0.9720     0.0000     0.0000     0.0000     0.0000     0.39       Saving model
Train Loss:  Epoch    Total      Graph      Atom       Grad       Stress     Addn.      Time      
             105      6.8485     6.8485     0.0000     0.0000     0.0000     0.0000     4.01      
Val Loss:    Epoch    Total      Graph      Atom       Grad       Stress     Addn.      Time      
             105      0.9768     0.9768     0.0000     0.0000     0.0000     0.0000     0.39       Saving model
Train Loss:  Epoch    Total      Graph      Atom       Grad       Stress     Addn.      Time      
             106      6.8314     6.8314     0.0000     0.0000     0.0000     0.0000     4.02      
Val Loss:    Epoch    Total      Graph      Atom       Grad       Stress     Addn.      Time      
             106      0.9733     0.9733     0.0000     0.0000     0.0000     0.0000     0.38       Saving model
Train Loss:  Epoch    Total      Graph      Atom       Grad       Stress     Addn.      Time      
             107      6.8504     6.8504     0.0000     0.0000     0.0000     0.0000     4.39      
Val Loss:    Epoch    Total      Graph      Atom       Grad       Stress     Addn.      Time      
             107      0.9668     0.9668     0.0000     0.0000     0.0000     0.0000     0.41       Saving model
Train Loss:  Epoch    Total      Graph      Atom       Grad       Stress     Addn.      Time      
             108      6.8083     6.8083     0.0000     0.0000     0.0000     0.0000     4.75      
Val Loss:    Epoch    Total      Graph      Atom       Grad       Stress     Addn.      Time      
             108      0.9733     0.9733     0.0000     0.0000     0.0000     0.0000     0.39       Saving model
Train Loss:  Epoch    Total      Graph      Atom       Grad       Stress     Addn.      Time      
             109      6.8360     6.8360     0.0000     0.0000     0.0000     0.0000     4.44      
Val Loss:    Epoch    Total      Graph      Atom       Grad       Stress     Addn.      Time      
             109      0.9692     0.9692     0.0000     0.0000     0.0000     0.0000     0.38       Saving model
Train Loss:  Epoch    Total      Graph      Atom       Grad       Stress     Addn.      Time      
             110      6.8250     6.8250     0.0000     0.0000     0.0000     0.0000     3.99      
Val Loss:    Epoch    Total      Graph      Atom       Grad       Stress     Addn.      Time      
             110      0.9760     0.9760     0.0000     0.0000     0.0000     0.0000     0.38       Saving model
Train Loss:  Epoch    Total      Graph      Atom       Grad       Stress     Addn.      Time      
             111      6.7701     6.7701     0.0000     0.0000     0.0000     0.0000     4.02      
Val Loss:    Epoch    Total      Graph      Atom       Grad       Stress     Addn.      Time      
             111      0.9639     0.9639     0.0000     0.0000     0.0000     0.0000     0.38       Saving model
Train Loss:  Epoch    Total      Graph      Atom       Grad       Stress     Addn.      Time      
             112      6.7961     6.7961     0.0000     0.0000     0.0000     0.0000     4.02      
Val Loss:    Epoch    Total      Graph      Atom       Grad       Stress     Addn.      Time      
             112      0.9662     0.9662     0.0000     0.0000     0.0000     0.0000     0.38       Saving model
Train Loss:  Epoch    Total      Graph      Atom       Grad       Stress     Addn.      Time      
             113      6.7917     6.7917     0.0000     0.0000     0.0000     0.0000     4.57      
Val Loss:    Epoch    Total      Graph      Atom       Grad       Stress     Addn.      Time      
             113      0.9663     0.9663     0.0000     0.0000     0.0000     0.0000     0.81       Saving model
Train Loss:  Epoch    Total      Graph      Atom       Grad       Stress     Addn.      Time      
             114      6.7881     6.7881     0.0000     0.0000     0.0000     0.0000     4.06      
Val Loss:    Epoch    Total      Graph      Atom       Grad       Stress     Addn.      Time      
             114      0.9702     0.9702     0.0000     0.0000     0.0000     0.0000     0.38       Saving model
Train Loss:  Epoch    Total      Graph      Atom       Grad       Stress     Addn.      Time      
             115      6.7847     6.7847     0.0000     0.0000     0.0000     0.0000     4.80      
Val Loss:    Epoch    Total      Graph      Atom       Grad       Stress     Addn.      Time      
             115      0.9623     0.9623     0.0000     0.0000     0.0000     0.0000     0.39       Saving model
Train Loss:  Epoch    Total      Graph      Atom       Grad       Stress     Addn.      Time      
             116      6.7718     6.7718     0.0000     0.0000     0.0000     0.0000     4.01      
Val Loss:    Epoch    Total      Graph      Atom       Grad       Stress     Addn.      Time      
             116      0.9664     0.9664     0.0000     0.0000     0.0000     0.0000     0.39       Saving model
Train Loss:  Epoch    Total      Graph      Atom       Grad       Stress     Addn.      Time      
             117      6.7679     6.7679     0.0000     0.0000     0.0000     0.0000     4.30      
Val Loss:    Epoch    Total      Graph      Atom       Grad       Stress     Addn.      Time      
             117      0.9628     0.9628     0.0000     0.0000     0.0000     0.0000     0.39       Saving model
Train Loss:  Epoch    Total      Graph      Atom       Grad       Stress     Addn.      Time      
             118      6.7475     6.7475     0.0000     0.0000     0.0000     0.0000     4.01      
Val Loss:    Epoch    Total      Graph      Atom       Grad       Stress     Addn.      Time      
             118      0.9619     0.9619     0.0000     0.0000     0.0000     0.0000     0.39       Saving model
Train Loss:  Epoch    Total      Graph      Atom       Grad       Stress     Addn.      Time      
             119      6.7400     6.7400     0.0000     0.0000     0.0000     0.0000     3.94      
Val Loss:    Epoch    Total      Graph      Atom       Grad       Stress     Addn.      Time      
             119      0.9647     0.9647     0.0000     0.0000     0.0000     0.0000     0.38       Saving model
Test MAE: 0.11200917244826075
Time taken (s) 580.2951090335846
Error: The source file 'prediction_results_test_set.csv' was not found.
Error: The source file 'history_val_mae.json' was not found.

  0%|          | 0/4394 [00:00<?, ?it/s]
  0%|          | 10/4394 [00:00<00:46, 93.58it/s]
  1%|          | 23/4394 [00:00<00:39, 110.25it/s]
  1%|          | 35/4394 [00:00<00:39, 109.70it/s]
  1%|          | 47/4394 [00:00<00:38, 112.02it/s]
  1%|▏         | 59/4394 [00:00<00:56, 76.28it/s] 
  2%|▏         | 71/4394 [00:00<00:49, 86.84it/s]
  2%|▏         | 85/4394 [00:00<00:43, 98.86it/s]
  2%|▏         | 98/4394 [00:00<00:40, 106.30it/s]
  3%|▎         | 113/4394 [00:01<00:36, 117.96it/s]
  3%|▎         | 126/4394 [00:01<00:35, 120.46it/s]
  3%|▎         | 140/4394 [00:01<00:34, 124.88it/s]
  3%|▎         | 153/4394 [00:01<00:34, 124.06it/s]
  4%|▍         | 168/4394 [00:01<00:32, 130.70it/s]
  4%|▍         | 182/4394 [00:01<00:34, 123.37it/s]
  4%|▍         | 196/4394 [00:01<00:33, 124.82it/s]
  5%|▍         | 209/4394 [00:01<00:33, 126.21it/s]
  5%|▌         | 222/4394 [00:02<00:39, 104.98it/s]
  5%|▌         | 234/4394 [00:02<00:38, 106.90it/s]
  6%|▌         | 248/4394 [00:02<00:37, 111.45it/s]
  6%|▌         | 260/4394 [00:02<00:36, 112.61it/s]
  6%|▌         | 272/4394 [00:02<00:37, 110.16it/s]
  6%|▋         | 285/4394 [00:02<00:35, 114.66it/s]
  7%|▋         | 298/4394 [00:02<00:34, 118.89it/s]
  7%|▋         | 311/4394 [00:02<00:34, 117.82it/s]
  7%|▋         | 325/4394 [00:02<00:33, 121.73it/s]
  8%|▊         | 341/4394 [00:02<00:30, 130.84it/s]
  8%|▊         | 355/4394 [00:03<00:31, 129.47it/s]
  8%|▊         | 369/4394 [00:03<00:32, 124.81it/s]
  9%|▊         | 383/4394 [00:03<00:31, 126.50it/s]
  9%|▉         | 396/4394 [00:03<00:34, 115.99it/s]
  9%|▉         | 411/4394 [00:03<00:32, 124.39it/s]
 10%|▉         | 424/4394 [00:03<00:31, 124.77it/s]
 10%|▉         | 437/4394 [00:03<00:34, 115.59it/s]
 10%|█         | 452/4394 [00:03<00:32, 121.65it/s]
 11%|█         | 466/4394 [00:04<00:31, 123.67it/s]
 11%|█         | 482/4394 [00:04<00:29, 130.80it/s]
 11%|█▏        | 496/4394 [00:04<00:32, 121.60it/s]
 12%|█▏        | 509/4394 [00:04<00:31, 122.29it/s]
 12%|█▏        | 523/4394 [00:04<00:31, 124.49it/s]
 12%|█▏        | 536/4394 [00:04<00:33, 114.66it/s]
 12%|█▏        | 548/4394 [00:04<00:33, 115.98it/s]
 13%|█▎        | 562/4394 [00:04<00:31, 122.55it/s]
 13%|█▎        | 577/4394 [00:04<00:29, 127.58it/s]
 13%|█▎        | 590/4394 [00:05<00:30, 124.51it/s]
 14%|█▎        | 603/4394 [00:05<00:31, 121.58it/s]
 14%|█▍        | 617/4394 [00:05<00:30, 125.20it/s]
 14%|█▍        | 631/4394 [00:05<00:29, 128.30it/s]
 15%|█▍        | 646/4394 [00:05<00:28, 131.25it/s]
 15%|█▌        | 660/4394 [00:05<00:41, 90.21it/s] 
 15%|█▌        | 675/4394 [00:05<00:36, 102.42it/s]
 16%|█▌        | 687/4394 [00:05<00:36, 101.14it/s]
 16%|█▌        | 699/4394 [00:06<00:37, 98.84it/s] 
 16%|█▌        | 710/4394 [00:06<00:36, 101.38it/s]
 16%|█▋        | 721/4394 [00:06<00:37, 96.98it/s] 
 17%|█▋        | 733/4394 [00:06<00:35, 101.75it/s]
 17%|█▋        | 747/4394 [00:06<00:32, 111.45it/s]
 17%|█▋        | 759/4394 [00:06<00:32, 111.20it/s]
 18%|█▊        | 771/4394 [00:06<00:34, 103.59it/s]
 18%|█▊        | 782/4394 [00:06<00:35, 101.85it/s]
 18%|█▊        | 793/4394 [00:06<00:35, 100.67it/s]
 18%|█▊        | 806/4394 [00:07<00:34, 103.88it/s]
 19%|█▊        | 821/4394 [00:07<00:31, 113.76it/s]
 19%|█▉        | 834/4394 [00:07<00:30, 118.00it/s]
 19%|█▉        | 848/4394 [00:07<00:28, 122.68it/s]
 20%|█▉        | 861/4394 [00:07<00:29, 118.29it/s]
 20%|█▉        | 876/4394 [00:07<00:28, 125.64it/s]
 20%|██        | 889/4394 [00:07<00:32, 107.23it/s]
 21%|██        | 903/4394 [00:07<00:30, 115.12it/s]
 21%|██        | 916/4394 [00:08<00:30, 114.68it/s]
 21%|██        | 928/4394 [00:08<00:30, 113.83it/s]
 21%|██▏       | 941/4394 [00:08<00:29, 118.03it/s]
 22%|██▏       | 954/4394 [00:08<00:29, 117.45it/s]
 22%|██▏       | 968/4394 [00:08<00:27, 123.18it/s]
 22%|██▏       | 981/4394 [00:08<00:27, 122.14it/s]
 23%|██▎       | 995/4394 [00:08<00:27, 125.33it/s]
 23%|██▎       | 1008/4394 [00:08<00:28, 120.10it/s]
 23%|██▎       | 1021/4394 [00:08<00:27, 121.81it/s]
 24%|██▎       | 1036/4394 [00:08<00:26, 127.49it/s]
 24%|██▍       | 1049/4394 [00:09<00:26, 126.08it/s]
 24%|██▍       | 1062/4394 [00:09<00:26, 126.44it/s]
 24%|██▍       | 1075/4394 [00:09<00:27, 119.38it/s]
 25%|██▍       | 1088/4394 [00:09<00:27, 121.14it/s]
 25%|██▌       | 1101/4394 [00:09<00:27, 118.86it/s]
 25%|██▌       | 1113/4394 [00:09<00:39, 82.47it/s] 
 26%|██▌       | 1128/4394 [00:09<00:33, 96.47it/s]
 26%|██▌       | 1143/4394 [00:09<00:30, 107.09it/s]
 26%|██▋       | 1157/4394 [00:10<00:28, 113.23it/s]
 27%|██▋       | 1170/4394 [00:10<00:28, 113.45it/s]
 27%|██▋       | 1183/4394 [00:10<00:27, 117.15it/s]
 27%|██▋       | 1196/4394 [00:10<00:29, 110.23it/s]
 27%|██▋       | 1208/4394 [00:10<00:28, 112.56it/s]
 28%|██▊       | 1220/4394 [00:10<00:28, 112.74it/s]
 28%|██▊       | 1234/4394 [00:10<00:26, 119.98it/s]
 28%|██▊       | 1248/4394 [00:10<00:25, 123.57it/s]
 29%|██▊       | 1261/4394 [00:10<00:26, 118.86it/s]
 29%|██▉       | 1274/4394 [00:11<00:25, 121.62it/s]
 29%|██▉       | 1287/4394 [00:11<00:25, 121.45it/s]
 30%|██▉       | 1301/4394 [00:11<00:24, 125.28it/s]
 30%|██▉       | 1315/4394 [00:11<00:24, 126.24it/s]
 30%|███       | 1328/4394 [00:11<00:24, 126.02it/s]
 31%|███       | 1341/4394 [00:11<00:24, 123.06it/s]
 31%|███       | 1354/4394 [00:11<00:27, 112.49it/s]
 31%|███       | 1367/4394 [00:11<00:26, 115.07it/s]
 31%|███▏      | 1380/4394 [00:11<00:25, 118.24it/s]
 32%|███▏      | 1394/4394 [00:12<00:24, 123.64it/s]
 32%|███▏      | 1407/4394 [00:12<00:24, 123.41it/s]
 32%|███▏      | 1421/4394 [00:12<00:23, 128.06it/s]
 33%|███▎      | 1434/4394 [00:12<00:27, 108.25it/s]
 33%|███▎      | 1447/4394 [00:12<00:26, 111.46it/s]
 33%|███▎      | 1459/4394 [00:12<00:26, 111.97it/s]
 33%|███▎      | 1471/4394 [00:12<00:25, 113.64it/s]
 34%|███▍      | 1485/4394 [00:12<00:24, 120.78it/s]
 34%|███▍      | 1498/4394 [00:12<00:23, 122.02it/s]
 34%|███▍      | 1511/4394 [00:13<00:23, 123.41it/s]
 35%|███▍      | 1524/4394 [00:13<00:23, 123.40it/s]
 35%|███▍      | 1537/4394 [00:13<00:23, 121.79it/s]
 35%|███▌      | 1550/4394 [00:13<00:24, 118.42it/s]
 36%|███▌      | 1564/4394 [00:13<00:22, 123.87it/s]
 36%|███▌      | 1577/4394 [00:13<00:23, 120.84it/s]
 36%|███▌      | 1590/4394 [00:13<00:23, 120.08it/s]
 36%|███▋      | 1603/4394 [00:13<00:23, 118.13it/s]
 37%|███▋      | 1615/4394 [00:13<00:23, 117.66it/s]
 37%|███▋      | 1627/4394 [00:14<00:23, 116.00it/s]
 37%|███▋      | 1639/4394 [00:14<00:36, 74.99it/s] 
 38%|███▊      | 1653/4394 [00:14<00:31, 87.75it/s]
 38%|███▊      | 1667/4394 [00:14<00:28, 94.76it/s]
 38%|███▊      | 1684/4394 [00:14<00:24, 111.39it/s]
 39%|███▊      | 1699/4394 [00:14<00:22, 120.30it/s]
 39%|███▉      | 1713/4394 [00:14<00:22, 118.57it/s]
 39%|███▉      | 1726/4394 [00:15<00:24, 107.27it/s]
 40%|███▉      | 1740/4394 [00:15<00:23, 115.29it/s]
 40%|███▉      | 1753/4394 [00:15<00:22, 114.96it/s]
 40%|████      | 1765/4394 [00:15<00:23, 114.29it/s]
 40%|████      | 1778/4394 [00:15<00:22, 117.03it/s]
 41%|████      | 1790/4394 [00:15<00:23, 112.80it/s]
 41%|████      | 1802/4394 [00:15<00:23, 109.15it/s]
 41%|████▏     | 1814/4394 [00:15<00:23, 111.66it/s]
 42%|████▏     | 1829/4394 [00:15<00:21, 121.13it/s]
 42%|████▏     | 1842/4394 [00:16<00:20, 122.79it/s]
 42%|████▏     | 1855/4394 [00:16<00:21, 116.96it/s]
 42%|████▏     | 1867/4394 [00:16<00:21, 117.21it/s]
 43%|████▎     | 1880/4394 [00:16<00:21, 118.44it/s]
 43%|████▎     | 1892/4394 [00:16<00:24, 102.06it/s]
 43%|████▎     | 1903/4394 [00:16<00:23, 103.83it/s]
 44%|████▎     | 1916/4394 [00:16<00:22, 110.48it/s]
 44%|████▍     | 1929/4394 [00:16<00:21, 113.78it/s]
 44%|████▍     | 1943/4394 [00:16<00:20, 116.98it/s]
 44%|████▍     | 1955/4394 [00:17<00:21, 113.61it/s]
 45%|████▍     | 1967/4394 [00:17<00:21, 115.33it/s]
 45%|████▌     | 1979/4394 [00:17<00:21, 114.42it/s]
 45%|████▌     | 1991/4394 [00:17<00:21, 111.51it/s]
 46%|████▌     | 2003/4394 [00:17<00:21, 111.07it/s]
 46%|████▌     | 2017/4394 [00:17<00:20, 116.03it/s]
 46%|████▌     | 2032/4394 [00:17<00:19, 123.37it/s]
 47%|████▋     | 2045/4394 [00:17<00:21, 107.62it/s]
 47%|████▋     | 2057/4394 [00:18<00:27, 83.86it/s] 
 47%|████▋     | 2068/4394 [00:18<00:26, 89.15it/s]
 47%|████▋     | 2082/4394 [00:18<00:22, 100.73it/s]
 48%|████▊     | 2095/4394 [00:18<00:21, 107.95it/s]
 48%|████▊     | 2107/4394 [00:18<00:20, 109.50it/s]
 48%|████▊     | 2119/4394 [00:18<00:30, 75.33it/s] 
 49%|████▊     | 2133/4394 [00:18<00:25, 86.99it/s]
 49%|████▉     | 2144/4394 [00:18<00:24, 90.01it/s]
 49%|████▉     | 2156/4394 [00:19<00:23, 96.66it/s]
 49%|████▉     | 2169/4394 [00:19<00:21, 103.99it/s]
 50%|████▉     | 2182/4394 [00:19<00:20, 109.65it/s]
 50%|████▉     | 2195/4394 [00:19<00:19, 113.04it/s]
 50%|█████     | 2208/4394 [00:19<00:18, 115.81it/s]
 51%|█████     | 2223/4394 [00:19<00:17, 123.18it/s]
 51%|█████     | 2237/4394 [00:19<00:17, 126.76it/s]
 51%|█████     | 2250/4394 [00:19<00:16, 126.82it/s]
 52%|█████▏    | 2264/4394 [00:19<00:16, 129.50it/s]
 52%|█████▏    | 2278/4394 [00:20<00:16, 127.17it/s]
 52%|█████▏    | 2293/4394 [00:20<00:15, 131.71it/s]
 53%|█████▎    | 2307/4394 [00:20<00:16, 126.96it/s]
 53%|█████▎    | 2320/4394 [00:20<00:17, 121.37it/s]
 53%|█████▎    | 2333/4394 [00:20<00:16, 121.79it/s]
 53%|█████▎    | 2346/4394 [00:20<00:17, 117.99it/s]
 54%|█████▎    | 2359/4394 [00:20<00:17, 116.69it/s]
 54%|█████▍    | 2372/4394 [00:20<00:17, 118.00it/s]
 54%|█████▍    | 2385/4394 [00:20<00:16, 120.52it/s]
 55%|█████▍    | 2398/4394 [00:21<00:16, 118.64it/s]
 55%|█████▍    | 2411/4394 [00:21<00:16, 119.41it/s]
 55%|█████▌    | 2424/4394 [00:21<00:16, 122.08it/s]
 55%|█████▌    | 2437/4394 [00:21<00:15, 123.01it/s]
 56%|█████▌    | 2450/4394 [00:21<00:15, 124.11it/s]
 56%|█████▌    | 2463/4394 [00:21<00:15, 120.96it/s]
 56%|█████▋    | 2476/4394 [00:21<00:16, 119.57it/s]
 57%|█████▋    | 2491/4394 [00:21<00:14, 127.03it/s]
 57%|█████▋    | 2505/4394 [00:21<00:14, 127.78it/s]
 57%|█████▋    | 2518/4394 [00:22<00:15, 118.71it/s]
 58%|█████▊    | 2530/4394 [00:22<00:15, 118.36it/s]
 58%|█████▊    | 2542/4394 [00:22<00:17, 106.89it/s]
 58%|█████▊    | 2553/4394 [00:22<00:17, 104.54it/s]
 58%|█████▊    | 2565/4394 [00:22<00:16, 108.67it/s]
 59%|█████▊    | 2578/4394 [00:22<00:16, 113.20it/s]
 59%|█████▉    | 2591/4394 [00:22<00:15, 114.98it/s]
 59%|█████▉    | 2603/4394 [00:22<00:15, 114.09it/s]
 60%|█████▉    | 2616/4394 [00:22<00:15, 115.72it/s]
 60%|█████▉    | 2628/4394 [00:23<00:15, 115.15it/s]
 60%|██████    | 2643/4394 [00:23<00:14, 121.97it/s]
 60%|██████    | 2658/4394 [00:23<00:14, 123.12it/s]
 61%|██████    | 2671/4394 [00:23<00:15, 114.49it/s]
 61%|██████    | 2684/4394 [00:23<00:14, 117.01it/s]
 61%|██████▏   | 2696/4394 [00:23<00:15, 113.13it/s]
 62%|██████▏   | 2709/4394 [00:23<00:14, 113.67it/s]
 62%|██████▏   | 2721/4394 [00:23<00:16, 103.26it/s]
 62%|██████▏   | 2734/4394 [00:23<00:15, 109.66it/s]
 62%|██████▏   | 2746/4394 [00:24<00:21, 77.07it/s] 
 63%|██████▎   | 2759/4394 [00:24<00:18, 87.84it/s]
 63%|██████▎   | 2772/4394 [00:24<00:17, 94.29it/s]
 63%|██████▎   | 2783/4394 [00:24<00:17, 94.18it/s]
 64%|██████▎   | 2794/4394 [00:24<00:16, 97.84it/s]
 64%|██████▍   | 2807/4394 [00:24<00:14, 105.84it/s]
 64%|██████▍   | 2821/4394 [00:24<00:13, 114.71it/s]
 64%|██████▍   | 2834/4394 [00:24<00:13, 118.25it/s]
 65%|██████▍   | 2847/4394 [00:25<00:12, 121.53it/s]
 65%|██████▌   | 2860/4394 [00:25<00:13, 116.10it/s]
 65%|██████▌   | 2873/4394 [00:25<00:13, 115.76it/s]
 66%|██████▌   | 2885/4394 [00:25<00:13, 115.22it/s]
 66%|██████▌   | 2898/4394 [00:25<00:12, 119.33it/s]
 66%|██████▌   | 2911/4394 [00:25<00:12, 121.99it/s]
 67%|██████▋   | 2924/4394 [00:25<00:12, 122.09it/s]
 67%|██████▋   | 2937/4394 [00:25<00:12, 117.08it/s]
 67%|██████▋   | 2949/4394 [00:25<00:12, 115.48it/s]
 67%|██████▋   | 2962/4394 [00:26<00:12, 118.61it/s]
 68%|██████▊   | 2975/4394 [00:26<00:12, 113.70it/s]
 68%|██████▊   | 2988/4394 [00:26<00:12, 114.32it/s]
 68%|██████▊   | 3000/4394 [00:26<00:13, 107.06it/s]
 69%|██████▊   | 3011/4394 [00:26<00:13, 104.55it/s]
 69%|██████▉   | 3024/4394 [00:26<00:12, 109.40it/s]
 69%|██████▉   | 3037/4394 [00:26<00:12, 112.60it/s]
 69%|██████▉   | 3052/4394 [00:26<00:10, 122.86it/s]
 70%|██████▉   | 3066/4394 [00:26<00:10, 127.30it/s]
 70%|███████   | 3080/4394 [00:27<00:10, 130.02it/s]
 70%|███████   | 3094/4394 [00:27<00:10, 121.37it/s]
 71%|███████   | 3107/4394 [00:27<00:10, 120.59it/s]
 71%|███████   | 3120/4394 [00:27<00:10, 116.11it/s]
 71%|███████▏  | 3134/4394 [00:27<00:10, 121.11it/s]
 72%|███████▏  | 3148/4394 [00:27<00:10, 123.88it/s]
 72%|███████▏  | 3161/4394 [00:27<00:10, 121.66it/s]
 72%|███████▏  | 3174/4394 [00:27<00:10, 117.67it/s]
 73%|███████▎  | 3186/4394 [00:27<00:10, 117.02it/s]
 73%|███████▎  | 3199/4394 [00:28<00:09, 119.66it/s]
 73%|███████▎  | 3212/4394 [00:28<00:09, 121.01it/s]
 73%|███████▎  | 3226/4394 [00:28<00:09, 125.56it/s]
 74%|███████▎  | 3239/4394 [00:28<00:09, 126.40it/s]
 74%|███████▍  | 3252/4394 [00:28<00:09, 119.87it/s]
 74%|███████▍  | 3265/4394 [00:28<00:10, 112.68it/s]
 75%|███████▍  | 3279/4394 [00:28<00:09, 117.57it/s]
 75%|███████▍  | 3291/4394 [00:28<00:09, 118.16it/s]
 75%|███████▌  | 3303/4394 [00:28<00:09, 114.66it/s]
 75%|███████▌  | 3316/4394 [00:29<00:09, 115.75it/s]
 76%|███████▌  | 3328/4394 [00:29<00:09, 115.41it/s]
 76%|███████▌  | 3340/4394 [00:29<00:09, 114.07it/s]
 76%|███████▋  | 3355/4394 [00:29<00:08, 122.72it/s]
 77%|███████▋  | 3368/4394 [00:29<00:08, 122.67it/s]
 77%|███████▋  | 3381/4394 [00:29<00:08, 120.62it/s]
 77%|███████▋  | 3394/4394 [00:29<00:08, 116.21it/s]
 78%|███████▊  | 3407/4394 [00:29<00:08, 119.45it/s]
 78%|███████▊  | 3420/4394 [00:29<00:08, 117.49it/s]
 78%|███████▊  | 3435/4394 [00:30<00:07, 125.40it/s]
 78%|███████▊  | 3448/4394 [00:30<00:12, 77.51it/s] 
 79%|███████▊  | 3459/4394 [00:30<00:11, 83.12it/s]
 79%|███████▉  | 3472/4394 [00:30<00:09, 93.33it/s]
 79%|███████▉  | 3485/4394 [00:30<00:08, 101.96it/s]
 80%|███████▉  | 3499/4394 [00:30<00:08, 110.21it/s]
 80%|███████▉  | 3512/4394 [00:30<00:08, 106.31it/s]
 80%|████████  | 3524/4394 [00:31<00:09, 96.56it/s] 
 80%|████████  | 3536/4394 [00:31<00:08, 101.23it/s]
 81%|████████  | 3547/4394 [00:31<00:08, 95.32it/s] 
 81%|████████  | 3561/4394 [00:31<00:07, 105.04it/s]
 81%|████████▏ | 3573/4394 [00:31<00:07, 108.48it/s]
 82%|████████▏ | 3585/4394 [00:31<00:07, 110.84it/s]
 82%|████████▏ | 3598/4394 [00:31<00:06, 115.32it/s]
 82%|████████▏ | 3613/4394 [00:31<00:06, 124.47it/s]
 83%|████████▎ | 3626/4394 [00:31<00:06, 121.05it/s]
 83%|████████▎ | 3639/4394 [00:32<00:06, 121.04it/s]
 83%|████████▎ | 3652/4394 [00:32<00:06, 121.44it/s]
 83%|████████▎ | 3665/4394 [00:32<00:06, 121.22it/s]
 84%|████████▎ | 3679/4394 [00:32<00:05, 124.93it/s]
 84%|████████▍ | 3693/4394 [00:32<00:05, 126.91it/s]
 84%|████████▍ | 3707/4394 [00:32<00:05, 129.42it/s]
 85%|████████▍ | 3722/4394 [00:32<00:04, 134.45it/s]
 85%|████████▌ | 3736/4394 [00:32<00:05, 123.37it/s]
 85%|████████▌ | 3749/4394 [00:32<00:05, 113.60it/s]
 86%|████████▌ | 3762/4394 [00:33<00:05, 116.47it/s]
 86%|████████▌ | 3774/4394 [00:33<00:05, 116.69it/s]
 86%|████████▌ | 3788/4394 [00:33<00:04, 122.95it/s]
 87%|████████▋ | 3801/4394 [00:33<00:04, 121.41it/s]
 87%|████████▋ | 3814/4394 [00:33<00:04, 120.29it/s]
 87%|████████▋ | 3827/4394 [00:33<00:04, 114.80it/s]
 87%|████████▋ | 3839/4394 [00:33<00:04, 113.96it/s]
 88%|████████▊ | 3852/4394 [00:33<00:04, 118.16it/s]
 88%|████████▊ | 3867/4394 [00:33<00:04, 124.18it/s]
 88%|████████▊ | 3880/4394 [00:34<00:04, 120.84it/s]
 89%|████████▊ | 3893/4394 [00:34<00:04, 120.87it/s]
 89%|████████▉ | 3906/4394 [00:34<00:04, 117.25it/s]
 89%|████████▉ | 3918/4394 [00:34<00:04, 116.98it/s]
 89%|████████▉ | 3930/4394 [00:34<00:03, 116.30it/s]
 90%|████████▉ | 3942/4394 [00:34<00:03, 114.46it/s]
 90%|████████▉ | 3954/4394 [00:34<00:03, 112.65it/s]
 90%|█████████ | 3966/4394 [00:34<00:03, 114.18it/s]
 91%|█████████ | 3981/4394 [00:34<00:03, 121.95it/s]
 91%|█████████ | 3994/4394 [00:34<00:03, 115.17it/s]
 91%|█████████ | 4009/4394 [00:35<00:03, 123.68it/s]
 92%|█████████▏| 4023/4394 [00:35<00:03, 120.50it/s]
 92%|█████████▏| 4036/4394 [00:35<00:04, 81.16it/s] 
 92%|█████████▏| 4049/4394 [00:35<00:03, 90.24it/s]
 92%|█████████▏| 4062/4394 [00:35<00:03, 98.85it/s]
 93%|█████████▎| 4074/4394 [00:35<00:03, 103.07it/s]
 93%|█████████▎| 4086/4394 [00:35<00:02, 103.84it/s]
 93%|█████████▎| 4098/4394 [00:36<00:02, 106.10it/s]
 94%|█████████▎| 4111/4394 [00:36<00:02, 109.07it/s]
 94%|█████████▍| 4127/4394 [00:36<00:02, 122.44it/s]
 94%|█████████▍| 4141/4394 [00:36<00:02, 124.51it/s]
 95%|█████████▍| 4154/4394 [00:36<00:01, 120.50it/s]
 95%|█████████▍| 4167/4394 [00:36<00:01, 116.46it/s]
 95%|█████████▌| 4179/4394 [00:36<00:01, 107.62it/s]
 95%|█████████▌| 4191/4394 [00:36<00:01, 110.00it/s]
 96%|█████████▌| 4205/4394 [00:36<00:01, 117.82it/s]
 96%|█████████▌| 4219/4394 [00:37<00:01, 123.59it/s]
 96%|█████████▋| 4234/4394 [00:37<00:01, 128.15it/s]
 97%|█████████▋| 4247/4394 [00:37<00:01, 124.00it/s]
 97%|█████████▋| 4260/4394 [00:37<00:01, 125.55it/s]
 97%|█████████▋| 4273/4394 [00:37<00:00, 124.38it/s]
 98%|█████████▊| 4286/4394 [00:37<00:00, 122.40it/s]
 98%|█████████▊| 4302/4394 [00:37<00:00, 131.35it/s]
 98%|█████████▊| 4316/4394 [00:37<00:00, 130.86it/s]
 99%|█████████▊| 4330/4394 [00:37<00:00, 130.32it/s]
 99%|█████████▉| 4344/4394 [00:38<00:00, 127.97it/s]
 99%|█████████▉| 4357/4394 [00:38<00:00, 128.25it/s]
 99%|█████████▉| 4370/4394 [00:38<00:00, 125.92it/s]
100%|█████████▉| 4384/4394 [00:38<00:00, 129.69it/s]
100%|██████████| 4394/4394 [00:38<00:00, 114.42it/s]
/ibex/user/shoaibsa/miniconda3/envs/py312/lib/python3.12/site-packages/alignn/graphs.py:1176: UserWarning: Creating a tensor from a list of numpy.ndarrays is extremely slow. Please consider converting the list to a single numpy.ndarray with numpy.array() before converting to a tensor. (Triggered internally at /pytorch/torch/csrc/utils/tensor_new.cpp:253.)
  self.lattices = torch.tensor(self.lattices).type(

  0%|          | 0/4394 [00:00<?, ?it/s]
  8%|▊         | 331/4394 [00:00<00:01, 3307.87it/s]
 15%|█▌        | 675/4394 [00:00<00:01, 3381.22it/s]
 23%|██▎       | 1014/4394 [00:00<00:01, 3319.15it/s]
 31%|███       | 1356/4394 [00:00<00:00, 3354.99it/s]
 39%|███▊      | 1692/4394 [00:00<00:00, 3354.96it/s]
 46%|████▌     | 2028/4394 [00:00<00:00, 3351.71it/s]
 54%|█████▍    | 2364/4394 [00:00<00:00, 3341.76it/s]
 61%|██████▏   | 2699/4394 [00:00<00:00, 3332.53it/s]
 69%|██████▉   | 3033/4394 [00:00<00:00, 3329.72it/s]
 77%|███████▋  | 3378/4394 [00:01<00:00, 3364.52it/s]
 85%|████████▍ | 3715/4394 [00:01<00:00, 2088.34it/s]
 92%|█████████▏| 4055/4394 [00:01<00:00, 2366.64it/s]
100%|██████████| 4394/4394 [00:01<00:00, 2914.39it/s]

  0%|          | 0/549 [00:00<?, ?it/s]
  2%|▏         | 11/549 [00:00<00:05, 104.55it/s]
  4%|▍         | 24/549 [00:00<00:04, 113.64it/s]
  7%|▋         | 36/549 [00:00<00:04, 109.67it/s]
  9%|▊         | 47/549 [00:00<00:04, 105.31it/s]
 11%|█         | 58/549 [00:00<00:04, 104.20it/s]
 13%|█▎        | 72/549 [00:00<00:04, 115.20it/s]
 16%|█▌        | 86/549 [00:00<00:03, 120.62it/s]
 18%|█▊        | 100/549 [00:00<00:03, 125.34it/s]
 21%|██        | 113/549 [00:00<00:03, 126.41it/s]
 23%|██▎       | 126/549 [00:01<00:03, 113.66it/s]
 25%|██▌       | 138/549 [00:01<00:03, 115.23it/s]
 27%|██▋       | 150/549 [00:01<00:03, 114.50it/s]
 30%|███       | 165/549 [00:01<00:03, 124.24it/s]
 32%|███▏      | 178/549 [00:01<00:03, 111.64it/s]
 35%|███▍      | 190/549 [00:01<00:03, 112.40it/s]
 37%|███▋      | 203/549 [00:01<00:02, 116.40it/s]
 39%|███▉      | 215/549 [00:01<00:02, 114.67it/s]
 41%|████▏     | 227/549 [00:01<00:02, 109.82it/s]
 44%|████▍     | 242/549 [00:02<00:02, 118.58it/s]
 46%|████▋     | 255/549 [00:02<00:02, 121.39it/s]
 49%|████▉     | 269/549 [00:02<00:02, 125.36it/s]
 51%|█████▏    | 282/549 [00:02<00:02, 125.44it/s]
 54%|█████▎    | 295/549 [00:02<00:02, 122.77it/s]
 57%|█████▋    | 311/549 [00:02<00:01, 131.94it/s]
 59%|█████▉    | 325/549 [00:02<00:01, 129.98it/s]
 62%|██████▏   | 339/549 [00:02<00:01, 129.92it/s]
 64%|██████▍   | 353/549 [00:03<00:01, 103.95it/s]
 66%|██████▋   | 365/549 [00:03<00:01, 105.29it/s]
 69%|██████▉   | 379/549 [00:03<00:01, 112.08it/s]
 72%|███████▏  | 394/549 [00:03<00:01, 120.76it/s]
 74%|███████▍  | 407/549 [00:03<00:01, 116.32it/s]
 76%|███████▋  | 419/549 [00:03<00:01, 104.62it/s]
 79%|███████▊  | 432/549 [00:03<00:01, 109.31it/s]
 81%|████████▏ | 447/549 [00:03<00:00, 119.45it/s]
 84%|████████▍ | 461/549 [00:03<00:00, 120.04it/s]
 86%|████████▋ | 474/549 [00:04<00:00, 120.17it/s]
 89%|████████▊ | 487/549 [00:04<00:00, 114.65it/s]
 91%|█████████ | 500/549 [00:04<00:00, 117.67it/s]
 93%|█████████▎| 512/549 [00:04<00:00, 106.70it/s]
 96%|█████████▌| 525/549 [00:04<00:00, 112.14it/s]
 98%|█████████▊| 539/549 [00:04<00:00, 116.67it/s]
100%|██████████| 549/549 [00:04<00:00, 116.36it/s]

  0%|          | 0/549 [00:00<?, ?it/s]
 43%|████▎     | 234/549 [00:00<00:00, 772.93it/s]
 64%|██████▎   | 349/549 [00:00<00:00, 858.30it/s]
 80%|████████  | 441/549 [00:00<00:00, 845.75it/s]
100%|██████████| 549/549 [00:00<00:00, 978.17it/s]

  0%|          | 0/549 [00:00<?, ?it/s]
  2%|▏         | 13/549 [00:00<00:04, 114.87it/s]
  5%|▍         | 26/549 [00:00<00:04, 121.52it/s]
  7%|▋         | 39/549 [00:00<00:04, 121.24it/s]
  9%|▉         | 52/549 [00:00<00:04, 122.09it/s]
 12%|█▏        | 66/549 [00:00<00:03, 125.62it/s]
 15%|█▍        | 80/549 [00:00<00:03, 126.44it/s]
 17%|█▋        | 93/549 [00:00<00:04, 107.24it/s]
 19%|█▉        | 106/549 [00:00<00:03, 111.44it/s]
 21%|██▏       | 118/549 [00:01<00:03, 112.99it/s]
 24%|██▎       | 130/549 [00:01<00:03, 114.62it/s]
 26%|██▌       | 143/549 [00:01<00:03, 115.48it/s]
 28%|██▊       | 155/549 [00:01<00:03, 110.47it/s]
 31%|███       | 169/549 [00:01<00:03, 116.76it/s]
 34%|███▎      | 185/549 [00:01<00:02, 125.63it/s]
 36%|███▌      | 199/549 [00:01<00:02, 127.79it/s]
 39%|███▉      | 214/549 [00:01<00:02, 132.95it/s]
 42%|████▏     | 228/549 [00:01<00:02, 123.74it/s]
 44%|████▍     | 241/549 [00:02<00:02, 122.67it/s]
 46%|████▋     | 254/549 [00:02<00:02, 115.38it/s]
 49%|████▉     | 269/549 [00:02<00:02, 123.30it/s]
 51%|█████▏    | 282/549 [00:02<00:02, 121.90it/s]
 54%|█████▎    | 295/549 [00:02<00:02, 121.63it/s]
 56%|█████▌    | 308/549 [00:02<00:02, 111.86it/s]
 59%|█████▉    | 323/549 [00:02<00:01, 119.59it/s]
 61%|██████    | 336/549 [00:02<00:01, 119.89it/s]
 64%|██████▍   | 353/549 [00:02<00:01, 132.31it/s]
 67%|██████▋   | 367/549 [00:03<00:01, 133.61it/s]
 69%|██████▉   | 381/549 [00:03<00:01, 128.72it/s]
 72%|███████▏  | 394/549 [00:03<00:01, 119.34it/s]
 74%|███████▍  | 407/549 [00:03<00:01, 116.65it/s]
 76%|███████▋  | 419/549 [00:03<00:01, 116.95it/s]
 79%|███████▉  | 434/549 [00:03<00:00, 123.40it/s]
 81%|████████▏ | 447/549 [00:03<00:00, 122.57it/s]
 84%|████████▍ | 462/549 [00:03<00:00, 130.11it/s]
 87%|████████▋ | 477/549 [00:03<00:00, 134.57it/s]
 89%|████████▉ | 491/549 [00:04<00:00, 130.24it/s]
 92%|█████████▏| 505/549 [00:04<00:00, 128.17it/s]
 94%|█████████▍| 518/549 [00:04<00:00, 127.82it/s]
 97%|█████████▋| 532/549 [00:04<00:00, 128.52it/s]
100%|█████████▉| 547/549 [00:04<00:00, 134.21it/s]
100%|██████████| 549/549 [00:04<00:00, 123.15it/s]

  0%|          | 0/549 [00:00<?, ?it/s]
 62%|██████▏   | 338/549 [00:00<00:00, 3378.30it/s]
100%|██████████| 549/549 [00:00<00:00, 3445.90it/s]
/ibex/user/shoaibsa/Intrinsic_Dimensionality_ML_Materials/ALIGNN/ALIGNN_MP/alignn/train.py:503: UserWarning: Detected call of `lr_scheduler.step()` before `optimizer.step()`. In PyTorch 1.1.0 and later, you should call them in the opposite order: `optimizer.step()` before `lr_scheduler.step()`.  Failure to do this will result in PyTorch skipping the first value of the learning rate schedule. See more details at https://pytorch.org/docs/stable/optim.html#how-to-adjust-learning-rate
  scheduler.step()
