world_size 1
root_dir partitions/kvrh_half_2
[Seed] random_seed=123, split_seed=123
len dataset 5494
train_stress False
starting from this file
[Subspace][Fastfood] D=85,953, d=17,191, padded n=131,072.
  Fastfood diagonals + permutation: ~2.50 MB (vs. dense P would need ~5.50 GB).
  Compute per forward: O(n log n) ~ 2,228,224 ops.
[Subspace] D=85,953, d=17,191
================================================================
[MEM REPORT] Wrapped model (runtime footprint)
Trainable params : 17,191
All params       : 103,144  (402.91 KB)
Buffers          : 610,481  (2.83 MB)
Optimizer(AdamW) ~ 134.30 KB
----------------------------------------------------------------
Estimated total (params + buffers + opt): 3.35 MB
----------------------------------------------------------------
CUDA live: allocated=3.23 MB, reserved=26.00 MB, device=cuda:0
================================================================
Not using LMDB dataset, memory footprint maybe high.
WARNING: not using LMDB might result errors.
MAX val: 2.741151598851785
MIN val: 0.0
MAD: 0.28806799259280486
Baseline MAE: 0.2966971066171897
data range 2.7101173651118162 0.0
Converting to graphs!
df         target  ...            jid
0     2.255273  ...  mb-kvrh-04276
1     1.690196  ...  mb-kvrh-08987
2     1.740363  ...  mb-kvrh-07594
3     1.462398  ...  mb-kvrh-08721
4     1.380211  ...  mb-kvrh-01524
...        ...  ...            ...
4390  2.075547  ...  mb-kvrh-09123
4391  1.819544  ...  mb-kvrh-02656
4392  1.662758  ...  mb-kvrh-06638
4393  1.623249  ...  mb-kvrh-07407
4394  1.342423  ...  mb-kvrh-05113

[4395 rows x 3 columns]
warning: could not load CGCNN features for 103
Setting it to max atomic number available here, 103
warning: could not load CGCNN features for 101
Setting it to max atomic number available here, 103
warning: could not load CGCNN features for 102
Setting it to max atomic number available here, 103
building line graphs
data range 2.741151598851785 0.6989700043360189
Converting to graphs!
df        target                                              atoms            jid
0    2.264818  {'lattice_mat': [[4.80623256, 0.0, 0.0], [-2.4...  mb-kvrh-05443
1    1.995635  {'lattice_mat': [[1.072e-05, 3.42042968, 3.420...  mb-kvrh-10134
2    1.431364  {'lattice_mat': [[4.95719558, 0.0, 0.0], [-2.4...  mb-kvrh-04665
3    2.271842  {'lattice_mat': [[2.94276033, 0.0, -0.72883662...  mb-kvrh-02902
4    1.934498  {'lattice_mat': [[4.05117656, 0.0, 0.0], [-2.0...  mb-kvrh-03318
..        ...                                                ...            ...
544  1.785330  {'lattice_mat': [[4.07505195, -0.0, -0.0], [0....  mb-kvrh-06714
545  2.292256  {'lattice_mat': [[3.47795553, 0.0, 2.00799856]...  mb-kvrh-07518
546  2.017033  {'lattice_mat': [[1.50052105, 0.86632571, 4.83...  mb-kvrh-03028
547  1.707570  {'lattice_mat': [[1.19690806, 3.52222994, 0.0]...  mb-kvrh-09088
548  2.447158  {'lattice_mat': [[4.29464324, 0.0, 0.0], [0.0,...  mb-kvrh-08562

[549 rows x 3 columns]
building line graphs
data range 2.569373909615046 0.0
Converting to graphs!
df        target                                              atoms            jid
0    1.653213  {'lattice_mat': [[3.95316622, 0.0, 0.0], [0.0,...  mb-kvrh-05039
1    1.000000  {'lattice_mat': [[4.48213375, 0.0, 0.0], [0.0,...  mb-kvrh-10547
2    2.123852  {'lattice_mat': [[-2.78e-06, 3.05223821, 3.052...  mb-kvrh-07201
3    2.045323  {'lattice_mat': [[5.00537049, 0.1977969, -0.85...  mb-kvrh-01178
4    2.120574  {'lattice_mat': [[4.12030109, 0.0, 0.0], [0.0,...  mb-kvrh-02432
..        ...                                                ...            ...
544  2.096910  {'lattice_mat': [[7.6711806, 0.0, 0.0], [-3.83...  mb-kvrh-04026
545  2.382017  {'lattice_mat': [[3.92472536, 0.0, 0.0], [0.0,...  mb-kvrh-05710
546  1.770852  {'lattice_mat': [[6.81817034, -0.01322801, -0....  mb-kvrh-00703
547  2.041393  {'lattice_mat': [[4.70064489, -0.17447171, 0.0...  mb-kvrh-01619
548  2.235528  {'lattice_mat': [[3.54683733, 0.0, 0.0], [0.0,...  mb-kvrh-03704

[549 rows x 3 columns]
building line graphs
n_train: 4395
n_val  : 549
n_test : 549
rank 0
world_size 1
config: {'version': '9c9ee23de543322c97e5d622a81e929e4dbfc141', 'dataset': 'user_data', 'target': 'target', 'atom_features': 'cgcnn', 'neighbor_strategy': 'k-nearest', 'id_tag': 'jid', 'dtype': 'float32', 'random_seed': 123, 'classification_threshold': None, 'n_val': None, 'n_test': None, 'n_train': None, 'train_ratio': 0.8, 'val_ratio': 0.1, 'test_ratio': 0.1, 'target_multiplication_factor': None, 'epochs': 120, 'batch_size': 64, 'gpu_memory_fraction': None, 'use_amp': False, 'ddp_find_unused_parameters': False, 'deterministic': False, 'weight_decay': 0.0, 'learning_rate': 0.001, 'filename': 'sample', 'warmup_steps': 2000, 'criterion': 'mse', 'optimizer': 'adamw', 'scheduler': 'onecycle', 'pin_memory': True, 'save_dataloader': False, 'write_checkpoint': True, 'write_predictions': True, 'store_outputs': True, 'progress': True, 'log_tensorboard': False, 'standard_scalar_and_pca': False, 'use_canonize': True, 'compute_line_graph': True, 'num_workers': 2, 'cutoff': 8.0, 'cutoff_extra': 3.0, 'three_body_cutoff': 3.5, 'max_neighbors': 12, 'keep_data_order': False, 'normalize_graph_level_loss': False, 'distributed': True, 'data_parallel': False, 'n_early_stopping': None, 'output_dir': '../results_alignn_log_kvrh_partitions_fastfood/kvrh_half_2/alignn_log_kvrh_fastfood_kvrh_half_2_dim20_seed123_epochs120', 'use_lmdb': False, 'read_existing': False, 'model': {'name': 'alignn_atomwise', 'alignn_layers': 1, 'gcn_layers': 1, 'atom_input_features': 92, 'edge_input_features': 80, 'triplet_input_features': 40, 'embedding_features': 64, 'hidden_features': 64, 'output_features': 1, 'grad_multiplier': -1, 'calculate_gradient': False, 'atomwise_output_features': 0, 'graphwise_weight': 1.0, 'gradwise_weight': 0.0, 'stresswise_weight': 0.0, 'atomwise_weight': 0.0, 'link': 'identity', 'zero_inflated': False, 'classification': False, 'force_mult_natoms': False, 'energy_mult_natoms': True, 'include_pos_deriv': False, 'use_cutoff_function': False, 'inner_cutoff': 3.0, 'stress_multiplier': 1.0, 'add_reverse_forces': True, 'lg_on_fly': True, 'batch_stress': True, 'multiply_cutoff': False, 'use_penalty': True, 'extra_features': 0, 'exponent': 5, 'penalty_factor': 0.1, 'penalty_threshold': 1.0, 'additional_output_features': 0, 'additional_output_weight': 0.0}}
{'atom_features': 'cgcnn',
 'batch_size': 64,
 'classification_threshold': None,
 'compute_line_graph': True,
 'criterion': 'mse',
 'cutoff': 8.0,
 'cutoff_extra': 3.0,
 'data_parallel': False,
 'dataset': 'user_data',
 'ddp_find_unused_parameters': False,
 'deterministic': False,
 'distributed': True,
 'dtype': 'float32',
 'epochs': 120,
 'filename': 'sample',
 'gpu_memory_fraction': None,
 'id_tag': 'jid',
 'keep_data_order': False,
 'learning_rate': 0.001,
 'log_tensorboard': False,
 'max_neighbors': 12,
 'model': {'add_reverse_forces': True,
           'additional_output_features': 0,
           'additional_output_weight': 0.0,
           'alignn_layers': 1,
           'atom_input_features': 92,
           'atomwise_output_features': 0,
           'atomwise_weight': 0.0,
           'batch_stress': True,
           'calculate_gradient': False,
           'classification': False,
           'edge_input_features': 80,
           'embedding_features': 64,
           'energy_mult_natoms': True,
           'exponent': 5,
           'extra_features': 0,
           'force_mult_natoms': False,
           'gcn_layers': 1,
           'grad_multiplier': -1,
           'gradwise_weight': 0.0,
           'graphwise_weight': 1.0,
           'hidden_features': 64,
           'include_pos_deriv': False,
           'inner_cutoff': 3.0,
           'lg_on_fly': True,
           'link': 'identity',
           'multiply_cutoff': False,
           'name': 'alignn_atomwise',
           'output_features': 1,
           'penalty_factor': 0.1,
           'penalty_threshold': 1.0,
           'stress_multiplier': 1.0,
           'stresswise_weight': 0.0,
           'triplet_input_features': 40,
           'use_cutoff_function': False,
           'use_penalty': True,
           'zero_inflated': False},
 'n_early_stopping': None,
 'n_test': None,
 'n_train': None,
 'n_val': None,
 'neighbor_strategy': 'k-nearest',
 'normalize_graph_level_loss': False,
 'num_workers': 2,
 'optimizer': 'adamw',
 'output_dir': '../results_alignn_log_kvrh_partitions_fastfood/kvrh_half_2/alignn_log_kvrh_fastfood_kvrh_half_2_dim20_seed123_epochs120',
 'pin_memory': True,
 'progress': True,
 'random_seed': 123,
 'read_existing': False,
 'save_dataloader': False,
 'scheduler': 'onecycle',
 'standard_scalar_and_pca': False,
 'store_outputs': True,
 'target': 'target',
 'target_multiplication_factor': None,
 'test_ratio': 0.1,
 'three_body_cutoff': 3.5,
 'train_ratio': 0.8,
 'use_amp': False,
 'use_canonize': True,
 'use_lmdb': False,
 'val_ratio': 0.1,
 'version': '9c9ee23de543322c97e5d622a81e929e4dbfc141',
 'warmup_steps': 2000,
 'weight_decay': 0.0,
 'write_checkpoint': True,
 'write_predictions': True}
[Seed] deterministic_mode=False

    _    _     ___ ____ _   _ _   _
   / \  | |   |_ _/ ___| \ | | \ | |
  / _ \ | |    | | |  _|  \| |  \| |
 / ___ \| |___ | | |_| | |\  | |\  |
/_/   \_\_____|___\____|_| \_|_| \_|

Model parameters 103144
CUDA available True
CUDA device count 1
   GPU: NVIDIA A100-SXM4-80GB. Max memory: 79.252 GB. Platform = Linux.
   Pytorch: 2.11.0+cu128. CUDA = 8.0. CUDA Toolkit = 12.8.

Train Loss:  Epoch    Total      Graph      Atom       Grad       Stress     Addn.      Time      
             0        18.9711    18.9711    0.0000     0.0000     0.0000     0.0000     4.52      
Val Loss:    Epoch    Total      Graph      Atom       Grad       Stress     Addn.      Time      
             0        1.2345     1.2345     0.0000     0.0000     0.0000     0.0000     0.39       Saving model
Train Loss:  Epoch    Total      Graph      Atom       Grad       Stress     Addn.      Time      
             1        9.5670     9.5670     0.0000     0.0000     0.0000     0.0000     4.11      
Val Loss:    Epoch    Total      Graph      Atom       Grad       Stress     Addn.      Time      
             1        1.0201     1.0201     0.0000     0.0000     0.0000     0.0000     0.39       Saving model
Train Loss:  Epoch    Total      Graph      Atom       Grad       Stress     Addn.      Time      
             2        8.8695     8.8695     0.0000     0.0000     0.0000     0.0000     5.15      
Val Loss:    Epoch    Total      Graph      Atom       Grad       Stress     Addn.      Time      
             2        1.0494     1.0494     0.0000     0.0000     0.0000     0.0000     0.38       Saving model
Train Loss:  Epoch    Total      Graph      Atom       Grad       Stress     Addn.      Time      
             3        8.5169     8.5169     0.0000     0.0000     0.0000     0.0000     4.10      
Val Loss:    Epoch    Total      Graph      Atom       Grad       Stress     Addn.      Time      
             3        0.9750     0.9750     0.0000     0.0000     0.0000     0.0000     0.38       Saving model
Train Loss:  Epoch    Total      Graph      Atom       Grad       Stress     Addn.      Time      
             4        8.5816     8.5816     0.0000     0.0000     0.0000     0.0000     4.13      
Val Loss:    Epoch    Total      Graph      Atom       Grad       Stress     Addn.      Time      
             4        0.8994     0.8994     0.0000     0.0000     0.0000     0.0000     0.38       Saving model
Train Loss:  Epoch    Total      Graph      Atom       Grad       Stress     Addn.      Time      
             5        7.8841     7.8841     0.0000     0.0000     0.0000     0.0000     4.45      
Val Loss:    Epoch    Total      Graph      Atom       Grad       Stress     Addn.      Time      
             5        1.0234     1.0234     0.0000     0.0000     0.0000     0.0000     0.39       Saving model
Train Loss:  Epoch    Total      Graph      Atom       Grad       Stress     Addn.      Time      
             6        7.8283     7.8283     0.0000     0.0000     0.0000     0.0000     4.59      
Val Loss:    Epoch    Total      Graph      Atom       Grad       Stress     Addn.      Time      
             6        0.9071     0.9071     0.0000     0.0000     0.0000     0.0000     0.39       Saving model
Train Loss:  Epoch    Total      Graph      Atom       Grad       Stress     Addn.      Time      
             7        7.4710     7.4710     0.0000     0.0000     0.0000     0.0000     4.11      
Val Loss:    Epoch    Total      Graph      Atom       Grad       Stress     Addn.      Time      
             7        0.8157     0.8157     0.0000     0.0000     0.0000     0.0000     0.39       Saving model
Train Loss:  Epoch    Total      Graph      Atom       Grad       Stress     Addn.      Time      
             8        7.5125     7.5125     0.0000     0.0000     0.0000     0.0000     4.09      
Val Loss:    Epoch    Total      Graph      Atom       Grad       Stress     Addn.      Time      
             8        0.8364     0.8364     0.0000     0.0000     0.0000     0.0000     0.39       Saving model
Train Loss:  Epoch    Total      Graph      Atom       Grad       Stress     Addn.      Time      
             9        7.6531     7.6531     0.0000     0.0000     0.0000     0.0000     4.74      
Val Loss:    Epoch    Total      Graph      Atom       Grad       Stress     Addn.      Time      
             9        0.8362     0.8362     0.0000     0.0000     0.0000     0.0000     0.38       Saving model
Train Loss:  Epoch    Total      Graph      Atom       Grad       Stress     Addn.      Time      
             10       6.9615     6.9615     0.0000     0.0000     0.0000     0.0000     4.39      
Val Loss:    Epoch    Total      Graph      Atom       Grad       Stress     Addn.      Time      
             10       0.7836     0.7836     0.0000     0.0000     0.0000     0.0000     0.39       Saving model
Train Loss:  Epoch    Total      Graph      Atom       Grad       Stress     Addn.      Time      
             11       7.0128     7.0128     0.0000     0.0000     0.0000     0.0000     4.47      
Val Loss:    Epoch    Total      Graph      Atom       Grad       Stress     Addn.      Time      
             11       0.8014     0.8014     0.0000     0.0000     0.0000     0.0000     0.41       Saving model
Train Loss:  Epoch    Total      Graph      Atom       Grad       Stress     Addn.      Time      
             12       6.9664     6.9664     0.0000     0.0000     0.0000     0.0000     4.30      
Val Loss:    Epoch    Total      Graph      Atom       Grad       Stress     Addn.      Time      
             12       0.7822     0.7822     0.0000     0.0000     0.0000     0.0000     0.38       Saving model
Train Loss:  Epoch    Total      Graph      Atom       Grad       Stress     Addn.      Time      
             13       6.8396     6.8396     0.0000     0.0000     0.0000     0.0000     4.12      
Val Loss:    Epoch    Total      Graph      Atom       Grad       Stress     Addn.      Time      
             13       0.8180     0.8180     0.0000     0.0000     0.0000     0.0000     0.38       Saving model
Train Loss:  Epoch    Total      Graph      Atom       Grad       Stress     Addn.      Time      
             14       6.7701     6.7701     0.0000     0.0000     0.0000     0.0000     4.49      
Val Loss:    Epoch    Total      Graph      Atom       Grad       Stress     Addn.      Time      
             14       0.7727     0.7727     0.0000     0.0000     0.0000     0.0000     0.39       Saving model
Train Loss:  Epoch    Total      Graph      Atom       Grad       Stress     Addn.      Time      
             15       6.6900     6.6900     0.0000     0.0000     0.0000     0.0000     4.91      
Val Loss:    Epoch    Total      Graph      Atom       Grad       Stress     Addn.      Time      
             15       0.7439     0.7439     0.0000     0.0000     0.0000     0.0000     0.39       Saving model
Train Loss:  Epoch    Total      Graph      Atom       Grad       Stress     Addn.      Time      
             16       6.4514     6.4514     0.0000     0.0000     0.0000     0.0000     4.09      
Val Loss:    Epoch    Total      Graph      Atom       Grad       Stress     Addn.      Time      
             16       0.7604     0.7604     0.0000     0.0000     0.0000     0.0000     0.39       Saving model
Train Loss:  Epoch    Total      Graph      Atom       Grad       Stress     Addn.      Time      
             17       6.4328     6.4328     0.0000     0.0000     0.0000     0.0000     4.49      
Val Loss:    Epoch    Total      Graph      Atom       Grad       Stress     Addn.      Time      
             17       0.7336     0.7336     0.0000     0.0000     0.0000     0.0000     0.39       Saving model
Train Loss:  Epoch    Total      Graph      Atom       Grad       Stress     Addn.      Time      
             18       6.5954     6.5954     0.0000     0.0000     0.0000     0.0000     4.62      
Val Loss:    Epoch    Total      Graph      Atom       Grad       Stress     Addn.      Time      
             18       0.8529     0.8529     0.0000     0.0000     0.0000     0.0000     0.37       Saving model
Train Loss:  Epoch    Total      Graph      Atom       Grad       Stress     Addn.      Time      
             19       6.5294     6.5294     0.0000     0.0000     0.0000     0.0000     4.09      
Val Loss:    Epoch    Total      Graph      Atom       Grad       Stress     Addn.      Time      
             19       0.8383     0.8383     0.0000     0.0000     0.0000     0.0000     0.39       Saving model
Train Loss:  Epoch    Total      Graph      Atom       Grad       Stress     Addn.      Time      
             20       6.5095     6.5095     0.0000     0.0000     0.0000     0.0000     4.15      
Val Loss:    Epoch    Total      Graph      Atom       Grad       Stress     Addn.      Time      
             20       0.7140     0.7140     0.0000     0.0000     0.0000     0.0000     0.39       Saving model
Train Loss:  Epoch    Total      Graph      Atom       Grad       Stress     Addn.      Time      
             21       6.4139     6.4139     0.0000     0.0000     0.0000     0.0000     4.91      
Val Loss:    Epoch    Total      Graph      Atom       Grad       Stress     Addn.      Time      
             21       0.7038     0.7038     0.0000     0.0000     0.0000     0.0000     0.38       Saving model
Train Loss:  Epoch    Total      Graph      Atom       Grad       Stress     Addn.      Time      
             22       6.2808     6.2808     0.0000     0.0000     0.0000     0.0000     4.40      
Val Loss:    Epoch    Total      Graph      Atom       Grad       Stress     Addn.      Time      
             22       0.8038     0.8038     0.0000     0.0000     0.0000     0.0000     0.39       Saving model
Train Loss:  Epoch    Total      Graph      Atom       Grad       Stress     Addn.      Time      
             23       6.2554     6.2554     0.0000     0.0000     0.0000     0.0000     4.48      
Val Loss:    Epoch    Total      Graph      Atom       Grad       Stress     Addn.      Time      
             23       0.7617     0.7617     0.0000     0.0000     0.0000     0.0000     0.38       Saving model
Train Loss:  Epoch    Total      Graph      Atom       Grad       Stress     Addn.      Time      
             24       6.3292     6.3292     0.0000     0.0000     0.0000     0.0000     4.14      
Val Loss:    Epoch    Total      Graph      Atom       Grad       Stress     Addn.      Time      
             24       0.7906     0.7906     0.0000     0.0000     0.0000     0.0000     0.65       Saving model
Train Loss:  Epoch    Total      Graph      Atom       Grad       Stress     Addn.      Time      
             25       6.1501     6.1501     0.0000     0.0000     0.0000     0.0000     4.07      
Val Loss:    Epoch    Total      Graph      Atom       Grad       Stress     Addn.      Time      
             25       0.7506     0.7506     0.0000     0.0000     0.0000     0.0000     0.38       Saving model
Train Loss:  Epoch    Total      Graph      Atom       Grad       Stress     Addn.      Time      
             26       6.1342     6.1342     0.0000     0.0000     0.0000     0.0000     4.46      
Val Loss:    Epoch    Total      Graph      Atom       Grad       Stress     Addn.      Time      
             26       0.7030     0.7030     0.0000     0.0000     0.0000     0.0000     0.40       Saving model
Train Loss:  Epoch    Total      Graph      Atom       Grad       Stress     Addn.      Time      
             27       6.3016     6.3016     0.0000     0.0000     0.0000     0.0000     4.82      
Val Loss:    Epoch    Total      Graph      Atom       Grad       Stress     Addn.      Time      
             27       0.7558     0.7558     0.0000     0.0000     0.0000     0.0000     0.40       Saving model
Train Loss:  Epoch    Total      Graph      Atom       Grad       Stress     Addn.      Time      
             28       5.8560     5.8560     0.0000     0.0000     0.0000     0.0000     4.11      
Val Loss:    Epoch    Total      Graph      Atom       Grad       Stress     Addn.      Time      
             28       0.7324     0.7324     0.0000     0.0000     0.0000     0.0000     0.39       Saving model
Train Loss:  Epoch    Total      Graph      Atom       Grad       Stress     Addn.      Time      
             29       6.1414     6.1414     0.0000     0.0000     0.0000     0.0000     4.10      
Val Loss:    Epoch    Total      Graph      Atom       Grad       Stress     Addn.      Time      
             29       0.6963     0.6963     0.0000     0.0000     0.0000     0.0000     0.39       Saving model
Train Loss:  Epoch    Total      Graph      Atom       Grad       Stress     Addn.      Time      
             30       5.8877     5.8877     0.0000     0.0000     0.0000     0.0000     4.73      
Val Loss:    Epoch    Total      Graph      Atom       Grad       Stress     Addn.      Time      
             30       0.8346     0.8346     0.0000     0.0000     0.0000     0.0000     0.39       Saving model
Train Loss:  Epoch    Total      Graph      Atom       Grad       Stress     Addn.      Time      
             31       5.8767     5.8767     0.0000     0.0000     0.0000     0.0000     4.26      
Val Loss:    Epoch    Total      Graph      Atom       Grad       Stress     Addn.      Time      
             31       0.7005     0.7005     0.0000     0.0000     0.0000     0.0000     0.38       Saving model
Train Loss:  Epoch    Total      Graph      Atom       Grad       Stress     Addn.      Time      
             32       5.9037     5.9037     0.0000     0.0000     0.0000     0.0000     4.11      
Val Loss:    Epoch    Total      Graph      Atom       Grad       Stress     Addn.      Time      
             32       0.6912     0.6912     0.0000     0.0000     0.0000     0.0000     0.39       Saving model
Train Loss:  Epoch    Total      Graph      Atom       Grad       Stress     Addn.      Time      
             33       6.0171     6.0171     0.0000     0.0000     0.0000     0.0000     4.14      
Val Loss:    Epoch    Total      Graph      Atom       Grad       Stress     Addn.      Time      
             33       0.7058     0.7058     0.0000     0.0000     0.0000     0.0000     0.84       Saving model
Train Loss:  Epoch    Total      Graph      Atom       Grad       Stress     Addn.      Time      
             34       5.8370     5.8370     0.0000     0.0000     0.0000     0.0000     4.75      
Val Loss:    Epoch    Total      Graph      Atom       Grad       Stress     Addn.      Time      
             34       0.7060     0.7060     0.0000     0.0000     0.0000     0.0000     0.39       Saving model
Train Loss:  Epoch    Total      Graph      Atom       Grad       Stress     Addn.      Time      
             35       5.9988     5.9988     0.0000     0.0000     0.0000     0.0000     4.09      
Val Loss:    Epoch    Total      Graph      Atom       Grad       Stress     Addn.      Time      
             35       0.6922     0.6922     0.0000     0.0000     0.0000     0.0000     0.39       Saving model
Train Loss:  Epoch    Total      Graph      Atom       Grad       Stress     Addn.      Time      
             36       5.6098     5.6098     0.0000     0.0000     0.0000     0.0000     4.41      
Val Loss:    Epoch    Total      Graph      Atom       Grad       Stress     Addn.      Time      
             36       0.6674     0.6674     0.0000     0.0000     0.0000     0.0000     0.39       Saving model
Train Loss:  Epoch    Total      Graph      Atom       Grad       Stress     Addn.      Time      
             37       5.8042     5.8042     0.0000     0.0000     0.0000     0.0000     4.27      
Val Loss:    Epoch    Total      Graph      Atom       Grad       Stress     Addn.      Time      
             37       0.6999     0.6999     0.0000     0.0000     0.0000     0.0000     0.38       Saving model
Train Loss:  Epoch    Total      Graph      Atom       Grad       Stress     Addn.      Time      
             38       5.5991     5.5991     0.0000     0.0000     0.0000     0.0000     4.46      
Val Loss:    Epoch    Total      Graph      Atom       Grad       Stress     Addn.      Time      
             38       0.7167     0.7167     0.0000     0.0000     0.0000     0.0000     0.39       Saving model
Train Loss:  Epoch    Total      Graph      Atom       Grad       Stress     Addn.      Time      
             39       5.4346     5.4346     0.0000     0.0000     0.0000     0.0000     4.11      
Val Loss:    Epoch    Total      Graph      Atom       Grad       Stress     Addn.      Time      
             39       0.6833     0.6833     0.0000     0.0000     0.0000     0.0000     0.39       Saving model
Train Loss:  Epoch    Total      Graph      Atom       Grad       Stress     Addn.      Time      
             40       5.6695     5.6695     0.0000     0.0000     0.0000     0.0000     4.90      
Val Loss:    Epoch    Total      Graph      Atom       Grad       Stress     Addn.      Time      
             40       0.6811     0.6811     0.0000     0.0000     0.0000     0.0000     0.39       Saving model
Train Loss:  Epoch    Total      Graph      Atom       Grad       Stress     Addn.      Time      
             41       5.5061     5.5061     0.0000     0.0000     0.0000     0.0000     4.11      
Val Loss:    Epoch    Total      Graph      Atom       Grad       Stress     Addn.      Time      
             41       0.7363     0.7363     0.0000     0.0000     0.0000     0.0000     0.39       Saving model
Train Loss:  Epoch    Total      Graph      Atom       Grad       Stress     Addn.      Time      
             42       5.5778     5.5778     0.0000     0.0000     0.0000     0.0000     4.72      
Val Loss:    Epoch    Total      Graph      Atom       Grad       Stress     Addn.      Time      
             42       0.7681     0.7681     0.0000     0.0000     0.0000     0.0000     0.39       Saving model
Train Loss:  Epoch    Total      Graph      Atom       Grad       Stress     Addn.      Time      
             43       5.5125     5.5125     0.0000     0.0000     0.0000     0.0000     4.31      
Val Loss:    Epoch    Total      Graph      Atom       Grad       Stress     Addn.      Time      
             43       0.6496     0.6496     0.0000     0.0000     0.0000     0.0000     0.37       Saving model
Train Loss:  Epoch    Total      Graph      Atom       Grad       Stress     Addn.      Time      
             44       5.4224     5.4224     0.0000     0.0000     0.0000     0.0000     4.12      
Val Loss:    Epoch    Total      Graph      Atom       Grad       Stress     Addn.      Time      
             44       0.6900     0.6900     0.0000     0.0000     0.0000     0.0000     0.39       Saving model
Train Loss:  Epoch    Total      Graph      Atom       Grad       Stress     Addn.      Time      
             45       5.4262     5.4262     0.0000     0.0000     0.0000     0.0000     4.13      
Val Loss:    Epoch    Total      Graph      Atom       Grad       Stress     Addn.      Time      
             45       0.6911     0.6911     0.0000     0.0000     0.0000     0.0000     0.39       Saving model
Train Loss:  Epoch    Total      Graph      Atom       Grad       Stress     Addn.      Time      
             46       5.4070     5.4070     0.0000     0.0000     0.0000     0.0000     6.41      
Val Loss:    Epoch    Total      Graph      Atom       Grad       Stress     Addn.      Time      
             46       0.6734     0.6734     0.0000     0.0000     0.0000     0.0000     0.39       Saving model
Train Loss:  Epoch    Total      Graph      Atom       Grad       Stress     Addn.      Time      
             47       5.1893     5.1893     0.0000     0.0000     0.0000     0.0000     4.09      
Val Loss:    Epoch    Total      Graph      Atom       Grad       Stress     Addn.      Time      
             47       0.7172     0.7172     0.0000     0.0000     0.0000     0.0000     0.39       Saving model
Train Loss:  Epoch    Total      Graph      Atom       Grad       Stress     Addn.      Time      
             48       5.3275     5.3275     0.0000     0.0000     0.0000     0.0000     4.51      
Val Loss:    Epoch    Total      Graph      Atom       Grad       Stress     Addn.      Time      
             48       0.6745     0.6745     0.0000     0.0000     0.0000     0.0000     0.39       Saving model
Train Loss:  Epoch    Total      Graph      Atom       Grad       Stress     Addn.      Time      
             49       5.2487     5.2487     0.0000     0.0000     0.0000     0.0000     4.34      
Val Loss:    Epoch    Total      Graph      Atom       Grad       Stress     Addn.      Time      
             49       0.6603     0.6603     0.0000     0.0000     0.0000     0.0000     0.38       Saving model
Train Loss:  Epoch    Total      Graph      Atom       Grad       Stress     Addn.      Time      
             50       5.5343     5.5343     0.0000     0.0000     0.0000     0.0000     4.48      
Val Loss:    Epoch    Total      Graph      Atom       Grad       Stress     Addn.      Time      
             50       0.7365     0.7365     0.0000     0.0000     0.0000     0.0000     0.39       Saving model
Train Loss:  Epoch    Total      Graph      Atom       Grad       Stress     Addn.      Time      
             51       5.4364     5.4364     0.0000     0.0000     0.0000     0.0000     4.12      
Val Loss:    Epoch    Total      Graph      Atom       Grad       Stress     Addn.      Time      
             51       0.6794     0.6794     0.0000     0.0000     0.0000     0.0000     0.39       Saving model
Train Loss:  Epoch    Total      Graph      Atom       Grad       Stress     Addn.      Time      
             52       5.6387     5.6387     0.0000     0.0000     0.0000     0.0000     4.96      
Val Loss:    Epoch    Total      Graph      Atom       Grad       Stress     Addn.      Time      
             52       0.6439     0.6439     0.0000     0.0000     0.0000     0.0000     0.39       Saving model
Train Loss:  Epoch    Total      Graph      Atom       Grad       Stress     Addn.      Time      
             53       5.1201     5.1201     0.0000     0.0000     0.0000     0.0000     4.42      
Val Loss:    Epoch    Total      Graph      Atom       Grad       Stress     Addn.      Time      
             53       0.6934     0.6934     0.0000     0.0000     0.0000     0.0000     0.39       Saving model
Train Loss:  Epoch    Total      Graph      Atom       Grad       Stress     Addn.      Time      
             54       4.9819     4.9819     0.0000     0.0000     0.0000     0.0000     4.52      
Val Loss:    Epoch    Total      Graph      Atom       Grad       Stress     Addn.      Time      
             54       0.6642     0.6642     0.0000     0.0000     0.0000     0.0000     0.39       Saving model
Train Loss:  Epoch    Total      Graph      Atom       Grad       Stress     Addn.      Time      
             55       5.3384     5.3384     0.0000     0.0000     0.0000     0.0000     4.10      
Val Loss:    Epoch    Total      Graph      Atom       Grad       Stress     Addn.      Time      
             55       0.6492     0.6492     0.0000     0.0000     0.0000     0.0000     0.64       Saving model
Train Loss:  Epoch    Total      Graph      Atom       Grad       Stress     Addn.      Time      
             56       5.2676     5.2676     0.0000     0.0000     0.0000     0.0000     4.03      
Val Loss:    Epoch    Total      Graph      Atom       Grad       Stress     Addn.      Time      
             56       0.6602     0.6602     0.0000     0.0000     0.0000     0.0000     0.39       Saving model
Train Loss:  Epoch    Total      Graph      Atom       Grad       Stress     Addn.      Time      
             57       5.4731     5.4731     0.0000     0.0000     0.0000     0.0000     4.39      
Val Loss:    Epoch    Total      Graph      Atom       Grad       Stress     Addn.      Time      
             57       0.7818     0.7818     0.0000     0.0000     0.0000     0.0000     0.39       Saving model
Train Loss:  Epoch    Total      Graph      Atom       Grad       Stress     Addn.      Time      
             58       5.2219     5.2219     0.0000     0.0000     0.0000     0.0000     4.89      
Val Loss:    Epoch    Total      Graph      Atom       Grad       Stress     Addn.      Time      
             58       0.6804     0.6804     0.0000     0.0000     0.0000     0.0000     0.40       Saving model
Train Loss:  Epoch    Total      Graph      Atom       Grad       Stress     Addn.      Time      
             59       5.1815     5.1815     0.0000     0.0000     0.0000     0.0000     4.00      
Val Loss:    Epoch    Total      Graph      Atom       Grad       Stress     Addn.      Time      
             59       0.6484     0.6484     0.0000     0.0000     0.0000     0.0000     0.40       Saving model
Train Loss:  Epoch    Total      Graph      Atom       Grad       Stress     Addn.      Time      
             60       4.9292     4.9292     0.0000     0.0000     0.0000     0.0000     4.10      
Val Loss:    Epoch    Total      Graph      Atom       Grad       Stress     Addn.      Time      
             60       0.6462     0.6462     0.0000     0.0000     0.0000     0.0000     0.38       Saving model
Train Loss:  Epoch    Total      Graph      Atom       Grad       Stress     Addn.      Time      
             61       4.9372     4.9372     0.0000     0.0000     0.0000     0.0000     4.75      
Val Loss:    Epoch    Total      Graph      Atom       Grad       Stress     Addn.      Time      
             61       0.6703     0.6703     0.0000     0.0000     0.0000     0.0000     0.39       Saving model
Train Loss:  Epoch    Total      Graph      Atom       Grad       Stress     Addn.      Time      
             62       4.9680     4.9680     0.0000     0.0000     0.0000     0.0000     4.29      
Val Loss:    Epoch    Total      Graph      Atom       Grad       Stress     Addn.      Time      
             62       0.6306     0.6306     0.0000     0.0000     0.0000     0.0000     0.39       Saving model
Train Loss:  Epoch    Total      Graph      Atom       Grad       Stress     Addn.      Time      
             63       5.1093     5.1093     0.0000     0.0000     0.0000     0.0000     4.10      
Val Loss:    Epoch    Total      Graph      Atom       Grad       Stress     Addn.      Time      
             63       0.6684     0.6684     0.0000     0.0000     0.0000     0.0000     0.39       Saving model
Train Loss:  Epoch    Total      Graph      Atom       Grad       Stress     Addn.      Time      
             64       5.0745     5.0745     0.0000     0.0000     0.0000     0.0000     4.13      
Val Loss:    Epoch    Total      Graph      Atom       Grad       Stress     Addn.      Time      
             64       0.6462     0.6462     0.0000     0.0000     0.0000     0.0000     0.85       Saving model
Train Loss:  Epoch    Total      Graph      Atom       Grad       Stress     Addn.      Time      
             65       4.8848     4.8848     0.0000     0.0000     0.0000     0.0000     4.60      
Val Loss:    Epoch    Total      Graph      Atom       Grad       Stress     Addn.      Time      
             65       0.6403     0.6403     0.0000     0.0000     0.0000     0.0000     0.39       Saving model
Train Loss:  Epoch    Total      Graph      Atom       Grad       Stress     Addn.      Time      
             66       4.8422     4.8422     0.0000     0.0000     0.0000     0.0000     4.10      
Val Loss:    Epoch    Total      Graph      Atom       Grad       Stress     Addn.      Time      
             66       0.6487     0.6487     0.0000     0.0000     0.0000     0.0000     0.39       Saving model
Train Loss:  Epoch    Total      Graph      Atom       Grad       Stress     Addn.      Time      
             67       4.8629     4.8629     0.0000     0.0000     0.0000     0.0000     4.43      
Val Loss:    Epoch    Total      Graph      Atom       Grad       Stress     Addn.      Time      
             67       0.6426     0.6426     0.0000     0.0000     0.0000     0.0000     0.40       Saving model
Train Loss:  Epoch    Total      Graph      Atom       Grad       Stress     Addn.      Time      
             68       4.8043     4.8043     0.0000     0.0000     0.0000     0.0000     4.47      
Val Loss:    Epoch    Total      Graph      Atom       Grad       Stress     Addn.      Time      
             68       0.7185     0.7185     0.0000     0.0000     0.0000     0.0000     0.40       Saving model
Train Loss:  Epoch    Total      Graph      Atom       Grad       Stress     Addn.      Time      
             69       4.8205     4.8205     0.0000     0.0000     0.0000     0.0000     4.08      
Val Loss:    Epoch    Total      Graph      Atom       Grad       Stress     Addn.      Time      
             69       0.6373     0.6373     0.0000     0.0000     0.0000     0.0000     0.38       Saving model
Train Loss:  Epoch    Total      Graph      Atom       Grad       Stress     Addn.      Time      
             70       4.8320     4.8320     0.0000     0.0000     0.0000     0.0000     4.08      
Val Loss:    Epoch    Total      Graph      Atom       Grad       Stress     Addn.      Time      
             70       0.6549     0.6549     0.0000     0.0000     0.0000     0.0000     0.39       Saving model
Train Loss:  Epoch    Total      Graph      Atom       Grad       Stress     Addn.      Time      
             71       4.8067     4.8067     0.0000     0.0000     0.0000     0.0000     4.72      
Val Loss:    Epoch    Total      Graph      Atom       Grad       Stress     Addn.      Time      
             71       0.6544     0.6544     0.0000     0.0000     0.0000     0.0000     0.39       Saving model
Train Loss:  Epoch    Total      Graph      Atom       Grad       Stress     Addn.      Time      
             72       4.7247     4.7247     0.0000     0.0000     0.0000     0.0000     4.47      
Val Loss:    Epoch    Total      Graph      Atom       Grad       Stress     Addn.      Time      
             72       0.7146     0.7146     0.0000     0.0000     0.0000     0.0000     0.38       Saving model
Train Loss:  Epoch    Total      Graph      Atom       Grad       Stress     Addn.      Time      
             73       4.9288     4.9288     0.0000     0.0000     0.0000     0.0000     4.41      
Val Loss:    Epoch    Total      Graph      Atom       Grad       Stress     Addn.      Time      
             73       0.6258     0.6258     0.0000     0.0000     0.0000     0.0000     0.39       Saving model
Train Loss:  Epoch    Total      Graph      Atom       Grad       Stress     Addn.      Time      
             74       4.8137     4.8137     0.0000     0.0000     0.0000     0.0000     4.32      
Val Loss:    Epoch    Total      Graph      Atom       Grad       Stress     Addn.      Time      
             74       0.6552     0.6552     0.0000     0.0000     0.0000     0.0000     0.38       Saving model
Train Loss:  Epoch    Total      Graph      Atom       Grad       Stress     Addn.      Time      
             75       4.7973     4.7973     0.0000     0.0000     0.0000     0.0000     4.08      
Val Loss:    Epoch    Total      Graph      Atom       Grad       Stress     Addn.      Time      
             75       0.6856     0.6856     0.0000     0.0000     0.0000     0.0000     0.39       Saving model
Train Loss:  Epoch    Total      Graph      Atom       Grad       Stress     Addn.      Time      
             76       4.5955     4.5955     0.0000     0.0000     0.0000     0.0000     4.38      
Val Loss:    Epoch    Total      Graph      Atom       Grad       Stress     Addn.      Time      
             76       0.6201     0.6201     0.0000     0.0000     0.0000     0.0000     0.39       Saving model
Train Loss:  Epoch    Total      Graph      Atom       Grad       Stress     Addn.      Time      
             77       4.6090     4.6090     0.0000     0.0000     0.0000     0.0000     4.76      
Val Loss:    Epoch    Total      Graph      Atom       Grad       Stress     Addn.      Time      
             77       0.6305     0.6305     0.0000     0.0000     0.0000     0.0000     0.39       Saving model
Train Loss:  Epoch    Total      Graph      Atom       Grad       Stress     Addn.      Time      
             78       5.1113     5.1113     0.0000     0.0000     0.0000     0.0000     4.08      
Val Loss:    Epoch    Total      Graph      Atom       Grad       Stress     Addn.      Time      
             78       0.6613     0.6613     0.0000     0.0000     0.0000     0.0000     0.39       Saving model
Train Loss:  Epoch    Total      Graph      Atom       Grad       Stress     Addn.      Time      
             79       4.8138     4.8138     0.0000     0.0000     0.0000     0.0000     4.07      
Val Loss:    Epoch    Total      Graph      Atom       Grad       Stress     Addn.      Time      
             79       0.6533     0.6533     0.0000     0.0000     0.0000     0.0000     0.74       Saving model
Train Loss:  Epoch    Total      Graph      Atom       Grad       Stress     Addn.      Time      
             80       4.8688     4.8688     0.0000     0.0000     0.0000     0.0000     4.12      
Val Loss:    Epoch    Total      Graph      Atom       Grad       Stress     Addn.      Time      
             80       0.6554     0.6554     0.0000     0.0000     0.0000     0.0000     0.40       Saving model
Train Loss:  Epoch    Total      Graph      Atom       Grad       Stress     Addn.      Time      
             81       4.9481     4.9481     0.0000     0.0000     0.0000     0.0000     4.72      
Val Loss:    Epoch    Total      Graph      Atom       Grad       Stress     Addn.      Time      
             81       0.6330     0.6330     0.0000     0.0000     0.0000     0.0000     0.40       Saving model
Train Loss:  Epoch    Total      Graph      Atom       Grad       Stress     Addn.      Time      
             82       4.7565     4.7565     0.0000     0.0000     0.0000     0.0000     4.14      
Val Loss:    Epoch    Total      Graph      Atom       Grad       Stress     Addn.      Time      
             82       0.6231     0.6231     0.0000     0.0000     0.0000     0.0000     0.39       Saving model
Train Loss:  Epoch    Total      Graph      Atom       Grad       Stress     Addn.      Time      
             83       4.8045     4.8045     0.0000     0.0000     0.0000     0.0000     4.59      
Val Loss:    Epoch    Total      Graph      Atom       Grad       Stress     Addn.      Time      
             83       0.6969     0.6969     0.0000     0.0000     0.0000     0.0000     0.72       Saving model
Train Loss:  Epoch    Total      Graph      Atom       Grad       Stress     Addn.      Time      
             84       5.0098     5.0098     0.0000     0.0000     0.0000     0.0000     4.13      
Val Loss:    Epoch    Total      Graph      Atom       Grad       Stress     Addn.      Time      
             84       0.5989     0.5989     0.0000     0.0000     0.0000     0.0000     0.40       Saving model
Train Loss:  Epoch    Total      Graph      Atom       Grad       Stress     Addn.      Time      
             85       4.3331     4.3331     0.0000     0.0000     0.0000     0.0000     4.39      
Val Loss:    Epoch    Total      Graph      Atom       Grad       Stress     Addn.      Time      
             85       0.6357     0.6357     0.0000     0.0000     0.0000     0.0000     0.39       Saving model
Train Loss:  Epoch    Total      Graph      Atom       Grad       Stress     Addn.      Time      
             86       4.4341     4.4341     0.0000     0.0000     0.0000     0.0000     4.48      
Val Loss:    Epoch    Total      Graph      Atom       Grad       Stress     Addn.      Time      
             86       0.6270     0.6270     0.0000     0.0000     0.0000     0.0000     0.40       Saving model
Train Loss:  Epoch    Total      Graph      Atom       Grad       Stress     Addn.      Time      
             87       4.4448     4.4448     0.0000     0.0000     0.0000     0.0000     4.29      
Val Loss:    Epoch    Total      Graph      Atom       Grad       Stress     Addn.      Time      
             87       0.6098     0.6098     0.0000     0.0000     0.0000     0.0000     0.39       Saving model
Train Loss:  Epoch    Total      Graph      Atom       Grad       Stress     Addn.      Time      
             88       4.4791     4.4791     0.0000     0.0000     0.0000     0.0000     4.11      
Val Loss:    Epoch    Total      Graph      Atom       Grad       Stress     Addn.      Time      
             88       0.6507     0.6507     0.0000     0.0000     0.0000     0.0000     0.39       Saving model
Train Loss:  Epoch    Total      Graph      Atom       Grad       Stress     Addn.      Time      
             89       4.8785     4.8785     0.0000     0.0000     0.0000     0.0000     4.49      
Val Loss:    Epoch    Total      Graph      Atom       Grad       Stress     Addn.      Time      
             89       0.6505     0.6505     0.0000     0.0000     0.0000     0.0000     0.39       Saving model
Train Loss:  Epoch    Total      Graph      Atom       Grad       Stress     Addn.      Time      
             90       4.4265     4.4265     0.0000     0.0000     0.0000     0.0000     4.93      
Val Loss:    Epoch    Total      Graph      Atom       Grad       Stress     Addn.      Time      
             90       0.6216     0.6216     0.0000     0.0000     0.0000     0.0000     0.39       Saving model
Train Loss:  Epoch    Total      Graph      Atom       Grad       Stress     Addn.      Time      
             91       4.3524     4.3524     0.0000     0.0000     0.0000     0.0000     4.14      
Val Loss:    Epoch    Total      Graph      Atom       Grad       Stress     Addn.      Time      
             91       0.5958     0.5958     0.0000     0.0000     0.0000     0.0000     0.39       Saving model
Train Loss:  Epoch    Total      Graph      Atom       Grad       Stress     Addn.      Time      
             92       4.3882     4.3882     0.0000     0.0000     0.0000     0.0000     4.76      
Val Loss:    Epoch    Total      Graph      Atom       Grad       Stress     Addn.      Time      
             92       0.6320     0.6320     0.0000     0.0000     0.0000     0.0000     0.39       Saving model
Train Loss:  Epoch    Total      Graph      Atom       Grad       Stress     Addn.      Time      
             93       4.5106     4.5106     0.0000     0.0000     0.0000     0.0000     4.29      
Val Loss:    Epoch    Total      Graph      Atom       Grad       Stress     Addn.      Time      
             93       0.6000     0.6000     0.0000     0.0000     0.0000     0.0000     0.39       Saving model
Train Loss:  Epoch    Total      Graph      Atom       Grad       Stress     Addn.      Time      
             94       4.3582     4.3582     0.0000     0.0000     0.0000     0.0000     4.10      
Val Loss:    Epoch    Total      Graph      Atom       Grad       Stress     Addn.      Time      
             94       0.7327     0.7327     0.0000     0.0000     0.0000     0.0000     0.39       Saving model
Train Loss:  Epoch    Total      Graph      Atom       Grad       Stress     Addn.      Time      
             95       4.8437     4.8437     0.0000     0.0000     0.0000     0.0000     4.09      
Val Loss:    Epoch    Total      Graph      Atom       Grad       Stress     Addn.      Time      
             95       0.7166     0.7166     0.0000     0.0000     0.0000     0.0000     0.39       Saving model
Train Loss:  Epoch    Total      Graph      Atom       Grad       Stress     Addn.      Time      
             96       4.5895     4.5895     0.0000     0.0000     0.0000     0.0000     5.19      
Val Loss:    Epoch    Total      Graph      Atom       Grad       Stress     Addn.      Time      
             96       0.6058     0.6058     0.0000     0.0000     0.0000     0.0000     0.39       Saving model
Train Loss:  Epoch    Total      Graph      Atom       Grad       Stress     Addn.      Time      
             97       4.5196     4.5196     0.0000     0.0000     0.0000     0.0000     4.09      
Val Loss:    Epoch    Total      Graph      Atom       Grad       Stress     Addn.      Time      
             97       0.6232     0.6232     0.0000     0.0000     0.0000     0.0000     0.38       Saving model
Train Loss:  Epoch    Total      Graph      Atom       Grad       Stress     Addn.      Time      
             98       4.4393     4.4393     0.0000     0.0000     0.0000     0.0000     4.46      
Val Loss:    Epoch    Total      Graph      Atom       Grad       Stress     Addn.      Time      
             98       0.6210     0.6210     0.0000     0.0000     0.0000     0.0000     0.39       Saving model
Train Loss:  Epoch    Total      Graph      Atom       Grad       Stress     Addn.      Time      
             99       4.5461     4.5461     0.0000     0.0000     0.0000     0.0000     4.32      
Val Loss:    Epoch    Total      Graph      Atom       Grad       Stress     Addn.      Time      
             99       0.6236     0.6236     0.0000     0.0000     0.0000     0.0000     0.38       Saving model
Train Loss:  Epoch    Total      Graph      Atom       Grad       Stress     Addn.      Time      
             100      4.1898     4.1898     0.0000     0.0000     0.0000     0.0000     4.32      
Val Loss:    Epoch    Total      Graph      Atom       Grad       Stress     Addn.      Time      
             100      0.6177     0.6177     0.0000     0.0000     0.0000     0.0000     0.39       Saving model
Train Loss:  Epoch    Total      Graph      Atom       Grad       Stress     Addn.      Time      
             101      4.4805     4.4805     0.0000     0.0000     0.0000     0.0000     4.11      
Val Loss:    Epoch    Total      Graph      Atom       Grad       Stress     Addn.      Time      
             101      0.6391     0.6391     0.0000     0.0000     0.0000     0.0000     0.39       Saving model
Train Loss:  Epoch    Total      Graph      Atom       Grad       Stress     Addn.      Time      
             102      4.6519     4.6519     0.0000     0.0000     0.0000     0.0000     4.85      
Val Loss:    Epoch    Total      Graph      Atom       Grad       Stress     Addn.      Time      
             102      0.6555     0.6555     0.0000     0.0000     0.0000     0.0000     0.40       Saving model
Train Loss:  Epoch    Total      Graph      Atom       Grad       Stress     Addn.      Time      
             103      4.1424     4.1424     0.0000     0.0000     0.0000     0.0000     4.10      
Val Loss:    Epoch    Total      Graph      Atom       Grad       Stress     Addn.      Time      
             103      0.6465     0.6465     0.0000     0.0000     0.0000     0.0000     0.85       Saving model
Train Loss:  Epoch    Total      Graph      Atom       Grad       Stress     Addn.      Time      
             104      4.1525     4.1525     0.0000     0.0000     0.0000     0.0000     4.51      
Val Loss:    Epoch    Total      Graph      Atom       Grad       Stress     Addn.      Time      
             104      0.6325     0.6325     0.0000     0.0000     0.0000     0.0000     0.39       Saving model
Train Loss:  Epoch    Total      Graph      Atom       Grad       Stress     Addn.      Time      
             105      4.2746     4.2746     0.0000     0.0000     0.0000     0.0000     4.09      
Val Loss:    Epoch    Total      Graph      Atom       Grad       Stress     Addn.      Time      
             105      0.6018     0.6018     0.0000     0.0000     0.0000     0.0000     0.39       Saving model
Train Loss:  Epoch    Total      Graph      Atom       Grad       Stress     Addn.      Time      
             106      4.0907     4.0907     0.0000     0.0000     0.0000     0.0000     4.29      
Val Loss:    Epoch    Total      Graph      Atom       Grad       Stress     Addn.      Time      
             106      0.6643     0.6643     0.0000     0.0000     0.0000     0.0000     0.38       Saving model
Train Loss:  Epoch    Total      Graph      Atom       Grad       Stress     Addn.      Time      
             107      4.1011     4.1011     0.0000     0.0000     0.0000     0.0000     4.37      
Val Loss:    Epoch    Total      Graph      Atom       Grad       Stress     Addn.      Time      
             107      0.5976     0.5976     0.0000     0.0000     0.0000     0.0000     0.38       Saving model
Train Loss:  Epoch    Total      Graph      Atom       Grad       Stress     Addn.      Time      
             108      4.0520     4.0520     0.0000     0.0000     0.0000     0.0000     6.15      
Val Loss:    Epoch    Total      Graph      Atom       Grad       Stress     Addn.      Time      
             108      0.6209     0.6209     0.0000     0.0000     0.0000     0.0000     0.39       Saving model
Train Loss:  Epoch    Total      Graph      Atom       Grad       Stress     Addn.      Time      
             109      4.3589     4.3589     0.0000     0.0000     0.0000     0.0000     4.10      
Val Loss:    Epoch    Total      Graph      Atom       Grad       Stress     Addn.      Time      
             109      0.6930     0.6930     0.0000     0.0000     0.0000     0.0000     0.39       Saving model
Train Loss:  Epoch    Total      Graph      Atom       Grad       Stress     Addn.      Time      
             110      4.1721     4.1721     0.0000     0.0000     0.0000     0.0000     4.49      
Val Loss:    Epoch    Total      Graph      Atom       Grad       Stress     Addn.      Time      
             110      0.6770     0.6770     0.0000     0.0000     0.0000     0.0000     0.39       Saving model
Train Loss:  Epoch    Total      Graph      Atom       Grad       Stress     Addn.      Time      
             111      4.0740     4.0740     0.0000     0.0000     0.0000     0.0000     4.40      
Val Loss:    Epoch    Total      Graph      Atom       Grad       Stress     Addn.      Time      
             111      0.6119     0.6119     0.0000     0.0000     0.0000     0.0000     0.39       Saving model
Train Loss:  Epoch    Total      Graph      Atom       Grad       Stress     Addn.      Time      
             112      4.1102     4.1102     0.0000     0.0000     0.0000     0.0000     4.31      
Val Loss:    Epoch    Total      Graph      Atom       Grad       Stress     Addn.      Time      
             112      0.6206     0.6206     0.0000     0.0000     0.0000     0.0000     0.39       Saving model
Train Loss:  Epoch    Total      Graph      Atom       Grad       Stress     Addn.      Time      
             113      4.0379     4.0379     0.0000     0.0000     0.0000     0.0000     4.11      
Val Loss:    Epoch    Total      Graph      Atom       Grad       Stress     Addn.      Time      
             113      0.6862     0.6862     0.0000     0.0000     0.0000     0.0000     0.38       Saving model
Train Loss:  Epoch    Total      Graph      Atom       Grad       Stress     Addn.      Time      
             114      4.2534     4.2534     0.0000     0.0000     0.0000     0.0000     4.90      
Val Loss:    Epoch    Total      Graph      Atom       Grad       Stress     Addn.      Time      
             114      0.6234     0.6234     0.0000     0.0000     0.0000     0.0000     0.38       Saving model
Train Loss:  Epoch    Total      Graph      Atom       Grad       Stress     Addn.      Time      
             115      4.2380     4.2380     0.0000     0.0000     0.0000     0.0000     4.37      
Val Loss:    Epoch    Total      Graph      Atom       Grad       Stress     Addn.      Time      
             115      0.6413     0.6413     0.0000     0.0000     0.0000     0.0000     0.39       Saving model
Train Loss:  Epoch    Total      Graph      Atom       Grad       Stress     Addn.      Time      
             116      4.1907     4.1907     0.0000     0.0000     0.0000     0.0000     4.09      
Val Loss:    Epoch    Total      Graph      Atom       Grad       Stress     Addn.      Time      
             116      0.6627     0.6627     0.0000     0.0000     0.0000     0.0000     0.38       Saving model
Train Loss:  Epoch    Total      Graph      Atom       Grad       Stress     Addn.      Time      
             117      4.6077     4.6077     0.0000     0.0000     0.0000     0.0000     4.40      
Val Loss:    Epoch    Total      Graph      Atom       Grad       Stress     Addn.      Time      
             117      0.6303     0.6303     0.0000     0.0000     0.0000     0.0000     0.38       Saving model
Train Loss:  Epoch    Total      Graph      Atom       Grad       Stress     Addn.      Time      
             118      4.2489     4.2489     0.0000     0.0000     0.0000     0.0000     4.29      
Val Loss:    Epoch    Total      Graph      Atom       Grad       Stress     Addn.      Time      
             118      0.6501     0.6501     0.0000     0.0000     0.0000     0.0000     0.39       Saving model
Train Loss:  Epoch    Total      Graph      Atom       Grad       Stress     Addn.      Time      
             119      4.0399     4.0399     0.0000     0.0000     0.0000     0.0000     4.48      
Val Loss:    Epoch    Total      Graph      Atom       Grad       Stress     Addn.      Time      
             119      0.5925     0.5925     0.0000     0.0000     0.0000     0.0000     0.39       Saving model
Test MAE: 0.07620278201685143
Time taken (s) 590.3312835693359
Error: The source file 'prediction_results_test_set.csv' was not found.
Error: The source file 'history_val_mae.json' was not found.

  0%|          | 0/4395 [00:00<?, ?it/s]
  0%|          | 13/4395 [00:00<00:34, 127.55it/s]
  1%|          | 26/4395 [00:00<00:36, 119.78it/s]
  1%|          | 39/4395 [00:00<00:38, 112.85it/s]
  1%|          | 51/4395 [00:00<01:01, 70.75it/s] 
  1%|▏         | 63/4395 [00:00<00:52, 81.78it/s]
  2%|▏         | 74/4395 [00:00<00:48, 88.84it/s]
  2%|▏         | 87/4395 [00:00<00:43, 98.62it/s]
  2%|▏         | 102/4395 [00:01<00:38, 110.72it/s]
  3%|▎         | 114/4395 [00:01<00:40, 106.44it/s]
  3%|▎         | 126/4395 [00:01<00:39, 108.73it/s]
  3%|▎         | 142/4395 [00:01<00:34, 121.79it/s]
  4%|▎         | 155/4395 [00:01<00:35, 120.58it/s]
  4%|▍         | 168/4395 [00:01<00:34, 122.56it/s]
  4%|▍         | 182/4395 [00:01<00:34, 123.23it/s]
  4%|▍         | 195/4395 [00:01<00:34, 121.44it/s]
  5%|▍         | 208/4395 [00:01<00:34, 119.74it/s]
  5%|▌         | 221/4395 [00:02<00:35, 118.51it/s]
  5%|▌         | 233/4395 [00:02<00:36, 114.70it/s]
  6%|▌         | 245/4395 [00:02<00:36, 114.04it/s]
  6%|▌         | 257/4395 [00:02<00:36, 114.66it/s]
  6%|▌         | 269/4395 [00:02<00:35, 115.37it/s]
  6%|▋         | 283/4395 [00:02<00:34, 119.47it/s]
  7%|▋         | 296/4395 [00:02<00:33, 120.65it/s]
  7%|▋         | 309/4395 [00:02<00:33, 120.54it/s]
  7%|▋         | 322/4395 [00:02<00:34, 118.12it/s]
  8%|▊         | 335/4395 [00:02<00:34, 119.12it/s]
  8%|▊         | 349/4395 [00:03<00:33, 122.52it/s]
  8%|▊         | 363/4395 [00:03<00:31, 126.62it/s]
  9%|▊         | 376/4395 [00:03<00:32, 124.05it/s]
  9%|▉         | 390/4395 [00:03<00:31, 128.16it/s]
  9%|▉         | 404/4395 [00:03<00:30, 128.87it/s]
 10%|▉         | 418/4395 [00:03<00:30, 130.67it/s]
 10%|▉         | 432/4395 [00:03<00:30, 131.95it/s]
 10%|█         | 447/4395 [00:03<00:29, 134.03it/s]
 11%|█         | 462/4395 [00:03<00:28, 137.27it/s]
 11%|█         | 476/4395 [00:04<00:29, 134.62it/s]
 11%|█         | 490/4395 [00:04<00:29, 132.88it/s]
 11%|█▏        | 504/4395 [00:04<00:30, 129.34it/s]
 12%|█▏        | 517/4395 [00:04<00:33, 114.37it/s]
 12%|█▏        | 531/4395 [00:04<00:32, 118.04it/s]
 12%|█▏        | 544/4395 [00:04<00:32, 118.33it/s]
 13%|█▎        | 557/4395 [00:04<00:31, 120.86it/s]
 13%|█▎        | 572/4395 [00:04<00:30, 126.37it/s]
 13%|█▎        | 588/4395 [00:04<00:28, 132.61it/s]
 14%|█▎        | 602/4395 [00:05<00:29, 129.50it/s]
 14%|█▍        | 616/4395 [00:05<00:29, 129.17it/s]
 14%|█▍        | 631/4395 [00:05<00:28, 133.75it/s]
 15%|█▍        | 645/4395 [00:05<00:29, 125.46it/s]
 15%|█▍        | 658/4395 [00:05<00:29, 126.00it/s]
 15%|█▌        | 671/4395 [00:05<00:31, 119.86it/s]
 16%|█▌        | 684/4395 [00:05<00:46, 79.18it/s] 
 16%|█▌        | 698/4395 [00:06<00:40, 90.91it/s]
 16%|█▌        | 713/4395 [00:06<00:35, 103.23it/s]
 17%|█▋        | 728/4395 [00:06<00:32, 111.46it/s]
 17%|█▋        | 741/4395 [00:06<00:32, 113.83it/s]
 17%|█▋        | 754/4395 [00:06<00:32, 113.54it/s]
 17%|█▋        | 767/4395 [00:06<00:31, 116.13it/s]
 18%|█▊        | 780/4395 [00:06<00:30, 119.72it/s]
 18%|█▊        | 793/4395 [00:06<00:31, 114.32it/s]
 18%|█▊        | 807/4395 [00:06<00:29, 119.98it/s]
 19%|█▊        | 820/4395 [00:07<00:30, 117.60it/s]
 19%|█▉        | 837/4395 [00:07<00:27, 129.32it/s]
 19%|█▉        | 851/4395 [00:07<00:27, 127.68it/s]
 20%|█▉        | 864/4395 [00:07<00:28, 125.31it/s]
 20%|█▉        | 877/4395 [00:07<00:28, 125.47it/s]
 20%|██        | 891/4395 [00:07<00:27, 127.66it/s]
 21%|██        | 904/4395 [00:07<00:28, 124.18it/s]
 21%|██        | 918/4395 [00:07<00:27, 126.28it/s]
 21%|██        | 931/4395 [00:07<00:28, 121.67it/s]
 21%|██▏       | 944/4395 [00:08<00:29, 118.42it/s]
 22%|██▏       | 957/4395 [00:08<00:28, 121.53it/s]
 22%|██▏       | 970/4395 [00:08<00:30, 114.04it/s]
 22%|██▏       | 985/4395 [00:08<00:27, 122.38it/s]
 23%|██▎       | 999/4395 [00:08<00:27, 122.05it/s]
 23%|██▎       | 1014/4395 [00:08<00:26, 128.98it/s]
 23%|██▎       | 1028/4395 [00:08<00:25, 129.67it/s]
 24%|██▎       | 1042/4395 [00:08<00:30, 110.82it/s]
 24%|██▍       | 1056/4395 [00:08<00:28, 116.27it/s]
 24%|██▍       | 1069/4395 [00:09<00:31, 107.08it/s]
 25%|██▍       | 1081/4395 [00:09<00:30, 109.13it/s]
 25%|██▍       | 1096/4395 [00:09<00:27, 119.29it/s]
 25%|██▌       | 1110/4395 [00:09<00:26, 122.46it/s]
 26%|██▌       | 1123/4395 [00:09<00:27, 119.69it/s]
 26%|██▌       | 1138/4395 [00:09<00:25, 126.29it/s]
 26%|██▌       | 1151/4395 [00:09<00:27, 118.84it/s]
 26%|██▋       | 1164/4395 [00:09<00:27, 116.49it/s]
 27%|██▋       | 1177/4395 [00:09<00:27, 118.28it/s]
 27%|██▋       | 1189/4395 [00:10<00:31, 101.00it/s]
 27%|██▋       | 1202/4395 [00:10<00:29, 106.70it/s]
 28%|██▊       | 1214/4395 [00:10<00:42, 74.37it/s] 
 28%|██▊       | 1226/4395 [00:10<00:38, 82.70it/s]
 28%|██▊       | 1236/4395 [00:10<00:36, 85.65it/s]
 28%|██▊       | 1248/4395 [00:10<00:33, 93.58it/s]
 29%|██▊       | 1262/4395 [00:10<00:29, 104.47it/s]
 29%|██▉       | 1276/4395 [00:11<00:27, 112.56it/s]
 29%|██▉       | 1290/4395 [00:11<00:28, 108.94it/s]
 30%|██▉       | 1305/4395 [00:11<00:26, 118.68it/s]
 30%|██▉       | 1318/4395 [00:11<00:25, 120.27it/s]
 30%|███       | 1332/4395 [00:11<00:24, 125.26it/s]
 31%|███       | 1345/4395 [00:11<00:24, 126.23it/s]
 31%|███       | 1358/4395 [00:11<00:23, 126.92it/s]
 31%|███       | 1371/4395 [00:11<00:24, 123.01it/s]
 31%|███▏      | 1384/4395 [00:11<00:25, 116.98it/s]
 32%|███▏      | 1397/4395 [00:12<00:25, 116.91it/s]
 32%|███▏      | 1409/4395 [00:12<00:25, 116.34it/s]
 32%|███▏      | 1425/4395 [00:12<00:23, 126.72it/s]
 33%|███▎      | 1439/4395 [00:12<00:22, 129.24it/s]
 33%|███▎      | 1454/4395 [00:12<00:21, 134.05it/s]
 33%|███▎      | 1470/4395 [00:12<00:20, 140.99it/s]
 34%|███▍      | 1486/4395 [00:12<00:20, 144.88it/s]
 34%|███▍      | 1501/4395 [00:12<00:21, 137.42it/s]
 34%|███▍      | 1515/4395 [00:12<00:21, 131.78it/s]
 35%|███▍      | 1529/4395 [00:13<00:21, 133.77it/s]
 35%|███▌      | 1543/4395 [00:13<00:21, 130.38it/s]
 35%|███▌      | 1557/4395 [00:13<00:23, 122.23it/s]
 36%|███▌      | 1571/4395 [00:13<00:22, 126.94it/s]
 36%|███▌      | 1584/4395 [00:13<00:22, 127.13it/s]
 36%|███▋      | 1598/4395 [00:13<00:21, 128.47it/s]
 37%|███▋      | 1615/4395 [00:13<00:20, 138.22it/s]
 37%|███▋      | 1629/4395 [00:13<00:20, 133.37it/s]
 37%|███▋      | 1643/4395 [00:13<00:22, 121.96it/s]
 38%|███▊      | 1656/4395 [00:14<00:24, 114.07it/s]
 38%|███▊      | 1668/4395 [00:14<00:23, 115.26it/s]
 38%|███▊      | 1680/4395 [00:14<00:23, 116.12it/s]
 39%|███▊      | 1693/4395 [00:14<00:23, 117.45it/s]
 39%|███▉      | 1705/4395 [00:14<00:23, 116.49it/s]
 39%|███▉      | 1717/4395 [00:14<00:23, 112.57it/s]
 39%|███▉      | 1730/4395 [00:14<00:22, 117.11it/s]
 40%|███▉      | 1744/4395 [00:14<00:21, 122.56it/s]
 40%|███▉      | 1757/4395 [00:14<00:21, 122.98it/s]
 40%|████      | 1771/4395 [00:14<00:20, 126.55it/s]
 41%|████      | 1784/4395 [00:15<00:21, 121.70it/s]
 41%|████      | 1797/4395 [00:15<00:21, 121.94it/s]
 41%|████      | 1810/4395 [00:15<00:21, 120.52it/s]
 41%|████▏     | 1823/4395 [00:15<00:21, 122.29it/s]
 42%|████▏     | 1836/4395 [00:15<00:21, 120.09it/s]
 42%|████▏     | 1850/4395 [00:15<00:20, 122.60it/s]
 42%|████▏     | 1863/4395 [00:15<00:20, 120.61it/s]
 43%|████▎     | 1876/4395 [00:15<00:20, 121.89it/s]
 43%|████▎     | 1889/4395 [00:16<00:21, 114.10it/s]
 43%|████▎     | 1901/4395 [00:16<00:32, 76.99it/s] 
 44%|████▎     | 1915/4395 [00:16<00:27, 89.79it/s]
 44%|████▍     | 1926/4395 [00:16<00:26, 93.84it/s]
 44%|████▍     | 1938/4395 [00:16<00:25, 98.01it/s]
 44%|████▍     | 1951/4395 [00:16<00:23, 104.86it/s]
 45%|████▍     | 1963/4395 [00:16<00:22, 106.89it/s]
 45%|████▌     | 1978/4395 [00:16<00:20, 117.60it/s]
 45%|████▌     | 1991/4395 [00:17<00:20, 118.98it/s]
 46%|████▌     | 2004/4395 [00:17<00:21, 112.94it/s]
 46%|████▌     | 2016/4395 [00:17<00:20, 113.78it/s]
 46%|████▌     | 2031/4395 [00:17<00:19, 122.92it/s]
 47%|████▋     | 2044/4395 [00:17<00:19, 123.10it/s]
 47%|████▋     | 2060/4395 [00:17<00:17, 131.99it/s]
 47%|████▋     | 2074/4395 [00:17<00:17, 129.77it/s]
 48%|████▊     | 2088/4395 [00:17<00:17, 131.60it/s]
 48%|████▊     | 2102/4395 [00:17<00:17, 130.57it/s]
 48%|████▊     | 2116/4395 [00:17<00:17, 132.34it/s]
 48%|████▊     | 2130/4395 [00:18<00:17, 131.00it/s]
 49%|████▉     | 2144/4395 [00:18<00:17, 130.98it/s]
 49%|████▉     | 2158/4395 [00:18<00:19, 114.25it/s]
 49%|████▉     | 2171/4395 [00:18<00:18, 117.13it/s]
 50%|████▉     | 2184/4395 [00:18<00:19, 113.59it/s]
 50%|████▉     | 2197/4395 [00:18<00:19, 114.11it/s]
 50%|█████     | 2210/4395 [00:18<00:18, 116.26it/s]
 51%|█████     | 2223/4395 [00:18<00:18, 118.98it/s]
 51%|█████     | 2238/4395 [00:19<00:17, 124.82it/s]
 51%|█████     | 2251/4395 [00:19<00:17, 125.64it/s]
 52%|█████▏    | 2264/4395 [00:19<00:16, 126.40it/s]
 52%|█████▏    | 2278/4395 [00:19<00:16, 127.98it/s]
 52%|█████▏    | 2291/4395 [00:19<00:16, 126.23it/s]
 52%|█████▏    | 2304/4395 [00:19<00:17, 122.23it/s]
 53%|█████▎    | 2317/4395 [00:19<00:16, 122.90it/s]
 53%|█████▎    | 2330/4395 [00:19<00:17, 119.31it/s]
 53%|█████▎    | 2343/4395 [00:19<00:17, 115.23it/s]
 54%|█████▎    | 2356/4395 [00:19<00:17, 118.55it/s]
 54%|█████▍    | 2368/4395 [00:20<00:17, 117.06it/s]
 54%|█████▍    | 2382/4395 [00:20<00:16, 122.67it/s]
 54%|█████▍    | 2395/4395 [00:20<00:18, 110.47it/s]
 55%|█████▍    | 2407/4395 [00:20<00:25, 77.73it/s] 
 55%|█████▌    | 2420/4395 [00:20<00:22, 87.98it/s]
 55%|█████▌    | 2431/4395 [00:20<00:21, 89.75it/s]
 56%|█████▌    | 2445/4395 [00:20<00:19, 99.79it/s]
 56%|█████▌    | 2458/4395 [00:21<00:18, 105.87it/s]
 56%|█████▌    | 2470/4395 [00:21<00:18, 104.42it/s]
 56%|█████▋    | 2483/4395 [00:21<00:17, 110.93it/s]
 57%|█████▋    | 2497/4395 [00:21<00:16, 116.50it/s]
 57%|█████▋    | 2511/4395 [00:21<00:15, 121.81it/s]
 57%|█████▋    | 2526/4395 [00:21<00:14, 124.73it/s]
 58%|█████▊    | 2540/4395 [00:21<00:14, 127.31it/s]
 58%|█████▊    | 2553/4395 [00:21<00:14, 127.38it/s]
 58%|█████▊    | 2568/4395 [00:21<00:13, 132.25it/s]
 59%|█████▊    | 2582/4395 [00:22<00:14, 127.58it/s]
 59%|█████▉    | 2595/4395 [00:22<00:14, 127.45it/s]
 59%|█████▉    | 2608/4395 [00:22<00:14, 123.59it/s]
 60%|█████▉    | 2623/4395 [00:22<00:13, 126.60it/s]
 60%|█████▉    | 2636/4395 [00:22<00:14, 120.20it/s]
 60%|██████    | 2649/4395 [00:22<00:14, 121.59it/s]
 61%|██████    | 2663/4395 [00:22<00:13, 125.15it/s]
 61%|██████    | 2677/4395 [00:22<00:13, 127.59it/s]
 61%|██████    | 2690/4395 [00:22<00:14, 119.98it/s]
 62%|██████▏   | 2703/4395 [00:23<00:13, 121.51it/s]
 62%|██████▏   | 2716/4395 [00:23<00:13, 122.14it/s]
 62%|██████▏   | 2729/4395 [00:23<00:13, 122.88it/s]
 62%|██████▏   | 2742/4395 [00:23<00:13, 122.00it/s]
 63%|██████▎   | 2756/4395 [00:23<00:13, 125.29it/s]
 63%|██████▎   | 2769/4395 [00:23<00:13, 122.73it/s]
 63%|██████▎   | 2784/4395 [00:23<00:12, 129.90it/s]
 64%|██████▎   | 2799/4395 [00:23<00:12, 132.48it/s]
 64%|██████▍   | 2813/4395 [00:23<00:12, 125.08it/s]
 64%|██████▍   | 2826/4395 [00:24<00:13, 116.91it/s]
 65%|██████▍   | 2839/4395 [00:24<00:12, 119.74it/s]
 65%|██████▍   | 2852/4395 [00:24<00:13, 114.06it/s]
 65%|██████▌   | 2866/4395 [00:24<00:12, 119.67it/s]
 66%|██████▌   | 2880/4395 [00:24<00:12, 123.54it/s]
 66%|██████▌   | 2894/4395 [00:24<00:11, 127.22it/s]
 66%|██████▌   | 2908/4395 [00:24<00:11, 127.52it/s]
 66%|██████▋   | 2921/4395 [00:24<00:11, 125.39it/s]
 67%|██████▋   | 2935/4395 [00:24<00:11, 128.88it/s]
 67%|██████▋   | 2950/4395 [00:24<00:10, 133.82it/s]
 67%|██████▋   | 2964/4395 [00:25<00:10, 130.15it/s]
 68%|██████▊   | 2978/4395 [00:25<00:11, 119.69it/s]
 68%|██████▊   | 2992/4395 [00:25<00:11, 123.95it/s]
 68%|██████▊   | 3005/4395 [00:25<00:11, 123.33it/s]
 69%|██████▊   | 3018/4395 [00:25<00:11, 124.89it/s]
 69%|██████▉   | 3033/4395 [00:25<00:10, 130.34it/s]
 69%|██████▉   | 3047/4395 [00:25<00:10, 130.86it/s]
 70%|██████▉   | 3063/4395 [00:25<00:09, 137.84it/s]
 70%|███████   | 3077/4395 [00:25<00:10, 131.73it/s]
 70%|███████   | 3091/4395 [00:26<00:09, 131.33it/s]
 71%|███████   | 3105/4395 [00:26<00:09, 131.66it/s]
 71%|███████   | 3119/4395 [00:26<00:09, 129.28it/s]
 71%|███████▏  | 3133/4395 [00:26<00:09, 131.29it/s]
 72%|███████▏  | 3147/4395 [00:26<00:16, 77.35it/s] 
 72%|███████▏  | 3159/4395 [00:26<00:14, 84.74it/s]
 72%|███████▏  | 3173/4395 [00:26<00:12, 96.26it/s]
 72%|███████▏  | 3185/4395 [00:27<00:11, 101.54it/s]
 73%|███████▎  | 3198/4395 [00:27<00:11, 108.50it/s]
 73%|███████▎  | 3211/4395 [00:27<00:11, 105.99it/s]
 73%|███████▎  | 3227/4395 [00:27<00:10, 115.89it/s]
 74%|███████▎  | 3241/4395 [00:27<00:09, 121.82it/s]
 74%|███████▍  | 3254/4395 [00:27<00:09, 117.21it/s]
 74%|███████▍  | 3267/4395 [00:27<00:09, 118.33it/s]
 75%|███████▍  | 3280/4395 [00:27<00:09, 120.44it/s]
 75%|███████▍  | 3293/4395 [00:27<00:09, 121.83it/s]
 75%|███████▌  | 3306/4395 [00:28<00:09, 119.93it/s]
 76%|███████▌  | 3320/4395 [00:28<00:08, 123.80it/s]
 76%|███████▌  | 3334/4395 [00:28<00:08, 127.46it/s]
 76%|███████▌  | 3347/4395 [00:28<00:08, 121.33it/s]
 76%|███████▋  | 3360/4395 [00:28<00:09, 111.60it/s]
 77%|███████▋  | 3373/4395 [00:28<00:08, 115.60it/s]
 77%|███████▋  | 3385/4395 [00:28<00:08, 114.96it/s]
 77%|███████▋  | 3398/4395 [00:28<00:08, 116.18it/s]
 78%|███████▊  | 3411/4395 [00:28<00:08, 115.16it/s]
 78%|███████▊  | 3423/4395 [00:29<00:08, 115.75it/s]
 78%|███████▊  | 3437/4395 [00:29<00:07, 120.65it/s]
 78%|███████▊  | 3450/4395 [00:29<00:07, 122.73it/s]
 79%|███████▉  | 3465/4395 [00:29<00:07, 129.82it/s]
 79%|███████▉  | 3479/4395 [00:29<00:07, 124.06it/s]
 79%|███████▉  | 3492/4395 [00:29<00:07, 116.63it/s]
 80%|███████▉  | 3506/4395 [00:29<00:07, 121.19it/s]
 80%|████████  | 3520/4395 [00:29<00:06, 126.10it/s]
 80%|████████  | 3533/4395 [00:29<00:06, 125.56it/s]
 81%|████████  | 3546/4395 [00:30<00:07, 119.13it/s]
 81%|████████  | 3559/4395 [00:30<00:07, 106.58it/s]
 81%|████████▏ | 3573/4395 [00:30<00:07, 113.25it/s]
 82%|████████▏ | 3585/4395 [00:30<00:07, 112.87it/s]
 82%|████████▏ | 3597/4395 [00:30<00:07, 112.11it/s]
 82%|████████▏ | 3611/4395 [00:30<00:06, 116.77it/s]
 82%|████████▏ | 3624/4395 [00:30<00:06, 116.33it/s]
 83%|████████▎ | 3636/4395 [00:30<00:07, 105.05it/s]
 83%|████████▎ | 3651/4395 [00:31<00:06, 113.51it/s]
 83%|████████▎ | 3663/4395 [00:31<00:06, 111.08it/s]
 84%|████████▎ | 3677/4395 [00:31<00:06, 117.57it/s]
 84%|████████▍ | 3691/4395 [00:31<00:05, 122.61it/s]
 84%|████████▍ | 3704/4395 [00:31<00:05, 120.70it/s]
 85%|████████▍ | 3717/4395 [00:31<00:07, 84.99it/s] 
 85%|████████▍ | 3730/4395 [00:31<00:07, 93.44it/s]
 85%|████████▌ | 3746/4395 [00:31<00:05, 108.21it/s]
 86%|████████▌ | 3759/4395 [00:32<00:05, 112.40it/s]
 86%|████████▌ | 3773/4395 [00:32<00:05, 118.21it/s]
 86%|████████▌ | 3786/4395 [00:32<00:05, 117.46it/s]
 86%|████████▋ | 3799/4395 [00:32<00:05, 115.79it/s]
 87%|████████▋ | 3813/4395 [00:32<00:04, 121.35it/s]
 87%|████████▋ | 3829/4395 [00:32<00:04, 131.19it/s]
 87%|████████▋ | 3843/4395 [00:32<00:04, 131.29it/s]
 88%|████████▊ | 3857/4395 [00:32<00:04, 119.43it/s]
 88%|████████▊ | 3871/4395 [00:32<00:04, 122.89it/s]
 88%|████████▊ | 3884/4395 [00:33<00:04, 123.67it/s]
 89%|████████▊ | 3897/4395 [00:33<00:04, 115.42it/s]
 89%|████████▉ | 3911/4395 [00:33<00:04, 119.54it/s]
 89%|████████▉ | 3924/4395 [00:33<00:04, 115.27it/s]
 90%|████████▉ | 3940/4395 [00:33<00:03, 126.03it/s]
 90%|████████▉ | 3953/4395 [00:33<00:03, 125.99it/s]
 90%|█████████ | 3966/4395 [00:33<00:03, 124.20it/s]
 91%|█████████ | 3980/4395 [00:33<00:03, 127.61it/s]
 91%|█████████ | 3993/4395 [00:33<00:03, 115.93it/s]
 91%|█████████ | 4005/4395 [00:34<00:03, 115.72it/s]
 91%|█████████▏| 4018/4395 [00:34<00:03, 117.74it/s]
 92%|█████████▏| 4030/4395 [00:34<00:03, 114.40it/s]
 92%|█████████▏| 4042/4395 [00:34<00:03, 113.48it/s]
 92%|█████████▏| 4057/4395 [00:34<00:02, 120.56it/s]
 93%|█████████▎| 4070/4395 [00:34<00:02, 121.54it/s]
 93%|█████████▎| 4083/4395 [00:34<00:02, 118.47it/s]
 93%|█████████▎| 4095/4395 [00:34<00:02, 111.73it/s]
 93%|█████████▎| 4107/4395 [00:34<00:02, 111.84it/s]
 94%|█████████▎| 4120/4395 [00:35<00:02, 115.20it/s]
 94%|█████████▍| 4132/4395 [00:35<00:02, 115.31it/s]
 94%|█████████▍| 4144/4395 [00:35<00:02, 116.34it/s]
 95%|█████████▍| 4157/4395 [00:35<00:02, 118.70it/s]
 95%|█████████▍| 4169/4395 [00:35<00:02, 106.09it/s]
 95%|█████████▌| 4182/4395 [00:35<00:01, 109.10it/s]
 95%|█████████▌| 4194/4395 [00:35<00:01, 108.76it/s]
 96%|█████████▌| 4206/4395 [00:35<00:01, 110.28it/s]
 96%|█████████▌| 4219/4395 [00:35<00:01, 113.67it/s]
 96%|█████████▋| 4231/4395 [00:36<00:01, 113.11it/s]
 97%|█████████▋| 4246/4395 [00:36<00:01, 122.08it/s]
 97%|█████████▋| 4259/4395 [00:36<00:01, 122.20it/s]
 97%|█████████▋| 4272/4395 [00:36<00:01, 117.41it/s]
 97%|█████████▋| 4284/4395 [00:36<00:00, 111.93it/s]
 98%|█████████▊| 4297/4395 [00:36<00:00, 111.88it/s]
 98%|█████████▊| 4309/4395 [00:36<00:01, 71.96it/s] 
 98%|█████████▊| 4320/4395 [00:37<00:00, 78.88it/s]
 99%|█████████▊| 4334/4395 [00:37<00:00, 90.84it/s]
 99%|█████████▉| 4347/4395 [00:37<00:00, 97.10it/s]
 99%|█████████▉| 4361/4395 [00:37<00:00, 106.80it/s]
 99%|█████████▉| 4373/4395 [00:37<00:00, 102.41it/s]
100%|█████████▉| 4388/4395 [00:37<00:00, 114.54it/s]
100%|██████████| 4395/4395 [00:37<00:00, 116.84it/s]
/ibex/user/shoaibsa/miniconda3/envs/py312/lib/python3.12/site-packages/alignn/graphs.py:1176: UserWarning: Creating a tensor from a list of numpy.ndarrays is extremely slow. Please consider converting the list to a single numpy.ndarray with numpy.array() before converting to a tensor. (Triggered internally at /pytorch/torch/csrc/utils/tensor_new.cpp:253.)
  self.lattices = torch.tensor(self.lattices).type(

  0%|          | 0/4395 [00:00<?, ?it/s]
  7%|▋         | 327/4395 [00:00<00:01, 3268.09it/s]
 15%|█▌        | 667/4395 [00:00<00:01, 3342.31it/s]
 23%|██▎       | 1004/4395 [00:00<00:01, 3354.87it/s]
 30%|███       | 1340/4395 [00:00<00:00, 3263.56it/s]
 38%|███▊      | 1692/4395 [00:00<00:00, 3351.89it/s]
 46%|████▌     | 2029/4395 [00:00<00:00, 3355.05it/s]
 54%|█████▍    | 2365/4395 [00:00<00:00, 3355.73it/s]
 62%|██████▏   | 2704/4395 [00:00<00:00, 3363.58it/s]
 69%|██████▉   | 3053/4395 [00:00<00:00, 3401.90it/s]
 77%|███████▋  | 3394/4395 [00:01<00:00, 3378.71it/s]
 85%|████████▍ | 3732/4395 [00:01<00:00, 3353.82it/s]
 93%|█████████▎| 4070/4395 [00:01<00:00, 3360.58it/s]
100%|██████████| 4395/4395 [00:01<00:00, 3344.55it/s]

  0%|          | 0/549 [00:00<?, ?it/s]
  3%|▎         | 14/549 [00:00<00:03, 135.68it/s]
  5%|▌         | 28/549 [00:00<00:03, 132.79it/s]
  8%|▊         | 42/549 [00:00<00:03, 134.61it/s]
 10%|█         | 56/549 [00:00<00:04, 110.66it/s]
 13%|█▎        | 71/549 [00:00<00:03, 121.77it/s]
 15%|█▌        | 84/549 [00:00<00:03, 117.53it/s]
 18%|█▊        | 97/549 [00:00<00:03, 114.58it/s]
 20%|█▉        | 109/549 [00:00<00:03, 114.91it/s]
 22%|██▏       | 122/549 [00:01<00:03, 114.59it/s]
 24%|██▍       | 134/549 [00:01<00:03, 111.06it/s]
 27%|██▋       | 146/549 [00:01<00:03, 105.11it/s]
 29%|██▉       | 161/549 [00:01<00:03, 115.02it/s]
 32%|███▏      | 173/549 [00:01<00:03, 109.42it/s]
 34%|███▍      | 187/549 [00:01<00:03, 116.93it/s]
 36%|███▋      | 200/549 [00:01<00:02, 118.32it/s]
 39%|███▉      | 215/549 [00:01<00:02, 126.88it/s]
 42%|████▏     | 228/549 [00:02<00:04, 73.41it/s] 
 44%|████▎     | 239/549 [00:02<00:04, 77.24it/s]
 46%|████▌     | 252/549 [00:02<00:03, 87.49it/s]
 49%|████▊     | 267/549 [00:02<00:02, 101.43it/s]
 51%|█████     | 279/549 [00:02<00:02, 103.63it/s]
 53%|█████▎    | 292/549 [00:02<00:02, 108.23it/s]
 56%|█████▌    | 305/549 [00:02<00:02, 113.82it/s]
 58%|█████▊    | 318/549 [00:02<00:01, 118.02it/s]
 60%|██████    | 331/549 [00:03<00:02, 106.83it/s]
 62%|██████▏   | 343/549 [00:03<00:02, 102.73it/s]
 65%|██████▌   | 357/549 [00:03<00:01, 110.41it/s]
 67%|██████▋   | 369/549 [00:03<00:01, 109.83it/s]
 70%|██████▉   | 384/549 [00:03<00:01, 118.12it/s]
 72%|███████▏  | 397/549 [00:03<00:01, 120.59it/s]
 75%|███████▍  | 410/549 [00:03<00:01, 118.00it/s]
 77%|███████▋  | 424/549 [00:03<00:01, 123.28it/s]
 80%|███████▉  | 437/549 [00:03<00:00, 113.53it/s]
 82%|████████▏ | 452/549 [00:04<00:00, 122.19it/s]
 85%|████████▍ | 465/549 [00:04<00:00, 119.61it/s]
 87%|████████▋ | 478/549 [00:04<00:00, 119.69it/s]
 89%|████████▉ | 491/549 [00:04<00:00, 118.05it/s]
 92%|█████████▏| 505/549 [00:04<00:00, 123.72it/s]
 94%|█████████▍| 518/549 [00:04<00:00, 122.83it/s]
 97%|█████████▋| 534/549 [00:04<00:00, 129.75it/s]
100%|█████████▉| 548/549 [00:04<00:00, 113.83it/s]
100%|██████████| 549/549 [00:04<00:00, 111.88it/s]

  0%|          | 0/549 [00:00<?, ?it/s]
 58%|█████▊    | 316/549 [00:00<00:00, 3157.74it/s]
100%|██████████| 549/549 [00:00<00:00, 3194.35it/s]

  0%|          | 0/549 [00:00<?, ?it/s]
  2%|▏         | 10/549 [00:00<00:05, 98.42it/s]
  4%|▍         | 24/549 [00:00<00:04, 117.68it/s]
  7%|▋         | 39/549 [00:00<00:03, 128.90it/s]
  9%|▉         | 52/549 [00:00<00:04, 110.59it/s]
 12%|█▏        | 67/549 [00:00<00:03, 122.36it/s]
 15%|█▍        | 81/549 [00:00<00:03, 125.68it/s]
 17%|█▋        | 94/549 [00:00<00:03, 121.65it/s]
 19%|█▉        | 107/549 [00:00<00:04, 97.00it/s]
 21%|██▏       | 118/549 [00:01<00:06, 63.98it/s]
 24%|██▎       | 130/549 [00:01<00:05, 73.13it/s]
 26%|██▋       | 145/549 [00:01<00:04, 87.94it/s]
 28%|██▊       | 156/549 [00:01<00:04, 91.59it/s]
 31%|███       | 168/549 [00:01<00:03, 98.33it/s]
 33%|███▎      | 181/549 [00:01<00:03, 105.93it/s]
 36%|███▌      | 195/549 [00:01<00:03, 112.67it/s]
 38%|███▊      | 210/549 [00:02<00:02, 121.07it/s]
 41%|████      | 224/549 [00:02<00:02, 125.11it/s]
 43%|████▎     | 237/549 [00:02<00:02, 124.28it/s]
 46%|████▌     | 250/549 [00:02<00:02, 116.14it/s]
 48%|████▊     | 263/549 [00:02<00:02, 118.56it/s]
 50%|█████     | 276/549 [00:02<00:02, 119.90it/s]
 53%|█████▎    | 291/549 [00:02<00:02, 126.09it/s]
 55%|█████▌    | 304/549 [00:02<00:02, 115.34it/s]
 58%|█████▊    | 316/549 [00:02<00:02, 105.14it/s]
 60%|██████    | 331/549 [00:03<00:01, 114.63it/s]
 63%|██████▎   | 344/549 [00:03<00:01, 116.54it/s]
 65%|██████▍   | 356/549 [00:03<00:01, 107.99it/s]
 67%|██████▋   | 368/549 [00:03<00:01, 103.06it/s]
 69%|██████▉   | 381/549 [00:03<00:01, 108.89it/s]
 72%|███████▏  | 393/549 [00:03<00:01, 108.48it/s]
 74%|███████▍  | 406/549 [00:03<00:01, 112.54it/s]
 76%|███████▌  | 418/549 [00:03<00:01, 112.52it/s]
 79%|███████▊  | 431/549 [00:03<00:01, 116.19it/s]
 81%|████████  | 443/549 [00:04<00:00, 116.43it/s]
 83%|████████▎ | 458/549 [00:04<00:00, 123.72it/s]
 86%|████████▌ | 473/549 [00:04<00:00, 129.93it/s]
 89%|████████▊ | 487/549 [00:04<00:00, 129.79it/s]
 91%|█████████▏| 501/549 [00:04<00:00, 132.05it/s]
 94%|█████████▍| 515/549 [00:04<00:00, 118.50it/s]
 96%|█████████▌| 528/549 [00:04<00:00, 113.58it/s]
 99%|█████████▊| 541/549 [00:04<00:00, 117.27it/s]
100%|██████████| 549/549 [00:04<00:00, 110.75it/s]

  0%|          | 0/549 [00:00<?, ?it/s]
 59%|█████▊    | 322/549 [00:00<00:00, 3215.04it/s]
100%|██████████| 549/549 [00:00<00:00, 3289.94it/s]
/ibex/user/shoaibsa/Intrinsic_Dimensionality_ML_Materials/ALIGNN/ALIGNN_MP/alignn/train.py:503: UserWarning: Detected call of `lr_scheduler.step()` before `optimizer.step()`. In PyTorch 1.1.0 and later, you should call them in the opposite order: `optimizer.step()` before `lr_scheduler.step()`.  Failure to do this will result in PyTorch skipping the first value of the learning rate schedule. See more details at https://pytorch.org/docs/stable/optim.html#how-to-adjust-learning-rate
  scheduler.step()
