world_size 1
root_dir partitions/kvrh_half_2
[Seed] random_seed=123, split_seed=123
len dataset 5494
train_stress False
starting from this file
[Subspace][Fastfood] D=85,953, d=60,167, padded n=131,072.
  Fastfood diagonals + permutation: ~2.50 MB (vs. dense P would need ~19.27 GB).
  Compute per forward: O(n log n) ~ 2,228,224 ops.
[Subspace] D=85,953, d=60,167
================================================================
[MEM REPORT] Wrapped model (runtime footprint)
Trainable params : 60,167
All params       : 146,120  (570.78 KB)
Buffers          : 610,481  (2.83 MB)
Optimizer(AdamW) ~ 470.05 KB
----------------------------------------------------------------
Estimated total (params + buffers + opt): 3.85 MB
----------------------------------------------------------------
CUDA live: allocated=3.40 MB, reserved=26.00 MB, device=cuda:0
================================================================
Not using LMDB dataset, memory footprint maybe high.
WARNING: not using LMDB might result errors.
MAX val: 2.741151598851785
MIN val: 0.0
MAD: 0.28806799259280486
Baseline MAE: 0.2966971066171897
data range 2.7101173651118162 0.0
Converting to graphs!
df         target  ...            jid
0     2.255273  ...  mb-kvrh-04276
1     1.690196  ...  mb-kvrh-08987
2     1.740363  ...  mb-kvrh-07594
3     1.462398  ...  mb-kvrh-08721
4     1.380211  ...  mb-kvrh-01524
...        ...  ...            ...
4390  2.075547  ...  mb-kvrh-09123
4391  1.819544  ...  mb-kvrh-02656
4392  1.662758  ...  mb-kvrh-06638
4393  1.623249  ...  mb-kvrh-07407
4394  1.342423  ...  mb-kvrh-05113

[4395 rows x 3 columns]
warning: could not load CGCNN features for 103
Setting it to max atomic number available here, 103
warning: could not load CGCNN features for 101
Setting it to max atomic number available here, 103
warning: could not load CGCNN features for 102
Setting it to max atomic number available here, 103
building line graphs
data range 2.741151598851785 0.6989700043360189
Converting to graphs!
df        target                                              atoms            jid
0    2.264818  {'lattice_mat': [[4.80623256, 0.0, 0.0], [-2.4...  mb-kvrh-05443
1    1.995635  {'lattice_mat': [[1.072e-05, 3.42042968, 3.420...  mb-kvrh-10134
2    1.431364  {'lattice_mat': [[4.95719558, 0.0, 0.0], [-2.4...  mb-kvrh-04665
3    2.271842  {'lattice_mat': [[2.94276033, 0.0, -0.72883662...  mb-kvrh-02902
4    1.934498  {'lattice_mat': [[4.05117656, 0.0, 0.0], [-2.0...  mb-kvrh-03318
..        ...                                                ...            ...
544  1.785330  {'lattice_mat': [[4.07505195, -0.0, -0.0], [0....  mb-kvrh-06714
545  2.292256  {'lattice_mat': [[3.47795553, 0.0, 2.00799856]...  mb-kvrh-07518
546  2.017033  {'lattice_mat': [[1.50052105, 0.86632571, 4.83...  mb-kvrh-03028
547  1.707570  {'lattice_mat': [[1.19690806, 3.52222994, 0.0]...  mb-kvrh-09088
548  2.447158  {'lattice_mat': [[4.29464324, 0.0, 0.0], [0.0,...  mb-kvrh-08562

[549 rows x 3 columns]
building line graphs
data range 2.569373909615046 0.0
Converting to graphs!
df        target                                              atoms            jid
0    1.653213  {'lattice_mat': [[3.95316622, 0.0, 0.0], [0.0,...  mb-kvrh-05039
1    1.000000  {'lattice_mat': [[4.48213375, 0.0, 0.0], [0.0,...  mb-kvrh-10547
2    2.123852  {'lattice_mat': [[-2.78e-06, 3.05223821, 3.052...  mb-kvrh-07201
3    2.045323  {'lattice_mat': [[5.00537049, 0.1977969, -0.85...  mb-kvrh-01178
4    2.120574  {'lattice_mat': [[4.12030109, 0.0, 0.0], [0.0,...  mb-kvrh-02432
..        ...                                                ...            ...
544  2.096910  {'lattice_mat': [[7.6711806, 0.0, 0.0], [-3.83...  mb-kvrh-04026
545  2.382017  {'lattice_mat': [[3.92472536, 0.0, 0.0], [0.0,...  mb-kvrh-05710
546  1.770852  {'lattice_mat': [[6.81817034, -0.01322801, -0....  mb-kvrh-00703
547  2.041393  {'lattice_mat': [[4.70064489, -0.17447171, 0.0...  mb-kvrh-01619
548  2.235528  {'lattice_mat': [[3.54683733, 0.0, 0.0], [0.0,...  mb-kvrh-03704

[549 rows x 3 columns]
building line graphs
n_train: 4395
n_val  : 549
n_test : 549
rank 0
world_size 1
config: {'version': '9c9ee23de543322c97e5d622a81e929e4dbfc141', 'dataset': 'user_data', 'target': 'target', 'atom_features': 'cgcnn', 'neighbor_strategy': 'k-nearest', 'id_tag': 'jid', 'dtype': 'float32', 'random_seed': 123, 'classification_threshold': None, 'n_val': None, 'n_test': None, 'n_train': None, 'train_ratio': 0.8, 'val_ratio': 0.1, 'test_ratio': 0.1, 'target_multiplication_factor': None, 'epochs': 120, 'batch_size': 64, 'gpu_memory_fraction': None, 'use_amp': False, 'ddp_find_unused_parameters': False, 'deterministic': False, 'weight_decay': 0.0, 'learning_rate': 0.001, 'filename': 'sample', 'warmup_steps': 2000, 'criterion': 'mse', 'optimizer': 'adamw', 'scheduler': 'onecycle', 'pin_memory': True, 'save_dataloader': False, 'write_checkpoint': True, 'write_predictions': True, 'store_outputs': True, 'progress': True, 'log_tensorboard': False, 'standard_scalar_and_pca': False, 'use_canonize': True, 'compute_line_graph': True, 'num_workers': 2, 'cutoff': 8.0, 'cutoff_extra': 3.0, 'three_body_cutoff': 3.5, 'max_neighbors': 12, 'keep_data_order': False, 'normalize_graph_level_loss': False, 'distributed': True, 'data_parallel': False, 'n_early_stopping': None, 'output_dir': '../results_alignn_log_kvrh_partitions_fastfood/kvrh_half_2/alignn_log_kvrh_fastfood_kvrh_half_2_dim70_seed123_epochs120', 'use_lmdb': False, 'read_existing': False, 'model': {'name': 'alignn_atomwise', 'alignn_layers': 1, 'gcn_layers': 1, 'atom_input_features': 92, 'edge_input_features': 80, 'triplet_input_features': 40, 'embedding_features': 64, 'hidden_features': 64, 'output_features': 1, 'grad_multiplier': -1, 'calculate_gradient': False, 'atomwise_output_features': 0, 'graphwise_weight': 1.0, 'gradwise_weight': 0.0, 'stresswise_weight': 0.0, 'atomwise_weight': 0.0, 'link': 'identity', 'zero_inflated': False, 'classification': False, 'force_mult_natoms': False, 'energy_mult_natoms': True, 'include_pos_deriv': False, 'use_cutoff_function': False, 'inner_cutoff': 3.0, 'stress_multiplier': 1.0, 'add_reverse_forces': True, 'lg_on_fly': True, 'batch_stress': True, 'multiply_cutoff': False, 'use_penalty': True, 'extra_features': 0, 'exponent': 5, 'penalty_factor': 0.1, 'penalty_threshold': 1.0, 'additional_output_features': 0, 'additional_output_weight': 0.0}}
{'atom_features': 'cgcnn',
 'batch_size': 64,
 'classification_threshold': None,
 'compute_line_graph': True,
 'criterion': 'mse',
 'cutoff': 8.0,
 'cutoff_extra': 3.0,
 'data_parallel': False,
 'dataset': 'user_data',
 'ddp_find_unused_parameters': False,
 'deterministic': False,
 'distributed': True,
 'dtype': 'float32',
 'epochs': 120,
 'filename': 'sample',
 'gpu_memory_fraction': None,
 'id_tag': 'jid',
 'keep_data_order': False,
 'learning_rate': 0.001,
 'log_tensorboard': False,
 'max_neighbors': 12,
 'model': {'add_reverse_forces': True,
           'additional_output_features': 0,
           'additional_output_weight': 0.0,
           'alignn_layers': 1,
           'atom_input_features': 92,
           'atomwise_output_features': 0,
           'atomwise_weight': 0.0,
           'batch_stress': True,
           'calculate_gradient': False,
           'classification': False,
           'edge_input_features': 80,
           'embedding_features': 64,
           'energy_mult_natoms': True,
           'exponent': 5,
           'extra_features': 0,
           'force_mult_natoms': False,
           'gcn_layers': 1,
           'grad_multiplier': -1,
           'gradwise_weight': 0.0,
           'graphwise_weight': 1.0,
           'hidden_features': 64,
           'include_pos_deriv': False,
           'inner_cutoff': 3.0,
           'lg_on_fly': True,
           'link': 'identity',
           'multiply_cutoff': False,
           'name': 'alignn_atomwise',
           'output_features': 1,
           'penalty_factor': 0.1,
           'penalty_threshold': 1.0,
           'stress_multiplier': 1.0,
           'stresswise_weight': 0.0,
           'triplet_input_features': 40,
           'use_cutoff_function': False,
           'use_penalty': True,
           'zero_inflated': False},
 'n_early_stopping': None,
 'n_test': None,
 'n_train': None,
 'n_val': None,
 'neighbor_strategy': 'k-nearest',
 'normalize_graph_level_loss': False,
 'num_workers': 2,
 'optimizer': 'adamw',
 'output_dir': '../results_alignn_log_kvrh_partitions_fastfood/kvrh_half_2/alignn_log_kvrh_fastfood_kvrh_half_2_dim70_seed123_epochs120',
 'pin_memory': True,
 'progress': True,
 'random_seed': 123,
 'read_existing': False,
 'save_dataloader': False,
 'scheduler': 'onecycle',
 'standard_scalar_and_pca': False,
 'store_outputs': True,
 'target': 'target',
 'target_multiplication_factor': None,
 'test_ratio': 0.1,
 'three_body_cutoff': 3.5,
 'train_ratio': 0.8,
 'use_amp': False,
 'use_canonize': True,
 'use_lmdb': False,
 'val_ratio': 0.1,
 'version': '9c9ee23de543322c97e5d622a81e929e4dbfc141',
 'warmup_steps': 2000,
 'weight_decay': 0.0,
 'write_checkpoint': True,
 'write_predictions': True}
[Seed] deterministic_mode=False

    _    _     ___ ____ _   _ _   _
   / \  | |   |_ _/ ___| \ | | \ | |
  / _ \ | |    | | |  _|  \| |  \| |
 / ___ \| |___ | | |_| | |\  | |\  |
/_/   \_\_____|___\____|_| \_|_| \_|

Model parameters 146120
CUDA available True
CUDA device count 1
   GPU: NVIDIA A100-SXM4-80GB. Max memory: 79.252 GB. Platform = Linux.
   Pytorch: 2.11.0+cu128. CUDA = 8.0. CUDA Toolkit = 12.8.

Train Loss:  Epoch    Total      Graph      Atom       Grad       Stress     Addn.      Time      
             0        17.6838    17.6838    0.0000     0.0000     0.0000     0.0000     5.19      
Val Loss:    Epoch    Total      Graph      Atom       Grad       Stress     Addn.      Time      
             0        1.1161     1.1161     0.0000     0.0000     0.0000     0.0000     0.38       Saving model
Train Loss:  Epoch    Total      Graph      Atom       Grad       Stress     Addn.      Time      
             1        9.9563     9.9563     0.0000     0.0000     0.0000     0.0000     4.11      
Val Loss:    Epoch    Total      Graph      Atom       Grad       Stress     Addn.      Time      
             1        1.6746     1.6746     0.0000     0.0000     0.0000     0.0000     0.38       Saving model
Train Loss:  Epoch    Total      Graph      Atom       Grad       Stress     Addn.      Time      
             2        9.8959     9.8959     0.0000     0.0000     0.0000     0.0000     4.11      
Val Loss:    Epoch    Total      Graph      Atom       Grad       Stress     Addn.      Time      
             2        1.1010     1.1010     0.0000     0.0000     0.0000     0.0000     0.38       Saving model
Train Loss:  Epoch    Total      Graph      Atom       Grad       Stress     Addn.      Time      
             3        8.9896     8.9896     0.0000     0.0000     0.0000     0.0000     4.46      
Val Loss:    Epoch    Total      Graph      Atom       Grad       Stress     Addn.      Time      
             3        1.0659     1.0659     0.0000     0.0000     0.0000     0.0000     0.40       Saving model
Train Loss:  Epoch    Total      Graph      Atom       Grad       Stress     Addn.      Time      
             4        8.1374     8.1374     0.0000     0.0000     0.0000     0.0000     4.33      
Val Loss:    Epoch    Total      Graph      Atom       Grad       Stress     Addn.      Time      
             4        0.8694     0.8694     0.0000     0.0000     0.0000     0.0000     0.39       Saving model
Train Loss:  Epoch    Total      Graph      Atom       Grad       Stress     Addn.      Time      
             5        8.2403     8.2403     0.0000     0.0000     0.0000     0.0000     4.12      
Val Loss:    Epoch    Total      Graph      Atom       Grad       Stress     Addn.      Time      
             5        0.8156     0.8156     0.0000     0.0000     0.0000     0.0000     0.38       Saving model
Train Loss:  Epoch    Total      Graph      Atom       Grad       Stress     Addn.      Time      
             6        8.0255     8.0255     0.0000     0.0000     0.0000     0.0000     4.58      
Val Loss:    Epoch    Total      Graph      Atom       Grad       Stress     Addn.      Time      
             6        1.4938     1.4938     0.0000     0.0000     0.0000     0.0000     0.78       Saving model
Train Loss:  Epoch    Total      Graph      Atom       Grad       Stress     Addn.      Time      
             7        7.7934     7.7934     0.0000     0.0000     0.0000     0.0000     4.09      
Val Loss:    Epoch    Total      Graph      Atom       Grad       Stress     Addn.      Time      
             7        0.8449     0.8449     0.0000     0.0000     0.0000     0.0000     0.40       Saving model
Train Loss:  Epoch    Total      Graph      Atom       Grad       Stress     Addn.      Time      
             8        7.9817     7.9817     0.0000     0.0000     0.0000     0.0000     4.14      
Val Loss:    Epoch    Total      Graph      Atom       Grad       Stress     Addn.      Time      
             8        0.7519     0.7519     0.0000     0.0000     0.0000     0.0000     0.38       Saving model
Train Loss:  Epoch    Total      Graph      Atom       Grad       Stress     Addn.      Time      
             9        7.3303     7.3303     0.0000     0.0000     0.0000     0.0000     4.40      
Val Loss:    Epoch    Total      Graph      Atom       Grad       Stress     Addn.      Time      
             9        0.8140     0.8140     0.0000     0.0000     0.0000     0.0000     0.39       Saving model
Train Loss:  Epoch    Total      Graph      Atom       Grad       Stress     Addn.      Time      
             10       9.6897     9.6897     0.0000     0.0000     0.0000     0.0000     4.29      
Val Loss:    Epoch    Total      Graph      Atom       Grad       Stress     Addn.      Time      
             10       1.1631     1.1631     0.0000     0.0000     0.0000     0.0000     0.39       Saving model
Train Loss:  Epoch    Total      Graph      Atom       Grad       Stress     Addn.      Time      
             11       8.1983     8.1983     0.0000     0.0000     0.0000     0.0000     4.43      
Val Loss:    Epoch    Total      Graph      Atom       Grad       Stress     Addn.      Time      
             11       0.7471     0.7471     0.0000     0.0000     0.0000     0.0000     0.39       Saving model
Train Loss:  Epoch    Total      Graph      Atom       Grad       Stress     Addn.      Time      
             12       6.7094     6.7094     0.0000     0.0000     0.0000     0.0000     4.15      
Val Loss:    Epoch    Total      Graph      Atom       Grad       Stress     Addn.      Time      
             12       0.7780     0.7780     0.0000     0.0000     0.0000     0.0000     0.39       Saving model
Train Loss:  Epoch    Total      Graph      Atom       Grad       Stress     Addn.      Time      
             13       6.5658     6.5658     0.0000     0.0000     0.0000     0.0000     4.94      
Val Loss:    Epoch    Total      Graph      Atom       Grad       Stress     Addn.      Time      
             13       0.9400     0.9400     0.0000     0.0000     0.0000     0.0000     0.39       Saving model
Train Loss:  Epoch    Total      Graph      Atom       Grad       Stress     Addn.      Time      
             14       7.2297     7.2297     0.0000     0.0000     0.0000     0.0000     4.15      
Val Loss:    Epoch    Total      Graph      Atom       Grad       Stress     Addn.      Time      
             14       0.7729     0.7729     0.0000     0.0000     0.0000     0.0000     0.39       Saving model
Train Loss:  Epoch    Total      Graph      Atom       Grad       Stress     Addn.      Time      
             15       6.7152     6.7152     0.0000     0.0000     0.0000     0.0000     4.76      
Val Loss:    Epoch    Total      Graph      Atom       Grad       Stress     Addn.      Time      
             15       0.8208     0.8208     0.0000     0.0000     0.0000     0.0000     0.40       Saving model
Train Loss:  Epoch    Total      Graph      Atom       Grad       Stress     Addn.      Time      
             16       6.4062     6.4062     0.0000     0.0000     0.0000     0.0000     4.35      
Val Loss:    Epoch    Total      Graph      Atom       Grad       Stress     Addn.      Time      
             16       0.7109     0.7109     0.0000     0.0000     0.0000     0.0000     0.38       Saving model
Train Loss:  Epoch    Total      Graph      Atom       Grad       Stress     Addn.      Time      
             17       6.6234     6.6234     0.0000     0.0000     0.0000     0.0000     4.10      
Val Loss:    Epoch    Total      Graph      Atom       Grad       Stress     Addn.      Time      
             17       0.7318     0.7318     0.0000     0.0000     0.0000     0.0000     0.40       Saving model
Train Loss:  Epoch    Total      Graph      Atom       Grad       Stress     Addn.      Time      
             18       6.3605     6.3605     0.0000     0.0000     0.0000     0.0000     4.16      
Val Loss:    Epoch    Total      Graph      Atom       Grad       Stress     Addn.      Time      
             18       0.7279     0.7279     0.0000     0.0000     0.0000     0.0000     0.39       Saving model
Train Loss:  Epoch    Total      Graph      Atom       Grad       Stress     Addn.      Time      
             19       6.2937     6.2937     0.0000     0.0000     0.0000     0.0000     5.31      
Val Loss:    Epoch    Total      Graph      Atom       Grad       Stress     Addn.      Time      
             19       1.0324     1.0324     0.0000     0.0000     0.0000     0.0000     0.39       Saving model
Train Loss:  Epoch    Total      Graph      Atom       Grad       Stress     Addn.      Time      
             20       6.1729     6.1729     0.0000     0.0000     0.0000     0.0000     4.14      
Val Loss:    Epoch    Total      Graph      Atom       Grad       Stress     Addn.      Time      
             20       0.7597     0.7597     0.0000     0.0000     0.0000     0.0000     0.40       Saving model
Train Loss:  Epoch    Total      Graph      Atom       Grad       Stress     Addn.      Time      
             21       6.2010     6.2010     0.0000     0.0000     0.0000     0.0000     4.48      
Val Loss:    Epoch    Total      Graph      Atom       Grad       Stress     Addn.      Time      
             21       0.7200     0.7200     0.0000     0.0000     0.0000     0.0000     0.39       Saving model
Train Loss:  Epoch    Total      Graph      Atom       Grad       Stress     Addn.      Time      
             22       6.0034     6.0034     0.0000     0.0000     0.0000     0.0000     4.46      
Val Loss:    Epoch    Total      Graph      Atom       Grad       Stress     Addn.      Time      
             22       0.7290     0.7290     0.0000     0.0000     0.0000     0.0000     0.38       Saving model
Train Loss:  Epoch    Total      Graph      Atom       Grad       Stress     Addn.      Time      
             23       6.0886     6.0886     0.0000     0.0000     0.0000     0.0000     4.07      
Val Loss:    Epoch    Total      Graph      Atom       Grad       Stress     Addn.      Time      
             23       0.6941     0.6941     0.0000     0.0000     0.0000     0.0000     0.39       Saving model
Train Loss:  Epoch    Total      Graph      Atom       Grad       Stress     Addn.      Time      
             24       6.0020     6.0020     0.0000     0.0000     0.0000     0.0000     4.12      
Val Loss:    Epoch    Total      Graph      Atom       Grad       Stress     Addn.      Time      
             24       0.7427     0.7427     0.0000     0.0000     0.0000     0.0000     0.39       Saving model
Train Loss:  Epoch    Total      Graph      Atom       Grad       Stress     Addn.      Time      
             25       5.8459     5.8459     0.0000     0.0000     0.0000     0.0000     6.31      
Val Loss:    Epoch    Total      Graph      Atom       Grad       Stress     Addn.      Time      
             25       0.8970     0.8970     0.0000     0.0000     0.0000     0.0000     0.40       Saving model
Train Loss:  Epoch    Total      Graph      Atom       Grad       Stress     Addn.      Time      
             26       6.5194     6.5194     0.0000     0.0000     0.0000     0.0000     4.43      
Val Loss:    Epoch    Total      Graph      Atom       Grad       Stress     Addn.      Time      
             26       0.7380     0.7380     0.0000     0.0000     0.0000     0.0000     0.40       Saving model
Train Loss:  Epoch    Total      Graph      Atom       Grad       Stress     Addn.      Time      
             27       5.5500     5.5500     0.0000     0.0000     0.0000     0.0000     4.50      
Val Loss:    Epoch    Total      Graph      Atom       Grad       Stress     Addn.      Time      
             27       0.7084     0.7084     0.0000     0.0000     0.0000     0.0000     0.40       Saving model
Train Loss:  Epoch    Total      Graph      Atom       Grad       Stress     Addn.      Time      
             28       6.0558     6.0558     0.0000     0.0000     0.0000     0.0000     4.40      
Val Loss:    Epoch    Total      Graph      Atom       Grad       Stress     Addn.      Time      
             28       0.9902     0.9902     0.0000     0.0000     0.0000     0.0000     0.37       Saving model
Train Loss:  Epoch    Total      Graph      Atom       Grad       Stress     Addn.      Time      
             29       5.7472     5.7472     0.0000     0.0000     0.0000     0.0000     4.11      
Val Loss:    Epoch    Total      Graph      Atom       Grad       Stress     Addn.      Time      
             29       0.6998     0.6998     0.0000     0.0000     0.0000     0.0000     0.39       Saving model
Train Loss:  Epoch    Total      Graph      Atom       Grad       Stress     Addn.      Time      
             30       5.5916     5.5916     0.0000     0.0000     0.0000     0.0000     4.47      
Val Loss:    Epoch    Total      Graph      Atom       Grad       Stress     Addn.      Time      
             30       0.7228     0.7228     0.0000     0.0000     0.0000     0.0000     0.39       Saving model
Train Loss:  Epoch    Total      Graph      Atom       Grad       Stress     Addn.      Time      
             31       5.6624     5.6624     0.0000     0.0000     0.0000     0.0000     4.95      
Val Loss:    Epoch    Total      Graph      Atom       Grad       Stress     Addn.      Time      
             31       0.7488     0.7488     0.0000     0.0000     0.0000     0.0000     0.39       Saving model
Train Loss:  Epoch    Total      Graph      Atom       Grad       Stress     Addn.      Time      
             32       5.5476     5.5476     0.0000     0.0000     0.0000     0.0000     4.13      
Val Loss:    Epoch    Total      Graph      Atom       Grad       Stress     Addn.      Time      
             32       0.6402     0.6402     0.0000     0.0000     0.0000     0.0000     0.39       Saving model
Train Loss:  Epoch    Total      Graph      Atom       Grad       Stress     Addn.      Time      
             33       5.7657     5.7657     0.0000     0.0000     0.0000     0.0000     4.49      
Val Loss:    Epoch    Total      Graph      Atom       Grad       Stress     Addn.      Time      
             33       0.6697     0.6697     0.0000     0.0000     0.0000     0.0000     0.39       Saving model
Train Loss:  Epoch    Total      Graph      Atom       Grad       Stress     Addn.      Time      
             34       5.4741     5.4741     0.0000     0.0000     0.0000     0.0000     4.50      
Val Loss:    Epoch    Total      Graph      Atom       Grad       Stress     Addn.      Time      
             34       0.6394     0.6394     0.0000     0.0000     0.0000     0.0000     0.63       Saving model
Train Loss:  Epoch    Total      Graph      Atom       Grad       Stress     Addn.      Time      
             35       5.6107     5.6107     0.0000     0.0000     0.0000     0.0000     4.06      
Val Loss:    Epoch    Total      Graph      Atom       Grad       Stress     Addn.      Time      
             35       0.6809     0.6809     0.0000     0.0000     0.0000     0.0000     0.38       Saving model
Train Loss:  Epoch    Total      Graph      Atom       Grad       Stress     Addn.      Time      
             36       5.3841     5.3841     0.0000     0.0000     0.0000     0.0000     4.11      
Val Loss:    Epoch    Total      Graph      Atom       Grad       Stress     Addn.      Time      
             36       0.6256     0.6256     0.0000     0.0000     0.0000     0.0000     0.39       Saving model
Train Loss:  Epoch    Total      Graph      Atom       Grad       Stress     Addn.      Time      
             37       5.0710     5.0710     0.0000     0.0000     0.0000     0.0000     4.80      
Val Loss:    Epoch    Total      Graph      Atom       Grad       Stress     Addn.      Time      
             37       0.6926     0.6926     0.0000     0.0000     0.0000     0.0000     0.39       Saving model
Train Loss:  Epoch    Total      Graph      Atom       Grad       Stress     Addn.      Time      
             38       5.1807     5.1807     0.0000     0.0000     0.0000     0.0000     4.11      
Val Loss:    Epoch    Total      Graph      Atom       Grad       Stress     Addn.      Time      
             38       0.7022     0.7022     0.0000     0.0000     0.0000     0.0000     0.40       Saving model
Train Loss:  Epoch    Total      Graph      Atom       Grad       Stress     Addn.      Time      
             39       5.4939     5.4939     0.0000     0.0000     0.0000     0.0000     4.50      
Val Loss:    Epoch    Total      Graph      Atom       Grad       Stress     Addn.      Time      
             39       0.6848     0.6848     0.0000     0.0000     0.0000     0.0000     0.40       Saving model
Train Loss:  Epoch    Total      Graph      Atom       Grad       Stress     Addn.      Time      
             40       4.9667     4.9667     0.0000     0.0000     0.0000     0.0000     4.47      
Val Loss:    Epoch    Total      Graph      Atom       Grad       Stress     Addn.      Time      
             40       0.6740     0.6740     0.0000     0.0000     0.0000     0.0000     0.42       Saving model
Train Loss:  Epoch    Total      Graph      Atom       Grad       Stress     Addn.      Time      
             41       4.9949     4.9949     0.0000     0.0000     0.0000     0.0000     4.36      
Val Loss:    Epoch    Total      Graph      Atom       Grad       Stress     Addn.      Time      
             41       0.6646     0.6646     0.0000     0.0000     0.0000     0.0000     0.39       Saving model
Train Loss:  Epoch    Total      Graph      Atom       Grad       Stress     Addn.      Time      
             42       5.4326     5.4326     0.0000     0.0000     0.0000     0.0000     4.15      
Val Loss:    Epoch    Total      Graph      Atom       Grad       Stress     Addn.      Time      
             42       0.7206     0.7206     0.0000     0.0000     0.0000     0.0000     0.39       Saving model
Train Loss:  Epoch    Total      Graph      Atom       Grad       Stress     Addn.      Time      
             43       5.8341     5.8341     0.0000     0.0000     0.0000     0.0000     4.86      
Val Loss:    Epoch    Total      Graph      Atom       Grad       Stress     Addn.      Time      
             43       0.6820     0.6820     0.0000     0.0000     0.0000     0.0000     0.39       Saving model
Train Loss:  Epoch    Total      Graph      Atom       Grad       Stress     Addn.      Time      
             44       5.4777     5.4777     0.0000     0.0000     0.0000     0.0000     4.50      
Val Loss:    Epoch    Total      Graph      Atom       Grad       Stress     Addn.      Time      
             44       0.6682     0.6682     0.0000     0.0000     0.0000     0.0000     0.40       Saving model
Train Loss:  Epoch    Total      Graph      Atom       Grad       Stress     Addn.      Time      
             45       5.0094     5.0094     0.0000     0.0000     0.0000     0.0000     4.15      
Val Loss:    Epoch    Total      Graph      Atom       Grad       Stress     Addn.      Time      
             45       0.6229     0.6229     0.0000     0.0000     0.0000     0.0000     0.39       Saving model
Train Loss:  Epoch    Total      Graph      Atom       Grad       Stress     Addn.      Time      
             46       4.9246     4.9246     0.0000     0.0000     0.0000     0.0000     4.54      
Val Loss:    Epoch    Total      Graph      Atom       Grad       Stress     Addn.      Time      
             46       0.8206     0.8206     0.0000     0.0000     0.0000     0.0000     0.40       Saving model
Train Loss:  Epoch    Total      Graph      Atom       Grad       Stress     Addn.      Time      
             47       5.1056     5.1056     0.0000     0.0000     0.0000     0.0000     4.47      
Val Loss:    Epoch    Total      Graph      Atom       Grad       Stress     Addn.      Time      
             47       0.6831     0.6831     0.0000     0.0000     0.0000     0.0000     0.39       Saving model
Train Loss:  Epoch    Total      Graph      Atom       Grad       Stress     Addn.      Time      
             48       4.9728     4.9728     0.0000     0.0000     0.0000     0.0000     4.10      
Val Loss:    Epoch    Total      Graph      Atom       Grad       Stress     Addn.      Time      
             48       0.6771     0.6771     0.0000     0.0000     0.0000     0.0000     0.38       Saving model
Train Loss:  Epoch    Total      Graph      Atom       Grad       Stress     Addn.      Time      
             49       4.8056     4.8056     0.0000     0.0000     0.0000     0.0000     4.12      
Val Loss:    Epoch    Total      Graph      Atom       Grad       Stress     Addn.      Time      
             49       0.5825     0.5825     0.0000     0.0000     0.0000     0.0000     0.39       Saving model
Train Loss:  Epoch    Total      Graph      Atom       Grad       Stress     Addn.      Time      
             50       4.9200     4.9200     0.0000     0.0000     0.0000     0.0000     4.93      
Val Loss:    Epoch    Total      Graph      Atom       Grad       Stress     Addn.      Time      
             50       0.7471     0.7471     0.0000     0.0000     0.0000     0.0000     0.38       Saving model
Train Loss:  Epoch    Total      Graph      Atom       Grad       Stress     Addn.      Time      
             51       5.0673     5.0673     0.0000     0.0000     0.0000     0.0000     4.46      
Val Loss:    Epoch    Total      Graph      Atom       Grad       Stress     Addn.      Time      
             51       0.6846     0.6846     0.0000     0.0000     0.0000     0.0000     0.42       Saving model
Train Loss:  Epoch    Total      Graph      Atom       Grad       Stress     Addn.      Time      
             52       4.6454     4.6454     0.0000     0.0000     0.0000     0.0000     4.48      
Val Loss:    Epoch    Total      Graph      Atom       Grad       Stress     Addn.      Time      
             52       0.6471     0.6471     0.0000     0.0000     0.0000     0.0000     0.39       Saving model
Train Loss:  Epoch    Total      Graph      Atom       Grad       Stress     Addn.      Time      
             53       4.6381     4.6381     0.0000     0.0000     0.0000     0.0000     4.30      
Val Loss:    Epoch    Total      Graph      Atom       Grad       Stress     Addn.      Time      
             53       0.5669     0.5669     0.0000     0.0000     0.0000     0.0000     0.39       Saving model
Train Loss:  Epoch    Total      Graph      Atom       Grad       Stress     Addn.      Time      
             54       4.8091     4.8091     0.0000     0.0000     0.0000     0.0000     4.14      
Val Loss:    Epoch    Total      Graph      Atom       Grad       Stress     Addn.      Time      
             54       0.6663     0.6663     0.0000     0.0000     0.0000     0.0000     0.39       Saving model
Train Loss:  Epoch    Total      Graph      Atom       Grad       Stress     Addn.      Time      
             55       4.8203     4.8203     0.0000     0.0000     0.0000     0.0000     4.41      
Val Loss:    Epoch    Total      Graph      Atom       Grad       Stress     Addn.      Time      
             55       0.6418     0.6418     0.0000     0.0000     0.0000     0.0000     0.39       Saving model
Train Loss:  Epoch    Total      Graph      Atom       Grad       Stress     Addn.      Time      
             56       4.4996     4.4996     0.0000     0.0000     0.0000     0.0000     4.95      
Val Loss:    Epoch    Total      Graph      Atom       Grad       Stress     Addn.      Time      
             56       0.6382     0.6382     0.0000     0.0000     0.0000     0.0000     0.39       Saving model
Train Loss:  Epoch    Total      Graph      Atom       Grad       Stress     Addn.      Time      
             57       4.7579     4.7579     0.0000     0.0000     0.0000     0.0000     4.14      
Val Loss:    Epoch    Total      Graph      Atom       Grad       Stress     Addn.      Time      
             57       0.6415     0.6415     0.0000     0.0000     0.0000     0.0000     0.41       Saving model
Train Loss:  Epoch    Total      Graph      Atom       Grad       Stress     Addn.      Time      
             58       4.5821     4.5821     0.0000     0.0000     0.0000     0.0000     4.49      
Val Loss:    Epoch    Total      Graph      Atom       Grad       Stress     Addn.      Time      
             58       0.6650     0.6650     0.0000     0.0000     0.0000     0.0000     0.39       Saving model
Train Loss:  Epoch    Total      Graph      Atom       Grad       Stress     Addn.      Time      
             59       5.4058     5.4058     0.0000     0.0000     0.0000     0.0000     4.62      
Val Loss:    Epoch    Total      Graph      Atom       Grad       Stress     Addn.      Time      
             59       0.6911     0.6911     0.0000     0.0000     0.0000     0.0000     0.38       Saving model
Train Loss:  Epoch    Total      Graph      Atom       Grad       Stress     Addn.      Time      
             60       4.5510     4.5510     0.0000     0.0000     0.0000     0.0000     4.12      
Val Loss:    Epoch    Total      Graph      Atom       Grad       Stress     Addn.      Time      
             60       0.6247     0.6247     0.0000     0.0000     0.0000     0.0000     0.39       Saving model
Train Loss:  Epoch    Total      Graph      Atom       Grad       Stress     Addn.      Time      
             61       4.4132     4.4132     0.0000     0.0000     0.0000     0.0000     4.12      
Val Loss:    Epoch    Total      Graph      Atom       Grad       Stress     Addn.      Time      
             61       0.6493     0.6493     0.0000     0.0000     0.0000     0.0000     0.39       Saving model
Train Loss:  Epoch    Total      Graph      Atom       Grad       Stress     Addn.      Time      
             62       4.7711     4.7711     0.0000     0.0000     0.0000     0.0000     4.84      
Val Loss:    Epoch    Total      Graph      Atom       Grad       Stress     Addn.      Time      
             62       0.6509     0.6509     0.0000     0.0000     0.0000     0.0000     0.40       Saving model
Train Loss:  Epoch    Total      Graph      Atom       Grad       Stress     Addn.      Time      
             63       4.7669     4.7669     0.0000     0.0000     0.0000     0.0000     4.55      
Val Loss:    Epoch    Total      Graph      Atom       Grad       Stress     Addn.      Time      
             63       0.7457     0.7457     0.0000     0.0000     0.0000     0.0000     0.39       Saving model
Train Loss:  Epoch    Total      Graph      Atom       Grad       Stress     Addn.      Time      
             64       4.8526     4.8526     0.0000     0.0000     0.0000     0.0000     4.51      
Val Loss:    Epoch    Total      Graph      Atom       Grad       Stress     Addn.      Time      
             64       0.5635     0.5635     0.0000     0.0000     0.0000     0.0000     0.39       Saving model
Train Loss:  Epoch    Total      Graph      Atom       Grad       Stress     Addn.      Time      
             65       4.5379     4.5379     0.0000     0.0000     0.0000     0.0000     4.13      
Val Loss:    Epoch    Total      Graph      Atom       Grad       Stress     Addn.      Time      
             65       0.6998     0.6998     0.0000     0.0000     0.0000     0.0000     0.39       Saving model
Train Loss:  Epoch    Total      Graph      Atom       Grad       Stress     Addn.      Time      
             66       4.8686     4.8686     0.0000     0.0000     0.0000     0.0000     4.27      
Val Loss:    Epoch    Total      Graph      Atom       Grad       Stress     Addn.      Time      
             66       0.6428     0.6428     0.0000     0.0000     0.0000     0.0000     0.39       Saving model
Train Loss:  Epoch    Total      Graph      Atom       Grad       Stress     Addn.      Time      
             67       4.4727     4.4727     0.0000     0.0000     0.0000     0.0000     4.39      
Val Loss:    Epoch    Total      Graph      Atom       Grad       Stress     Addn.      Time      
             67       0.5939     0.5939     0.0000     0.0000     0.0000     0.0000     0.39       Saving model
Train Loss:  Epoch    Total      Graph      Atom       Grad       Stress     Addn.      Time      
             68       4.3120     4.3120     0.0000     0.0000     0.0000     0.0000     4.55      
Val Loss:    Epoch    Total      Graph      Atom       Grad       Stress     Addn.      Time      
             68       0.6375     0.6375     0.0000     0.0000     0.0000     0.0000     0.75       Saving model
Train Loss:  Epoch    Total      Graph      Atom       Grad       Stress     Addn.      Time      
             69       4.4003     4.4003     0.0000     0.0000     0.0000     0.0000     4.13      
Val Loss:    Epoch    Total      Graph      Atom       Grad       Stress     Addn.      Time      
             69       0.6138     0.6138     0.0000     0.0000     0.0000     0.0000     0.39       Saving model
Train Loss:  Epoch    Total      Graph      Atom       Grad       Stress     Addn.      Time      
             70       4.1912     4.1912     0.0000     0.0000     0.0000     0.0000     4.13      
Val Loss:    Epoch    Total      Graph      Atom       Grad       Stress     Addn.      Time      
             70       0.6304     0.6304     0.0000     0.0000     0.0000     0.0000     0.38       Saving model
Train Loss:  Epoch    Total      Graph      Atom       Grad       Stress     Addn.      Time      
             71       4.1393     4.1393     0.0000     0.0000     0.0000     0.0000     4.79      
Val Loss:    Epoch    Total      Graph      Atom       Grad       Stress     Addn.      Time      
             71       0.5960     0.5960     0.0000     0.0000     0.0000     0.0000     0.39       Saving model
Train Loss:  Epoch    Total      Graph      Atom       Grad       Stress     Addn.      Time      
             72       4.4972     4.4972     0.0000     0.0000     0.0000     0.0000     4.34      
Val Loss:    Epoch    Total      Graph      Atom       Grad       Stress     Addn.      Time      
             72       0.7415     0.7415     0.0000     0.0000     0.0000     0.0000     0.39       Saving model
Train Loss:  Epoch    Total      Graph      Atom       Grad       Stress     Addn.      Time      
             73       4.0690     4.0690     0.0000     0.0000     0.0000     0.0000     4.14      
Val Loss:    Epoch    Total      Graph      Atom       Grad       Stress     Addn.      Time      
             73       0.5660     0.5660     0.0000     0.0000     0.0000     0.0000     0.38       Saving model
Train Loss:  Epoch    Total      Graph      Atom       Grad       Stress     Addn.      Time      
             74       4.5077     4.5077     0.0000     0.0000     0.0000     0.0000     4.13      
Val Loss:    Epoch    Total      Graph      Atom       Grad       Stress     Addn.      Time      
             74       0.5643     0.5643     0.0000     0.0000     0.0000     0.0000     0.83       Saving model
Train Loss:  Epoch    Total      Graph      Atom       Grad       Stress     Addn.      Time      
             75       4.3177     4.3177     0.0000     0.0000     0.0000     0.0000     4.91      
Val Loss:    Epoch    Total      Graph      Atom       Grad       Stress     Addn.      Time      
             75       0.5947     0.5947     0.0000     0.0000     0.0000     0.0000     0.39       Saving model
Train Loss:  Epoch    Total      Graph      Atom       Grad       Stress     Addn.      Time      
             76       4.1823     4.1823     0.0000     0.0000     0.0000     0.0000     4.11      
Val Loss:    Epoch    Total      Graph      Atom       Grad       Stress     Addn.      Time      
             76       0.5486     0.5486     0.0000     0.0000     0.0000     0.0000     0.39       Saving model
Train Loss:  Epoch    Total      Graph      Atom       Grad       Stress     Addn.      Time      
             77       4.2797     4.2797     0.0000     0.0000     0.0000     0.0000     4.48      
Val Loss:    Epoch    Total      Graph      Atom       Grad       Stress     Addn.      Time      
             77       0.6417     0.6417     0.0000     0.0000     0.0000     0.0000     0.41       Saving model
Train Loss:  Epoch    Total      Graph      Atom       Grad       Stress     Addn.      Time      
             78       4.5069     4.5069     0.0000     0.0000     0.0000     0.0000     4.32      
Val Loss:    Epoch    Total      Graph      Atom       Grad       Stress     Addn.      Time      
             78       0.5612     0.5612     0.0000     0.0000     0.0000     0.0000     0.38       Saving model
Train Loss:  Epoch    Total      Graph      Atom       Grad       Stress     Addn.      Time      
             79       4.3368     4.3368     0.0000     0.0000     0.0000     0.0000     4.55      
Val Loss:    Epoch    Total      Graph      Atom       Grad       Stress     Addn.      Time      
             79       0.6723     0.6723     0.0000     0.0000     0.0000     0.0000     0.39       Saving model
Train Loss:  Epoch    Total      Graph      Atom       Grad       Stress     Addn.      Time      
             80       4.6129     4.6129     0.0000     0.0000     0.0000     0.0000     4.13      
Val Loss:    Epoch    Total      Graph      Atom       Grad       Stress     Addn.      Time      
             80       0.5803     0.5803     0.0000     0.0000     0.0000     0.0000     0.39       Saving model
Train Loss:  Epoch    Total      Graph      Atom       Grad       Stress     Addn.      Time      
             81       4.1331     4.1331     0.0000     0.0000     0.0000     0.0000     4.91      
Val Loss:    Epoch    Total      Graph      Atom       Grad       Stress     Addn.      Time      
             81       0.5960     0.5960     0.0000     0.0000     0.0000     0.0000     0.40       Saving model
Train Loss:  Epoch    Total      Graph      Atom       Grad       Stress     Addn.      Time      
             82       4.2865     4.2865     0.0000     0.0000     0.0000     0.0000     4.44      
Val Loss:    Epoch    Total      Graph      Atom       Grad       Stress     Addn.      Time      
             82       0.6677     0.6677     0.0000     0.0000     0.0000     0.0000     0.39       Saving model
Train Loss:  Epoch    Total      Graph      Atom       Grad       Stress     Addn.      Time      
             83       4.1147     4.1147     0.0000     0.0000     0.0000     0.0000     4.45      
Val Loss:    Epoch    Total      Graph      Atom       Grad       Stress     Addn.      Time      
             83       0.5970     0.5970     0.0000     0.0000     0.0000     0.0000     0.38       Saving model
Train Loss:  Epoch    Total      Graph      Atom       Grad       Stress     Addn.      Time      
             84       4.2522     4.2522     0.0000     0.0000     0.0000     0.0000     4.34      
Val Loss:    Epoch    Total      Graph      Atom       Grad       Stress     Addn.      Time      
             84       0.6479     0.6479     0.0000     0.0000     0.0000     0.0000     0.38       Saving model
Train Loss:  Epoch    Total      Graph      Atom       Grad       Stress     Addn.      Time      
             85       4.0101     4.0101     0.0000     0.0000     0.0000     0.0000     4.08      
Val Loss:    Epoch    Total      Graph      Atom       Grad       Stress     Addn.      Time      
             85       0.5931     0.5931     0.0000     0.0000     0.0000     0.0000     0.39       Saving model
Train Loss:  Epoch    Total      Graph      Atom       Grad       Stress     Addn.      Time      
             86       3.9652     3.9652     0.0000     0.0000     0.0000     0.0000     4.38      
Val Loss:    Epoch    Total      Graph      Atom       Grad       Stress     Addn.      Time      
             86       0.7129     0.7129     0.0000     0.0000     0.0000     0.0000     0.39       Saving model
Train Loss:  Epoch    Total      Graph      Atom       Grad       Stress     Addn.      Time      
             87       3.9954     3.9954     0.0000     0.0000     0.0000     0.0000     6.24      
Val Loss:    Epoch    Total      Graph      Atom       Grad       Stress     Addn.      Time      
             87       0.5663     0.5663     0.0000     0.0000     0.0000     0.0000     0.39       Saving model
Train Loss:  Epoch    Total      Graph      Atom       Grad       Stress     Addn.      Time      
             88       3.9934     3.9934     0.0000     0.0000     0.0000     0.0000     4.11      
Val Loss:    Epoch    Total      Graph      Atom       Grad       Stress     Addn.      Time      
             88       0.5676     0.5676     0.0000     0.0000     0.0000     0.0000     0.38       Saving model
Train Loss:  Epoch    Total      Graph      Atom       Grad       Stress     Addn.      Time      
             89       4.0209     4.0209     0.0000     0.0000     0.0000     0.0000     4.51      
Val Loss:    Epoch    Total      Graph      Atom       Grad       Stress     Addn.      Time      
             89       0.5824     0.5824     0.0000     0.0000     0.0000     0.0000     0.69       Saving model
Train Loss:  Epoch    Total      Graph      Atom       Grad       Stress     Addn.      Time      
             90       3.8638     3.8638     0.0000     0.0000     0.0000     0.0000     4.31      
Val Loss:    Epoch    Total      Graph      Atom       Grad       Stress     Addn.      Time      
             90       0.6404     0.6404     0.0000     0.0000     0.0000     0.0000     0.38       Saving model
Train Loss:  Epoch    Total      Graph      Atom       Grad       Stress     Addn.      Time      
             91       4.0508     4.0508     0.0000     0.0000     0.0000     0.0000     4.11      
Val Loss:    Epoch    Total      Graph      Atom       Grad       Stress     Addn.      Time      
             91       0.5697     0.5697     0.0000     0.0000     0.0000     0.0000     0.39       Saving model
Train Loss:  Epoch    Total      Graph      Atom       Grad       Stress     Addn.      Time      
             92       3.9754     3.9754     0.0000     0.0000     0.0000     0.0000     4.16      
Val Loss:    Epoch    Total      Graph      Atom       Grad       Stress     Addn.      Time      
             92       0.6193     0.6193     0.0000     0.0000     0.0000     0.0000     0.39       Saving model
Train Loss:  Epoch    Total      Graph      Atom       Grad       Stress     Addn.      Time      
             93       4.1937     4.1937     0.0000     0.0000     0.0000     0.0000     4.92      
Val Loss:    Epoch    Total      Graph      Atom       Grad       Stress     Addn.      Time      
             93       0.5833     0.5833     0.0000     0.0000     0.0000     0.0000     0.38       Saving model
Train Loss:  Epoch    Total      Graph      Atom       Grad       Stress     Addn.      Time      
             94       4.1816     4.1816     0.0000     0.0000     0.0000     0.0000     4.41      
Val Loss:    Epoch    Total      Graph      Atom       Grad       Stress     Addn.      Time      
             94       0.6309     0.6309     0.0000     0.0000     0.0000     0.0000     0.39       Saving model
Train Loss:  Epoch    Total      Graph      Atom       Grad       Stress     Addn.      Time      
             95       3.9025     3.9025     0.0000     0.0000     0.0000     0.0000     4.50      
Val Loss:    Epoch    Total      Graph      Atom       Grad       Stress     Addn.      Time      
             95       0.6003     0.6003     0.0000     0.0000     0.0000     0.0000     0.39       Saving model
Train Loss:  Epoch    Total      Graph      Atom       Grad       Stress     Addn.      Time      
             96       4.1229     4.1229     0.0000     0.0000     0.0000     0.0000     4.15      
Val Loss:    Epoch    Total      Graph      Atom       Grad       Stress     Addn.      Time      
             96       0.6030     0.6030     0.0000     0.0000     0.0000     0.0000     0.64       Saving model
Train Loss:  Epoch    Total      Graph      Atom       Grad       Stress     Addn.      Time      
             97       3.9448     3.9448     0.0000     0.0000     0.0000     0.0000     4.04      
Val Loss:    Epoch    Total      Graph      Atom       Grad       Stress     Addn.      Time      
             97       0.5652     0.5652     0.0000     0.0000     0.0000     0.0000     0.39       Saving model
Train Loss:  Epoch    Total      Graph      Atom       Grad       Stress     Addn.      Time      
             98       4.0464     4.0464     0.0000     0.0000     0.0000     0.0000     4.38      
Val Loss:    Epoch    Total      Graph      Atom       Grad       Stress     Addn.      Time      
             98       0.6479     0.6479     0.0000     0.0000     0.0000     0.0000     0.39       Saving model
Train Loss:  Epoch    Total      Graph      Atom       Grad       Stress     Addn.      Time      
             99       3.8654     3.8654     0.0000     0.0000     0.0000     0.0000     4.95      
Val Loss:    Epoch    Total      Graph      Atom       Grad       Stress     Addn.      Time      
             99       0.6641     0.6641     0.0000     0.0000     0.0000     0.0000     0.40       Saving model
Train Loss:  Epoch    Total      Graph      Atom       Grad       Stress     Addn.      Time      
             100      3.8734     3.8734     0.0000     0.0000     0.0000     0.0000     4.08      
Val Loss:    Epoch    Total      Graph      Atom       Grad       Stress     Addn.      Time      
             100      0.5641     0.5641     0.0000     0.0000     0.0000     0.0000     0.39       Saving model
Train Loss:  Epoch    Total      Graph      Atom       Grad       Stress     Addn.      Time      
             101      4.0537     4.0537     0.0000     0.0000     0.0000     0.0000     4.04      
Val Loss:    Epoch    Total      Graph      Atom       Grad       Stress     Addn.      Time      
             101      0.5911     0.5911     0.0000     0.0000     0.0000     0.0000     0.39       Saving model
Train Loss:  Epoch    Total      Graph      Atom       Grad       Stress     Addn.      Time      
             102      3.8791     3.8791     0.0000     0.0000     0.0000     0.0000     4.81      
Val Loss:    Epoch    Total      Graph      Atom       Grad       Stress     Addn.      Time      
             102      0.5861     0.5861     0.0000     0.0000     0.0000     0.0000     0.39       Saving model
Train Loss:  Epoch    Total      Graph      Atom       Grad       Stress     Addn.      Time      
             103      3.8976     3.8976     0.0000     0.0000     0.0000     0.0000     4.29      
Val Loss:    Epoch    Total      Graph      Atom       Grad       Stress     Addn.      Time      
             103      0.6143     0.6143     0.0000     0.0000     0.0000     0.0000     0.39       Saving model
Train Loss:  Epoch    Total      Graph      Atom       Grad       Stress     Addn.      Time      
             104      4.0840     4.0840     0.0000     0.0000     0.0000     0.0000     4.15      
Val Loss:    Epoch    Total      Graph      Atom       Grad       Stress     Addn.      Time      
             104      0.6294     0.6294     0.0000     0.0000     0.0000     0.0000     0.39       Saving model
Train Loss:  Epoch    Total      Graph      Atom       Grad       Stress     Addn.      Time      
             105      4.1063     4.1063     0.0000     0.0000     0.0000     0.0000     4.49      
Val Loss:    Epoch    Total      Graph      Atom       Grad       Stress     Addn.      Time      
             105      0.6461     0.6461     0.0000     0.0000     0.0000     0.0000     0.38       Saving model
Train Loss:  Epoch    Total      Graph      Atom       Grad       Stress     Addn.      Time      
             106      3.9707     3.9707     0.0000     0.0000     0.0000     0.0000     4.70      
Val Loss:    Epoch    Total      Graph      Atom       Grad       Stress     Addn.      Time      
             106      0.6591     0.6591     0.0000     0.0000     0.0000     0.0000     0.39       Saving model
Train Loss:  Epoch    Total      Graph      Atom       Grad       Stress     Addn.      Time      
             107      3.7685     3.7685     0.0000     0.0000     0.0000     0.0000     4.12      
Val Loss:    Epoch    Total      Graph      Atom       Grad       Stress     Addn.      Time      
             107      0.5707     0.5707     0.0000     0.0000     0.0000     0.0000     0.38       Saving model
Train Loss:  Epoch    Total      Graph      Atom       Grad       Stress     Addn.      Time      
             108      3.7413     3.7413     0.0000     0.0000     0.0000     0.0000     4.43      
Val Loss:    Epoch    Total      Graph      Atom       Grad       Stress     Addn.      Time      
             108      0.5783     0.5783     0.0000     0.0000     0.0000     0.0000     0.39       Saving model
Train Loss:  Epoch    Total      Graph      Atom       Grad       Stress     Addn.      Time      
             109      3.8426     3.8426     0.0000     0.0000     0.0000     0.0000     4.58      
Val Loss:    Epoch    Total      Graph      Atom       Grad       Stress     Addn.      Time      
             109      0.5644     0.5644     0.0000     0.0000     0.0000     0.0000     0.39       Saving model
Train Loss:  Epoch    Total      Graph      Atom       Grad       Stress     Addn.      Time      
             110      3.6152     3.6152     0.0000     0.0000     0.0000     0.0000     4.13      
Val Loss:    Epoch    Total      Graph      Atom       Grad       Stress     Addn.      Time      
             110      0.5736     0.5736     0.0000     0.0000     0.0000     0.0000     0.39       Saving model
Train Loss:  Epoch    Total      Graph      Atom       Grad       Stress     Addn.      Time      
             111      3.7124     3.7124     0.0000     0.0000     0.0000     0.0000     4.10      
Val Loss:    Epoch    Total      Graph      Atom       Grad       Stress     Addn.      Time      
             111      0.5543     0.5543     0.0000     0.0000     0.0000     0.0000     0.39       Saving model
Train Loss:  Epoch    Total      Graph      Atom       Grad       Stress     Addn.      Time      
             112      3.5764     3.5764     0.0000     0.0000     0.0000     0.0000     4.92      
Val Loss:    Epoch    Total      Graph      Atom       Grad       Stress     Addn.      Time      
             112      0.5943     0.5943     0.0000     0.0000     0.0000     0.0000     0.39       Saving model
Train Loss:  Epoch    Total      Graph      Atom       Grad       Stress     Addn.      Time      
             113      3.6336     3.6336     0.0000     0.0000     0.0000     0.0000     4.50      
Val Loss:    Epoch    Total      Graph      Atom       Grad       Stress     Addn.      Time      
             113      0.5771     0.5771     0.0000     0.0000     0.0000     0.0000     0.39       Saving model
Train Loss:  Epoch    Total      Graph      Atom       Grad       Stress     Addn.      Time      
             114      3.6411     3.6411     0.0000     0.0000     0.0000     0.0000     4.52      
Val Loss:    Epoch    Total      Graph      Atom       Grad       Stress     Addn.      Time      
             114      0.5837     0.5837     0.0000     0.0000     0.0000     0.0000     0.39       Saving model
Train Loss:  Epoch    Total      Graph      Atom       Grad       Stress     Addn.      Time      
             115      3.6689     3.6689     0.0000     0.0000     0.0000     0.0000     4.34      
Val Loss:    Epoch    Total      Graph      Atom       Grad       Stress     Addn.      Time      
             115      0.5968     0.5968     0.0000     0.0000     0.0000     0.0000     0.37       Saving model
Train Loss:  Epoch    Total      Graph      Atom       Grad       Stress     Addn.      Time      
             116      3.8257     3.8257     0.0000     0.0000     0.0000     0.0000     4.39      
Val Loss:    Epoch    Total      Graph      Atom       Grad       Stress     Addn.      Time      
             116      0.5482     0.5482     0.0000     0.0000     0.0000     0.0000     0.39       Saving model
Train Loss:  Epoch    Total      Graph      Atom       Grad       Stress     Addn.      Time      
             117      3.5647     3.5647     0.0000     0.0000     0.0000     0.0000     4.16      
Val Loss:    Epoch    Total      Graph      Atom       Grad       Stress     Addn.      Time      
             117      0.5545     0.5545     0.0000     0.0000     0.0000     0.0000     0.38       Saving model
Train Loss:  Epoch    Total      Graph      Atom       Grad       Stress     Addn.      Time      
             118      3.8496     3.8496     0.0000     0.0000     0.0000     0.0000     4.98      
Val Loss:    Epoch    Total      Graph      Atom       Grad       Stress     Addn.      Time      
             118      0.6274     0.6274     0.0000     0.0000     0.0000     0.0000     0.39       Saving model
Train Loss:  Epoch    Total      Graph      Atom       Grad       Stress     Addn.      Time      
             119      3.8484     3.8484     0.0000     0.0000     0.0000     0.0000     4.11      
Val Loss:    Epoch    Total      Graph      Atom       Grad       Stress     Addn.      Time      
             119      0.5876     0.5876     0.0000     0.0000     0.0000     0.0000     0.38       Saving model
Test MAE: 0.07760397104617676
Time taken (s) 593.7621374130249
Error: The source file 'prediction_results_test_set.csv' was not found.
Error: The source file 'history_val_mae.json' was not found.

  0%|          | 0/4395 [00:00<?, ?it/s]
  0%|          | 13/4395 [00:00<00:34, 125.21it/s]
  1%|          | 26/4395 [00:00<00:37, 115.37it/s]
  1%|          | 38/4395 [00:00<00:38, 112.60it/s]
  1%|          | 50/4395 [00:00<01:02, 69.68it/s] 
  1%|▏         | 62/4395 [00:00<00:53, 80.38it/s]
  2%|▏         | 73/4395 [00:00<00:49, 87.10it/s]
  2%|▏         | 86/4395 [00:00<00:44, 96.53it/s]
  2%|▏         | 100/4395 [00:01<00:40, 107.31it/s]
  3%|▎         | 112/4395 [00:01<00:41, 103.63it/s]
  3%|▎         | 124/4395 [00:01<00:39, 106.86it/s]
  3%|▎         | 138/4395 [00:01<00:36, 115.14it/s]
  3%|▎         | 152/4395 [00:01<00:35, 120.77it/s]
  4%|▍         | 165/4395 [00:01<00:36, 116.40it/s]
  4%|▍         | 180/4395 [00:01<00:33, 125.33it/s]
  4%|▍         | 193/4395 [00:01<00:36, 116.35it/s]
  5%|▍         | 206/4395 [00:01<00:35, 117.43it/s]
  5%|▍         | 218/4395 [00:02<00:36, 114.82it/s]
  5%|▌         | 230/4395 [00:02<00:36, 114.06it/s]
  6%|▌         | 242/4395 [00:02<00:36, 113.59it/s]
  6%|▌         | 254/4395 [00:02<00:38, 108.18it/s]
  6%|▌         | 267/4395 [00:02<00:36, 111.76it/s]
  6%|▋         | 281/4395 [00:02<00:35, 117.41it/s]
  7%|▋         | 294/4395 [00:02<00:34, 117.60it/s]
  7%|▋         | 307/4395 [00:02<00:33, 120.42it/s]
  7%|▋         | 320/4395 [00:02<00:35, 113.73it/s]
  8%|▊         | 333/4395 [00:03<00:35, 115.86it/s]
  8%|▊         | 345/4395 [00:03<00:34, 116.84it/s]
  8%|▊         | 359/4395 [00:03<00:32, 122.49it/s]
  8%|▊         | 372/4395 [00:03<00:33, 121.61it/s]
  9%|▉         | 386/4395 [00:03<00:32, 124.14it/s]
  9%|▉         | 399/4395 [00:03<00:31, 125.78it/s]
  9%|▉         | 412/4395 [00:03<00:32, 122.90it/s]
 10%|▉         | 427/4395 [00:03<00:31, 127.87it/s]
 10%|█         | 441/4395 [00:03<00:30, 128.25it/s]
 10%|█         | 458/4395 [00:03<00:28, 138.01it/s]
 11%|█         | 472/4395 [00:04<00:29, 131.33it/s]
 11%|█         | 486/4395 [00:04<00:29, 130.51it/s]
 11%|█▏        | 500/4395 [00:04<00:31, 124.79it/s]
 12%|█▏        | 513/4395 [00:04<00:31, 121.46it/s]
 12%|█▏        | 526/4395 [00:04<00:34, 113.70it/s]
 12%|█▏        | 538/4395 [00:04<00:34, 112.29it/s]
 13%|█▎        | 551/4395 [00:04<00:32, 116.90it/s]
 13%|█▎        | 564/4395 [00:04<00:32, 119.17it/s]
 13%|█▎        | 579/4395 [00:05<00:30, 126.76it/s]
 13%|█▎        | 592/4395 [00:05<00:29, 127.61it/s]
 14%|█▍        | 605/4395 [00:05<00:30, 122.40it/s]
 14%|█▍        | 619/4395 [00:05<00:29, 127.33it/s]
 14%|█▍        | 633/4395 [00:05<00:28, 130.29it/s]
 15%|█▍        | 647/4395 [00:05<00:30, 121.94it/s]
 15%|█▌        | 660/4395 [00:05<00:30, 123.20it/s]
 15%|█▌        | 673/4395 [00:05<00:32, 115.21it/s]
 16%|█▌        | 685/4395 [00:05<00:34, 107.57it/s]
 16%|█▌        | 699/4395 [00:06<00:32, 115.45it/s]
 16%|█▌        | 713/4395 [00:06<00:30, 121.16it/s]
 17%|█▋        | 727/4395 [00:06<00:42, 86.91it/s] 
 17%|█▋        | 738/4395 [00:06<00:39, 91.82it/s]
 17%|█▋        | 750/4395 [00:06<00:37, 96.89it/s]
 17%|█▋        | 762/4395 [00:06<00:35, 102.00it/s]
 18%|█▊        | 774/4395 [00:06<00:33, 106.64it/s]
 18%|█▊        | 786/4395 [00:06<00:34, 104.90it/s]
 18%|█▊        | 798/4395 [00:07<00:33, 108.93it/s]
 18%|█▊        | 812/4395 [00:07<00:31, 115.55it/s]
 19%|█▉        | 825/4395 [00:07<00:30, 118.60it/s]
 19%|█▉        | 840/4395 [00:07<00:28, 125.86it/s]
 19%|█▉        | 853/4395 [00:07<00:29, 122.09it/s]
 20%|█▉        | 866/4395 [00:07<00:29, 119.96it/s]
 20%|██        | 879/4395 [00:07<00:28, 122.40it/s]
 20%|██        | 892/4395 [00:07<00:28, 123.90it/s]
 21%|██        | 905/4395 [00:07<00:28, 122.13it/s]
 21%|██        | 918/4395 [00:07<00:28, 123.72it/s]
 21%|██        | 931/4395 [00:08<00:29, 118.88it/s]
 21%|██▏       | 943/4395 [00:08<00:29, 116.46it/s]
 22%|██▏       | 955/4395 [00:08<00:29, 117.21it/s]
 22%|██▏       | 967/4395 [00:08<00:30, 113.99it/s]
 22%|██▏       | 979/4395 [00:08<00:29, 114.81it/s]
 23%|██▎       | 993/4395 [00:08<00:27, 121.93it/s]
 23%|██▎       | 1006/4395 [00:08<00:27, 123.42it/s]
 23%|██▎       | 1020/4395 [00:08<00:27, 124.09it/s]
 24%|██▎       | 1033/4395 [00:08<00:27, 121.51it/s]
 24%|██▍       | 1046/4395 [00:09<00:31, 107.07it/s]
 24%|██▍       | 1060/4395 [00:09<00:29, 113.31it/s]
 24%|██▍       | 1072/4395 [00:09<00:32, 102.74it/s]
 25%|██▍       | 1084/4395 [00:09<00:31, 106.06it/s]
 25%|██▌       | 1099/4395 [00:09<00:28, 116.43it/s]
 25%|██▌       | 1112/4395 [00:09<00:27, 118.46it/s]
 26%|██▌       | 1125/4395 [00:09<00:28, 115.91it/s]
 26%|██▌       | 1140/4395 [00:09<00:26, 123.40it/s]
 26%|██▌       | 1153/4395 [00:10<00:29, 110.87it/s]
 27%|██▋       | 1166/4395 [00:10<00:28, 112.85it/s]
 27%|██▋       | 1178/4395 [00:10<00:32, 98.43it/s] 
 27%|██▋       | 1190/4395 [00:10<00:30, 103.54it/s]
 27%|██▋       | 1201/4395 [00:10<00:42, 75.04it/s] 
 28%|██▊       | 1211/4395 [00:10<00:39, 79.93it/s]
 28%|██▊       | 1223/4395 [00:10<00:35, 88.85it/s]
 28%|██▊       | 1233/4395 [00:10<00:36, 87.76it/s]
 28%|██▊       | 1244/4395 [00:11<00:33, 92.96it/s]
 29%|██▊       | 1258/4395 [00:11<00:30, 103.77it/s]
 29%|██▉       | 1272/4395 [00:11<00:27, 113.11it/s]
 29%|██▉       | 1285/4395 [00:11<00:26, 117.05it/s]
 30%|██▉       | 1298/4395 [00:11<00:27, 111.20it/s]
 30%|██▉       | 1312/4395 [00:11<00:26, 117.25it/s]
 30%|███       | 1326/4395 [00:11<00:24, 122.93it/s]
 30%|███       | 1339/4395 [00:11<00:25, 120.71it/s]
 31%|███       | 1354/4395 [00:11<00:24, 125.65it/s]
 31%|███       | 1367/4395 [00:12<00:25, 119.75it/s]
 31%|███▏      | 1380/4395 [00:12<00:26, 114.16it/s]
 32%|███▏      | 1393/4395 [00:12<00:25, 116.96it/s]
 32%|███▏      | 1405/4395 [00:12<00:25, 115.92it/s]
 32%|███▏      | 1417/4395 [00:12<00:25, 115.82it/s]
 33%|███▎      | 1432/4395 [00:12<00:23, 125.23it/s]
 33%|███▎      | 1445/4395 [00:12<00:23, 126.23it/s]
 33%|███▎      | 1462/4395 [00:12<00:21, 137.58it/s]
 34%|███▎      | 1477/4395 [00:12<00:20, 139.54it/s]
 34%|███▍      | 1491/4395 [00:13<00:21, 137.55it/s]
 34%|███▍      | 1505/4395 [00:13<00:21, 132.13it/s]
 35%|███▍      | 1519/4395 [00:13<00:22, 128.36it/s]
 35%|███▍      | 1534/4395 [00:13<00:21, 131.27it/s]
 35%|███▌      | 1548/4395 [00:13<00:24, 116.56it/s]
 36%|███▌      | 1562/4395 [00:13<00:23, 121.46it/s]
 36%|███▌      | 1575/4395 [00:13<00:22, 122.89it/s]
 36%|███▌      | 1588/4395 [00:13<00:22, 124.52it/s]
 36%|███▋      | 1601/4395 [00:13<00:22, 124.79it/s]
 37%|███▋      | 1618/4395 [00:14<00:20, 136.83it/s]
 37%|███▋      | 1632/4395 [00:14<00:21, 127.84it/s]
 37%|███▋      | 1645/4395 [00:14<00:22, 120.64it/s]
 38%|███▊      | 1658/4395 [00:14<00:24, 110.00it/s]
 38%|███▊      | 1670/4395 [00:14<00:24, 112.26it/s]
 38%|███▊      | 1682/4395 [00:14<00:23, 113.59it/s]
 39%|███▊      | 1694/4395 [00:14<00:23, 114.13it/s]
 39%|███▉      | 1706/4395 [00:14<00:23, 112.97it/s]
 39%|███▉      | 1718/4395 [00:14<00:24, 109.11it/s]
 39%|███▉      | 1731/4395 [00:15<00:23, 113.68it/s]
 40%|███▉      | 1745/4395 [00:15<00:22, 119.21it/s]
 40%|████      | 1758/4395 [00:15<00:22, 119.74it/s]
 40%|████      | 1772/4395 [00:15<00:21, 124.03it/s]
 41%|████      | 1785/4395 [00:15<00:22, 115.38it/s]
 41%|████      | 1798/4395 [00:15<00:21, 119.08it/s]
 41%|████      | 1811/4395 [00:15<00:22, 116.65it/s]
 42%|████▏     | 1824/4395 [00:15<00:21, 118.03it/s]
 42%|████▏     | 1836/4395 [00:15<00:21, 118.26it/s]
 42%|████▏     | 1849/4395 [00:16<00:20, 121.50it/s]
 42%|████▏     | 1862/4395 [00:16<00:21, 120.00it/s]
 43%|████▎     | 1875/4395 [00:16<00:21, 117.76it/s]
 43%|████▎     | 1887/4395 [00:16<00:32, 77.23it/s] 
 43%|████▎     | 1897/4395 [00:16<00:30, 81.75it/s]
 44%|████▎     | 1912/4395 [00:16<00:25, 96.40it/s]
 44%|████▍     | 1924/4395 [00:16<00:25, 97.58it/s]
 44%|████▍     | 1935/4395 [00:16<00:24, 100.25it/s]
 44%|████▍     | 1947/4395 [00:17<00:23, 105.15it/s]
 45%|████▍     | 1961/4395 [00:17<00:21, 112.92it/s]
 45%|████▍     | 1973/4395 [00:17<00:21, 112.60it/s]
 45%|████▌     | 1985/4395 [00:17<00:21, 114.11it/s]
 45%|████▌     | 1997/4395 [00:17<00:21, 113.96it/s]
 46%|████▌     | 2009/4395 [00:17<00:21, 110.65it/s]
 46%|████▌     | 2022/4395 [00:17<00:20, 115.62it/s]
 46%|████▋     | 2037/4395 [00:17<00:19, 123.07it/s]
 47%|████▋     | 2051/4395 [00:17<00:18, 125.44it/s]
 47%|████▋     | 2066/4395 [00:18<00:17, 131.06it/s]
 47%|████▋     | 2080/4395 [00:18<00:18, 124.78it/s]
 48%|████▊     | 2093/4395 [00:18<00:18, 124.46it/s]
 48%|████▊     | 2107/4395 [00:18<00:18, 126.78it/s]
 48%|████▊     | 2121/4395 [00:18<00:17, 130.27it/s]
 49%|████▊     | 2135/4395 [00:18<00:18, 124.50it/s]
 49%|████▉     | 2151/4395 [00:18<00:16, 132.34it/s]
 49%|████▉     | 2165/4395 [00:18<00:20, 110.92it/s]
 50%|████▉     | 2178/4395 [00:18<00:19, 114.72it/s]
 50%|████▉     | 2190/4395 [00:19<00:19, 111.63it/s]
 50%|█████     | 2203/4395 [00:19<00:19, 114.19it/s]
 50%|█████     | 2215/4395 [00:19<00:19, 111.26it/s]
 51%|█████     | 2229/4395 [00:19<00:18, 117.85it/s]
 51%|█████     | 2243/4395 [00:19<00:17, 122.75it/s]
 51%|█████▏    | 2256/4395 [00:19<00:17, 120.37it/s]
 52%|█████▏    | 2269/4395 [00:19<00:17, 122.54it/s]
 52%|█████▏    | 2283/4395 [00:19<00:16, 126.11it/s]
 52%|█████▏    | 2296/4395 [00:19<00:17, 123.18it/s]
 53%|█████▎    | 2309/4395 [00:20<00:17, 117.75it/s]
 53%|█████▎    | 2322/4395 [00:20<00:17, 119.62it/s]
 53%|█████▎    | 2335/4395 [00:20<00:17, 115.84it/s]
 53%|█████▎    | 2347/4395 [00:20<00:18, 112.58it/s]
 54%|█████▎    | 2359/4395 [00:20<00:17, 113.13it/s]
 54%|█████▍    | 2371/4395 [00:20<00:17, 114.59it/s]
 54%|█████▍    | 2385/4395 [00:20<00:16, 120.03it/s]
 55%|█████▍    | 2398/4395 [00:20<00:18, 106.16it/s]
 55%|█████▍    | 2412/4395 [00:21<00:17, 113.08it/s]
 55%|█████▌    | 2424/4395 [00:21<00:17, 111.66it/s]
 55%|█████▌    | 2436/4395 [00:21<00:26, 75.22it/s] 
 56%|█████▌    | 2450/4395 [00:21<00:22, 87.87it/s]
 56%|█████▌    | 2462/4395 [00:21<00:20, 94.14it/s]
 56%|█████▋    | 2474/4395 [00:21<00:19, 98.26it/s]
 57%|█████▋    | 2487/4395 [00:21<00:18, 103.69it/s]
 57%|█████▋    | 2500/4395 [00:21<00:17, 109.39it/s]
 57%|█████▋    | 2515/4395 [00:22<00:15, 117.88it/s]
 58%|█████▊    | 2528/4395 [00:22<00:15, 118.56it/s]
 58%|█████▊    | 2542/4395 [00:22<00:15, 123.36it/s]
 58%|█████▊    | 2555/4395 [00:22<00:15, 122.23it/s]
 58%|█████▊    | 2569/4395 [00:22<00:14, 125.65it/s]
 59%|█████▊    | 2582/4395 [00:22<00:14, 124.80it/s]
 59%|█████▉    | 2595/4395 [00:22<00:14, 124.55it/s]
 59%|█████▉    | 2608/4395 [00:22<00:14, 120.55it/s]
 60%|█████▉    | 2623/4395 [00:22<00:14, 123.36it/s]
 60%|█████▉    | 2636/4395 [00:23<00:14, 117.42it/s]
 60%|██████    | 2649/4395 [00:23<00:14, 118.58it/s]
 61%|██████    | 2663/4395 [00:23<00:14, 122.16it/s]
 61%|██████    | 2676/4395 [00:23<00:13, 123.60it/s]
 61%|██████    | 2689/4395 [00:23<00:14, 117.35it/s]
 61%|██████▏   | 2701/4395 [00:23<00:14, 117.26it/s]
 62%|██████▏   | 2714/4395 [00:23<00:13, 120.68it/s]
 62%|██████▏   | 2727/4395 [00:23<00:13, 119.88it/s]
 62%|██████▏   | 2740/4395 [00:23<00:14, 117.50it/s]
 63%|██████▎   | 2754/4395 [00:24<00:13, 121.18it/s]
 63%|██████▎   | 2767/4395 [00:24<00:13, 118.69it/s]
 63%|██████▎   | 2781/4395 [00:24<00:13, 123.77it/s]
 64%|██████▎   | 2796/4395 [00:24<00:12, 130.45it/s]
 64%|██████▍   | 2810/4395 [00:24<00:13, 120.96it/s]
 64%|██████▍   | 2823/4395 [00:24<00:13, 118.70it/s]
 65%|██████▍   | 2836/4395 [00:24<00:13, 114.76it/s]
 65%|██████▍   | 2848/4395 [00:24<00:13, 115.17it/s]
 65%|██████▌   | 2860/4395 [00:24<00:13, 112.90it/s]
 65%|██████▌   | 2874/4395 [00:25<00:12, 119.60it/s]
 66%|██████▌   | 2888/4395 [00:25<00:12, 123.88it/s]
 66%|██████▌   | 2901/4395 [00:25<00:12, 121.38it/s]
 66%|██████▋   | 2915/4395 [00:25<00:11, 125.64it/s]
 67%|██████▋   | 2928/4395 [00:25<00:12, 122.05it/s]
 67%|██████▋   | 2943/4395 [00:25<00:11, 129.40it/s]
 67%|██████▋   | 2957/4395 [00:25<00:11, 128.11it/s]
 68%|██████▊   | 2970/4395 [00:25<00:11, 127.56it/s]
 68%|██████▊   | 2983/4395 [00:25<00:12, 114.45it/s]
 68%|██████▊   | 2997/4395 [00:26<00:11, 120.78it/s]
 68%|██████▊   | 3010/4395 [00:26<00:11, 120.86it/s]
 69%|██████▉   | 3023/4395 [00:26<00:11, 122.14it/s]
 69%|██████▉   | 3038/4395 [00:26<00:10, 128.70it/s]
 69%|██████▉   | 3051/4395 [00:26<00:10, 125.36it/s]
 70%|██████▉   | 3067/4395 [00:26<00:09, 135.04it/s]
 70%|███████   | 3081/4395 [00:26<00:10, 130.10it/s]
 70%|███████   | 3095/4395 [00:26<00:10, 128.57it/s]
 71%|███████   | 3108/4395 [00:26<00:10, 125.40it/s]
 71%|███████   | 3121/4395 [00:26<00:10, 124.07it/s]
 71%|███████▏  | 3135/4395 [00:27<00:10, 114.55it/s]
 72%|███████▏  | 3147/4395 [00:27<00:11, 107.05it/s]
 72%|███████▏  | 3158/4395 [00:27<00:11, 107.40it/s]
 72%|███████▏  | 3171/4395 [00:27<00:10, 113.05it/s]
 72%|███████▏  | 3184/4395 [00:27<00:10, 115.33it/s]
 73%|███████▎  | 3197/4395 [00:27<00:10, 119.28it/s]
 73%|███████▎  | 3210/4395 [00:27<00:10, 112.08it/s]
 73%|███████▎  | 3226/4395 [00:27<00:09, 123.94it/s]
 74%|███████▎  | 3239/4395 [00:28<00:09, 121.29it/s]
 74%|███████▍  | 3253/4395 [00:28<00:09, 121.41it/s]
 74%|███████▍  | 3266/4395 [00:28<00:09, 116.72it/s]
 75%|███████▍  | 3280/4395 [00:28<00:09, 118.32it/s]
 75%|███████▍  | 3292/4395 [00:28<00:09, 118.57it/s]
 75%|███████▌  | 3304/4395 [00:28<00:13, 79.15it/s] 
 75%|███████▌  | 3317/4395 [00:28<00:12, 88.87it/s]
 76%|███████▌  | 3330/4395 [00:28<00:10, 97.07it/s]
 76%|███████▌  | 3342/4395 [00:29<00:10, 99.67it/s]
 76%|███████▋  | 3356/4395 [00:29<00:09, 107.87it/s]
 77%|███████▋  | 3368/4395 [00:29<00:10, 101.83it/s]
 77%|███████▋  | 3379/4395 [00:29<00:09, 103.67it/s]
 77%|███████▋  | 3392/4395 [00:29<00:09, 108.53it/s]
 77%|███████▋  | 3404/4395 [00:29<00:08, 110.59it/s]
 78%|███████▊  | 3416/4395 [00:29<00:08, 110.92it/s]
 78%|███████▊  | 3428/4395 [00:29<00:08, 109.57it/s]
 78%|███████▊  | 3442/4395 [00:29<00:08, 117.70it/s]
 79%|███████▊  | 3455/4395 [00:30<00:07, 120.62it/s]
 79%|███████▉  | 3470/4395 [00:30<00:07, 126.72it/s]
 79%|███████▉  | 3483/4395 [00:30<00:07, 118.85it/s]
 80%|███████▉  | 3496/4395 [00:30<00:07, 114.10it/s]
 80%|███████▉  | 3509/4395 [00:30<00:07, 117.15it/s]
 80%|████████  | 3523/4395 [00:30<00:07, 121.31it/s]
 80%|████████  | 3536/4395 [00:30<00:07, 116.14it/s]
 81%|████████  | 3549/4395 [00:30<00:07, 118.41it/s]
 81%|████████  | 3561/4395 [00:30<00:07, 105.86it/s]
 81%|████████▏ | 3574/4395 [00:31<00:07, 110.38it/s]
 82%|████████▏ | 3586/4395 [00:31<00:07, 111.29it/s]
 82%|████████▏ | 3598/4395 [00:31<00:07, 110.03it/s]
 82%|████████▏ | 3611/4395 [00:31<00:06, 112.91it/s]
 82%|████████▏ | 3623/4395 [00:31<00:06, 113.91it/s]
 83%|████████▎ | 3635/4395 [00:31<00:07, 101.43it/s]
 83%|████████▎ | 3649/4395 [00:31<00:06, 110.95it/s]
 83%|████████▎ | 3661/4395 [00:31<00:06, 106.81it/s]
 84%|████████▎ | 3674/4395 [00:32<00:06, 112.12it/s]
 84%|████████▍ | 3688/4395 [00:32<00:05, 118.52it/s]
 84%|████████▍ | 3701/4395 [00:32<00:05, 115.94it/s]
 85%|████████▍ | 3716/4395 [00:32<00:05, 121.91it/s]
 85%|████████▍ | 3729/4395 [00:32<00:05, 121.86it/s]
 85%|████████▌ | 3742/4395 [00:32<00:07, 86.16it/s] 
 85%|████████▌ | 3754/4395 [00:32<00:06, 93.40it/s]
 86%|████████▌ | 3767/4395 [00:32<00:06, 100.48it/s]
 86%|████████▌ | 3780/4395 [00:33<00:05, 106.06it/s]
 86%|████████▋ | 3792/4395 [00:33<00:05, 108.91it/s]
 87%|████████▋ | 3804/4395 [00:33<00:05, 109.62it/s]
 87%|████████▋ | 3819/4395 [00:33<00:04, 119.56it/s]
 87%|████████▋ | 3833/4395 [00:33<00:04, 124.82it/s]
 88%|████████▊ | 3847/4395 [00:33<00:04, 126.34it/s]
 88%|████████▊ | 3860/4395 [00:33<00:04, 116.66it/s]
 88%|████████▊ | 3872/4395 [00:33<00:04, 116.22it/s]
 88%|████████▊ | 3886/4395 [00:33<00:04, 122.24it/s]
 89%|████████▊ | 3899/4395 [00:34<00:04, 113.60it/s]
 89%|████████▉ | 3912/4395 [00:34<00:04, 115.85it/s]
 89%|████████▉ | 3924/4395 [00:34<00:04, 112.07it/s]
 90%|████████▉ | 3939/4395 [00:34<00:03, 122.32it/s]
 90%|████████▉ | 3952/4395 [00:34<00:03, 121.59it/s]
 90%|█████████ | 3965/4395 [00:34<00:03, 121.45it/s]
 91%|█████████ | 3979/4395 [00:34<00:03, 124.80it/s]
 91%|█████████ | 3992/4395 [00:34<00:03, 119.87it/s]
 91%|█████████ | 4005/4395 [00:34<00:03, 112.32it/s]
 91%|█████████▏| 4017/4395 [00:35<00:03, 114.14it/s]
 92%|█████████▏| 4029/4395 [00:35<00:03, 111.22it/s]
 92%|█████████▏| 4041/4395 [00:35<00:03, 109.81it/s]
 92%|█████████▏| 4056/4395 [00:35<00:02, 117.99it/s]
 93%|█████████▎| 4068/4395 [00:35<00:02, 117.36it/s]
 93%|█████████▎| 4080/4395 [00:35<00:02, 116.40it/s]
 93%|█████████▎| 4092/4395 [00:35<00:02, 110.01it/s]
 93%|█████████▎| 4104/4395 [00:35<00:02, 109.32it/s]
 94%|█████████▎| 4115/4395 [00:35<00:02, 108.78it/s]
 94%|█████████▍| 4126/4395 [00:35<00:02, 108.62it/s]
 94%|█████████▍| 4139/4395 [00:36<00:02, 113.61it/s]
 94%|█████████▍| 4151/4395 [00:36<00:02, 113.97it/s]
 95%|█████████▍| 4163/4395 [00:36<00:02, 102.65it/s]
 95%|█████████▍| 4175/4395 [00:36<00:02, 107.03it/s]
 95%|█████████▌| 4186/4395 [00:36<00:01, 106.67it/s]
 96%|█████████▌| 4198/4395 [00:36<00:01, 104.70it/s]
 96%|█████████▌| 4211/4395 [00:36<00:01, 110.28it/s]
 96%|█████████▌| 4223/4395 [00:36<00:01, 112.79it/s]
 96%|█████████▋| 4235/4395 [00:36<00:01, 113.24it/s]
 97%|█████████▋| 4249/4395 [00:37<00:01, 118.91it/s]
 97%|█████████▋| 4261/4395 [00:37<00:01, 119.20it/s]
 97%|█████████▋| 4273/4395 [00:37<00:01, 105.44it/s]
 98%|█████████▊| 4288/4395 [00:37<00:00, 115.00it/s]
 98%|█████████▊| 4300/4395 [00:37<00:01, 75.24it/s] 
 98%|█████████▊| 4310/4395 [00:37<00:01, 77.66it/s]
 98%|█████████▊| 4321/4395 [00:37<00:00, 83.87it/s]
 99%|█████████▊| 4334/4395 [00:38<00:00, 93.99it/s]
 99%|█████████▉| 4347/4395 [00:38<00:00, 98.96it/s]
 99%|█████████▉| 4360/4395 [00:38<00:00, 106.80it/s]
 99%|█████████▉| 4372/4395 [00:38<00:00, 102.86it/s]
100%|█████████▉| 4387/4395 [00:38<00:00, 114.96it/s]
100%|██████████| 4395/4395 [00:38<00:00, 113.96it/s]
/ibex/user/shoaibsa/miniconda3/envs/py312/lib/python3.12/site-packages/alignn/graphs.py:1176: UserWarning: Creating a tensor from a list of numpy.ndarrays is extremely slow. Please consider converting the list to a single numpy.ndarray with numpy.array() before converting to a tensor. (Triggered internally at /pytorch/torch/csrc/utils/tensor_new.cpp:253.)
  self.lattices = torch.tensor(self.lattices).type(

  0%|          | 0/4395 [00:00<?, ?it/s]
  1%|▏         | 55/4395 [00:00<00:07, 549.66it/s]
  9%|▉         | 397/4395 [00:00<00:01, 2235.52it/s]
 15%|█▌        | 664/4395 [00:00<00:01, 2432.65it/s]
 23%|██▎       | 1004/4395 [00:00<00:01, 2813.62it/s]
 30%|██▉       | 1312/4395 [00:00<00:01, 2906.78it/s]
 38%|███▊      | 1662/4395 [00:00<00:00, 3107.29it/s]
 45%|████▌     | 1988/4395 [00:00<00:00, 3157.13it/s]
 53%|█████▎    | 2327/4395 [00:00<00:00, 3228.99it/s]
 61%|██████    | 2662/4395 [00:00<00:00, 3263.42it/s]
 68%|██████▊   | 2998/4395 [00:01<00:00, 3291.04it/s]
 76%|███████▌  | 3335/4395 [00:01<00:00, 3314.98it/s]
 83%|████████▎ | 3667/4395 [00:01<00:00, 3299.20it/s]
 91%|█████████ | 4007/4395 [00:01<00:00, 3327.30it/s]
 99%|█████████▊| 4340/4395 [00:01<00:00, 3306.76it/s]
100%|██████████| 4395/4395 [00:01<00:00, 3089.63it/s]

  0%|          | 0/549 [00:00<?, ?it/s]
  2%|▏         | 13/549 [00:00<00:04, 128.83it/s]
  5%|▍         | 26/549 [00:00<00:04, 128.98it/s]
  7%|▋         | 40/549 [00:00<00:03, 131.75it/s]
 10%|▉         | 54/549 [00:00<00:04, 108.41it/s]
 12%|█▏        | 68/549 [00:00<00:04, 115.92it/s]
 15%|█▍        | 81/549 [00:00<00:03, 119.20it/s]
 17%|█▋        | 94/549 [00:00<00:03, 116.30it/s]
 19%|█▉        | 106/549 [00:00<00:03, 110.99it/s]
 21%|██▏       | 118/549 [00:01<00:03, 112.54it/s]
 24%|██▎       | 130/549 [00:01<00:03, 106.89it/s]
 26%|██▌       | 143/549 [00:01<00:03, 113.00it/s]
 28%|██▊       | 155/549 [00:01<00:03, 106.22it/s]
 30%|███       | 166/549 [00:01<00:03, 107.16it/s]
 32%|███▏      | 177/549 [00:01<00:03, 106.51it/s]
 35%|███▍      | 190/549 [00:01<00:05, 67.74it/s] 
 37%|███▋      | 203/549 [00:02<00:04, 78.95it/s]
 40%|███▉      | 218/549 [00:02<00:03, 93.05it/s]
 42%|████▏     | 230/549 [00:02<00:03, 93.39it/s]
 44%|████▍     | 241/549 [00:02<00:03, 92.34it/s]
 46%|████▋     | 254/549 [00:02<00:02, 99.25it/s]
 49%|████▉     | 269/549 [00:02<00:02, 111.39it/s]
 51%|█████     | 281/549 [00:02<00:02, 110.51it/s]
 53%|█████▎    | 293/549 [00:02<00:02, 112.89it/s]
 56%|█████▌    | 305/549 [00:02<00:02, 114.47it/s]
 58%|█████▊    | 318/549 [00:03<00:01, 117.71it/s]
 60%|██████    | 330/549 [00:03<00:02, 104.85it/s]
 62%|██████▏   | 341/549 [00:03<00:02, 100.20it/s]
 64%|██████▍   | 354/549 [00:03<00:01, 107.94it/s]
 67%|██████▋   | 366/549 [00:03<00:01, 106.43it/s]
 70%|██████▉   | 382/549 [00:03<00:01, 118.52it/s]
 72%|███████▏  | 395/549 [00:03<00:01, 121.06it/s]
 74%|███████▍  | 408/549 [00:03<00:01, 113.34it/s]
 77%|███████▋  | 423/549 [00:03<00:01, 119.75it/s]
 79%|███████▉  | 436/549 [00:04<00:01, 110.65it/s]
 82%|████████▏ | 450/549 [00:04<00:00, 118.02it/s]
 84%|████████▍ | 463/549 [00:04<00:00, 117.00it/s]
 87%|████████▋ | 475/549 [00:04<00:00, 115.78it/s]
 89%|████████▊ | 487/549 [00:04<00:00, 116.41it/s]
 91%|█████████ | 499/549 [00:04<00:00, 116.21it/s]
 93%|█████████▎| 512/549 [00:04<00:00, 119.01it/s]
 96%|█████████▌| 526/549 [00:04<00:00, 124.65it/s]
 98%|█████████▊| 540/549 [00:04<00:00, 114.54it/s]
100%|██████████| 549/549 [00:05<00:00, 108.83it/s]

  0%|          | 0/549 [00:00<?, ?it/s]
 60%|█████▉    | 329/549 [00:00<00:00, 3288.87it/s]
100%|██████████| 549/549 [00:00<00:00, 3328.47it/s]

  0%|          | 0/549 [00:00<?, ?it/s]
  2%|▏         | 10/549 [00:00<00:05, 96.51it/s]
  4%|▍         | 23/549 [00:00<00:04, 115.51it/s]
  7%|▋         | 37/549 [00:00<00:04, 123.94it/s]
  9%|▉         | 50/549 [00:00<00:04, 109.56it/s]
 12%|█▏        | 64/549 [00:00<00:04, 119.00it/s]
 14%|█▍        | 78/549 [00:00<00:03, 123.92it/s]
 17%|█▋        | 91/549 [00:00<00:03, 119.36it/s]
 19%|█▉        | 104/549 [00:00<00:04, 110.95it/s]
 21%|██        | 116/549 [00:01<00:07, 58.56it/s] 
 23%|██▎       | 127/549 [00:01<00:06, 67.15it/s]
 26%|██▌       | 142/549 [00:01<00:04, 82.48it/s]
 28%|██▊       | 153/549 [00:01<00:04, 88.20it/s]
 30%|██▉       | 164/549 [00:01<00:04, 91.80it/s]
 32%|███▏      | 176/549 [00:01<00:03, 98.78it/s]
 35%|███▍      | 190/549 [00:01<00:03, 107.37it/s]
 37%|███▋      | 204/549 [00:02<00:02, 115.13it/s]
 40%|███▉      | 217/549 [00:02<00:02, 118.54it/s]
 42%|████▏     | 230/549 [00:02<00:02, 119.44it/s]
 44%|████▍     | 243/549 [00:02<00:02, 114.37it/s]
 46%|████▋     | 255/549 [00:02<00:02, 113.32it/s]
 49%|████▉     | 269/549 [00:02<00:02, 119.77it/s]
 51%|█████▏    | 282/549 [00:02<00:02, 118.99it/s]
 54%|█████▎    | 295/549 [00:02<00:02, 111.45it/s]
 56%|█████▌    | 307/549 [00:02<00:02, 103.70it/s]
 58%|█████▊    | 320/549 [00:03<00:02, 108.88it/s]
 61%|██████    | 333/549 [00:03<00:01, 114.25it/s]
 63%|██████▎   | 346/549 [00:03<00:01, 117.38it/s]
 65%|██████▌   | 358/549 [00:03<00:01, 104.55it/s]
 67%|██████▋   | 369/549 [00:03<00:01, 101.77it/s]
 69%|██████▉   | 381/549 [00:03<00:01, 106.24it/s]
 72%|███████▏  | 393/549 [00:03<00:01, 105.81it/s]
 74%|███████▍  | 405/549 [00:03<00:01, 109.32it/s]
 76%|███████▌  | 417/549 [00:03<00:01, 110.68it/s]
 78%|███████▊  | 430/549 [00:04<00:01, 112.82it/s]
 81%|████████  | 442/549 [00:04<00:00, 113.54it/s]
 83%|████████▎ | 456/549 [00:04<00:00, 118.45it/s]
 86%|████████▌ | 470/549 [00:04<00:00, 124.07it/s]
 88%|████████▊ | 484/549 [00:04<00:00, 127.60it/s]
 91%|█████████ | 497/549 [00:04<00:00, 127.68it/s]
 93%|█████████▎| 510/549 [00:04<00:00, 115.38it/s]
 95%|█████████▌| 522/549 [00:04<00:00, 110.60it/s]
 97%|█████████▋| 534/549 [00:04<00:00, 111.61it/s]
 99%|█████████▉| 546/549 [00:05<00:00, 113.30it/s]
100%|██████████| 549/549 [00:05<00:00, 107.34it/s]

  0%|          | 0/549 [00:00<?, ?it/s]
 59%|█████▉    | 324/549 [00:00<00:00, 3231.55it/s]
100%|██████████| 549/549 [00:00<00:00, 3299.99it/s]
/ibex/user/shoaibsa/Intrinsic_Dimensionality_ML_Materials/ALIGNN/ALIGNN_MP/alignn/train.py:503: UserWarning: Detected call of `lr_scheduler.step()` before `optimizer.step()`. In PyTorch 1.1.0 and later, you should call them in the opposite order: `optimizer.step()` before `lr_scheduler.step()`.  Failure to do this will result in PyTorch skipping the first value of the learning rate schedule. See more details at https://pytorch.org/docs/stable/optim.html#how-to-adjust-learning-rate
  scheduler.step()
