world_size 1
root_dir partitions/kvrh_half_2
[Seed] random_seed=123, split_seed=123
len dataset 5494
train_stress False
starting from this file
[Subspace][Fastfood] D=85,953, d=860, padded n=131,072.
  Fastfood diagonals + permutation: ~2.50 MB (vs. dense P would need ~281.98 MB).
  Compute per forward: O(n log n) ~ 2,228,224 ops.
[Subspace] D=85,953, d=860
================================================================
[MEM REPORT] Wrapped model (runtime footprint)
Trainable params : 860
All params       : 86,813  (339.11 KB)
Buffers          : 610,481  (2.83 MB)
Optimizer(AdamW) ~ 6.72 KB
----------------------------------------------------------------
Estimated total (params + buffers + opt): 3.17 MB
----------------------------------------------------------------
CUDA live: allocated=3.17 MB, reserved=26.00 MB, device=cuda:0
================================================================
Not using LMDB dataset, memory footprint maybe high.
WARNING: not using LMDB might result errors.
MAX val: 2.741151598851785
MIN val: 0.0
MAD: 0.28806799259280486
Baseline MAE: 0.2966971066171897
data range 2.7101173651118162 0.0
Converting to graphs!
df         target  ...            jid
0     2.255273  ...  mb-kvrh-04276
1     1.690196  ...  mb-kvrh-08987
2     1.740363  ...  mb-kvrh-07594
3     1.462398  ...  mb-kvrh-08721
4     1.380211  ...  mb-kvrh-01524
...        ...  ...            ...
4390  2.075547  ...  mb-kvrh-09123
4391  1.819544  ...  mb-kvrh-02656
4392  1.662758  ...  mb-kvrh-06638
4393  1.623249  ...  mb-kvrh-07407
4394  1.342423  ...  mb-kvrh-05113

[4395 rows x 3 columns]
warning: could not load CGCNN features for 103
Setting it to max atomic number available here, 103
warning: could not load CGCNN features for 101
Setting it to max atomic number available here, 103
warning: could not load CGCNN features for 102
Setting it to max atomic number available here, 103
building line graphs
data range 2.741151598851785 0.6989700043360189
Converting to graphs!
df        target                                              atoms            jid
0    2.264818  {'lattice_mat': [[4.80623256, 0.0, 0.0], [-2.4...  mb-kvrh-05443
1    1.995635  {'lattice_mat': [[1.072e-05, 3.42042968, 3.420...  mb-kvrh-10134
2    1.431364  {'lattice_mat': [[4.95719558, 0.0, 0.0], [-2.4...  mb-kvrh-04665
3    2.271842  {'lattice_mat': [[2.94276033, 0.0, -0.72883662...  mb-kvrh-02902
4    1.934498  {'lattice_mat': [[4.05117656, 0.0, 0.0], [-2.0...  mb-kvrh-03318
..        ...                                                ...            ...
544  1.785330  {'lattice_mat': [[4.07505195, -0.0, -0.0], [0....  mb-kvrh-06714
545  2.292256  {'lattice_mat': [[3.47795553, 0.0, 2.00799856]...  mb-kvrh-07518
546  2.017033  {'lattice_mat': [[1.50052105, 0.86632571, 4.83...  mb-kvrh-03028
547  1.707570  {'lattice_mat': [[1.19690806, 3.52222994, 0.0]...  mb-kvrh-09088
548  2.447158  {'lattice_mat': [[4.29464324, 0.0, 0.0], [0.0,...  mb-kvrh-08562

[549 rows x 3 columns]
building line graphs
data range 2.569373909615046 0.0
Converting to graphs!
df        target                                              atoms            jid
0    1.653213  {'lattice_mat': [[3.95316622, 0.0, 0.0], [0.0,...  mb-kvrh-05039
1    1.000000  {'lattice_mat': [[4.48213375, 0.0, 0.0], [0.0,...  mb-kvrh-10547
2    2.123852  {'lattice_mat': [[-2.78e-06, 3.05223821, 3.052...  mb-kvrh-07201
3    2.045323  {'lattice_mat': [[5.00537049, 0.1977969, -0.85...  mb-kvrh-01178
4    2.120574  {'lattice_mat': [[4.12030109, 0.0, 0.0], [0.0,...  mb-kvrh-02432
..        ...                                                ...            ...
544  2.096910  {'lattice_mat': [[7.6711806, 0.0, 0.0], [-3.83...  mb-kvrh-04026
545  2.382017  {'lattice_mat': [[3.92472536, 0.0, 0.0], [0.0,...  mb-kvrh-05710
546  1.770852  {'lattice_mat': [[6.81817034, -0.01322801, -0....  mb-kvrh-00703
547  2.041393  {'lattice_mat': [[4.70064489, -0.17447171, 0.0...  mb-kvrh-01619
548  2.235528  {'lattice_mat': [[3.54683733, 0.0, 0.0], [0.0,...  mb-kvrh-03704

[549 rows x 3 columns]
building line graphs
n_train: 4395
n_val  : 549
n_test : 549
rank 0
world_size 1
config: {'version': '9c9ee23de543322c97e5d622a81e929e4dbfc141', 'dataset': 'user_data', 'target': 'target', 'atom_features': 'cgcnn', 'neighbor_strategy': 'k-nearest', 'id_tag': 'jid', 'dtype': 'float32', 'random_seed': 123, 'classification_threshold': None, 'n_val': None, 'n_test': None, 'n_train': None, 'train_ratio': 0.8, 'val_ratio': 0.1, 'test_ratio': 0.1, 'target_multiplication_factor': None, 'epochs': 120, 'batch_size': 64, 'gpu_memory_fraction': None, 'use_amp': False, 'ddp_find_unused_parameters': False, 'deterministic': False, 'weight_decay': 0.0, 'learning_rate': 0.001, 'filename': 'sample', 'warmup_steps': 2000, 'criterion': 'mse', 'optimizer': 'adamw', 'scheduler': 'onecycle', 'pin_memory': True, 'save_dataloader': False, 'write_checkpoint': True, 'write_predictions': True, 'store_outputs': True, 'progress': True, 'log_tensorboard': False, 'standard_scalar_and_pca': False, 'use_canonize': True, 'compute_line_graph': True, 'num_workers': 2, 'cutoff': 8.0, 'cutoff_extra': 3.0, 'three_body_cutoff': 3.5, 'max_neighbors': 12, 'keep_data_order': False, 'normalize_graph_level_loss': False, 'distributed': True, 'data_parallel': False, 'n_early_stopping': None, 'output_dir': '../results_alignn_log_kvrh_partitions_fastfood/kvrh_half_2/alignn_log_kvrh_fastfood_kvrh_half_2_dim1_seed123_epochs120', 'use_lmdb': False, 'read_existing': False, 'model': {'name': 'alignn_atomwise', 'alignn_layers': 1, 'gcn_layers': 1, 'atom_input_features': 92, 'edge_input_features': 80, 'triplet_input_features': 40, 'embedding_features': 64, 'hidden_features': 64, 'output_features': 1, 'grad_multiplier': -1, 'calculate_gradient': False, 'atomwise_output_features': 0, 'graphwise_weight': 1.0, 'gradwise_weight': 0.0, 'stresswise_weight': 0.0, 'atomwise_weight': 0.0, 'link': 'identity', 'zero_inflated': False, 'classification': False, 'force_mult_natoms': False, 'energy_mult_natoms': True, 'include_pos_deriv': False, 'use_cutoff_function': False, 'inner_cutoff': 3.0, 'stress_multiplier': 1.0, 'add_reverse_forces': True, 'lg_on_fly': True, 'batch_stress': True, 'multiply_cutoff': False, 'use_penalty': True, 'extra_features': 0, 'exponent': 5, 'penalty_factor': 0.1, 'penalty_threshold': 1.0, 'additional_output_features': 0, 'additional_output_weight': 0.0}}
{'atom_features': 'cgcnn',
 'batch_size': 64,
 'classification_threshold': None,
 'compute_line_graph': True,
 'criterion': 'mse',
 'cutoff': 8.0,
 'cutoff_extra': 3.0,
 'data_parallel': False,
 'dataset': 'user_data',
 'ddp_find_unused_parameters': False,
 'deterministic': False,
 'distributed': True,
 'dtype': 'float32',
 'epochs': 120,
 'filename': 'sample',
 'gpu_memory_fraction': None,
 'id_tag': 'jid',
 'keep_data_order': False,
 'learning_rate': 0.001,
 'log_tensorboard': False,
 'max_neighbors': 12,
 'model': {'add_reverse_forces': True,
           'additional_output_features': 0,
           'additional_output_weight': 0.0,
           'alignn_layers': 1,
           'atom_input_features': 92,
           'atomwise_output_features': 0,
           'atomwise_weight': 0.0,
           'batch_stress': True,
           'calculate_gradient': False,
           'classification': False,
           'edge_input_features': 80,
           'embedding_features': 64,
           'energy_mult_natoms': True,
           'exponent': 5,
           'extra_features': 0,
           'force_mult_natoms': False,
           'gcn_layers': 1,
           'grad_multiplier': -1,
           'gradwise_weight': 0.0,
           'graphwise_weight': 1.0,
           'hidden_features': 64,
           'include_pos_deriv': False,
           'inner_cutoff': 3.0,
           'lg_on_fly': True,
           'link': 'identity',
           'multiply_cutoff': False,
           'name': 'alignn_atomwise',
           'output_features': 1,
           'penalty_factor': 0.1,
           'penalty_threshold': 1.0,
           'stress_multiplier': 1.0,
           'stresswise_weight': 0.0,
           'triplet_input_features': 40,
           'use_cutoff_function': False,
           'use_penalty': True,
           'zero_inflated': False},
 'n_early_stopping': None,
 'n_test': None,
 'n_train': None,
 'n_val': None,
 'neighbor_strategy': 'k-nearest',
 'normalize_graph_level_loss': False,
 'num_workers': 2,
 'optimizer': 'adamw',
 'output_dir': '../results_alignn_log_kvrh_partitions_fastfood/kvrh_half_2/alignn_log_kvrh_fastfood_kvrh_half_2_dim1_seed123_epochs120',
 'pin_memory': True,
 'progress': True,
 'random_seed': 123,
 'read_existing': False,
 'save_dataloader': False,
 'scheduler': 'onecycle',
 'standard_scalar_and_pca': False,
 'store_outputs': True,
 'target': 'target',
 'target_multiplication_factor': None,
 'test_ratio': 0.1,
 'three_body_cutoff': 3.5,
 'train_ratio': 0.8,
 'use_amp': False,
 'use_canonize': True,
 'use_lmdb': False,
 'val_ratio': 0.1,
 'version': '9c9ee23de543322c97e5d622a81e929e4dbfc141',
 'warmup_steps': 2000,
 'weight_decay': 0.0,
 'write_checkpoint': True,
 'write_predictions': True}
[Seed] deterministic_mode=False

    _    _     ___ ____ _   _ _   _
   / \  | |   |_ _/ ___| \ | | \ | |
  / _ \ | |    | | |  _|  \| |  \| |
 / ___ \| |___ | | |_| | |\  | |\  |
/_/   \_\_____|___\____|_| \_|_| \_|

Model parameters 86813
CUDA available True
CUDA device count 1
   GPU: NVIDIA A100-SXM4-80GB. Max memory: 79.252 GB. Platform = Linux.
   Pytorch: 2.11.0+cu128. CUDA = 8.0. CUDA Toolkit = 12.8.

Train Loss:  Epoch    Total      Graph      Atom       Grad       Stress     Addn.      Time      
             0        73.8401    73.8401    0.0000     0.0000     0.0000     0.0000     4.34      
Val Loss:    Epoch    Total      Graph      Atom       Grad       Stress     Addn.      Time      
             0        3.9188     3.9188     0.0000     0.0000     0.0000     0.0000     0.39       Saving model
Train Loss:  Epoch    Total      Graph      Atom       Grad       Stress     Addn.      Time      
             1        22.5299    22.5299    0.0000     0.0000     0.0000     0.0000     4.50      
Val Loss:    Epoch    Total      Graph      Atom       Grad       Stress     Addn.      Time      
             1        2.1867     2.1867     0.0000     0.0000     0.0000     0.0000     0.39       Saving model
Train Loss:  Epoch    Total      Graph      Atom       Grad       Stress     Addn.      Time      
             2        17.4043    17.4043    0.0000     0.0000     0.0000     0.0000     4.33      
Val Loss:    Epoch    Total      Graph      Atom       Grad       Stress     Addn.      Time      
             2        1.8285     1.8285     0.0000     0.0000     0.0000     0.0000     0.38       Saving model
Train Loss:  Epoch    Total      Graph      Atom       Grad       Stress     Addn.      Time      
             3        14.9747    14.9747    0.0000     0.0000     0.0000     0.0000     4.41      
Val Loss:    Epoch    Total      Graph      Atom       Grad       Stress     Addn.      Time      
             3        1.6233     1.6233     0.0000     0.0000     0.0000     0.0000     0.39       Saving model
Train Loss:  Epoch    Total      Graph      Atom       Grad       Stress     Addn.      Time      
             4        13.2926    13.2926    0.0000     0.0000     0.0000     0.0000     4.13      
Val Loss:    Epoch    Total      Graph      Atom       Grad       Stress     Addn.      Time      
             4        1.4746     1.4746     0.0000     0.0000     0.0000     0.0000     0.39       Saving model
Train Loss:  Epoch    Total      Graph      Atom       Grad       Stress     Addn.      Time      
             5        12.1299    12.1299    0.0000     0.0000     0.0000     0.0000     4.88      
Val Loss:    Epoch    Total      Graph      Atom       Grad       Stress     Addn.      Time      
             5        1.3614     1.3614     0.0000     0.0000     0.0000     0.0000     0.39       Saving model
Train Loss:  Epoch    Total      Graph      Atom       Grad       Stress     Addn.      Time      
             6        11.2709    11.2709    0.0000     0.0000     0.0000     0.0000     4.13      
Val Loss:    Epoch    Total      Graph      Atom       Grad       Stress     Addn.      Time      
             6        1.2802     1.2802     0.0000     0.0000     0.0000     0.0000     0.40       Saving model
Train Loss:  Epoch    Total      Graph      Atom       Grad       Stress     Addn.      Time      
             7        10.6730    10.6730    0.0000     0.0000     0.0000     0.0000     4.49      
Val Loss:    Epoch    Total      Graph      Atom       Grad       Stress     Addn.      Time      
             7        1.2261     1.2261     0.0000     0.0000     0.0000     0.0000     0.39       Saving model
Train Loss:  Epoch    Total      Graph      Atom       Grad       Stress     Addn.      Time      
             8        10.3161    10.3161    0.0000     0.0000     0.0000     0.0000     4.67      
Val Loss:    Epoch    Total      Graph      Atom       Grad       Stress     Addn.      Time      
             8        1.1885     1.1885     0.0000     0.0000     0.0000     0.0000     0.38       Saving model
Train Loss:  Epoch    Total      Graph      Atom       Grad       Stress     Addn.      Time      
             9        9.9508     9.9508     0.0000     0.0000     0.0000     0.0000     4.12      
Val Loss:    Epoch    Total      Graph      Atom       Grad       Stress     Addn.      Time      
             9        1.1702     1.1702     0.0000     0.0000     0.0000     0.0000     0.39       Saving model
Train Loss:  Epoch    Total      Graph      Atom       Grad       Stress     Addn.      Time      
             10       9.7504     9.7504     0.0000     0.0000     0.0000     0.0000     4.15      
Val Loss:    Epoch    Total      Graph      Atom       Grad       Stress     Addn.      Time      
             10       1.1294     1.1294     0.0000     0.0000     0.0000     0.0000     0.39       Saving model
Train Loss:  Epoch    Total      Graph      Atom       Grad       Stress     Addn.      Time      
             11       9.5114     9.5114     0.0000     0.0000     0.0000     0.0000     5.01      
Val Loss:    Epoch    Total      Graph      Atom       Grad       Stress     Addn.      Time      
             11       1.1100     1.1100     0.0000     0.0000     0.0000     0.0000     0.40       Saving model
Train Loss:  Epoch    Total      Graph      Atom       Grad       Stress     Addn.      Time      
             12       9.3715     9.3715     0.0000     0.0000     0.0000     0.0000     4.61      
Val Loss:    Epoch    Total      Graph      Atom       Grad       Stress     Addn.      Time      
             12       1.0921     1.0921     0.0000     0.0000     0.0000     0.0000     0.40       Saving model
Train Loss:  Epoch    Total      Graph      Atom       Grad       Stress     Addn.      Time      
             13       9.2008     9.2008     0.0000     0.0000     0.0000     0.0000     4.55      
Val Loss:    Epoch    Total      Graph      Atom       Grad       Stress     Addn.      Time      
             13       1.0782     1.0782     0.0000     0.0000     0.0000     0.0000     0.39       Saving model
Train Loss:  Epoch    Total      Graph      Atom       Grad       Stress     Addn.      Time      
             14       9.0514     9.0514     0.0000     0.0000     0.0000     0.0000     4.06      
Val Loss:    Epoch    Total      Graph      Atom       Grad       Stress     Addn.      Time      
             14       1.0555     1.0555     0.0000     0.0000     0.0000     0.0000     0.65       Saving model
Train Loss:  Epoch    Total      Graph      Atom       Grad       Stress     Addn.      Time      
             15       8.9524     8.9524     0.0000     0.0000     0.0000     0.0000     4.37      
Val Loss:    Epoch    Total      Graph      Atom       Grad       Stress     Addn.      Time      
             15       1.0425     1.0425     0.0000     0.0000     0.0000     0.0000     0.39       Saving model
Train Loss:  Epoch    Total      Graph      Atom       Grad       Stress     Addn.      Time      
             16       8.8192     8.8192     0.0000     0.0000     0.0000     0.0000     4.15      
Val Loss:    Epoch    Total      Graph      Atom       Grad       Stress     Addn.      Time      
             16       1.0243     1.0243     0.0000     0.0000     0.0000     0.0000     0.40       Saving model
Train Loss:  Epoch    Total      Graph      Atom       Grad       Stress     Addn.      Time      
             17       8.7213     8.7213     0.0000     0.0000     0.0000     0.0000     4.99      
Val Loss:    Epoch    Total      Graph      Atom       Grad       Stress     Addn.      Time      
             17       1.0115     1.0115     0.0000     0.0000     0.0000     0.0000     0.39       Saving model
Train Loss:  Epoch    Total      Graph      Atom       Grad       Stress     Addn.      Time      
             18       8.6350     8.6350     0.0000     0.0000     0.0000     0.0000     4.14      
Val Loss:    Epoch    Total      Graph      Atom       Grad       Stress     Addn.      Time      
             18       1.0021     1.0021     0.0000     0.0000     0.0000     0.0000     0.39       Saving model
Train Loss:  Epoch    Total      Graph      Atom       Grad       Stress     Addn.      Time      
             19       8.5464     8.5464     0.0000     0.0000     0.0000     0.0000     4.17      
Val Loss:    Epoch    Total      Graph      Atom       Grad       Stress     Addn.      Time      
             19       1.0054     1.0054     0.0000     0.0000     0.0000     0.0000     0.79       Saving model
Train Loss:  Epoch    Total      Graph      Atom       Grad       Stress     Addn.      Time      
             20       8.4866     8.4866     0.0000     0.0000     0.0000     0.0000     4.46      
Val Loss:    Epoch    Total      Graph      Atom       Grad       Stress     Addn.      Time      
             20       0.9917     0.9917     0.0000     0.0000     0.0000     0.0000     0.40       Saving model
Train Loss:  Epoch    Total      Graph      Atom       Grad       Stress     Addn.      Time      
             21       8.3880     8.3880     0.0000     0.0000     0.0000     0.0000     4.34      
Val Loss:    Epoch    Total      Graph      Atom       Grad       Stress     Addn.      Time      
             21       0.9697     0.9697     0.0000     0.0000     0.0000     0.0000     0.40       Saving model
Train Loss:  Epoch    Total      Graph      Atom       Grad       Stress     Addn.      Time      
             22       8.3756     8.3756     0.0000     0.0000     0.0000     0.0000     4.18      
Val Loss:    Epoch    Total      Graph      Atom       Grad       Stress     Addn.      Time      
             22       0.9589     0.9589     0.0000     0.0000     0.0000     0.0000     0.40       Saving model
Train Loss:  Epoch    Total      Graph      Atom       Grad       Stress     Addn.      Time      
             23       8.3075     8.3075     0.0000     0.0000     0.0000     0.0000     4.16      
Val Loss:    Epoch    Total      Graph      Atom       Grad       Stress     Addn.      Time      
             23       0.9629     0.9629     0.0000     0.0000     0.0000     0.0000     0.39       Saving model
Train Loss:  Epoch    Total      Graph      Atom       Grad       Stress     Addn.      Time      
             24       8.2218     8.2218     0.0000     0.0000     0.0000     0.0000     4.92      
Val Loss:    Epoch    Total      Graph      Atom       Grad       Stress     Addn.      Time      
             24       0.9488     0.9488     0.0000     0.0000     0.0000     0.0000     0.40       Saving model
Train Loss:  Epoch    Total      Graph      Atom       Grad       Stress     Addn.      Time      
             25       8.1844     8.1844     0.0000     0.0000     0.0000     0.0000     4.45      
Val Loss:    Epoch    Total      Graph      Atom       Grad       Stress     Addn.      Time      
             25       0.9435     0.9435     0.0000     0.0000     0.0000     0.0000     0.39       Saving model
Train Loss:  Epoch    Total      Graph      Atom       Grad       Stress     Addn.      Time      
             26       8.1715     8.1715     0.0000     0.0000     0.0000     0.0000     4.49      
Val Loss:    Epoch    Total      Graph      Atom       Grad       Stress     Addn.      Time      
             26       0.9380     0.9380     0.0000     0.0000     0.0000     0.0000     0.40       Saving model
Train Loss:  Epoch    Total      Graph      Atom       Grad       Stress     Addn.      Time      
             27       8.0820     8.0820     0.0000     0.0000     0.0000     0.0000     4.38      
Val Loss:    Epoch    Total      Graph      Atom       Grad       Stress     Addn.      Time      
             27       0.9311     0.9311     0.0000     0.0000     0.0000     0.0000     0.40       Saving model
Train Loss:  Epoch    Total      Graph      Atom       Grad       Stress     Addn.      Time      
             28       8.0170     8.0170     0.0000     0.0000     0.0000     0.0000     4.15      
Val Loss:    Epoch    Total      Graph      Atom       Grad       Stress     Addn.      Time      
             28       0.9216     0.9216     0.0000     0.0000     0.0000     0.0000     0.40       Saving model
Train Loss:  Epoch    Total      Graph      Atom       Grad       Stress     Addn.      Time      
             29       7.9907     7.9907     0.0000     0.0000     0.0000     0.0000     4.54      
Val Loss:    Epoch    Total      Graph      Atom       Grad       Stress     Addn.      Time      
             29       0.9253     0.9253     0.0000     0.0000     0.0000     0.0000     0.39       Saving model
Train Loss:  Epoch    Total      Graph      Atom       Grad       Stress     Addn.      Time      
             30       7.9619     7.9619     0.0000     0.0000     0.0000     0.0000     4.93      
Val Loss:    Epoch    Total      Graph      Atom       Grad       Stress     Addn.      Time      
             30       0.9166     0.9166     0.0000     0.0000     0.0000     0.0000     0.39       Saving model
Train Loss:  Epoch    Total      Graph      Atom       Grad       Stress     Addn.      Time      
             31       7.9325     7.9325     0.0000     0.0000     0.0000     0.0000     4.13      
Val Loss:    Epoch    Total      Graph      Atom       Grad       Stress     Addn.      Time      
             31       0.9186     0.9186     0.0000     0.0000     0.0000     0.0000     0.39       Saving model
Train Loss:  Epoch    Total      Graph      Atom       Grad       Stress     Addn.      Time      
             32       7.8753     7.8753     0.0000     0.0000     0.0000     0.0000     4.48      
Val Loss:    Epoch    Total      Graph      Atom       Grad       Stress     Addn.      Time      
             32       0.9011     0.9011     0.0000     0.0000     0.0000     0.0000     0.39       Saving model
Train Loss:  Epoch    Total      Graph      Atom       Grad       Stress     Addn.      Time      
             33       7.8648     7.8648     0.0000     0.0000     0.0000     0.0000     4.62      
Val Loss:    Epoch    Total      Graph      Atom       Grad       Stress     Addn.      Time      
             33       0.8993     0.8993     0.0000     0.0000     0.0000     0.0000     0.39       Saving model
Train Loss:  Epoch    Total      Graph      Atom       Grad       Stress     Addn.      Time      
             34       7.8442     7.8442     0.0000     0.0000     0.0000     0.0000     4.13      
Val Loss:    Epoch    Total      Graph      Atom       Grad       Stress     Addn.      Time      
             34       0.8988     0.8988     0.0000     0.0000     0.0000     0.0000     0.39       Saving model
Train Loss:  Epoch    Total      Graph      Atom       Grad       Stress     Addn.      Time      
             35       7.7817     7.7817     0.0000     0.0000     0.0000     0.0000     4.13      
Val Loss:    Epoch    Total      Graph      Atom       Grad       Stress     Addn.      Time      
             35       0.8897     0.8897     0.0000     0.0000     0.0000     0.0000     0.39       Saving model
Train Loss:  Epoch    Total      Graph      Atom       Grad       Stress     Addn.      Time      
             36       7.7615     7.7615     0.0000     0.0000     0.0000     0.0000     4.96      
Val Loss:    Epoch    Total      Graph      Atom       Grad       Stress     Addn.      Time      
             36       0.8915     0.8915     0.0000     0.0000     0.0000     0.0000     0.39       Saving model
Train Loss:  Epoch    Total      Graph      Atom       Grad       Stress     Addn.      Time      
             37       7.7106     7.7106     0.0000     0.0000     0.0000     0.0000     4.47      
Val Loss:    Epoch    Total      Graph      Atom       Grad       Stress     Addn.      Time      
             37       0.8840     0.8840     0.0000     0.0000     0.0000     0.0000     0.40       Saving model
Train Loss:  Epoch    Total      Graph      Atom       Grad       Stress     Addn.      Time      
             38       7.7259     7.7259     0.0000     0.0000     0.0000     0.0000     4.48      
Val Loss:    Epoch    Total      Graph      Atom       Grad       Stress     Addn.      Time      
             38       0.8841     0.8841     0.0000     0.0000     0.0000     0.0000     0.39       Saving model
Train Loss:  Epoch    Total      Graph      Atom       Grad       Stress     Addn.      Time      
             39       7.6829     7.6829     0.0000     0.0000     0.0000     0.0000     4.32      
Val Loss:    Epoch    Total      Graph      Atom       Grad       Stress     Addn.      Time      
             39       0.9002     0.9002     0.0000     0.0000     0.0000     0.0000     0.39       Saving model
Train Loss:  Epoch    Total      Graph      Atom       Grad       Stress     Addn.      Time      
             40       7.6555     7.6555     0.0000     0.0000     0.0000     0.0000     4.15      
Val Loss:    Epoch    Total      Graph      Atom       Grad       Stress     Addn.      Time      
             40       0.8767     0.8767     0.0000     0.0000     0.0000     0.0000     0.39       Saving model
Train Loss:  Epoch    Total      Graph      Atom       Grad       Stress     Addn.      Time      
             41       7.6339     7.6339     0.0000     0.0000     0.0000     0.0000     4.55      
Val Loss:    Epoch    Total      Graph      Atom       Grad       Stress     Addn.      Time      
             41       0.8736     0.8736     0.0000     0.0000     0.0000     0.0000     0.39       Saving model
Train Loss:  Epoch    Total      Graph      Atom       Grad       Stress     Addn.      Time      
             42       7.6283     7.6283     0.0000     0.0000     0.0000     0.0000     4.92      
Val Loss:    Epoch    Total      Graph      Atom       Grad       Stress     Addn.      Time      
             42       0.8925     0.8925     0.0000     0.0000     0.0000     0.0000     0.40       Saving model
Train Loss:  Epoch    Total      Graph      Atom       Grad       Stress     Addn.      Time      
             43       7.6116     7.6116     0.0000     0.0000     0.0000     0.0000     4.14      
Val Loss:    Epoch    Total      Graph      Atom       Grad       Stress     Addn.      Time      
             43       0.8724     0.8724     0.0000     0.0000     0.0000     0.0000     0.39       Saving model
Train Loss:  Epoch    Total      Graph      Atom       Grad       Stress     Addn.      Time      
             44       7.5391     7.5391     0.0000     0.0000     0.0000     0.0000     4.80      
Val Loss:    Epoch    Total      Graph      Atom       Grad       Stress     Addn.      Time      
             44       0.8714     0.8714     0.0000     0.0000     0.0000     0.0000     0.39       Saving model
Train Loss:  Epoch    Total      Graph      Atom       Grad       Stress     Addn.      Time      
             45       7.5399     7.5399     0.0000     0.0000     0.0000     0.0000     4.40      
Val Loss:    Epoch    Total      Graph      Atom       Grad       Stress     Addn.      Time      
             45       0.8692     0.8692     0.0000     0.0000     0.0000     0.0000     0.38       Saving model
Train Loss:  Epoch    Total      Graph      Atom       Grad       Stress     Addn.      Time      
             46       7.5276     7.5276     0.0000     0.0000     0.0000     0.0000     4.10      
Val Loss:    Epoch    Total      Graph      Atom       Grad       Stress     Addn.      Time      
             46       0.8651     0.8651     0.0000     0.0000     0.0000     0.0000     0.41       Saving model
Train Loss:  Epoch    Total      Graph      Atom       Grad       Stress     Addn.      Time      
             47       7.4706     7.4706     0.0000     0.0000     0.0000     0.0000     4.13      
Val Loss:    Epoch    Total      Graph      Atom       Grad       Stress     Addn.      Time      
             47       0.8569     0.8569     0.0000     0.0000     0.0000     0.0000     0.40       Saving model
Train Loss:  Epoch    Total      Graph      Atom       Grad       Stress     Addn.      Time      
             48       7.4493     7.4493     0.0000     0.0000     0.0000     0.0000     5.32      
Val Loss:    Epoch    Total      Graph      Atom       Grad       Stress     Addn.      Time      
             48       0.8614     0.8614     0.0000     0.0000     0.0000     0.0000     0.39       Saving model
Train Loss:  Epoch    Total      Graph      Atom       Grad       Stress     Addn.      Time      
             49       7.4171     7.4171     0.0000     0.0000     0.0000     0.0000     4.14      
Val Loss:    Epoch    Total      Graph      Atom       Grad       Stress     Addn.      Time      
             49       0.8555     0.8555     0.0000     0.0000     0.0000     0.0000     0.39       Saving model
Train Loss:  Epoch    Total      Graph      Atom       Grad       Stress     Addn.      Time      
             50       7.4328     7.4328     0.0000     0.0000     0.0000     0.0000     4.51      
Val Loss:    Epoch    Total      Graph      Atom       Grad       Stress     Addn.      Time      
             50       0.8517     0.8517     0.0000     0.0000     0.0000     0.0000     0.41       Saving model
Train Loss:  Epoch    Total      Graph      Atom       Grad       Stress     Addn.      Time      
             51       7.3950     7.3950     0.0000     0.0000     0.0000     0.0000     4.14      
Val Loss:    Epoch    Total      Graph      Atom       Grad       Stress     Addn.      Time      
             51       0.8502     0.8502     0.0000     0.0000     0.0000     0.0000     0.67       Saving model
Train Loss:  Epoch    Total      Graph      Atom       Grad       Stress     Addn.      Time      
             52       7.3996     7.3996     0.0000     0.0000     0.0000     0.0000     4.09      
Val Loss:    Epoch    Total      Graph      Atom       Grad       Stress     Addn.      Time      
             52       0.8451     0.8451     0.0000     0.0000     0.0000     0.0000     0.67       Saving model
Train Loss:  Epoch    Total      Graph      Atom       Grad       Stress     Addn.      Time      
             53       7.3869     7.3869     0.0000     0.0000     0.0000     0.0000     4.14      
Val Loss:    Epoch    Total      Graph      Atom       Grad       Stress     Addn.      Time      
             53       0.8428     0.8428     0.0000     0.0000     0.0000     0.0000     0.40       Saving model
Train Loss:  Epoch    Total      Graph      Atom       Grad       Stress     Addn.      Time      
             54       7.3270     7.3270     0.0000     0.0000     0.0000     0.0000     6.26      
Val Loss:    Epoch    Total      Graph      Atom       Grad       Stress     Addn.      Time      
             54       0.8463     0.8463     0.0000     0.0000     0.0000     0.0000     0.39       Saving model
Train Loss:  Epoch    Total      Graph      Atom       Grad       Stress     Addn.      Time      
             55       7.3187     7.3187     0.0000     0.0000     0.0000     0.0000     4.12      
Val Loss:    Epoch    Total      Graph      Atom       Grad       Stress     Addn.      Time      
             55       0.8405     0.8405     0.0000     0.0000     0.0000     0.0000     0.39       Saving model
Train Loss:  Epoch    Total      Graph      Atom       Grad       Stress     Addn.      Time      
             56       7.3258     7.3258     0.0000     0.0000     0.0000     0.0000     4.77      
Val Loss:    Epoch    Total      Graph      Atom       Grad       Stress     Addn.      Time      
             56       0.8408     0.8408     0.0000     0.0000     0.0000     0.0000     0.39       Saving model
Train Loss:  Epoch    Total      Graph      Atom       Grad       Stress     Addn.      Time      
             57       7.2550     7.2550     0.0000     0.0000     0.0000     0.0000     4.34      
Val Loss:    Epoch    Total      Graph      Atom       Grad       Stress     Addn.      Time      
             57       0.8342     0.8342     0.0000     0.0000     0.0000     0.0000     0.37       Saving model
Train Loss:  Epoch    Total      Graph      Atom       Grad       Stress     Addn.      Time      
             58       7.2421     7.2421     0.0000     0.0000     0.0000     0.0000     4.12      
Val Loss:    Epoch    Total      Graph      Atom       Grad       Stress     Addn.      Time      
             58       0.8350     0.8350     0.0000     0.0000     0.0000     0.0000     0.39       Saving model
Train Loss:  Epoch    Total      Graph      Atom       Grad       Stress     Addn.      Time      
             59       7.2208     7.2208     0.0000     0.0000     0.0000     0.0000     4.15      
Val Loss:    Epoch    Total      Graph      Atom       Grad       Stress     Addn.      Time      
             59       0.8555     0.8555     0.0000     0.0000     0.0000     0.0000     0.39       Saving model
Train Loss:  Epoch    Total      Graph      Atom       Grad       Stress     Addn.      Time      
             60       7.2357     7.2357     0.0000     0.0000     0.0000     0.0000     5.35      
Val Loss:    Epoch    Total      Graph      Atom       Grad       Stress     Addn.      Time      
             60       0.8359     0.8359     0.0000     0.0000     0.0000     0.0000     0.39       Saving model
Train Loss:  Epoch    Total      Graph      Atom       Grad       Stress     Addn.      Time      
             61       7.2217     7.2217     0.0000     0.0000     0.0000     0.0000     4.12      
Val Loss:    Epoch    Total      Graph      Atom       Grad       Stress     Addn.      Time      
             61       0.8312     0.8312     0.0000     0.0000     0.0000     0.0000     0.39       Saving model
Train Loss:  Epoch    Total      Graph      Atom       Grad       Stress     Addn.      Time      
             62       7.2346     7.2346     0.0000     0.0000     0.0000     0.0000     4.54      
Val Loss:    Epoch    Total      Graph      Atom       Grad       Stress     Addn.      Time      
             62       0.8359     0.8359     0.0000     0.0000     0.0000     0.0000     0.39       Saving model
Train Loss:  Epoch    Total      Graph      Atom       Grad       Stress     Addn.      Time      
             63       7.2001     7.2001     0.0000     0.0000     0.0000     0.0000     4.17      
Val Loss:    Epoch    Total      Graph      Atom       Grad       Stress     Addn.      Time      
             63       0.8256     0.8256     0.0000     0.0000     0.0000     0.0000     0.39       Saving model
Train Loss:  Epoch    Total      Graph      Atom       Grad       Stress     Addn.      Time      
             64       7.1602     7.1602     0.0000     0.0000     0.0000     0.0000     4.33      
Val Loss:    Epoch    Total      Graph      Atom       Grad       Stress     Addn.      Time      
             64       0.8262     0.8262     0.0000     0.0000     0.0000     0.0000     0.69       Saving model
Train Loss:  Epoch    Total      Graph      Atom       Grad       Stress     Addn.      Time      
             65       7.1849     7.1849     0.0000     0.0000     0.0000     0.0000     4.16      
Val Loss:    Epoch    Total      Graph      Atom       Grad       Stress     Addn.      Time      
             65       0.8303     0.8303     0.0000     0.0000     0.0000     0.0000     0.39       Saving model
Train Loss:  Epoch    Total      Graph      Atom       Grad       Stress     Addn.      Time      
             66       7.1474     7.1474     0.0000     0.0000     0.0000     0.0000     4.17      
Val Loss:    Epoch    Total      Graph      Atom       Grad       Stress     Addn.      Time      
             66       0.8257     0.8257     0.0000     0.0000     0.0000     0.0000     1.20       Saving model
Train Loss:  Epoch    Total      Graph      Atom       Grad       Stress     Addn.      Time      
             67       7.1137     7.1137     0.0000     0.0000     0.0000     0.0000     4.13      
Val Loss:    Epoch    Total      Graph      Atom       Grad       Stress     Addn.      Time      
             67       0.8238     0.8238     0.0000     0.0000     0.0000     0.0000     0.40       Saving model
Train Loss:  Epoch    Total      Graph      Atom       Grad       Stress     Addn.      Time      
             68       7.1033     7.1033     0.0000     0.0000     0.0000     0.0000     4.46      
Val Loss:    Epoch    Total      Graph      Atom       Grad       Stress     Addn.      Time      
             68       0.8225     0.8225     0.0000     0.0000     0.0000     0.0000     0.78       Saving model
Train Loss:  Epoch    Total      Graph      Atom       Grad       Stress     Addn.      Time      
             69       7.1565     7.1565     0.0000     0.0000     0.0000     0.0000     4.18      
Val Loss:    Epoch    Total      Graph      Atom       Grad       Stress     Addn.      Time      
             69       0.8398     0.8398     0.0000     0.0000     0.0000     0.0000     0.39       Saving model
Train Loss:  Epoch    Total      Graph      Atom       Grad       Stress     Addn.      Time      
             70       7.1076     7.1076     0.0000     0.0000     0.0000     0.0000     4.34      
Val Loss:    Epoch    Total      Graph      Atom       Grad       Stress     Addn.      Time      
             70       0.8169     0.8169     0.0000     0.0000     0.0000     0.0000     0.39       Saving model
Train Loss:  Epoch    Total      Graph      Atom       Grad       Stress     Addn.      Time      
             71       7.0909     7.0909     0.0000     0.0000     0.0000     0.0000     4.12      
Val Loss:    Epoch    Total      Graph      Atom       Grad       Stress     Addn.      Time      
             71       0.8135     0.8135     0.0000     0.0000     0.0000     0.0000     0.39       Saving model
Train Loss:  Epoch    Total      Graph      Atom       Grad       Stress     Addn.      Time      
             72       7.0673     7.0673     0.0000     0.0000     0.0000     0.0000     4.52      
Val Loss:    Epoch    Total      Graph      Atom       Grad       Stress     Addn.      Time      
             72       0.8146     0.8146     0.0000     0.0000     0.0000     0.0000     0.39       Saving model
Train Loss:  Epoch    Total      Graph      Atom       Grad       Stress     Addn.      Time      
             73       7.0738     7.0738     0.0000     0.0000     0.0000     0.0000     4.94      
Val Loss:    Epoch    Total      Graph      Atom       Grad       Stress     Addn.      Time      
             73       0.8153     0.8153     0.0000     0.0000     0.0000     0.0000     0.39       Saving model
Train Loss:  Epoch    Total      Graph      Atom       Grad       Stress     Addn.      Time      
             74       7.0848     7.0848     0.0000     0.0000     0.0000     0.0000     4.14      
Val Loss:    Epoch    Total      Graph      Atom       Grad       Stress     Addn.      Time      
             74       0.8132     0.8132     0.0000     0.0000     0.0000     0.0000     0.39       Saving model
Train Loss:  Epoch    Total      Graph      Atom       Grad       Stress     Addn.      Time      
             75       7.0183     7.0183     0.0000     0.0000     0.0000     0.0000     4.45      
Val Loss:    Epoch    Total      Graph      Atom       Grad       Stress     Addn.      Time      
             75       0.8254     0.8254     0.0000     0.0000     0.0000     0.0000     0.42       Saving model
Train Loss:  Epoch    Total      Graph      Atom       Grad       Stress     Addn.      Time      
             76       7.0100     7.0100     0.0000     0.0000     0.0000     0.0000     4.67      
Val Loss:    Epoch    Total      Graph      Atom       Grad       Stress     Addn.      Time      
             76       0.8107     0.8107     0.0000     0.0000     0.0000     0.0000     0.39       Saving model
Train Loss:  Epoch    Total      Graph      Atom       Grad       Stress     Addn.      Time      
             77       6.9998     6.9998     0.0000     0.0000     0.0000     0.0000     4.15      
Val Loss:    Epoch    Total      Graph      Atom       Grad       Stress     Addn.      Time      
             77       0.8116     0.8116     0.0000     0.0000     0.0000     0.0000     0.40       Saving model
Train Loss:  Epoch    Total      Graph      Atom       Grad       Stress     Addn.      Time      
             78       6.9963     6.9963     0.0000     0.0000     0.0000     0.0000     4.11      
Val Loss:    Epoch    Total      Graph      Atom       Grad       Stress     Addn.      Time      
             78       0.8203     0.8203     0.0000     0.0000     0.0000     0.0000     0.38       Saving model
Train Loss:  Epoch    Total      Graph      Atom       Grad       Stress     Addn.      Time      
             79       7.0035     7.0035     0.0000     0.0000     0.0000     0.0000     4.97      
Val Loss:    Epoch    Total      Graph      Atom       Grad       Stress     Addn.      Time      
             79       0.8127     0.8127     0.0000     0.0000     0.0000     0.0000     0.39       Saving model
Train Loss:  Epoch    Total      Graph      Atom       Grad       Stress     Addn.      Time      
             80       6.9623     6.9623     0.0000     0.0000     0.0000     0.0000     4.43      
Val Loss:    Epoch    Total      Graph      Atom       Grad       Stress     Addn.      Time      
             80       0.8116     0.8116     0.0000     0.0000     0.0000     0.0000     0.39       Saving model
Train Loss:  Epoch    Total      Graph      Atom       Grad       Stress     Addn.      Time      
             81       6.9438     6.9438     0.0000     0.0000     0.0000     0.0000     4.49      
Val Loss:    Epoch    Total      Graph      Atom       Grad       Stress     Addn.      Time      
             81       0.8086     0.8086     0.0000     0.0000     0.0000     0.0000     0.38       Saving model
Train Loss:  Epoch    Total      Graph      Atom       Grad       Stress     Addn.      Time      
             82       6.9399     6.9399     0.0000     0.0000     0.0000     0.0000     4.35      
Val Loss:    Epoch    Total      Graph      Atom       Grad       Stress     Addn.      Time      
             82       0.8098     0.8098     0.0000     0.0000     0.0000     0.0000     0.39       Saving model
Train Loss:  Epoch    Total      Graph      Atom       Grad       Stress     Addn.      Time      
             83       6.9602     6.9602     0.0000     0.0000     0.0000     0.0000     4.14      
Val Loss:    Epoch    Total      Graph      Atom       Grad       Stress     Addn.      Time      
             83       0.8030     0.8030     0.0000     0.0000     0.0000     0.0000     0.39       Saving model
Train Loss:  Epoch    Total      Graph      Atom       Grad       Stress     Addn.      Time      
             84       6.9371     6.9371     0.0000     0.0000     0.0000     0.0000     4.42      
Val Loss:    Epoch    Total      Graph      Atom       Grad       Stress     Addn.      Time      
             84       0.8069     0.8069     0.0000     0.0000     0.0000     0.0000     0.39       Saving model
Train Loss:  Epoch    Total      Graph      Atom       Grad       Stress     Addn.      Time      
             85       6.8809     6.8809     0.0000     0.0000     0.0000     0.0000     4.80      
Val Loss:    Epoch    Total      Graph      Atom       Grad       Stress     Addn.      Time      
             85       0.8030     0.8030     0.0000     0.0000     0.0000     0.0000     0.39       Saving model
Train Loss:  Epoch    Total      Graph      Atom       Grad       Stress     Addn.      Time      
             86       6.9199     6.9199     0.0000     0.0000     0.0000     0.0000     4.12      
Val Loss:    Epoch    Total      Graph      Atom       Grad       Stress     Addn.      Time      
             86       0.8004     0.8004     0.0000     0.0000     0.0000     0.0000     0.40       Saving model
Train Loss:  Epoch    Total      Graph      Atom       Grad       Stress     Addn.      Time      
             87       6.9191     6.9191     0.0000     0.0000     0.0000     0.0000     4.50      
Val Loss:    Epoch    Total      Graph      Atom       Grad       Stress     Addn.      Time      
             87       0.8034     0.8034     0.0000     0.0000     0.0000     0.0000     0.39       Saving model
Train Loss:  Epoch    Total      Graph      Atom       Grad       Stress     Addn.      Time      
             88       6.8644     6.8644     0.0000     0.0000     0.0000     0.0000     4.76      
Val Loss:    Epoch    Total      Graph      Atom       Grad       Stress     Addn.      Time      
             88       0.7981     0.7981     0.0000     0.0000     0.0000     0.0000     0.39       Saving model
Train Loss:  Epoch    Total      Graph      Atom       Grad       Stress     Addn.      Time      
             89       6.8803     6.8803     0.0000     0.0000     0.0000     0.0000     4.14      
Val Loss:    Epoch    Total      Graph      Atom       Grad       Stress     Addn.      Time      
             89       0.8012     0.8012     0.0000     0.0000     0.0000     0.0000     0.40       Saving model
Train Loss:  Epoch    Total      Graph      Atom       Grad       Stress     Addn.      Time      
             90       6.8754     6.8754     0.0000     0.0000     0.0000     0.0000     4.16      
Val Loss:    Epoch    Total      Graph      Atom       Grad       Stress     Addn.      Time      
             90       0.7971     0.7971     0.0000     0.0000     0.0000     0.0000     0.39       Saving model
Train Loss:  Epoch    Total      Graph      Atom       Grad       Stress     Addn.      Time      
             91       6.8496     6.8496     0.0000     0.0000     0.0000     0.0000     4.92      
Val Loss:    Epoch    Total      Graph      Atom       Grad       Stress     Addn.      Time      
             91       0.8025     0.8025     0.0000     0.0000     0.0000     0.0000     0.40       Saving model
Train Loss:  Epoch    Total      Graph      Atom       Grad       Stress     Addn.      Time      
             92       6.8543     6.8543     0.0000     0.0000     0.0000     0.0000     4.46      
Val Loss:    Epoch    Total      Graph      Atom       Grad       Stress     Addn.      Time      
             92       0.7984     0.7984     0.0000     0.0000     0.0000     0.0000     0.39       Saving model
Train Loss:  Epoch    Total      Graph      Atom       Grad       Stress     Addn.      Time      
             93       6.8353     6.8353     0.0000     0.0000     0.0000     0.0000     4.50      
Val Loss:    Epoch    Total      Graph      Atom       Grad       Stress     Addn.      Time      
             93       0.7930     0.7930     0.0000     0.0000     0.0000     0.0000     0.39       Saving model
Train Loss:  Epoch    Total      Graph      Atom       Grad       Stress     Addn.      Time      
             94       6.7989     6.7989     0.0000     0.0000     0.0000     0.0000     4.14      
Val Loss:    Epoch    Total      Graph      Atom       Grad       Stress     Addn.      Time      
             94       0.7941     0.7941     0.0000     0.0000     0.0000     0.0000     0.63       Saving model
Train Loss:  Epoch    Total      Graph      Atom       Grad       Stress     Addn.      Time      
             95       6.8088     6.8088     0.0000     0.0000     0.0000     0.0000     4.05      
Val Loss:    Epoch    Total      Graph      Atom       Grad       Stress     Addn.      Time      
             95       0.7950     0.7950     0.0000     0.0000     0.0000     0.0000     0.39       Saving model
Train Loss:  Epoch    Total      Graph      Atom       Grad       Stress     Addn.      Time      
             96       6.7778     6.7778     0.0000     0.0000     0.0000     0.0000     4.40      
Val Loss:    Epoch    Total      Graph      Atom       Grad       Stress     Addn.      Time      
             96       0.7930     0.7930     0.0000     0.0000     0.0000     0.0000     0.39       Saving model
Train Loss:  Epoch    Total      Graph      Atom       Grad       Stress     Addn.      Time      
             97       6.8047     6.8047     0.0000     0.0000     0.0000     0.0000     4.95      
Val Loss:    Epoch    Total      Graph      Atom       Grad       Stress     Addn.      Time      
             97       0.7977     0.7977     0.0000     0.0000     0.0000     0.0000     0.39       Saving model
Train Loss:  Epoch    Total      Graph      Atom       Grad       Stress     Addn.      Time      
             98       6.7644     6.7644     0.0000     0.0000     0.0000     0.0000     4.19      
Val Loss:    Epoch    Total      Graph      Atom       Grad       Stress     Addn.      Time      
             98       0.7923     0.7923     0.0000     0.0000     0.0000     0.0000     0.40       Saving model
Train Loss:  Epoch    Total      Graph      Atom       Grad       Stress     Addn.      Time      
             99       6.7816     6.7816     0.0000     0.0000     0.0000     0.0000     4.17      
Val Loss:    Epoch    Total      Graph      Atom       Grad       Stress     Addn.      Time      
             99       0.7953     0.7953     0.0000     0.0000     0.0000     0.0000     0.76       Saving model
Train Loss:  Epoch    Total      Graph      Atom       Grad       Stress     Addn.      Time      
             100      6.8252     6.8252     0.0000     0.0000     0.0000     0.0000     4.55      
Val Loss:    Epoch    Total      Graph      Atom       Grad       Stress     Addn.      Time      
             100      0.7893     0.7893     0.0000     0.0000     0.0000     0.0000     0.40       Saving model
Train Loss:  Epoch    Total      Graph      Atom       Grad       Stress     Addn.      Time      
             101      6.7643     6.7643     0.0000     0.0000     0.0000     0.0000     4.35      
Val Loss:    Epoch    Total      Graph      Atom       Grad       Stress     Addn.      Time      
             101      0.7971     0.7971     0.0000     0.0000     0.0000     0.0000     0.39       Saving model
Train Loss:  Epoch    Total      Graph      Atom       Grad       Stress     Addn.      Time      
             102      6.7724     6.7724     0.0000     0.0000     0.0000     0.0000     4.07      
Val Loss:    Epoch    Total      Graph      Atom       Grad       Stress     Addn.      Time      
             102      0.7895     0.7895     0.0000     0.0000     0.0000     0.0000     0.39       Saving model
Train Loss:  Epoch    Total      Graph      Atom       Grad       Stress     Addn.      Time      
             103      6.7089     6.7089     0.0000     0.0000     0.0000     0.0000     4.37      
Val Loss:    Epoch    Total      Graph      Atom       Grad       Stress     Addn.      Time      
             103      0.7883     0.7883     0.0000     0.0000     0.0000     0.0000     0.39       Saving model
Train Loss:  Epoch    Total      Graph      Atom       Grad       Stress     Addn.      Time      
             104      6.7281     6.7281     0.0000     0.0000     0.0000     0.0000     4.89      
Val Loss:    Epoch    Total      Graph      Atom       Grad       Stress     Addn.      Time      
             104      0.7899     0.7899     0.0000     0.0000     0.0000     0.0000     0.40       Saving model
Train Loss:  Epoch    Total      Graph      Atom       Grad       Stress     Addn.      Time      
             105      6.7141     6.7141     0.0000     0.0000     0.0000     0.0000     4.08      
Val Loss:    Epoch    Total      Graph      Atom       Grad       Stress     Addn.      Time      
             105      0.7899     0.7899     0.0000     0.0000     0.0000     0.0000     0.39       Saving model
Train Loss:  Epoch    Total      Graph      Atom       Grad       Stress     Addn.      Time      
             106      6.7171     6.7171     0.0000     0.0000     0.0000     0.0000     4.41      
Val Loss:    Epoch    Total      Graph      Atom       Grad       Stress     Addn.      Time      
             106      0.7863     0.7863     0.0000     0.0000     0.0000     0.0000     0.39       Saving model
Train Loss:  Epoch    Total      Graph      Atom       Grad       Stress     Addn.      Time      
             107      6.7020     6.7020     0.0000     0.0000     0.0000     0.0000     4.47      
Val Loss:    Epoch    Total      Graph      Atom       Grad       Stress     Addn.      Time      
             107      0.7955     0.7955     0.0000     0.0000     0.0000     0.0000     0.40       Saving model
Train Loss:  Epoch    Total      Graph      Atom       Grad       Stress     Addn.      Time      
             108      6.7114     6.7114     0.0000     0.0000     0.0000     0.0000     4.07      
Val Loss:    Epoch    Total      Graph      Atom       Grad       Stress     Addn.      Time      
             108      0.7905     0.7905     0.0000     0.0000     0.0000     0.0000     0.40       Saving model
Train Loss:  Epoch    Total      Graph      Atom       Grad       Stress     Addn.      Time      
             109      6.7064     6.7064     0.0000     0.0000     0.0000     0.0000     4.05      
Val Loss:    Epoch    Total      Graph      Atom       Grad       Stress     Addn.      Time      
             109      0.7870     0.7870     0.0000     0.0000     0.0000     0.0000     0.40       Saving model
Train Loss:  Epoch    Total      Graph      Atom       Grad       Stress     Addn.      Time      
             110      6.6735     6.6735     0.0000     0.0000     0.0000     0.0000     4.87      
Val Loss:    Epoch    Total      Graph      Atom       Grad       Stress     Addn.      Time      
             110      0.7907     0.7907     0.0000     0.0000     0.0000     0.0000     0.41       Saving model
Train Loss:  Epoch    Total      Graph      Atom       Grad       Stress     Addn.      Time      
             111      6.6584     6.6584     0.0000     0.0000     0.0000     0.0000     4.34      
Val Loss:    Epoch    Total      Graph      Atom       Grad       Stress     Addn.      Time      
             111      0.7857     0.7857     0.0000     0.0000     0.0000     0.0000     0.39       Saving model
Train Loss:  Epoch    Total      Graph      Atom       Grad       Stress     Addn.      Time      
             112      6.6421     6.6421     0.0000     0.0000     0.0000     0.0000     4.45      
Val Loss:    Epoch    Total      Graph      Atom       Grad       Stress     Addn.      Time      
             112      0.7884     0.7884     0.0000     0.0000     0.0000     0.0000     0.40       Saving model
Train Loss:  Epoch    Total      Graph      Atom       Grad       Stress     Addn.      Time      
             113      6.6144     6.6144     0.0000     0.0000     0.0000     0.0000     4.29      
Val Loss:    Epoch    Total      Graph      Atom       Grad       Stress     Addn.      Time      
             113      0.7919     0.7919     0.0000     0.0000     0.0000     0.0000     0.38       Saving model
Train Loss:  Epoch    Total      Graph      Atom       Grad       Stress     Addn.      Time      
             114      6.6288     6.6288     0.0000     0.0000     0.0000     0.0000     4.05      
Val Loss:    Epoch    Total      Graph      Atom       Grad       Stress     Addn.      Time      
             114      0.7807     0.7807     0.0000     0.0000     0.0000     0.0000     0.40       Saving model
Train Loss:  Epoch    Total      Graph      Atom       Grad       Stress     Addn.      Time      
             115      6.6329     6.6329     0.0000     0.0000     0.0000     0.0000     4.38      
Val Loss:    Epoch    Total      Graph      Atom       Grad       Stress     Addn.      Time      
             115      0.7850     0.7850     0.0000     0.0000     0.0000     0.0000     0.41       Saving model
Train Loss:  Epoch    Total      Graph      Atom       Grad       Stress     Addn.      Time      
             116      6.6103     6.6103     0.0000     0.0000     0.0000     0.0000     5.96      
Val Loss:    Epoch    Total      Graph      Atom       Grad       Stress     Addn.      Time      
             116      0.7889     0.7889     0.0000     0.0000     0.0000     0.0000     0.39       Saving model
Train Loss:  Epoch    Total      Graph      Atom       Grad       Stress     Addn.      Time      
             117      6.6083     6.6083     0.0000     0.0000     0.0000     0.0000     4.05      
Val Loss:    Epoch    Total      Graph      Atom       Grad       Stress     Addn.      Time      
             117      0.7886     0.7886     0.0000     0.0000     0.0000     0.0000     0.39       Saving model
Train Loss:  Epoch    Total      Graph      Atom       Grad       Stress     Addn.      Time      
             118      6.6094     6.6094     0.0000     0.0000     0.0000     0.0000     4.44      
Val Loss:    Epoch    Total      Graph      Atom       Grad       Stress     Addn.      Time      
             118      0.7777     0.7777     0.0000     0.0000     0.0000     0.0000     0.39       Saving model
Train Loss:  Epoch    Total      Graph      Atom       Grad       Stress     Addn.      Time      
             119      6.5687     6.5687     0.0000     0.0000     0.0000     0.0000     4.66      
Val Loss:    Epoch    Total      Graph      Atom       Grad       Stress     Addn.      Time      
             119      0.7780     0.7780     0.0000     0.0000     0.0000     0.0000     0.38       Saving model
Test MAE: 0.1002651699470909
Time taken (s) 596.2353115081787
Error: The source file 'prediction_results_test_set.csv' was not found.
Error: The source file 'history_val_mae.json' was not found.

  0%|          | 0/4395 [00:00<?, ?it/s]
  0%|          | 13/4395 [00:00<00:34, 126.86it/s]
  1%|          | 26/4395 [00:00<00:36, 119.15it/s]
  1%|          | 38/4395 [00:00<00:37, 115.95it/s]
  1%|          | 50/4395 [00:00<00:59, 73.14it/s] 
  1%|▏         | 62/4395 [00:00<00:51, 83.64it/s]
  2%|▏         | 73/4395 [00:00<00:47, 90.20it/s]
  2%|▏         | 86/4395 [00:00<00:42, 100.37it/s]
  2%|▏         | 100/4395 [00:00<00:38, 111.09it/s]
  3%|▎         | 112/4395 [00:01<00:40, 106.58it/s]
  3%|▎         | 124/4395 [00:01<00:38, 109.73it/s]
  3%|▎         | 138/4395 [00:01<00:36, 118.05it/s]
  3%|▎         | 152/4395 [00:01<00:34, 122.99it/s]
  4%|▍         | 165/4395 [00:01<00:35, 118.41it/s]
  4%|▍         | 181/4395 [00:01<00:32, 128.67it/s]
  4%|▍         | 195/4395 [00:01<00:35, 118.95it/s]
  5%|▍         | 208/4395 [00:01<00:35, 118.79it/s]
  5%|▌         | 221/4395 [00:02<00:35, 116.78it/s]
  5%|▌         | 233/4395 [00:02<00:36, 113.35it/s]
  6%|▌         | 245/4395 [00:02<00:36, 112.86it/s]
  6%|▌         | 257/4395 [00:02<00:36, 113.54it/s]
  6%|▌         | 269/4395 [00:02<00:36, 114.23it/s]
  6%|▋         | 283/4395 [00:02<00:34, 118.31it/s]
  7%|▋         | 295/4395 [00:02<00:34, 118.58it/s]
  7%|▋         | 308/4395 [00:02<00:33, 120.40it/s]
  7%|▋         | 321/4395 [00:02<00:34, 116.51it/s]
  8%|▊         | 334/4395 [00:02<00:34, 118.79it/s]
  8%|▊         | 347/4395 [00:03<00:33, 121.38it/s]
  8%|▊         | 361/4395 [00:03<00:32, 125.13it/s]
  9%|▊         | 374/4395 [00:03<00:32, 123.42it/s]
  9%|▉         | 388/4395 [00:03<00:31, 127.37it/s]
  9%|▉         | 401/4395 [00:03<00:31, 125.68it/s]
  9%|▉         | 414/4395 [00:03<00:31, 126.85it/s]
 10%|▉         | 428/4395 [00:03<00:30, 129.96it/s]
 10%|█         | 442/4395 [00:03<00:30, 130.16it/s]
 10%|█         | 459/4395 [00:03<00:27, 140.89it/s]
 11%|█         | 474/4395 [00:04<00:29, 132.77it/s]
 11%|█         | 488/4395 [00:04<00:29, 130.44it/s]
 11%|█▏        | 502/4395 [00:04<00:30, 127.72it/s]
 12%|█▏        | 515/4395 [00:04<00:31, 123.70it/s]
 12%|█▏        | 528/4395 [00:04<00:32, 117.27it/s]
 12%|█▏        | 540/4395 [00:04<00:33, 113.87it/s]
 13%|█▎        | 553/4395 [00:04<00:32, 118.10it/s]
 13%|█▎        | 567/4395 [00:04<00:31, 122.60it/s]
 13%|█▎        | 582/4395 [00:04<00:29, 129.48it/s]
 14%|█▎        | 596/4395 [00:05<00:29, 130.07it/s]
 14%|█▍        | 610/4395 [00:05<00:30, 125.03it/s]
 14%|█▍        | 625/4395 [00:05<00:29, 128.78it/s]
 15%|█▍        | 639/4395 [00:05<00:28, 130.53it/s]
 15%|█▍        | 653/4395 [00:05<00:29, 126.45it/s]
 15%|█▌        | 666/4395 [00:05<00:31, 116.97it/s]
 15%|█▌        | 680/4395 [00:05<00:30, 121.01it/s]
 16%|█▌        | 693/4395 [00:06<00:47, 78.25it/s] 
 16%|█▌        | 708/4395 [00:06<00:40, 92.05it/s]
 16%|█▋        | 723/4395 [00:06<00:35, 104.30it/s]
 17%|█▋        | 736/4395 [00:06<00:34, 105.31it/s]
 17%|█▋        | 748/4395 [00:06<00:33, 108.70it/s]
 17%|█▋        | 761/4395 [00:06<00:31, 113.99it/s]
 18%|█▊        | 774/4395 [00:06<00:31, 113.51it/s]
 18%|█▊        | 786/4395 [00:06<00:32, 110.24it/s]
 18%|█▊        | 799/4395 [00:06<00:31, 114.55it/s]
 18%|█▊        | 812/4395 [00:07<00:30, 118.79it/s]
 19%|█▉        | 825/4395 [00:07<00:29, 121.59it/s]
 19%|█▉        | 840/4395 [00:07<00:27, 129.17it/s]
 19%|█▉        | 854/4395 [00:07<00:28, 125.39it/s]
 20%|█▉        | 867/4395 [00:07<00:28, 123.07it/s]
 20%|██        | 881/4395 [00:07<00:28, 124.59it/s]
 20%|██        | 895/4395 [00:07<00:27, 126.78it/s]
 21%|██        | 908/4395 [00:07<00:27, 125.89it/s]
 21%|██        | 921/4395 [00:07<00:27, 124.43it/s]
 21%|██▏       | 934/4395 [00:07<00:29, 116.79it/s]
 22%|██▏       | 947/4395 [00:08<00:28, 119.75it/s]
 22%|██▏       | 960/4395 [00:08<00:28, 119.44it/s]
 22%|██▏       | 973/4395 [00:08<00:29, 114.57it/s]
 22%|██▏       | 988/4395 [00:08<00:27, 124.01it/s]
 23%|██▎       | 1001/4395 [00:08<00:27, 122.63it/s]
 23%|██▎       | 1016/4395 [00:08<00:26, 129.74it/s]
 23%|██▎       | 1030/4395 [00:08<00:26, 127.51it/s]
 24%|██▎       | 1043/4395 [00:08<00:30, 108.99it/s]
 24%|██▍       | 1057/4395 [00:09<00:28, 115.29it/s]
 24%|██▍       | 1069/4395 [00:09<00:31, 105.73it/s]
 25%|██▍       | 1081/4395 [00:09<00:30, 106.98it/s]
 25%|██▍       | 1096/4395 [00:09<00:28, 117.41it/s]
 25%|██▌       | 1109/4395 [00:09<00:27, 120.77it/s]
 26%|██▌       | 1122/4395 [00:09<00:27, 119.82it/s]
 26%|██▌       | 1136/4395 [00:09<00:26, 124.36it/s]
 26%|██▌       | 1149/4395 [00:09<00:27, 117.79it/s]
 26%|██▋       | 1161/4395 [00:09<00:28, 111.99it/s]
 27%|██▋       | 1175/4395 [00:10<00:27, 116.54it/s]
 27%|██▋       | 1187/4395 [00:10<00:31, 101.26it/s]
 27%|██▋       | 1199/4395 [00:10<00:30, 104.42it/s]
 28%|██▊       | 1210/4395 [00:10<00:43, 73.76it/s] 
 28%|██▊       | 1222/4395 [00:10<00:38, 83.02it/s]
 28%|██▊       | 1232/4395 [00:10<00:37, 84.18it/s]
 28%|██▊       | 1243/4395 [00:10<00:34, 90.19it/s]
 29%|██▊       | 1257/4395 [00:10<00:30, 101.86it/s]
 29%|██▉       | 1272/4395 [00:11<00:27, 112.45it/s]
 29%|██▉       | 1285/4395 [00:11<00:26, 117.19it/s]
 30%|██▉       | 1298/4395 [00:11<00:27, 112.21it/s]
 30%|██▉       | 1312/4395 [00:11<00:26, 118.55it/s]
 30%|███       | 1326/4395 [00:11<00:24, 124.45it/s]
 30%|███       | 1339/4395 [00:11<00:24, 122.53it/s]
 31%|███       | 1354/4395 [00:11<00:23, 127.85it/s]
 31%|███       | 1367/4395 [00:11<00:24, 121.77it/s]
 31%|███▏      | 1380/4395 [00:11<00:25, 116.06it/s]
 32%|███▏      | 1393/4395 [00:12<00:25, 119.17it/s]
 32%|███▏      | 1406/4395 [00:12<00:25, 117.06it/s]
 32%|███▏      | 1419/4395 [00:12<00:24, 120.14it/s]
 33%|███▎      | 1435/4395 [00:12<00:22, 128.84it/s]
 33%|███▎      | 1449/4395 [00:12<00:22, 130.89it/s]
 33%|███▎      | 1466/4395 [00:12<00:21, 139.23it/s]
 34%|███▎      | 1481/4395 [00:12<00:20, 140.89it/s]
 34%|███▍      | 1496/4395 [00:12<00:20, 139.45it/s]
 34%|███▍      | 1510/4395 [00:12<00:22, 130.84it/s]
 35%|███▍      | 1524/4395 [00:13<00:21, 132.92it/s]
 35%|███▍      | 1538/4395 [00:13<00:21, 130.84it/s]
 35%|███▌      | 1552/4395 [00:13<00:23, 120.17it/s]
 36%|███▌      | 1567/4395 [00:13<00:22, 126.71it/s]
 36%|███▌      | 1580/4395 [00:13<00:22, 123.55it/s]
 36%|███▋      | 1595/4395 [00:13<00:21, 128.89it/s]
 37%|███▋      | 1609/4395 [00:13<00:21, 131.23it/s]
 37%|███▋      | 1624/4395 [00:13<00:20, 134.60it/s]
 37%|███▋      | 1638/4395 [00:13<00:20, 131.46it/s]
 38%|███▊      | 1652/4395 [00:14<00:22, 122.59it/s]
 38%|███▊      | 1665/4395 [00:14<00:23, 114.82it/s]
 38%|███▊      | 1677/4395 [00:14<00:24, 112.55it/s]
 38%|███▊      | 1689/4395 [00:14<00:23, 114.17it/s]
 39%|███▊      | 1701/4395 [00:14<00:24, 110.51it/s]
 39%|███▉      | 1713/4395 [00:14<00:24, 111.50it/s]
 39%|███▉      | 1726/4395 [00:14<00:22, 116.34it/s]
 40%|███▉      | 1740/4395 [00:14<00:21, 120.81it/s]
 40%|███▉      | 1753/4395 [00:14<00:22, 119.89it/s]
 40%|████      | 1766/4395 [00:15<00:21, 122.55it/s]
 40%|████      | 1779/4395 [00:15<00:21, 121.37it/s]
 41%|████      | 1792/4395 [00:15<00:21, 118.85it/s]
 41%|████      | 1806/4395 [00:15<00:21, 122.91it/s]
 41%|████▏     | 1819/4395 [00:15<00:21, 121.15it/s]
 42%|████▏     | 1832/4395 [00:15<00:21, 118.92it/s]
 42%|████▏     | 1846/4395 [00:15<00:20, 124.17it/s]
 42%|████▏     | 1859/4395 [00:15<00:21, 119.74it/s]
 43%|████▎     | 1872/4395 [00:15<00:21, 118.90it/s]
 43%|████▎     | 1884/4395 [00:16<00:22, 109.82it/s]
 43%|████▎     | 1896/4395 [00:16<00:32, 76.73it/s] 
 43%|████▎     | 1911/4395 [00:16<00:27, 91.90it/s]
 44%|████▎     | 1922/4395 [00:16<00:25, 96.01it/s]
 44%|████▍     | 1933/4395 [00:16<00:25, 97.25it/s]
 44%|████▍     | 1946/4395 [00:16<00:23, 103.23it/s]
 45%|████▍     | 1960/4395 [00:16<00:21, 111.51it/s]
 45%|████▍     | 1972/4395 [00:16<00:21, 112.87it/s]
 45%|████▌     | 1985/4395 [00:17<00:21, 114.66it/s]
 45%|████▌     | 1997/4395 [00:17<00:20, 115.40it/s]
 46%|████▌     | 2009/4395 [00:17<00:21, 112.43it/s]
 46%|████▌     | 2023/4395 [00:17<00:20, 118.04it/s]
 46%|████▋     | 2038/4395 [00:17<00:19, 122.07it/s]
 47%|████▋     | 2053/4395 [00:17<00:18, 128.09it/s]
 47%|████▋     | 2068/4395 [00:17<00:17, 133.06it/s]
 47%|████▋     | 2082/4395 [00:17<00:18, 128.27it/s]
 48%|████▊     | 2095/4395 [00:17<00:18, 127.24it/s]
 48%|████▊     | 2109/4395 [00:18<00:17, 129.60it/s]
 48%|████▊     | 2123/4395 [00:18<00:17, 132.30it/s]
 49%|████▊     | 2137/4395 [00:18<00:17, 125.86it/s]
 49%|████▉     | 2153/4395 [00:18<00:16, 134.05it/s]
 49%|████▉     | 2167/4395 [00:18<00:19, 112.40it/s]
 50%|████▉     | 2180/4395 [00:18<00:20, 110.31it/s]
 50%|████▉     | 2193/4395 [00:18<00:19, 114.06it/s]
 50%|█████     | 2206/4395 [00:18<00:18, 116.76it/s]
 50%|█████     | 2218/4395 [00:19<00:18, 114.83it/s]
 51%|█████     | 2232/4395 [00:19<00:17, 121.05it/s]
 51%|█████     | 2246/4395 [00:19<00:17, 124.79it/s]
 51%|█████▏    | 2259/4395 [00:19<00:17, 122.04it/s]
 52%|█████▏    | 2273/4395 [00:19<00:16, 125.42it/s]
 52%|█████▏    | 2286/4395 [00:19<00:16, 126.29it/s]
 52%|█████▏    | 2299/4395 [00:19<00:17, 118.60it/s]
 53%|█████▎    | 2312/4395 [00:19<00:17, 119.33it/s]
 53%|█████▎    | 2325/4395 [00:19<00:17, 121.36it/s]
 53%|█████▎    | 2338/4395 [00:19<00:16, 123.00it/s]
 53%|█████▎    | 2351/4395 [00:20<00:17, 116.14it/s]
 54%|█████▍    | 2363/4395 [00:20<00:17, 116.10it/s]
 54%|█████▍    | 2376/4395 [00:20<00:17, 117.98it/s]
 54%|█████▍    | 2388/4395 [00:20<00:18, 107.45it/s]
 55%|█████▍    | 2399/4395 [00:20<00:25, 77.77it/s] 
 55%|█████▍    | 2412/4395 [00:20<00:22, 89.02it/s]
 55%|█████▌    | 2423/4395 [00:20<00:21, 93.29it/s]
 55%|█████▌    | 2434/4395 [00:21<00:20, 94.34it/s]
 56%|█████▌    | 2448/4395 [00:21<00:18, 105.71it/s]
 56%|█████▌    | 2461/4395 [00:21<00:17, 110.22it/s]
 56%|█████▋    | 2473/4395 [00:21<00:17, 110.21it/s]
 57%|█████▋    | 2486/4395 [00:21<00:16, 114.37it/s]
 57%|█████▋    | 2498/4395 [00:21<00:16, 115.42it/s]
 57%|█████▋    | 2512/4395 [00:21<00:15, 122.04it/s]
 57%|█████▋    | 2526/4395 [00:21<00:15, 123.51it/s]
 58%|█████▊    | 2540/4395 [00:21<00:14, 126.01it/s]
 58%|█████▊    | 2553/4395 [00:21<00:14, 126.67it/s]
 58%|█████▊    | 2568/4395 [00:22<00:13, 131.77it/s]
 59%|█████▊    | 2582/4395 [00:22<00:14, 126.84it/s]
 59%|█████▉    | 2595/4395 [00:22<00:14, 126.54it/s]
 59%|█████▉    | 2608/4395 [00:22<00:14, 122.47it/s]
 60%|█████▉    | 2623/4395 [00:22<00:14, 125.37it/s]
 60%|█████▉    | 2636/4395 [00:22<00:14, 119.14it/s]
 60%|██████    | 2649/4395 [00:22<00:14, 120.45it/s]
 61%|██████    | 2663/4395 [00:22<00:13, 124.04it/s]
 61%|██████    | 2677/4395 [00:22<00:13, 126.42it/s]
 61%|██████    | 2690/4395 [00:23<00:14, 118.96it/s]
 62%|██████▏   | 2703/4395 [00:23<00:14, 120.50it/s]
 62%|██████▏   | 2716/4395 [00:23<00:13, 120.91it/s]
 62%|██████▏   | 2729/4395 [00:23<00:13, 121.54it/s]
 62%|██████▏   | 2742/4395 [00:23<00:13, 120.72it/s]
 63%|██████▎   | 2756/4395 [00:23<00:13, 123.88it/s]
 63%|██████▎   | 2769/4395 [00:23<00:13, 120.36it/s]
 63%|██████▎   | 2784/4395 [00:23<00:12, 127.57it/s]
 64%|██████▎   | 2799/4395 [00:23<00:12, 130.26it/s]
 64%|██████▍   | 2813/4395 [00:24<00:12, 123.24it/s]
 64%|██████▍   | 2826/4395 [00:24<00:13, 115.37it/s]
 65%|██████▍   | 2839/4395 [00:24<00:13, 118.15it/s]
 65%|██████▍   | 2851/4395 [00:24<00:13, 112.59it/s]
 65%|██████▌   | 2864/4395 [00:24<00:13, 117.21it/s]
 65%|██████▌   | 2878/4395 [00:24<00:12, 123.49it/s]
 66%|██████▌   | 2892/4395 [00:24<00:11, 127.44it/s]
 66%|██████▌   | 2905/4395 [00:24<00:11, 126.54it/s]
 66%|██████▋   | 2918/4395 [00:24<00:11, 123.98it/s]
 67%|██████▋   | 2932/4395 [00:25<00:11, 126.86it/s]
 67%|██████▋   | 2947/4395 [00:25<00:11, 131.33it/s]
 67%|██████▋   | 2962/4395 [00:25<00:10, 132.88it/s]
 68%|██████▊   | 2976/4395 [00:25<00:11, 120.59it/s]
 68%|██████▊   | 2989/4395 [00:25<00:11, 120.92it/s]
 68%|██████▊   | 3002/4395 [00:25<00:11, 122.99it/s]
 69%|██████▊   | 3015/4395 [00:25<00:11, 121.07it/s]
 69%|██████▉   | 3031/4395 [00:25<00:10, 129.51it/s]
 69%|██████▉   | 3045/4395 [00:25<00:10, 132.24it/s]
 70%|██████▉   | 3059/4395 [00:26<00:10, 130.40it/s]
 70%|██████▉   | 3074/4395 [00:26<00:10, 131.98it/s]
 70%|███████   | 3088/4395 [00:26<00:09, 130.91it/s]
 71%|███████   | 3102/4395 [00:26<00:10, 129.00it/s]
 71%|███████   | 3115/4395 [00:26<00:10, 126.70it/s]
 71%|███████   | 3129/4395 [00:26<00:09, 128.00it/s]
 71%|███████▏  | 3142/4395 [00:26<00:16, 75.26it/s] 
 72%|███████▏  | 3153/4395 [00:27<00:15, 81.89it/s]
 72%|███████▏  | 3166/4395 [00:27<00:13, 91.21it/s]
 72%|███████▏  | 3179/4395 [00:27<00:12, 99.45it/s]
 73%|███████▎  | 3192/4395 [00:27<00:11, 106.30it/s]
 73%|███████▎  | 3205/4395 [00:27<00:11, 108.03it/s]
 73%|███████▎  | 3219/4395 [00:27<00:10, 115.40it/s]
 74%|███████▎  | 3232/4395 [00:27<00:09, 118.64it/s]
 74%|███████▍  | 3245/4395 [00:27<00:09, 119.83it/s]
 74%|███████▍  | 3258/4395 [00:27<00:09, 116.39it/s]
 74%|███████▍  | 3271/4395 [00:27<00:09, 119.74it/s]
 75%|███████▍  | 3284/4395 [00:28<00:09, 118.61it/s]
 75%|███████▌  | 3297/4395 [00:28<00:09, 120.28it/s]
 75%|███████▌  | 3310/4395 [00:28<00:08, 121.90it/s]
 76%|███████▌  | 3324/4395 [00:28<00:08, 124.19it/s]
 76%|███████▌  | 3339/4395 [00:28<00:08, 128.61it/s]
 76%|███████▋  | 3352/4395 [00:28<00:08, 117.22it/s]
 77%|███████▋  | 3364/4395 [00:28<00:09, 109.06it/s]
 77%|███████▋  | 3376/4395 [00:28<00:09, 109.52it/s]
 77%|███████▋  | 3389/4395 [00:28<00:08, 114.70it/s]
 77%|███████▋  | 3401/4395 [00:29<00:08, 115.55it/s]
 78%|███████▊  | 3413/4395 [00:29<00:08, 114.33it/s]
 78%|███████▊  | 3425/4395 [00:29<00:08, 115.13it/s]
 78%|███████▊  | 3438/4395 [00:29<00:08, 118.74it/s]
 79%|███████▊  | 3452/4395 [00:29<00:07, 123.60it/s]
 79%|███████▉  | 3467/4395 [00:29<00:07, 130.12it/s]
 79%|███████▉  | 3481/4395 [00:29<00:07, 122.12it/s]
 79%|███████▉  | 3494/4395 [00:29<00:07, 114.92it/s]
 80%|███████▉  | 3508/4395 [00:29<00:07, 120.60it/s]
 80%|████████  | 3522/4395 [00:30<00:07, 123.88it/s]
 80%|████████  | 3535/4395 [00:30<00:06, 124.82it/s]
 81%|████████  | 3548/4395 [00:30<00:07, 119.53it/s]
 81%|████████  | 3561/4395 [00:30<00:07, 107.15it/s]
 81%|████████▏ | 3574/4395 [00:30<00:07, 111.81it/s]
 82%|████████▏ | 3586/4395 [00:30<00:07, 112.78it/s]
 82%|████████▏ | 3598/4395 [00:30<00:07, 111.58it/s]
 82%|████████▏ | 3611/4395 [00:30<00:06, 114.90it/s]
 82%|████████▏ | 3623/4395 [00:30<00:06, 115.99it/s]
 83%|████████▎ | 3635/4395 [00:31<00:07, 103.05it/s]
 83%|████████▎ | 3649/4395 [00:31<00:06, 112.76it/s]
 83%|████████▎ | 3661/4395 [00:31<00:06, 108.44it/s]
 84%|████████▎ | 3674/4395 [00:31<00:06, 113.50it/s]
 84%|████████▍ | 3688/4395 [00:31<00:05, 120.12it/s]
 84%|████████▍ | 3701/4395 [00:31<00:05, 117.67it/s]
 84%|████████▍ | 3713/4395 [00:31<00:08, 80.21it/s] 
 85%|████████▍ | 3728/4395 [00:32<00:07, 93.43it/s]
 85%|████████▌ | 3742/4395 [00:32<00:06, 104.07it/s]
 85%|████████▌ | 3755/4395 [00:32<00:05, 108.19it/s]
 86%|████████▌ | 3769/4395 [00:32<00:05, 115.13it/s]
 86%|████████▌ | 3782/4395 [00:32<00:05, 115.61it/s]
 86%|████████▋ | 3795/4395 [00:32<00:05, 115.45it/s]
 87%|████████▋ | 3808/4395 [00:32<00:05, 117.15it/s]
 87%|████████▋ | 3824/4395 [00:32<00:04, 127.09it/s]
 87%|████████▋ | 3838/4395 [00:32<00:04, 129.62it/s]
 88%|████████▊ | 3852/4395 [00:33<00:04, 127.34it/s]
 88%|████████▊ | 3865/4395 [00:33<00:04, 119.51it/s]
 88%|████████▊ | 3879/4395 [00:33<00:04, 123.49it/s]
 89%|████████▊ | 3892/4395 [00:33<00:04, 123.71it/s]
 89%|████████▉ | 3905/4395 [00:33<00:04, 113.92it/s]
 89%|████████▉ | 3918/4395 [00:33<00:04, 116.57it/s]
 89%|████████▉ | 3931/4395 [00:33<00:03, 118.67it/s]
 90%|████████▉ | 3945/4395 [00:33<00:03, 124.06it/s]
 90%|█████████ | 3958/4395 [00:33<00:03, 121.33it/s]
 90%|█████████ | 3972/4395 [00:34<00:03, 125.95it/s]
 91%|█████████ | 3985/4395 [00:34<00:03, 122.19it/s]
 91%|█████████ | 3998/4395 [00:34<00:03, 114.82it/s]
 91%|█████████ | 4010/4395 [00:34<00:03, 113.99it/s]
 92%|█████████▏| 4022/4395 [00:34<00:03, 111.30it/s]
 92%|█████████▏| 4034/4395 [00:34<00:03, 111.20it/s]
 92%|█████████▏| 4047/4395 [00:34<00:03, 115.49it/s]
 92%|█████████▏| 4061/4395 [00:34<00:02, 121.38it/s]
 93%|█████████▎| 4074/4395 [00:34<00:02, 120.06it/s]
 93%|█████████▎| 4087/4395 [00:35<00:02, 118.98it/s]
 93%|█████████▎| 4099/4395 [00:35<00:02, 110.01it/s]
 94%|█████████▎| 4112/4395 [00:35<00:02, 113.58it/s]
 94%|█████████▍| 4124/4395 [00:35<00:02, 110.96it/s]
 94%|█████████▍| 4136/4395 [00:35<00:02, 113.16it/s]
 94%|█████████▍| 4149/4395 [00:35<00:02, 117.17it/s]
 95%|█████████▍| 4161/4395 [00:35<00:02, 104.40it/s]
 95%|█████████▍| 4174/4395 [00:35<00:02, 108.34it/s]
 95%|█████████▌| 4186/4395 [00:35<00:01, 108.62it/s]
 96%|█████████▌| 4198/4395 [00:36<00:01, 106.71it/s]
 96%|█████████▌| 4211/4395 [00:36<00:01, 112.41it/s]
 96%|█████████▌| 4224/4395 [00:36<00:01, 115.84it/s]
 96%|█████████▋| 4236/4395 [00:36<00:01, 115.16it/s]
 97%|█████████▋| 4250/4395 [00:36<00:01, 121.10it/s]
 97%|█████████▋| 4263/4395 [00:36<00:01, 120.38it/s]
 97%|█████████▋| 4276/4395 [00:36<00:01, 108.19it/s]
 98%|█████████▊| 4291/4395 [00:36<00:00, 117.44it/s]
 98%|█████████▊| 4304/4395 [00:37<00:01, 79.50it/s] 
 98%|█████████▊| 4314/4395 [00:37<00:00, 82.07it/s]
 98%|█████████▊| 4325/4395 [00:37<00:00, 86.98it/s]
 99%|█████████▊| 4339/4395 [00:37<00:00, 97.54it/s]
 99%|█████████▉| 4350/4395 [00:37<00:00, 100.38it/s]
 99%|█████████▉| 4364/4395 [00:37<00:00, 109.08it/s]
100%|█████████▉| 4376/4395 [00:37<00:00, 107.38it/s]
100%|█████████▉| 4390/4395 [00:37<00:00, 115.91it/s]
100%|██████████| 4395/4395 [00:37<00:00, 115.91it/s]
/ibex/user/shoaibsa/miniconda3/envs/py312/lib/python3.12/site-packages/alignn/graphs.py:1176: UserWarning: Creating a tensor from a list of numpy.ndarrays is extremely slow. Please consider converting the list to a single numpy.ndarray with numpy.array() before converting to a tensor. (Triggered internally at /pytorch/torch/csrc/utils/tensor_new.cpp:253.)
  self.lattices = torch.tensor(self.lattices).type(

  0%|          | 0/4395 [00:00<?, ?it/s]
  1%|          | 40/4395 [00:00<00:13, 324.98it/s]
  9%|▊         | 376/4395 [00:00<00:02, 1954.37it/s]
 13%|█▎        | 587/4395 [00:00<00:02, 1682.88it/s]
 17%|█▋        | 768/4395 [00:00<00:02, 1510.97it/s]
 21%|██        | 928/4395 [00:00<00:02, 1395.66it/s]
 24%|██▍       | 1074/4395 [00:00<00:03, 1055.04it/s]
 27%|██▋       | 1193/4395 [00:00<00:03, 1037.70it/s]
 33%|███▎      | 1463/4395 [00:01<00:02, 1433.99it/s]
 41%|████▏     | 1815/4395 [00:01<00:01, 1963.22it/s]
 49%|████▉     | 2155/4395 [00:01<00:00, 2338.84it/s]
 57%|█████▋    | 2491/4395 [00:01<00:00, 2619.50it/s]
 65%|██████▍   | 2839/4395 [00:01<00:00, 2861.78it/s]
 73%|███████▎  | 3187/4395 [00:01<00:00, 3037.89it/s]
 80%|████████  | 3523/4395 [00:01<00:00, 3130.17it/s]
 88%|████████▊ | 3861/4395 [00:01<00:00, 3203.17it/s]
 95%|█████████▌| 4193/4395 [00:01<00:00, 3236.61it/s]
100%|██████████| 4395/4395 [00:01<00:00, 2252.92it/s]

  0%|          | 0/549 [00:00<?, ?it/s]
  3%|▎         | 14/549 [00:00<00:03, 134.72it/s]
  5%|▌         | 28/549 [00:00<00:03, 131.74it/s]
  8%|▊         | 42/549 [00:00<00:03, 133.49it/s]
 10%|█         | 56/549 [00:00<00:04, 109.90it/s]
 13%|█▎        | 71/549 [00:00<00:03, 120.86it/s]
 15%|█▌        | 84/549 [00:00<00:03, 116.73it/s]
 17%|█▋        | 96/549 [00:00<00:03, 113.28it/s]
 20%|█▉        | 108/549 [00:00<00:03, 113.66it/s]
 22%|██▏       | 121/549 [00:01<00:03, 116.36it/s]
 24%|██▍       | 133/549 [00:01<00:03, 108.97it/s]
 26%|██▋       | 145/549 [00:01<00:03, 106.73it/s]
 29%|██▉       | 158/549 [00:01<00:03, 111.39it/s]
 31%|███       | 170/549 [00:01<00:03, 104.96it/s]
 34%|███▎      | 184/549 [00:01<00:03, 112.85it/s]
 36%|███▌      | 197/549 [00:01<00:03, 116.66it/s]
 38%|███▊      | 211/549 [00:01<00:02, 123.15it/s]
 41%|████      | 224/549 [00:02<00:04, 70.59it/s] 
 43%|████▎     | 238/549 [00:02<00:03, 77.80it/s]
 46%|████▌     | 250/549 [00:02<00:03, 86.12it/s]
 48%|████▊     | 263/549 [00:02<00:03, 95.19it/s]
 50%|█████     | 277/549 [00:02<00:02, 102.18it/s]
 53%|█████▎    | 291/549 [00:02<00:02, 109.02it/s]
 55%|█████▌    | 303/549 [00:02<00:02, 111.15it/s]
 58%|█████▊    | 316/549 [00:02<00:02, 116.14it/s]
 60%|█████▉    | 329/549 [00:03<00:02, 105.14it/s]
 62%|██████▏   | 341/549 [00:03<00:02, 100.79it/s]
 65%|██████▍   | 355/549 [00:03<00:01, 108.32it/s]
 67%|██████▋   | 367/549 [00:03<00:01, 108.45it/s]
 70%|██████▉   | 383/549 [00:03<00:01, 119.07it/s]
 72%|███████▏  | 396/549 [00:03<00:01, 119.71it/s]
 74%|███████▍  | 409/549 [00:03<00:01, 115.45it/s]
 77%|███████▋  | 423/549 [00:03<00:01, 121.72it/s]
 79%|███████▉  | 436/549 [00:04<00:01, 112.42it/s]
 82%|████████▏ | 451/549 [00:04<00:00, 120.39it/s]
 85%|████████▍ | 464/549 [00:04<00:00, 118.52it/s]
 87%|████████▋ | 477/549 [00:04<00:00, 118.36it/s]
 89%|████████▉ | 489/549 [00:04<00:00, 118.10it/s]
 91%|█████████▏| 502/549 [00:04<00:00, 120.02it/s]
 94%|█████████▍| 515/549 [00:04<00:00, 120.99it/s]
 97%|█████████▋| 530/549 [00:04<00:00, 128.69it/s]
 99%|█████████▉| 543/549 [00:04<00:00, 114.79it/s]
100%|██████████| 549/549 [00:04<00:00, 110.27it/s]

  0%|          | 0/549 [00:00<?, ?it/s]
 60%|█████▉    | 328/549 [00:00<00:00, 3262.50it/s]
100%|██████████| 549/549 [00:00<00:00, 3296.37it/s]

  0%|          | 0/549 [00:00<?, ?it/s]
  2%|▏         | 10/549 [00:00<00:05, 98.37it/s]
  4%|▍         | 24/549 [00:00<00:04, 117.43it/s]
  7%|▋         | 39/549 [00:00<00:03, 128.46it/s]
  9%|▉         | 52/549 [00:00<00:04, 110.27it/s]
 12%|█▏        | 67/549 [00:00<00:03, 121.98it/s]
 15%|█▍        | 81/549 [00:00<00:03, 125.15it/s]
 17%|█▋        | 94/549 [00:00<00:03, 121.11it/s]
 19%|█▉        | 107/549 [00:00<00:04, 96.69it/s]
 21%|██▏       | 118/549 [00:01<00:07, 61.11it/s]
 24%|██▎       | 130/549 [00:01<00:05, 70.48it/s]
 26%|██▋       | 145/549 [00:01<00:04, 85.29it/s]
 28%|██▊       | 156/549 [00:01<00:04, 89.42it/s]
 31%|███       | 168/549 [00:01<00:03, 96.43it/s]
 33%|███▎      | 181/549 [00:01<00:03, 104.48it/s]
 36%|███▌      | 195/549 [00:01<00:03, 111.42it/s]
 38%|███▊      | 210/549 [00:02<00:02, 120.00it/s]
 41%|████      | 224/549 [00:02<00:02, 122.59it/s]
 43%|████▎     | 237/549 [00:02<00:02, 122.31it/s]
 46%|████▌     | 250/549 [00:02<00:02, 114.68it/s]
 48%|████▊     | 263/549 [00:02<00:02, 117.23it/s]
 50%|█████     | 276/549 [00:02<00:02, 118.73it/s]
 53%|█████▎    | 291/549 [00:02<00:02, 124.42it/s]
 55%|█████▌    | 304/549 [00:02<00:02, 113.96it/s]
 58%|█████▊    | 316/549 [00:03<00:02, 104.36it/s]
 60%|██████    | 331/549 [00:03<00:01, 113.73it/s]
 63%|██████▎   | 344/549 [00:03<00:01, 115.33it/s]
 65%|██████▍   | 356/549 [00:03<00:01, 107.08it/s]
 67%|██████▋   | 367/549 [00:03<00:01, 101.10it/s]
 69%|██████▉   | 380/549 [00:03<00:01, 107.03it/s]
 72%|███████▏  | 393/549 [00:03<00:01, 107.78it/s]
 74%|███████▍  | 406/549 [00:03<00:01, 111.71it/s]
 76%|███████▌  | 418/549 [00:03<00:01, 111.72it/s]
 79%|███████▊  | 431/549 [00:04<00:01, 115.26it/s]
 81%|████████  | 443/549 [00:04<00:00, 115.56it/s]
 83%|████████▎ | 457/549 [00:04<00:00, 121.83it/s]
 86%|████████▌ | 472/549 [00:04<00:00, 127.64it/s]
 89%|████████▊ | 486/549 [00:04<00:00, 127.80it/s]
 91%|█████████ | 500/549 [00:04<00:00, 130.21it/s]
 94%|█████████▎| 514/549 [00:04<00:00, 117.65it/s]
 96%|█████████▌| 527/549 [00:04<00:00, 113.38it/s]
 98%|█████████▊| 540/549 [00:04<00:00, 116.30it/s]
100%|██████████| 549/549 [00:05<00:00, 109.35it/s]

  0%|          | 0/549 [00:00<?, ?it/s]
 58%|█████▊    | 318/549 [00:00<00:00, 3172.82it/s]
100%|██████████| 549/549 [00:00<00:00, 3268.92it/s]
/ibex/user/shoaibsa/Intrinsic_Dimensionality_ML_Materials/ALIGNN/ALIGNN_MP/alignn/train.py:503: UserWarning: Detected call of `lr_scheduler.step()` before `optimizer.step()`. In PyTorch 1.1.0 and later, you should call them in the opposite order: `optimizer.step()` before `lr_scheduler.step()`.  Failure to do this will result in PyTorch skipping the first value of the learning rate schedule. See more details at https://pytorch.org/docs/stable/optim.html#how-to-adjust-learning-rate
  scheduler.step()
