world_size 1
root_dir partitions/kvrh_half_2
[Seed] random_seed=123, split_seed=123
len dataset 5494
train_stress False
starting from this file
[Subspace][Fastfood] D=85,953, d=85,953, padded n=131,072.
  Fastfood diagonals + permutation: ~2.50 MB (vs. dense P would need ~27.52 GB).
  Compute per forward: O(n log n) ~ 2,228,224 ops.
[Subspace] D=85,953, d=85,953
================================================================
[MEM REPORT] Wrapped model (runtime footprint)
Trainable params : 85,953
All params       : 171,906  (671.51 KB)
Buffers          : 610,481  (2.83 MB)
Optimizer(AdamW) ~ 671.51 KB
----------------------------------------------------------------
Estimated total (params + buffers + opt): 4.14 MB
----------------------------------------------------------------
CUDA live: allocated=3.50 MB, reserved=26.00 MB, device=cuda:0
================================================================
Not using LMDB dataset, memory footprint maybe high.
WARNING: not using LMDB might result errors.
MAX val: 2.741151598851785
MIN val: 0.0
MAD: 0.28806799259280486
Baseline MAE: 0.2966971066171897
data range 2.7101173651118162 0.0
Converting to graphs!
df         target  ...            jid
0     2.255273  ...  mb-kvrh-04276
1     1.690196  ...  mb-kvrh-08987
2     1.740363  ...  mb-kvrh-07594
3     1.462398  ...  mb-kvrh-08721
4     1.380211  ...  mb-kvrh-01524
...        ...  ...            ...
4390  2.075547  ...  mb-kvrh-09123
4391  1.819544  ...  mb-kvrh-02656
4392  1.662758  ...  mb-kvrh-06638
4393  1.623249  ...  mb-kvrh-07407
4394  1.342423  ...  mb-kvrh-05113

[4395 rows x 3 columns]
warning: could not load CGCNN features for 103
Setting it to max atomic number available here, 103
warning: could not load CGCNN features for 101
Setting it to max atomic number available here, 103
warning: could not load CGCNN features for 102
Setting it to max atomic number available here, 103
building line graphs
data range 2.741151598851785 0.6989700043360189
Converting to graphs!
df        target                                              atoms            jid
0    2.264818  {'lattice_mat': [[4.80623256, 0.0, 0.0], [-2.4...  mb-kvrh-05443
1    1.995635  {'lattice_mat': [[1.072e-05, 3.42042968, 3.420...  mb-kvrh-10134
2    1.431364  {'lattice_mat': [[4.95719558, 0.0, 0.0], [-2.4...  mb-kvrh-04665
3    2.271842  {'lattice_mat': [[2.94276033, 0.0, -0.72883662...  mb-kvrh-02902
4    1.934498  {'lattice_mat': [[4.05117656, 0.0, 0.0], [-2.0...  mb-kvrh-03318
..        ...                                                ...            ...
544  1.785330  {'lattice_mat': [[4.07505195, -0.0, -0.0], [0....  mb-kvrh-06714
545  2.292256  {'lattice_mat': [[3.47795553, 0.0, 2.00799856]...  mb-kvrh-07518
546  2.017033  {'lattice_mat': [[1.50052105, 0.86632571, 4.83...  mb-kvrh-03028
547  1.707570  {'lattice_mat': [[1.19690806, 3.52222994, 0.0]...  mb-kvrh-09088
548  2.447158  {'lattice_mat': [[4.29464324, 0.0, 0.0], [0.0,...  mb-kvrh-08562

[549 rows x 3 columns]
building line graphs
data range 2.569373909615046 0.0
Converting to graphs!
df        target                                              atoms            jid
0    1.653213  {'lattice_mat': [[3.95316622, 0.0, 0.0], [0.0,...  mb-kvrh-05039
1    1.000000  {'lattice_mat': [[4.48213375, 0.0, 0.0], [0.0,...  mb-kvrh-10547
2    2.123852  {'lattice_mat': [[-2.78e-06, 3.05223821, 3.052...  mb-kvrh-07201
3    2.045323  {'lattice_mat': [[5.00537049, 0.1977969, -0.85...  mb-kvrh-01178
4    2.120574  {'lattice_mat': [[4.12030109, 0.0, 0.0], [0.0,...  mb-kvrh-02432
..        ...                                                ...            ...
544  2.096910  {'lattice_mat': [[7.6711806, 0.0, 0.0], [-3.83...  mb-kvrh-04026
545  2.382017  {'lattice_mat': [[3.92472536, 0.0, 0.0], [0.0,...  mb-kvrh-05710
546  1.770852  {'lattice_mat': [[6.81817034, -0.01322801, -0....  mb-kvrh-00703
547  2.041393  {'lattice_mat': [[4.70064489, -0.17447171, 0.0...  mb-kvrh-01619
548  2.235528  {'lattice_mat': [[3.54683733, 0.0, 0.0], [0.0,...  mb-kvrh-03704

[549 rows x 3 columns]
building line graphs
n_train: 4395
n_val  : 549
n_test : 549
rank 0
world_size 1
config: {'version': '9c9ee23de543322c97e5d622a81e929e4dbfc141', 'dataset': 'user_data', 'target': 'target', 'atom_features': 'cgcnn', 'neighbor_strategy': 'k-nearest', 'id_tag': 'jid', 'dtype': 'float32', 'random_seed': 123, 'classification_threshold': None, 'n_val': None, 'n_test': None, 'n_train': None, 'train_ratio': 0.8, 'val_ratio': 0.1, 'test_ratio': 0.1, 'target_multiplication_factor': None, 'epochs': 120, 'batch_size': 64, 'gpu_memory_fraction': None, 'use_amp': False, 'ddp_find_unused_parameters': False, 'deterministic': False, 'weight_decay': 0.0, 'learning_rate': 0.001, 'filename': 'sample', 'warmup_steps': 2000, 'criterion': 'mse', 'optimizer': 'adamw', 'scheduler': 'onecycle', 'pin_memory': True, 'save_dataloader': False, 'write_checkpoint': True, 'write_predictions': True, 'store_outputs': True, 'progress': True, 'log_tensorboard': False, 'standard_scalar_and_pca': False, 'use_canonize': True, 'compute_line_graph': True, 'num_workers': 2, 'cutoff': 8.0, 'cutoff_extra': 3.0, 'three_body_cutoff': 3.5, 'max_neighbors': 12, 'keep_data_order': False, 'normalize_graph_level_loss': False, 'distributed': True, 'data_parallel': False, 'n_early_stopping': None, 'output_dir': '../results_alignn_log_kvrh_partitions_fastfood/kvrh_half_2/alignn_log_kvrh_fastfood_kvrh_half_2_dim100_seed123_epochs120', 'use_lmdb': False, 'read_existing': False, 'model': {'name': 'alignn_atomwise', 'alignn_layers': 1, 'gcn_layers': 1, 'atom_input_features': 92, 'edge_input_features': 80, 'triplet_input_features': 40, 'embedding_features': 64, 'hidden_features': 64, 'output_features': 1, 'grad_multiplier': -1, 'calculate_gradient': False, 'atomwise_output_features': 0, 'graphwise_weight': 1.0, 'gradwise_weight': 0.0, 'stresswise_weight': 0.0, 'atomwise_weight': 0.0, 'link': 'identity', 'zero_inflated': False, 'classification': False, 'force_mult_natoms': False, 'energy_mult_natoms': True, 'include_pos_deriv': False, 'use_cutoff_function': False, 'inner_cutoff': 3.0, 'stress_multiplier': 1.0, 'add_reverse_forces': True, 'lg_on_fly': True, 'batch_stress': True, 'multiply_cutoff': False, 'use_penalty': True, 'extra_features': 0, 'exponent': 5, 'penalty_factor': 0.1, 'penalty_threshold': 1.0, 'additional_output_features': 0, 'additional_output_weight': 0.0}}
{'atom_features': 'cgcnn',
 'batch_size': 64,
 'classification_threshold': None,
 'compute_line_graph': True,
 'criterion': 'mse',
 'cutoff': 8.0,
 'cutoff_extra': 3.0,
 'data_parallel': False,
 'dataset': 'user_data',
 'ddp_find_unused_parameters': False,
 'deterministic': False,
 'distributed': True,
 'dtype': 'float32',
 'epochs': 120,
 'filename': 'sample',
 'gpu_memory_fraction': None,
 'id_tag': 'jid',
 'keep_data_order': False,
 'learning_rate': 0.001,
 'log_tensorboard': False,
 'max_neighbors': 12,
 'model': {'add_reverse_forces': True,
           'additional_output_features': 0,
           'additional_output_weight': 0.0,
           'alignn_layers': 1,
           'atom_input_features': 92,
           'atomwise_output_features': 0,
           'atomwise_weight': 0.0,
           'batch_stress': True,
           'calculate_gradient': False,
           'classification': False,
           'edge_input_features': 80,
           'embedding_features': 64,
           'energy_mult_natoms': True,
           'exponent': 5,
           'extra_features': 0,
           'force_mult_natoms': False,
           'gcn_layers': 1,
           'grad_multiplier': -1,
           'gradwise_weight': 0.0,
           'graphwise_weight': 1.0,
           'hidden_features': 64,
           'include_pos_deriv': False,
           'inner_cutoff': 3.0,
           'lg_on_fly': True,
           'link': 'identity',
           'multiply_cutoff': False,
           'name': 'alignn_atomwise',
           'output_features': 1,
           'penalty_factor': 0.1,
           'penalty_threshold': 1.0,
           'stress_multiplier': 1.0,
           'stresswise_weight': 0.0,
           'triplet_input_features': 40,
           'use_cutoff_function': False,
           'use_penalty': True,
           'zero_inflated': False},
 'n_early_stopping': None,
 'n_test': None,
 'n_train': None,
 'n_val': None,
 'neighbor_strategy': 'k-nearest',
 'normalize_graph_level_loss': False,
 'num_workers': 2,
 'optimizer': 'adamw',
 'output_dir': '../results_alignn_log_kvrh_partitions_fastfood/kvrh_half_2/alignn_log_kvrh_fastfood_kvrh_half_2_dim100_seed123_epochs120',
 'pin_memory': True,
 'progress': True,
 'random_seed': 123,
 'read_existing': False,
 'save_dataloader': False,
 'scheduler': 'onecycle',
 'standard_scalar_and_pca': False,
 'store_outputs': True,
 'target': 'target',
 'target_multiplication_factor': None,
 'test_ratio': 0.1,
 'three_body_cutoff': 3.5,
 'train_ratio': 0.8,
 'use_amp': False,
 'use_canonize': True,
 'use_lmdb': False,
 'val_ratio': 0.1,
 'version': '9c9ee23de543322c97e5d622a81e929e4dbfc141',
 'warmup_steps': 2000,
 'weight_decay': 0.0,
 'write_checkpoint': True,
 'write_predictions': True}
[Seed] deterministic_mode=False

    _    _     ___ ____ _   _ _   _
   / \  | |   |_ _/ ___| \ | | \ | |
  / _ \ | |    | | |  _|  \| |  \| |
 / ___ \| |___ | | |_| | |\  | |\  |
/_/   \_\_____|___\____|_| \_|_| \_|

Model parameters 171906
CUDA available True
CUDA device count 1
   GPU: NVIDIA A100-SXM4-80GB. Max memory: 79.252 GB. Platform = Linux.
   Pytorch: 2.11.0+cu128. CUDA = 8.0. CUDA Toolkit = 12.8.

Train Loss:  Epoch    Total      Graph      Atom       Grad       Stress     Addn.      Time      
             0        14.4429    14.4429    0.0000     0.0000     0.0000     0.0000     4.43      
Val Loss:    Epoch    Total      Graph      Atom       Grad       Stress     Addn.      Time      
             0        1.2719     1.2719     0.0000     0.0000     0.0000     0.0000     0.65       Saving model
Train Loss:  Epoch    Total      Graph      Atom       Grad       Stress     Addn.      Time      
             1        10.3038    10.3038    0.0000     0.0000     0.0000     0.0000     4.06      
Val Loss:    Epoch    Total      Graph      Atom       Grad       Stress     Addn.      Time      
             1        1.0630     1.0630     0.0000     0.0000     0.0000     0.0000     0.39       Saving model
Train Loss:  Epoch    Total      Graph      Atom       Grad       Stress     Addn.      Time      
             2        10.2412    10.2412    0.0000     0.0000     0.0000     0.0000     4.10      
Val Loss:    Epoch    Total      Graph      Atom       Grad       Stress     Addn.      Time      
             2        1.1239     1.1239     0.0000     0.0000     0.0000     0.0000     0.39       Saving model
Train Loss:  Epoch    Total      Graph      Atom       Grad       Stress     Addn.      Time      
             3        10.2956    10.2956    0.0000     0.0000     0.0000     0.0000     5.32      
Val Loss:    Epoch    Total      Graph      Atom       Grad       Stress     Addn.      Time      
             3        0.9278     0.9278     0.0000     0.0000     0.0000     0.0000     0.39       Saving model
Train Loss:  Epoch    Total      Graph      Atom       Grad       Stress     Addn.      Time      
             4        8.1924     8.1924     0.0000     0.0000     0.0000     0.0000     4.12      
Val Loss:    Epoch    Total      Graph      Atom       Grad       Stress     Addn.      Time      
             4        0.8728     0.8728     0.0000     0.0000     0.0000     0.0000     0.38       Saving model
Train Loss:  Epoch    Total      Graph      Atom       Grad       Stress     Addn.      Time      
             5        7.9515     7.9515     0.0000     0.0000     0.0000     0.0000     4.12      
Val Loss:    Epoch    Total      Graph      Atom       Grad       Stress     Addn.      Time      
             5        1.3852     1.3852     0.0000     0.0000     0.0000     0.0000     0.75       Saving model
Train Loss:  Epoch    Total      Graph      Atom       Grad       Stress     Addn.      Time      
             6        9.3158     9.3158     0.0000     0.0000     0.0000     0.0000     4.39      
Val Loss:    Epoch    Total      Graph      Atom       Grad       Stress     Addn.      Time      
             6        0.9689     0.9689     0.0000     0.0000     0.0000     0.0000     0.39       Saving model
Train Loss:  Epoch    Total      Graph      Atom       Grad       Stress     Addn.      Time      
             7        7.6091     7.6091     0.0000     0.0000     0.0000     0.0000     4.27      
Val Loss:    Epoch    Total      Graph      Atom       Grad       Stress     Addn.      Time      
             7        1.0432     1.0432     0.0000     0.0000     0.0000     0.0000     0.39       Saving model
Train Loss:  Epoch    Total      Graph      Atom       Grad       Stress     Addn.      Time      
             8        8.1826     8.1826     0.0000     0.0000     0.0000     0.0000     4.10      
Val Loss:    Epoch    Total      Graph      Atom       Grad       Stress     Addn.      Time      
             8        1.0098     1.0098     0.0000     0.0000     0.0000     0.0000     0.39       Saving model
Train Loss:  Epoch    Total      Graph      Atom       Grad       Stress     Addn.      Time      
             9        7.4988     7.4988     0.0000     0.0000     0.0000     0.0000     4.56      
Val Loss:    Epoch    Total      Graph      Atom       Grad       Stress     Addn.      Time      
             9        1.0977     1.0977     0.0000     0.0000     0.0000     0.0000     0.77       Saving model
Train Loss:  Epoch    Total      Graph      Atom       Grad       Stress     Addn.      Time      
             10       7.3449     7.3449     0.0000     0.0000     0.0000     0.0000     4.46      
Val Loss:    Epoch    Total      Graph      Atom       Grad       Stress     Addn.      Time      
             10       0.8052     0.8052     0.0000     0.0000     0.0000     0.0000     0.40       Saving model
Train Loss:  Epoch    Total      Graph      Atom       Grad       Stress     Addn.      Time      
             11       7.4133     7.4133     0.0000     0.0000     0.0000     0.0000     4.13      
Val Loss:    Epoch    Total      Graph      Atom       Grad       Stress     Addn.      Time      
             11       0.7620     0.7620     0.0000     0.0000     0.0000     0.0000     0.39       Saving model
Train Loss:  Epoch    Total      Graph      Atom       Grad       Stress     Addn.      Time      
             12       7.0276     7.0276     0.0000     0.0000     0.0000     0.0000     4.47      
Val Loss:    Epoch    Total      Graph      Atom       Grad       Stress     Addn.      Time      
             12       0.8159     0.8159     0.0000     0.0000     0.0000     0.0000     0.39       Saving model
Train Loss:  Epoch    Total      Graph      Atom       Grad       Stress     Addn.      Time      
             13       7.3235     7.3235     0.0000     0.0000     0.0000     0.0000     4.63      
Val Loss:    Epoch    Total      Graph      Atom       Grad       Stress     Addn.      Time      
             13       1.1493     1.1493     0.0000     0.0000     0.0000     0.0000     0.39       Saving model
Train Loss:  Epoch    Total      Graph      Atom       Grad       Stress     Addn.      Time      
             14       7.8176     7.8176     0.0000     0.0000     0.0000     0.0000     4.11      
Val Loss:    Epoch    Total      Graph      Atom       Grad       Stress     Addn.      Time      
             14       0.7631     0.7631     0.0000     0.0000     0.0000     0.0000     0.38       Saving model
Train Loss:  Epoch    Total      Graph      Atom       Grad       Stress     Addn.      Time      
             15       6.7066     6.7066     0.0000     0.0000     0.0000     0.0000     4.10      
Val Loss:    Epoch    Total      Graph      Atom       Grad       Stress     Addn.      Time      
             15       0.8264     0.8264     0.0000     0.0000     0.0000     0.0000     0.82       Saving model
Train Loss:  Epoch    Total      Graph      Atom       Grad       Stress     Addn.      Time      
             16       6.6460     6.6460     0.0000     0.0000     0.0000     0.0000     4.50      
Val Loss:    Epoch    Total      Graph      Atom       Grad       Stress     Addn.      Time      
             16       0.7873     0.7873     0.0000     0.0000     0.0000     0.0000     0.40       Saving model
Train Loss:  Epoch    Total      Graph      Atom       Grad       Stress     Addn.      Time      
             17       6.5416     6.5416     0.0000     0.0000     0.0000     0.0000     4.42      
Val Loss:    Epoch    Total      Graph      Atom       Grad       Stress     Addn.      Time      
             17       0.7968     0.7968     0.0000     0.0000     0.0000     0.0000     0.39       Saving model
Train Loss:  Epoch    Total      Graph      Atom       Grad       Stress     Addn.      Time      
             18       6.5379     6.5379     0.0000     0.0000     0.0000     0.0000     4.51      
Val Loss:    Epoch    Total      Graph      Atom       Grad       Stress     Addn.      Time      
             18       0.7482     0.7482     0.0000     0.0000     0.0000     0.0000     0.39       Saving model
Train Loss:  Epoch    Total      Graph      Atom       Grad       Stress     Addn.      Time      
             19       6.7301     6.7301     0.0000     0.0000     0.0000     0.0000     4.31      
Val Loss:    Epoch    Total      Graph      Atom       Grad       Stress     Addn.      Time      
             19       0.8014     0.8014     0.0000     0.0000     0.0000     0.0000     0.38       Saving model
Train Loss:  Epoch    Total      Graph      Atom       Grad       Stress     Addn.      Time      
             20       6.8575     6.8575     0.0000     0.0000     0.0000     0.0000     4.09      
Val Loss:    Epoch    Total      Graph      Atom       Grad       Stress     Addn.      Time      
             20       0.8737     0.8737     0.0000     0.0000     0.0000     0.0000     0.39       Saving model
Train Loss:  Epoch    Total      Graph      Atom       Grad       Stress     Addn.      Time      
             21       6.6414     6.6414     0.0000     0.0000     0.0000     0.0000     4.11      
Val Loss:    Epoch    Total      Graph      Atom       Grad       Stress     Addn.      Time      
             21       0.6983     0.6983     0.0000     0.0000     0.0000     0.0000     0.38       Saving model
Train Loss:  Epoch    Total      Graph      Atom       Grad       Stress     Addn.      Time      
             22       5.8872     5.8872     0.0000     0.0000     0.0000     0.0000     5.08      
Val Loss:    Epoch    Total      Graph      Atom       Grad       Stress     Addn.      Time      
             22       0.7395     0.7395     0.0000     0.0000     0.0000     0.0000     0.39       Saving model
Train Loss:  Epoch    Total      Graph      Atom       Grad       Stress     Addn.      Time      
             23       5.8525     5.8525     0.0000     0.0000     0.0000     0.0000     4.10      
Val Loss:    Epoch    Total      Graph      Atom       Grad       Stress     Addn.      Time      
             23       0.6697     0.6697     0.0000     0.0000     0.0000     0.0000     0.39       Saving model
Train Loss:  Epoch    Total      Graph      Atom       Grad       Stress     Addn.      Time      
             24       5.6466     5.6466     0.0000     0.0000     0.0000     0.0000     4.48      
Val Loss:    Epoch    Total      Graph      Atom       Grad       Stress     Addn.      Time      
             24       0.7587     0.7587     0.0000     0.0000     0.0000     0.0000     0.40       Saving model
Train Loss:  Epoch    Total      Graph      Atom       Grad       Stress     Addn.      Time      
             25       5.7628     5.7628     0.0000     0.0000     0.0000     0.0000     4.13      
Val Loss:    Epoch    Total      Graph      Atom       Grad       Stress     Addn.      Time      
             25       0.8445     0.8445     0.0000     0.0000     0.0000     0.0000     0.57       Saving model
Train Loss:  Epoch    Total      Graph      Atom       Grad       Stress     Addn.      Time      
             26       6.1206     6.1206     0.0000     0.0000     0.0000     0.0000     4.32      
Val Loss:    Epoch    Total      Graph      Atom       Grad       Stress     Addn.      Time      
             26       0.7514     0.7514     0.0000     0.0000     0.0000     0.0000     0.39       Saving model
Train Loss:  Epoch    Total      Graph      Atom       Grad       Stress     Addn.      Time      
             27       5.7074     5.7074     0.0000     0.0000     0.0000     0.0000     4.12      
Val Loss:    Epoch    Total      Graph      Atom       Grad       Stress     Addn.      Time      
             27       0.6735     0.6735     0.0000     0.0000     0.0000     0.0000     0.38       Saving model
Train Loss:  Epoch    Total      Graph      Atom       Grad       Stress     Addn.      Time      
             28       6.5345     6.5345     0.0000     0.0000     0.0000     0.0000     4.94      
Val Loss:    Epoch    Total      Graph      Atom       Grad       Stress     Addn.      Time      
             28       0.6992     0.6992     0.0000     0.0000     0.0000     0.0000     0.39       Saving model
Train Loss:  Epoch    Total      Graph      Atom       Grad       Stress     Addn.      Time      
             29       5.8101     5.8101     0.0000     0.0000     0.0000     0.0000     4.11      
Val Loss:    Epoch    Total      Graph      Atom       Grad       Stress     Addn.      Time      
             29       0.7982     0.7982     0.0000     0.0000     0.0000     0.0000     0.39       Saving model
Train Loss:  Epoch    Total      Graph      Atom       Grad       Stress     Addn.      Time      
             30       5.8373     5.8373     0.0000     0.0000     0.0000     0.0000     4.14      
Val Loss:    Epoch    Total      Graph      Atom       Grad       Stress     Addn.      Time      
             30       0.6703     0.6703     0.0000     0.0000     0.0000     0.0000     0.75       Saving model
Train Loss:  Epoch    Total      Graph      Atom       Grad       Stress     Addn.      Time      
             31       5.6384     5.6384     0.0000     0.0000     0.0000     0.0000     4.44      
Val Loss:    Epoch    Total      Graph      Atom       Grad       Stress     Addn.      Time      
             31       0.7533     0.7533     0.0000     0.0000     0.0000     0.0000     0.41       Saving model
Train Loss:  Epoch    Total      Graph      Atom       Grad       Stress     Addn.      Time      
             32       5.3424     5.3424     0.0000     0.0000     0.0000     0.0000     4.26      
Val Loss:    Epoch    Total      Graph      Atom       Grad       Stress     Addn.      Time      
             32       0.6741     0.6741     0.0000     0.0000     0.0000     0.0000     0.40       Saving model
Train Loss:  Epoch    Total      Graph      Atom       Grad       Stress     Addn.      Time      
             33       5.4145     5.4145     0.0000     0.0000     0.0000     0.0000     4.10      
Val Loss:    Epoch    Total      Graph      Atom       Grad       Stress     Addn.      Time      
             33       0.6839     0.6839     0.0000     0.0000     0.0000     0.0000     0.39       Saving model
Train Loss:  Epoch    Total      Graph      Atom       Grad       Stress     Addn.      Time      
             34       5.2145     5.2145     0.0000     0.0000     0.0000     0.0000     4.56      
Val Loss:    Epoch    Total      Graph      Atom       Grad       Stress     Addn.      Time      
             34       0.7404     0.7404     0.0000     0.0000     0.0000     0.0000     0.79       Saving model
Train Loss:  Epoch    Total      Graph      Atom       Grad       Stress     Addn.      Time      
             35       6.1578     6.1578     0.0000     0.0000     0.0000     0.0000     4.37      
Val Loss:    Epoch    Total      Graph      Atom       Grad       Stress     Addn.      Time      
             35       0.7329     0.7329     0.0000     0.0000     0.0000     0.0000     0.39       Saving model
Train Loss:  Epoch    Total      Graph      Atom       Grad       Stress     Addn.      Time      
             36       5.4636     5.4636     0.0000     0.0000     0.0000     0.0000     4.10      
Val Loss:    Epoch    Total      Graph      Atom       Grad       Stress     Addn.      Time      
             36       0.6486     0.6486     0.0000     0.0000     0.0000     0.0000     0.38       Saving model
Train Loss:  Epoch    Total      Graph      Atom       Grad       Stress     Addn.      Time      
             37       5.1744     5.1744     0.0000     0.0000     0.0000     0.0000     4.47      
Val Loss:    Epoch    Total      Graph      Atom       Grad       Stress     Addn.      Time      
             37       0.6177     0.6177     0.0000     0.0000     0.0000     0.0000     0.39       Saving model
Train Loss:  Epoch    Total      Graph      Atom       Grad       Stress     Addn.      Time      
             38       5.0095     5.0095     0.0000     0.0000     0.0000     0.0000     4.34      
Val Loss:    Epoch    Total      Graph      Atom       Grad       Stress     Addn.      Time      
             38       0.6427     0.6427     0.0000     0.0000     0.0000     0.0000     0.40       Saving model
Train Loss:  Epoch    Total      Graph      Atom       Grad       Stress     Addn.      Time      
             39       5.4508     5.4508     0.0000     0.0000     0.0000     0.0000     4.50      
Val Loss:    Epoch    Total      Graph      Atom       Grad       Stress     Addn.      Time      
             39       0.6648     0.6648     0.0000     0.0000     0.0000     0.0000     0.39       Saving model
Train Loss:  Epoch    Total      Graph      Atom       Grad       Stress     Addn.      Time      
             40       5.6681     5.6681     0.0000     0.0000     0.0000     0.0000     4.15      
Val Loss:    Epoch    Total      Graph      Atom       Grad       Stress     Addn.      Time      
             40       0.6462     0.6462     0.0000     0.0000     0.0000     0.0000     0.83       Saving model
Train Loss:  Epoch    Total      Graph      Atom       Grad       Stress     Addn.      Time      
             41       4.9869     4.9869     0.0000     0.0000     0.0000     0.0000     4.52      
Val Loss:    Epoch    Total      Graph      Atom       Grad       Stress     Addn.      Time      
             41       0.6616     0.6616     0.0000     0.0000     0.0000     0.0000     0.40       Saving model
Train Loss:  Epoch    Total      Graph      Atom       Grad       Stress     Addn.      Time      
             42       5.1830     5.1830     0.0000     0.0000     0.0000     0.0000     4.12      
Val Loss:    Epoch    Total      Graph      Atom       Grad       Stress     Addn.      Time      
             42       0.6127     0.6127     0.0000     0.0000     0.0000     0.0000     0.39       Saving model
Train Loss:  Epoch    Total      Graph      Atom       Grad       Stress     Addn.      Time      
             43       4.9469     4.9469     0.0000     0.0000     0.0000     0.0000     4.46      
Val Loss:    Epoch    Total      Graph      Atom       Grad       Stress     Addn.      Time      
             43       0.6517     0.6517     0.0000     0.0000     0.0000     0.0000     0.38       Saving model
Train Loss:  Epoch    Total      Graph      Atom       Grad       Stress     Addn.      Time      
             44       5.0915     5.0915     0.0000     0.0000     0.0000     0.0000     4.69      
Val Loss:    Epoch    Total      Graph      Atom       Grad       Stress     Addn.      Time      
             44       0.6728     0.6728     0.0000     0.0000     0.0000     0.0000     0.38       Saving model
Train Loss:  Epoch    Total      Graph      Atom       Grad       Stress     Addn.      Time      
             45       4.9851     4.9851     0.0000     0.0000     0.0000     0.0000     4.14      
Val Loss:    Epoch    Total      Graph      Atom       Grad       Stress     Addn.      Time      
             45       0.6873     0.6873     0.0000     0.0000     0.0000     0.0000     0.39       Saving model
Train Loss:  Epoch    Total      Graph      Atom       Grad       Stress     Addn.      Time      
             46       5.0838     5.0838     0.0000     0.0000     0.0000     0.0000     5.42      
Val Loss:    Epoch    Total      Graph      Atom       Grad       Stress     Addn.      Time      
             46       0.6281     0.6281     0.0000     0.0000     0.0000     0.0000     0.72       Saving model
Train Loss:  Epoch    Total      Graph      Atom       Grad       Stress     Addn.      Time      
             47       4.9086     4.9086     0.0000     0.0000     0.0000     0.0000     4.47      
Val Loss:    Epoch    Total      Graph      Atom       Grad       Stress     Addn.      Time      
             47       0.6382     0.6382     0.0000     0.0000     0.0000     0.0000     0.39       Saving model
Train Loss:  Epoch    Total      Graph      Atom       Grad       Stress     Addn.      Time      
             48       4.7822     4.7822     0.0000     0.0000     0.0000     0.0000     4.38      
Val Loss:    Epoch    Total      Graph      Atom       Grad       Stress     Addn.      Time      
             48       0.6489     0.6489     0.0000     0.0000     0.0000     0.0000     0.39       Saving model
Train Loss:  Epoch    Total      Graph      Atom       Grad       Stress     Addn.      Time      
             49       4.7684     4.7684     0.0000     0.0000     0.0000     0.0000     4.47      
Val Loss:    Epoch    Total      Graph      Atom       Grad       Stress     Addn.      Time      
             49       0.5721     0.5721     0.0000     0.0000     0.0000     0.0000     0.39       Saving model
Train Loss:  Epoch    Total      Graph      Atom       Grad       Stress     Addn.      Time      
             50       4.5580     4.5580     0.0000     0.0000     0.0000     0.0000     4.30      
Val Loss:    Epoch    Total      Graph      Atom       Grad       Stress     Addn.      Time      
             50       0.6895     0.6895     0.0000     0.0000     0.0000     0.0000     0.37       Saving model
Train Loss:  Epoch    Total      Graph      Atom       Grad       Stress     Addn.      Time      
             51       4.8851     4.8851     0.0000     0.0000     0.0000     0.0000     4.10      
Val Loss:    Epoch    Total      Graph      Atom       Grad       Stress     Addn.      Time      
             51       0.7302     0.7302     0.0000     0.0000     0.0000     0.0000     0.39       Saving model
Train Loss:  Epoch    Total      Graph      Atom       Grad       Stress     Addn.      Time      
             52       5.0286     5.0286     0.0000     0.0000     0.0000     0.0000     4.38      
Val Loss:    Epoch    Total      Graph      Atom       Grad       Stress     Addn.      Time      
             52       0.6490     0.6490     0.0000     0.0000     0.0000     0.0000     0.39       Saving model
Train Loss:  Epoch    Total      Graph      Atom       Grad       Stress     Addn.      Time      
             53       4.7919     4.7919     0.0000     0.0000     0.0000     0.0000     4.94      
Val Loss:    Epoch    Total      Graph      Atom       Grad       Stress     Addn.      Time      
             53       0.5773     0.5773     0.0000     0.0000     0.0000     0.0000     0.39       Saving model
Train Loss:  Epoch    Total      Graph      Atom       Grad       Stress     Addn.      Time      
             54       5.0320     5.0320     0.0000     0.0000     0.0000     0.0000     4.12      
Val Loss:    Epoch    Total      Graph      Atom       Grad       Stress     Addn.      Time      
             54       0.6569     0.6569     0.0000     0.0000     0.0000     0.0000     0.39       Saving model
Train Loss:  Epoch    Total      Graph      Atom       Grad       Stress     Addn.      Time      
             55       5.1274     5.1274     0.0000     0.0000     0.0000     0.0000     4.45      
Val Loss:    Epoch    Total      Graph      Atom       Grad       Stress     Addn.      Time      
             55       0.6559     0.6559     0.0000     0.0000     0.0000     0.0000     0.39       Saving model
Train Loss:  Epoch    Total      Graph      Atom       Grad       Stress     Addn.      Time      
             56       4.7637     4.7637     0.0000     0.0000     0.0000     0.0000     4.73      
Val Loss:    Epoch    Total      Graph      Atom       Grad       Stress     Addn.      Time      
             56       0.6401     0.6401     0.0000     0.0000     0.0000     0.0000     0.38       Saving model
Train Loss:  Epoch    Total      Graph      Atom       Grad       Stress     Addn.      Time      
             57       5.1815     5.1815     0.0000     0.0000     0.0000     0.0000     4.09      
Val Loss:    Epoch    Total      Graph      Atom       Grad       Stress     Addn.      Time      
             57       0.7755     0.7755     0.0000     0.0000     0.0000     0.0000     0.39       Saving model
Train Loss:  Epoch    Total      Graph      Atom       Grad       Stress     Addn.      Time      
             58       5.0998     5.0998     0.0000     0.0000     0.0000     0.0000     4.12      
Val Loss:    Epoch    Total      Graph      Atom       Grad       Stress     Addn.      Time      
             58       0.6069     0.6069     0.0000     0.0000     0.0000     0.0000     0.39       Saving model
Train Loss:  Epoch    Total      Graph      Atom       Grad       Stress     Addn.      Time      
             59       4.6335     4.6335     0.0000     0.0000     0.0000     0.0000     4.93      
Val Loss:    Epoch    Total      Graph      Atom       Grad       Stress     Addn.      Time      
             59       0.6179     0.6179     0.0000     0.0000     0.0000     0.0000     0.39       Saving model
Train Loss:  Epoch    Total      Graph      Atom       Grad       Stress     Addn.      Time      
             60       4.5357     4.5357     0.0000     0.0000     0.0000     0.0000     4.43      
Val Loss:    Epoch    Total      Graph      Atom       Grad       Stress     Addn.      Time      
             60       0.6630     0.6630     0.0000     0.0000     0.0000     0.0000     0.39       Saving model
Train Loss:  Epoch    Total      Graph      Atom       Grad       Stress     Addn.      Time      
             61       4.5995     4.5995     0.0000     0.0000     0.0000     0.0000     4.49      
Val Loss:    Epoch    Total      Graph      Atom       Grad       Stress     Addn.      Time      
             61       0.6440     0.6440     0.0000     0.0000     0.0000     0.0000     0.39       Saving model
Train Loss:  Epoch    Total      Graph      Atom       Grad       Stress     Addn.      Time      
             62       4.7217     4.7217     0.0000     0.0000     0.0000     0.0000     4.12      
Val Loss:    Epoch    Total      Graph      Atom       Grad       Stress     Addn.      Time      
             62       0.6083     0.6083     0.0000     0.0000     0.0000     0.0000     0.38       Saving model
Train Loss:  Epoch    Total      Graph      Atom       Grad       Stress     Addn.      Time      
             63       4.9816     4.9816     0.0000     0.0000     0.0000     0.0000     4.29      
Val Loss:    Epoch    Total      Graph      Atom       Grad       Stress     Addn.      Time      
             63       0.6921     0.6921     0.0000     0.0000     0.0000     0.0000     0.39       Saving model
Train Loss:  Epoch    Total      Graph      Atom       Grad       Stress     Addn.      Time      
             64       4.6497     4.6497     0.0000     0.0000     0.0000     0.0000     4.42      
Val Loss:    Epoch    Total      Graph      Atom       Grad       Stress     Addn.      Time      
             64       0.6681     0.6681     0.0000     0.0000     0.0000     0.0000     0.40       Saving model
Train Loss:  Epoch    Total      Graph      Atom       Grad       Stress     Addn.      Time      
             65       4.6191     4.6191     0.0000     0.0000     0.0000     0.0000     4.88      
Val Loss:    Epoch    Total      Graph      Atom       Grad       Stress     Addn.      Time      
             65       0.6053     0.6053     0.0000     0.0000     0.0000     0.0000     0.39       Saving model
Train Loss:  Epoch    Total      Graph      Atom       Grad       Stress     Addn.      Time      
             66       4.4573     4.4573     0.0000     0.0000     0.0000     0.0000     4.12      
Val Loss:    Epoch    Total      Graph      Atom       Grad       Stress     Addn.      Time      
             66       0.6182     0.6182     0.0000     0.0000     0.0000     0.0000     0.39       Saving model
Train Loss:  Epoch    Total      Graph      Atom       Grad       Stress     Addn.      Time      
             67       4.3058     4.3058     0.0000     0.0000     0.0000     0.0000     4.12      
Val Loss:    Epoch    Total      Graph      Atom       Grad       Stress     Addn.      Time      
             67       0.6173     0.6173     0.0000     0.0000     0.0000     0.0000     0.39       Saving model
Train Loss:  Epoch    Total      Graph      Atom       Grad       Stress     Addn.      Time      
             68       4.6750     4.6750     0.0000     0.0000     0.0000     0.0000     4.91      
Val Loss:    Epoch    Total      Graph      Atom       Grad       Stress     Addn.      Time      
             68       0.6416     0.6416     0.0000     0.0000     0.0000     0.0000     0.39       Saving model
Train Loss:  Epoch    Total      Graph      Atom       Grad       Stress     Addn.      Time      
             69       4.6724     4.6724     0.0000     0.0000     0.0000     0.0000     4.33      
Val Loss:    Epoch    Total      Graph      Atom       Grad       Stress     Addn.      Time      
             69       0.6009     0.6009     0.0000     0.0000     0.0000     0.0000     0.39       Saving model
Train Loss:  Epoch    Total      Graph      Atom       Grad       Stress     Addn.      Time      
             70       4.5015     4.5015     0.0000     0.0000     0.0000     0.0000     4.11      
Val Loss:    Epoch    Total      Graph      Atom       Grad       Stress     Addn.      Time      
             70       0.6250     0.6250     0.0000     0.0000     0.0000     0.0000     0.39       Saving model
Train Loss:  Epoch    Total      Graph      Atom       Grad       Stress     Addn.      Time      
             71       4.3708     4.3708     0.0000     0.0000     0.0000     0.0000     4.10      
Val Loss:    Epoch    Total      Graph      Atom       Grad       Stress     Addn.      Time      
             71       0.6441     0.6441     0.0000     0.0000     0.0000     0.0000     0.75       Saving model
Train Loss:  Epoch    Total      Graph      Atom       Grad       Stress     Addn.      Time      
             72       4.6491     4.6491     0.0000     0.0000     0.0000     0.0000     4.46      
Val Loss:    Epoch    Total      Graph      Atom       Grad       Stress     Addn.      Time      
             72       0.6681     0.6681     0.0000     0.0000     0.0000     0.0000     0.39       Saving model
Train Loss:  Epoch    Total      Graph      Atom       Grad       Stress     Addn.      Time      
             73       4.2231     4.2231     0.0000     0.0000     0.0000     0.0000     4.49      
Val Loss:    Epoch    Total      Graph      Atom       Grad       Stress     Addn.      Time      
             73       0.6216     0.6216     0.0000     0.0000     0.0000     0.0000     0.39       Saving model
Train Loss:  Epoch    Total      Graph      Atom       Grad       Stress     Addn.      Time      
             74       4.2877     4.2877     0.0000     0.0000     0.0000     0.0000     4.47      
Val Loss:    Epoch    Total      Graph      Atom       Grad       Stress     Addn.      Time      
             74       0.5955     0.5955     0.0000     0.0000     0.0000     0.0000     0.39       Saving model
Train Loss:  Epoch    Total      Graph      Atom       Grad       Stress     Addn.      Time      
             75       4.3365     4.3365     0.0000     0.0000     0.0000     0.0000     4.32      
Val Loss:    Epoch    Total      Graph      Atom       Grad       Stress     Addn.      Time      
             75       0.5863     0.5863     0.0000     0.0000     0.0000     0.0000     0.39       Saving model
Train Loss:  Epoch    Total      Graph      Atom       Grad       Stress     Addn.      Time      
             76       4.3561     4.3561     0.0000     0.0000     0.0000     0.0000     4.39      
Val Loss:    Epoch    Total      Graph      Atom       Grad       Stress     Addn.      Time      
             76       0.5913     0.5913     0.0000     0.0000     0.0000     0.0000     0.39       Saving model
Train Loss:  Epoch    Total      Graph      Atom       Grad       Stress     Addn.      Time      
             77       4.3520     4.3520     0.0000     0.0000     0.0000     0.0000     4.11      
Val Loss:    Epoch    Total      Graph      Atom       Grad       Stress     Addn.      Time      
             77       0.5834     0.5834     0.0000     0.0000     0.0000     0.0000     0.40       Saving model
Train Loss:  Epoch    Total      Graph      Atom       Grad       Stress     Addn.      Time      
             78       4.2684     4.2684     0.0000     0.0000     0.0000     0.0000     4.91      
Val Loss:    Epoch    Total      Graph      Atom       Grad       Stress     Addn.      Time      
             78       0.5946     0.5946     0.0000     0.0000     0.0000     0.0000     0.39       Saving model
Train Loss:  Epoch    Total      Graph      Atom       Grad       Stress     Addn.      Time      
             79       4.3429     4.3429     0.0000     0.0000     0.0000     0.0000     4.12      
Val Loss:    Epoch    Total      Graph      Atom       Grad       Stress     Addn.      Time      
             79       0.6665     0.6665     0.0000     0.0000     0.0000     0.0000     0.39       Saving model
Train Loss:  Epoch    Total      Graph      Atom       Grad       Stress     Addn.      Time      
             80       4.3649     4.3649     0.0000     0.0000     0.0000     0.0000     4.79      
Val Loss:    Epoch    Total      Graph      Atom       Grad       Stress     Addn.      Time      
             80       0.5890     0.5890     0.0000     0.0000     0.0000     0.0000     0.39       Saving model
Train Loss:  Epoch    Total      Graph      Atom       Grad       Stress     Addn.      Time      
             81       4.2303     4.2303     0.0000     0.0000     0.0000     0.0000     4.34      
Val Loss:    Epoch    Total      Graph      Atom       Grad       Stress     Addn.      Time      
             81       0.6379     0.6379     0.0000     0.0000     0.0000     0.0000     0.38       Saving model
Train Loss:  Epoch    Total      Graph      Atom       Grad       Stress     Addn.      Time      
             82       4.5424     4.5424     0.0000     0.0000     0.0000     0.0000     4.10      
Val Loss:    Epoch    Total      Graph      Atom       Grad       Stress     Addn.      Time      
             82       0.5499     0.5499     0.0000     0.0000     0.0000     0.0000     0.39       Saving model
Train Loss:  Epoch    Total      Graph      Atom       Grad       Stress     Addn.      Time      
             83       4.1050     4.1050     0.0000     0.0000     0.0000     0.0000     4.10      
Val Loss:    Epoch    Total      Graph      Atom       Grad       Stress     Addn.      Time      
             83       0.6321     0.6321     0.0000     0.0000     0.0000     0.0000     0.39       Saving model
Train Loss:  Epoch    Total      Graph      Atom       Grad       Stress     Addn.      Time      
             84       4.0827     4.0827     0.0000     0.0000     0.0000     0.0000     5.08      
Val Loss:    Epoch    Total      Graph      Atom       Grad       Stress     Addn.      Time      
             84       0.5815     0.5815     0.0000     0.0000     0.0000     0.0000     0.39       Saving model
Train Loss:  Epoch    Total      Graph      Atom       Grad       Stress     Addn.      Time      
             85       3.8540     3.8540     0.0000     0.0000     0.0000     0.0000     4.12      
Val Loss:    Epoch    Total      Graph      Atom       Grad       Stress     Addn.      Time      
             85       0.5820     0.5820     0.0000     0.0000     0.0000     0.0000     0.39       Saving model
Train Loss:  Epoch    Total      Graph      Atom       Grad       Stress     Addn.      Time      
             86       4.0246     4.0246     0.0000     0.0000     0.0000     0.0000     4.51      
Val Loss:    Epoch    Total      Graph      Atom       Grad       Stress     Addn.      Time      
             86       0.6647     0.6647     0.0000     0.0000     0.0000     0.0000     0.39       Saving model
Train Loss:  Epoch    Total      Graph      Atom       Grad       Stress     Addn.      Time      
             87       4.1274     4.1274     0.0000     0.0000     0.0000     0.0000     4.10      
Val Loss:    Epoch    Total      Graph      Atom       Grad       Stress     Addn.      Time      
             87       0.5893     0.5893     0.0000     0.0000     0.0000     0.0000     0.39       Saving model
Train Loss:  Epoch    Total      Graph      Atom       Grad       Stress     Addn.      Time      
             88       4.0081     4.0081     0.0000     0.0000     0.0000     0.0000     4.59      
Val Loss:    Epoch    Total      Graph      Atom       Grad       Stress     Addn.      Time      
             88       0.6302     0.6302     0.0000     0.0000     0.0000     0.0000     0.39       Saving model
Train Loss:  Epoch    Total      Graph      Atom       Grad       Stress     Addn.      Time      
             89       4.5822     4.5822     0.0000     0.0000     0.0000     0.0000     4.10      
Val Loss:    Epoch    Total      Graph      Atom       Grad       Stress     Addn.      Time      
             89       0.5970     0.5970     0.0000     0.0000     0.0000     0.0000     0.39       Saving model
Train Loss:  Epoch    Total      Graph      Atom       Grad       Stress     Addn.      Time      
             90       3.9278     3.9278     0.0000     0.0000     0.0000     0.0000     4.93      
Val Loss:    Epoch    Total      Graph      Atom       Grad       Stress     Addn.      Time      
             90       0.6130     0.6130     0.0000     0.0000     0.0000     0.0000     0.40       Saving model
Train Loss:  Epoch    Total      Graph      Atom       Grad       Stress     Addn.      Time      
             91       4.1521     4.1521     0.0000     0.0000     0.0000     0.0000     4.14      
Val Loss:    Epoch    Total      Graph      Atom       Grad       Stress     Addn.      Time      
             91       0.6757     0.6757     0.0000     0.0000     0.0000     0.0000     0.39       Saving model
Train Loss:  Epoch    Total      Graph      Atom       Grad       Stress     Addn.      Time      
             92       4.0190     4.0190     0.0000     0.0000     0.0000     0.0000     4.50      
Val Loss:    Epoch    Total      Graph      Atom       Grad       Stress     Addn.      Time      
             92       0.6402     0.6402     0.0000     0.0000     0.0000     0.0000     0.39       Saving model
Train Loss:  Epoch    Total      Graph      Atom       Grad       Stress     Addn.      Time      
             93       4.5996     4.5996     0.0000     0.0000     0.0000     0.0000     4.49      
Val Loss:    Epoch    Total      Graph      Atom       Grad       Stress     Addn.      Time      
             93       0.6149     0.6149     0.0000     0.0000     0.0000     0.0000     0.39       Saving model
Train Loss:  Epoch    Total      Graph      Atom       Grad       Stress     Addn.      Time      
             94       4.0099     4.0099     0.0000     0.0000     0.0000     0.0000     4.29      
Val Loss:    Epoch    Total      Graph      Atom       Grad       Stress     Addn.      Time      
             94       0.5903     0.5903     0.0000     0.0000     0.0000     0.0000     0.39       Saving model
Train Loss:  Epoch    Total      Graph      Atom       Grad       Stress     Addn.      Time      
             95       3.9914     3.9914     0.0000     0.0000     0.0000     0.0000     4.10      
Val Loss:    Epoch    Total      Graph      Atom       Grad       Stress     Addn.      Time      
             95       0.6089     0.6089     0.0000     0.0000     0.0000     0.0000     0.68       Saving model
Train Loss:  Epoch    Total      Graph      Atom       Grad       Stress     Addn.      Time      
             96       3.8513     3.8513     0.0000     0.0000     0.0000     0.0000     4.54      
Val Loss:    Epoch    Total      Graph      Atom       Grad       Stress     Addn.      Time      
             96       0.6153     0.6153     0.0000     0.0000     0.0000     0.0000     0.39       Saving model
Train Loss:  Epoch    Total      Graph      Atom       Grad       Stress     Addn.      Time      
             97       3.9414     3.9414     0.0000     0.0000     0.0000     0.0000     4.47      
Val Loss:    Epoch    Total      Graph      Atom       Grad       Stress     Addn.      Time      
             97       0.7029     0.7029     0.0000     0.0000     0.0000     0.0000     0.39       Saving model
Train Loss:  Epoch    Total      Graph      Atom       Grad       Stress     Addn.      Time      
             98       4.0912     4.0912     0.0000     0.0000     0.0000     0.0000     4.09      
Val Loss:    Epoch    Total      Graph      Atom       Grad       Stress     Addn.      Time      
             98       0.6043     0.6043     0.0000     0.0000     0.0000     0.0000     0.39       Saving model
Train Loss:  Epoch    Total      Graph      Atom       Grad       Stress     Addn.      Time      
             99       4.0082     4.0082     0.0000     0.0000     0.0000     0.0000     4.48      
Val Loss:    Epoch    Total      Graph      Atom       Grad       Stress     Addn.      Time      
             99       0.6022     0.6022     0.0000     0.0000     0.0000     0.0000     0.39       Saving model
Train Loss:  Epoch    Total      Graph      Atom       Grad       Stress     Addn.      Time      
             100      3.8184     3.8184     0.0000     0.0000     0.0000     0.0000     4.30      
Val Loss:    Epoch    Total      Graph      Atom       Grad       Stress     Addn.      Time      
             100      0.5695     0.5695     0.0000     0.0000     0.0000     0.0000     0.66       Saving model
Train Loss:  Epoch    Total      Graph      Atom       Grad       Stress     Addn.      Time      
             101      3.9094     3.9094     0.0000     0.0000     0.0000     0.0000     4.09      
Val Loss:    Epoch    Total      Graph      Atom       Grad       Stress     Addn.      Time      
             101      0.6399     0.6399     0.0000     0.0000     0.0000     0.0000     0.39       Saving model
Train Loss:  Epoch    Total      Graph      Atom       Grad       Stress     Addn.      Time      
             102      3.9346     3.9346     0.0000     0.0000     0.0000     0.0000     4.11      
Val Loss:    Epoch    Total      Graph      Atom       Grad       Stress     Addn.      Time      
             102      0.5727     0.5727     0.0000     0.0000     0.0000     0.0000     0.39       Saving model
Train Loss:  Epoch    Total      Graph      Atom       Grad       Stress     Addn.      Time      
             103      4.0926     4.0926     0.0000     0.0000     0.0000     0.0000     4.77      
Val Loss:    Epoch    Total      Graph      Atom       Grad       Stress     Addn.      Time      
             103      0.5653     0.5653     0.0000     0.0000     0.0000     0.0000     0.39       Saving model
Train Loss:  Epoch    Total      Graph      Atom       Grad       Stress     Addn.      Time      
             104      4.0276     4.0276     0.0000     0.0000     0.0000     0.0000     4.41      
Val Loss:    Epoch    Total      Graph      Atom       Grad       Stress     Addn.      Time      
             104      0.5824     0.5824     0.0000     0.0000     0.0000     0.0000     0.39       Saving model
Train Loss:  Epoch    Total      Graph      Atom       Grad       Stress     Addn.      Time      
             105      3.9190     3.9190     0.0000     0.0000     0.0000     0.0000     4.45      
Val Loss:    Epoch    Total      Graph      Atom       Grad       Stress     Addn.      Time      
             105      0.7485     0.7485     0.0000     0.0000     0.0000     0.0000     0.39       Saving model
Train Loss:  Epoch    Total      Graph      Atom       Grad       Stress     Addn.      Time      
             106      4.0613     4.0613     0.0000     0.0000     0.0000     0.0000     4.36      
Val Loss:    Epoch    Total      Graph      Atom       Grad       Stress     Addn.      Time      
             106      0.5719     0.5719     0.0000     0.0000     0.0000     0.0000     0.38       Saving model
Train Loss:  Epoch    Total      Graph      Atom       Grad       Stress     Addn.      Time      
             107      3.8852     3.8852     0.0000     0.0000     0.0000     0.0000     4.09      
Val Loss:    Epoch    Total      Graph      Atom       Grad       Stress     Addn.      Time      
             107      0.5701     0.5701     0.0000     0.0000     0.0000     0.0000     0.39       Saving model
Train Loss:  Epoch    Total      Graph      Atom       Grad       Stress     Addn.      Time      
             108      3.8402     3.8402     0.0000     0.0000     0.0000     0.0000     4.97      
Val Loss:    Epoch    Total      Graph      Atom       Grad       Stress     Addn.      Time      
             108      0.5654     0.5654     0.0000     0.0000     0.0000     0.0000     1.35       Saving model
Train Loss:  Epoch    Total      Graph      Atom       Grad       Stress     Addn.      Time      
             109      3.8949     3.8949     0.0000     0.0000     0.0000     0.0000     4.90      
Val Loss:    Epoch    Total      Graph      Atom       Grad       Stress     Addn.      Time      
             109      0.6563     0.6563     0.0000     0.0000     0.0000     0.0000     0.39       Saving model
Train Loss:  Epoch    Total      Graph      Atom       Grad       Stress     Addn.      Time      
             110      3.9461     3.9461     0.0000     0.0000     0.0000     0.0000     4.14      
Val Loss:    Epoch    Total      Graph      Atom       Grad       Stress     Addn.      Time      
             110      0.5935     0.5935     0.0000     0.0000     0.0000     0.0000     0.39       Saving model
Train Loss:  Epoch    Total      Graph      Atom       Grad       Stress     Addn.      Time      
             111      3.7978     3.7978     0.0000     0.0000     0.0000     0.0000     4.51      
Val Loss:    Epoch    Total      Graph      Atom       Grad       Stress     Addn.      Time      
             111      0.6049     0.6049     0.0000     0.0000     0.0000     0.0000     0.39       Saving model
Train Loss:  Epoch    Total      Graph      Atom       Grad       Stress     Addn.      Time      
             112      3.8207     3.8207     0.0000     0.0000     0.0000     0.0000     4.63      
Val Loss:    Epoch    Total      Graph      Atom       Grad       Stress     Addn.      Time      
             112      0.6290     0.6290     0.0000     0.0000     0.0000     0.0000     0.38       Saving model
Train Loss:  Epoch    Total      Graph      Atom       Grad       Stress     Addn.      Time      
             113      3.9053     3.9053     0.0000     0.0000     0.0000     0.0000     4.12      
Val Loss:    Epoch    Total      Graph      Atom       Grad       Stress     Addn.      Time      
             113      0.5805     0.5805     0.0000     0.0000     0.0000     0.0000     0.39       Saving model
Train Loss:  Epoch    Total      Graph      Atom       Grad       Stress     Addn.      Time      
             114      3.6817     3.6817     0.0000     0.0000     0.0000     0.0000     4.13      
Val Loss:    Epoch    Total      Graph      Atom       Grad       Stress     Addn.      Time      
             114      0.5937     0.5937     0.0000     0.0000     0.0000     0.0000     0.39       Saving model
Train Loss:  Epoch    Total      Graph      Atom       Grad       Stress     Addn.      Time      
             115      3.7062     3.7062     0.0000     0.0000     0.0000     0.0000     4.97      
Val Loss:    Epoch    Total      Graph      Atom       Grad       Stress     Addn.      Time      
             115      0.5887     0.5887     0.0000     0.0000     0.0000     0.0000     0.39       Saving model
Train Loss:  Epoch    Total      Graph      Atom       Grad       Stress     Addn.      Time      
             116      3.5762     3.5762     0.0000     0.0000     0.0000     0.0000     4.37      
Val Loss:    Epoch    Total      Graph      Atom       Grad       Stress     Addn.      Time      
             116      0.5724     0.5724     0.0000     0.0000     0.0000     0.0000     0.39       Saving model
Train Loss:  Epoch    Total      Graph      Atom       Grad       Stress     Addn.      Time      
             117      3.7584     3.7584     0.0000     0.0000     0.0000     0.0000     4.48      
Val Loss:    Epoch    Total      Graph      Atom       Grad       Stress     Addn.      Time      
             117      0.6106     0.6106     0.0000     0.0000     0.0000     0.0000     0.39       Saving model
Train Loss:  Epoch    Total      Graph      Atom       Grad       Stress     Addn.      Time      
             118      4.1539     4.1539     0.0000     0.0000     0.0000     0.0000     4.11      
Val Loss:    Epoch    Total      Graph      Atom       Grad       Stress     Addn.      Time      
             118      0.5715     0.5715     0.0000     0.0000     0.0000     0.0000     0.64       Saving model
Train Loss:  Epoch    Total      Graph      Atom       Grad       Stress     Addn.      Time      
             119      3.8295     3.8295     0.0000     0.0000     0.0000     0.0000     4.06      
Val Loss:    Epoch    Total      Graph      Atom       Grad       Stress     Addn.      Time      
             119      0.6405     0.6405     0.0000     0.0000     0.0000     0.0000     0.39       Saving model
Test MAE: 0.08179833317932102
Time taken (s) 592.8686463832855
Error: The source file 'prediction_results_test_set.csv' was not found.
Error: The source file 'history_val_mae.json' was not found.

  0%|          | 0/4395 [00:00<?, ?it/s]
  0%|          | 13/4395 [00:00<00:34, 128.24it/s]
  1%|          | 26/4395 [00:00<00:36, 120.20it/s]
  1%|          | 39/4395 [00:00<00:38, 112.92it/s]
  1%|          | 51/4395 [00:00<01:00, 72.15it/s] 
  1%|▏         | 63/4395 [00:00<00:52, 83.08it/s]
  2%|▏         | 74/4395 [00:00<00:48, 89.96it/s]
  2%|▏         | 87/4395 [00:00<00:43, 99.55it/s]
  2%|▏         | 102/4395 [00:01<00:38, 111.54it/s]
  3%|▎         | 114/4395 [00:01<00:39, 107.36it/s]
  3%|▎         | 126/4395 [00:01<00:39, 109.34it/s]
  3%|▎         | 142/4395 [00:01<00:34, 122.28it/s]
  4%|▎         | 155/4395 [00:01<00:35, 120.09it/s]
  4%|▍         | 168/4395 [00:01<00:34, 122.25it/s]
  4%|▍         | 182/4395 [00:01<00:34, 123.08it/s]
  4%|▍         | 195/4395 [00:01<00:34, 121.30it/s]
  5%|▍         | 208/4395 [00:01<00:34, 120.80it/s]
  5%|▌         | 221/4395 [00:02<00:34, 119.37it/s]
  5%|▌         | 233/4395 [00:02<00:36, 115.28it/s]
  6%|▌         | 245/4395 [00:02<00:36, 114.57it/s]
  6%|▌         | 257/4395 [00:02<00:36, 114.39it/s]
  6%|▌         | 269/4395 [00:02<00:35, 115.24it/s]
  6%|▋         | 283/4395 [00:02<00:34, 119.48it/s]
  7%|▋         | 296/4395 [00:02<00:33, 120.65it/s]
  7%|▋         | 309/4395 [00:02<00:33, 121.23it/s]
  7%|▋         | 322/4395 [00:02<00:34, 118.78it/s]
  8%|▊         | 335/4395 [00:02<00:33, 119.67it/s]
  8%|▊         | 349/4395 [00:03<00:32, 122.92it/s]
  8%|▊         | 363/4395 [00:03<00:31, 126.87it/s]
  9%|▊         | 376/4395 [00:03<00:32, 124.24it/s]
  9%|▉         | 390/4395 [00:03<00:31, 128.34it/s]
  9%|▉         | 404/4395 [00:03<00:30, 129.25it/s]
 10%|▉         | 418/4395 [00:03<00:30, 130.99it/s]
 10%|▉         | 432/4395 [00:03<00:29, 132.15it/s]
 10%|█         | 447/4395 [00:03<00:29, 134.28it/s]
 11%|█         | 462/4395 [00:03<00:28, 137.54it/s]
 11%|█         | 476/4395 [00:04<00:29, 134.86it/s]
 11%|█         | 490/4395 [00:04<00:29, 133.07it/s]
 11%|█▏        | 504/4395 [00:04<00:30, 129.60it/s]
 12%|█▏        | 517/4395 [00:04<00:34, 113.56it/s]
 12%|█▏        | 531/4395 [00:04<00:32, 118.00it/s]
 12%|█▏        | 544/4395 [00:04<00:32, 118.31it/s]
 13%|█▎        | 557/4395 [00:04<00:31, 120.99it/s]
 13%|█▎        | 572/4395 [00:04<00:30, 126.50it/s]
 13%|█▎        | 588/4395 [00:04<00:28, 132.82it/s]
 14%|█▎        | 602/4395 [00:05<00:29, 129.51it/s]
 14%|█▍        | 616/4395 [00:05<00:29, 129.05it/s]
 14%|█▍        | 631/4395 [00:05<00:28, 133.58it/s]
 15%|█▍        | 645/4395 [00:05<00:29, 125.47it/s]
 15%|█▍        | 658/4395 [00:05<00:29, 125.90it/s]
 15%|█▌        | 671/4395 [00:05<00:31, 120.05it/s]
 16%|█▌        | 684/4395 [00:05<00:46, 79.31it/s] 
 16%|█▌        | 698/4395 [00:06<00:40, 91.08it/s]
 16%|█▌        | 713/4395 [00:06<00:35, 103.34it/s]
 17%|█▋        | 728/4395 [00:06<00:32, 111.57it/s]
 17%|█▋        | 741/4395 [00:06<00:32, 113.88it/s]
 17%|█▋        | 754/4395 [00:06<00:31, 113.83it/s]
 17%|█▋        | 767/4395 [00:06<00:31, 116.28it/s]
 18%|█▊        | 780/4395 [00:06<00:30, 119.51it/s]
 18%|█▊        | 793/4395 [00:06<00:31, 114.33it/s]
 18%|█▊        | 807/4395 [00:06<00:29, 120.00it/s]
 19%|█▊        | 820/4395 [00:07<00:30, 117.62it/s]
 19%|█▉        | 837/4395 [00:07<00:27, 129.31it/s]
 19%|█▉        | 851/4395 [00:07<00:27, 127.72it/s]
 20%|█▉        | 864/4395 [00:07<00:28, 125.28it/s]
 20%|█▉        | 877/4395 [00:07<00:28, 125.32it/s]
 20%|██        | 891/4395 [00:07<00:27, 127.44it/s]
 21%|██        | 904/4395 [00:07<00:27, 125.64it/s]
 21%|██        | 918/4395 [00:07<00:27, 127.55it/s]
 21%|██        | 931/4395 [00:07<00:28, 122.66it/s]
 21%|██▏       | 944/4395 [00:07<00:28, 119.33it/s]
 22%|██▏       | 957/4395 [00:08<00:28, 120.81it/s]
 22%|██▏       | 970/4395 [00:08<00:30, 113.73it/s]
 22%|██▏       | 985/4395 [00:08<00:27, 122.07it/s]
 23%|██▎       | 999/4395 [00:08<00:27, 122.09it/s]
 23%|██▎       | 1014/4395 [00:08<00:26, 129.05it/s]
 23%|██▎       | 1028/4395 [00:08<00:25, 129.63it/s]
 24%|██▎       | 1042/4395 [00:08<00:30, 111.07it/s]
 24%|██▍       | 1056/4395 [00:08<00:28, 116.48it/s]
 24%|██▍       | 1069/4395 [00:09<00:30, 107.71it/s]
 25%|██▍       | 1081/4395 [00:09<00:30, 109.64it/s]
 25%|██▍       | 1096/4395 [00:09<00:27, 119.73it/s]
 25%|██▌       | 1110/4395 [00:09<00:26, 122.73it/s]
 26%|██▌       | 1123/4395 [00:09<00:27, 119.95it/s]
 26%|██▌       | 1138/4395 [00:09<00:25, 125.97it/s]
 26%|██▌       | 1151/4395 [00:09<00:27, 118.69it/s]
 26%|██▋       | 1164/4395 [00:09<00:27, 116.59it/s]
 27%|██▋       | 1177/4395 [00:09<00:27, 118.35it/s]
 27%|██▋       | 1189/4395 [00:10<00:31, 101.09it/s]
 27%|██▋       | 1202/4395 [00:10<00:29, 106.82it/s]
 28%|██▊       | 1214/4395 [00:10<00:42, 74.67it/s] 
 28%|██▊       | 1226/4395 [00:10<00:38, 83.00it/s]
 28%|██▊       | 1236/4395 [00:10<00:36, 86.07it/s]
 28%|██▊       | 1248/4395 [00:10<00:33, 94.00it/s]
 29%|██▊       | 1262/4395 [00:10<00:29, 104.96it/s]
 29%|██▉       | 1276/4395 [00:11<00:27, 113.00it/s]
 29%|██▉       | 1290/4395 [00:11<00:28, 109.42it/s]
 30%|██▉       | 1305/4395 [00:11<00:25, 118.89it/s]
 30%|██▉       | 1318/4395 [00:11<00:25, 120.51it/s]
 30%|███       | 1332/4395 [00:11<00:24, 125.43it/s]
 31%|███       | 1345/4395 [00:11<00:24, 126.33it/s]
 31%|███       | 1358/4395 [00:11<00:23, 127.19it/s]
 31%|███       | 1371/4395 [00:11<00:24, 123.20it/s]
 31%|███▏      | 1384/4395 [00:11<00:25, 118.28it/s]
 32%|███▏      | 1397/4395 [00:12<00:25, 117.89it/s]
 32%|███▏      | 1409/4395 [00:12<00:25, 117.18it/s]
 32%|███▏      | 1425/4395 [00:12<00:23, 127.37it/s]
 33%|███▎      | 1439/4395 [00:12<00:22, 129.61it/s]
 33%|███▎      | 1454/4395 [00:12<00:21, 134.34it/s]
 33%|███▎      | 1470/4395 [00:12<00:20, 140.38it/s]
 34%|███▍      | 1486/4395 [00:12<00:20, 144.21it/s]
 34%|███▍      | 1501/4395 [00:12<00:21, 137.05it/s]
 34%|███▍      | 1515/4395 [00:12<00:21, 131.61it/s]
 35%|███▍      | 1529/4395 [00:12<00:21, 133.64it/s]
 35%|███▌      | 1543/4395 [00:13<00:21, 130.35it/s]
 35%|███▌      | 1557/4395 [00:13<00:23, 122.12it/s]
 36%|███▌      | 1571/4395 [00:13<00:22, 126.81it/s]
 36%|███▌      | 1584/4395 [00:13<00:22, 127.03it/s]
 36%|███▋      | 1598/4395 [00:13<00:21, 128.34it/s]
 37%|███▋      | 1615/4395 [00:13<00:20, 138.93it/s]
 37%|███▋      | 1629/4395 [00:13<00:20, 133.63it/s]
 37%|███▋      | 1643/4395 [00:13<00:22, 122.19it/s]
 38%|███▊      | 1656/4395 [00:14<00:23, 114.14it/s]
 38%|███▊      | 1668/4395 [00:14<00:23, 115.39it/s]
 38%|███▊      | 1680/4395 [00:14<00:23, 116.22it/s]
 38%|███▊      | 1692/4395 [00:14<00:23, 116.70it/s]
 39%|███▉      | 1704/4395 [00:14<00:23, 114.31it/s]
 39%|███▉      | 1716/4395 [00:14<00:23, 112.68it/s]
 39%|███▉      | 1729/4395 [00:14<00:23, 115.44it/s]
 40%|███▉      | 1743/4395 [00:14<00:21, 122.05it/s]
 40%|███▉      | 1756/4395 [00:14<00:21, 121.71it/s]
 40%|████      | 1770/4395 [00:14<00:20, 125.72it/s]
 41%|████      | 1783/4395 [00:15<00:21, 122.75it/s]
 41%|████      | 1796/4395 [00:15<00:21, 122.17it/s]
 41%|████      | 1809/4395 [00:15<00:21, 122.07it/s]
 41%|████▏     | 1822/4395 [00:15<00:21, 122.11it/s]
 42%|████▏     | 1835/4395 [00:15<00:21, 121.14it/s]
 42%|████▏     | 1848/4395 [00:15<00:20, 123.41it/s]
 42%|████▏     | 1861/4395 [00:15<00:20, 122.18it/s]
 43%|████▎     | 1874/4395 [00:15<00:20, 120.91it/s]
 43%|████▎     | 1887/4395 [00:15<00:22, 113.95it/s]
 43%|████▎     | 1899/4395 [00:16<00:31, 79.04it/s] 
 44%|████▎     | 1914/4395 [00:16<00:27, 91.15it/s]
 44%|████▍     | 1925/4395 [00:16<00:25, 95.02it/s]
 44%|████▍     | 1937/4395 [00:16<00:24, 99.55it/s]
 44%|████▍     | 1949/4395 [00:16<00:23, 104.36it/s]
 45%|████▍     | 1963/4395 [00:16<00:22, 107.93it/s]
 45%|████▌     | 1978/4395 [00:16<00:20, 118.10it/s]
 45%|████▌     | 1991/4395 [00:16<00:20, 119.34it/s]
 46%|████▌     | 2004/4395 [00:17<00:21, 113.31it/s]
 46%|████▌     | 2016/4395 [00:17<00:20, 114.01it/s]
 46%|████▌     | 2031/4395 [00:17<00:19, 123.03it/s]
 47%|████▋     | 2044/4395 [00:17<00:18, 124.69it/s]
 47%|████▋     | 2060/4395 [00:17<00:17, 133.22it/s]
 47%|████▋     | 2074/4395 [00:17<00:17, 130.59it/s]
 48%|████▊     | 2088/4395 [00:17<00:17, 132.18it/s]
 48%|████▊     | 2102/4395 [00:17<00:17, 131.02it/s]
 48%|████▊     | 2116/4395 [00:17<00:17, 132.59it/s]
 48%|████▊     | 2130/4395 [00:18<00:17, 131.29it/s]
 49%|████▉     | 2144/4395 [00:18<00:17, 131.31it/s]
 49%|████▉     | 2158/4395 [00:18<00:19, 113.92it/s]
 49%|████▉     | 2171/4395 [00:18<00:19, 116.83it/s]
 50%|████▉     | 2184/4395 [00:18<00:19, 113.45it/s]
 50%|████▉     | 2197/4395 [00:18<00:19, 114.06it/s]
 50%|█████     | 2210/4395 [00:18<00:18, 116.16it/s]
 51%|█████     | 2223/4395 [00:18<00:18, 118.81it/s]
 51%|█████     | 2238/4395 [00:18<00:17, 124.76it/s]
 51%|█████     | 2251/4395 [00:19<00:17, 125.51it/s]
 52%|█████▏    | 2264/4395 [00:19<00:16, 126.25it/s]
 52%|█████▏    | 2278/4395 [00:19<00:16, 127.87it/s]
 52%|█████▏    | 2291/4395 [00:19<00:16, 126.17it/s]
 52%|█████▏    | 2304/4395 [00:19<00:17, 122.19it/s]
 53%|█████▎    | 2317/4395 [00:19<00:16, 123.27it/s]
 53%|█████▎    | 2330/4395 [00:19<00:17, 119.55it/s]
 53%|█████▎    | 2343/4395 [00:19<00:17, 115.50it/s]
 54%|█████▎    | 2356/4395 [00:19<00:17, 118.82it/s]
 54%|█████▍    | 2368/4395 [00:20<00:17, 117.22it/s]
 54%|█████▍    | 2382/4395 [00:20<00:16, 122.86it/s]
 54%|█████▍    | 2395/4395 [00:20<00:18, 110.76it/s]
 55%|█████▍    | 2407/4395 [00:20<00:24, 80.04it/s] 
 55%|█████▌    | 2420/4395 [00:20<00:22, 89.51it/s]
 55%|█████▌    | 2431/4395 [00:20<00:21, 90.95it/s]
 56%|█████▌    | 2445/4395 [00:20<00:19, 100.78it/s]
 56%|█████▌    | 2458/4395 [00:20<00:18, 106.78it/s]
 56%|█████▌    | 2470/4395 [00:21<00:18, 105.05it/s]
 56%|█████▋    | 2483/4395 [00:21<00:17, 111.35it/s]
 57%|█████▋    | 2497/4395 [00:21<00:16, 116.69it/s]
 57%|█████▋    | 2511/4395 [00:21<00:15, 121.86it/s]
 57%|█████▋    | 2525/4395 [00:21<00:14, 126.63it/s]
 58%|█████▊    | 2538/4395 [00:21<00:14, 125.18it/s]
 58%|█████▊    | 2551/4395 [00:21<00:14, 126.28it/s]
 58%|█████▊    | 2566/4395 [00:21<00:14, 129.95it/s]
 59%|█████▊    | 2580/4395 [00:21<00:14, 128.04it/s]
 59%|█████▉    | 2593/4395 [00:22<00:14, 127.14it/s]
 59%|█████▉    | 2606/4395 [00:22<00:14, 124.15it/s]
 60%|█████▉    | 2621/4395 [00:22<00:13, 130.72it/s]
 60%|█████▉    | 2635/4395 [00:22<00:14, 122.08it/s]
 60%|██████    | 2648/4395 [00:22<00:14, 119.65it/s]
 61%|██████    | 2662/4395 [00:22<00:13, 124.21it/s]
 61%|██████    | 2676/4395 [00:22<00:13, 125.81it/s]
 61%|██████    | 2689/4395 [00:22<00:14, 119.70it/s]
 61%|██████▏   | 2702/4395 [00:22<00:14, 120.52it/s]
 62%|██████▏   | 2715/4395 [00:23<00:13, 122.43it/s]
 62%|██████▏   | 2728/4395 [00:23<00:13, 121.24it/s]
 62%|██████▏   | 2741/4395 [00:23<00:13, 120.10it/s]
 63%|██████▎   | 2755/4395 [00:23<00:13, 124.32it/s]
 63%|██████▎   | 2768/4395 [00:23<00:13, 121.40it/s]
 63%|██████▎   | 2783/4395 [00:23<00:12, 129.17it/s]
 64%|██████▎   | 2798/4395 [00:23<00:11, 133.17it/s]
 64%|██████▍   | 2812/4395 [00:23<00:12, 123.74it/s]
 64%|██████▍   | 2825/4395 [00:23<00:13, 118.44it/s]
 65%|██████▍   | 2838/4395 [00:24<00:13, 118.48it/s]
 65%|██████▍   | 2850/4395 [00:24<00:13, 117.97it/s]
 65%|██████▌   | 2862/4395 [00:24<00:13, 116.21it/s]
 65%|██████▌   | 2877/4395 [00:24<00:12, 122.18it/s]
 66%|██████▌   | 2892/4395 [00:24<00:11, 128.54it/s]
 66%|██████▌   | 2905/4395 [00:24<00:11, 127.65it/s]
 66%|██████▋   | 2918/4395 [00:24<00:11, 125.14it/s]
 67%|██████▋   | 2932/4395 [00:24<00:11, 127.96it/s]
 67%|██████▋   | 2947/4395 [00:24<00:10, 132.49it/s]
 67%|██████▋   | 2962/4395 [00:25<00:10, 133.97it/s]
 68%|██████▊   | 2976/4395 [00:25<00:11, 121.70it/s]
 68%|██████▊   | 2989/4395 [00:25<00:11, 121.95it/s]
 68%|██████▊   | 3002/4395 [00:25<00:11, 124.03it/s]
 69%|██████▊   | 3015/4395 [00:25<00:11, 122.10it/s]
 69%|██████▉   | 3031/4395 [00:25<00:10, 130.41it/s]
 69%|██████▉   | 3046/4395 [00:25<00:10, 130.12it/s]
 70%|██████▉   | 3061/4395 [00:25<00:09, 134.04it/s]
 70%|██████▉   | 3075/4395 [00:25<00:09, 134.29it/s]
 70%|███████   | 3089/4395 [00:26<00:09, 131.21it/s]
 71%|███████   | 3103/4395 [00:26<00:09, 131.78it/s]
 71%|███████   | 3117/4395 [00:26<00:09, 128.29it/s]
 71%|███████   | 3131/4395 [00:26<00:09, 129.33it/s]
 72%|███████▏  | 3144/4395 [00:26<00:16, 75.54it/s] 
 72%|███████▏  | 3155/4395 [00:26<00:15, 81.05it/s]
 72%|███████▏  | 3168/4395 [00:26<00:13, 90.06it/s]
 72%|███████▏  | 3182/4395 [00:27<00:12, 100.98it/s]
 73%|███████▎  | 3196/4395 [00:27<00:10, 109.29it/s]
 73%|███████▎  | 3209/4395 [00:27<00:11, 104.80it/s]
 73%|███████▎  | 3226/4395 [00:27<00:09, 119.72it/s]
 74%|███████▎  | 3239/4395 [00:27<00:09, 119.29it/s]
 74%|███████▍  | 3253/4395 [00:27<00:09, 120.83it/s]
 74%|███████▍  | 3266/4395 [00:27<00:09, 117.38it/s]
 75%|███████▍  | 3280/4395 [00:27<00:09, 119.89it/s]
 75%|███████▍  | 3293/4395 [00:27<00:09, 121.37it/s]
 75%|███████▌  | 3306/4395 [00:28<00:09, 119.75it/s]
 76%|███████▌  | 3320/4395 [00:28<00:08, 123.71it/s]
 76%|███████▌  | 3334/4395 [00:28<00:08, 127.33it/s]
 76%|███████▌  | 3347/4395 [00:28<00:08, 121.46it/s]
 76%|███████▋  | 3360/4395 [00:28<00:09, 111.77it/s]
 77%|███████▋  | 3373/4395 [00:28<00:08, 115.74it/s]
 77%|███████▋  | 3385/4395 [00:28<00:08, 115.12it/s]
 77%|███████▋  | 3397/4395 [00:28<00:08, 115.46it/s]
 78%|███████▊  | 3411/4395 [00:28<00:08, 114.27it/s]
 78%|███████▊  | 3423/4395 [00:29<00:08, 115.04it/s]
 78%|███████▊  | 3437/4395 [00:29<00:07, 119.92it/s]
 78%|███████▊  | 3450/4395 [00:29<00:07, 122.22it/s]
 79%|███████▉  | 3465/4395 [00:29<00:07, 129.29it/s]
 79%|███████▉  | 3478/4395 [00:29<00:07, 122.56it/s]
 79%|███████▉  | 3491/4395 [00:29<00:07, 116.37it/s]
 80%|███████▉  | 3505/4395 [00:29<00:07, 120.75it/s]
 80%|████████  | 3519/4395 [00:29<00:07, 124.93it/s]
 80%|████████  | 3533/4395 [00:29<00:06, 125.70it/s]
 81%|████████  | 3546/4395 [00:30<00:07, 119.22it/s]
 81%|████████  | 3559/4395 [00:30<00:07, 107.47it/s]
 81%|████████▏ | 3573/4395 [00:30<00:07, 114.46it/s]
 82%|████████▏ | 3585/4395 [00:30<00:07, 113.81it/s]
 82%|████████▏ | 3597/4395 [00:30<00:07, 112.76it/s]
 82%|████████▏ | 3611/4395 [00:30<00:06, 117.10it/s]
 82%|████████▏ | 3623/4395 [00:30<00:06, 117.81it/s]
 83%|████████▎ | 3635/4395 [00:30<00:07, 104.64it/s]
 83%|████████▎ | 3650/4395 [00:30<00:06, 115.15it/s]
 83%|████████▎ | 3662/4395 [00:31<00:06, 109.89it/s]
 84%|████████▎ | 3675/4395 [00:31<00:06, 114.46it/s]
 84%|████████▍ | 3689/4395 [00:31<00:05, 121.17it/s]
 84%|████████▍ | 3702/4395 [00:31<00:05, 119.98it/s]
 85%|████████▍ | 3715/4395 [00:31<00:08, 82.81it/s] 
 85%|████████▍ | 3729/4395 [00:31<00:07, 91.72it/s]
 85%|████████▌ | 3745/4395 [00:31<00:06, 106.88it/s]
 86%|████████▌ | 3758/4395 [00:32<00:05, 109.87it/s]
 86%|████████▌ | 3772/4395 [00:32<00:05, 115.36it/s]
 86%|████████▌ | 3785/4395 [00:32<00:05, 116.72it/s]
 86%|████████▋ | 3798/4395 [00:32<00:05, 116.09it/s]
 87%|████████▋ | 3811/4395 [00:32<00:04, 119.68it/s]
 87%|████████▋ | 3826/4395 [00:32<00:04, 127.79it/s]
 87%|████████▋ | 3840/4395 [00:32<00:04, 129.74it/s]
 88%|████████▊ | 3854/4395 [00:32<00:04, 128.48it/s]
 88%|████████▊ | 3867/4395 [00:32<00:04, 120.97it/s]
 88%|████████▊ | 3881/4395 [00:32<00:04, 123.07it/s]
 89%|████████▊ | 3894/4395 [00:33<00:04, 119.67it/s]
 89%|████████▉ | 3907/4395 [00:33<00:04, 116.43it/s]
 89%|████████▉ | 3919/4395 [00:33<00:04, 114.90it/s]
 89%|████████▉ | 3933/4395 [00:33<00:03, 120.49it/s]
 90%|████████▉ | 3948/4395 [00:33<00:03, 127.93it/s]
 90%|█████████ | 3961/4395 [00:33<00:03, 123.55it/s]
 90%|█████████ | 3975/4395 [00:33<00:03, 124.25it/s]
 91%|█████████ | 3988/4395 [00:33<00:03, 124.33it/s]
 91%|█████████ | 4001/4395 [00:34<00:03, 112.88it/s]
 91%|█████████▏| 4014/4395 [00:34<00:03, 117.29it/s]
 92%|█████████▏| 4026/4395 [00:34<00:03, 113.63it/s]
 92%|█████████▏| 4038/4395 [00:34<00:03, 112.69it/s]
 92%|█████████▏| 4052/4395 [00:34<00:02, 119.80it/s]
 93%|█████████▎| 4066/4395 [00:34<00:02, 123.61it/s]
 93%|█████████▎| 4079/4395 [00:34<00:02, 121.83it/s]
 93%|█████████▎| 4092/4395 [00:34<00:02, 112.63it/s]
 93%|█████████▎| 4104/4395 [00:34<00:02, 112.09it/s]
 94%|█████████▎| 4116/4395 [00:34<00:02, 112.36it/s]
 94%|█████████▍| 4128/4395 [00:35<00:02, 114.31it/s]
 94%|█████████▍| 4140/4395 [00:35<00:02, 113.38it/s]
 95%|█████████▍| 4154/4395 [00:35<00:02, 117.70it/s]
 95%|█████████▍| 4166/4395 [00:35<00:02, 104.82it/s]
 95%|█████████▌| 4179/4395 [00:35<00:01, 110.91it/s]
 95%|█████████▌| 4191/4395 [00:35<00:01, 109.35it/s]
 96%|█████████▌| 4203/4395 [00:35<00:01, 108.13it/s]
 96%|█████████▌| 4216/4395 [00:35<00:01, 111.80it/s]
 96%|█████████▌| 4229/4395 [00:36<00:01, 114.69it/s]
 97%|█████████▋| 4244/4395 [00:36<00:01, 120.76it/s]
 97%|█████████▋| 4257/4395 [00:36<00:01, 121.78it/s]
 97%|█████████▋| 4270/4395 [00:36<00:01, 116.80it/s]
 97%|█████████▋| 4282/4395 [00:36<00:01, 111.50it/s]
 98%|█████████▊| 4297/4395 [00:36<00:00, 112.25it/s]
 98%|█████████▊| 4309/4395 [00:36<00:01, 72.71it/s] 
 98%|█████████▊| 4320/4395 [00:37<00:00, 79.36it/s]
 99%|█████████▊| 4334/4395 [00:37<00:00, 91.02it/s]
 99%|█████████▉| 4347/4395 [00:37<00:00, 97.06it/s]
 99%|█████████▉| 4361/4395 [00:37<00:00, 106.54it/s]
 99%|█████████▉| 4373/4395 [00:37<00:00, 102.27it/s]
100%|█████████▉| 4388/4395 [00:37<00:00, 114.11it/s]
100%|██████████| 4395/4395 [00:37<00:00, 116.82it/s]
/ibex/user/shoaibsa/miniconda3/envs/py312/lib/python3.12/site-packages/alignn/graphs.py:1176: UserWarning: Creating a tensor from a list of numpy.ndarrays is extremely slow. Please consider converting the list to a single numpy.ndarray with numpy.array() before converting to a tensor. (Triggered internally at /pytorch/torch/csrc/utils/tensor_new.cpp:253.)
  self.lattices = torch.tensor(self.lattices).type(

  0%|          | 0/4395 [00:00<?, ?it/s]
  1%|          | 40/4395 [00:00<00:20, 213.16it/s]
  9%|▊         | 381/4395 [00:00<00:02, 1594.09it/s]
 13%|█▎        | 591/4395 [00:00<00:03, 1183.99it/s]
 17%|█▋        | 746/4395 [00:00<00:03, 973.73it/s] 
 20%|█▉        | 868/4395 [00:00<00:04, 834.20it/s]
 24%|██▎       | 1040/4395 [00:01<00:04, 807.99it/s]
 26%|██▌       | 1132/4395 [00:01<00:04, 696.36it/s]
 28%|██▊       | 1209/4395 [00:01<00:05, 604.27it/s]
 29%|██▉       | 1274/4395 [00:01<00:06, 518.94it/s]
 30%|███       | 1329/4395 [00:01<00:06, 452.43it/s]
 38%|███▊      | 1683/4395 [00:02<00:02, 1017.54it/s]
 46%|████▌     | 2025/4395 [00:02<00:01, 1514.35it/s]
 51%|█████     | 2227/4395 [00:02<00:01, 1249.51it/s]
 54%|█████▍    | 2394/4395 [00:02<00:02, 843.49it/s] 
 62%|██████▏   | 2744/4395 [00:02<00:01, 1249.70it/s]
 70%|███████   | 3097/4395 [00:02<00:00, 1658.62it/s]
 76%|███████▌  | 3340/4395 [00:03<00:00, 1411.45it/s]
 81%|████████  | 3541/4395 [00:03<00:00, 1220.11it/s]
 84%|████████▍ | 3707/4395 [00:03<00:00, 860.60it/s] 
 92%|█████████▏| 4046/4395 [00:03<00:00, 1219.40it/s]
 96%|█████████▋| 4238/4395 [00:04<00:00, 1101.85it/s]
100%|██████████| 4395/4395 [00:04<00:00, 1002.17it/s]

  0%|          | 0/549 [00:00<?, ?it/s]
  3%|▎         | 14/549 [00:00<00:03, 136.86it/s]
  5%|▌         | 28/549 [00:00<00:03, 133.71it/s]
  8%|▊         | 42/549 [00:00<00:03, 135.38it/s]
 10%|█         | 56/549 [00:00<00:04, 111.29it/s]
 13%|█▎        | 71/549 [00:00<00:03, 122.39it/s]
 15%|█▌        | 84/549 [00:00<00:03, 118.18it/s]
 18%|█▊        | 97/549 [00:00<00:03, 115.15it/s]
 20%|█▉        | 109/549 [00:00<00:03, 115.35it/s]
 22%|██▏       | 122/549 [00:01<00:03, 115.17it/s]
 24%|██▍       | 134/549 [00:01<00:03, 111.61it/s]
 27%|██▋       | 146/549 [00:01<00:03, 105.82it/s]
 29%|██▉       | 161/549 [00:01<00:03, 115.84it/s]
 32%|███▏      | 173/549 [00:01<00:03, 110.59it/s]
 34%|███▍      | 187/549 [00:01<00:03, 118.04it/s]
 36%|███▋      | 200/549 [00:01<00:02, 119.31it/s]
 39%|███▉      | 215/549 [00:01<00:02, 127.91it/s]
 42%|████▏     | 228/549 [00:02<00:04, 75.69it/s] 
 44%|████▎     | 239/549 [00:02<00:03, 79.34it/s]
 46%|████▌     | 252/549 [00:02<00:03, 89.50it/s]
 49%|████▊     | 267/549 [00:02<00:02, 102.42it/s]
 51%|█████     | 279/549 [00:02<00:02, 104.74it/s]
 53%|█████▎    | 292/549 [00:02<00:02, 109.34it/s]
 56%|█████▌    | 306/549 [00:02<00:02, 115.20it/s]
 58%|█████▊    | 319/549 [00:02<00:01, 118.67it/s]
 60%|██████    | 332/549 [00:03<00:02, 107.94it/s]
 63%|██████▎   | 344/549 [00:03<00:01, 103.71it/s]
 65%|██████▌   | 358/549 [00:03<00:01, 111.55it/s]
 67%|██████▋   | 370/549 [00:03<00:01, 111.48it/s]
 70%|██████▉   | 384/549 [00:03<00:01, 118.86it/s]
 72%|███████▏  | 397/549 [00:03<00:01, 121.37it/s]
 75%|███████▍  | 410/549 [00:03<00:01, 118.71it/s]
 77%|███████▋  | 424/549 [00:03<00:01, 124.19it/s]
 80%|███████▉  | 437/549 [00:03<00:00, 114.27it/s]
 82%|████████▏ | 452/549 [00:04<00:00, 122.93it/s]
 85%|████████▍ | 465/549 [00:04<00:00, 120.34it/s]
 87%|████████▋ | 478/549 [00:04<00:00, 120.37it/s]
 89%|████████▉ | 491/549 [00:04<00:00, 118.80it/s]
 92%|█████████▏| 505/549 [00:04<00:00, 124.47it/s]
 94%|█████████▍| 518/549 [00:04<00:00, 123.58it/s]
 97%|█████████▋| 534/549 [00:04<00:00, 130.44it/s]
100%|█████████▉| 548/549 [00:04<00:00, 114.53it/s]
100%|██████████| 549/549 [00:04<00:00, 112.91it/s]

  0%|          | 0/549 [00:00<?, ?it/s]
 27%|██▋       | 146/549 [00:00<00:00, 690.56it/s]
 43%|████▎     | 238/549 [00:00<00:00, 552.86it/s]
 60%|█████▉    | 328/549 [00:00<00:00, 514.28it/s]
 69%|██████▉   | 380/549 [00:00<00:00, 417.84it/s]
100%|██████████| 549/549 [00:00<00:00, 641.16it/s]

  0%|          | 0/549 [00:00<?, ?it/s]
  2%|▏         | 11/549 [00:00<00:05, 104.40it/s]
  4%|▍         | 24/549 [00:00<00:04, 118.39it/s]
  7%|▋         | 39/549 [00:00<00:03, 129.88it/s]
  9%|▉         | 52/549 [00:00<00:04, 111.40it/s]
 12%|█▏        | 67/549 [00:00<00:03, 123.26it/s]
 15%|█▍        | 81/549 [00:00<00:03, 126.55it/s]
 17%|█▋        | 94/549 [00:00<00:03, 122.47it/s]
 19%|█▉        | 107/549 [00:00<00:04, 97.74it/s]
 21%|██▏       | 118/549 [00:01<00:06, 62.18it/s]
 24%|██▎       | 130/549 [00:01<00:05, 71.62it/s]
 26%|██▋       | 145/549 [00:01<00:04, 86.54it/s]
 28%|██▊       | 156/549 [00:01<00:04, 90.65it/s]
 31%|███       | 169/549 [00:01<00:03, 98.66it/s]
 33%|███▎      | 182/549 [00:01<00:03, 105.50it/s]
 36%|███▌      | 196/549 [00:01<00:03, 113.29it/s]
 38%|███▊      | 211/549 [00:02<00:02, 120.78it/s]
 41%|████      | 226/549 [00:02<00:02, 125.86it/s]
 44%|████▎     | 240/549 [00:02<00:02, 115.49it/s]
 46%|████▌     | 253/549 [00:02<00:02, 118.45it/s]
 49%|████▊     | 267/549 [00:02<00:02, 123.34it/s]
 51%|█████     | 280/549 [00:02<00:02, 123.23it/s]
 54%|█████▎    | 294/549 [00:02<00:02, 115.14it/s]
 56%|█████▌    | 306/549 [00:02<00:02, 107.10it/s]
 58%|█████▊    | 319/549 [00:02<00:02, 112.70it/s]
 61%|██████    | 333/549 [00:03<00:01, 118.52it/s]
 63%|██████▎   | 346/549 [00:03<00:01, 121.52it/s]
 65%|██████▌   | 359/549 [00:03<00:01, 102.46it/s]
 68%|██████▊   | 372/549 [00:03<00:01, 108.52it/s]
 70%|██████▉   | 384/549 [00:03<00:01, 111.23it/s]
 72%|███████▏  | 396/549 [00:03<00:01, 111.74it/s]
 74%|███████▍  | 409/549 [00:03<00:01, 115.11it/s]
 77%|███████▋  | 421/549 [00:03<00:01, 114.97it/s]
 79%|███████▉  | 433/549 [00:03<00:00, 116.09it/s]
 81%|████████  | 446/549 [00:04<00:00, 118.51it/s]
 84%|████████▍ | 461/549 [00:04<00:00, 126.74it/s]
 87%|████████▋ | 476/549 [00:04<00:00, 130.01it/s]
 89%|████████▉ | 490/549 [00:04<00:00, 129.21it/s]
 92%|█████████▏| 504/549 [00:04<00:00, 129.41it/s]
 94%|█████████▍| 517/549 [00:04<00:00, 118.82it/s]
 97%|█████████▋| 530/549 [00:04<00:00, 112.71it/s]
 99%|█████████▉| 544/549 [00:04<00:00, 119.86it/s]
100%|██████████| 549/549 [00:04<00:00, 111.01it/s]

  0%|          | 0/549 [00:00<?, ?it/s]
 19%|█▉        | 106/549 [00:00<00:00, 528.23it/s]
 54%|█████▎    | 294/549 [00:00<00:00, 708.12it/s]
 66%|██████▋   | 364/549 [00:00<00:00, 404.15it/s]
100%|██████████| 549/549 [00:00<00:00, 644.00it/s]
/ibex/user/shoaibsa/Intrinsic_Dimensionality_ML_Materials/ALIGNN/ALIGNN_MP/alignn/train.py:503: UserWarning: Detected call of `lr_scheduler.step()` before `optimizer.step()`. In PyTorch 1.1.0 and later, you should call them in the opposite order: `optimizer.step()` before `lr_scheduler.step()`.  Failure to do this will result in PyTorch skipping the first value of the learning rate schedule. See more details at https://pytorch.org/docs/stable/optim.html#how-to-adjust-learning-rate
  scheduler.step()
