world_size 1
root_dir partitions/kvrh_half_2
[Seed] random_seed=123, split_seed=123
len dataset 5494
train_stress False
starting from this file
[Subspace][Fastfood] D=85,953, d=6,876, padded n=131,072.
  Fastfood diagonals + permutation: ~2.50 MB (vs. dense P would need ~2.20 GB).
  Compute per forward: O(n log n) ~ 2,228,224 ops.
[Subspace] D=85,953, d=6,876
================================================================
[MEM REPORT] Wrapped model (runtime footprint)
Trainable params : 6,876
All params       : 92,829  (362.61 KB)
Buffers          : 610,481  (2.83 MB)
Optimizer(AdamW) ~ 53.72 KB
----------------------------------------------------------------
Estimated total (params + buffers + opt): 3.24 MB
----------------------------------------------------------------
CUDA live: allocated=3.20 MB, reserved=26.00 MB, device=cuda:0
================================================================
Not using LMDB dataset, memory footprint maybe high.
WARNING: not using LMDB might result errors.
MAX val: 2.741151598851785
MIN val: 0.0
MAD: 0.28806799259280486
Baseline MAE: 0.2966971066171897
data range 2.7101173651118162 0.0
Converting to graphs!
df         target  ...            jid
0     2.255273  ...  mb-kvrh-04276
1     1.690196  ...  mb-kvrh-08987
2     1.740363  ...  mb-kvrh-07594
3     1.462398  ...  mb-kvrh-08721
4     1.380211  ...  mb-kvrh-01524
...        ...  ...            ...
4390  2.075547  ...  mb-kvrh-09123
4391  1.819544  ...  mb-kvrh-02656
4392  1.662758  ...  mb-kvrh-06638
4393  1.623249  ...  mb-kvrh-07407
4394  1.342423  ...  mb-kvrh-05113

[4395 rows x 3 columns]
warning: could not load CGCNN features for 103
Setting it to max atomic number available here, 103
warning: could not load CGCNN features for 101
Setting it to max atomic number available here, 103
warning: could not load CGCNN features for 102
Setting it to max atomic number available here, 103
building line graphs
data range 2.741151598851785 0.6989700043360189
Converting to graphs!
df        target                                              atoms            jid
0    2.264818  {'lattice_mat': [[4.80623256, 0.0, 0.0], [-2.4...  mb-kvrh-05443
1    1.995635  {'lattice_mat': [[1.072e-05, 3.42042968, 3.420...  mb-kvrh-10134
2    1.431364  {'lattice_mat': [[4.95719558, 0.0, 0.0], [-2.4...  mb-kvrh-04665
3    2.271842  {'lattice_mat': [[2.94276033, 0.0, -0.72883662...  mb-kvrh-02902
4    1.934498  {'lattice_mat': [[4.05117656, 0.0, 0.0], [-2.0...  mb-kvrh-03318
..        ...                                                ...            ...
544  1.785330  {'lattice_mat': [[4.07505195, -0.0, -0.0], [0....  mb-kvrh-06714
545  2.292256  {'lattice_mat': [[3.47795553, 0.0, 2.00799856]...  mb-kvrh-07518
546  2.017033  {'lattice_mat': [[1.50052105, 0.86632571, 4.83...  mb-kvrh-03028
547  1.707570  {'lattice_mat': [[1.19690806, 3.52222994, 0.0]...  mb-kvrh-09088
548  2.447158  {'lattice_mat': [[4.29464324, 0.0, 0.0], [0.0,...  mb-kvrh-08562

[549 rows x 3 columns]
building line graphs
data range 2.569373909615046 0.0
Converting to graphs!
df        target                                              atoms            jid
0    1.653213  {'lattice_mat': [[3.95316622, 0.0, 0.0], [0.0,...  mb-kvrh-05039
1    1.000000  {'lattice_mat': [[4.48213375, 0.0, 0.0], [0.0,...  mb-kvrh-10547
2    2.123852  {'lattice_mat': [[-2.78e-06, 3.05223821, 3.052...  mb-kvrh-07201
3    2.045323  {'lattice_mat': [[5.00537049, 0.1977969, -0.85...  mb-kvrh-01178
4    2.120574  {'lattice_mat': [[4.12030109, 0.0, 0.0], [0.0,...  mb-kvrh-02432
..        ...                                                ...            ...
544  2.096910  {'lattice_mat': [[7.6711806, 0.0, 0.0], [-3.83...  mb-kvrh-04026
545  2.382017  {'lattice_mat': [[3.92472536, 0.0, 0.0], [0.0,...  mb-kvrh-05710
546  1.770852  {'lattice_mat': [[6.81817034, -0.01322801, -0....  mb-kvrh-00703
547  2.041393  {'lattice_mat': [[4.70064489, -0.17447171, 0.0...  mb-kvrh-01619
548  2.235528  {'lattice_mat': [[3.54683733, 0.0, 0.0], [0.0,...  mb-kvrh-03704

[549 rows x 3 columns]
building line graphs
n_train: 4395
n_val  : 549
n_test : 549
rank 0
world_size 1
config: {'version': '9c9ee23de543322c97e5d622a81e929e4dbfc141', 'dataset': 'user_data', 'target': 'target', 'atom_features': 'cgcnn', 'neighbor_strategy': 'k-nearest', 'id_tag': 'jid', 'dtype': 'float32', 'random_seed': 123, 'classification_threshold': None, 'n_val': None, 'n_test': None, 'n_train': None, 'train_ratio': 0.8, 'val_ratio': 0.1, 'test_ratio': 0.1, 'target_multiplication_factor': None, 'epochs': 120, 'batch_size': 64, 'gpu_memory_fraction': None, 'use_amp': False, 'ddp_find_unused_parameters': False, 'deterministic': False, 'weight_decay': 0.0, 'learning_rate': 0.001, 'filename': 'sample', 'warmup_steps': 2000, 'criterion': 'mse', 'optimizer': 'adamw', 'scheduler': 'onecycle', 'pin_memory': True, 'save_dataloader': False, 'write_checkpoint': True, 'write_predictions': True, 'store_outputs': True, 'progress': True, 'log_tensorboard': False, 'standard_scalar_and_pca': False, 'use_canonize': True, 'compute_line_graph': True, 'num_workers': 2, 'cutoff': 8.0, 'cutoff_extra': 3.0, 'three_body_cutoff': 3.5, 'max_neighbors': 12, 'keep_data_order': False, 'normalize_graph_level_loss': False, 'distributed': True, 'data_parallel': False, 'n_early_stopping': None, 'output_dir': '../results_alignn_log_kvrh_partitions_fastfood/kvrh_half_2/alignn_log_kvrh_fastfood_kvrh_half_2_dim8_seed123_epochs120', 'use_lmdb': False, 'read_existing': False, 'model': {'name': 'alignn_atomwise', 'alignn_layers': 1, 'gcn_layers': 1, 'atom_input_features': 92, 'edge_input_features': 80, 'triplet_input_features': 40, 'embedding_features': 64, 'hidden_features': 64, 'output_features': 1, 'grad_multiplier': -1, 'calculate_gradient': False, 'atomwise_output_features': 0, 'graphwise_weight': 1.0, 'gradwise_weight': 0.0, 'stresswise_weight': 0.0, 'atomwise_weight': 0.0, 'link': 'identity', 'zero_inflated': False, 'classification': False, 'force_mult_natoms': False, 'energy_mult_natoms': True, 'include_pos_deriv': False, 'use_cutoff_function': False, 'inner_cutoff': 3.0, 'stress_multiplier': 1.0, 'add_reverse_forces': True, 'lg_on_fly': True, 'batch_stress': True, 'multiply_cutoff': False, 'use_penalty': True, 'extra_features': 0, 'exponent': 5, 'penalty_factor': 0.1, 'penalty_threshold': 1.0, 'additional_output_features': 0, 'additional_output_weight': 0.0}}
{'atom_features': 'cgcnn',
 'batch_size': 64,
 'classification_threshold': None,
 'compute_line_graph': True,
 'criterion': 'mse',
 'cutoff': 8.0,
 'cutoff_extra': 3.0,
 'data_parallel': False,
 'dataset': 'user_data',
 'ddp_find_unused_parameters': False,
 'deterministic': False,
 'distributed': True,
 'dtype': 'float32',
 'epochs': 120,
 'filename': 'sample',
 'gpu_memory_fraction': None,
 'id_tag': 'jid',
 'keep_data_order': False,
 'learning_rate': 0.001,
 'log_tensorboard': False,
 'max_neighbors': 12,
 'model': {'add_reverse_forces': True,
           'additional_output_features': 0,
           'additional_output_weight': 0.0,
           'alignn_layers': 1,
           'atom_input_features': 92,
           'atomwise_output_features': 0,
           'atomwise_weight': 0.0,
           'batch_stress': True,
           'calculate_gradient': False,
           'classification': False,
           'edge_input_features': 80,
           'embedding_features': 64,
           'energy_mult_natoms': True,
           'exponent': 5,
           'extra_features': 0,
           'force_mult_natoms': False,
           'gcn_layers': 1,
           'grad_multiplier': -1,
           'gradwise_weight': 0.0,
           'graphwise_weight': 1.0,
           'hidden_features': 64,
           'include_pos_deriv': False,
           'inner_cutoff': 3.0,
           'lg_on_fly': True,
           'link': 'identity',
           'multiply_cutoff': False,
           'name': 'alignn_atomwise',
           'output_features': 1,
           'penalty_factor': 0.1,
           'penalty_threshold': 1.0,
           'stress_multiplier': 1.0,
           'stresswise_weight': 0.0,
           'triplet_input_features': 40,
           'use_cutoff_function': False,
           'use_penalty': True,
           'zero_inflated': False},
 'n_early_stopping': None,
 'n_test': None,
 'n_train': None,
 'n_val': None,
 'neighbor_strategy': 'k-nearest',
 'normalize_graph_level_loss': False,
 'num_workers': 2,
 'optimizer': 'adamw',
 'output_dir': '../results_alignn_log_kvrh_partitions_fastfood/kvrh_half_2/alignn_log_kvrh_fastfood_kvrh_half_2_dim8_seed123_epochs120',
 'pin_memory': True,
 'progress': True,
 'random_seed': 123,
 'read_existing': False,
 'save_dataloader': False,
 'scheduler': 'onecycle',
 'standard_scalar_and_pca': False,
 'store_outputs': True,
 'target': 'target',
 'target_multiplication_factor': None,
 'test_ratio': 0.1,
 'three_body_cutoff': 3.5,
 'train_ratio': 0.8,
 'use_amp': False,
 'use_canonize': True,
 'use_lmdb': False,
 'val_ratio': 0.1,
 'version': '9c9ee23de543322c97e5d622a81e929e4dbfc141',
 'warmup_steps': 2000,
 'weight_decay': 0.0,
 'write_checkpoint': True,
 'write_predictions': True}
[Seed] deterministic_mode=False

    _    _     ___ ____ _   _ _   _
   / \  | |   |_ _/ ___| \ | | \ | |
  / _ \ | |    | | |  _|  \| |  \| |
 / ___ \| |___ | | |_| | |\  | |\  |
/_/   \_\_____|___\____|_| \_|_| \_|

Model parameters 92829
CUDA available True
CUDA device count 1
   GPU: NVIDIA A100-SXM4-80GB. Max memory: 79.252 GB. Platform = Linux.
   Pytorch: 2.11.0+cu128. CUDA = 8.0. CUDA Toolkit = 12.8.

Train Loss:  Epoch    Total      Graph      Atom       Grad       Stress     Addn.      Time      
             0        25.7786    25.7786    0.0000     0.0000     0.0000     0.0000     4.79      
Val Loss:    Epoch    Total      Graph      Atom       Grad       Stress     Addn.      Time      
             0        1.3517     1.3517     0.0000     0.0000     0.0000     0.0000     0.39       Saving model
Train Loss:  Epoch    Total      Graph      Atom       Grad       Stress     Addn.      Time      
             1        10.4418    10.4418    0.0000     0.0000     0.0000     0.0000     4.15      
Val Loss:    Epoch    Total      Graph      Atom       Grad       Stress     Addn.      Time      
             1        1.1347     1.1347     0.0000     0.0000     0.0000     0.0000     0.39       Saving model
Train Loss:  Epoch    Total      Graph      Atom       Grad       Stress     Addn.      Time      
             2        9.1929     9.1929     0.0000     0.0000     0.0000     0.0000     4.51      
Val Loss:    Epoch    Total      Graph      Atom       Grad       Stress     Addn.      Time      
             2        1.0438     1.0438     0.0000     0.0000     0.0000     0.0000     0.39       Saving model
Train Loss:  Epoch    Total      Graph      Atom       Grad       Stress     Addn.      Time      
             3        8.7991     8.7991     0.0000     0.0000     0.0000     0.0000     4.70      
Val Loss:    Epoch    Total      Graph      Atom       Grad       Stress     Addn.      Time      
             3        0.9964     0.9964     0.0000     0.0000     0.0000     0.0000     0.40       Saving model
Train Loss:  Epoch    Total      Graph      Atom       Grad       Stress     Addn.      Time      
             4        8.5298     8.5298     0.0000     0.0000     0.0000     0.0000     4.18      
Val Loss:    Epoch    Total      Graph      Atom       Grad       Stress     Addn.      Time      
             4        0.9527     0.9527     0.0000     0.0000     0.0000     0.0000     0.38       Saving model
Train Loss:  Epoch    Total      Graph      Atom       Grad       Stress     Addn.      Time      
             5        8.3378     8.3378     0.0000     0.0000     0.0000     0.0000     4.11      
Val Loss:    Epoch    Total      Graph      Atom       Grad       Stress     Addn.      Time      
             5        0.9576     0.9576     0.0000     0.0000     0.0000     0.0000     0.38       Saving model
Train Loss:  Epoch    Total      Graph      Atom       Grad       Stress     Addn.      Time      
             6        8.2686     8.2686     0.0000     0.0000     0.0000     0.0000     4.86      
Val Loss:    Epoch    Total      Graph      Atom       Grad       Stress     Addn.      Time      
             6        0.9282     0.9282     0.0000     0.0000     0.0000     0.0000     0.68       Saving model
Train Loss:  Epoch    Total      Graph      Atom       Grad       Stress     Addn.      Time      
             7        7.9790     7.9790     0.0000     0.0000     0.0000     0.0000     4.12      
Val Loss:    Epoch    Total      Graph      Atom       Grad       Stress     Addn.      Time      
             7        0.8807     0.8807     0.0000     0.0000     0.0000     0.0000     0.39       Saving model
Train Loss:  Epoch    Total      Graph      Atom       Grad       Stress     Addn.      Time      
             8        7.9275     7.9275     0.0000     0.0000     0.0000     0.0000     4.43      
Val Loss:    Epoch    Total      Graph      Atom       Grad       Stress     Addn.      Time      
             8        0.8870     0.8870     0.0000     0.0000     0.0000     0.0000     0.40       Saving model
Train Loss:  Epoch    Total      Graph      Atom       Grad       Stress     Addn.      Time      
             9        7.8334     7.8334     0.0000     0.0000     0.0000     0.0000     4.27      
Val Loss:    Epoch    Total      Graph      Atom       Grad       Stress     Addn.      Time      
             9        0.9195     0.9195     0.0000     0.0000     0.0000     0.0000     0.38       Saving model
Train Loss:  Epoch    Total      Graph      Atom       Grad       Stress     Addn.      Time      
             10       7.7587     7.7587     0.0000     0.0000     0.0000     0.0000     4.12      
Val Loss:    Epoch    Total      Graph      Atom       Grad       Stress     Addn.      Time      
             10       0.8699     0.8699     0.0000     0.0000     0.0000     0.0000     0.40       Saving model
Train Loss:  Epoch    Total      Graph      Atom       Grad       Stress     Addn.      Time      
             11       7.7912     7.7912     0.0000     0.0000     0.0000     0.0000     4.16      
Val Loss:    Epoch    Total      Graph      Atom       Grad       Stress     Addn.      Time      
             11       0.8575     0.8575     0.0000     0.0000     0.0000     0.0000     0.68       Saving model
Train Loss:  Epoch    Total      Graph      Atom       Grad       Stress     Addn.      Time      
             12       7.5392     7.5392     0.0000     0.0000     0.0000     0.0000     4.97      
Val Loss:    Epoch    Total      Graph      Atom       Grad       Stress     Addn.      Time      
             12       0.8509     0.8509     0.0000     0.0000     0.0000     0.0000     0.39       Saving model
Train Loss:  Epoch    Total      Graph      Atom       Grad       Stress     Addn.      Time      
             13       7.4310     7.4310     0.0000     0.0000     0.0000     0.0000     4.14      
Val Loss:    Epoch    Total      Graph      Atom       Grad       Stress     Addn.      Time      
             13       0.8748     0.8748     0.0000     0.0000     0.0000     0.0000     0.39       Saving model
Train Loss:  Epoch    Total      Graph      Atom       Grad       Stress     Addn.      Time      
             14       7.3094     7.3094     0.0000     0.0000     0.0000     0.0000     4.51      
Val Loss:    Epoch    Total      Graph      Atom       Grad       Stress     Addn.      Time      
             14       0.8505     0.8505     0.0000     0.0000     0.0000     0.0000     0.39       Saving model
Train Loss:  Epoch    Total      Graph      Atom       Grad       Stress     Addn.      Time      
             15       7.2454     7.2454     0.0000     0.0000     0.0000     0.0000     4.67      
Val Loss:    Epoch    Total      Graph      Atom       Grad       Stress     Addn.      Time      
             15       0.8087     0.8087     0.0000     0.0000     0.0000     0.0000     0.38       Saving model
Train Loss:  Epoch    Total      Graph      Atom       Grad       Stress     Addn.      Time      
             16       7.1043     7.1043     0.0000     0.0000     0.0000     0.0000     4.08      
Val Loss:    Epoch    Total      Graph      Atom       Grad       Stress     Addn.      Time      
             16       0.8029     0.8029     0.0000     0.0000     0.0000     0.0000     0.40       Saving model
Train Loss:  Epoch    Total      Graph      Atom       Grad       Stress     Addn.      Time      
             17       7.1456     7.1456     0.0000     0.0000     0.0000     0.0000     4.13      
Val Loss:    Epoch    Total      Graph      Atom       Grad       Stress     Addn.      Time      
             17       0.7923     0.7923     0.0000     0.0000     0.0000     0.0000     0.40       Saving model
Train Loss:  Epoch    Total      Graph      Atom       Grad       Stress     Addn.      Time      
             18       6.8999     6.8999     0.0000     0.0000     0.0000     0.0000     4.82      
Val Loss:    Epoch    Total      Graph      Atom       Grad       Stress     Addn.      Time      
             18       0.7911     0.7911     0.0000     0.0000     0.0000     0.0000     0.40       Saving model
Train Loss:  Epoch    Total      Graph      Atom       Grad       Stress     Addn.      Time      
             19       6.9440     6.9440     0.0000     0.0000     0.0000     0.0000     4.42      
Val Loss:    Epoch    Total      Graph      Atom       Grad       Stress     Addn.      Time      
             19       0.7888     0.7888     0.0000     0.0000     0.0000     0.0000     0.39       Saving model
Train Loss:  Epoch    Total      Graph      Atom       Grad       Stress     Addn.      Time      
             20       6.9103     6.9103     0.0000     0.0000     0.0000     0.0000     4.54      
Val Loss:    Epoch    Total      Graph      Atom       Grad       Stress     Addn.      Time      
             20       0.7840     0.7840     0.0000     0.0000     0.0000     0.0000     0.39       Saving model
Train Loss:  Epoch    Total      Graph      Atom       Grad       Stress     Addn.      Time      
             21       6.7443     6.7443     0.0000     0.0000     0.0000     0.0000     4.10      
Val Loss:    Epoch    Total      Graph      Atom       Grad       Stress     Addn.      Time      
             21       0.7977     0.7977     0.0000     0.0000     0.0000     0.0000     0.39       Saving model
Train Loss:  Epoch    Total      Graph      Atom       Grad       Stress     Addn.      Time      
             22       6.7254     6.7254     0.0000     0.0000     0.0000     0.0000     4.26      
Val Loss:    Epoch    Total      Graph      Atom       Grad       Stress     Addn.      Time      
             22       0.7585     0.7585     0.0000     0.0000     0.0000     0.0000     0.40       Saving model
Train Loss:  Epoch    Total      Graph      Atom       Grad       Stress     Addn.      Time      
             23       6.6133     6.6133     0.0000     0.0000     0.0000     0.0000     4.40      
Val Loss:    Epoch    Total      Graph      Atom       Grad       Stress     Addn.      Time      
             23       0.7653     0.7653     0.0000     0.0000     0.0000     0.0000     0.40       Saving model
Train Loss:  Epoch    Total      Graph      Atom       Grad       Stress     Addn.      Time      
             24       6.8455     6.8455     0.0000     0.0000     0.0000     0.0000     6.21      
Val Loss:    Epoch    Total      Graph      Atom       Grad       Stress     Addn.      Time      
             24       0.7844     0.7844     0.0000     0.0000     0.0000     0.0000     0.39       Saving model
Train Loss:  Epoch    Total      Graph      Atom       Grad       Stress     Addn.      Time      
             25       6.6005     6.6005     0.0000     0.0000     0.0000     0.0000     4.12      
Val Loss:    Epoch    Total      Graph      Atom       Grad       Stress     Addn.      Time      
             25       0.7706     0.7706     0.0000     0.0000     0.0000     0.0000     0.39       Saving model
Train Loss:  Epoch    Total      Graph      Atom       Grad       Stress     Addn.      Time      
             26       6.5667     6.5667     0.0000     0.0000     0.0000     0.0000     4.54      
Val Loss:    Epoch    Total      Graph      Atom       Grad       Stress     Addn.      Time      
             26       0.8613     0.8613     0.0000     0.0000     0.0000     0.0000     0.39       Saving model
Train Loss:  Epoch    Total      Graph      Atom       Grad       Stress     Addn.      Time      
             27       6.6459     6.6459     0.0000     0.0000     0.0000     0.0000     4.14      
Val Loss:    Epoch    Total      Graph      Atom       Grad       Stress     Addn.      Time      
             27       0.7452     0.7452     0.0000     0.0000     0.0000     0.0000     0.64       Saving model
Train Loss:  Epoch    Total      Graph      Atom       Grad       Stress     Addn.      Time      
             28       6.4681     6.4681     0.0000     0.0000     0.0000     0.0000     4.48      
Val Loss:    Epoch    Total      Graph      Atom       Grad       Stress     Addn.      Time      
             28       0.7589     0.7589     0.0000     0.0000     0.0000     0.0000     0.39       Saving model
Train Loss:  Epoch    Total      Graph      Atom       Grad       Stress     Addn.      Time      
             29       6.4224     6.4224     0.0000     0.0000     0.0000     0.0000     4.13      
Val Loss:    Epoch    Total      Graph      Atom       Grad       Stress     Addn.      Time      
             29       0.7388     0.7388     0.0000     0.0000     0.0000     0.0000     0.39       Saving model
Train Loss:  Epoch    Total      Graph      Atom       Grad       Stress     Addn.      Time      
             30       6.3795     6.3795     0.0000     0.0000     0.0000     0.0000     4.95      
Val Loss:    Epoch    Total      Graph      Atom       Grad       Stress     Addn.      Time      
             30       0.7770     0.7770     0.0000     0.0000     0.0000     0.0000     0.39       Saving model
Train Loss:  Epoch    Total      Graph      Atom       Grad       Stress     Addn.      Time      
             31       6.4788     6.4788     0.0000     0.0000     0.0000     0.0000     4.43      
Val Loss:    Epoch    Total      Graph      Atom       Grad       Stress     Addn.      Time      
             31       0.7420     0.7420     0.0000     0.0000     0.0000     0.0000     0.40       Saving model
Train Loss:  Epoch    Total      Graph      Atom       Grad       Stress     Addn.      Time      
             32       6.3069     6.3069     0.0000     0.0000     0.0000     0.0000     4.10      
Val Loss:    Epoch    Total      Graph      Atom       Grad       Stress     Addn.      Time      
             32       0.7570     0.7570     0.0000     0.0000     0.0000     0.0000     0.67       Saving model
Train Loss:  Epoch    Total      Graph      Atom       Grad       Stress     Addn.      Time      
             33       6.3995     6.3995     0.0000     0.0000     0.0000     0.0000     4.10      
Val Loss:    Epoch    Total      Graph      Atom       Grad       Stress     Addn.      Time      
             33       0.7475     0.7475     0.0000     0.0000     0.0000     0.0000     0.39       Saving model
Train Loss:  Epoch    Total      Graph      Atom       Grad       Stress     Addn.      Time      
             34       6.2457     6.2457     0.0000     0.0000     0.0000     0.0000     4.29      
Val Loss:    Epoch    Total      Graph      Atom       Grad       Stress     Addn.      Time      
             34       0.7477     0.7477     0.0000     0.0000     0.0000     0.0000     0.39       Saving model
Train Loss:  Epoch    Total      Graph      Atom       Grad       Stress     Addn.      Time      
             35       6.4733     6.4733     0.0000     0.0000     0.0000     0.0000     4.44      
Val Loss:    Epoch    Total      Graph      Atom       Grad       Stress     Addn.      Time      
             35       0.7788     0.7788     0.0000     0.0000     0.0000     0.0000     0.40       Saving model
Train Loss:  Epoch    Total      Graph      Atom       Grad       Stress     Addn.      Time      
             36       6.2084     6.2084     0.0000     0.0000     0.0000     0.0000     4.12      
Val Loss:    Epoch    Total      Graph      Atom       Grad       Stress     Addn.      Time      
             36       0.7228     0.7228     0.0000     0.0000     0.0000     0.0000     1.19       Saving model
Train Loss:  Epoch    Total      Graph      Atom       Grad       Stress     Addn.      Time      
             37       6.3802     6.3802     0.0000     0.0000     0.0000     0.0000     4.13      
Val Loss:    Epoch    Total      Graph      Atom       Grad       Stress     Addn.      Time      
             37       0.7311     0.7311     0.0000     0.0000     0.0000     0.0000     0.39       Saving model
Train Loss:  Epoch    Total      Graph      Atom       Grad       Stress     Addn.      Time      
             38       6.3897     6.3897     0.0000     0.0000     0.0000     0.0000     4.14      
Val Loss:    Epoch    Total      Graph      Atom       Grad       Stress     Addn.      Time      
             38       0.7265     0.7265     0.0000     0.0000     0.0000     0.0000     0.40       Saving model
Train Loss:  Epoch    Total      Graph      Atom       Grad       Stress     Addn.      Time      
             39       6.2157     6.2157     0.0000     0.0000     0.0000     0.0000     4.50      
Val Loss:    Epoch    Total      Graph      Atom       Grad       Stress     Addn.      Time      
             39       0.7844     0.7844     0.0000     0.0000     0.0000     0.0000     0.40       Saving model
Train Loss:  Epoch    Total      Graph      Atom       Grad       Stress     Addn.      Time      
             40       6.0540     6.0540     0.0000     0.0000     0.0000     0.0000     4.57      
Val Loss:    Epoch    Total      Graph      Atom       Grad       Stress     Addn.      Time      
             40       0.7208     0.7208     0.0000     0.0000     0.0000     0.0000     0.40       Saving model
Train Loss:  Epoch    Total      Graph      Atom       Grad       Stress     Addn.      Time      
             41       5.9997     5.9997     0.0000     0.0000     0.0000     0.0000     4.12      
Val Loss:    Epoch    Total      Graph      Atom       Grad       Stress     Addn.      Time      
             41       0.7446     0.7446     0.0000     0.0000     0.0000     0.0000     0.39       Saving model
Train Loss:  Epoch    Total      Graph      Atom       Grad       Stress     Addn.      Time      
             42       5.9206     5.9206     0.0000     0.0000     0.0000     0.0000     4.12      
Val Loss:    Epoch    Total      Graph      Atom       Grad       Stress     Addn.      Time      
             42       0.7186     0.7186     0.0000     0.0000     0.0000     0.0000     0.40       Saving model
Train Loss:  Epoch    Total      Graph      Atom       Grad       Stress     Addn.      Time      
             43       6.1992     6.1992     0.0000     0.0000     0.0000     0.0000     4.84      
Val Loss:    Epoch    Total      Graph      Atom       Grad       Stress     Addn.      Time      
             43       0.7270     0.7270     0.0000     0.0000     0.0000     0.0000     0.39       Saving model
Train Loss:  Epoch    Total      Graph      Atom       Grad       Stress     Addn.      Time      
             44       6.0078     6.0078     0.0000     0.0000     0.0000     0.0000     4.12      
Val Loss:    Epoch    Total      Graph      Atom       Grad       Stress     Addn.      Time      
             44       0.7557     0.7557     0.0000     0.0000     0.0000     0.0000     0.39       Saving model
Train Loss:  Epoch    Total      Graph      Atom       Grad       Stress     Addn.      Time      
             45       6.2039     6.2039     0.0000     0.0000     0.0000     0.0000     4.85      
Val Loss:    Epoch    Total      Graph      Atom       Grad       Stress     Addn.      Time      
             45       0.7534     0.7534     0.0000     0.0000     0.0000     0.0000     0.39       Saving model
Train Loss:  Epoch    Total      Graph      Atom       Grad       Stress     Addn.      Time      
             46       6.0844     6.0844     0.0000     0.0000     0.0000     0.0000     4.34      
Val Loss:    Epoch    Total      Graph      Atom       Grad       Stress     Addn.      Time      
             46       0.7604     0.7604     0.0000     0.0000     0.0000     0.0000     0.38       Saving model
Train Loss:  Epoch    Total      Graph      Atom       Grad       Stress     Addn.      Time      
             47       5.9525     5.9525     0.0000     0.0000     0.0000     0.0000     4.14      
Val Loss:    Epoch    Total      Graph      Atom       Grad       Stress     Addn.      Time      
             47       0.7062     0.7062     0.0000     0.0000     0.0000     0.0000     0.39       Saving model
Train Loss:  Epoch    Total      Graph      Atom       Grad       Stress     Addn.      Time      
             48       6.0729     6.0729     0.0000     0.0000     0.0000     0.0000     4.12      
Val Loss:    Epoch    Total      Graph      Atom       Grad       Stress     Addn.      Time      
             48       0.7836     0.7836     0.0000     0.0000     0.0000     0.0000     0.39       Saving model
Train Loss:  Epoch    Total      Graph      Atom       Grad       Stress     Addn.      Time      
             49       6.2573     6.2573     0.0000     0.0000     0.0000     0.0000     5.19      
Val Loss:    Epoch    Total      Graph      Atom       Grad       Stress     Addn.      Time      
             49       0.7058     0.7058     0.0000     0.0000     0.0000     0.0000     0.39       Saving model
Train Loss:  Epoch    Total      Graph      Atom       Grad       Stress     Addn.      Time      
             50       6.1516     6.1516     0.0000     0.0000     0.0000     0.0000     4.11      
Val Loss:    Epoch    Total      Graph      Atom       Grad       Stress     Addn.      Time      
             50       0.8881     0.8881     0.0000     0.0000     0.0000     0.0000     0.39       Saving model
Train Loss:  Epoch    Total      Graph      Atom       Grad       Stress     Addn.      Time      
             51       6.0196     6.0196     0.0000     0.0000     0.0000     0.0000     4.51      
Val Loss:    Epoch    Total      Graph      Atom       Grad       Stress     Addn.      Time      
             51       0.7404     0.7404     0.0000     0.0000     0.0000     0.0000     0.39       Saving model
Train Loss:  Epoch    Total      Graph      Atom       Grad       Stress     Addn.      Time      
             52       6.0836     6.0836     0.0000     0.0000     0.0000     0.0000     4.36      
Val Loss:    Epoch    Total      Graph      Atom       Grad       Stress     Addn.      Time      
             52       0.6898     0.6898     0.0000     0.0000     0.0000     0.0000     0.38       Saving model
Train Loss:  Epoch    Total      Graph      Atom       Grad       Stress     Addn.      Time      
             53       5.9852     5.9852     0.0000     0.0000     0.0000     0.0000     4.35      
Val Loss:    Epoch    Total      Graph      Atom       Grad       Stress     Addn.      Time      
             53       0.7070     0.7070     0.0000     0.0000     0.0000     0.0000     0.40       Saving model
Train Loss:  Epoch    Total      Graph      Atom       Grad       Stress     Addn.      Time      
             54       5.7672     5.7672     0.0000     0.0000     0.0000     0.0000     4.05      
Val Loss:    Epoch    Total      Graph      Atom       Grad       Stress     Addn.      Time      
             54       0.6873     0.6873     0.0000     0.0000     0.0000     0.0000     0.40       Saving model
Train Loss:  Epoch    Total      Graph      Atom       Grad       Stress     Addn.      Time      
             55       5.7899     5.7899     0.0000     0.0000     0.0000     0.0000     4.92      
Val Loss:    Epoch    Total      Graph      Atom       Grad       Stress     Addn.      Time      
             55       0.6985     0.6985     0.0000     0.0000     0.0000     0.0000     0.40       Saving model
Train Loss:  Epoch    Total      Graph      Atom       Grad       Stress     Addn.      Time      
             56       5.9538     5.9538     0.0000     0.0000     0.0000     0.0000     4.14      
Val Loss:    Epoch    Total      Graph      Atom       Grad       Stress     Addn.      Time      
             56       0.7781     0.7781     0.0000     0.0000     0.0000     0.0000     0.40       Saving model
Train Loss:  Epoch    Total      Graph      Atom       Grad       Stress     Addn.      Time      
             57       5.8030     5.8030     0.0000     0.0000     0.0000     0.0000     4.88      
Val Loss:    Epoch    Total      Graph      Atom       Grad       Stress     Addn.      Time      
             57       0.7684     0.7684     0.0000     0.0000     0.0000     0.0000     0.39       Saving model
Train Loss:  Epoch    Total      Graph      Atom       Grad       Stress     Addn.      Time      
             58       5.8437     5.8437     0.0000     0.0000     0.0000     0.0000     4.10      
Val Loss:    Epoch    Total      Graph      Atom       Grad       Stress     Addn.      Time      
             58       0.6782     0.6782     0.0000     0.0000     0.0000     0.0000     0.39       Saving model
Train Loss:  Epoch    Total      Graph      Atom       Grad       Stress     Addn.      Time      
             59       5.7794     5.7794     0.0000     0.0000     0.0000     0.0000     4.30      
Val Loss:    Epoch    Total      Graph      Atom       Grad       Stress     Addn.      Time      
             59       0.7040     0.7040     0.0000     0.0000     0.0000     0.0000     0.39       Saving model
Train Loss:  Epoch    Total      Graph      Atom       Grad       Stress     Addn.      Time      
             60       5.7672     5.7672     0.0000     0.0000     0.0000     0.0000     4.11      
Val Loss:    Epoch    Total      Graph      Atom       Grad       Stress     Addn.      Time      
             60       0.7039     0.7039     0.0000     0.0000     0.0000     0.0000     0.39       Saving model
Train Loss:  Epoch    Total      Graph      Atom       Grad       Stress     Addn.      Time      
             61       5.8254     5.8254     0.0000     0.0000     0.0000     0.0000     5.21      
Val Loss:    Epoch    Total      Graph      Atom       Grad       Stress     Addn.      Time      
             61       0.7154     0.7154     0.0000     0.0000     0.0000     0.0000     0.41       Saving model
Train Loss:  Epoch    Total      Graph      Atom       Grad       Stress     Addn.      Time      
             62       5.7512     5.7512     0.0000     0.0000     0.0000     0.0000     4.10      
Val Loss:    Epoch    Total      Graph      Atom       Grad       Stress     Addn.      Time      
             62       0.6920     0.6920     0.0000     0.0000     0.0000     0.0000     0.40       Saving model
Train Loss:  Epoch    Total      Graph      Atom       Grad       Stress     Addn.      Time      
             63       5.6272     5.6272     0.0000     0.0000     0.0000     0.0000     4.11      
Val Loss:    Epoch    Total      Graph      Atom       Grad       Stress     Addn.      Time      
             63       0.6781     0.6781     0.0000     0.0000     0.0000     0.0000     0.39       Saving model
Train Loss:  Epoch    Total      Graph      Atom       Grad       Stress     Addn.      Time      
             64       5.6696     5.6696     0.0000     0.0000     0.0000     0.0000     4.46      
Val Loss:    Epoch    Total      Graph      Atom       Grad       Stress     Addn.      Time      
             64       0.6909     0.6909     0.0000     0.0000     0.0000     0.0000     0.39       Saving model
Train Loss:  Epoch    Total      Graph      Atom       Grad       Stress     Addn.      Time      
             65       5.7232     5.7232     0.0000     0.0000     0.0000     0.0000     4.57      
Val Loss:    Epoch    Total      Graph      Atom       Grad       Stress     Addn.      Time      
             65       0.6989     0.6989     0.0000     0.0000     0.0000     0.0000     0.39       Saving model
Train Loss:  Epoch    Total      Graph      Atom       Grad       Stress     Addn.      Time      
             66       5.6611     5.6611     0.0000     0.0000     0.0000     0.0000     4.11      
Val Loss:    Epoch    Total      Graph      Atom       Grad       Stress     Addn.      Time      
             66       0.6886     0.6886     0.0000     0.0000     0.0000     0.0000     0.40       Saving model
Train Loss:  Epoch    Total      Graph      Atom       Grad       Stress     Addn.      Time      
             67       5.6430     5.6430     0.0000     0.0000     0.0000     0.0000     4.12      
Val Loss:    Epoch    Total      Graph      Atom       Grad       Stress     Addn.      Time      
             67       0.6785     0.6785     0.0000     0.0000     0.0000     0.0000     0.39       Saving model
Train Loss:  Epoch    Total      Graph      Atom       Grad       Stress     Addn.      Time      
             68       5.7227     5.7227     0.0000     0.0000     0.0000     0.0000     4.88      
Val Loss:    Epoch    Total      Graph      Atom       Grad       Stress     Addn.      Time      
             68       0.7228     0.7228     0.0000     0.0000     0.0000     0.0000     0.40       Saving model
Train Loss:  Epoch    Total      Graph      Atom       Grad       Stress     Addn.      Time      
             69       5.6488     5.6488     0.0000     0.0000     0.0000     0.0000     4.49      
Val Loss:    Epoch    Total      Graph      Atom       Grad       Stress     Addn.      Time      
             69       0.6696     0.6696     0.0000     0.0000     0.0000     0.0000     0.39       Saving model
Train Loss:  Epoch    Total      Graph      Atom       Grad       Stress     Addn.      Time      
             70       5.4987     5.4987     0.0000     0.0000     0.0000     0.0000     4.47      
Val Loss:    Epoch    Total      Graph      Atom       Grad       Stress     Addn.      Time      
             70       0.6792     0.6792     0.0000     0.0000     0.0000     0.0000     0.38       Saving model
Train Loss:  Epoch    Total      Graph      Atom       Grad       Stress     Addn.      Time      
             71       5.5404     5.5404     0.0000     0.0000     0.0000     0.0000     4.32      
Val Loss:    Epoch    Total      Graph      Atom       Grad       Stress     Addn.      Time      
             71       0.6760     0.6760     0.0000     0.0000     0.0000     0.0000     0.39       Saving model
Train Loss:  Epoch    Total      Graph      Atom       Grad       Stress     Addn.      Time      
             72       5.5567     5.5567     0.0000     0.0000     0.0000     0.0000     4.13      
Val Loss:    Epoch    Total      Graph      Atom       Grad       Stress     Addn.      Time      
             72       0.7269     0.7269     0.0000     0.0000     0.0000     0.0000     0.39       Saving model
Train Loss:  Epoch    Total      Graph      Atom       Grad       Stress     Addn.      Time      
             73       5.4926     5.4926     0.0000     0.0000     0.0000     0.0000     4.49      
Val Loss:    Epoch    Total      Graph      Atom       Grad       Stress     Addn.      Time      
             73       0.6704     0.6704     0.0000     0.0000     0.0000     0.0000     0.39       Saving model
Train Loss:  Epoch    Total      Graph      Atom       Grad       Stress     Addn.      Time      
             74       5.5431     5.5431     0.0000     0.0000     0.0000     0.0000     4.95      
Val Loss:    Epoch    Total      Graph      Atom       Grad       Stress     Addn.      Time      
             74       0.6647     0.6647     0.0000     0.0000     0.0000     0.0000     0.39       Saving model
Train Loss:  Epoch    Total      Graph      Atom       Grad       Stress     Addn.      Time      
             75       5.5654     5.5654     0.0000     0.0000     0.0000     0.0000     4.12      
Val Loss:    Epoch    Total      Graph      Atom       Grad       Stress     Addn.      Time      
             75       0.6811     0.6811     0.0000     0.0000     0.0000     0.0000     0.39       Saving model
Train Loss:  Epoch    Total      Graph      Atom       Grad       Stress     Addn.      Time      
             76       5.5420     5.5420     0.0000     0.0000     0.0000     0.0000     4.46      
Val Loss:    Epoch    Total      Graph      Atom       Grad       Stress     Addn.      Time      
             76       0.7399     0.7399     0.0000     0.0000     0.0000     0.0000     0.39       Saving model
Train Loss:  Epoch    Total      Graph      Atom       Grad       Stress     Addn.      Time      
             77       5.4837     5.4837     0.0000     0.0000     0.0000     0.0000     4.62      
Val Loss:    Epoch    Total      Graph      Atom       Grad       Stress     Addn.      Time      
             77       0.6708     0.6708     0.0000     0.0000     0.0000     0.0000     0.38       Saving model
Train Loss:  Epoch    Total      Graph      Atom       Grad       Stress     Addn.      Time      
             78       5.5055     5.5055     0.0000     0.0000     0.0000     0.0000     4.11      
Val Loss:    Epoch    Total      Graph      Atom       Grad       Stress     Addn.      Time      
             78       0.6661     0.6661     0.0000     0.0000     0.0000     0.0000     0.40       Saving model
Train Loss:  Epoch    Total      Graph      Atom       Grad       Stress     Addn.      Time      
             79       5.4485     5.4485     0.0000     0.0000     0.0000     0.0000     4.11      
Val Loss:    Epoch    Total      Graph      Atom       Grad       Stress     Addn.      Time      
             79       0.6663     0.6663     0.0000     0.0000     0.0000     0.0000     0.39       Saving model
Train Loss:  Epoch    Total      Graph      Atom       Grad       Stress     Addn.      Time      
             80       5.4315     5.4315     0.0000     0.0000     0.0000     0.0000     4.90      
Val Loss:    Epoch    Total      Graph      Atom       Grad       Stress     Addn.      Time      
             80       0.6577     0.6577     0.0000     0.0000     0.0000     0.0000     0.39       Saving model
Train Loss:  Epoch    Total      Graph      Atom       Grad       Stress     Addn.      Time      
             81       5.3256     5.3256     0.0000     0.0000     0.0000     0.0000     4.45      
Val Loss:    Epoch    Total      Graph      Atom       Grad       Stress     Addn.      Time      
             81       0.6745     0.6745     0.0000     0.0000     0.0000     0.0000     0.39       Saving model
Train Loss:  Epoch    Total      Graph      Atom       Grad       Stress     Addn.      Time      
             82       5.4467     5.4467     0.0000     0.0000     0.0000     0.0000     4.53      
Val Loss:    Epoch    Total      Graph      Atom       Grad       Stress     Addn.      Time      
             82       0.6713     0.6713     0.0000     0.0000     0.0000     0.0000     0.40       Saving model
Train Loss:  Epoch    Total      Graph      Atom       Grad       Stress     Addn.      Time      
             83       5.3589     5.3589     0.0000     0.0000     0.0000     0.0000     4.14      
Val Loss:    Epoch    Total      Graph      Atom       Grad       Stress     Addn.      Time      
             83       0.7604     0.7604     0.0000     0.0000     0.0000     0.0000     0.66       Saving model
Train Loss:  Epoch    Total      Graph      Atom       Grad       Stress     Addn.      Time      
             84       5.4146     5.4146     0.0000     0.0000     0.0000     0.0000     4.07      
Val Loss:    Epoch    Total      Graph      Atom       Grad       Stress     Addn.      Time      
             84       0.6714     0.6714     0.0000     0.0000     0.0000     0.0000     0.39       Saving model
Train Loss:  Epoch    Total      Graph      Atom       Grad       Stress     Addn.      Time      
             85       5.3873     5.3873     0.0000     0.0000     0.0000     0.0000     4.50      
Val Loss:    Epoch    Total      Graph      Atom       Grad       Stress     Addn.      Time      
             85       0.6486     0.6486     0.0000     0.0000     0.0000     0.0000     0.39       Saving model
Train Loss:  Epoch    Total      Graph      Atom       Grad       Stress     Addn.      Time      
             86       5.2732     5.2732     0.0000     0.0000     0.0000     0.0000     6.14      
Val Loss:    Epoch    Total      Graph      Atom       Grad       Stress     Addn.      Time      
             86       0.6519     0.6519     0.0000     0.0000     0.0000     0.0000     0.39       Saving model
Train Loss:  Epoch    Total      Graph      Atom       Grad       Stress     Addn.      Time      
             87       5.3715     5.3715     0.0000     0.0000     0.0000     0.0000     4.14      
Val Loss:    Epoch    Total      Graph      Atom       Grad       Stress     Addn.      Time      
             87       0.6567     0.6567     0.0000     0.0000     0.0000     0.0000     0.39       Saving model
Train Loss:  Epoch    Total      Graph      Atom       Grad       Stress     Addn.      Time      
             88       5.3355     5.3355     0.0000     0.0000     0.0000     0.0000     4.47      
Val Loss:    Epoch    Total      Graph      Atom       Grad       Stress     Addn.      Time      
             88       0.6914     0.6914     0.0000     0.0000     0.0000     0.0000     0.39       Saving model
Train Loss:  Epoch    Total      Graph      Atom       Grad       Stress     Addn.      Time      
             89       5.2473     5.2473     0.0000     0.0000     0.0000     0.0000     4.70      
Val Loss:    Epoch    Total      Graph      Atom       Grad       Stress     Addn.      Time      
             89       0.6469     0.6469     0.0000     0.0000     0.0000     0.0000     0.38       Saving model
Train Loss:  Epoch    Total      Graph      Atom       Grad       Stress     Addn.      Time      
             90       5.3213     5.3213     0.0000     0.0000     0.0000     0.0000     4.07      
Val Loss:    Epoch    Total      Graph      Atom       Grad       Stress     Addn.      Time      
             90       0.6745     0.6745     0.0000     0.0000     0.0000     0.0000     0.39       Saving model
Train Loss:  Epoch    Total      Graph      Atom       Grad       Stress     Addn.      Time      
             91       5.2409     5.2409     0.0000     0.0000     0.0000     0.0000     4.13      
Val Loss:    Epoch    Total      Graph      Atom       Grad       Stress     Addn.      Time      
             91       0.6563     0.6563     0.0000     0.0000     0.0000     0.0000     0.39       Saving model
Train Loss:  Epoch    Total      Graph      Atom       Grad       Stress     Addn.      Time      
             92       5.2670     5.2670     0.0000     0.0000     0.0000     0.0000     4.97      
Val Loss:    Epoch    Total      Graph      Atom       Grad       Stress     Addn.      Time      
             92       0.6668     0.6668     0.0000     0.0000     0.0000     0.0000     0.39       Saving model
Train Loss:  Epoch    Total      Graph      Atom       Grad       Stress     Addn.      Time      
             93       5.2429     5.2429     0.0000     0.0000     0.0000     0.0000     4.40      
Val Loss:    Epoch    Total      Graph      Atom       Grad       Stress     Addn.      Time      
             93       0.6571     0.6571     0.0000     0.0000     0.0000     0.0000     0.39       Saving model
Train Loss:  Epoch    Total      Graph      Atom       Grad       Stress     Addn.      Time      
             94       5.1861     5.1861     0.0000     0.0000     0.0000     0.0000     4.11      
Val Loss:    Epoch    Total      Graph      Atom       Grad       Stress     Addn.      Time      
             94       0.6679     0.6679     0.0000     0.0000     0.0000     0.0000     0.67       Saving model
Train Loss:  Epoch    Total      Graph      Atom       Grad       Stress     Addn.      Time      
             95       5.3766     5.3766     0.0000     0.0000     0.0000     0.0000     4.11      
Val Loss:    Epoch    Total      Graph      Atom       Grad       Stress     Addn.      Time      
             95       0.6608     0.6608     0.0000     0.0000     0.0000     0.0000     0.39       Saving model
Train Loss:  Epoch    Total      Graph      Atom       Grad       Stress     Addn.      Time      
             96       5.2263     5.2263     0.0000     0.0000     0.0000     0.0000     4.32      
Val Loss:    Epoch    Total      Graph      Atom       Grad       Stress     Addn.      Time      
             96       0.6485     0.6485     0.0000     0.0000     0.0000     0.0000     0.39       Saving model
Train Loss:  Epoch    Total      Graph      Atom       Grad       Stress     Addn.      Time      
             97       5.3608     5.3608     0.0000     0.0000     0.0000     0.0000     4.50      
Val Loss:    Epoch    Total      Graph      Atom       Grad       Stress     Addn.      Time      
             97       0.6582     0.6582     0.0000     0.0000     0.0000     0.0000     0.39       Saving model
Train Loss:  Epoch    Total      Graph      Atom       Grad       Stress     Addn.      Time      
             98       5.1049     5.1049     0.0000     0.0000     0.0000     0.0000     4.07      
Val Loss:    Epoch    Total      Graph      Atom       Grad       Stress     Addn.      Time      
             98       0.6475     0.6475     0.0000     0.0000     0.0000     0.0000     0.69       Saving model
Train Loss:  Epoch    Total      Graph      Atom       Grad       Stress     Addn.      Time      
             99       5.2037     5.2037     0.0000     0.0000     0.0000     0.0000     4.41      
Val Loss:    Epoch    Total      Graph      Atom       Grad       Stress     Addn.      Time      
             99       0.6779     0.6779     0.0000     0.0000     0.0000     0.0000     0.39       Saving model
Train Loss:  Epoch    Total      Graph      Atom       Grad       Stress     Addn.      Time      
             100      5.3108     5.3108     0.0000     0.0000     0.0000     0.0000     4.02      
Val Loss:    Epoch    Total      Graph      Atom       Grad       Stress     Addn.      Time      
             100      0.6770     0.6770     0.0000     0.0000     0.0000     0.0000     0.39       Saving model
Train Loss:  Epoch    Total      Graph      Atom       Grad       Stress     Addn.      Time      
             101      5.1833     5.1833     0.0000     0.0000     0.0000     0.0000     4.70      
Val Loss:    Epoch    Total      Graph      Atom       Grad       Stress     Addn.      Time      
             101      0.6474     0.6474     0.0000     0.0000     0.0000     0.0000     0.39       Saving model
Train Loss:  Epoch    Total      Graph      Atom       Grad       Stress     Addn.      Time      
             102      5.1854     5.1854     0.0000     0.0000     0.0000     0.0000     4.26      
Val Loss:    Epoch    Total      Graph      Atom       Grad       Stress     Addn.      Time      
             102      0.6824     0.6824     0.0000     0.0000     0.0000     0.0000     0.40       Saving model
Train Loss:  Epoch    Total      Graph      Atom       Grad       Stress     Addn.      Time      
             103      5.1029     5.1029     0.0000     0.0000     0.0000     0.0000     4.03      
Val Loss:    Epoch    Total      Graph      Atom       Grad       Stress     Addn.      Time      
             103      0.6530     0.6530     0.0000     0.0000     0.0000     0.0000     0.39       Saving model
Train Loss:  Epoch    Total      Graph      Atom       Grad       Stress     Addn.      Time      
             104      5.0878     5.0878     0.0000     0.0000     0.0000     0.0000     4.03      
Val Loss:    Epoch    Total      Graph      Atom       Grad       Stress     Addn.      Time      
             104      0.6555     0.6555     0.0000     0.0000     0.0000     0.0000     0.39       Saving model
Train Loss:  Epoch    Total      Graph      Atom       Grad       Stress     Addn.      Time      
             105      5.3618     5.3618     0.0000     0.0000     0.0000     0.0000     4.97      
Val Loss:    Epoch    Total      Graph      Atom       Grad       Stress     Addn.      Time      
             105      0.6436     0.6436     0.0000     0.0000     0.0000     0.0000     0.39       Saving model
Train Loss:  Epoch    Total      Graph      Atom       Grad       Stress     Addn.      Time      
             106      5.2050     5.2050     0.0000     0.0000     0.0000     0.0000     4.03      
Val Loss:    Epoch    Total      Graph      Atom       Grad       Stress     Addn.      Time      
             106      0.6573     0.6573     0.0000     0.0000     0.0000     0.0000     0.40       Saving model
Train Loss:  Epoch    Total      Graph      Atom       Grad       Stress     Addn.      Time      
             107      5.2013     5.2013     0.0000     0.0000     0.0000     0.0000     4.41      
Val Loss:    Epoch    Total      Graph      Atom       Grad       Stress     Addn.      Time      
             107      0.6497     0.6497     0.0000     0.0000     0.0000     0.0000     0.39       Saving model
Train Loss:  Epoch    Total      Graph      Atom       Grad       Stress     Addn.      Time      
             108      5.0280     5.0280     0.0000     0.0000     0.0000     0.0000     4.26      
Val Loss:    Epoch    Total      Graph      Atom       Grad       Stress     Addn.      Time      
             108      0.6811     0.6811     0.0000     0.0000     0.0000     0.0000     0.38       Saving model
Train Loss:  Epoch    Total      Graph      Atom       Grad       Stress     Addn.      Time      
             109      5.4456     5.4456     0.0000     0.0000     0.0000     0.0000     4.38      
Val Loss:    Epoch    Total      Graph      Atom       Grad       Stress     Addn.      Time      
             109      0.6706     0.6706     0.0000     0.0000     0.0000     0.0000     0.40       Saving model
Train Loss:  Epoch    Total      Graph      Atom       Grad       Stress     Addn.      Time      
             110      5.0540     5.0540     0.0000     0.0000     0.0000     0.0000     4.02      
Val Loss:    Epoch    Total      Graph      Atom       Grad       Stress     Addn.      Time      
             110      0.6523     0.6523     0.0000     0.0000     0.0000     0.0000     0.39       Saving model
Train Loss:  Epoch    Total      Graph      Atom       Grad       Stress     Addn.      Time      
             111      5.3182     5.3182     0.0000     0.0000     0.0000     0.0000     4.84      
Val Loss:    Epoch    Total      Graph      Atom       Grad       Stress     Addn.      Time      
             111      0.6355     0.6355     0.0000     0.0000     0.0000     0.0000     0.39       Saving model
Train Loss:  Epoch    Total      Graph      Atom       Grad       Stress     Addn.      Time      
             112      5.2307     5.2307     0.0000     0.0000     0.0000     0.0000     4.03      
Val Loss:    Epoch    Total      Graph      Atom       Grad       Stress     Addn.      Time      
             112      0.6380     0.6380     0.0000     0.0000     0.0000     0.0000     0.67       Saving model
Train Loss:  Epoch    Total      Graph      Atom       Grad       Stress     Addn.      Time      
             113      5.0435     5.0435     0.0000     0.0000     0.0000     0.0000     4.01      
Val Loss:    Epoch    Total      Graph      Atom       Grad       Stress     Addn.      Time      
             113      0.6475     0.6475     0.0000     0.0000     0.0000     0.0000     0.77       Saving model
Train Loss:  Epoch    Total      Graph      Atom       Grad       Stress     Addn.      Time      
             114      4.9665     4.9665     0.0000     0.0000     0.0000     0.0000     4.00      
Val Loss:    Epoch    Total      Graph      Atom       Grad       Stress     Addn.      Time      
             114      0.6264     0.6264     0.0000     0.0000     0.0000     0.0000     0.39       Saving model
Train Loss:  Epoch    Total      Graph      Atom       Grad       Stress     Addn.      Time      
             115      5.0631     5.0631     0.0000     0.0000     0.0000     0.0000     4.21      
Val Loss:    Epoch    Total      Graph      Atom       Grad       Stress     Addn.      Time      
             115      0.6789     0.6789     0.0000     0.0000     0.0000     0.0000     0.39       Saving model
Train Loss:  Epoch    Total      Graph      Atom       Grad       Stress     Addn.      Time      
             116      5.1241     5.1241     0.0000     0.0000     0.0000     0.0000     4.03      
Val Loss:    Epoch    Total      Graph      Atom       Grad       Stress     Addn.      Time      
             116      0.6558     0.6558     0.0000     0.0000     0.0000     0.0000     0.40       Saving model
Train Loss:  Epoch    Total      Graph      Atom       Grad       Stress     Addn.      Time      
             117      4.8964     4.8964     0.0000     0.0000     0.0000     0.0000     4.35      
Val Loss:    Epoch    Total      Graph      Atom       Grad       Stress     Addn.      Time      
             117      0.6323     0.6323     0.0000     0.0000     0.0000     0.0000     0.40       Saving model
Train Loss:  Epoch    Total      Graph      Atom       Grad       Stress     Addn.      Time      
             118      4.9363     4.9363     0.0000     0.0000     0.0000     0.0000     4.92      
Val Loss:    Epoch    Total      Graph      Atom       Grad       Stress     Addn.      Time      
             118      0.6408     0.6408     0.0000     0.0000     0.0000     0.0000     0.40       Saving model
Train Loss:  Epoch    Total      Graph      Atom       Grad       Stress     Addn.      Time      
             119      4.9489     4.9489     0.0000     0.0000     0.0000     0.0000     4.02      
Val Loss:    Epoch    Total      Graph      Atom       Grad       Stress     Addn.      Time      
             119      0.6384     0.6384     0.0000     0.0000     0.0000     0.0000     0.39       Saving model
Test MAE: 0.08198061959991038
Time taken (s) 591.1401832103729
Error: The source file 'prediction_results_test_set.csv' was not found.
Error: The source file 'history_val_mae.json' was not found.

  0%|          | 0/4395 [00:00<?, ?it/s]
  0%|          | 13/4395 [00:00<00:34, 126.23it/s]
  1%|          | 26/4395 [00:00<00:36, 118.49it/s]
  1%|          | 38/4395 [00:00<00:37, 115.13it/s]
  1%|          | 50/4395 [00:00<00:59, 72.68it/s] 
  1%|▏         | 62/4395 [00:00<00:52, 83.08it/s]
  2%|▏         | 73/4395 [00:00<00:48, 89.63it/s]
  2%|▏         | 86/4395 [00:00<00:43, 99.84it/s]
  2%|▏         | 100/4395 [00:01<00:38, 110.58it/s]
  3%|▎         | 112/4395 [00:01<00:40, 106.13it/s]
  3%|▎         | 124/4395 [00:01<00:39, 109.29it/s]
  3%|▎         | 138/4395 [00:01<00:36, 117.53it/s]
  3%|▎         | 152/4395 [00:01<00:34, 123.72it/s]
  4%|▍         | 165/4395 [00:01<00:35, 118.71it/s]
  4%|▍         | 181/4395 [00:01<00:32, 128.71it/s]
  4%|▍         | 195/4395 [00:01<00:35, 118.77it/s]
  5%|▍         | 208/4395 [00:01<00:35, 117.71it/s]
  5%|▌         | 220/4395 [00:02<00:36, 115.26it/s]
  5%|▌         | 232/4395 [00:02<00:36, 114.63it/s]
  6%|▌         | 244/4395 [00:02<00:36, 114.78it/s]
  6%|▌         | 256/4395 [00:02<00:37, 111.66it/s]
  6%|▌         | 268/4395 [00:02<00:36, 112.39it/s]
  6%|▋         | 281/4395 [00:02<00:35, 117.16it/s]
  7%|▋         | 294/4395 [00:02<00:34, 117.77it/s]
  7%|▋         | 307/4395 [00:02<00:33, 120.98it/s]
  7%|▋         | 320/4395 [00:02<00:35, 115.65it/s]
  8%|▊         | 333/4395 [00:02<00:34, 117.80it/s]
  8%|▊         | 346/4395 [00:03<00:33, 120.18it/s]
  8%|▊         | 360/4395 [00:03<00:32, 122.58it/s]
  8%|▊         | 373/4395 [00:03<00:32, 123.13it/s]
  9%|▉         | 387/4395 [00:03<00:31, 125.59it/s]
  9%|▉         | 400/4395 [00:03<00:32, 123.93it/s]
  9%|▉         | 413/4395 [00:03<00:31, 125.42it/s]
 10%|▉         | 428/4395 [00:03<00:30, 130.09it/s]
 10%|█         | 442/4395 [00:03<00:30, 130.11it/s]
 10%|█         | 459/4395 [00:03<00:28, 139.85it/s]
 11%|█         | 474/4395 [00:04<00:29, 131.96it/s]
 11%|█         | 488/4395 [00:04<00:30, 129.76it/s]
 11%|█▏        | 502/4395 [00:04<00:30, 127.20it/s]
 12%|█▏        | 515/4395 [00:04<00:31, 123.32it/s]
 12%|█▏        | 528/4395 [00:04<00:33, 116.96it/s]
 12%|█▏        | 540/4395 [00:04<00:33, 113.49it/s]
 13%|█▎        | 553/4395 [00:04<00:32, 117.47it/s]
 13%|█▎        | 567/4395 [00:04<00:31, 121.96it/s]
 13%|█▎        | 582/4395 [00:04<00:29, 128.94it/s]
 14%|█▎        | 595/4395 [00:05<00:29, 128.41it/s]
 14%|█▍        | 608/4395 [00:05<00:30, 123.99it/s]
 14%|█▍        | 622/4395 [00:05<00:29, 127.42it/s]
 14%|█▍        | 637/4395 [00:05<00:28, 131.22it/s]
 15%|█▍        | 651/4395 [00:05<00:29, 125.31it/s]
 15%|█▌        | 664/4395 [00:05<00:32, 115.55it/s]
 15%|█▌        | 678/4395 [00:05<00:30, 120.65it/s]
 16%|█▌        | 691/4395 [00:05<00:33, 112.02it/s]
 16%|█▌        | 706/4395 [00:05<00:30, 120.84it/s]
 16%|█▋        | 721/4395 [00:06<00:29, 126.36it/s]
 17%|█▋        | 734/4395 [00:06<00:42, 85.99it/s] 
 17%|█▋        | 747/4395 [00:06<00:39, 93.04it/s]
 17%|█▋        | 760/4395 [00:06<00:36, 100.00it/s]
 18%|█▊        | 772/4395 [00:06<00:35, 102.36it/s]
 18%|█▊        | 784/4395 [00:06<00:34, 103.47it/s]
 18%|█▊        | 797/4395 [00:06<00:33, 108.51it/s]
 18%|█▊        | 812/4395 [00:07<00:31, 115.10it/s]
 19%|█▉        | 825/4395 [00:07<00:30, 118.55it/s]
 19%|█▉        | 840/4395 [00:07<00:28, 126.46it/s]
 19%|█▉        | 853/4395 [00:07<00:28, 123.12it/s]
 20%|█▉        | 866/4395 [00:07<00:29, 120.58it/s]
 20%|██        | 879/4395 [00:07<00:28, 123.20it/s]
 20%|██        | 892/4395 [00:07<00:28, 124.99it/s]
 21%|██        | 905/4395 [00:07<00:28, 123.18it/s]
 21%|██        | 918/4395 [00:07<00:27, 124.83it/s]
 21%|██        | 931/4395 [00:07<00:28, 120.02it/s]
 21%|██▏       | 944/4395 [00:08<00:29, 116.78it/s]
 22%|██▏       | 957/4395 [00:08<00:28, 119.80it/s]
 22%|██▏       | 970/4395 [00:08<00:30, 112.49it/s]
 22%|██▏       | 985/4395 [00:08<00:28, 120.40it/s]
 23%|██▎       | 999/4395 [00:08<00:28, 120.24it/s]
 23%|██▎       | 1014/4395 [00:08<00:26, 127.13it/s]
 23%|██▎       | 1027/4395 [00:08<00:26, 127.16it/s]
 24%|██▎       | 1040/4395 [00:08<00:30, 108.73it/s]
 24%|██▍       | 1054/4395 [00:09<00:29, 113.76it/s]
 24%|██▍       | 1066/4395 [00:09<00:30, 109.52it/s]
 25%|██▍       | 1078/4395 [00:09<00:30, 107.46it/s]
 25%|██▍       | 1092/4395 [00:09<00:28, 114.69it/s]
 25%|██▌       | 1106/4395 [00:09<00:27, 119.75it/s]
 25%|██▌       | 1119/4395 [00:09<00:27, 118.40it/s]
 26%|██▌       | 1133/4395 [00:09<00:26, 122.73it/s]
 26%|██▌       | 1146/4395 [00:09<00:27, 119.70it/s]
 26%|██▋       | 1159/4395 [00:09<00:28, 113.22it/s]
 27%|██▋       | 1172/4395 [00:10<00:27, 117.14it/s]
 27%|██▋       | 1184/4395 [00:10<00:32, 98.85it/s] 
 27%|██▋       | 1195/4395 [00:10<00:43, 73.50it/s]
 27%|██▋       | 1207/4395 [00:10<00:39, 79.75it/s]
 28%|██▊       | 1219/4395 [00:10<00:35, 88.34it/s]
 28%|██▊       | 1231/4395 [00:10<00:33, 95.53it/s]
 28%|██▊       | 1242/4395 [00:10<00:33, 93.33it/s]
 29%|██▊       | 1255/4395 [00:11<00:30, 102.23it/s]
 29%|██▉       | 1269/4395 [00:11<00:27, 111.95it/s]
 29%|██▉       | 1283/4395 [00:11<00:26, 117.91it/s]
 29%|██▉       | 1296/4395 [00:11<00:27, 111.09it/s]
 30%|██▉       | 1310/4395 [00:11<00:26, 117.82it/s]
 30%|███       | 1325/4395 [00:11<00:24, 125.11it/s]
 30%|███       | 1338/4395 [00:11<00:24, 124.37it/s]
 31%|███       | 1352/4395 [00:11<00:23, 128.01it/s]
 31%|███       | 1365/4395 [00:11<00:25, 120.38it/s]
 31%|███▏      | 1378/4395 [00:12<00:26, 113.99it/s]
 32%|███▏      | 1392/4395 [00:12<00:25, 119.55it/s]
 32%|███▏      | 1405/4395 [00:12<00:25, 117.78it/s]
 32%|███▏      | 1417/4395 [00:12<00:25, 118.13it/s]
 33%|███▎      | 1433/4395 [00:12<00:23, 127.66it/s]
 33%|███▎      | 1447/4395 [00:12<00:22, 128.77it/s]
 33%|███▎      | 1464/4395 [00:12<00:21, 138.13it/s]
 34%|███▎      | 1479/4395 [00:12<00:20, 139.94it/s]
 34%|███▍      | 1494/4395 [00:12<00:20, 138.29it/s]
 34%|███▍      | 1508/4395 [00:13<00:22, 131.04it/s]
 35%|███▍      | 1522/4395 [00:13<00:21, 131.57it/s]
 35%|███▍      | 1536/4395 [00:13<00:21, 133.26it/s]
 35%|███▌      | 1550/4395 [00:13<00:23, 119.14it/s]
 36%|███▌      | 1565/4395 [00:13<00:22, 125.74it/s]
 36%|███▌      | 1578/4395 [00:13<00:22, 123.47it/s]
 36%|███▌      | 1592/4395 [00:13<00:22, 124.38it/s]
 37%|███▋      | 1607/4395 [00:13<00:21, 129.79it/s]
 37%|███▋      | 1623/4395 [00:13<00:20, 136.24it/s]
 37%|███▋      | 1637/4395 [00:14<00:21, 130.71it/s]
 38%|███▊      | 1651/4395 [00:14<00:22, 121.89it/s]
 38%|███▊      | 1664/4395 [00:14<00:24, 113.06it/s]
 38%|███▊      | 1676/4395 [00:14<00:24, 111.65it/s]
 38%|███▊      | 1689/4395 [00:14<00:23, 114.64it/s]
 39%|███▊      | 1701/4395 [00:14<00:24, 110.87it/s]
 39%|███▉      | 1713/4395 [00:14<00:24, 111.52it/s]
 39%|███▉      | 1726/4395 [00:14<00:22, 116.05it/s]
 40%|███▉      | 1740/4395 [00:14<00:22, 120.34it/s]
 40%|███▉      | 1753/4395 [00:15<00:22, 119.42it/s]
 40%|████      | 1766/4395 [00:15<00:21, 121.06it/s]
 40%|████      | 1779/4395 [00:15<00:21, 120.04it/s]
 41%|████      | 1792/4395 [00:15<00:22, 117.67it/s]
 41%|████      | 1805/4395 [00:15<00:21, 121.11it/s]
 41%|████▏     | 1818/4395 [00:15<00:21, 119.33it/s]
 42%|████▏     | 1830/4395 [00:15<00:21, 117.55it/s]
 42%|████▏     | 1845/4395 [00:15<00:20, 124.19it/s]
 42%|████▏     | 1858/4395 [00:15<00:21, 118.84it/s]
 43%|████▎     | 1870/4395 [00:16<00:21, 118.25it/s]
 43%|████▎     | 1882/4395 [00:16<00:23, 108.16it/s]
 43%|████▎     | 1893/4395 [00:16<00:33, 75.47it/s] 
 43%|████▎     | 1908/4395 [00:16<00:27, 90.02it/s]
 44%|████▎     | 1921/4395 [00:16<00:25, 97.23it/s]
 44%|████▍     | 1932/4395 [00:16<00:25, 97.94it/s]
 44%|████▍     | 1944/4395 [00:16<00:23, 102.90it/s]
 45%|████▍     | 1958/4395 [00:16<00:21, 112.40it/s]
 45%|████▍     | 1970/4395 [00:17<00:21, 111.87it/s]
 45%|████▌     | 1985/4395 [00:17<00:21, 114.54it/s]
 45%|████▌     | 1997/4395 [00:17<00:20, 115.09it/s]
 46%|████▌     | 2009/4395 [00:17<00:21, 112.06it/s]
 46%|████▌     | 2023/4395 [00:17<00:20, 117.46it/s]
 46%|████▋     | 2038/4395 [00:17<00:19, 121.49it/s]
 47%|████▋     | 2053/4395 [00:17<00:18, 128.39it/s]
 47%|████▋     | 2068/4395 [00:17<00:17, 133.10it/s]
 47%|████▋     | 2082/4395 [00:17<00:18, 128.25it/s]
 48%|████▊     | 2095/4395 [00:18<00:18, 127.02it/s]
 48%|████▊     | 2109/4395 [00:18<00:17, 129.16it/s]
 48%|████▊     | 2123/4395 [00:18<00:17, 131.85it/s]
 49%|████▊     | 2137/4395 [00:18<00:18, 125.44it/s]
 49%|████▉     | 2153/4395 [00:18<00:16, 133.82it/s]
 49%|████▉     | 2167/4395 [00:18<00:20, 111.34it/s]
 50%|████▉     | 2180/4395 [00:18<00:20, 109.34it/s]
 50%|████▉     | 2193/4395 [00:18<00:19, 113.22it/s]
 50%|█████     | 2206/4395 [00:18<00:18, 116.04it/s]
 50%|█████     | 2218/4395 [00:19<00:19, 114.13it/s]
 51%|█████     | 2232/4395 [00:19<00:17, 120.47it/s]
 51%|█████     | 2246/4395 [00:19<00:17, 124.17it/s]
 51%|█████▏    | 2259/4395 [00:19<00:17, 121.63it/s]
 52%|█████▏    | 2273/4395 [00:19<00:16, 125.29it/s]
 52%|█████▏    | 2286/4395 [00:19<00:16, 126.23it/s]
 52%|█████▏    | 2299/4395 [00:19<00:17, 118.43it/s]
 53%|█████▎    | 2311/4395 [00:19<00:17, 118.73it/s]
 53%|█████▎    | 2325/4395 [00:19<00:17, 120.98it/s]
 53%|█████▎    | 2338/4395 [00:20<00:16, 122.47it/s]
 53%|█████▎    | 2351/4395 [00:20<00:17, 115.85it/s]
 54%|█████▍    | 2363/4395 [00:20<00:17, 115.83it/s]
 54%|█████▍    | 2376/4395 [00:20<00:17, 117.65it/s]
 54%|█████▍    | 2388/4395 [00:20<00:18, 107.30it/s]
 55%|█████▍    | 2402/4395 [00:20<00:17, 114.48it/s]
 55%|█████▍    | 2415/4395 [00:20<00:16, 116.51it/s]
 55%|█████▌    | 2427/4395 [00:21<00:26, 75.16it/s] 
 55%|█████▌    | 2438/4395 [00:21<00:23, 82.02it/s]
 56%|█████▌    | 2452/4395 [00:21<00:20, 93.74it/s]
 56%|█████▌    | 2464/4395 [00:21<00:20, 95.91it/s]
 56%|█████▋    | 2478/4395 [00:21<00:18, 105.35it/s]
 57%|█████▋    | 2491/4395 [00:21<00:17, 109.94it/s]
 57%|█████▋    | 2504/4395 [00:21<00:16, 115.22it/s]
 57%|█████▋    | 2519/4395 [00:21<00:15, 124.06it/s]
 58%|█████▊    | 2532/4395 [00:21<00:15, 122.41it/s]
 58%|█████▊    | 2546/4395 [00:22<00:14, 126.05it/s]
 58%|█████▊    | 2559/4395 [00:22<00:14, 127.13it/s]
 59%|█████▊    | 2573/4395 [00:22<00:14, 129.46it/s]
 59%|█████▉    | 2587/4395 [00:22<00:14, 125.45it/s]
 59%|█████▉    | 2600/4395 [00:22<00:14, 122.26it/s]
 59%|█████▉    | 2613/4395 [00:22<00:14, 122.04it/s]
 60%|█████▉    | 2627/4395 [00:22<00:13, 126.87it/s]
 60%|██████    | 2640/4395 [00:22<00:14, 117.54it/s]
 60%|██████    | 2653/4395 [00:22<00:14, 118.08it/s]
 61%|██████    | 2666/4395 [00:22<00:14, 121.28it/s]
 61%|██████    | 2679/4395 [00:23<00:14, 117.69it/s]
 61%|██████▏   | 2692/4395 [00:23<00:14, 120.40it/s]
 62%|██████▏   | 2705/4395 [00:23<00:13, 121.85it/s]
 62%|██████▏   | 2718/4395 [00:23<00:13, 121.07it/s]
 62%|██████▏   | 2731/4395 [00:23<00:13, 120.71it/s]
 62%|██████▏   | 2744/4395 [00:23<00:13, 120.17it/s]
 63%|██████▎   | 2758/4395 [00:23<00:13, 123.04it/s]
 63%|██████▎   | 2771/4395 [00:23<00:13, 122.28it/s]
 63%|██████▎   | 2786/4395 [00:23<00:12, 128.56it/s]
 64%|██████▎   | 2800/4395 [00:24<00:12, 127.02it/s]
 64%|██████▍   | 2813/4395 [00:24<00:12, 123.11it/s]
 64%|██████▍   | 2826/4395 [00:24<00:13, 114.80it/s]
 65%|██████▍   | 2839/4395 [00:24<00:13, 117.47it/s]
 65%|██████▍   | 2851/4395 [00:24<00:13, 111.82it/s]
 65%|██████▌   | 2864/4395 [00:24<00:13, 116.43it/s]
 65%|██████▌   | 2878/4395 [00:24<00:12, 122.59it/s]
 66%|██████▌   | 2892/4395 [00:24<00:11, 126.56it/s]
 66%|██████▌   | 2905/4395 [00:24<00:11, 125.67it/s]
 66%|██████▋   | 2918/4395 [00:25<00:12, 122.58it/s]
 67%|██████▋   | 2932/4395 [00:25<00:11, 125.05it/s]
 67%|██████▋   | 2947/4395 [00:25<00:11, 129.39it/s]
 67%|██████▋   | 2961/4395 [00:25<00:10, 132.16it/s]
 68%|██████▊   | 2975/4395 [00:25<00:11, 118.76it/s]
 68%|██████▊   | 2988/4395 [00:25<00:11, 120.20it/s]
 68%|██████▊   | 3001/4395 [00:25<00:11, 122.01it/s]
 69%|██████▊   | 3014/4395 [00:25<00:11, 120.21it/s]
 69%|██████▉   | 3029/4395 [00:25<00:10, 128.26it/s]
 69%|██████▉   | 3043/4395 [00:26<00:10, 130.66it/s]
 70%|██████▉   | 3057/4395 [00:26<00:10, 128.75it/s]
 70%|██████▉   | 3072/4395 [00:26<00:09, 132.77it/s]
 70%|███████   | 3086/4395 [00:26<00:10, 130.90it/s]
 71%|███████   | 3100/4395 [00:26<00:10, 128.95it/s]
 71%|███████   | 3113/4395 [00:26<00:10, 125.88it/s]
 71%|███████   | 3128/4395 [00:26<00:09, 129.59it/s]
 71%|███████▏  | 3141/4395 [00:26<00:11, 111.18it/s]
 72%|███████▏  | 3153/4395 [00:26<00:11, 107.87it/s]
 72%|███████▏  | 3166/4395 [00:27<00:10, 112.00it/s]
 72%|███████▏  | 3179/4395 [00:27<00:10, 115.63it/s]
 73%|███████▎  | 3192/4395 [00:27<00:10, 118.64it/s]
 73%|███████▎  | 3205/4395 [00:27<00:10, 116.62it/s]
 73%|███████▎  | 3219/4395 [00:27<00:09, 121.78it/s]
 74%|███████▎  | 3232/4395 [00:27<00:09, 123.14it/s]
 74%|███████▍  | 3245/4395 [00:27<00:09, 122.83it/s]
 74%|███████▍  | 3258/4395 [00:27<00:09, 116.89it/s]
 74%|███████▍  | 3271/4395 [00:27<00:09, 119.77it/s]
 75%|███████▍  | 3284/4395 [00:28<00:09, 118.33it/s]
 75%|███████▍  | 3296/4395 [00:28<00:14, 78.32it/s] 
 75%|███████▌  | 3309/4395 [00:28<00:12, 87.88it/s]
 76%|███████▌  | 3323/4395 [00:28<00:10, 98.60it/s]
 76%|███████▌  | 3337/4395 [00:28<00:09, 108.57it/s]
 76%|███████▌  | 3350/4395 [00:28<00:09, 105.34it/s]
 76%|███████▋  | 3362/4395 [00:28<00:10, 100.66it/s]
 77%|███████▋  | 3374/4395 [00:29<00:09, 105.19it/s]
 77%|███████▋  | 3386/4395 [00:29<00:09, 108.03it/s]
 77%|███████▋  | 3399/4395 [00:29<00:08, 112.34it/s]
 78%|███████▊  | 3411/4395 [00:29<00:08, 111.59it/s]
 78%|███████▊  | 3423/4395 [00:29<00:08, 112.73it/s]
 78%|███████▊  | 3437/4395 [00:29<00:08, 117.76it/s]
 78%|███████▊  | 3450/4395 [00:29<00:07, 120.30it/s]
 79%|███████▉  | 3465/4395 [00:29<00:07, 127.45it/s]
 79%|███████▉  | 3478/4395 [00:29<00:07, 120.93it/s]
 79%|███████▉  | 3491/4395 [00:30<00:07, 114.86it/s]
 80%|███████▉  | 3504/4395 [00:30<00:07, 118.62it/s]
 80%|████████  | 3518/4395 [00:30<00:07, 123.04it/s]
 80%|████████  | 3531/4395 [00:30<00:06, 124.76it/s]
 81%|████████  | 3544/4395 [00:30<00:07, 116.92it/s]
 81%|████████  | 3556/4395 [00:30<00:07, 106.74it/s]
 81%|████████  | 3568/4395 [00:30<00:07, 110.17it/s]
 82%|████████▏ | 3582/4395 [00:30<00:07, 113.60it/s]
 82%|████████▏ | 3594/4395 [00:30<00:07, 110.70it/s]
 82%|████████▏ | 3608/4395 [00:31<00:06, 115.79it/s]
 82%|████████▏ | 3621/4395 [00:31<00:06, 115.72it/s]
 83%|████████▎ | 3633/4395 [00:31<00:06, 111.08it/s]
 83%|████████▎ | 3645/4395 [00:31<00:06, 107.64it/s]
 83%|████████▎ | 3657/4395 [00:31<00:06, 110.63it/s]
 83%|████████▎ | 3669/4395 [00:31<00:06, 108.90it/s]
 84%|████████▍ | 3684/4395 [00:31<00:06, 118.40it/s]
 84%|████████▍ | 3697/4395 [00:31<00:05, 119.15it/s]
 84%|████████▍ | 3711/4395 [00:31<00:05, 123.28it/s]
 85%|████████▍ | 3725/4395 [00:32<00:05, 127.39it/s]
 85%|████████▌ | 3738/4395 [00:32<00:07, 86.81it/s] 
 85%|████████▌ | 3751/4395 [00:32<00:06, 96.14it/s]
 86%|████████▌ | 3764/4395 [00:32<00:06, 104.02it/s]
 86%|████████▌ | 3777/4395 [00:32<00:05, 108.96it/s]
 86%|████████▌ | 3789/4395 [00:32<00:05, 109.72it/s]
 86%|████████▋ | 3801/4395 [00:32<00:05, 110.10it/s]
 87%|████████▋ | 3816/4395 [00:32<00:04, 118.98it/s]
 87%|████████▋ | 3831/4395 [00:33<00:04, 125.46it/s]
 87%|████████▋ | 3845/4395 [00:33<00:04, 129.32it/s]
 88%|████████▊ | 3859/4395 [00:33<00:04, 119.14it/s]
 88%|████████▊ | 3872/4395 [00:33<00:04, 118.28it/s]
 88%|████████▊ | 3886/4395 [00:33<00:04, 123.07it/s]
 89%|████████▊ | 3899/4395 [00:33<00:04, 114.22it/s]
 89%|████████▉ | 3912/4395 [00:33<00:04, 116.43it/s]
 89%|████████▉ | 3924/4395 [00:33<00:04, 112.83it/s]
 90%|████████▉ | 3940/4395 [00:33<00:03, 123.70it/s]
 90%|████████▉ | 3953/4395 [00:34<00:03, 123.68it/s]
 90%|█████████ | 3966/4395 [00:34<00:03, 121.85it/s]
 91%|█████████ | 3980/4395 [00:34<00:03, 126.85it/s]
 91%|█████████ | 3993/4395 [00:34<00:03, 115.14it/s]
 91%|█████████ | 4005/4395 [00:34<00:03, 114.76it/s]
 91%|█████████▏| 4018/4395 [00:34<00:03, 116.36it/s]
 92%|█████████▏| 4030/4395 [00:34<00:03, 112.99it/s]
 92%|█████████▏| 4042/4395 [00:34<00:03, 111.93it/s]
 92%|█████████▏| 4056/4395 [00:34<00:02, 119.67it/s]
 93%|█████████▎| 4069/4395 [00:35<00:02, 119.85it/s]
 93%|█████████▎| 4082/4395 [00:35<00:02, 117.23it/s]
 93%|█████████▎| 4094/4395 [00:35<00:02, 111.49it/s]
 93%|█████████▎| 4106/4395 [00:35<00:02, 109.96it/s]
 94%|█████████▎| 4118/4395 [00:35<00:02, 111.01it/s]
 94%|█████████▍| 4130/4395 [00:35<00:02, 111.73it/s]
 94%|█████████▍| 4143/4395 [00:35<00:02, 114.58it/s]
 95%|█████████▍| 4156/4395 [00:35<00:02, 117.22it/s]
 95%|█████████▍| 4168/4395 [00:35<00:02, 105.59it/s]
 95%|█████████▌| 4181/4395 [00:36<00:01, 111.07it/s]
 95%|█████████▌| 4193/4395 [00:36<00:01, 107.08it/s]
 96%|█████████▌| 4205/4395 [00:36<00:01, 107.61it/s]
 96%|█████████▌| 4218/4395 [00:36<00:01, 111.80it/s]
 96%|█████████▌| 4230/4395 [00:36<00:01, 113.32it/s]
 97%|█████████▋| 4244/4395 [00:36<00:01, 119.01it/s]
 97%|█████████▋| 4257/4395 [00:36<00:01, 120.14it/s]
 97%|█████████▋| 4270/4395 [00:36<00:01, 115.20it/s]
 97%|█████████▋| 4282/4395 [00:36<00:01, 110.30it/s]
 98%|█████████▊| 4296/4395 [00:37<00:00, 117.20it/s]
 98%|█████████▊| 4308/4395 [00:37<00:01, 73.99it/s] 
 98%|█████████▊| 4318/4395 [00:37<00:01, 75.27it/s]
 99%|█████████▊| 4331/4395 [00:37<00:00, 86.42it/s]
 99%|█████████▉| 4345/4395 [00:37<00:00, 96.25it/s]
 99%|█████████▉| 4358/4395 [00:37<00:00, 103.48it/s]
 99%|█████████▉| 4370/4395 [00:37<00:00, 103.62it/s]
100%|█████████▉| 4384/4395 [00:38<00:00, 111.98it/s]
100%|██████████| 4395/4395 [00:38<00:00, 115.30it/s]
/ibex/user/shoaibsa/miniconda3/envs/py312/lib/python3.12/site-packages/alignn/graphs.py:1176: UserWarning: Creating a tensor from a list of numpy.ndarrays is extremely slow. Please consider converting the list to a single numpy.ndarray with numpy.array() before converting to a tensor. (Triggered internally at /pytorch/torch/csrc/utils/tensor_new.cpp:253.)
  self.lattices = torch.tensor(self.lattices).type(

  0%|          | 0/4395 [00:00<?, ?it/s]
  4%|▍         | 182/4395 [00:00<00:02, 1807.50it/s]
 12%|█▏        | 531/4395 [00:00<00:01, 2791.79it/s]
 20%|██        | 880/4395 [00:00<00:01, 3106.86it/s]
 27%|██▋       | 1199/4395 [00:00<00:01, 3139.21it/s]
 35%|███▌      | 1544/4395 [00:00<00:00, 3249.56it/s]
 43%|████▎     | 1892/4395 [00:00<00:00, 3324.81it/s]
 51%|█████     | 2234/4395 [00:00<00:00, 3355.52it/s]
 59%|█████▊    | 2576/4395 [00:00<00:00, 3374.38it/s]
 67%|██████▋   | 2928/4395 [00:00<00:00, 3417.23it/s]
 74%|███████▍  | 3273/4395 [00:01<00:00, 3424.49it/s]
 82%|████████▏ | 3616/4395 [00:01<00:00, 3398.67it/s]
 90%|█████████ | 3961/4395 [00:01<00:00, 3412.55it/s]
 98%|█████████▊| 4303/4395 [00:01<00:00, 3368.43it/s]
100%|██████████| 4395/4395 [00:01<00:00, 3286.86it/s]

  0%|          | 0/549 [00:00<?, ?it/s]
  3%|▎         | 14/549 [00:00<00:03, 134.49it/s]
  5%|▌         | 28/549 [00:00<00:03, 131.11it/s]
  8%|▊         | 42/549 [00:00<00:03, 132.85it/s]
 10%|█         | 56/549 [00:00<00:04, 109.49it/s]
 13%|█▎        | 71/549 [00:00<00:04, 119.29it/s]
 15%|█▌        | 84/549 [00:00<00:04, 115.58it/s]
 17%|█▋        | 96/549 [00:00<00:04, 112.42it/s]
 20%|█▉        | 108/549 [00:00<00:03, 113.64it/s]
 22%|██▏       | 120/549 [00:01<00:03, 115.35it/s]
 24%|██▍       | 132/549 [00:01<00:03, 109.48it/s]
 26%|██▋       | 145/549 [00:01<00:03, 107.79it/s]
 29%|██▉       | 158/549 [00:01<00:03, 112.24it/s]
 31%|███       | 170/549 [00:01<00:03, 105.71it/s]
 34%|███▎      | 184/549 [00:01<00:03, 113.38it/s]
 36%|███▌      | 196/549 [00:01<00:04, 73.36it/s] 
 38%|███▊      | 211/549 [00:02<00:03, 87.95it/s]
 41%|████      | 223/549 [00:02<00:03, 91.68it/s]
 43%|████▎     | 236/549 [00:02<00:03, 99.33it/s]
 45%|████▌     | 248/549 [00:02<00:03, 95.67it/s]
 48%|████▊     | 262/549 [00:02<00:02, 105.29it/s]
 50%|█████     | 277/549 [00:02<00:02, 111.01it/s]
 53%|█████▎    | 291/549 [00:02<00:02, 115.72it/s]
 55%|█████▌    | 304/549 [00:02<00:02, 117.34it/s]
 58%|█████▊    | 317/549 [00:02<00:01, 119.36it/s]
 60%|██████    | 330/549 [00:03<00:02, 107.15it/s]
 62%|██████▏   | 342/549 [00:03<00:02, 103.37it/s]
 65%|██████▍   | 355/549 [00:03<00:01, 109.25it/s]
 67%|██████▋   | 367/549 [00:03<00:01, 109.20it/s]
 70%|██████▉   | 382/549 [00:03<00:01, 120.21it/s]
 72%|███████▏  | 395/549 [00:03<00:01, 122.85it/s]
 74%|███████▍  | 408/549 [00:03<00:01, 115.14it/s]
 77%|███████▋  | 423/549 [00:03<00:01, 121.57it/s]
 79%|███████▉  | 436/549 [00:03<00:01, 112.19it/s]
 82%|████████▏ | 451/549 [00:04<00:00, 120.08it/s]
 85%|████████▍ | 464/549 [00:04<00:00, 117.91it/s]
 87%|████████▋ | 476/549 [00:04<00:00, 117.05it/s]
 89%|████████▉ | 489/549 [00:04<00:00, 118.12it/s]
 91%|█████████▏| 502/549 [00:04<00:00, 119.92it/s]
 94%|█████████▍| 515/549 [00:04<00:00, 120.76it/s]
 97%|█████████▋| 530/549 [00:04<00:00, 128.39it/s]
 99%|█████████▉| 543/549 [00:04<00:00, 114.72it/s]
100%|██████████| 549/549 [00:04<00:00, 111.06it/s]

  0%|          | 0/549 [00:00<?, ?it/s]
 60%|██████    | 331/549 [00:00<00:00, 3302.00it/s]
100%|██████████| 549/549 [00:00<00:00, 3341.27it/s]

  0%|          | 0/549 [00:00<?, ?it/s]
  2%|▏         | 10/549 [00:00<00:05, 98.37it/s]
  4%|▍         | 24/549 [00:00<00:04, 116.81it/s]
  7%|▋         | 39/549 [00:00<00:03, 127.71it/s]
  9%|▉         | 52/549 [00:00<00:04, 109.68it/s]
 12%|█▏        | 67/549 [00:00<00:03, 121.16it/s]
 15%|█▍        | 81/549 [00:00<00:03, 124.33it/s]
 17%|█▋        | 94/549 [00:00<00:03, 120.31it/s]
 19%|█▉        | 107/549 [00:01<00:06, 65.68it/s]
 21%|██▏       | 117/549 [00:01<00:06, 69.84it/s]
 23%|██▎       | 129/549 [00:01<00:05, 78.87it/s]
 26%|██▌       | 144/549 [00:01<00:04, 93.41it/s]
 28%|██▊       | 156/549 [00:01<00:04, 95.76it/s]
 31%|███       | 168/549 [00:01<00:03, 101.26it/s]
 33%|███▎      | 181/549 [00:01<00:03, 107.97it/s]
 35%|███▌      | 194/549 [00:01<00:03, 113.82it/s]
 38%|███▊      | 209/549 [00:02<00:02, 121.46it/s]
 41%|████      | 223/549 [00:02<00:02, 125.28it/s]
 43%|████▎     | 236/549 [00:02<00:02, 123.54it/s]
 45%|████▌     | 249/549 [00:02<00:02, 115.74it/s]
 48%|████▊     | 261/549 [00:02<00:02, 115.79it/s]
 50%|█████     | 275/549 [00:02<00:02, 120.43it/s]
 52%|█████▏    | 288/549 [00:02<00:02, 122.98it/s]
 55%|█████▍    | 301/549 [00:02<00:02, 113.23it/s]
 57%|█████▋    | 313/549 [00:02<00:02, 104.19it/s]
 60%|█████▉    | 327/549 [00:03<00:01, 111.66it/s]
 62%|██████▏   | 340/549 [00:03<00:01, 116.49it/s]
 64%|██████▍   | 352/549 [00:03<00:01, 111.93it/s]
 66%|██████▋   | 364/549 [00:03<00:01, 99.43it/s] 
 69%|██████▊   | 377/549 [00:03<00:01, 106.40it/s]
 71%|███████   | 389/549 [00:03<00:01, 109.57it/s]
 73%|███████▎  | 401/549 [00:03<00:01, 107.48it/s]
 75%|███████▌  | 414/549 [00:03<00:01, 112.31it/s]
 78%|███████▊  | 427/549 [00:03<00:01, 117.15it/s]
 80%|███████▉  | 439/549 [00:04<00:00, 115.13it/s]
 83%|████████▎ | 453/549 [00:04<00:00, 121.52it/s]
 85%|████████▌ | 467/549 [00:04<00:00, 125.01it/s]
 88%|████████▊ | 481/549 [00:04<00:00, 128.28it/s]
 90%|█████████ | 495/549 [00:04<00:00, 130.49it/s]
 93%|█████████▎| 509/549 [00:04<00:00, 117.45it/s]
 95%|█████████▌| 522/549 [00:04<00:00, 113.00it/s]
 97%|█████████▋| 534/549 [00:04<00:00, 113.86it/s]
 99%|█████████▉| 546/549 [00:04<00:00, 115.43it/s]
100%|██████████| 549/549 [00:05<00:00, 109.74it/s]

  0%|          | 0/549 [00:00<?, ?it/s]
 60%|█████▉    | 329/549 [00:00<00:00, 3284.64it/s]
100%|██████████| 549/549 [00:00<00:00, 3353.95it/s]
/ibex/user/shoaibsa/Intrinsic_Dimensionality_ML_Materials/ALIGNN/ALIGNN_MP/alignn/train.py:503: UserWarning: Detected call of `lr_scheduler.step()` before `optimizer.step()`. In PyTorch 1.1.0 and later, you should call them in the opposite order: `optimizer.step()` before `lr_scheduler.step()`.  Failure to do this will result in PyTorch skipping the first value of the learning rate schedule. See more details at https://pytorch.org/docs/stable/optim.html#how-to-adjust-learning-rate
  scheduler.step()
