world_size 1
root_dir partitions/kvrh_half_2
[Seed] random_seed=123, split_seed=123
len dataset 5494
train_stress False
starting from this file
[Subspace][Fastfood] D=85,953, d=42,976, padded n=131,072.
  Fastfood diagonals + permutation: ~2.50 MB (vs. dense P would need ~13.76 GB).
  Compute per forward: O(n log n) ~ 2,228,224 ops.
[Subspace] D=85,953, d=42,976
================================================================
[MEM REPORT] Wrapped model (runtime footprint)
Trainable params : 42,976
All params       : 128,929  (503.63 KB)
Buffers          : 610,481  (2.83 MB)
Optimizer(AdamW) ~ 335.75 KB
----------------------------------------------------------------
Estimated total (params + buffers + opt): 3.65 MB
----------------------------------------------------------------
CUDA live: allocated=3.33 MB, reserved=26.00 MB, device=cuda:0
================================================================
Not using LMDB dataset, memory footprint maybe high.
WARNING: not using LMDB might result errors.
MAX val: 2.741151598851785
MIN val: 0.0
MAD: 0.28806799259280486
Baseline MAE: 0.2966971066171897
data range 2.7101173651118162 0.0
Converting to graphs!
df         target  ...            jid
0     2.255273  ...  mb-kvrh-04276
1     1.690196  ...  mb-kvrh-08987
2     1.740363  ...  mb-kvrh-07594
3     1.462398  ...  mb-kvrh-08721
4     1.380211  ...  mb-kvrh-01524
...        ...  ...            ...
4390  2.075547  ...  mb-kvrh-09123
4391  1.819544  ...  mb-kvrh-02656
4392  1.662758  ...  mb-kvrh-06638
4393  1.623249  ...  mb-kvrh-07407
4394  1.342423  ...  mb-kvrh-05113

[4395 rows x 3 columns]
warning: could not load CGCNN features for 103
Setting it to max atomic number available here, 103
warning: could not load CGCNN features for 101
Setting it to max atomic number available here, 103
warning: could not load CGCNN features for 102
Setting it to max atomic number available here, 103
building line graphs
data range 2.741151598851785 0.6989700043360189
Converting to graphs!
df        target                                              atoms            jid
0    2.264818  {'lattice_mat': [[4.80623256, 0.0, 0.0], [-2.4...  mb-kvrh-05443
1    1.995635  {'lattice_mat': [[1.072e-05, 3.42042968, 3.420...  mb-kvrh-10134
2    1.431364  {'lattice_mat': [[4.95719558, 0.0, 0.0], [-2.4...  mb-kvrh-04665
3    2.271842  {'lattice_mat': [[2.94276033, 0.0, -0.72883662...  mb-kvrh-02902
4    1.934498  {'lattice_mat': [[4.05117656, 0.0, 0.0], [-2.0...  mb-kvrh-03318
..        ...                                                ...            ...
544  1.785330  {'lattice_mat': [[4.07505195, -0.0, -0.0], [0....  mb-kvrh-06714
545  2.292256  {'lattice_mat': [[3.47795553, 0.0, 2.00799856]...  mb-kvrh-07518
546  2.017033  {'lattice_mat': [[1.50052105, 0.86632571, 4.83...  mb-kvrh-03028
547  1.707570  {'lattice_mat': [[1.19690806, 3.52222994, 0.0]...  mb-kvrh-09088
548  2.447158  {'lattice_mat': [[4.29464324, 0.0, 0.0], [0.0,...  mb-kvrh-08562

[549 rows x 3 columns]
building line graphs
data range 2.569373909615046 0.0
Converting to graphs!
df        target                                              atoms            jid
0    1.653213  {'lattice_mat': [[3.95316622, 0.0, 0.0], [0.0,...  mb-kvrh-05039
1    1.000000  {'lattice_mat': [[4.48213375, 0.0, 0.0], [0.0,...  mb-kvrh-10547
2    2.123852  {'lattice_mat': [[-2.78e-06, 3.05223821, 3.052...  mb-kvrh-07201
3    2.045323  {'lattice_mat': [[5.00537049, 0.1977969, -0.85...  mb-kvrh-01178
4    2.120574  {'lattice_mat': [[4.12030109, 0.0, 0.0], [0.0,...  mb-kvrh-02432
..        ...                                                ...            ...
544  2.096910  {'lattice_mat': [[7.6711806, 0.0, 0.0], [-3.83...  mb-kvrh-04026
545  2.382017  {'lattice_mat': [[3.92472536, 0.0, 0.0], [0.0,...  mb-kvrh-05710
546  1.770852  {'lattice_mat': [[6.81817034, -0.01322801, -0....  mb-kvrh-00703
547  2.041393  {'lattice_mat': [[4.70064489, -0.17447171, 0.0...  mb-kvrh-01619
548  2.235528  {'lattice_mat': [[3.54683733, 0.0, 0.0], [0.0,...  mb-kvrh-03704

[549 rows x 3 columns]
building line graphs
n_train: 4395
n_val  : 549
n_test : 549
rank 0
world_size 1
config: {'version': '9c9ee23de543322c97e5d622a81e929e4dbfc141', 'dataset': 'user_data', 'target': 'target', 'atom_features': 'cgcnn', 'neighbor_strategy': 'k-nearest', 'id_tag': 'jid', 'dtype': 'float32', 'random_seed': 123, 'classification_threshold': None, 'n_val': None, 'n_test': None, 'n_train': None, 'train_ratio': 0.8, 'val_ratio': 0.1, 'test_ratio': 0.1, 'target_multiplication_factor': None, 'epochs': 120, 'batch_size': 64, 'gpu_memory_fraction': None, 'use_amp': False, 'ddp_find_unused_parameters': False, 'deterministic': False, 'weight_decay': 0.0, 'learning_rate': 0.001, 'filename': 'sample', 'warmup_steps': 2000, 'criterion': 'mse', 'optimizer': 'adamw', 'scheduler': 'onecycle', 'pin_memory': True, 'save_dataloader': False, 'write_checkpoint': True, 'write_predictions': True, 'store_outputs': True, 'progress': True, 'log_tensorboard': False, 'standard_scalar_and_pca': False, 'use_canonize': True, 'compute_line_graph': True, 'num_workers': 2, 'cutoff': 8.0, 'cutoff_extra': 3.0, 'three_body_cutoff': 3.5, 'max_neighbors': 12, 'keep_data_order': False, 'normalize_graph_level_loss': False, 'distributed': True, 'data_parallel': False, 'n_early_stopping': None, 'output_dir': '../results_alignn_log_kvrh_partitions_fastfood/kvrh_half_2/alignn_log_kvrh_fastfood_kvrh_half_2_dim50_seed123_epochs120', 'use_lmdb': False, 'read_existing': False, 'model': {'name': 'alignn_atomwise', 'alignn_layers': 1, 'gcn_layers': 1, 'atom_input_features': 92, 'edge_input_features': 80, 'triplet_input_features': 40, 'embedding_features': 64, 'hidden_features': 64, 'output_features': 1, 'grad_multiplier': -1, 'calculate_gradient': False, 'atomwise_output_features': 0, 'graphwise_weight': 1.0, 'gradwise_weight': 0.0, 'stresswise_weight': 0.0, 'atomwise_weight': 0.0, 'link': 'identity', 'zero_inflated': False, 'classification': False, 'force_mult_natoms': False, 'energy_mult_natoms': True, 'include_pos_deriv': False, 'use_cutoff_function': False, 'inner_cutoff': 3.0, 'stress_multiplier': 1.0, 'add_reverse_forces': True, 'lg_on_fly': True, 'batch_stress': True, 'multiply_cutoff': False, 'use_penalty': True, 'extra_features': 0, 'exponent': 5, 'penalty_factor': 0.1, 'penalty_threshold': 1.0, 'additional_output_features': 0, 'additional_output_weight': 0.0}}
{'atom_features': 'cgcnn',
 'batch_size': 64,
 'classification_threshold': None,
 'compute_line_graph': True,
 'criterion': 'mse',
 'cutoff': 8.0,
 'cutoff_extra': 3.0,
 'data_parallel': False,
 'dataset': 'user_data',
 'ddp_find_unused_parameters': False,
 'deterministic': False,
 'distributed': True,
 'dtype': 'float32',
 'epochs': 120,
 'filename': 'sample',
 'gpu_memory_fraction': None,
 'id_tag': 'jid',
 'keep_data_order': False,
 'learning_rate': 0.001,
 'log_tensorboard': False,
 'max_neighbors': 12,
 'model': {'add_reverse_forces': True,
           'additional_output_features': 0,
           'additional_output_weight': 0.0,
           'alignn_layers': 1,
           'atom_input_features': 92,
           'atomwise_output_features': 0,
           'atomwise_weight': 0.0,
           'batch_stress': True,
           'calculate_gradient': False,
           'classification': False,
           'edge_input_features': 80,
           'embedding_features': 64,
           'energy_mult_natoms': True,
           'exponent': 5,
           'extra_features': 0,
           'force_mult_natoms': False,
           'gcn_layers': 1,
           'grad_multiplier': -1,
           'gradwise_weight': 0.0,
           'graphwise_weight': 1.0,
           'hidden_features': 64,
           'include_pos_deriv': False,
           'inner_cutoff': 3.0,
           'lg_on_fly': True,
           'link': 'identity',
           'multiply_cutoff': False,
           'name': 'alignn_atomwise',
           'output_features': 1,
           'penalty_factor': 0.1,
           'penalty_threshold': 1.0,
           'stress_multiplier': 1.0,
           'stresswise_weight': 0.0,
           'triplet_input_features': 40,
           'use_cutoff_function': False,
           'use_penalty': True,
           'zero_inflated': False},
 'n_early_stopping': None,
 'n_test': None,
 'n_train': None,
 'n_val': None,
 'neighbor_strategy': 'k-nearest',
 'normalize_graph_level_loss': False,
 'num_workers': 2,
 'optimizer': 'adamw',
 'output_dir': '../results_alignn_log_kvrh_partitions_fastfood/kvrh_half_2/alignn_log_kvrh_fastfood_kvrh_half_2_dim50_seed123_epochs120',
 'pin_memory': True,
 'progress': True,
 'random_seed': 123,
 'read_existing': False,
 'save_dataloader': False,
 'scheduler': 'onecycle',
 'standard_scalar_and_pca': False,
 'store_outputs': True,
 'target': 'target',
 'target_multiplication_factor': None,
 'test_ratio': 0.1,
 'three_body_cutoff': 3.5,
 'train_ratio': 0.8,
 'use_amp': False,
 'use_canonize': True,
 'use_lmdb': False,
 'val_ratio': 0.1,
 'version': '9c9ee23de543322c97e5d622a81e929e4dbfc141',
 'warmup_steps': 2000,
 'weight_decay': 0.0,
 'write_checkpoint': True,
 'write_predictions': True}
[Seed] deterministic_mode=False

    _    _     ___ ____ _   _ _   _
   / \  | |   |_ _/ ___| \ | | \ | |
  / _ \ | |    | | |  _|  \| |  \| |
 / ___ \| |___ | | |_| | |\  | |\  |
/_/   \_\_____|___\____|_| \_|_| \_|

Model parameters 128929
CUDA available True
CUDA device count 1
   GPU: NVIDIA A100-SXM4-80GB. Max memory: 79.252 GB. Platform = Linux.
   Pytorch: 2.11.0+cu128. CUDA = 8.0. CUDA Toolkit = 12.8.

Train Loss:  Epoch    Total      Graph      Atom       Grad       Stress     Addn.      Time      
             0        16.8812    16.8812    0.0000     0.0000     0.0000     0.0000     4.78      
Val Loss:    Epoch    Total      Graph      Atom       Grad       Stress     Addn.      Time      
             0        1.1234     1.1234     0.0000     0.0000     0.0000     0.0000     0.39       Saving model
Train Loss:  Epoch    Total      Graph      Atom       Grad       Stress     Addn.      Time      
             1        10.4995    10.4995    0.0000     0.0000     0.0000     0.0000     4.14      
Val Loss:    Epoch    Total      Graph      Atom       Grad       Stress     Addn.      Time      
             1        1.4243     1.4243     0.0000     0.0000     0.0000     0.0000     0.39       Saving model
Train Loss:  Epoch    Total      Graph      Atom       Grad       Stress     Addn.      Time      
             2        9.6546     9.6546     0.0000     0.0000     0.0000     0.0000     4.31      
Val Loss:    Epoch    Total      Graph      Atom       Grad       Stress     Addn.      Time      
             2        0.9504     0.9504     0.0000     0.0000     0.0000     0.0000     0.38       Saving model
Train Loss:  Epoch    Total      Graph      Atom       Grad       Stress     Addn.      Time      
             3        8.8898     8.8898     0.0000     0.0000     0.0000     0.0000     4.53      
Val Loss:    Epoch    Total      Graph      Atom       Grad       Stress     Addn.      Time      
             3        1.2914     1.2914     0.0000     0.0000     0.0000     0.0000     0.38       Saving model
Train Loss:  Epoch    Total      Graph      Atom       Grad       Stress     Addn.      Time      
             4        8.4948     8.4948     0.0000     0.0000     0.0000     0.0000     6.26      
Val Loss:    Epoch    Total      Graph      Atom       Grad       Stress     Addn.      Time      
             4        0.9447     0.9447     0.0000     0.0000     0.0000     0.0000     0.39       Saving model
Train Loss:  Epoch    Total      Graph      Atom       Grad       Stress     Addn.      Time      
             5        8.5406     8.5406     0.0000     0.0000     0.0000     0.0000     4.11      
Val Loss:    Epoch    Total      Graph      Atom       Grad       Stress     Addn.      Time      
             5        0.8600     0.8600     0.0000     0.0000     0.0000     0.0000     0.38       Saving model
Train Loss:  Epoch    Total      Graph      Atom       Grad       Stress     Addn.      Time      
             6        8.0111     8.0111     0.0000     0.0000     0.0000     0.0000     4.55      
Val Loss:    Epoch    Total      Graph      Atom       Grad       Stress     Addn.      Time      
             6        0.9356     0.9356     0.0000     0.0000     0.0000     0.0000     0.39       Saving model
Train Loss:  Epoch    Total      Graph      Atom       Grad       Stress     Addn.      Time      
             7        7.3722     7.3722     0.0000     0.0000     0.0000     0.0000     4.41      
Val Loss:    Epoch    Total      Graph      Atom       Grad       Stress     Addn.      Time      
             7        0.8389     0.8389     0.0000     0.0000     0.0000     0.0000     0.64       Saving model
Train Loss:  Epoch    Total      Graph      Atom       Grad       Stress     Addn.      Time      
             8        8.4557     8.4557     0.0000     0.0000     0.0000     0.0000     4.04      
Val Loss:    Epoch    Total      Graph      Atom       Grad       Stress     Addn.      Time      
             8        1.0693     1.0693     0.0000     0.0000     0.0000     0.0000     0.39       Saving model
Train Loss:  Epoch    Total      Graph      Atom       Grad       Stress     Addn.      Time      
             9        6.9850     6.9850     0.0000     0.0000     0.0000     0.0000     4.13      
Val Loss:    Epoch    Total      Graph      Atom       Grad       Stress     Addn.      Time      
             9        0.9756     0.9756     0.0000     0.0000     0.0000     0.0000     0.38       Saving model
Train Loss:  Epoch    Total      Graph      Atom       Grad       Stress     Addn.      Time      
             10       7.4153     7.4153     0.0000     0.0000     0.0000     0.0000     4.90      
Val Loss:    Epoch    Total      Graph      Atom       Grad       Stress     Addn.      Time      
             10       0.7528     0.7528     0.0000     0.0000     0.0000     0.0000     0.39       Saving model
Train Loss:  Epoch    Total      Graph      Atom       Grad       Stress     Addn.      Time      
             11       7.1562     7.1562     0.0000     0.0000     0.0000     0.0000     4.14      
Val Loss:    Epoch    Total      Graph      Atom       Grad       Stress     Addn.      Time      
             11       0.8899     0.8899     0.0000     0.0000     0.0000     0.0000     0.39       Saving model
Train Loss:  Epoch    Total      Graph      Atom       Grad       Stress     Addn.      Time      
             12       7.4491     7.4491     0.0000     0.0000     0.0000     0.0000     4.38      
Val Loss:    Epoch    Total      Graph      Atom       Grad       Stress     Addn.      Time      
             12       0.8041     0.8041     0.0000     0.0000     0.0000     0.0000     0.75       Saving model
Train Loss:  Epoch    Total      Graph      Atom       Grad       Stress     Addn.      Time      
             13       7.1340     7.1340     0.0000     0.0000     0.0000     0.0000     4.09      
Val Loss:    Epoch    Total      Graph      Atom       Grad       Stress     Addn.      Time      
             13       1.0933     1.0933     0.0000     0.0000     0.0000     0.0000     0.38       Saving model
Train Loss:  Epoch    Total      Graph      Atom       Grad       Stress     Addn.      Time      
             14       7.2386     7.2386     0.0000     0.0000     0.0000     0.0000     4.27      
Val Loss:    Epoch    Total      Graph      Atom       Grad       Stress     Addn.      Time      
             14       0.7822     0.7822     0.0000     0.0000     0.0000     0.0000     0.38       Saving model
Train Loss:  Epoch    Total      Graph      Atom       Grad       Stress     Addn.      Time      
             15       6.7239     6.7239     0.0000     0.0000     0.0000     0.0000     4.41      
Val Loss:    Epoch    Total      Graph      Atom       Grad       Stress     Addn.      Time      
             15       0.7434     0.7434     0.0000     0.0000     0.0000     0.0000     0.38       Saving model
Train Loss:  Epoch    Total      Graph      Atom       Grad       Stress     Addn.      Time      
             16       6.8514     6.8514     0.0000     0.0000     0.0000     0.0000     4.51      
Val Loss:    Epoch    Total      Graph      Atom       Grad       Stress     Addn.      Time      
             16       0.7431     0.7431     0.0000     0.0000     0.0000     0.0000     0.40       Saving model
Train Loss:  Epoch    Total      Graph      Atom       Grad       Stress     Addn.      Time      
             17       6.8013     6.8013     0.0000     0.0000     0.0000     0.0000     4.52      
Val Loss:    Epoch    Total      Graph      Atom       Grad       Stress     Addn.      Time      
             17       0.7562     0.7562     0.0000     0.0000     0.0000     0.0000     0.40       Saving model
Train Loss:  Epoch    Total      Graph      Atom       Grad       Stress     Addn.      Time      
             18       6.3835     6.3835     0.0000     0.0000     0.0000     0.0000     4.13      
Val Loss:    Epoch    Total      Graph      Atom       Grad       Stress     Addn.      Time      
             18       0.7477     0.7477     0.0000     0.0000     0.0000     0.0000     0.38       Saving model
Train Loss:  Epoch    Total      Graph      Atom       Grad       Stress     Addn.      Time      
             19       6.3072     6.3072     0.0000     0.0000     0.0000     0.0000     4.80      
Val Loss:    Epoch    Total      Graph      Atom       Grad       Stress     Addn.      Time      
             19       1.0426     1.0426     0.0000     0.0000     0.0000     0.0000     0.39       Saving model
Train Loss:  Epoch    Total      Graph      Atom       Grad       Stress     Addn.      Time      
             20       7.2695     7.2695     0.0000     0.0000     0.0000     0.0000     4.31      
Val Loss:    Epoch    Total      Graph      Atom       Grad       Stress     Addn.      Time      
             20       0.7700     0.7700     0.0000     0.0000     0.0000     0.0000     0.38       Saving model
Train Loss:  Epoch    Total      Graph      Atom       Grad       Stress     Addn.      Time      
             21       6.3962     6.3962     0.0000     0.0000     0.0000     0.0000     4.12      
Val Loss:    Epoch    Total      Graph      Atom       Grad       Stress     Addn.      Time      
             21       0.8730     0.8730     0.0000     0.0000     0.0000     0.0000     0.38       Saving model
Train Loss:  Epoch    Total      Graph      Atom       Grad       Stress     Addn.      Time      
             22       6.0863     6.0863     0.0000     0.0000     0.0000     0.0000     4.10      
Val Loss:    Epoch    Total      Graph      Atom       Grad       Stress     Addn.      Time      
             22       0.6850     0.6850     0.0000     0.0000     0.0000     0.0000     0.39       Saving model
Train Loss:  Epoch    Total      Graph      Atom       Grad       Stress     Addn.      Time      
             23       6.4017     6.4017     0.0000     0.0000     0.0000     0.0000     5.19      
Val Loss:    Epoch    Total      Graph      Atom       Grad       Stress     Addn.      Time      
             23       0.7072     0.7072     0.0000     0.0000     0.0000     0.0000     0.38       Saving model
Train Loss:  Epoch    Total      Graph      Atom       Grad       Stress     Addn.      Time      
             24       5.7013     5.7013     0.0000     0.0000     0.0000     0.0000     4.16      
Val Loss:    Epoch    Total      Graph      Atom       Grad       Stress     Addn.      Time      
             24       0.7744     0.7744     0.0000     0.0000     0.0000     0.0000     0.39       Saving model
Train Loss:  Epoch    Total      Graph      Atom       Grad       Stress     Addn.      Time      
             25       6.3334     6.3334     0.0000     0.0000     0.0000     0.0000     4.48      
Val Loss:    Epoch    Total      Graph      Atom       Grad       Stress     Addn.      Time      
             25       0.8328     0.8328     0.0000     0.0000     0.0000     0.0000     0.38       Saving model
Train Loss:  Epoch    Total      Graph      Atom       Grad       Stress     Addn.      Time      
             26       5.8208     5.8208     0.0000     0.0000     0.0000     0.0000     4.33      
Val Loss:    Epoch    Total      Graph      Atom       Grad       Stress     Addn.      Time      
             26       0.7870     0.7870     0.0000     0.0000     0.0000     0.0000     0.38       Saving model
Train Loss:  Epoch    Total      Graph      Atom       Grad       Stress     Addn.      Time      
             27       6.0291     6.0291     0.0000     0.0000     0.0000     0.0000     4.50      
Val Loss:    Epoch    Total      Graph      Atom       Grad       Stress     Addn.      Time      
             27       0.8275     0.8275     0.0000     0.0000     0.0000     0.0000     0.39       Saving model
Train Loss:  Epoch    Total      Graph      Atom       Grad       Stress     Addn.      Time      
             28       5.6899     5.6899     0.0000     0.0000     0.0000     0.0000     4.11      
Val Loss:    Epoch    Total      Graph      Atom       Grad       Stress     Addn.      Time      
             28       0.6844     0.6844     0.0000     0.0000     0.0000     0.0000     0.38       Saving model
Train Loss:  Epoch    Total      Graph      Atom       Grad       Stress     Addn.      Time      
             29       5.5630     5.5630     0.0000     0.0000     0.0000     0.0000     4.84      
Val Loss:    Epoch    Total      Graph      Atom       Grad       Stress     Addn.      Time      
             29       0.6855     0.6855     0.0000     0.0000     0.0000     0.0000     0.39       Saving model
Train Loss:  Epoch    Total      Graph      Atom       Grad       Stress     Addn.      Time      
             30       6.1353     6.1353     0.0000     0.0000     0.0000     0.0000     4.46      
Val Loss:    Epoch    Total      Graph      Atom       Grad       Stress     Addn.      Time      
             30       0.7204     0.7204     0.0000     0.0000     0.0000     0.0000     0.40       Saving model
Train Loss:  Epoch    Total      Graph      Atom       Grad       Stress     Addn.      Time      
             31       5.6315     5.6315     0.0000     0.0000     0.0000     0.0000     4.47      
Val Loss:    Epoch    Total      Graph      Atom       Grad       Stress     Addn.      Time      
             31       0.7031     0.7031     0.0000     0.0000     0.0000     0.0000     0.38       Saving model
Train Loss:  Epoch    Total      Graph      Atom       Grad       Stress     Addn.      Time      
             32       5.6571     5.6571     0.0000     0.0000     0.0000     0.0000     4.41      
Val Loss:    Epoch    Total      Graph      Atom       Grad       Stress     Addn.      Time      
             32       0.8308     0.8308     0.0000     0.0000     0.0000     0.0000     0.38       Saving model
Train Loss:  Epoch    Total      Graph      Atom       Grad       Stress     Addn.      Time      
             33       5.6679     5.6679     0.0000     0.0000     0.0000     0.0000     4.06      
Val Loss:    Epoch    Total      Graph      Atom       Grad       Stress     Addn.      Time      
             33       0.6267     0.6267     0.0000     0.0000     0.0000     0.0000     0.39       Saving model
Train Loss:  Epoch    Total      Graph      Atom       Grad       Stress     Addn.      Time      
             34       5.7349     5.7349     0.0000     0.0000     0.0000     0.0000     4.11      
Val Loss:    Epoch    Total      Graph      Atom       Grad       Stress     Addn.      Time      
             34       0.6661     0.6661     0.0000     0.0000     0.0000     0.0000     0.39       Saving model
Train Loss:  Epoch    Total      Graph      Atom       Grad       Stress     Addn.      Time      
             35       5.4592     5.4592     0.0000     0.0000     0.0000     0.0000     4.96      
Val Loss:    Epoch    Total      Graph      Atom       Grad       Stress     Addn.      Time      
             35       0.6914     0.6914     0.0000     0.0000     0.0000     0.0000     0.38       Saving model
Train Loss:  Epoch    Total      Graph      Atom       Grad       Stress     Addn.      Time      
             36       5.5182     5.5182     0.0000     0.0000     0.0000     0.0000     4.09      
Val Loss:    Epoch    Total      Graph      Atom       Grad       Stress     Addn.      Time      
             36       0.6758     0.6758     0.0000     0.0000     0.0000     0.0000     0.39       Saving model
Train Loss:  Epoch    Total      Graph      Atom       Grad       Stress     Addn.      Time      
             37       5.4460     5.4460     0.0000     0.0000     0.0000     0.0000     4.14      
Val Loss:    Epoch    Total      Graph      Atom       Grad       Stress     Addn.      Time      
             37       0.6426     0.6426     0.0000     0.0000     0.0000     0.0000     0.38       Saving model
Train Loss:  Epoch    Total      Graph      Atom       Grad       Stress     Addn.      Time      
             38       5.3677     5.3677     0.0000     0.0000     0.0000     0.0000     4.41      
Val Loss:    Epoch    Total      Graph      Atom       Grad       Stress     Addn.      Time      
             38       0.7788     0.7788     0.0000     0.0000     0.0000     0.0000     0.39       Saving model
Train Loss:  Epoch    Total      Graph      Atom       Grad       Stress     Addn.      Time      
             39       5.3436     5.3436     0.0000     0.0000     0.0000     0.0000     4.28      
Val Loss:    Epoch    Total      Graph      Atom       Grad       Stress     Addn.      Time      
             39       0.6538     0.6538     0.0000     0.0000     0.0000     0.0000     0.38       Saving model
Train Loss:  Epoch    Total      Graph      Atom       Grad       Stress     Addn.      Time      
             40       5.5352     5.5352     0.0000     0.0000     0.0000     0.0000     4.39      
Val Loss:    Epoch    Total      Graph      Atom       Grad       Stress     Addn.      Time      
             40       0.6392     0.6392     0.0000     0.0000     0.0000     0.0000     0.39       Saving model
Train Loss:  Epoch    Total      Graph      Atom       Grad       Stress     Addn.      Time      
             41       5.1529     5.1529     0.0000     0.0000     0.0000     0.0000     4.45      
Val Loss:    Epoch    Total      Graph      Atom       Grad       Stress     Addn.      Time      
             41       0.6629     0.6629     0.0000     0.0000     0.0000     0.0000     0.39       Saving model
Train Loss:  Epoch    Total      Graph      Atom       Grad       Stress     Addn.      Time      
             42       5.4891     5.4891     0.0000     0.0000     0.0000     0.0000     4.51      
Val Loss:    Epoch    Total      Graph      Atom       Grad       Stress     Addn.      Time      
             42       0.8395     0.8395     0.0000     0.0000     0.0000     0.0000     0.38       Saving model
Train Loss:  Epoch    Total      Graph      Atom       Grad       Stress     Addn.      Time      
             43       5.8671     5.8671     0.0000     0.0000     0.0000     0.0000     4.09      
Val Loss:    Epoch    Total      Graph      Atom       Grad       Stress     Addn.      Time      
             43       0.7046     0.7046     0.0000     0.0000     0.0000     0.0000     0.39       Saving model
Train Loss:  Epoch    Total      Graph      Atom       Grad       Stress     Addn.      Time      
             44       5.4708     5.4708     0.0000     0.0000     0.0000     0.0000     4.86      
Val Loss:    Epoch    Total      Graph      Atom       Grad       Stress     Addn.      Time      
             44       0.6656     0.6656     0.0000     0.0000     0.0000     0.0000     0.39       Saving model
Train Loss:  Epoch    Total      Graph      Atom       Grad       Stress     Addn.      Time      
             45       5.2909     5.2909     0.0000     0.0000     0.0000     0.0000     4.31      
Val Loss:    Epoch    Total      Graph      Atom       Grad       Stress     Addn.      Time      
             45       0.6405     0.6405     0.0000     0.0000     0.0000     0.0000     0.39       Saving model
Train Loss:  Epoch    Total      Graph      Atom       Grad       Stress     Addn.      Time      
             46       5.1392     5.1392     0.0000     0.0000     0.0000     0.0000     4.09      
Val Loss:    Epoch    Total      Graph      Atom       Grad       Stress     Addn.      Time      
             46       0.5930     0.5930     0.0000     0.0000     0.0000     0.0000     0.40       Saving model
Train Loss:  Epoch    Total      Graph      Atom       Grad       Stress     Addn.      Time      
             47       4.8253     4.8253     0.0000     0.0000     0.0000     0.0000     4.15      
Val Loss:    Epoch    Total      Graph      Atom       Grad       Stress     Addn.      Time      
             47       0.6089     0.6089     0.0000     0.0000     0.0000     0.0000     0.39       Saving model
Train Loss:  Epoch    Total      Graph      Atom       Grad       Stress     Addn.      Time      
             48       5.0510     5.0510     0.0000     0.0000     0.0000     0.0000     5.18      
Val Loss:    Epoch    Total      Graph      Atom       Grad       Stress     Addn.      Time      
             48       0.6758     0.6758     0.0000     0.0000     0.0000     0.0000     0.39       Saving model
Train Loss:  Epoch    Total      Graph      Atom       Grad       Stress     Addn.      Time      
             49       4.9574     4.9574     0.0000     0.0000     0.0000     0.0000     4.09      
Val Loss:    Epoch    Total      Graph      Atom       Grad       Stress     Addn.      Time      
             49       0.6622     0.6622     0.0000     0.0000     0.0000     0.0000     0.38       Saving model
Train Loss:  Epoch    Total      Graph      Atom       Grad       Stress     Addn.      Time      
             50       4.9340     4.9340     0.0000     0.0000     0.0000     0.0000     4.51      
Val Loss:    Epoch    Total      Graph      Atom       Grad       Stress     Addn.      Time      
             50       0.7828     0.7828     0.0000     0.0000     0.0000     0.0000     0.39       Saving model
Train Loss:  Epoch    Total      Graph      Atom       Grad       Stress     Addn.      Time      
             51       4.6552     4.6552     0.0000     0.0000     0.0000     0.0000     4.35      
Val Loss:    Epoch    Total      Graph      Atom       Grad       Stress     Addn.      Time      
             51       0.6106     0.6106     0.0000     0.0000     0.0000     0.0000     0.37       Saving model
Train Loss:  Epoch    Total      Graph      Atom       Grad       Stress     Addn.      Time      
             52       4.9414     4.9414     0.0000     0.0000     0.0000     0.0000     4.05      
Val Loss:    Epoch    Total      Graph      Atom       Grad       Stress     Addn.      Time      
             52       0.8668     0.8668     0.0000     0.0000     0.0000     0.0000     0.39       Saving model
Train Loss:  Epoch    Total      Graph      Atom       Grad       Stress     Addn.      Time      
             53       5.1093     5.1093     0.0000     0.0000     0.0000     0.0000     4.53      
Val Loss:    Epoch    Total      Graph      Atom       Grad       Stress     Addn.      Time      
             53       0.6470     0.6470     0.0000     0.0000     0.0000     0.0000     0.39       Saving model
Train Loss:  Epoch    Total      Graph      Atom       Grad       Stress     Addn.      Time      
             54       5.0026     5.0026     0.0000     0.0000     0.0000     0.0000     4.91      
Val Loss:    Epoch    Total      Graph      Atom       Grad       Stress     Addn.      Time      
             54       0.6684     0.6684     0.0000     0.0000     0.0000     0.0000     0.39       Saving model
Train Loss:  Epoch    Total      Graph      Atom       Grad       Stress     Addn.      Time      
             55       5.3012     5.3012     0.0000     0.0000     0.0000     0.0000     4.11      
Val Loss:    Epoch    Total      Graph      Atom       Grad       Stress     Addn.      Time      
             55       0.6686     0.6686     0.0000     0.0000     0.0000     0.0000     0.39       Saving model
Train Loss:  Epoch    Total      Graph      Atom       Grad       Stress     Addn.      Time      
             56       4.6687     4.6687     0.0000     0.0000     0.0000     0.0000     4.45      
Val Loss:    Epoch    Total      Graph      Atom       Grad       Stress     Addn.      Time      
             56       0.6224     0.6224     0.0000     0.0000     0.0000     0.0000     0.38       Saving model
Train Loss:  Epoch    Total      Graph      Atom       Grad       Stress     Addn.      Time      
             57       4.7912     4.7912     0.0000     0.0000     0.0000     0.0000     4.41      
Val Loss:    Epoch    Total      Graph      Atom       Grad       Stress     Addn.      Time      
             57       0.5994     0.5994     0.0000     0.0000     0.0000     0.0000     0.65       Saving model
Train Loss:  Epoch    Total      Graph      Atom       Grad       Stress     Addn.      Time      
             58       5.2847     5.2847     0.0000     0.0000     0.0000     0.0000     4.07      
Val Loss:    Epoch    Total      Graph      Atom       Grad       Stress     Addn.      Time      
             58       0.6087     0.6087     0.0000     0.0000     0.0000     0.0000     0.38       Saving model
Train Loss:  Epoch    Total      Graph      Atom       Grad       Stress     Addn.      Time      
             59       5.3380     5.3380     0.0000     0.0000     0.0000     0.0000     4.13      
Val Loss:    Epoch    Total      Graph      Atom       Grad       Stress     Addn.      Time      
             59       0.6989     0.6989     0.0000     0.0000     0.0000     0.0000     0.39       Saving model
Train Loss:  Epoch    Total      Graph      Atom       Grad       Stress     Addn.      Time      
             60       4.6540     4.6540     0.0000     0.0000     0.0000     0.0000     4.96      
Val Loss:    Epoch    Total      Graph      Atom       Grad       Stress     Addn.      Time      
             60       0.6139     0.6139     0.0000     0.0000     0.0000     0.0000     0.39       Saving model
Train Loss:  Epoch    Total      Graph      Atom       Grad       Stress     Addn.      Time      
             61       4.6801     4.6801     0.0000     0.0000     0.0000     0.0000     4.43      
Val Loss:    Epoch    Total      Graph      Atom       Grad       Stress     Addn.      Time      
             61       0.6512     0.6512     0.0000     0.0000     0.0000     0.0000     0.38       Saving model
Train Loss:  Epoch    Total      Graph      Atom       Grad       Stress     Addn.      Time      
             62       4.6255     4.6255     0.0000     0.0000     0.0000     0.0000     4.14      
Val Loss:    Epoch    Total      Graph      Atom       Grad       Stress     Addn.      Time      
             62       0.7490     0.7490     0.0000     0.0000     0.0000     0.0000     0.39       Saving model
Train Loss:  Epoch    Total      Graph      Atom       Grad       Stress     Addn.      Time      
             63       4.7396     4.7396     0.0000     0.0000     0.0000     0.0000     4.35      
Val Loss:    Epoch    Total      Graph      Atom       Grad       Stress     Addn.      Time      
             63       0.6811     0.6811     0.0000     0.0000     0.0000     0.0000     0.38       Saving model
Train Loss:  Epoch    Total      Graph      Atom       Grad       Stress     Addn.      Time      
             64       4.8831     4.8831     0.0000     0.0000     0.0000     0.0000     4.30      
Val Loss:    Epoch    Total      Graph      Atom       Grad       Stress     Addn.      Time      
             64       0.6002     0.6002     0.0000     0.0000     0.0000     0.0000     0.39       Saving model
Train Loss:  Epoch    Total      Graph      Atom       Grad       Stress     Addn.      Time      
             65       4.8029     4.8029     0.0000     0.0000     0.0000     0.0000     4.51      
Val Loss:    Epoch    Total      Graph      Atom       Grad       Stress     Addn.      Time      
             65       0.6477     0.6477     0.0000     0.0000     0.0000     0.0000     0.39       Saving model
Train Loss:  Epoch    Total      Graph      Atom       Grad       Stress     Addn.      Time      
             66       4.7854     4.7854     0.0000     0.0000     0.0000     0.0000     6.32      
Val Loss:    Epoch    Total      Graph      Atom       Grad       Stress     Addn.      Time      
             66       0.6104     0.6104     0.0000     0.0000     0.0000     0.0000     0.38       Saving model
Train Loss:  Epoch    Total      Graph      Atom       Grad       Stress     Addn.      Time      
             67       4.6367     4.6367     0.0000     0.0000     0.0000     0.0000     4.11      
Val Loss:    Epoch    Total      Graph      Atom       Grad       Stress     Addn.      Time      
             67       0.6218     0.6218     0.0000     0.0000     0.0000     0.0000     0.39       Saving model
Train Loss:  Epoch    Total      Graph      Atom       Grad       Stress     Addn.      Time      
             68       4.6228     4.6228     0.0000     0.0000     0.0000     0.0000     4.39      
Val Loss:    Epoch    Total      Graph      Atom       Grad       Stress     Addn.      Time      
             68       0.7212     0.7212     0.0000     0.0000     0.0000     0.0000     0.72       Saving model
Train Loss:  Epoch    Total      Graph      Atom       Grad       Stress     Addn.      Time      
             69       4.6499     4.6499     0.0000     0.0000     0.0000     0.0000     4.11      
Val Loss:    Epoch    Total      Graph      Atom       Grad       Stress     Addn.      Time      
             69       0.6250     0.6250     0.0000     0.0000     0.0000     0.0000     0.39       Saving model
Train Loss:  Epoch    Total      Graph      Atom       Grad       Stress     Addn.      Time      
             70       4.2530     4.2530     0.0000     0.0000     0.0000     0.0000     4.27      
Val Loss:    Epoch    Total      Graph      Atom       Grad       Stress     Addn.      Time      
             70       0.5858     0.5858     0.0000     0.0000     0.0000     0.0000     0.40       Saving model
Train Loss:  Epoch    Total      Graph      Atom       Grad       Stress     Addn.      Time      
             71       4.2344     4.2344     0.0000     0.0000     0.0000     0.0000     4.11      
Val Loss:    Epoch    Total      Graph      Atom       Grad       Stress     Addn.      Time      
             71       0.6563     0.6563     0.0000     0.0000     0.0000     0.0000     0.39       Saving model
Train Loss:  Epoch    Total      Graph      Atom       Grad       Stress     Addn.      Time      
             72       4.7728     4.7728     0.0000     0.0000     0.0000     0.0000     4.53      
Val Loss:    Epoch    Total      Graph      Atom       Grad       Stress     Addn.      Time      
             72       0.8195     0.8195     0.0000     0.0000     0.0000     0.0000     0.39       Saving model
Train Loss:  Epoch    Total      Graph      Atom       Grad       Stress     Addn.      Time      
             73       4.4593     4.4593     0.0000     0.0000     0.0000     0.0000     4.80      
Val Loss:    Epoch    Total      Graph      Atom       Grad       Stress     Addn.      Time      
             73       0.5931     0.5931     0.0000     0.0000     0.0000     0.0000     0.39       Saving model
Train Loss:  Epoch    Total      Graph      Atom       Grad       Stress     Addn.      Time      
             74       4.6059     4.6059     0.0000     0.0000     0.0000     0.0000     4.11      
Val Loss:    Epoch    Total      Graph      Atom       Grad       Stress     Addn.      Time      
             74       0.7160     0.7160     0.0000     0.0000     0.0000     0.0000     0.40       Saving model
Train Loss:  Epoch    Total      Graph      Atom       Grad       Stress     Addn.      Time      
             75       4.3947     4.3947     0.0000     0.0000     0.0000     0.0000     4.53      
Val Loss:    Epoch    Total      Graph      Atom       Grad       Stress     Addn.      Time      
             75       0.7465     0.7465     0.0000     0.0000     0.0000     0.0000     0.39       Saving model
Train Loss:  Epoch    Total      Graph      Atom       Grad       Stress     Addn.      Time      
             76       4.7246     4.7246     0.0000     0.0000     0.0000     0.0000     4.31      
Val Loss:    Epoch    Total      Graph      Atom       Grad       Stress     Addn.      Time      
             76       0.6285     0.6285     0.0000     0.0000     0.0000     0.0000     0.38       Saving model
Train Loss:  Epoch    Total      Graph      Atom       Grad       Stress     Addn.      Time      
             77       4.4319     4.4319     0.0000     0.0000     0.0000     0.0000     4.37      
Val Loss:    Epoch    Total      Graph      Atom       Grad       Stress     Addn.      Time      
             77       0.6332     0.6332     0.0000     0.0000     0.0000     0.0000     0.39       Saving model
Train Loss:  Epoch    Total      Graph      Atom       Grad       Stress     Addn.      Time      
             78       4.4331     4.4331     0.0000     0.0000     0.0000     0.0000     4.12      
Val Loss:    Epoch    Total      Graph      Atom       Grad       Stress     Addn.      Time      
             78       0.5909     0.5909     0.0000     0.0000     0.0000     0.0000     0.39       Saving model
Train Loss:  Epoch    Total      Graph      Atom       Grad       Stress     Addn.      Time      
             79       4.7034     4.7034     0.0000     0.0000     0.0000     0.0000     4.78      
Val Loss:    Epoch    Total      Graph      Atom       Grad       Stress     Addn.      Time      
             79       0.6435     0.6435     0.0000     0.0000     0.0000     0.0000     0.38       Saving model
Train Loss:  Epoch    Total      Graph      Atom       Grad       Stress     Addn.      Time      
             80       4.1726     4.1726     0.0000     0.0000     0.0000     0.0000     4.09      
Val Loss:    Epoch    Total      Graph      Atom       Grad       Stress     Addn.      Time      
             80       0.5876     0.5876     0.0000     0.0000     0.0000     0.0000     0.38       Saving model
Train Loss:  Epoch    Total      Graph      Atom       Grad       Stress     Addn.      Time      
             81       4.3025     4.3025     0.0000     0.0000     0.0000     0.0000     4.75      
Val Loss:    Epoch    Total      Graph      Atom       Grad       Stress     Addn.      Time      
             81       0.6010     0.6010     0.0000     0.0000     0.0000     0.0000     0.39       Saving model
Train Loss:  Epoch    Total      Graph      Atom       Grad       Stress     Addn.      Time      
             82       5.0864     5.0864     0.0000     0.0000     0.0000     0.0000     4.33      
Val Loss:    Epoch    Total      Graph      Atom       Grad       Stress     Addn.      Time      
             82       0.5947     0.5947     0.0000     0.0000     0.0000     0.0000     0.38       Saving model
Train Loss:  Epoch    Total      Graph      Atom       Grad       Stress     Addn.      Time      
             83       4.2626     4.2626     0.0000     0.0000     0.0000     0.0000     4.08      
Val Loss:    Epoch    Total      Graph      Atom       Grad       Stress     Addn.      Time      
             83       0.6038     0.6038     0.0000     0.0000     0.0000     0.0000     0.38       Saving model
Train Loss:  Epoch    Total      Graph      Atom       Grad       Stress     Addn.      Time      
             84       4.0725     4.0725     0.0000     0.0000     0.0000     0.0000     4.09      
Val Loss:    Epoch    Total      Graph      Atom       Grad       Stress     Addn.      Time      
             84       0.5868     0.5868     0.0000     0.0000     0.0000     0.0000     0.38       Saving model
Train Loss:  Epoch    Total      Graph      Atom       Grad       Stress     Addn.      Time      
             85       4.0873     4.0873     0.0000     0.0000     0.0000     0.0000     5.18      
Val Loss:    Epoch    Total      Graph      Atom       Grad       Stress     Addn.      Time      
             85       0.6315     0.6315     0.0000     0.0000     0.0000     0.0000     0.39       Saving model
Train Loss:  Epoch    Total      Graph      Atom       Grad       Stress     Addn.      Time      
             86       4.5673     4.5673     0.0000     0.0000     0.0000     0.0000     4.13      
Val Loss:    Epoch    Total      Graph      Atom       Grad       Stress     Addn.      Time      
             86       0.5905     0.5905     0.0000     0.0000     0.0000     0.0000     0.39       Saving model
Train Loss:  Epoch    Total      Graph      Atom       Grad       Stress     Addn.      Time      
             87       4.7099     4.7099     0.0000     0.0000     0.0000     0.0000     4.47      
Val Loss:    Epoch    Total      Graph      Atom       Grad       Stress     Addn.      Time      
             87       0.5810     0.5810     0.0000     0.0000     0.0000     0.0000     0.38       Saving model
Train Loss:  Epoch    Total      Graph      Atom       Grad       Stress     Addn.      Time      
             88       4.0884     4.0884     0.0000     0.0000     0.0000     0.0000     4.11      
Val Loss:    Epoch    Total      Graph      Atom       Grad       Stress     Addn.      Time      
             88       0.5940     0.5940     0.0000     0.0000     0.0000     0.0000     0.70       Saving model
Train Loss:  Epoch    Total      Graph      Atom       Grad       Stress     Addn.      Time      
             89       4.1179     4.1179     0.0000     0.0000     0.0000     0.0000     4.08      
Val Loss:    Epoch    Total      Graph      Atom       Grad       Stress     Addn.      Time      
             89       0.6141     0.6141     0.0000     0.0000     0.0000     0.0000     0.39       Saving model
Train Loss:  Epoch    Total      Graph      Atom       Grad       Stress     Addn.      Time      
             90       4.2462     4.2462     0.0000     0.0000     0.0000     0.0000     4.15      
Val Loss:    Epoch    Total      Graph      Atom       Grad       Stress     Addn.      Time      
             90       0.6755     0.6755     0.0000     0.0000     0.0000     0.0000     0.39       Saving model
Train Loss:  Epoch    Total      Graph      Atom       Grad       Stress     Addn.      Time      
             91       4.1402     4.1402     0.0000     0.0000     0.0000     0.0000     4.91      
Val Loss:    Epoch    Total      Graph      Atom       Grad       Stress     Addn.      Time      
             91       0.5983     0.5983     0.0000     0.0000     0.0000     0.0000     0.39       Saving model
Train Loss:  Epoch    Total      Graph      Atom       Grad       Stress     Addn.      Time      
             92       4.0677     4.0677     0.0000     0.0000     0.0000     0.0000     4.13      
Val Loss:    Epoch    Total      Graph      Atom       Grad       Stress     Addn.      Time      
             92       0.6157     0.6157     0.0000     0.0000     0.0000     0.0000     0.38       Saving model
Train Loss:  Epoch    Total      Graph      Atom       Grad       Stress     Addn.      Time      
             93       4.3975     4.3975     0.0000     0.0000     0.0000     0.0000     4.14      
Val Loss:    Epoch    Total      Graph      Atom       Grad       Stress     Addn.      Time      
             93       0.5737     0.5737     0.0000     0.0000     0.0000     0.0000     0.67       Saving model
Train Loss:  Epoch    Total      Graph      Atom       Grad       Stress     Addn.      Time      
             94       4.5813     4.5813     0.0000     0.0000     0.0000     0.0000     4.46      
Val Loss:    Epoch    Total      Graph      Atom       Grad       Stress     Addn.      Time      
             94       0.6044     0.6044     0.0000     0.0000     0.0000     0.0000     0.39       Saving model
Train Loss:  Epoch    Total      Graph      Atom       Grad       Stress     Addn.      Time      
             95       3.9936     3.9936     0.0000     0.0000     0.0000     0.0000     4.27      
Val Loss:    Epoch    Total      Graph      Atom       Grad       Stress     Addn.      Time      
             95       0.6146     0.6146     0.0000     0.0000     0.0000     0.0000     0.39       Saving model
Train Loss:  Epoch    Total      Graph      Atom       Grad       Stress     Addn.      Time      
             96       4.0948     4.0948     0.0000     0.0000     0.0000     0.0000     4.13      
Val Loss:    Epoch    Total      Graph      Atom       Grad       Stress     Addn.      Time      
             96       0.6604     0.6604     0.0000     0.0000     0.0000     0.0000     0.39       Saving model
Train Loss:  Epoch    Total      Graph      Atom       Grad       Stress     Addn.      Time      
             97       4.2780     4.2780     0.0000     0.0000     0.0000     0.0000     4.86      
Val Loss:    Epoch    Total      Graph      Atom       Grad       Stress     Addn.      Time      
             97       0.5819     0.5819     0.0000     0.0000     0.0000     0.0000     0.39       Saving model
Train Loss:  Epoch    Total      Graph      Atom       Grad       Stress     Addn.      Time      
             98       3.8983     3.8983     0.0000     0.0000     0.0000     0.0000     4.47      
Val Loss:    Epoch    Total      Graph      Atom       Grad       Stress     Addn.      Time      
             98       0.6418     0.6418     0.0000     0.0000     0.0000     0.0000     0.39       Saving model
Train Loss:  Epoch    Total      Graph      Atom       Grad       Stress     Addn.      Time      
             99       3.9703     3.9703     0.0000     0.0000     0.0000     0.0000     4.10      
Val Loss:    Epoch    Total      Graph      Atom       Grad       Stress     Addn.      Time      
             99       0.5772     0.5772     0.0000     0.0000     0.0000     0.0000     0.40       Saving model
Train Loss:  Epoch    Total      Graph      Atom       Grad       Stress     Addn.      Time      
             100      4.1845     4.1845     0.0000     0.0000     0.0000     0.0000     4.54      
Val Loss:    Epoch    Total      Graph      Atom       Grad       Stress     Addn.      Time      
             100      0.7374     0.7374     0.0000     0.0000     0.0000     0.0000     0.39       Saving model
Train Loss:  Epoch    Total      Graph      Atom       Grad       Stress     Addn.      Time      
             101      4.5098     4.5098     0.0000     0.0000     0.0000     0.0000     4.73      
Val Loss:    Epoch    Total      Graph      Atom       Grad       Stress     Addn.      Time      
             101      0.5976     0.5976     0.0000     0.0000     0.0000     0.0000     0.40       Saving model
Train Loss:  Epoch    Total      Graph      Atom       Grad       Stress     Addn.      Time      
             102      4.0388     4.0388     0.0000     0.0000     0.0000     0.0000     4.13      
Val Loss:    Epoch    Total      Graph      Atom       Grad       Stress     Addn.      Time      
             102      0.6828     0.6828     0.0000     0.0000     0.0000     0.0000     0.39       Saving model
Train Loss:  Epoch    Total      Graph      Atom       Grad       Stress     Addn.      Time      
             103      4.1517     4.1517     0.0000     0.0000     0.0000     0.0000     4.11      
Val Loss:    Epoch    Total      Graph      Atom       Grad       Stress     Addn.      Time      
             103      0.6225     0.6225     0.0000     0.0000     0.0000     0.0000     0.39       Saving model
Train Loss:  Epoch    Total      Graph      Atom       Grad       Stress     Addn.      Time      
             104      4.0848     4.0848     0.0000     0.0000     0.0000     0.0000     5.21      
Val Loss:    Epoch    Total      Graph      Atom       Grad       Stress     Addn.      Time      
             104      0.6005     0.6005     0.0000     0.0000     0.0000     0.0000     0.39       Saving model
Train Loss:  Epoch    Total      Graph      Atom       Grad       Stress     Addn.      Time      
             105      4.0056     4.0056     0.0000     0.0000     0.0000     0.0000     4.13      
Val Loss:    Epoch    Total      Graph      Atom       Grad       Stress     Addn.      Time      
             105      0.6692     0.6692     0.0000     0.0000     0.0000     0.0000     0.41       Saving model
Train Loss:  Epoch    Total      Graph      Atom       Grad       Stress     Addn.      Time      
             106      4.3686     4.3686     0.0000     0.0000     0.0000     0.0000     4.45      
Val Loss:    Epoch    Total      Graph      Atom       Grad       Stress     Addn.      Time      
             106      0.6528     0.6528     0.0000     0.0000     0.0000     0.0000     0.39       Saving model
Train Loss:  Epoch    Total      Graph      Atom       Grad       Stress     Addn.      Time      
             107      4.0176     4.0176     0.0000     0.0000     0.0000     0.0000     4.33      
Val Loss:    Epoch    Total      Graph      Atom       Grad       Stress     Addn.      Time      
             107      0.5934     0.5934     0.0000     0.0000     0.0000     0.0000     0.37       Saving model
Train Loss:  Epoch    Total      Graph      Atom       Grad       Stress     Addn.      Time      
             108      4.0546     4.0546     0.0000     0.0000     0.0000     0.0000     4.39      
Val Loss:    Epoch    Total      Graph      Atom       Grad       Stress     Addn.      Time      
             108      0.5700     0.5700     0.0000     0.0000     0.0000     0.0000     0.39       Saving model
Train Loss:  Epoch    Total      Graph      Atom       Grad       Stress     Addn.      Time      
             109      4.0263     4.0263     0.0000     0.0000     0.0000     0.0000     4.15      
Val Loss:    Epoch    Total      Graph      Atom       Grad       Stress     Addn.      Time      
             109      0.5755     0.5755     0.0000     0.0000     0.0000     0.0000     0.38       Saving model
Train Loss:  Epoch    Total      Graph      Atom       Grad       Stress     Addn.      Time      
             110      3.8825     3.8825     0.0000     0.0000     0.0000     0.0000     4.84      
Val Loss:    Epoch    Total      Graph      Atom       Grad       Stress     Addn.      Time      
             110      0.5904     0.5904     0.0000     0.0000     0.0000     0.0000     0.38       Saving model
Train Loss:  Epoch    Total      Graph      Atom       Grad       Stress     Addn.      Time      
             111      3.8358     3.8358     0.0000     0.0000     0.0000     0.0000     4.10      
Val Loss:    Epoch    Total      Graph      Atom       Grad       Stress     Addn.      Time      
             111      0.5720     0.5720     0.0000     0.0000     0.0000     0.0000     0.39       Saving model
Train Loss:  Epoch    Total      Graph      Atom       Grad       Stress     Addn.      Time      
             112      3.7961     3.7961     0.0000     0.0000     0.0000     0.0000     4.73      
Val Loss:    Epoch    Total      Graph      Atom       Grad       Stress     Addn.      Time      
             112      0.5976     0.5976     0.0000     0.0000     0.0000     0.0000     0.40       Saving model
Train Loss:  Epoch    Total      Graph      Atom       Grad       Stress     Addn.      Time      
             113      3.7645     3.7645     0.0000     0.0000     0.0000     0.0000     4.11      
Val Loss:    Epoch    Total      Graph      Atom       Grad       Stress     Addn.      Time      
             113      0.7931     0.7931     0.0000     0.0000     0.0000     0.0000     0.64       Saving model
Train Loss:  Epoch    Total      Graph      Atom       Grad       Stress     Addn.      Time      
             114      4.0283     4.0283     0.0000     0.0000     0.0000     0.0000     4.02      
Val Loss:    Epoch    Total      Graph      Atom       Grad       Stress     Addn.      Time      
             114      0.6126     0.6126     0.0000     0.0000     0.0000     0.0000     0.39       Saving model
Train Loss:  Epoch    Total      Graph      Atom       Grad       Stress     Addn.      Time      
             115      3.9202     3.9202     0.0000     0.0000     0.0000     0.0000     4.10      
Val Loss:    Epoch    Total      Graph      Atom       Grad       Stress     Addn.      Time      
             115      0.6132     0.6132     0.0000     0.0000     0.0000     0.0000     0.39       Saving model
Train Loss:  Epoch    Total      Graph      Atom       Grad       Stress     Addn.      Time      
             116      3.9782     3.9782     0.0000     0.0000     0.0000     0.0000     4.96      
Val Loss:    Epoch    Total      Graph      Atom       Grad       Stress     Addn.      Time      
             116      0.6483     0.6483     0.0000     0.0000     0.0000     0.0000     0.39       Saving model
Train Loss:  Epoch    Total      Graph      Atom       Grad       Stress     Addn.      Time      
             117      3.9455     3.9455     0.0000     0.0000     0.0000     0.0000     4.50      
Val Loss:    Epoch    Total      Graph      Atom       Grad       Stress     Addn.      Time      
             117      0.5835     0.5835     0.0000     0.0000     0.0000     0.0000     0.39       Saving model
Train Loss:  Epoch    Total      Graph      Atom       Grad       Stress     Addn.      Time      
             118      4.0286     4.0286     0.0000     0.0000     0.0000     0.0000     4.10      
Val Loss:    Epoch    Total      Graph      Atom       Grad       Stress     Addn.      Time      
             118      0.7446     0.7446     0.0000     0.0000     0.0000     0.0000     0.76       Saving model
Train Loss:  Epoch    Total      Graph      Atom       Grad       Stress     Addn.      Time      
             119      4.1617     4.1617     0.0000     0.0000     0.0000     0.0000     4.09      
Val Loss:    Epoch    Total      Graph      Atom       Grad       Stress     Addn.      Time      
             119      0.5831     0.5831     0.0000     0.0000     0.0000     0.0000     0.40       Saving model
Test MAE: 0.07612654474480773
Time taken (s) 590.8771121501923
Error: The source file 'prediction_results_test_set.csv' was not found.
Error: The source file 'history_val_mae.json' was not found.

  0%|          | 0/4395 [00:00<?, ?it/s]
  0%|          | 13/4395 [00:00<00:33, 128.91it/s]
  1%|          | 26/4395 [00:00<00:36, 120.76it/s]
  1%|          | 39/4395 [00:00<00:38, 113.46it/s]
  1%|          | 51/4395 [00:00<00:57, 75.01it/s] 
  1%|▏         | 63/4395 [00:00<00:50, 85.57it/s]
  2%|▏         | 75/4395 [00:00<00:46, 93.26it/s]
  2%|▏         | 88/4395 [00:00<00:42, 101.27it/s]
  2%|▏         | 103/4395 [00:01<00:37, 113.55it/s]
  3%|▎         | 116/4395 [00:01<00:39, 107.53it/s]
  3%|▎         | 129/4395 [00:01<00:38, 109.93it/s]
  3%|▎         | 145/4395 [00:01<00:34, 122.67it/s]
  4%|▎         | 158/4395 [00:01<00:34, 122.45it/s]
  4%|▍         | 172/4395 [00:01<00:33, 126.84it/s]
  4%|▍         | 185/4395 [00:01<00:34, 123.12it/s]
  5%|▍         | 198/4395 [00:01<00:34, 120.98it/s]
  5%|▍         | 211/4395 [00:01<00:34, 122.62it/s]
  5%|▌         | 224/4395 [00:02<00:34, 119.51it/s]
  5%|▌         | 237/4395 [00:02<00:35, 115.60it/s]
  6%|▌         | 249/4395 [00:02<00:36, 114.73it/s]
  6%|▌         | 261/4395 [00:02<00:35, 115.83it/s]
  6%|▌         | 273/4395 [00:02<00:35, 114.72it/s]
  7%|▋         | 287/4395 [00:02<00:34, 118.90it/s]
  7%|▋         | 300/4395 [00:02<00:33, 120.90it/s]
  7%|▋         | 313/4395 [00:02<00:35, 114.03it/s]
  7%|▋         | 327/4395 [00:02<00:34, 119.38it/s]
  8%|▊         | 341/4395 [00:02<00:32, 123.12it/s]
  8%|▊         | 355/4395 [00:03<00:32, 126.01it/s]
  8%|▊         | 368/4395 [00:03<00:32, 125.75it/s]
  9%|▊         | 382/4395 [00:03<00:31, 126.95it/s]
  9%|▉         | 396/4395 [00:03<00:30, 129.61it/s]
  9%|▉         | 409/4395 [00:03<00:31, 128.33it/s]
 10%|▉         | 424/4395 [00:03<00:29, 133.09it/s]
 10%|▉         | 438/4395 [00:03<00:29, 132.75it/s]
 10%|█         | 455/4395 [00:03<00:27, 141.36it/s]
 11%|█         | 470/4395 [00:03<00:29, 134.47it/s]
 11%|█         | 484/4395 [00:04<00:28, 135.50it/s]
 11%|█▏        | 498/4395 [00:04<00:30, 127.89it/s]
 12%|█▏        | 511/4395 [00:04<00:31, 124.94it/s]
 12%|█▏        | 524/4395 [00:04<00:32, 117.44it/s]
 12%|█▏        | 536/4395 [00:04<00:33, 116.71it/s]
 12%|█▏        | 549/4395 [00:04<00:32, 118.88it/s]
 13%|█▎        | 563/4395 [00:04<00:30, 124.67it/s]
 13%|█▎        | 578/4395 [00:04<00:29, 130.79it/s]
 13%|█▎        | 592/4395 [00:04<00:28, 131.48it/s]
 14%|█▍        | 606/4395 [00:05<00:29, 127.92it/s]
 14%|█▍        | 620/4395 [00:05<00:28, 130.70it/s]
 14%|█▍        | 635/4395 [00:05<00:27, 135.07it/s]
 15%|█▍        | 649/4395 [00:05<00:29, 127.64it/s]
 15%|█▌        | 662/4395 [00:05<00:31, 116.88it/s]
 15%|█▌        | 676/4395 [00:05<00:30, 122.10it/s]
 16%|█▌        | 689/4395 [00:05<00:45, 81.69it/s] 
 16%|█▌        | 703/4395 [00:06<00:39, 93.41it/s]
 16%|█▋        | 718/4395 [00:06<00:34, 105.69it/s]
 17%|█▋        | 731/4395 [00:06<00:33, 110.79it/s]
 17%|█▋        | 744/4395 [00:06<00:31, 114.14it/s]
 17%|█▋        | 757/4395 [00:06<00:31, 113.88it/s]
 18%|█▊        | 770/4395 [00:06<00:31, 114.36it/s]
 18%|█▊        | 783/4395 [00:06<00:31, 113.08it/s]
 18%|█▊        | 796/4395 [00:06<00:30, 117.08it/s]
 18%|█▊        | 811/4395 [00:06<00:28, 124.31it/s]
 19%|█▊        | 824/4395 [00:06<00:29, 121.20it/s]
 19%|█▉        | 840/4395 [00:07<00:27, 129.99it/s]
 19%|█▉        | 854/4395 [00:07<00:27, 126.61it/s]
 20%|█▉        | 867/4395 [00:07<00:28, 124.42it/s]
 20%|██        | 881/4395 [00:07<00:27, 126.05it/s]
 20%|██        | 895/4395 [00:07<00:27, 128.35it/s]
 21%|██        | 908/4395 [00:07<00:27, 127.36it/s]
 21%|██        | 921/4395 [00:07<00:27, 125.99it/s]
 21%|██▏       | 934/4395 [00:07<00:29, 118.54it/s]
 22%|██▏       | 947/4395 [00:07<00:28, 121.62it/s]
 22%|██▏       | 960/4395 [00:08<00:28, 120.42it/s]
 22%|██▏       | 973/4395 [00:08<00:29, 115.72it/s]
 23%|██▎       | 989/4395 [00:08<00:27, 125.27it/s]
 23%|██▎       | 1002/4395 [00:08<00:27, 125.34it/s]
 23%|██▎       | 1017/4395 [00:08<00:25, 130.73it/s]
 23%|██▎       | 1031/4395 [00:08<00:26, 128.50it/s]
 24%|██▍       | 1044/4395 [00:08<00:30, 110.81it/s]
 24%|██▍       | 1058/4395 [00:08<00:28, 116.66it/s]
 24%|██▍       | 1071/4395 [00:09<00:31, 107.01it/s]
 25%|██▍       | 1083/4395 [00:09<00:30, 110.02it/s]
 25%|██▍       | 1098/4395 [00:09<00:27, 119.59it/s]
 25%|██▌       | 1112/4395 [00:09<00:26, 122.88it/s]
 26%|██▌       | 1125/4395 [00:09<00:27, 120.21it/s]
 26%|██▌       | 1140/4395 [00:09<00:25, 128.30it/s]
 26%|██▋       | 1154/4395 [00:09<00:28, 114.59it/s]
 27%|██▋       | 1167/4395 [00:09<00:27, 117.64it/s]
 27%|██▋       | 1180/4395 [00:09<00:31, 100.60it/s]
 27%|██▋       | 1194/4395 [00:10<00:29, 109.28it/s]
 27%|██▋       | 1206/4395 [00:10<00:29, 109.35it/s]
 28%|██▊       | 1218/4395 [00:10<00:41, 76.72it/s] 
 28%|██▊       | 1231/4395 [00:10<00:36, 86.10it/s]
 28%|██▊       | 1242/4395 [00:10<00:36, 86.95it/s]
 29%|██▊       | 1255/4395 [00:10<00:32, 96.94it/s]
 29%|██▉       | 1270/4395 [00:10<00:28, 109.14it/s]
 29%|██▉       | 1284/4395 [00:11<00:26, 115.32it/s]
 30%|██▉       | 1297/4395 [00:11<00:27, 110.95it/s]
 30%|██▉       | 1311/4395 [00:11<00:26, 118.22it/s]
 30%|███       | 1326/4395 [00:11<00:24, 125.34it/s]
 30%|███       | 1339/4395 [00:11<00:24, 123.74it/s]
 31%|███       | 1354/4395 [00:11<00:23, 129.19it/s]
 31%|███       | 1368/4395 [00:11<00:24, 124.13it/s]
 31%|███▏      | 1381/4395 [00:11<00:25, 118.30it/s]
 32%|███▏      | 1394/4395 [00:11<00:24, 120.27it/s]
 32%|███▏      | 1407/4395 [00:12<00:25, 118.68it/s]
 32%|███▏      | 1421/4395 [00:12<00:24, 123.74it/s]
 33%|███▎      | 1436/4395 [00:12<00:22, 130.66it/s]
 33%|███▎      | 1450/4395 [00:12<00:22, 132.75it/s]
 33%|███▎      | 1467/4395 [00:12<00:20, 140.08it/s]
 34%|███▎      | 1483/4395 [00:12<00:20, 144.08it/s]
 34%|███▍      | 1498/4395 [00:12<00:20, 140.45it/s]
 34%|███▍      | 1513/4395 [00:12<00:21, 132.41it/s]
 35%|███▍      | 1528/4395 [00:12<00:21, 134.07it/s]
 35%|███▌      | 1542/4395 [00:13<00:21, 132.61it/s]
 35%|███▌      | 1556/4395 [00:13<00:23, 121.68it/s]
 36%|███▌      | 1571/4395 [00:13<00:22, 127.06it/s]
 36%|███▌      | 1584/4395 [00:13<00:22, 127.37it/s]
 36%|███▋      | 1598/4395 [00:13<00:21, 128.78it/s]
 37%|███▋      | 1615/4395 [00:13<00:19, 139.36it/s]
 37%|███▋      | 1630/4395 [00:13<00:20, 132.25it/s]
 37%|███▋      | 1644/4395 [00:13<00:22, 124.66it/s]
 38%|███▊      | 1657/4395 [00:13<00:23, 114.61it/s]
 38%|███▊      | 1670/4395 [00:14<00:23, 116.53it/s]
 38%|███▊      | 1682/4395 [00:14<00:23, 116.70it/s]
 39%|███▊      | 1694/4395 [00:14<00:22, 117.46it/s]
 39%|███▉      | 1706/4395 [00:14<00:23, 116.32it/s]
 39%|███▉      | 1718/4395 [00:14<00:23, 112.27it/s]
 39%|███▉      | 1731/4395 [00:14<00:22, 117.03it/s]
 40%|███▉      | 1745/4395 [00:14<00:21, 122.79it/s]
 40%|████      | 1758/4395 [00:14<00:21, 123.36it/s]
 40%|████      | 1772/4395 [00:14<00:20, 127.84it/s]
 41%|████      | 1785/4395 [00:15<00:21, 118.94it/s]
 41%|████      | 1799/4395 [00:15<00:21, 123.38it/s]
 41%|████      | 1812/4395 [00:15<00:21, 120.03it/s]
 42%|████▏     | 1826/4395 [00:15<00:21, 122.21it/s]
 42%|████▏     | 1839/4395 [00:15<00:20, 123.19it/s]
 42%|████▏     | 1852/4395 [00:15<00:20, 123.09it/s]
 42%|████▏     | 1865/4395 [00:15<00:21, 117.66it/s]
 43%|████▎     | 1878/4395 [00:15<00:20, 120.86it/s]
 43%|████▎     | 1891/4395 [00:15<00:21, 116.44it/s]
 43%|████▎     | 1903/4395 [00:16<00:31, 78.32it/s] 
 44%|████▎     | 1917/4395 [00:16<00:27, 90.32it/s]
 44%|████▍     | 1928/4395 [00:16<00:26, 92.98it/s]
 44%|████▍     | 1940/4395 [00:16<00:24, 99.47it/s]
 44%|████▍     | 1953/4395 [00:16<00:23, 105.24it/s]
 45%|████▍     | 1966/4395 [00:16<00:21, 110.62it/s]
 45%|████▌     | 1981/4395 [00:16<00:20, 120.24it/s]
 45%|████▌     | 1994/4395 [00:16<00:20, 116.05it/s]
 46%|████▌     | 2006/4395 [00:17<00:20, 114.36it/s]
 46%|████▌     | 2018/4395 [00:17<00:20, 114.32it/s]
 46%|████▋     | 2034/4395 [00:17<00:18, 124.67it/s]
 47%|████▋     | 2047/4395 [00:17<00:18, 126.06it/s]
 47%|████▋     | 2063/4395 [00:17<00:17, 133.46it/s]
 47%|████▋     | 2077/4395 [00:17<00:18, 128.06it/s]
 48%|████▊     | 2091/4395 [00:17<00:17, 129.47it/s]
 48%|████▊     | 2106/4395 [00:17<00:17, 133.12it/s]
 48%|████▊     | 2120/4395 [00:17<00:17, 132.33it/s]
 49%|████▊     | 2134/4395 [00:18<00:17, 127.19it/s]
 49%|████▉     | 2150/4395 [00:18<00:16, 135.88it/s]
 49%|████▉     | 2164/4395 [00:18<00:19, 113.34it/s]
 50%|████▉     | 2178/4395 [00:18<00:18, 118.60it/s]
 50%|████▉     | 2191/4395 [00:18<00:19, 113.80it/s]
 50%|█████     | 2205/4395 [00:18<00:18, 118.28it/s]
 50%|█████     | 2218/4395 [00:18<00:18, 115.99it/s]
 51%|█████     | 2232/4395 [00:18<00:17, 122.23it/s]
 51%|█████     | 2246/4395 [00:18<00:17, 126.04it/s]
 51%|█████▏    | 2259/4395 [00:19<00:17, 123.83it/s]
 52%|█████▏    | 2273/4395 [00:19<00:16, 127.71it/s]
 52%|█████▏    | 2287/4395 [00:19<00:16, 127.99it/s]
 52%|█████▏    | 2300/4395 [00:19<00:17, 120.53it/s]
 53%|█████▎    | 2313/4395 [00:19<00:17, 122.14it/s]
 53%|█████▎    | 2326/4395 [00:19<00:16, 123.04it/s]
 53%|█████▎    | 2339/4395 [00:19<00:16, 123.00it/s]
 54%|█████▎    | 2352/4395 [00:19<00:17, 119.06it/s]
 54%|█████▍    | 2364/4395 [00:19<00:17, 118.64it/s]
 54%|█████▍    | 2377/4395 [00:20<00:16, 120.62it/s]
 54%|█████▍    | 2390/4395 [00:20<00:18, 108.38it/s]
 55%|█████▍    | 2402/4395 [00:20<00:25, 78.59it/s] 
 55%|█████▍    | 2415/4395 [00:20<00:22, 88.13it/s]
 55%|█████▌    | 2426/4395 [00:20<00:21, 91.08it/s]
 55%|█████▌    | 2437/4395 [00:20<00:20, 93.76it/s]
 56%|█████▌    | 2451/4395 [00:20<00:18, 105.04it/s]
 56%|█████▌    | 2463/4395 [00:20<00:17, 107.49it/s]
 56%|█████▋    | 2476/4395 [00:21<00:17, 112.35it/s]
 57%|█████▋    | 2488/4395 [00:21<00:16, 113.68it/s]
 57%|█████▋    | 2502/4395 [00:21<00:15, 120.33it/s]
 57%|█████▋    | 2517/4395 [00:21<00:14, 128.71it/s]
 58%|█████▊    | 2531/4395 [00:21<00:14, 126.90it/s]
 58%|█████▊    | 2545/4395 [00:21<00:14, 129.56it/s]
 58%|█████▊    | 2559/4395 [00:21<00:14, 130.65it/s]
 59%|█████▊    | 2573/4395 [00:21<00:13, 132.75it/s]
 59%|█████▉    | 2587/4395 [00:21<00:14, 128.36it/s]
 59%|█████▉    | 2600/4395 [00:22<00:14, 125.02it/s]
 59%|█████▉    | 2613/4395 [00:22<00:14, 124.72it/s]
 60%|█████▉    | 2628/4395 [00:22<00:13, 129.38it/s]
 60%|██████    | 2641/4395 [00:22<00:14, 120.58it/s]
 60%|██████    | 2654/4395 [00:22<00:14, 121.90it/s]
 61%|██████    | 2667/4395 [00:22<00:13, 123.87it/s]
 61%|██████    | 2680/4395 [00:22<00:14, 120.65it/s]
 61%|██████▏   | 2693/4395 [00:22<00:13, 122.87it/s]
 62%|██████▏   | 2706/4395 [00:22<00:13, 123.71it/s]
 62%|██████▏   | 2719/4395 [00:23<00:13, 123.09it/s]
 62%|██████▏   | 2732/4395 [00:23<00:13, 121.86it/s]
 62%|██████▏   | 2745/4395 [00:23<00:13, 122.54it/s]
 63%|██████▎   | 2759/4395 [00:23<00:13, 124.96it/s]
 63%|██████▎   | 2772/4395 [00:23<00:13, 123.51it/s]
 63%|██████▎   | 2787/4395 [00:23<00:12, 130.77it/s]
 64%|██████▎   | 2801/4395 [00:23<00:12, 130.37it/s]
 64%|██████▍   | 2815/4395 [00:23<00:12, 124.51it/s]
 64%|██████▍   | 2828/4395 [00:23<00:13, 117.86it/s]
 65%|██████▍   | 2841/4395 [00:24<00:13, 119.48it/s]
 65%|██████▍   | 2854/4395 [00:24<00:13, 116.20it/s]
 65%|██████▌   | 2867/4395 [00:24<00:12, 119.13it/s]
 66%|██████▌   | 2881/4395 [00:24<00:12, 124.33it/s]
 66%|██████▌   | 2895/4395 [00:24<00:11, 127.13it/s]
 66%|██████▌   | 2909/4395 [00:24<00:11, 129.08it/s]
 66%|██████▋   | 2922/4395 [00:24<00:11, 126.85it/s]
 67%|██████▋   | 2936/4395 [00:24<00:11, 128.96it/s]
 67%|██████▋   | 2951/4395 [00:24<00:10, 133.90it/s]
 67%|██████▋   | 2965/4395 [00:24<00:10, 130.06it/s]
 68%|██████▊   | 2979/4395 [00:25<00:11, 119.53it/s]
 68%|██████▊   | 2993/4395 [00:25<00:11, 123.82it/s]
 68%|██████▊   | 3006/4395 [00:25<00:11, 122.14it/s]
 69%|██████▊   | 3020/4395 [00:25<00:10, 125.61it/s]
 69%|██████▉   | 3035/4395 [00:25<00:10, 132.03it/s]
 69%|██████▉   | 3049/4395 [00:25<00:10, 129.36it/s]
 70%|██████▉   | 3066/4395 [00:25<00:09, 138.51it/s]
 70%|███████   | 3080/4395 [00:25<00:09, 133.31it/s]
 70%|███████   | 3094/4395 [00:25<00:09, 134.48it/s]
 71%|███████   | 3108/4395 [00:26<00:09, 130.99it/s]
 71%|███████   | 3122/4395 [00:26<00:09, 130.30it/s]
 71%|███████▏  | 3136/4395 [00:26<00:15, 78.88it/s] 
 72%|███████▏  | 3147/4395 [00:26<00:14, 83.88it/s]
 72%|███████▏  | 3159/4395 [00:26<00:13, 90.82it/s]
 72%|███████▏  | 3173/4395 [00:26<00:11, 102.08it/s]
 72%|███████▏  | 3185/4395 [00:26<00:11, 105.98it/s]
 73%|███████▎  | 3198/4395 [00:27<00:10, 111.76it/s]
 73%|███████▎  | 3211/4395 [00:27<00:10, 107.96it/s]
 73%|███████▎  | 3227/4395 [00:27<00:09, 118.40it/s]
 74%|███████▎  | 3241/4395 [00:27<00:09, 123.81it/s]
 74%|███████▍  | 3254/4395 [00:27<00:09, 118.64it/s]
 74%|███████▍  | 3267/4395 [00:27<00:09, 119.50it/s]
 75%|███████▍  | 3280/4395 [00:27<00:09, 121.45it/s]
 75%|███████▍  | 3293/4395 [00:27<00:08, 122.62it/s]
 75%|███████▌  | 3306/4395 [00:27<00:09, 120.66it/s]
 76%|███████▌  | 3320/4395 [00:28<00:08, 124.49it/s]
 76%|███████▌  | 3334/4395 [00:28<00:08, 128.15it/s]
 76%|███████▌  | 3347/4395 [00:28<00:08, 122.08it/s]
 76%|███████▋  | 3360/4395 [00:28<00:09, 112.20it/s]
 77%|███████▋  | 3373/4395 [00:28<00:08, 116.26it/s]
 77%|███████▋  | 3385/4395 [00:28<00:08, 115.61it/s]
 77%|███████▋  | 3398/4395 [00:28<00:08, 116.80it/s]
 78%|███████▊  | 3411/4395 [00:28<00:08, 115.76it/s]
 78%|███████▊  | 3423/4395 [00:28<00:08, 116.38it/s]
 78%|███████▊  | 3437/4395 [00:29<00:07, 121.22it/s]
 78%|███████▊  | 3450/4395 [00:29<00:07, 123.32it/s]
 79%|███████▉  | 3465/4395 [00:29<00:07, 130.39it/s]
 79%|███████▉  | 3479/4395 [00:29<00:07, 124.65it/s]
 79%|███████▉  | 3492/4395 [00:29<00:07, 117.12it/s]
 80%|███████▉  | 3506/4395 [00:29<00:07, 121.65it/s]
 80%|████████  | 3520/4395 [00:29<00:06, 125.54it/s]
 80%|████████  | 3533/4395 [00:29<00:06, 125.17it/s]
 81%|████████  | 3546/4395 [00:29<00:07, 119.03it/s]
 81%|████████  | 3559/4395 [00:30<00:07, 107.13it/s]
 81%|████████▏ | 3573/4395 [00:30<00:07, 114.49it/s]
 82%|████████▏ | 3585/4395 [00:30<00:07, 113.98it/s]
 82%|████████▏ | 3597/4395 [00:30<00:07, 113.02it/s]
 82%|████████▏ | 3611/4395 [00:30<00:06, 117.50it/s]
 82%|████████▏ | 3624/4395 [00:30<00:06, 116.93it/s]
 83%|████████▎ | 3636/4395 [00:30<00:07, 105.59it/s]
 83%|████████▎ | 3651/4395 [00:30<00:06, 114.05it/s]
 83%|████████▎ | 3663/4395 [00:30<00:06, 111.50it/s]
 84%|████████▎ | 3677/4395 [00:31<00:06, 117.96it/s]
 84%|████████▍ | 3691/4395 [00:31<00:05, 122.94it/s]
 84%|████████▍ | 3704/4395 [00:31<00:05, 120.93it/s]
 85%|████████▍ | 3717/4395 [00:31<00:08, 83.82it/s] 
 85%|████████▍ | 3730/4395 [00:31<00:07, 92.54it/s]
 85%|████████▌ | 3746/4395 [00:31<00:06, 107.50it/s]
 86%|████████▌ | 3759/4395 [00:31<00:05, 112.05it/s]
 86%|████████▌ | 3773/4395 [00:31<00:05, 118.01it/s]
 86%|████████▌ | 3786/4395 [00:32<00:05, 117.39it/s]
 86%|████████▋ | 3799/4395 [00:32<00:05, 115.89it/s]
 87%|████████▋ | 3813/4395 [00:32<00:04, 121.47it/s]
 87%|████████▋ | 3829/4395 [00:32<00:04, 131.52it/s]
 87%|████████▋ | 3843/4395 [00:32<00:04, 130.70it/s]
 88%|████████▊ | 3857/4395 [00:32<00:04, 119.17it/s]
 88%|████████▊ | 3871/4395 [00:32<00:04, 122.79it/s]
 88%|████████▊ | 3884/4395 [00:32<00:04, 123.74it/s]
 89%|████████▊ | 3897/4395 [00:33<00:04, 115.65it/s]
 89%|████████▉ | 3911/4395 [00:33<00:04, 119.85it/s]
 89%|████████▉ | 3924/4395 [00:33<00:04, 115.60it/s]
 90%|████████▉ | 3940/4395 [00:33<00:03, 126.28it/s]
 90%|████████▉ | 3953/4395 [00:33<00:03, 126.26it/s]
 90%|█████████ | 3966/4395 [00:33<00:03, 124.46it/s]
 91%|█████████ | 3981/4395 [00:33<00:03, 128.53it/s]
 91%|█████████ | 3994/4395 [00:33<00:03, 118.13it/s]
 91%|█████████ | 4006/4395 [00:33<00:03, 116.69it/s]
 91%|█████████▏| 4019/4395 [00:33<00:03, 118.66it/s]
 92%|█████████▏| 4031/4395 [00:34<00:03, 115.94it/s]
 92%|█████████▏| 4043/4395 [00:34<00:03, 114.76it/s]
 92%|█████████▏| 4057/4395 [00:34<00:02, 120.73it/s]
 93%|█████████▎| 4070/4395 [00:34<00:02, 121.96it/s]
 93%|█████████▎| 4083/4395 [00:34<00:02, 118.37it/s]
 93%|█████████▎| 4095/4395 [00:34<00:02, 111.53it/s]
 93%|█████████▎| 4107/4395 [00:34<00:02, 111.79it/s]
 94%|█████████▎| 4120/4395 [00:34<00:02, 115.26it/s]
 94%|█████████▍| 4132/4395 [00:34<00:02, 115.49it/s]
 94%|█████████▍| 4144/4395 [00:35<00:02, 116.63it/s]
 95%|█████████▍| 4157/4395 [00:35<00:01, 119.14it/s]
 95%|█████████▍| 4169/4395 [00:35<00:02, 106.61it/s]
 95%|█████████▌| 4182/4395 [00:35<00:01, 108.86it/s]
 95%|█████████▌| 4194/4395 [00:35<00:01, 108.30it/s]
 96%|█████████▌| 4205/4395 [00:35<00:01, 108.74it/s]
 96%|█████████▌| 4218/4395 [00:35<00:01, 113.30it/s]
 96%|█████████▌| 4230/4395 [00:35<00:01, 114.92it/s]
 97%|█████████▋| 4244/4395 [00:35<00:01, 120.98it/s]
 97%|█████████▋| 4257/4395 [00:36<00:01, 122.19it/s]
 97%|█████████▋| 4270/4395 [00:36<00:01, 117.31it/s]
 97%|█████████▋| 4282/4395 [00:36<00:01, 111.75it/s]
 98%|█████████▊| 4297/4395 [00:36<00:00, 112.61it/s]
 98%|█████████▊| 4309/4395 [00:36<00:01, 72.66it/s] 
 98%|█████████▊| 4320/4395 [00:36<00:00, 79.43it/s]
 99%|█████████▊| 4334/4395 [00:36<00:00, 91.25it/s]
 99%|█████████▉| 4347/4395 [00:37<00:00, 97.43it/s]
 99%|█████████▉| 4361/4395 [00:37<00:00, 107.06it/s]
 99%|█████████▉| 4373/4395 [00:37<00:00, 103.41it/s]
100%|█████████▉| 4389/4395 [00:37<00:00, 116.32it/s]
100%|██████████| 4395/4395 [00:37<00:00, 117.35it/s]
/ibex/user/shoaibsa/miniconda3/envs/py312/lib/python3.12/site-packages/alignn/graphs.py:1176: UserWarning: Creating a tensor from a list of numpy.ndarrays is extremely slow. Please consider converting the list to a single numpy.ndarray with numpy.array() before converting to a tensor. (Triggered internally at /pytorch/torch/csrc/utils/tensor_new.cpp:253.)
  self.lattices = torch.tensor(self.lattices).type(

  0%|          | 0/4395 [00:00<?, ?it/s]
  1%|          | 40/4395 [00:00<00:11, 373.55it/s]
  8%|▊         | 372/4395 [00:00<00:01, 2057.55it/s]
 13%|█▎        | 583/4395 [00:00<00:02, 1667.70it/s]
 17%|█▋        | 760/4395 [00:00<00:02, 1512.53it/s]
 24%|██▍       | 1068/4395 [00:00<00:01, 1983.67it/s]
 32%|███▏      | 1386/4395 [00:00<00:01, 2341.83it/s]
 40%|███▉      | 1741/4395 [00:00<00:00, 2703.21it/s]
 47%|████▋     | 2072/4395 [00:00<00:00, 2884.84it/s]
 55%|█████▍    | 2400/4395 [00:00<00:00, 3003.23it/s]
 62%|██████▏   | 2745/4395 [00:01<00:00, 3135.29it/s]
 70%|███████   | 3093/4395 [00:01<00:00, 3238.24it/s]
 78%|███████▊  | 3425/4395 [00:01<00:00, 3260.66it/s]
 86%|████████▌ | 3758/4395 [00:01<00:00, 3279.55it/s]
 93%|█████████▎| 4095/4395 [00:01<00:00, 3304.27it/s]
100%|██████████| 4395/4395 [00:01<00:00, 2757.97it/s]

  0%|          | 0/549 [00:00<?, ?it/s]
  3%|▎         | 14/549 [00:00<00:03, 136.16it/s]
  5%|▌         | 28/549 [00:00<00:03, 133.24it/s]
  8%|▊         | 42/549 [00:00<00:03, 134.96it/s]
 10%|█         | 56/549 [00:00<00:04, 111.07it/s]
 13%|█▎        | 71/549 [00:00<00:03, 122.19it/s]
 15%|█▌        | 84/549 [00:00<00:03, 117.98it/s]
 18%|█▊        | 97/549 [00:00<00:03, 114.97it/s]
 20%|█▉        | 109/549 [00:00<00:03, 115.30it/s]
 22%|██▏       | 122/549 [00:01<00:03, 115.01it/s]
 24%|██▍       | 134/549 [00:01<00:03, 111.42it/s]
 27%|██▋       | 146/549 [00:01<00:03, 105.48it/s]
 29%|██▉       | 161/549 [00:01<00:03, 115.54it/s]
 32%|███▏      | 173/549 [00:01<00:03, 110.39it/s]
 34%|███▍      | 187/549 [00:01<00:03, 117.83it/s]
 36%|███▋      | 200/549 [00:01<00:02, 119.02it/s]
 39%|███▉      | 215/549 [00:01<00:02, 127.51it/s]
 42%|████▏     | 228/549 [00:02<00:04, 75.05it/s] 
 44%|████▎     | 239/549 [00:02<00:03, 78.69it/s]
 46%|████▌     | 252/549 [00:02<00:03, 88.87it/s]
 49%|████▊     | 267/549 [00:02<00:02, 102.75it/s]
 51%|█████     | 279/549 [00:02<00:02, 104.90it/s]
 53%|█████▎    | 292/549 [00:02<00:02, 109.42it/s]
 56%|█████▌    | 306/549 [00:02<00:02, 115.18it/s]
 58%|█████▊    | 319/549 [00:02<00:01, 118.69it/s]
 60%|██████    | 332/549 [00:03<00:02, 106.82it/s]
 63%|██████▎   | 344/549 [00:03<00:01, 102.87it/s]
 65%|██████▌   | 358/549 [00:03<00:01, 110.88it/s]
 67%|██████▋   | 370/549 [00:03<00:01, 110.94it/s]
 70%|██████▉   | 384/549 [00:03<00:01, 118.41it/s]
 72%|███████▏  | 397/549 [00:03<00:01, 120.97it/s]
 75%|███████▍  | 410/549 [00:03<00:01, 118.36it/s]
 77%|███████▋  | 424/549 [00:03<00:01, 123.88it/s]
 80%|███████▉  | 437/549 [00:03<00:00, 114.08it/s]
 82%|████████▏ | 452/549 [00:04<00:00, 122.76it/s]
 85%|████████▍ | 465/549 [00:04<00:00, 120.16it/s]
 87%|████████▋ | 478/549 [00:04<00:00, 120.19it/s]
 89%|████████▉ | 491/549 [00:04<00:00, 118.66it/s]
 92%|█████████▏| 505/549 [00:04<00:00, 124.35it/s]
 94%|█████████▍| 518/549 [00:04<00:00, 123.40it/s]
 97%|█████████▋| 534/549 [00:04<00:00, 130.19it/s]
100%|█████████▉| 548/549 [00:04<00:00, 114.31it/s]
100%|██████████| 549/549 [00:04<00:00, 112.60it/s]

  0%|          | 0/549 [00:00<?, ?it/s]
 60%|██████    | 330/549 [00:00<00:00, 3293.90it/s]
100%|██████████| 549/549 [00:00<00:00, 3317.61it/s]

  0%|          | 0/549 [00:00<?, ?it/s]
  2%|▏         | 10/549 [00:00<00:05, 99.45it/s]
  4%|▍         | 24/549 [00:00<00:04, 118.91it/s]
  7%|▋         | 39/549 [00:00<00:03, 130.08it/s]
  9%|▉         | 52/549 [00:00<00:04, 111.50it/s]
 12%|█▏        | 67/549 [00:00<00:03, 123.43it/s]
 15%|█▍        | 81/549 [00:00<00:03, 126.77it/s]
 17%|█▋        | 94/549 [00:00<00:03, 122.57it/s]
 19%|█▉        | 107/549 [00:00<00:04, 97.59it/s]
 21%|██▏       | 118/549 [00:01<00:06, 62.38it/s]
 24%|██▎       | 130/549 [00:01<00:05, 71.81it/s]
 26%|██▋       | 145/549 [00:01<00:04, 86.68it/s]
 28%|██▊       | 156/549 [00:01<00:04, 90.78it/s]
 31%|███       | 169/549 [00:01<00:03, 98.80it/s]
 33%|███▎      | 182/549 [00:01<00:03, 105.50it/s]
 36%|███▌      | 196/549 [00:01<00:03, 113.31it/s]
 38%|███▊      | 211/549 [00:02<00:02, 120.70it/s]
 41%|████      | 226/549 [00:02<00:02, 125.98it/s]
 44%|████▎     | 240/549 [00:02<00:02, 115.48it/s]
 46%|████▌     | 253/549 [00:02<00:02, 118.50it/s]
 49%|████▊     | 267/549 [00:02<00:02, 123.37it/s]
 51%|█████     | 280/549 [00:02<00:02, 123.21it/s]
 54%|█████▎    | 294/549 [00:02<00:02, 115.18it/s]
 56%|█████▌    | 306/549 [00:02<00:02, 107.08it/s]
 58%|█████▊    | 319/549 [00:02<00:02, 112.63it/s]
 61%|██████    | 333/549 [00:03<00:01, 118.64it/s]
 63%|██████▎   | 346/549 [00:03<00:01, 121.66it/s]
 65%|██████▌   | 359/549 [00:03<00:01, 102.47it/s]
 68%|██████▊   | 372/549 [00:03<00:01, 108.64it/s]
 70%|██████▉   | 384/549 [00:03<00:01, 111.33it/s]
 72%|███████▏  | 396/549 [00:03<00:01, 111.67it/s]
 74%|███████▍  | 409/549 [00:03<00:01, 114.98it/s]
 77%|███████▋  | 421/549 [00:03<00:01, 114.89it/s]
 79%|███████▉  | 433/549 [00:03<00:00, 116.03it/s]
 81%|████████  | 446/549 [00:04<00:00, 118.35it/s]
 84%|████████▍ | 461/549 [00:04<00:00, 126.57it/s]
 87%|████████▋ | 475/549 [00:04<00:00, 130.40it/s]
 89%|████████▉ | 489/549 [00:04<00:00, 129.23it/s]
 92%|█████████▏| 503/549 [00:04<00:00, 129.51it/s]
 94%|█████████▍| 516/549 [00:04<00:00, 117.54it/s]
 96%|█████████▌| 528/549 [00:04<00:00, 115.23it/s]
 99%|█████████▊| 541/549 [00:04<00:00, 118.87it/s]
100%|██████████| 549/549 [00:04<00:00, 111.02it/s]

  0%|          | 0/549 [00:00<?, ?it/s]
 58%|█████▊    | 316/549 [00:00<00:00, 3152.25it/s]
100%|██████████| 549/549 [00:00<00:00, 3247.21it/s]
/ibex/user/shoaibsa/Intrinsic_Dimensionality_ML_Materials/ALIGNN/ALIGNN_MP/alignn/train.py:503: UserWarning: Detected call of `lr_scheduler.step()` before `optimizer.step()`. In PyTorch 1.1.0 and later, you should call them in the opposite order: `optimizer.step()` before `lr_scheduler.step()`.  Failure to do this will result in PyTorch skipping the first value of the learning rate schedule. See more details at https://pytorch.org/docs/stable/optim.html#how-to-adjust-learning-rate
  scheduler.step()
