world_size 1
root_dir partitions/kvrh_half_2
[Seed] random_seed=123, split_seed=123
len dataset 5494
train_stress False
starting from this file
[Subspace][Fastfood] D=85,953, d=55,869, padded n=131,072.
  Fastfood diagonals + permutation: ~2.50 MB (vs. dense P would need ~17.89 GB).
  Compute per forward: O(n log n) ~ 2,228,224 ops.
[Subspace] D=85,953, d=55,869
================================================================
[MEM REPORT] Wrapped model (runtime footprint)
Trainable params : 55,869
All params       : 141,822  (553.99 KB)
Buffers          : 610,481  (2.83 MB)
Optimizer(AdamW) ~ 436.48 KB
----------------------------------------------------------------
Estimated total (params + buffers + opt): 3.80 MB
----------------------------------------------------------------
CUDA live: allocated=3.38 MB, reserved=26.00 MB, device=cuda:0
================================================================
Not using LMDB dataset, memory footprint maybe high.
WARNING: not using LMDB might result errors.
MAX val: 2.741151598851785
MIN val: 0.0
MAD: 0.28806799259280486
Baseline MAE: 0.2966971066171897
data range 2.7101173651118162 0.0
Converting to graphs!
df         target  ...            jid
0     2.255273  ...  mb-kvrh-04276
1     1.690196  ...  mb-kvrh-08987
2     1.740363  ...  mb-kvrh-07594
3     1.462398  ...  mb-kvrh-08721
4     1.380211  ...  mb-kvrh-01524
...        ...  ...            ...
4390  2.075547  ...  mb-kvrh-09123
4391  1.819544  ...  mb-kvrh-02656
4392  1.662758  ...  mb-kvrh-06638
4393  1.623249  ...  mb-kvrh-07407
4394  1.342423  ...  mb-kvrh-05113

[4395 rows x 3 columns]
warning: could not load CGCNN features for 103
Setting it to max atomic number available here, 103
warning: could not load CGCNN features for 101
Setting it to max atomic number available here, 103
warning: could not load CGCNN features for 102
Setting it to max atomic number available here, 103
building line graphs
data range 2.741151598851785 0.6989700043360189
Converting to graphs!
df        target                                              atoms            jid
0    2.264818  {'lattice_mat': [[4.80623256, 0.0, 0.0], [-2.4...  mb-kvrh-05443
1    1.995635  {'lattice_mat': [[1.072e-05, 3.42042968, 3.420...  mb-kvrh-10134
2    1.431364  {'lattice_mat': [[4.95719558, 0.0, 0.0], [-2.4...  mb-kvrh-04665
3    2.271842  {'lattice_mat': [[2.94276033, 0.0, -0.72883662...  mb-kvrh-02902
4    1.934498  {'lattice_mat': [[4.05117656, 0.0, 0.0], [-2.0...  mb-kvrh-03318
..        ...                                                ...            ...
544  1.785330  {'lattice_mat': [[4.07505195, -0.0, -0.0], [0....  mb-kvrh-06714
545  2.292256  {'lattice_mat': [[3.47795553, 0.0, 2.00799856]...  mb-kvrh-07518
546  2.017033  {'lattice_mat': [[1.50052105, 0.86632571, 4.83...  mb-kvrh-03028
547  1.707570  {'lattice_mat': [[1.19690806, 3.52222994, 0.0]...  mb-kvrh-09088
548  2.447158  {'lattice_mat': [[4.29464324, 0.0, 0.0], [0.0,...  mb-kvrh-08562

[549 rows x 3 columns]
building line graphs
data range 2.569373909615046 0.0
Converting to graphs!
df        target                                              atoms            jid
0    1.653213  {'lattice_mat': [[3.95316622, 0.0, 0.0], [0.0,...  mb-kvrh-05039
1    1.000000  {'lattice_mat': [[4.48213375, 0.0, 0.0], [0.0,...  mb-kvrh-10547
2    2.123852  {'lattice_mat': [[-2.78e-06, 3.05223821, 3.052...  mb-kvrh-07201
3    2.045323  {'lattice_mat': [[5.00537049, 0.1977969, -0.85...  mb-kvrh-01178
4    2.120574  {'lattice_mat': [[4.12030109, 0.0, 0.0], [0.0,...  mb-kvrh-02432
..        ...                                                ...            ...
544  2.096910  {'lattice_mat': [[7.6711806, 0.0, 0.0], [-3.83...  mb-kvrh-04026
545  2.382017  {'lattice_mat': [[3.92472536, 0.0, 0.0], [0.0,...  mb-kvrh-05710
546  1.770852  {'lattice_mat': [[6.81817034, -0.01322801, -0....  mb-kvrh-00703
547  2.041393  {'lattice_mat': [[4.70064489, -0.17447171, 0.0...  mb-kvrh-01619
548  2.235528  {'lattice_mat': [[3.54683733, 0.0, 0.0], [0.0,...  mb-kvrh-03704

[549 rows x 3 columns]
building line graphs
n_train: 4395
n_val  : 549
n_test : 549
rank 0
world_size 1
config: {'version': '9c9ee23de543322c97e5d622a81e929e4dbfc141', 'dataset': 'user_data', 'target': 'target', 'atom_features': 'cgcnn', 'neighbor_strategy': 'k-nearest', 'id_tag': 'jid', 'dtype': 'float32', 'random_seed': 123, 'classification_threshold': None, 'n_val': None, 'n_test': None, 'n_train': None, 'train_ratio': 0.8, 'val_ratio': 0.1, 'test_ratio': 0.1, 'target_multiplication_factor': None, 'epochs': 120, 'batch_size': 64, 'gpu_memory_fraction': None, 'use_amp': False, 'ddp_find_unused_parameters': False, 'deterministic': False, 'weight_decay': 0.0, 'learning_rate': 0.001, 'filename': 'sample', 'warmup_steps': 2000, 'criterion': 'mse', 'optimizer': 'adamw', 'scheduler': 'onecycle', 'pin_memory': True, 'save_dataloader': False, 'write_checkpoint': True, 'write_predictions': True, 'store_outputs': True, 'progress': True, 'log_tensorboard': False, 'standard_scalar_and_pca': False, 'use_canonize': True, 'compute_line_graph': True, 'num_workers': 2, 'cutoff': 8.0, 'cutoff_extra': 3.0, 'three_body_cutoff': 3.5, 'max_neighbors': 12, 'keep_data_order': False, 'normalize_graph_level_loss': False, 'distributed': True, 'data_parallel': False, 'n_early_stopping': None, 'output_dir': '../results_alignn_log_kvrh_partitions_fastfood/kvrh_half_2/alignn_log_kvrh_fastfood_kvrh_half_2_dim65_seed123_epochs120', 'use_lmdb': False, 'read_existing': False, 'model': {'name': 'alignn_atomwise', 'alignn_layers': 1, 'gcn_layers': 1, 'atom_input_features': 92, 'edge_input_features': 80, 'triplet_input_features': 40, 'embedding_features': 64, 'hidden_features': 64, 'output_features': 1, 'grad_multiplier': -1, 'calculate_gradient': False, 'atomwise_output_features': 0, 'graphwise_weight': 1.0, 'gradwise_weight': 0.0, 'stresswise_weight': 0.0, 'atomwise_weight': 0.0, 'link': 'identity', 'zero_inflated': False, 'classification': False, 'force_mult_natoms': False, 'energy_mult_natoms': True, 'include_pos_deriv': False, 'use_cutoff_function': False, 'inner_cutoff': 3.0, 'stress_multiplier': 1.0, 'add_reverse_forces': True, 'lg_on_fly': True, 'batch_stress': True, 'multiply_cutoff': False, 'use_penalty': True, 'extra_features': 0, 'exponent': 5, 'penalty_factor': 0.1, 'penalty_threshold': 1.0, 'additional_output_features': 0, 'additional_output_weight': 0.0}}
{'atom_features': 'cgcnn',
 'batch_size': 64,
 'classification_threshold': None,
 'compute_line_graph': True,
 'criterion': 'mse',
 'cutoff': 8.0,
 'cutoff_extra': 3.0,
 'data_parallel': False,
 'dataset': 'user_data',
 'ddp_find_unused_parameters': False,
 'deterministic': False,
 'distributed': True,
 'dtype': 'float32',
 'epochs': 120,
 'filename': 'sample',
 'gpu_memory_fraction': None,
 'id_tag': 'jid',
 'keep_data_order': False,
 'learning_rate': 0.001,
 'log_tensorboard': False,
 'max_neighbors': 12,
 'model': {'add_reverse_forces': True,
           'additional_output_features': 0,
           'additional_output_weight': 0.0,
           'alignn_layers': 1,
           'atom_input_features': 92,
           'atomwise_output_features': 0,
           'atomwise_weight': 0.0,
           'batch_stress': True,
           'calculate_gradient': False,
           'classification': False,
           'edge_input_features': 80,
           'embedding_features': 64,
           'energy_mult_natoms': True,
           'exponent': 5,
           'extra_features': 0,
           'force_mult_natoms': False,
           'gcn_layers': 1,
           'grad_multiplier': -1,
           'gradwise_weight': 0.0,
           'graphwise_weight': 1.0,
           'hidden_features': 64,
           'include_pos_deriv': False,
           'inner_cutoff': 3.0,
           'lg_on_fly': True,
           'link': 'identity',
           'multiply_cutoff': False,
           'name': 'alignn_atomwise',
           'output_features': 1,
           'penalty_factor': 0.1,
           'penalty_threshold': 1.0,
           'stress_multiplier': 1.0,
           'stresswise_weight': 0.0,
           'triplet_input_features': 40,
           'use_cutoff_function': False,
           'use_penalty': True,
           'zero_inflated': False},
 'n_early_stopping': None,
 'n_test': None,
 'n_train': None,
 'n_val': None,
 'neighbor_strategy': 'k-nearest',
 'normalize_graph_level_loss': False,
 'num_workers': 2,
 'optimizer': 'adamw',
 'output_dir': '../results_alignn_log_kvrh_partitions_fastfood/kvrh_half_2/alignn_log_kvrh_fastfood_kvrh_half_2_dim65_seed123_epochs120',
 'pin_memory': True,
 'progress': True,
 'random_seed': 123,
 'read_existing': False,
 'save_dataloader': False,
 'scheduler': 'onecycle',
 'standard_scalar_and_pca': False,
 'store_outputs': True,
 'target': 'target',
 'target_multiplication_factor': None,
 'test_ratio': 0.1,
 'three_body_cutoff': 3.5,
 'train_ratio': 0.8,
 'use_amp': False,
 'use_canonize': True,
 'use_lmdb': False,
 'val_ratio': 0.1,
 'version': '9c9ee23de543322c97e5d622a81e929e4dbfc141',
 'warmup_steps': 2000,
 'weight_decay': 0.0,
 'write_checkpoint': True,
 'write_predictions': True}
[Seed] deterministic_mode=False

    _    _     ___ ____ _   _ _   _
   / \  | |   |_ _/ ___| \ | | \ | |
  / _ \ | |    | | |  _|  \| |  \| |
 / ___ \| |___ | | |_| | |\  | |\  |
/_/   \_\_____|___\____|_| \_|_| \_|

Model parameters 141822
CUDA available True
CUDA device count 1
   GPU: NVIDIA A100-SXM4-80GB. Max memory: 79.252 GB. Platform = Linux.
   Pytorch: 2.11.0+cu128. CUDA = 8.0. CUDA Toolkit = 12.8.

Train Loss:  Epoch    Total      Graph      Atom       Grad       Stress     Addn.      Time      
             0        17.8073    17.8073    0.0000     0.0000     0.0000     0.0000     4.29      
Val Loss:    Epoch    Total      Graph      Atom       Grad       Stress     Addn.      Time      
             0        1.0882     1.0882     0.0000     0.0000     0.0000     0.0000     0.39       Saving model
Train Loss:  Epoch    Total      Graph      Atom       Grad       Stress     Addn.      Time      
             1        10.8014    10.8014    0.0000     0.0000     0.0000     0.0000     4.04      
Val Loss:    Epoch    Total      Graph      Atom       Grad       Stress     Addn.      Time      
             1        1.0695     1.0695     0.0000     0.0000     0.0000     0.0000     0.40       Saving model
Train Loss:  Epoch    Total      Graph      Atom       Grad       Stress     Addn.      Time      
             2        9.3541     9.3541     0.0000     0.0000     0.0000     0.0000     4.81      
Val Loss:    Epoch    Total      Graph      Atom       Grad       Stress     Addn.      Time      
             2        0.9575     0.9575     0.0000     0.0000     0.0000     0.0000     0.38       Saving model
Train Loss:  Epoch    Total      Graph      Atom       Grad       Stress     Addn.      Time      
             3        8.8690     8.8690     0.0000     0.0000     0.0000     0.0000     4.36      
Val Loss:    Epoch    Total      Graph      Atom       Grad       Stress     Addn.      Time      
             3        1.1665     1.1665     0.0000     0.0000     0.0000     0.0000     0.39       Saving model
Train Loss:  Epoch    Total      Graph      Atom       Grad       Stress     Addn.      Time      
             4        8.4566     8.4566     0.0000     0.0000     0.0000     0.0000     4.38      
Val Loss:    Epoch    Total      Graph      Atom       Grad       Stress     Addn.      Time      
             4        0.8563     0.8563     0.0000     0.0000     0.0000     0.0000     0.38       Saving model
Train Loss:  Epoch    Total      Graph      Atom       Grad       Stress     Addn.      Time      
             5        8.2331     8.2331     0.0000     0.0000     0.0000     0.0000     4.28      
Val Loss:    Epoch    Total      Graph      Atom       Grad       Stress     Addn.      Time      
             5        0.9026     0.9026     0.0000     0.0000     0.0000     0.0000     0.38       Saving model
Train Loss:  Epoch    Total      Graph      Atom       Grad       Stress     Addn.      Time      
             6        7.7796     7.7796     0.0000     0.0000     0.0000     0.0000     4.00      
Val Loss:    Epoch    Total      Graph      Atom       Grad       Stress     Addn.      Time      
             6        0.9518     0.9518     0.0000     0.0000     0.0000     0.0000     0.39       Saving model
Train Loss:  Epoch    Total      Graph      Atom       Grad       Stress     Addn.      Time      
             7        7.5245     7.5245     0.0000     0.0000     0.0000     0.0000     4.32      
Val Loss:    Epoch    Total      Graph      Atom       Grad       Stress     Addn.      Time      
             7        0.9538     0.9538     0.0000     0.0000     0.0000     0.0000     0.40       Saving model
Train Loss:  Epoch    Total      Graph      Atom       Grad       Stress     Addn.      Time      
             8        8.1795     8.1795     0.0000     0.0000     0.0000     0.0000     4.85      
Val Loss:    Epoch    Total      Graph      Atom       Grad       Stress     Addn.      Time      
             8        0.8828     0.8828     0.0000     0.0000     0.0000     0.0000     0.38       Saving model
Train Loss:  Epoch    Total      Graph      Atom       Grad       Stress     Addn.      Time      
             9        7.4046     7.4046     0.0000     0.0000     0.0000     0.0000     4.04      
Val Loss:    Epoch    Total      Graph      Atom       Grad       Stress     Addn.      Time      
             9        0.9388     0.9388     0.0000     0.0000     0.0000     0.0000     0.40       Saving model
Train Loss:  Epoch    Total      Graph      Atom       Grad       Stress     Addn.      Time      
             10       8.1121     8.1121     0.0000     0.0000     0.0000     0.0000     4.06      
Val Loss:    Epoch    Total      Graph      Atom       Grad       Stress     Addn.      Time      
             10       0.8947     0.8947     0.0000     0.0000     0.0000     0.0000     0.78       Saving model
Train Loss:  Epoch    Total      Graph      Atom       Grad       Stress     Addn.      Time      
             11       7.3037     7.3037     0.0000     0.0000     0.0000     0.0000     4.36      
Val Loss:    Epoch    Total      Graph      Atom       Grad       Stress     Addn.      Time      
             11       0.8167     0.8167     0.0000     0.0000     0.0000     0.0000     0.40       Saving model
Train Loss:  Epoch    Total      Graph      Atom       Grad       Stress     Addn.      Time      
             12       7.1379     7.1379     0.0000     0.0000     0.0000     0.0000     4.22      
Val Loss:    Epoch    Total      Graph      Atom       Grad       Stress     Addn.      Time      
             12       0.7485     0.7485     0.0000     0.0000     0.0000     0.0000     0.39       Saving model
Train Loss:  Epoch    Total      Graph      Atom       Grad       Stress     Addn.      Time      
             13       6.8162     6.8162     0.0000     0.0000     0.0000     0.0000     4.03      
Val Loss:    Epoch    Total      Graph      Atom       Grad       Stress     Addn.      Time      
             13       0.8236     0.8236     0.0000     0.0000     0.0000     0.0000     0.39       Saving model
Train Loss:  Epoch    Total      Graph      Atom       Grad       Stress     Addn.      Time      
             14       6.9936     6.9936     0.0000     0.0000     0.0000     0.0000     6.25      
Val Loss:    Epoch    Total      Graph      Atom       Grad       Stress     Addn.      Time      
             14       1.0618     1.0618     0.0000     0.0000     0.0000     0.0000     0.39       Saving model
Train Loss:  Epoch    Total      Graph      Atom       Grad       Stress     Addn.      Time      
             15       7.5380     7.5380     0.0000     0.0000     0.0000     0.0000     4.44      
Val Loss:    Epoch    Total      Graph      Atom       Grad       Stress     Addn.      Time      
             15       0.7309     0.7309     0.0000     0.0000     0.0000     0.0000     0.38       Saving model
Train Loss:  Epoch    Total      Graph      Atom       Grad       Stress     Addn.      Time      
             16       6.5768     6.5768     0.0000     0.0000     0.0000     0.0000     4.45      
Val Loss:    Epoch    Total      Graph      Atom       Grad       Stress     Addn.      Time      
             16       0.8275     0.8275     0.0000     0.0000     0.0000     0.0000     0.38       Saving model
Train Loss:  Epoch    Total      Graph      Atom       Grad       Stress     Addn.      Time      
             17       6.9213     6.9213     0.0000     0.0000     0.0000     0.0000     4.12      
Val Loss:    Epoch    Total      Graph      Atom       Grad       Stress     Addn.      Time      
             17       0.7494     0.7494     0.0000     0.0000     0.0000     0.0000     0.39       Saving model
Train Loss:  Epoch    Total      Graph      Atom       Grad       Stress     Addn.      Time      
             18       6.5799     6.5799     0.0000     0.0000     0.0000     0.0000     4.27      
Val Loss:    Epoch    Total      Graph      Atom       Grad       Stress     Addn.      Time      
             18       0.6712     0.6712     0.0000     0.0000     0.0000     0.0000     0.38       Saving model
Train Loss:  Epoch    Total      Graph      Atom       Grad       Stress     Addn.      Time      
             19       6.1823     6.1823     0.0000     0.0000     0.0000     0.0000     4.39      
Val Loss:    Epoch    Total      Graph      Atom       Grad       Stress     Addn.      Time      
             19       1.0826     1.0826     0.0000     0.0000     0.0000     0.0000     0.39       Saving model
Train Loss:  Epoch    Total      Graph      Atom       Grad       Stress     Addn.      Time      
             20       6.1390     6.1390     0.0000     0.0000     0.0000     0.0000     4.53      
Val Loss:    Epoch    Total      Graph      Atom       Grad       Stress     Addn.      Time      
             20       0.7638     0.7638     0.0000     0.0000     0.0000     0.0000     0.77       Saving model
Train Loss:  Epoch    Total      Graph      Atom       Grad       Stress     Addn.      Time      
             21       6.3373     6.3373     0.0000     0.0000     0.0000     0.0000     4.09      
Val Loss:    Epoch    Total      Graph      Atom       Grad       Stress     Addn.      Time      
             21       0.8924     0.8924     0.0000     0.0000     0.0000     0.0000     0.38       Saving model
Train Loss:  Epoch    Total      Graph      Atom       Grad       Stress     Addn.      Time      
             22       6.2412     6.2412     0.0000     0.0000     0.0000     0.0000     4.12      
Val Loss:    Epoch    Total      Graph      Atom       Grad       Stress     Addn.      Time      
             22       0.7200     0.7200     0.0000     0.0000     0.0000     0.0000     0.38       Saving model
Train Loss:  Epoch    Total      Graph      Atom       Grad       Stress     Addn.      Time      
             23       5.9717     5.9717     0.0000     0.0000     0.0000     0.0000     4.72      
Val Loss:    Epoch    Total      Graph      Atom       Grad       Stress     Addn.      Time      
             23       0.6983     0.6983     0.0000     0.0000     0.0000     0.0000     0.38       Saving model
Train Loss:  Epoch    Total      Graph      Atom       Grad       Stress     Addn.      Time      
             24       5.6044     5.6044     0.0000     0.0000     0.0000     0.0000     4.25      
Val Loss:    Epoch    Total      Graph      Atom       Grad       Stress     Addn.      Time      
             24       0.8088     0.8088     0.0000     0.0000     0.0000     0.0000     0.41       Saving model
Train Loss:  Epoch    Total      Graph      Atom       Grad       Stress     Addn.      Time      
             25       5.7375     5.7375     0.0000     0.0000     0.0000     0.0000     4.13      
Val Loss:    Epoch    Total      Graph      Atom       Grad       Stress     Addn.      Time      
             25       0.7985     0.7985     0.0000     0.0000     0.0000     0.0000     0.38       Saving model
Train Loss:  Epoch    Total      Graph      Atom       Grad       Stress     Addn.      Time      
             26       5.9665     5.9665     0.0000     0.0000     0.0000     0.0000     4.12      
Val Loss:    Epoch    Total      Graph      Atom       Grad       Stress     Addn.      Time      
             26       0.7580     0.7580     0.0000     0.0000     0.0000     0.0000     0.39       Saving model
Train Loss:  Epoch    Total      Graph      Atom       Grad       Stress     Addn.      Time      
             27       5.7050     5.7050     0.0000     0.0000     0.0000     0.0000     5.20      
Val Loss:    Epoch    Total      Graph      Atom       Grad       Stress     Addn.      Time      
             27       0.7043     0.7043     0.0000     0.0000     0.0000     0.0000     0.38       Saving model
Train Loss:  Epoch    Total      Graph      Atom       Grad       Stress     Addn.      Time      
             28       6.1046     6.1046     0.0000     0.0000     0.0000     0.0000     4.14      
Val Loss:    Epoch    Total      Graph      Atom       Grad       Stress     Addn.      Time      
             28       0.7884     0.7884     0.0000     0.0000     0.0000     0.0000     0.40       Saving model
Train Loss:  Epoch    Total      Graph      Atom       Grad       Stress     Addn.      Time      
             29       5.7244     5.7244     0.0000     0.0000     0.0000     0.0000     4.51      
Val Loss:    Epoch    Total      Graph      Atom       Grad       Stress     Addn.      Time      
             29       0.6592     0.6592     0.0000     0.0000     0.0000     0.0000     0.38       Saving model
Train Loss:  Epoch    Total      Graph      Atom       Grad       Stress     Addn.      Time      
             30       5.5303     5.5303     0.0000     0.0000     0.0000     0.0000     4.37      
Val Loss:    Epoch    Total      Graph      Atom       Grad       Stress     Addn.      Time      
             30       0.6349     0.6349     0.0000     0.0000     0.0000     0.0000     0.37       Saving model
Train Loss:  Epoch    Total      Graph      Atom       Grad       Stress     Addn.      Time      
             31       5.5612     5.5612     0.0000     0.0000     0.0000     0.0000     4.15      
Val Loss:    Epoch    Total      Graph      Atom       Grad       Stress     Addn.      Time      
             31       0.6875     0.6875     0.0000     0.0000     0.0000     0.0000     0.68       Saving model
Train Loss:  Epoch    Total      Graph      Atom       Grad       Stress     Addn.      Time      
             32       5.4494     5.4494     0.0000     0.0000     0.0000     0.0000     4.12      
Val Loss:    Epoch    Total      Graph      Atom       Grad       Stress     Addn.      Time      
             32       0.7586     0.7586     0.0000     0.0000     0.0000     0.0000     0.39       Saving model
Train Loss:  Epoch    Total      Graph      Atom       Grad       Stress     Addn.      Time      
             33       5.5247     5.5247     0.0000     0.0000     0.0000     0.0000     4.93      
Val Loss:    Epoch    Total      Graph      Atom       Grad       Stress     Addn.      Time      
             33       0.6514     0.6514     0.0000     0.0000     0.0000     0.0000     0.38       Saving model
Train Loss:  Epoch    Total      Graph      Atom       Grad       Stress     Addn.      Time      
             34       5.3317     5.3317     0.0000     0.0000     0.0000     0.0000     4.10      
Val Loss:    Epoch    Total      Graph      Atom       Grad       Stress     Addn.      Time      
             34       0.7111     0.7111     0.0000     0.0000     0.0000     0.0000     0.39       Saving model
Train Loss:  Epoch    Total      Graph      Atom       Grad       Stress     Addn.      Time      
             35       5.7984     5.7984     0.0000     0.0000     0.0000     0.0000     4.80      
Val Loss:    Epoch    Total      Graph      Atom       Grad       Stress     Addn.      Time      
             35       0.7554     0.7554     0.0000     0.0000     0.0000     0.0000     0.39       Saving model
Train Loss:  Epoch    Total      Graph      Atom       Grad       Stress     Addn.      Time      
             36       5.4772     5.4772     0.0000     0.0000     0.0000     0.0000     4.35      
Val Loss:    Epoch    Total      Graph      Atom       Grad       Stress     Addn.      Time      
             36       0.6779     0.6779     0.0000     0.0000     0.0000     0.0000     0.37       Saving model
Train Loss:  Epoch    Total      Graph      Atom       Grad       Stress     Addn.      Time      
             37       5.4165     5.4165     0.0000     0.0000     0.0000     0.0000     4.13      
Val Loss:    Epoch    Total      Graph      Atom       Grad       Stress     Addn.      Time      
             37       0.7689     0.7689     0.0000     0.0000     0.0000     0.0000     0.38       Saving model
Train Loss:  Epoch    Total      Graph      Atom       Grad       Stress     Addn.      Time      
             38       4.9753     4.9753     0.0000     0.0000     0.0000     0.0000     4.11      
Val Loss:    Epoch    Total      Graph      Atom       Grad       Stress     Addn.      Time      
             38       0.6702     0.6702     0.0000     0.0000     0.0000     0.0000     0.39       Saving model
Train Loss:  Epoch    Total      Graph      Atom       Grad       Stress     Addn.      Time      
             39       5.1612     5.1612     0.0000     0.0000     0.0000     0.0000     5.24      
Val Loss:    Epoch    Total      Graph      Atom       Grad       Stress     Addn.      Time      
             39       0.6779     0.6779     0.0000     0.0000     0.0000     0.0000     0.38       Saving model
Train Loss:  Epoch    Total      Graph      Atom       Grad       Stress     Addn.      Time      
             40       5.1111     5.1111     0.0000     0.0000     0.0000     0.0000     4.11      
Val Loss:    Epoch    Total      Graph      Atom       Grad       Stress     Addn.      Time      
             40       0.6598     0.6598     0.0000     0.0000     0.0000     0.0000     0.39       Saving model
Train Loss:  Epoch    Total      Graph      Atom       Grad       Stress     Addn.      Time      
             41       5.1291     5.1291     0.0000     0.0000     0.0000     0.0000     4.48      
Val Loss:    Epoch    Total      Graph      Atom       Grad       Stress     Addn.      Time      
             41       0.6743     0.6743     0.0000     0.0000     0.0000     0.0000     0.38       Saving model
Train Loss:  Epoch    Total      Graph      Atom       Grad       Stress     Addn.      Time      
             42       5.2542     5.2542     0.0000     0.0000     0.0000     0.0000     4.12      
Val Loss:    Epoch    Total      Graph      Atom       Grad       Stress     Addn.      Time      
             42       0.7334     0.7334     0.0000     0.0000     0.0000     0.0000     0.38       Saving model
Train Loss:  Epoch    Total      Graph      Atom       Grad       Stress     Addn.      Time      
             43       5.5874     5.5874     0.0000     0.0000     0.0000     0.0000     4.58      
Val Loss:    Epoch    Total      Graph      Atom       Grad       Stress     Addn.      Time      
             43       0.6425     0.6425     0.0000     0.0000     0.0000     0.0000     0.38       Saving model
Train Loss:  Epoch    Total      Graph      Atom       Grad       Stress     Addn.      Time      
             44       5.6505     5.6505     0.0000     0.0000     0.0000     0.0000     4.09      
Val Loss:    Epoch    Total      Graph      Atom       Grad       Stress     Addn.      Time      
             44       0.6724     0.6724     0.0000     0.0000     0.0000     0.0000     0.39       Saving model
Train Loss:  Epoch    Total      Graph      Atom       Grad       Stress     Addn.      Time      
             45       5.2249     5.2249     0.0000     0.0000     0.0000     0.0000     4.55      
Val Loss:    Epoch    Total      Graph      Atom       Grad       Stress     Addn.      Time      
             45       0.7689     0.7689     0.0000     0.0000     0.0000     0.0000     0.76       Saving model
Train Loss:  Epoch    Total      Graph      Atom       Grad       Stress     Addn.      Time      
             46       4.9958     4.9958     0.0000     0.0000     0.0000     0.0000     4.11      
Val Loss:    Epoch    Total      Graph      Atom       Grad       Stress     Addn.      Time      
             46       0.7833     0.7833     0.0000     0.0000     0.0000     0.0000     0.38       Saving model
Train Loss:  Epoch    Total      Graph      Atom       Grad       Stress     Addn.      Time      
             47       4.9127     4.9127     0.0000     0.0000     0.0000     0.0000     4.49      
Val Loss:    Epoch    Total      Graph      Atom       Grad       Stress     Addn.      Time      
             47       0.6566     0.6566     0.0000     0.0000     0.0000     0.0000     0.40       Saving model
Train Loss:  Epoch    Total      Graph      Atom       Grad       Stress     Addn.      Time      
             48       5.4195     5.4195     0.0000     0.0000     0.0000     0.0000     4.48      
Val Loss:    Epoch    Total      Graph      Atom       Grad       Stress     Addn.      Time      
             48       0.6616     0.6616     0.0000     0.0000     0.0000     0.0000     0.39       Saving model
Train Loss:  Epoch    Total      Graph      Atom       Grad       Stress     Addn.      Time      
             49       4.8494     4.8494     0.0000     0.0000     0.0000     0.0000     4.29      
Val Loss:    Epoch    Total      Graph      Atom       Grad       Stress     Addn.      Time      
             49       0.6297     0.6297     0.0000     0.0000     0.0000     0.0000     0.38       Saving model
Train Loss:  Epoch    Total      Graph      Atom       Grad       Stress     Addn.      Time      
             50       4.9114     4.9114     0.0000     0.0000     0.0000     0.0000     4.41      
Val Loss:    Epoch    Total      Graph      Atom       Grad       Stress     Addn.      Time      
             50       0.8371     0.8371     0.0000     0.0000     0.0000     0.0000     0.38       Saving model
Train Loss:  Epoch    Total      Graph      Atom       Grad       Stress     Addn.      Time      
             51       4.9359     4.9359     0.0000     0.0000     0.0000     0.0000     4.21      
Val Loss:    Epoch    Total      Graph      Atom       Grad       Stress     Addn.      Time      
             51       0.6373     0.6373     0.0000     0.0000     0.0000     0.0000     0.74       Saving model
Train Loss:  Epoch    Total      Graph      Atom       Grad       Stress     Addn.      Time      
             52       4.9211     4.9211     0.0000     0.0000     0.0000     0.0000     4.49      
Val Loss:    Epoch    Total      Graph      Atom       Grad       Stress     Addn.      Time      
             52       0.6695     0.6695     0.0000     0.0000     0.0000     0.0000     0.39       Saving model
Train Loss:  Epoch    Total      Graph      Atom       Grad       Stress     Addn.      Time      
             53       4.8171     4.8171     0.0000     0.0000     0.0000     0.0000     4.14      
Val Loss:    Epoch    Total      Graph      Atom       Grad       Stress     Addn.      Time      
             53       0.6572     0.6572     0.0000     0.0000     0.0000     0.0000     0.38       Saving model
Train Loss:  Epoch    Total      Graph      Atom       Grad       Stress     Addn.      Time      
             54       5.1197     5.1197     0.0000     0.0000     0.0000     0.0000     4.79      
Val Loss:    Epoch    Total      Graph      Atom       Grad       Stress     Addn.      Time      
             54       0.6407     0.6407     0.0000     0.0000     0.0000     0.0000     0.39       Saving model
Train Loss:  Epoch    Total      Graph      Atom       Grad       Stress     Addn.      Time      
             55       4.9559     4.9559     0.0000     0.0000     0.0000     0.0000     4.33      
Val Loss:    Epoch    Total      Graph      Atom       Grad       Stress     Addn.      Time      
             55       0.6747     0.6747     0.0000     0.0000     0.0000     0.0000     0.38       Saving model
Train Loss:  Epoch    Total      Graph      Atom       Grad       Stress     Addn.      Time      
             56       4.9447     4.9447     0.0000     0.0000     0.0000     0.0000     4.10      
Val Loss:    Epoch    Total      Graph      Atom       Grad       Stress     Addn.      Time      
             56       0.7255     0.7255     0.0000     0.0000     0.0000     0.0000     0.38       Saving model
Train Loss:  Epoch    Total      Graph      Atom       Grad       Stress     Addn.      Time      
             57       5.0069     5.0069     0.0000     0.0000     0.0000     0.0000     4.09      
Val Loss:    Epoch    Total      Graph      Atom       Grad       Stress     Addn.      Time      
             57       0.7326     0.7326     0.0000     0.0000     0.0000     0.0000     0.39       Saving model
Train Loss:  Epoch    Total      Graph      Atom       Grad       Stress     Addn.      Time      
             58       5.2759     5.2759     0.0000     0.0000     0.0000     0.0000     5.19      
Val Loss:    Epoch    Total      Graph      Atom       Grad       Stress     Addn.      Time      
             58       0.6089     0.6089     0.0000     0.0000     0.0000     0.0000     0.38       Saving model
Train Loss:  Epoch    Total      Graph      Atom       Grad       Stress     Addn.      Time      
             59       4.9383     4.9383     0.0000     0.0000     0.0000     0.0000     4.13      
Val Loss:    Epoch    Total      Graph      Atom       Grad       Stress     Addn.      Time      
             59       0.6561     0.6561     0.0000     0.0000     0.0000     0.0000     0.38       Saving model
Train Loss:  Epoch    Total      Graph      Atom       Grad       Stress     Addn.      Time      
             60       4.3510     4.3510     0.0000     0.0000     0.0000     0.0000     4.49      
Val Loss:    Epoch    Total      Graph      Atom       Grad       Stress     Addn.      Time      
             60       0.6068     0.6068     0.0000     0.0000     0.0000     0.0000     0.38       Saving model
Train Loss:  Epoch    Total      Graph      Atom       Grad       Stress     Addn.      Time      
             61       4.7267     4.7267     0.0000     0.0000     0.0000     0.0000     4.34      
Val Loss:    Epoch    Total      Graph      Atom       Grad       Stress     Addn.      Time      
             61       0.6648     0.6648     0.0000     0.0000     0.0000     0.0000     0.38       Saving model
Train Loss:  Epoch    Total      Graph      Atom       Grad       Stress     Addn.      Time      
             62       4.7368     4.7368     0.0000     0.0000     0.0000     0.0000     4.08      
Val Loss:    Epoch    Total      Graph      Atom       Grad       Stress     Addn.      Time      
             62       0.6295     0.6295     0.0000     0.0000     0.0000     0.0000     0.39       Saving model
Train Loss:  Epoch    Total      Graph      Atom       Grad       Stress     Addn.      Time      
             63       5.0128     5.0128     0.0000     0.0000     0.0000     0.0000     4.49      
Val Loss:    Epoch    Total      Graph      Atom       Grad       Stress     Addn.      Time      
             63       0.6204     0.6204     0.0000     0.0000     0.0000     0.0000     0.38       Saving model
Train Loss:  Epoch    Total      Graph      Atom       Grad       Stress     Addn.      Time      
             64       4.5645     4.5645     0.0000     0.0000     0.0000     0.0000     4.71      
Val Loss:    Epoch    Total      Graph      Atom       Grad       Stress     Addn.      Time      
             64       0.6285     0.6285     0.0000     0.0000     0.0000     0.0000     0.39       Saving model
Train Loss:  Epoch    Total      Graph      Atom       Grad       Stress     Addn.      Time      
             65       4.5011     4.5011     0.0000     0.0000     0.0000     0.0000     4.12      
Val Loss:    Epoch    Total      Graph      Atom       Grad       Stress     Addn.      Time      
             65       0.6811     0.6811     0.0000     0.0000     0.0000     0.0000     0.39       Saving model
Train Loss:  Epoch    Total      Graph      Atom       Grad       Stress     Addn.      Time      
             66       4.4864     4.4864     0.0000     0.0000     0.0000     0.0000     4.09      
Val Loss:    Epoch    Total      Graph      Atom       Grad       Stress     Addn.      Time      
             66       0.6381     0.6381     0.0000     0.0000     0.0000     0.0000     0.67       Saving model
Train Loss:  Epoch    Total      Graph      Atom       Grad       Stress     Addn.      Time      
             67       4.6526     4.6526     0.0000     0.0000     0.0000     0.0000     4.35      
Val Loss:    Epoch    Total      Graph      Atom       Grad       Stress     Addn.      Time      
             67       0.5699     0.5699     0.0000     0.0000     0.0000     0.0000     0.39       Saving model
Train Loss:  Epoch    Total      Graph      Atom       Grad       Stress     Addn.      Time      
             68       4.5901     4.5901     0.0000     0.0000     0.0000     0.0000     4.32      
Val Loss:    Epoch    Total      Graph      Atom       Grad       Stress     Addn.      Time      
             68       0.6075     0.6075     0.0000     0.0000     0.0000     0.0000     0.38       Saving model
Train Loss:  Epoch    Total      Graph      Atom       Grad       Stress     Addn.      Time      
             69       4.5796     4.5796     0.0000     0.0000     0.0000     0.0000     4.10      
Val Loss:    Epoch    Total      Graph      Atom       Grad       Stress     Addn.      Time      
             69       0.5979     0.5979     0.0000     0.0000     0.0000     0.0000     0.39       Saving model
Train Loss:  Epoch    Total      Graph      Atom       Grad       Stress     Addn.      Time      
             70       4.4168     4.4168     0.0000     0.0000     0.0000     0.0000     4.51      
Val Loss:    Epoch    Total      Graph      Atom       Grad       Stress     Addn.      Time      
             70       0.5856     0.5856     0.0000     0.0000     0.0000     0.0000     0.78       Saving model
Train Loss:  Epoch    Total      Graph      Atom       Grad       Stress     Addn.      Time      
             71       4.3284     4.3284     0.0000     0.0000     0.0000     0.0000     4.38      
Val Loss:    Epoch    Total      Graph      Atom       Grad       Stress     Addn.      Time      
             71       0.7088     0.7088     0.0000     0.0000     0.0000     0.0000     0.38       Saving model
Train Loss:  Epoch    Total      Graph      Atom       Grad       Stress     Addn.      Time      
             72       4.4987     4.4987     0.0000     0.0000     0.0000     0.0000     4.09      
Val Loss:    Epoch    Total      Graph      Atom       Grad       Stress     Addn.      Time      
             72       0.8305     0.8305     0.0000     0.0000     0.0000     0.0000     0.39       Saving model
Train Loss:  Epoch    Total      Graph      Atom       Grad       Stress     Addn.      Time      
             73       4.3713     4.3713     0.0000     0.0000     0.0000     0.0000     4.46      
Val Loss:    Epoch    Total      Graph      Atom       Grad       Stress     Addn.      Time      
             73       0.6287     0.6287     0.0000     0.0000     0.0000     0.0000     0.39       Saving model
Train Loss:  Epoch    Total      Graph      Atom       Grad       Stress     Addn.      Time      
             74       4.4456     4.4456     0.0000     0.0000     0.0000     0.0000     4.29      
Val Loss:    Epoch    Total      Graph      Atom       Grad       Stress     Addn.      Time      
             74       0.6414     0.6414     0.0000     0.0000     0.0000     0.0000     0.39       Saving model
Train Loss:  Epoch    Total      Graph      Atom       Grad       Stress     Addn.      Time      
             75       4.5146     4.5146     0.0000     0.0000     0.0000     0.0000     4.40      
Val Loss:    Epoch    Total      Graph      Atom       Grad       Stress     Addn.      Time      
             75       0.7170     0.7170     0.0000     0.0000     0.0000     0.0000     0.39       Saving model
Train Loss:  Epoch    Total      Graph      Atom       Grad       Stress     Addn.      Time      
             76       4.4128     4.4128     0.0000     0.0000     0.0000     0.0000     5.87      
Val Loss:    Epoch    Total      Graph      Atom       Grad       Stress     Addn.      Time      
             76       0.6318     0.6318     0.0000     0.0000     0.0000     0.0000     0.74       Saving model
Train Loss:  Epoch    Total      Graph      Atom       Grad       Stress     Addn.      Time      
             77       4.3021     4.3021     0.0000     0.0000     0.0000     0.0000     4.12      
Val Loss:    Epoch    Total      Graph      Atom       Grad       Stress     Addn.      Time      
             77       0.6275     0.6275     0.0000     0.0000     0.0000     0.0000     0.39       Saving model
Train Loss:  Epoch    Total      Graph      Atom       Grad       Stress     Addn.      Time      
             78       4.5468     4.5468     0.0000     0.0000     0.0000     0.0000     4.41      
Val Loss:    Epoch    Total      Graph      Atom       Grad       Stress     Addn.      Time      
             78       0.6803     0.6803     0.0000     0.0000     0.0000     0.0000     0.39       Saving model
Train Loss:  Epoch    Total      Graph      Atom       Grad       Stress     Addn.      Time      
             79       4.3430     4.3430     0.0000     0.0000     0.0000     0.0000     4.49      
Val Loss:    Epoch    Total      Graph      Atom       Grad       Stress     Addn.      Time      
             79       0.6083     0.6083     0.0000     0.0000     0.0000     0.0000     0.39       Saving model
Train Loss:  Epoch    Total      Graph      Atom       Grad       Stress     Addn.      Time      
             80       4.2813     4.2813     0.0000     0.0000     0.0000     0.0000     4.32      
Val Loss:    Epoch    Total      Graph      Atom       Grad       Stress     Addn.      Time      
             80       0.5565     0.5565     0.0000     0.0000     0.0000     0.0000     0.38       Saving model
Train Loss:  Epoch    Total      Graph      Atom       Grad       Stress     Addn.      Time      
             81       4.2536     4.2536     0.0000     0.0000     0.0000     0.0000     4.12      
Val Loss:    Epoch    Total      Graph      Atom       Grad       Stress     Addn.      Time      
             81       0.6361     0.6361     0.0000     0.0000     0.0000     0.0000     0.39       Saving model
Train Loss:  Epoch    Total      Graph      Atom       Grad       Stress     Addn.      Time      
             82       4.2770     4.2770     0.0000     0.0000     0.0000     0.0000     4.37      
Val Loss:    Epoch    Total      Graph      Atom       Grad       Stress     Addn.      Time      
             82       0.5809     0.5809     0.0000     0.0000     0.0000     0.0000     0.84       Saving model
Train Loss:  Epoch    Total      Graph      Atom       Grad       Stress     Addn.      Time      
             83       4.1751     4.1751     0.0000     0.0000     0.0000     0.0000     4.45      
Val Loss:    Epoch    Total      Graph      Atom       Grad       Stress     Addn.      Time      
             83       0.6315     0.6315     0.0000     0.0000     0.0000     0.0000     0.38       Saving model
Train Loss:  Epoch    Total      Graph      Atom       Grad       Stress     Addn.      Time      
             84       4.4386     4.4386     0.0000     0.0000     0.0000     0.0000     4.11      
Val Loss:    Epoch    Total      Graph      Atom       Grad       Stress     Addn.      Time      
             84       0.6969     0.6969     0.0000     0.0000     0.0000     0.0000     0.38       Saving model
Train Loss:  Epoch    Total      Graph      Atom       Grad       Stress     Addn.      Time      
             85       4.1471     4.1471     0.0000     0.0000     0.0000     0.0000     4.49      
Val Loss:    Epoch    Total      Graph      Atom       Grad       Stress     Addn.      Time      
             85       0.5729     0.5729     0.0000     0.0000     0.0000     0.0000     0.38       Saving model
Train Loss:  Epoch    Total      Graph      Atom       Grad       Stress     Addn.      Time      
             86       4.2561     4.2561     0.0000     0.0000     0.0000     0.0000     4.55      
Val Loss:    Epoch    Total      Graph      Atom       Grad       Stress     Addn.      Time      
             86       0.6529     0.6529     0.0000     0.0000     0.0000     0.0000     0.38       Saving model
Train Loss:  Epoch    Total      Graph      Atom       Grad       Stress     Addn.      Time      
             87       4.5189     4.5189     0.0000     0.0000     0.0000     0.0000     4.09      
Val Loss:    Epoch    Total      Graph      Atom       Grad       Stress     Addn.      Time      
             87       0.5621     0.5621     0.0000     0.0000     0.0000     0.0000     0.38       Saving model
Train Loss:  Epoch    Total      Graph      Atom       Grad       Stress     Addn.      Time      
             88       4.2643     4.2643     0.0000     0.0000     0.0000     0.0000     4.10      
Val Loss:    Epoch    Total      Graph      Atom       Grad       Stress     Addn.      Time      
             88       0.6106     0.6106     0.0000     0.0000     0.0000     0.0000     0.38       Saving model
Train Loss:  Epoch    Total      Graph      Atom       Grad       Stress     Addn.      Time      
             89       4.4579     4.4579     0.0000     0.0000     0.0000     0.0000     4.89      
Val Loss:    Epoch    Total      Graph      Atom       Grad       Stress     Addn.      Time      
             89       0.5665     0.5665     0.0000     0.0000     0.0000     0.0000     0.38       Saving model
Train Loss:  Epoch    Total      Graph      Atom       Grad       Stress     Addn.      Time      
             90       4.3873     4.3873     0.0000     0.0000     0.0000     0.0000     4.52      
Val Loss:    Epoch    Total      Graph      Atom       Grad       Stress     Addn.      Time      
             90       0.5951     0.5951     0.0000     0.0000     0.0000     0.0000     0.38       Saving model
Train Loss:  Epoch    Total      Graph      Atom       Grad       Stress     Addn.      Time      
             91       4.3751     4.3751     0.0000     0.0000     0.0000     0.0000     4.54      
Val Loss:    Epoch    Total      Graph      Atom       Grad       Stress     Addn.      Time      
             91       0.6468     0.6468     0.0000     0.0000     0.0000     0.0000     0.38       Saving model
Train Loss:  Epoch    Total      Graph      Atom       Grad       Stress     Addn.      Time      
             92       4.3243     4.3243     0.0000     0.0000     0.0000     0.0000     4.37      
Val Loss:    Epoch    Total      Graph      Atom       Grad       Stress     Addn.      Time      
             92       0.6435     0.6435     0.0000     0.0000     0.0000     0.0000     0.37       Saving model
Train Loss:  Epoch    Total      Graph      Atom       Grad       Stress     Addn.      Time      
             93       4.5324     4.5324     0.0000     0.0000     0.0000     0.0000     4.08      
Val Loss:    Epoch    Total      Graph      Atom       Grad       Stress     Addn.      Time      
             93       0.5931     0.5931     0.0000     0.0000     0.0000     0.0000     0.39       Saving model
Train Loss:  Epoch    Total      Graph      Atom       Grad       Stress     Addn.      Time      
             94       4.1947     4.1947     0.0000     0.0000     0.0000     0.0000     4.38      
Val Loss:    Epoch    Total      Graph      Atom       Grad       Stress     Addn.      Time      
             94       0.5846     0.5846     0.0000     0.0000     0.0000     0.0000     0.39       Saving model
Train Loss:  Epoch    Total      Graph      Atom       Grad       Stress     Addn.      Time      
             95       4.0906     4.0906     0.0000     0.0000     0.0000     0.0000     4.85      
Val Loss:    Epoch    Total      Graph      Atom       Grad       Stress     Addn.      Time      
             95       0.5941     0.5941     0.0000     0.0000     0.0000     0.0000     0.39       Saving model
Train Loss:  Epoch    Total      Graph      Atom       Grad       Stress     Addn.      Time      
             96       4.1532     4.1532     0.0000     0.0000     0.0000     0.0000     4.15      
Val Loss:    Epoch    Total      Graph      Atom       Grad       Stress     Addn.      Time      
             96       0.6081     0.6081     0.0000     0.0000     0.0000     0.0000     0.38       Saving model
Train Loss:  Epoch    Total      Graph      Atom       Grad       Stress     Addn.      Time      
             97       4.0877     4.0877     0.0000     0.0000     0.0000     0.0000     4.11      
Val Loss:    Epoch    Total      Graph      Atom       Grad       Stress     Addn.      Time      
             97       0.6443     0.6443     0.0000     0.0000     0.0000     0.0000     0.62       Saving model
Train Loss:  Epoch    Total      Graph      Atom       Grad       Stress     Addn.      Time      
             98       4.0384     4.0384     0.0000     0.0000     0.0000     0.0000     4.11      
Val Loss:    Epoch    Total      Graph      Atom       Grad       Stress     Addn.      Time      
             98       0.5807     0.5807     0.0000     0.0000     0.0000     0.0000     0.38       Saving model
Train Loss:  Epoch    Total      Graph      Atom       Grad       Stress     Addn.      Time      
             99       4.0848     4.0848     0.0000     0.0000     0.0000     0.0000     4.57      
Val Loss:    Epoch    Total      Graph      Atom       Grad       Stress     Addn.      Time      
             99       0.6079     0.6079     0.0000     0.0000     0.0000     0.0000     0.38       Saving model
Train Loss:  Epoch    Total      Graph      Atom       Grad       Stress     Addn.      Time      
             100      4.2053     4.2053     0.0000     0.0000     0.0000     0.0000     4.11      
Val Loss:    Epoch    Total      Graph      Atom       Grad       Stress     Addn.      Time      
             100      0.5932     0.5932     0.0000     0.0000     0.0000     0.0000     0.39       Saving model
Train Loss:  Epoch    Total      Graph      Atom       Grad       Stress     Addn.      Time      
             101      3.8285     3.8285     0.0000     0.0000     0.0000     0.0000     4.55      
Val Loss:    Epoch    Total      Graph      Atom       Grad       Stress     Addn.      Time      
             101      0.5899     0.5899     0.0000     0.0000     0.0000     0.0000     0.74       Saving model
Train Loss:  Epoch    Total      Graph      Atom       Grad       Stress     Addn.      Time      
             102      3.9779     3.9779     0.0000     0.0000     0.0000     0.0000     4.13      
Val Loss:    Epoch    Total      Graph      Atom       Grad       Stress     Addn.      Time      
             102      0.5936     0.5936     0.0000     0.0000     0.0000     0.0000     0.39       Saving model
Train Loss:  Epoch    Total      Graph      Atom       Grad       Stress     Addn.      Time      
             103      4.1824     4.1824     0.0000     0.0000     0.0000     0.0000     4.38      
Val Loss:    Epoch    Total      Graph      Atom       Grad       Stress     Addn.      Time      
             103      0.5717     0.5717     0.0000     0.0000     0.0000     0.0000     0.38       Saving model
Train Loss:  Epoch    Total      Graph      Atom       Grad       Stress     Addn.      Time      
             104      3.9796     3.9796     0.0000     0.0000     0.0000     0.0000     4.47      
Val Loss:    Epoch    Total      Graph      Atom       Grad       Stress     Addn.      Time      
             104      0.5435     0.5435     0.0000     0.0000     0.0000     0.0000     0.39       Saving model
Train Loss:  Epoch    Total      Graph      Atom       Grad       Stress     Addn.      Time      
             105      3.8846     3.8846     0.0000     0.0000     0.0000     0.0000     4.22      
Val Loss:    Epoch    Total      Graph      Atom       Grad       Stress     Addn.      Time      
             105      0.5644     0.5644     0.0000     0.0000     0.0000     0.0000     0.39       Saving model
Train Loss:  Epoch    Total      Graph      Atom       Grad       Stress     Addn.      Time      
             106      3.9577     3.9577     0.0000     0.0000     0.0000     0.0000     4.16      
Val Loss:    Epoch    Total      Graph      Atom       Grad       Stress     Addn.      Time      
             106      0.5880     0.5880     0.0000     0.0000     0.0000     0.0000     0.38       Saving model
Train Loss:  Epoch    Total      Graph      Atom       Grad       Stress     Addn.      Time      
             107      3.8880     3.8880     0.0000     0.0000     0.0000     0.0000     4.54      
Val Loss:    Epoch    Total      Graph      Atom       Grad       Stress     Addn.      Time      
             107      0.5494     0.5494     0.0000     0.0000     0.0000     0.0000     0.39       Saving model
Train Loss:  Epoch    Total      Graph      Atom       Grad       Stress     Addn.      Time      
             108      4.0088     4.0088     0.0000     0.0000     0.0000     0.0000     4.87      
Val Loss:    Epoch    Total      Graph      Atom       Grad       Stress     Addn.      Time      
             108      0.5887     0.5887     0.0000     0.0000     0.0000     0.0000     0.39       Saving model
Train Loss:  Epoch    Total      Graph      Atom       Grad       Stress     Addn.      Time      
             109      3.8939     3.8939     0.0000     0.0000     0.0000     0.0000     4.12      
Val Loss:    Epoch    Total      Graph      Atom       Grad       Stress     Addn.      Time      
             109      0.5727     0.5727     0.0000     0.0000     0.0000     0.0000     0.38       Saving model
Train Loss:  Epoch    Total      Graph      Atom       Grad       Stress     Addn.      Time      
             110      3.8850     3.8850     0.0000     0.0000     0.0000     0.0000     4.78      
Val Loss:    Epoch    Total      Graph      Atom       Grad       Stress     Addn.      Time      
             110      0.6877     0.6877     0.0000     0.0000     0.0000     0.0000     0.39       Saving model
Train Loss:  Epoch    Total      Graph      Atom       Grad       Stress     Addn.      Time      
             111      3.8227     3.8227     0.0000     0.0000     0.0000     0.0000     4.29      
Val Loss:    Epoch    Total      Graph      Atom       Grad       Stress     Addn.      Time      
             111      0.7287     0.7287     0.0000     0.0000     0.0000     0.0000     0.37       Saving model
Train Loss:  Epoch    Total      Graph      Atom       Grad       Stress     Addn.      Time      
             112      4.0184     4.0184     0.0000     0.0000     0.0000     0.0000     4.10      
Val Loss:    Epoch    Total      Graph      Atom       Grad       Stress     Addn.      Time      
             112      0.6031     0.6031     0.0000     0.0000     0.0000     0.0000     0.38       Saving model
Train Loss:  Epoch    Total      Graph      Atom       Grad       Stress     Addn.      Time      
             113      3.8795     3.8795     0.0000     0.0000     0.0000     0.0000     4.12      
Val Loss:    Epoch    Total      Graph      Atom       Grad       Stress     Addn.      Time      
             113      0.5581     0.5581     0.0000     0.0000     0.0000     0.0000     0.39       Saving model
Train Loss:  Epoch    Total      Graph      Atom       Grad       Stress     Addn.      Time      
             114      3.8221     3.8221     0.0000     0.0000     0.0000     0.0000     5.14      
Val Loss:    Epoch    Total      Graph      Atom       Grad       Stress     Addn.      Time      
             114      0.5644     0.5644     0.0000     0.0000     0.0000     0.0000     0.39       Saving model
Train Loss:  Epoch    Total      Graph      Atom       Grad       Stress     Addn.      Time      
             115      3.8474     3.8474     0.0000     0.0000     0.0000     0.0000     4.10      
Val Loss:    Epoch    Total      Graph      Atom       Grad       Stress     Addn.      Time      
             115      0.5538     0.5538     0.0000     0.0000     0.0000     0.0000     0.39       Saving model
Train Loss:  Epoch    Total      Graph      Atom       Grad       Stress     Addn.      Time      
             116      3.8201     3.8201     0.0000     0.0000     0.0000     0.0000     4.48      
Val Loss:    Epoch    Total      Graph      Atom       Grad       Stress     Addn.      Time      
             116      0.5822     0.5822     0.0000     0.0000     0.0000     0.0000     0.39       Saving model
Train Loss:  Epoch    Total      Graph      Atom       Grad       Stress     Addn.      Time      
             117      3.8217     3.8217     0.0000     0.0000     0.0000     0.0000     4.11      
Val Loss:    Epoch    Total      Graph      Atom       Grad       Stress     Addn.      Time      
             117      0.5682     0.5682     0.0000     0.0000     0.0000     0.0000     0.60       Saving model
Train Loss:  Epoch    Total      Graph      Atom       Grad       Stress     Addn.      Time      
             118      4.0355     4.0355     0.0000     0.0000     0.0000     0.0000     4.33      
Val Loss:    Epoch    Total      Graph      Atom       Grad       Stress     Addn.      Time      
             118      0.8540     0.8540     0.0000     0.0000     0.0000     0.0000     0.38       Saving model
Train Loss:  Epoch    Total      Graph      Atom       Grad       Stress     Addn.      Time      
             119      4.0425     4.0425     0.0000     0.0000     0.0000     0.0000     4.12      
Val Loss:    Epoch    Total      Graph      Atom       Grad       Stress     Addn.      Time      
             119      0.6077     0.6077     0.0000     0.0000     0.0000     0.0000     0.38       Saving model
Test MAE: 0.08157854262596922
Time taken (s) 589.0088243484497
Error: The source file 'prediction_results_test_set.csv' was not found.
Error: The source file 'history_val_mae.json' was not found.

  0%|          | 0/4395 [00:00<?, ?it/s]
  0%|          | 13/4395 [00:00<00:34, 126.18it/s]
  1%|          | 26/4395 [00:00<00:36, 118.59it/s]
  1%|          | 38/4395 [00:00<00:37, 115.29it/s]
  1%|          | 50/4395 [00:00<01:00, 72.25it/s] 
  1%|▏         | 62/4395 [00:00<00:52, 82.75it/s]
  2%|▏         | 73/4395 [00:00<00:48, 89.40it/s]
  2%|▏         | 86/4395 [00:00<00:43, 99.52it/s]
  2%|▏         | 100/4395 [00:01<00:38, 110.28it/s]
  3%|▎         | 112/4395 [00:01<00:40, 105.98it/s]
  3%|▎         | 124/4395 [00:01<00:39, 109.19it/s]
  3%|▎         | 138/4395 [00:01<00:36, 117.41it/s]
  3%|▎         | 152/4395 [00:01<00:34, 123.61it/s]
  4%|▍         | 165/4395 [00:01<00:35, 118.63it/s]
  4%|▍         | 181/4395 [00:01<00:32, 128.61it/s]
  4%|▍         | 195/4395 [00:01<00:35, 118.73it/s]
  5%|▍         | 208/4395 [00:01<00:35, 117.56it/s]
  5%|▌         | 220/4395 [00:02<00:36, 115.09it/s]
  5%|▌         | 232/4395 [00:02<00:36, 114.50it/s]
  6%|▌         | 244/4395 [00:02<00:36, 114.58it/s]
  6%|▌         | 256/4395 [00:02<00:37, 111.46it/s]
  6%|▌         | 268/4395 [00:02<00:36, 112.23it/s]
  6%|▋         | 281/4395 [00:02<00:35, 116.97it/s]
  7%|▋         | 294/4395 [00:02<00:34, 117.61it/s]
  7%|▋         | 307/4395 [00:02<00:33, 120.77it/s]
  7%|▋         | 320/4395 [00:02<00:35, 115.42it/s]
  8%|▊         | 333/4395 [00:02<00:34, 117.58it/s]
  8%|▊         | 346/4395 [00:03<00:33, 119.92it/s]
  8%|▊         | 360/4395 [00:03<00:32, 122.30it/s]
  8%|▊         | 373/4395 [00:03<00:32, 123.04it/s]
  9%|▉         | 387/4395 [00:03<00:31, 125.52it/s]
  9%|▉         | 400/4395 [00:03<00:32, 123.75it/s]
  9%|▉         | 413/4395 [00:03<00:31, 125.23it/s]
 10%|▉         | 428/4395 [00:03<00:30, 129.91it/s]
 10%|█         | 442/4395 [00:03<00:30, 129.84it/s]
 10%|█         | 459/4395 [00:03<00:28, 139.86it/s]
 11%|█         | 474/4395 [00:04<00:29, 131.79it/s]
 11%|█         | 488/4395 [00:04<00:30, 129.50it/s]
 11%|█▏        | 502/4395 [00:04<00:30, 126.96it/s]
 12%|█▏        | 515/4395 [00:04<00:31, 123.00it/s]
 12%|█▏        | 528/4395 [00:04<00:33, 116.65it/s]
 12%|█▏        | 540/4395 [00:04<00:34, 113.22it/s]
 13%|█▎        | 553/4395 [00:04<00:32, 117.32it/s]
 13%|█▎        | 567/4395 [00:04<00:31, 121.85it/s]
 13%|█▎        | 582/4395 [00:04<00:29, 128.92it/s]
 14%|█▎        | 595/4395 [00:05<00:29, 128.31it/s]
 14%|█▍        | 608/4395 [00:05<00:30, 123.82it/s]
 14%|█▍        | 622/4395 [00:05<00:29, 127.38it/s]
 14%|█▍        | 637/4395 [00:05<00:28, 131.13it/s]
 15%|█▍        | 651/4395 [00:05<00:29, 125.32it/s]
 15%|█▌        | 664/4395 [00:05<00:32, 115.55it/s]
 15%|█▌        | 678/4395 [00:05<00:30, 120.66it/s]
 16%|█▌        | 691/4395 [00:06<00:45, 80.66it/s] 
 16%|█▌        | 706/4395 [00:06<00:39, 94.12it/s]
 16%|█▋        | 721/4395 [00:06<00:34, 104.99it/s]
 17%|█▋        | 734/4395 [00:06<00:34, 106.64it/s]
 17%|█▋        | 747/4395 [00:06<00:33, 109.57it/s]
 17%|█▋        | 760/4395 [00:06<00:32, 113.00it/s]
 18%|█▊        | 772/4395 [00:06<00:32, 111.92it/s]
 18%|█▊        | 784/4395 [00:06<00:32, 110.34it/s]
 18%|█▊        | 797/4395 [00:06<00:31, 113.69it/s]
 18%|█▊        | 812/4395 [00:07<00:30, 119.02it/s]
 19%|█▉        | 825/4395 [00:07<00:29, 121.33it/s]
 19%|█▉        | 840/4395 [00:07<00:27, 128.56it/s]
 19%|█▉        | 853/4395 [00:07<00:28, 124.41it/s]
 20%|█▉        | 866/4395 [00:07<00:29, 121.50it/s]
 20%|██        | 879/4395 [00:07<00:28, 123.87it/s]
 20%|██        | 892/4395 [00:07<00:27, 125.46it/s]
 21%|██        | 905/4395 [00:07<00:28, 123.54it/s]
 21%|██        | 918/4395 [00:07<00:27, 125.14it/s]
 21%|██        | 931/4395 [00:07<00:28, 120.28it/s]
 21%|██▏       | 944/4395 [00:08<00:29, 116.98it/s]
 22%|██▏       | 957/4395 [00:08<00:28, 120.01it/s]
 22%|██▏       | 970/4395 [00:08<00:30, 112.64it/s]
 22%|██▏       | 985/4395 [00:08<00:28, 120.57it/s]
 23%|██▎       | 999/4395 [00:08<00:28, 120.26it/s]
 23%|██▎       | 1014/4395 [00:08<00:26, 127.14it/s]
 23%|██▎       | 1027/4395 [00:08<00:26, 127.24it/s]
 24%|██▎       | 1040/4395 [00:08<00:30, 108.72it/s]
 24%|██▍       | 1054/4395 [00:09<00:29, 113.78it/s]
 24%|██▍       | 1066/4395 [00:09<00:30, 109.45it/s]
 25%|██▍       | 1078/4395 [00:09<00:30, 107.43it/s]
 25%|██▍       | 1092/4395 [00:09<00:28, 114.66it/s]
 25%|██▌       | 1106/4395 [00:09<00:27, 119.76it/s]
 25%|██▌       | 1119/4395 [00:09<00:27, 118.39it/s]
 26%|██▌       | 1133/4395 [00:09<00:26, 122.74it/s]
 26%|██▌       | 1146/4395 [00:09<00:27, 119.71it/s]
 26%|██▋       | 1159/4395 [00:09<00:28, 113.23it/s]
 27%|██▋       | 1172/4395 [00:10<00:27, 117.12it/s]
 27%|██▋       | 1184/4395 [00:10<00:32, 98.81it/s] 
 27%|██▋       | 1196/4395 [00:10<00:30, 103.41it/s]
 27%|██▋       | 1207/4395 [00:10<00:44, 72.39it/s] 
 28%|██▊       | 1219/4395 [00:10<00:38, 81.79it/s]
 28%|██▊       | 1231/4395 [00:10<00:35, 90.01it/s]
 28%|██▊       | 1242/4395 [00:10<00:35, 89.42it/s]
 29%|██▊       | 1255/4395 [00:11<00:31, 98.64it/s]
 29%|██▉       | 1269/4395 [00:11<00:28, 109.08it/s]
 29%|██▉       | 1283/4395 [00:11<00:26, 115.69it/s]
 29%|██▉       | 1296/4395 [00:11<00:28, 109.60it/s]
 30%|██▉       | 1310/4395 [00:11<00:26, 116.54it/s]
 30%|███       | 1325/4395 [00:11<00:24, 124.17it/s]
 30%|███       | 1338/4395 [00:11<00:24, 123.78it/s]
 31%|███       | 1352/4395 [00:11<00:23, 127.59it/s]
 31%|███       | 1365/4395 [00:11<00:25, 120.22it/s]
 31%|███▏      | 1378/4395 [00:12<00:26, 113.73it/s]
 32%|███▏      | 1392/4395 [00:12<00:25, 119.33it/s]
 32%|███▏      | 1405/4395 [00:12<00:25, 118.05it/s]
 32%|███▏      | 1417/4395 [00:12<00:25, 117.72it/s]
 33%|███▎      | 1433/4395 [00:12<00:23, 127.47it/s]
 33%|███▎      | 1447/4395 [00:12<00:22, 128.70it/s]
 33%|███▎      | 1464/4395 [00:12<00:21, 138.07it/s]
 34%|███▎      | 1479/4395 [00:12<00:20, 139.97it/s]
 34%|███▍      | 1494/4395 [00:12<00:20, 138.20it/s]
 34%|███▍      | 1508/4395 [00:13<00:22, 130.99it/s]
 35%|███▍      | 1522/4395 [00:13<00:21, 131.57it/s]
 35%|███▍      | 1536/4395 [00:13<00:21, 133.30it/s]
 35%|███▌      | 1550/4395 [00:13<00:23, 119.20it/s]
 36%|███▌      | 1565/4395 [00:13<00:22, 125.80it/s]
 36%|███▌      | 1578/4395 [00:13<00:22, 124.06it/s]
 36%|███▌      | 1592/4395 [00:13<00:22, 124.84it/s]
 37%|███▋      | 1607/4395 [00:13<00:21, 130.20it/s]
 37%|███▋      | 1623/4395 [00:13<00:20, 135.11it/s]
 37%|███▋      | 1637/4395 [00:14<00:21, 129.75it/s]
 38%|███▊      | 1651/4395 [00:14<00:22, 121.18it/s]
 38%|███▊      | 1664/4395 [00:14<00:24, 112.67it/s]
 38%|███▊      | 1676/4395 [00:14<00:24, 111.36it/s]
 38%|███▊      | 1689/4395 [00:14<00:23, 114.33it/s]
 39%|███▊      | 1701/4395 [00:14<00:24, 110.53it/s]
 39%|███▉      | 1713/4395 [00:14<00:24, 111.23it/s]
 39%|███▉      | 1726/4395 [00:14<00:23, 115.79it/s]
 40%|███▉      | 1740/4395 [00:14<00:22, 120.19it/s]
 40%|███▉      | 1753/4395 [00:15<00:22, 119.24it/s]
 40%|████      | 1766/4395 [00:15<00:21, 121.90it/s]
 40%|████      | 1779/4395 [00:15<00:21, 120.72it/s]
 41%|████      | 1792/4395 [00:15<00:22, 118.14it/s]
 41%|████      | 1806/4395 [00:15<00:21, 122.19it/s]
 41%|████▏     | 1819/4395 [00:15<00:21, 120.45it/s]
 42%|████▏     | 1832/4395 [00:15<00:21, 118.03it/s]
 42%|████▏     | 1846/4395 [00:15<00:20, 123.34it/s]
 42%|████▏     | 1859/4395 [00:15<00:21, 118.92it/s]
 43%|████▎     | 1871/4395 [00:16<00:21, 117.82it/s]
 43%|████▎     | 1883/4395 [00:16<00:23, 108.95it/s]
 43%|████▎     | 1895/4395 [00:16<00:33, 75.47it/s] 
 43%|████▎     | 1910/4395 [00:16<00:27, 90.18it/s]
 44%|████▎     | 1922/4395 [00:16<00:25, 95.83it/s]
 44%|████▍     | 1933/4395 [00:16<00:25, 97.01it/s]
 44%|████▍     | 1945/4395 [00:16<00:23, 102.75it/s]
 45%|████▍     | 1959/4395 [00:16<00:21, 111.55it/s]
 45%|████▍     | 1971/4395 [00:17<00:21, 112.19it/s]
 45%|████▌     | 1985/4395 [00:17<00:21, 114.05it/s]
 45%|████▌     | 1997/4395 [00:17<00:20, 114.38it/s]
 46%|████▌     | 2009/4395 [00:17<00:21, 111.29it/s]
 46%|████▌     | 2022/4395 [00:17<00:20, 116.43it/s]
 46%|████▋     | 2037/4395 [00:17<00:19, 124.00it/s]
 47%|████▋     | 2051/4395 [00:17<00:18, 126.44it/s]
 47%|████▋     | 2066/4395 [00:17<00:17, 132.22it/s]
 47%|████▋     | 2080/4395 [00:17<00:18, 125.79it/s]
 48%|████▊     | 2093/4395 [00:18<00:18, 125.69it/s]
 48%|████▊     | 2107/4395 [00:18<00:17, 128.19it/s]
 48%|████▊     | 2122/4395 [00:18<00:17, 131.75it/s]
 49%|████▊     | 2136/4395 [00:18<00:17, 126.24it/s]
 49%|████▉     | 2152/4395 [00:18<00:16, 134.58it/s]
 49%|████▉     | 2166/4395 [00:18<00:19, 112.15it/s]
 50%|████▉     | 2179/4395 [00:18<00:19, 115.43it/s]
 50%|████▉     | 2192/4395 [00:18<00:19, 112.39it/s]
 50%|█████     | 2205/4395 [00:19<00:18, 115.28it/s]
 50%|█████     | 2217/4395 [00:19<00:19, 113.71it/s]
 51%|█████     | 2231/4395 [00:19<00:18, 119.45it/s]
 51%|█████     | 2245/4395 [00:19<00:17, 123.98it/s]
 51%|█████▏    | 2258/4395 [00:19<00:17, 121.79it/s]
 52%|█████▏    | 2271/4395 [00:19<00:17, 124.09it/s]
 52%|█████▏    | 2285/4395 [00:19<00:16, 126.19it/s]
 52%|█████▏    | 2298/4395 [00:19<00:17, 122.46it/s]
 53%|█████▎    | 2311/4395 [00:19<00:17, 116.83it/s]
 53%|█████▎    | 2325/4395 [00:19<00:17, 119.47it/s]
 53%|█████▎    | 2338/4395 [00:20<00:16, 121.35it/s]
 53%|█████▎    | 2351/4395 [00:20<00:17, 115.04it/s]
 54%|█████▍    | 2363/4395 [00:20<00:17, 115.13it/s]
 54%|█████▍    | 2376/4395 [00:20<00:17, 117.16it/s]
 54%|█████▍    | 2388/4395 [00:20<00:18, 106.80it/s]
 55%|█████▍    | 2399/4395 [00:20<00:25, 76.98it/s] 
 55%|█████▍    | 2412/4395 [00:20<00:22, 88.25it/s]
 55%|█████▌    | 2423/4395 [00:21<00:21, 92.49it/s]
 55%|█████▌    | 2434/4395 [00:21<00:20, 93.65it/s]
 56%|█████▌    | 2448/4395 [00:21<00:18, 105.04it/s]
 56%|█████▌    | 2461/4395 [00:21<00:17, 109.65it/s]
 56%|█████▋    | 2473/4395 [00:21<00:17, 109.71it/s]
 57%|█████▋    | 2486/4395 [00:21<00:16, 113.85it/s]
 57%|█████▋    | 2498/4395 [00:21<00:16, 114.93it/s]
 57%|█████▋    | 2512/4395 [00:21<00:15, 121.55it/s]
 57%|█████▋    | 2526/4395 [00:21<00:15, 123.21it/s]
 58%|█████▊    | 2540/4395 [00:21<00:14, 125.62it/s]
 58%|█████▊    | 2553/4395 [00:22<00:14, 126.32it/s]
 58%|█████▊    | 2568/4395 [00:22<00:13, 131.33it/s]
 59%|█████▊    | 2582/4395 [00:22<00:14, 126.46it/s]
 59%|█████▉    | 2595/4395 [00:22<00:14, 126.09it/s]
 59%|█████▉    | 2608/4395 [00:22<00:14, 122.01it/s]
 60%|█████▉    | 2623/4395 [00:22<00:14, 124.84it/s]
 60%|█████▉    | 2636/4395 [00:22<00:14, 118.74it/s]
 60%|██████    | 2649/4395 [00:22<00:14, 120.06it/s]
 61%|██████    | 2663/4395 [00:22<00:14, 123.60it/s]
 61%|██████    | 2676/4395 [00:23<00:13, 125.15it/s]
 61%|██████    | 2689/4395 [00:23<00:14, 118.57it/s]
 61%|██████▏   | 2701/4395 [00:23<00:14, 118.52it/s]
 62%|██████▏   | 2715/4395 [00:23<00:13, 121.33it/s]
 62%|██████▏   | 2728/4395 [00:23<00:13, 120.95it/s]
 62%|██████▏   | 2741/4395 [00:23<00:13, 119.59it/s]
 63%|██████▎   | 2755/4395 [00:23<00:13, 123.63it/s]
 63%|██████▎   | 2768/4395 [00:23<00:13, 119.75it/s]
 63%|██████▎   | 2783/4395 [00:23<00:12, 127.19it/s]
 64%|██████▎   | 2798/4395 [00:24<00:12, 131.19it/s]
 64%|██████▍   | 2812/4395 [00:24<00:12, 121.96it/s]
 64%|██████▍   | 2825/4395 [00:24<00:13, 116.74it/s]
 65%|██████▍   | 2837/4395 [00:24<00:13, 117.41it/s]
 65%|██████▍   | 2849/4395 [00:24<00:13, 114.89it/s]
 65%|██████▌   | 2861/4395 [00:24<00:13, 114.79it/s]
 65%|██████▌   | 2876/4395 [00:24<00:12, 121.87it/s]
 66%|██████▌   | 2890/4395 [00:24<00:11, 125.70it/s]
 66%|██████▌   | 2903/4395 [00:24<00:11, 124.89it/s]
 66%|██████▋   | 2917/4395 [00:25<00:11, 125.95it/s]
 67%|██████▋   | 2930/4395 [00:25<00:11, 124.98it/s]
 67%|██████▋   | 2945/4395 [00:25<00:11, 129.15it/s]
 67%|██████▋   | 2960/4395 [00:25<00:10, 131.77it/s]
 68%|██████▊   | 2974/4395 [00:25<00:11, 120.21it/s]
 68%|██████▊   | 2987/4395 [00:25<00:11, 119.83it/s]
 68%|██████▊   | 3001/4395 [00:25<00:11, 122.92it/s]
 69%|██████▊   | 3014/4395 [00:25<00:11, 120.70it/s]
 69%|██████▉   | 3029/4395 [00:25<00:10, 128.56it/s]
 69%|██████▉   | 3043/4395 [00:26<00:10, 130.90it/s]
 70%|██████▉   | 3057/4395 [00:26<00:10, 129.01it/s]
 70%|██████▉   | 3072/4395 [00:26<00:09, 133.03it/s]
 70%|███████   | 3086/4395 [00:26<00:09, 131.05it/s]
 71%|███████   | 3100/4395 [00:26<00:10, 129.02it/s]
 71%|███████   | 3113/4395 [00:26<00:10, 124.93it/s]
 71%|███████   | 3128/4395 [00:26<00:09, 128.80it/s]
 71%|███████▏  | 3141/4395 [00:27<00:16, 76.68it/s] 
 72%|███████▏  | 3152/4395 [00:27<00:15, 80.87it/s]
 72%|███████▏  | 3165/4395 [00:27<00:13, 90.64it/s]
 72%|███████▏  | 3179/4395 [00:27<00:12, 99.09it/s]
 73%|███████▎  | 3192/4395 [00:27<00:11, 105.72it/s]
 73%|███████▎  | 3205/4395 [00:27<00:11, 107.45it/s]
 73%|███████▎  | 3219/4395 [00:27<00:10, 114.60it/s]
 74%|███████▎  | 3232/4395 [00:27<00:09, 117.81it/s]
 74%|███████▍  | 3245/4395 [00:27<00:09, 119.11it/s]
 74%|███████▍  | 3258/4395 [00:28<00:09, 115.63it/s]
 74%|███████▍  | 3271/4395 [00:28<00:09, 118.91it/s]
 75%|███████▍  | 3284/4395 [00:28<00:09, 117.87it/s]
 75%|███████▌  | 3297/4395 [00:28<00:09, 119.54it/s]
 75%|███████▌  | 3310/4395 [00:28<00:08, 121.10it/s]
 76%|███████▌  | 3323/4395 [00:28<00:08, 123.60it/s]
 76%|███████▌  | 3337/4395 [00:28<00:08, 128.31it/s]
 76%|███████▌  | 3350/4395 [00:28<00:08, 117.55it/s]
 76%|███████▋  | 3362/4395 [00:28<00:09, 108.36it/s]
 77%|███████▋  | 3374/4395 [00:29<00:09, 111.03it/s]
 77%|███████▋  | 3386/4395 [00:29<00:08, 112.33it/s]
 77%|███████▋  | 3399/4395 [00:29<00:08, 115.45it/s]
 78%|███████▊  | 3411/4395 [00:29<00:08, 112.93it/s]
 78%|███████▊  | 3423/4395 [00:29<00:08, 113.61it/s]
 78%|███████▊  | 3437/4395 [00:29<00:08, 118.47it/s]
 78%|███████▊  | 3450/4395 [00:29<00:07, 120.74it/s]
 79%|███████▉  | 3465/4395 [00:29<00:07, 127.68it/s]
 79%|███████▉  | 3478/4395 [00:29<00:07, 121.18it/s]
 79%|███████▉  | 3491/4395 [00:30<00:07, 114.84it/s]
 80%|███████▉  | 3504/4395 [00:30<00:07, 118.56it/s]
 80%|████████  | 3518/4395 [00:30<00:07, 123.03it/s]
 80%|████████  | 3531/4395 [00:30<00:06, 124.74it/s]
 81%|████████  | 3544/4395 [00:30<00:07, 116.85it/s]
 81%|████████  | 3556/4395 [00:30<00:07, 106.68it/s]
 81%|████████  | 3569/4395 [00:30<00:07, 111.08it/s]
 82%|████████▏ | 3582/4395 [00:30<00:07, 114.03it/s]
 82%|████████▏ | 3594/4395 [00:30<00:07, 110.88it/s]
 82%|████████▏ | 3608/4395 [00:31<00:06, 115.90it/s]
 82%|████████▏ | 3621/4395 [00:31<00:06, 115.82it/s]
 83%|████████▎ | 3633/4395 [00:31<00:06, 111.08it/s]
 83%|████████▎ | 3645/4395 [00:31<00:06, 107.56it/s]
 83%|████████▎ | 3657/4395 [00:31<00:06, 110.59it/s]
 83%|████████▎ | 3669/4395 [00:31<00:06, 108.82it/s]
 84%|████████▍ | 3684/4395 [00:31<00:06, 118.19it/s]
 84%|████████▍ | 3697/4395 [00:31<00:05, 118.98it/s]
 84%|████████▍ | 3710/4395 [00:32<00:08, 82.63it/s] 
 85%|████████▍ | 3723/4395 [00:32<00:07, 92.14it/s]
 85%|████████▌ | 3737/4395 [00:32<00:06, 102.49it/s]
 85%|████████▌ | 3750/4395 [00:32<00:05, 108.15it/s]
 86%|████████▌ | 3764/4395 [00:32<00:05, 114.43it/s]
 86%|████████▌ | 3777/4395 [00:32<00:05, 116.84it/s]
 86%|████████▌ | 3790/4395 [00:32<00:05, 115.03it/s]
 87%|████████▋ | 3802/4395 [00:32<00:05, 114.78it/s]
 87%|████████▋ | 3817/4395 [00:32<00:04, 122.49it/s]
 87%|████████▋ | 3832/4395 [00:33<00:04, 128.29it/s]
 88%|████████▊ | 3846/4395 [00:33<00:04, 130.91it/s]
 88%|████████▊ | 3860/4395 [00:33<00:04, 119.45it/s]
 88%|████████▊ | 3873/4395 [00:33<00:04, 119.88it/s]
 88%|████████▊ | 3887/4395 [00:33<00:04, 122.29it/s]
 89%|████████▊ | 3900/4395 [00:33<00:04, 114.48it/s]
 89%|████████▉ | 3913/4395 [00:33<00:04, 116.95it/s]
 89%|████████▉ | 3925/4395 [00:33<00:04, 114.38it/s]
 90%|████████▉ | 3941/4395 [00:33<00:03, 123.61it/s]
 90%|████████▉ | 3954/4395 [00:34<00:03, 123.97it/s]
 90%|█████████ | 3967/4395 [00:34<00:03, 123.22it/s]
 91%|█████████ | 3981/4395 [00:34<00:03, 126.35it/s]
 91%|█████████ | 3994/4395 [00:34<00:03, 115.93it/s]
 91%|█████████ | 4006/4395 [00:34<00:03, 114.49it/s]
 91%|█████████▏| 4019/4395 [00:34<00:03, 116.20it/s]
 92%|█████████▏| 4031/4395 [00:34<00:03, 113.53it/s]
 92%|█████████▏| 4043/4395 [00:34<00:03, 112.29it/s]
 92%|█████████▏| 4057/4395 [00:34<00:02, 118.04it/s]
 93%|█████████▎| 4070/4395 [00:35<00:02, 119.18it/s]
 93%|█████████▎| 4082/4395 [00:35<00:02, 116.87it/s]
 93%|█████████▎| 4094/4395 [00:35<00:02, 111.12it/s]
 93%|█████████▎| 4106/4395 [00:35<00:02, 109.61it/s]
 94%|█████████▎| 4118/4395 [00:35<00:02, 110.64it/s]
 94%|█████████▍| 4130/4395 [00:35<00:02, 111.41it/s]
 94%|█████████▍| 4143/4395 [00:35<00:02, 114.33it/s]
 95%|█████████▍| 4155/4395 [00:35<00:02, 115.55it/s]
 95%|█████████▍| 4167/4395 [00:35<00:02, 104.22it/s]
 95%|█████████▌| 4180/4395 [00:36<00:01, 109.13it/s]
 95%|█████████▌| 4192/4395 [00:36<00:01, 106.75it/s]
 96%|█████████▌| 4203/4395 [00:36<00:01, 106.82it/s]
 96%|█████████▌| 4216/4395 [00:36<00:01, 110.36it/s]
 96%|█████████▌| 4228/4395 [00:36<00:01, 112.81it/s]
 97%|█████████▋| 4242/4395 [00:36<00:01, 120.21it/s]
 97%|█████████▋| 4255/4395 [00:36<00:01, 119.24it/s]
 97%|█████████▋| 4267/4395 [00:36<00:01, 117.31it/s]
 97%|█████████▋| 4279/4395 [00:36<00:01, 107.21it/s]
 98%|█████████▊| 4294/4395 [00:37<00:00, 117.70it/s]
 98%|█████████▊| 4306/4395 [00:37<00:01, 74.87it/s] 
 98%|█████████▊| 4316/4395 [00:37<00:01, 77.92it/s]
 98%|█████████▊| 4327/4395 [00:37<00:00, 84.58it/s]
 99%|█████████▊| 4340/4395 [00:37<00:00, 95.27it/s]
 99%|█████████▉| 4351/4395 [00:37<00:00, 97.58it/s]
 99%|█████████▉| 4365/4395 [00:37<00:00, 108.00it/s]
100%|█████████▉| 4377/4395 [00:38<00:00, 105.78it/s]
100%|█████████▉| 4391/4395 [00:38<00:00, 112.35it/s]
100%|██████████| 4395/4395 [00:38<00:00, 115.24it/s]
/ibex/user/shoaibsa/miniconda3/envs/py312/lib/python3.12/site-packages/alignn/graphs.py:1176: UserWarning: Creating a tensor from a list of numpy.ndarrays is extremely slow. Please consider converting the list to a single numpy.ndarray with numpy.array() before converting to a tensor. (Triggered internally at /pytorch/torch/csrc/utils/tensor_new.cpp:253.)
  self.lattices = torch.tensor(self.lattices).type(

  0%|          | 0/4395 [00:00<?, ?it/s]
  1%|          | 40/4395 [00:00<00:11, 381.90it/s]
  9%|▊         | 375/4395 [00:00<00:01, 2090.88it/s]
 13%|█▎        | 588/4395 [00:00<00:02, 1717.56it/s]
 21%|██        | 909/4395 [00:00<00:01, 2229.84it/s]
 28%|██▊       | 1228/4395 [00:00<00:01, 2544.98it/s]
 36%|███▌      | 1574/4395 [00:00<00:00, 2836.35it/s]
 44%|████▎     | 1922/4395 [00:00<00:00, 3036.44it/s]
 52%|█████▏    | 2264/4395 [00:00<00:00, 3152.43it/s]
 59%|█████▉    | 2605/4395 [00:00<00:00, 3230.47it/s]
 67%|██████▋   | 2954/4395 [00:01<00:00, 3309.42it/s]
 75%|███████▌  | 3298/4395 [00:01<00:00, 3347.55it/s]
 83%|████████▎ | 3635/4395 [00:01<00:00, 3332.43it/s]
 91%|█████████ | 3986/4395 [00:01<00:00, 3384.36it/s]
 98%|█████████▊| 4326/4395 [00:01<00:00, 3351.63it/s]
100%|██████████| 4395/4395 [00:01<00:00, 2963.26it/s]

  0%|          | 0/549 [00:00<?, ?it/s]
  3%|▎         | 14/549 [00:00<00:03, 134.01it/s]
  5%|▌         | 28/549 [00:00<00:03, 131.29it/s]
  8%|▊         | 42/549 [00:00<00:03, 133.13it/s]
 10%|█         | 56/549 [00:00<00:04, 109.64it/s]
 13%|█▎        | 71/549 [00:00<00:03, 120.66it/s]
 15%|█▌        | 84/549 [00:00<00:03, 116.45it/s]
 17%|█▋        | 96/549 [00:00<00:04, 112.97it/s]
 20%|█▉        | 108/549 [00:00<00:03, 114.21it/s]
 22%|██▏       | 120/549 [00:01<00:03, 115.85it/s]
 24%|██▍       | 132/549 [00:01<00:03, 109.73it/s]
 26%|██▋       | 145/549 [00:01<00:03, 107.88it/s]
 29%|██▉       | 158/549 [00:01<00:03, 112.34it/s]
 31%|███       | 170/549 [00:01<00:03, 105.93it/s]
 34%|███▎      | 184/549 [00:01<00:03, 113.66it/s]
 36%|███▌      | 197/549 [00:01<00:02, 117.35it/s]
 39%|███▊      | 212/549 [00:01<00:02, 124.70it/s]
 41%|████      | 225/549 [00:02<00:04, 73.89it/s] 
 43%|████▎     | 238/549 [00:02<00:03, 79.45it/s]
 46%|████▌     | 250/549 [00:02<00:03, 87.62it/s]
 48%|████▊     | 264/549 [00:02<00:02, 98.97it/s]
 50%|█████     | 277/549 [00:02<00:02, 103.72it/s]
 53%|█████▎    | 291/549 [00:02<00:02, 110.26it/s]
 55%|█████▌    | 303/549 [00:02<00:02, 112.19it/s]
 58%|█████▊    | 316/549 [00:02<00:01, 116.92it/s]
 60%|█████▉    | 329/549 [00:03<00:02, 105.82it/s]
 62%|██████▏   | 341/549 [00:03<00:02, 101.19it/s]
 65%|██████▍   | 355/549 [00:03<00:01, 108.67it/s]
 67%|██████▋   | 367/549 [00:03<00:01, 108.85it/s]
 70%|██████▉   | 383/549 [00:03<00:01, 119.43it/s]
 72%|███████▏  | 396/549 [00:03<00:01, 119.93it/s]
 74%|███████▍  | 409/549 [00:03<00:01, 116.19it/s]
 77%|███████▋  | 423/549 [00:03<00:01, 122.23it/s]
 79%|███████▉  | 436/549 [00:03<00:01, 112.59it/s]
 82%|████████▏ | 451/549 [00:04<00:00, 120.54it/s]
 85%|████████▍ | 464/549 [00:04<00:00, 118.65it/s]
 87%|████████▋ | 477/549 [00:04<00:00, 118.28it/s]
 89%|████████▉ | 489/549 [00:04<00:00, 118.35it/s]
 91%|█████████▏| 502/549 [00:04<00:00, 120.22it/s]
 94%|█████████▍| 515/549 [00:04<00:00, 121.13it/s]
 97%|█████████▋| 530/549 [00:04<00:00, 128.83it/s]
 99%|█████████▉| 543/549 [00:04<00:00, 114.99it/s]
100%|██████████| 549/549 [00:04<00:00, 111.06it/s]

  0%|          | 0/549 [00:00<?, ?it/s]
 61%|██████    | 336/549 [00:00<00:00, 3350.96it/s]
100%|██████████| 549/549 [00:00<00:00, 3377.15it/s]

  0%|          | 0/549 [00:00<?, ?it/s]
  2%|▏         | 10/549 [00:00<00:05, 98.71it/s]
  4%|▍         | 24/549 [00:00<00:04, 117.35it/s]
  7%|▋         | 39/549 [00:00<00:03, 128.44it/s]
  9%|▉         | 52/549 [00:00<00:04, 110.22it/s]
 12%|█▏        | 67/549 [00:00<00:03, 121.80it/s]
 15%|█▍        | 81/549 [00:00<00:03, 124.95it/s]
 17%|█▋        | 94/549 [00:00<00:03, 120.82it/s]
 19%|█▉        | 107/549 [00:00<00:04, 96.53it/s]
 21%|██▏       | 118/549 [00:01<00:06, 63.00it/s]
 24%|██▎       | 130/549 [00:01<00:05, 72.16it/s]
 26%|██▋       | 145/549 [00:01<00:04, 86.82it/s]
 28%|██▊       | 156/549 [00:01<00:04, 90.55it/s]
 31%|███       | 168/549 [00:01<00:03, 97.26it/s]
 33%|███▎      | 181/549 [00:01<00:03, 105.02it/s]
 36%|███▌      | 195/549 [00:01<00:03, 111.78it/s]
 38%|███▊      | 210/549 [00:02<00:02, 120.21it/s]
 41%|████      | 224/549 [00:02<00:02, 124.15it/s]
 43%|████▎     | 237/549 [00:02<00:02, 123.45it/s]
 46%|████▌     | 250/549 [00:02<00:02, 115.35it/s]
 48%|████▊     | 263/549 [00:02<00:02, 117.72it/s]
 50%|█████     | 276/549 [00:02<00:02, 119.10it/s]
 53%|█████▎    | 291/549 [00:02<00:02, 125.26it/s]
 55%|█████▌    | 304/549 [00:02<00:02, 114.57it/s]
 58%|█████▊    | 316/549 [00:02<00:02, 104.73it/s]
 60%|██████    | 331/549 [00:03<00:01, 114.04it/s]
 63%|██████▎   | 344/549 [00:03<00:01, 115.89it/s]
 65%|██████▍   | 356/549 [00:03<00:01, 107.41it/s]
 67%|██████▋   | 367/549 [00:03<00:01, 101.26it/s]
 69%|██████▉   | 380/549 [00:03<00:01, 107.23it/s]
 72%|███████▏  | 393/549 [00:03<00:01, 108.36it/s]
 74%|███████▍  | 406/549 [00:03<00:01, 112.19it/s]
 76%|███████▌  | 418/549 [00:03<00:01, 112.04it/s]
 79%|███████▊  | 431/549 [00:04<00:01, 115.48it/s]
 81%|████████  | 443/549 [00:04<00:00, 115.72it/s]
 83%|████████▎ | 458/549 [00:04<00:00, 122.85it/s]
 86%|████████▌ | 473/549 [00:04<00:00, 129.03it/s]
 89%|████████▊ | 486/549 [00:04<00:00, 128.43it/s]
 91%|█████████ | 500/549 [00:04<00:00, 130.61it/s]
 94%|█████████▎| 514/549 [00:04<00:00, 117.74it/s]
 96%|█████████▌| 527/549 [00:04<00:00, 113.51it/s]
 98%|█████████▊| 540/549 [00:04<00:00, 116.35it/s]
100%|██████████| 549/549 [00:04<00:00, 109.97it/s]

  0%|          | 0/549 [00:00<?, ?it/s]
 24%|██▎       | 130/549 [00:00<00:00, 1296.97it/s]
 86%|████████▋ | 474/549 [00:00<00:00, 2555.63it/s]
100%|██████████| 549/549 [00:00<00:00, 2473.89it/s]
/ibex/user/shoaibsa/Intrinsic_Dimensionality_ML_Materials/ALIGNN/ALIGNN_MP/alignn/train.py:503: UserWarning: Detected call of `lr_scheduler.step()` before `optimizer.step()`. In PyTorch 1.1.0 and later, you should call them in the opposite order: `optimizer.step()` before `lr_scheduler.step()`.  Failure to do this will result in PyTorch skipping the first value of the learning rate schedule. See more details at https://pytorch.org/docs/stable/optim.html#how-to-adjust-learning-rate
  scheduler.step()
