world_size 1
root_dir partitions/kvrh_half_2
[Seed] random_seed=123, split_seed=123
len dataset 5494
train_stress False
starting from this file
[Subspace][Fastfood] D=85,953, d=4,298, padded n=131,072.
  Fastfood diagonals + permutation: ~2.50 MB (vs. dense P would need ~1.38 GB).
  Compute per forward: O(n log n) ~ 2,228,224 ops.
[Subspace] D=85,953, d=4,298
================================================================
[MEM REPORT] Wrapped model (runtime footprint)
Trainable params : 4,298
All params       : 90,251  (352.54 KB)
Buffers          : 610,481  (2.83 MB)
Optimizer(AdamW) ~ 33.58 KB
----------------------------------------------------------------
Estimated total (params + buffers + opt): 3.21 MB
----------------------------------------------------------------
CUDA live: allocated=3.19 MB, reserved=26.00 MB, device=cuda:0
================================================================
Not using LMDB dataset, memory footprint maybe high.
WARNING: not using LMDB might result errors.
MAX val: 2.741151598851785
MIN val: 0.0
MAD: 0.28806799259280486
Baseline MAE: 0.2966971066171897
data range 2.7101173651118162 0.0
Converting to graphs!
df         target  ...            jid
0     2.255273  ...  mb-kvrh-04276
1     1.690196  ...  mb-kvrh-08987
2     1.740363  ...  mb-kvrh-07594
3     1.462398  ...  mb-kvrh-08721
4     1.380211  ...  mb-kvrh-01524
...        ...  ...            ...
4390  2.075547  ...  mb-kvrh-09123
4391  1.819544  ...  mb-kvrh-02656
4392  1.662758  ...  mb-kvrh-06638
4393  1.623249  ...  mb-kvrh-07407
4394  1.342423  ...  mb-kvrh-05113

[4395 rows x 3 columns]
warning: could not load CGCNN features for 103
Setting it to max atomic number available here, 103
warning: could not load CGCNN features for 101
Setting it to max atomic number available here, 103
warning: could not load CGCNN features for 102
Setting it to max atomic number available here, 103
building line graphs
data range 2.741151598851785 0.6989700043360189
Converting to graphs!
df        target                                              atoms            jid
0    2.264818  {'lattice_mat': [[4.80623256, 0.0, 0.0], [-2.4...  mb-kvrh-05443
1    1.995635  {'lattice_mat': [[1.072e-05, 3.42042968, 3.420...  mb-kvrh-10134
2    1.431364  {'lattice_mat': [[4.95719558, 0.0, 0.0], [-2.4...  mb-kvrh-04665
3    2.271842  {'lattice_mat': [[2.94276033, 0.0, -0.72883662...  mb-kvrh-02902
4    1.934498  {'lattice_mat': [[4.05117656, 0.0, 0.0], [-2.0...  mb-kvrh-03318
..        ...                                                ...            ...
544  1.785330  {'lattice_mat': [[4.07505195, -0.0, -0.0], [0....  mb-kvrh-06714
545  2.292256  {'lattice_mat': [[3.47795553, 0.0, 2.00799856]...  mb-kvrh-07518
546  2.017033  {'lattice_mat': [[1.50052105, 0.86632571, 4.83...  mb-kvrh-03028
547  1.707570  {'lattice_mat': [[1.19690806, 3.52222994, 0.0]...  mb-kvrh-09088
548  2.447158  {'lattice_mat': [[4.29464324, 0.0, 0.0], [0.0,...  mb-kvrh-08562

[549 rows x 3 columns]
building line graphs
data range 2.569373909615046 0.0
Converting to graphs!
df        target                                              atoms            jid
0    1.653213  {'lattice_mat': [[3.95316622, 0.0, 0.0], [0.0,...  mb-kvrh-05039
1    1.000000  {'lattice_mat': [[4.48213375, 0.0, 0.0], [0.0,...  mb-kvrh-10547
2    2.123852  {'lattice_mat': [[-2.78e-06, 3.05223821, 3.052...  mb-kvrh-07201
3    2.045323  {'lattice_mat': [[5.00537049, 0.1977969, -0.85...  mb-kvrh-01178
4    2.120574  {'lattice_mat': [[4.12030109, 0.0, 0.0], [0.0,...  mb-kvrh-02432
..        ...                                                ...            ...
544  2.096910  {'lattice_mat': [[7.6711806, 0.0, 0.0], [-3.83...  mb-kvrh-04026
545  2.382017  {'lattice_mat': [[3.92472536, 0.0, 0.0], [0.0,...  mb-kvrh-05710
546  1.770852  {'lattice_mat': [[6.81817034, -0.01322801, -0....  mb-kvrh-00703
547  2.041393  {'lattice_mat': [[4.70064489, -0.17447171, 0.0...  mb-kvrh-01619
548  2.235528  {'lattice_mat': [[3.54683733, 0.0, 0.0], [0.0,...  mb-kvrh-03704

[549 rows x 3 columns]
building line graphs
n_train: 4395
n_val  : 549
n_test : 549
rank 0
world_size 1
config: {'version': '9c9ee23de543322c97e5d622a81e929e4dbfc141', 'dataset': 'user_data', 'target': 'target', 'atom_features': 'cgcnn', 'neighbor_strategy': 'k-nearest', 'id_tag': 'jid', 'dtype': 'float32', 'random_seed': 123, 'classification_threshold': None, 'n_val': None, 'n_test': None, 'n_train': None, 'train_ratio': 0.8, 'val_ratio': 0.1, 'test_ratio': 0.1, 'target_multiplication_factor': None, 'epochs': 120, 'batch_size': 64, 'gpu_memory_fraction': None, 'use_amp': False, 'ddp_find_unused_parameters': False, 'deterministic': False, 'weight_decay': 0.0, 'learning_rate': 0.001, 'filename': 'sample', 'warmup_steps': 2000, 'criterion': 'mse', 'optimizer': 'adamw', 'scheduler': 'onecycle', 'pin_memory': True, 'save_dataloader': False, 'write_checkpoint': True, 'write_predictions': True, 'store_outputs': True, 'progress': True, 'log_tensorboard': False, 'standard_scalar_and_pca': False, 'use_canonize': True, 'compute_line_graph': True, 'num_workers': 2, 'cutoff': 8.0, 'cutoff_extra': 3.0, 'three_body_cutoff': 3.5, 'max_neighbors': 12, 'keep_data_order': False, 'normalize_graph_level_loss': False, 'distributed': True, 'data_parallel': False, 'n_early_stopping': None, 'output_dir': '../results_alignn_log_kvrh_partitions_fastfood/kvrh_half_2/alignn_log_kvrh_fastfood_kvrh_half_2_dim5_seed123_epochs120', 'use_lmdb': False, 'read_existing': False, 'model': {'name': 'alignn_atomwise', 'alignn_layers': 1, 'gcn_layers': 1, 'atom_input_features': 92, 'edge_input_features': 80, 'triplet_input_features': 40, 'embedding_features': 64, 'hidden_features': 64, 'output_features': 1, 'grad_multiplier': -1, 'calculate_gradient': False, 'atomwise_output_features': 0, 'graphwise_weight': 1.0, 'gradwise_weight': 0.0, 'stresswise_weight': 0.0, 'atomwise_weight': 0.0, 'link': 'identity', 'zero_inflated': False, 'classification': False, 'force_mult_natoms': False, 'energy_mult_natoms': True, 'include_pos_deriv': False, 'use_cutoff_function': False, 'inner_cutoff': 3.0, 'stress_multiplier': 1.0, 'add_reverse_forces': True, 'lg_on_fly': True, 'batch_stress': True, 'multiply_cutoff': False, 'use_penalty': True, 'extra_features': 0, 'exponent': 5, 'penalty_factor': 0.1, 'penalty_threshold': 1.0, 'additional_output_features': 0, 'additional_output_weight': 0.0}}
{'atom_features': 'cgcnn',
 'batch_size': 64,
 'classification_threshold': None,
 'compute_line_graph': True,
 'criterion': 'mse',
 'cutoff': 8.0,
 'cutoff_extra': 3.0,
 'data_parallel': False,
 'dataset': 'user_data',
 'ddp_find_unused_parameters': False,
 'deterministic': False,
 'distributed': True,
 'dtype': 'float32',
 'epochs': 120,
 'filename': 'sample',
 'gpu_memory_fraction': None,
 'id_tag': 'jid',
 'keep_data_order': False,
 'learning_rate': 0.001,
 'log_tensorboard': False,
 'max_neighbors': 12,
 'model': {'add_reverse_forces': True,
           'additional_output_features': 0,
           'additional_output_weight': 0.0,
           'alignn_layers': 1,
           'atom_input_features': 92,
           'atomwise_output_features': 0,
           'atomwise_weight': 0.0,
           'batch_stress': True,
           'calculate_gradient': False,
           'classification': False,
           'edge_input_features': 80,
           'embedding_features': 64,
           'energy_mult_natoms': True,
           'exponent': 5,
           'extra_features': 0,
           'force_mult_natoms': False,
           'gcn_layers': 1,
           'grad_multiplier': -1,
           'gradwise_weight': 0.0,
           'graphwise_weight': 1.0,
           'hidden_features': 64,
           'include_pos_deriv': False,
           'inner_cutoff': 3.0,
           'lg_on_fly': True,
           'link': 'identity',
           'multiply_cutoff': False,
           'name': 'alignn_atomwise',
           'output_features': 1,
           'penalty_factor': 0.1,
           'penalty_threshold': 1.0,
           'stress_multiplier': 1.0,
           'stresswise_weight': 0.0,
           'triplet_input_features': 40,
           'use_cutoff_function': False,
           'use_penalty': True,
           'zero_inflated': False},
 'n_early_stopping': None,
 'n_test': None,
 'n_train': None,
 'n_val': None,
 'neighbor_strategy': 'k-nearest',
 'normalize_graph_level_loss': False,
 'num_workers': 2,
 'optimizer': 'adamw',
 'output_dir': '../results_alignn_log_kvrh_partitions_fastfood/kvrh_half_2/alignn_log_kvrh_fastfood_kvrh_half_2_dim5_seed123_epochs120',
 'pin_memory': True,
 'progress': True,
 'random_seed': 123,
 'read_existing': False,
 'save_dataloader': False,
 'scheduler': 'onecycle',
 'standard_scalar_and_pca': False,
 'store_outputs': True,
 'target': 'target',
 'target_multiplication_factor': None,
 'test_ratio': 0.1,
 'three_body_cutoff': 3.5,
 'train_ratio': 0.8,
 'use_amp': False,
 'use_canonize': True,
 'use_lmdb': False,
 'val_ratio': 0.1,
 'version': '9c9ee23de543322c97e5d622a81e929e4dbfc141',
 'warmup_steps': 2000,
 'weight_decay': 0.0,
 'write_checkpoint': True,
 'write_predictions': True}
[Seed] deterministic_mode=False

    _    _     ___ ____ _   _ _   _
   / \  | |   |_ _/ ___| \ | | \ | |
  / _ \ | |    | | |  _|  \| |  \| |
 / ___ \| |___ | | |_| | |\  | |\  |
/_/   \_\_____|___\____|_| \_|_| \_|

Model parameters 90251
CUDA available True
CUDA device count 1
   GPU: NVIDIA A100-SXM4-80GB. Max memory: 79.252 GB. Platform = Linux.
   Pytorch: 2.11.0+cu128. CUDA = 8.0. CUDA Toolkit = 12.8.

Train Loss:  Epoch    Total      Graph      Atom       Grad       Stress     Addn.      Time      
             0        30.6441    30.6441    0.0000     0.0000     0.0000     0.0000     4.37      
Val Loss:    Epoch    Total      Graph      Atom       Grad       Stress     Addn.      Time      
             0        1.5928     1.5928     0.0000     0.0000     0.0000     0.0000     0.39       Saving model
Train Loss:  Epoch    Total      Graph      Atom       Grad       Stress     Addn.      Time      
             1        11.6711    11.6711    0.0000     0.0000     0.0000     0.0000     4.12      
Val Loss:    Epoch    Total      Graph      Atom       Grad       Stress     Addn.      Time      
             1        1.1954     1.1954     0.0000     0.0000     0.0000     0.0000     0.39       Saving model
Train Loss:  Epoch    Total      Graph      Atom       Grad       Stress     Addn.      Time      
             2        9.8026     9.8026     0.0000     0.0000     0.0000     0.0000     4.95      
Val Loss:    Epoch    Total      Graph      Atom       Grad       Stress     Addn.      Time      
             2        1.0950     1.0950     0.0000     0.0000     0.0000     0.0000     0.39       Saving model
Train Loss:  Epoch    Total      Graph      Atom       Grad       Stress     Addn.      Time      
             3        9.1957     9.1957     0.0000     0.0000     0.0000     0.0000     4.39      
Val Loss:    Epoch    Total      Graph      Atom       Grad       Stress     Addn.      Time      
             3        1.0406     1.0406     0.0000     0.0000     0.0000     0.0000     0.40       Saving model
Train Loss:  Epoch    Total      Graph      Atom       Grad       Stress     Addn.      Time      
             4        8.7223     8.7223     0.0000     0.0000     0.0000     0.0000     4.48      
Val Loss:    Epoch    Total      Graph      Atom       Grad       Stress     Addn.      Time      
             4        0.9981     0.9981     0.0000     0.0000     0.0000     0.0000     0.39       Saving model
Train Loss:  Epoch    Total      Graph      Atom       Grad       Stress     Addn.      Time      
             5        8.6588     8.6588     0.0000     0.0000     0.0000     0.0000     4.30      
Val Loss:    Epoch    Total      Graph      Atom       Grad       Stress     Addn.      Time      
             5        1.0747     1.0747     0.0000     0.0000     0.0000     0.0000     0.40       Saving model
Train Loss:  Epoch    Total      Graph      Atom       Grad       Stress     Addn.      Time      
             6        8.5129     8.5129     0.0000     0.0000     0.0000     0.0000     4.14      
Val Loss:    Epoch    Total      Graph      Atom       Grad       Stress     Addn.      Time      
             6        0.9630     0.9630     0.0000     0.0000     0.0000     0.0000     0.40       Saving model
Train Loss:  Epoch    Total      Graph      Atom       Grad       Stress     Addn.      Time      
             7        8.1725     8.1725     0.0000     0.0000     0.0000     0.0000     4.43      
Val Loss:    Epoch    Total      Graph      Atom       Grad       Stress     Addn.      Time      
             7        0.9312     0.9312     0.0000     0.0000     0.0000     0.0000     0.40       Saving model
Train Loss:  Epoch    Total      Graph      Atom       Grad       Stress     Addn.      Time      
             8        8.1388     8.1388     0.0000     0.0000     0.0000     0.0000     4.96      
Val Loss:    Epoch    Total      Graph      Atom       Grad       Stress     Addn.      Time      
             8        0.9319     0.9319     0.0000     0.0000     0.0000     0.0000     0.40       Saving model
Train Loss:  Epoch    Total      Graph      Atom       Grad       Stress     Addn.      Time      
             9        7.9247     7.9247     0.0000     0.0000     0.0000     0.0000     4.14      
Val Loss:    Epoch    Total      Graph      Atom       Grad       Stress     Addn.      Time      
             9        0.8891     0.8891     0.0000     0.0000     0.0000     0.0000     0.39       Saving model
Train Loss:  Epoch    Total      Graph      Atom       Grad       Stress     Addn.      Time      
             10       7.8870     7.8870     0.0000     0.0000     0.0000     0.0000     4.51      
Val Loss:    Epoch    Total      Graph      Atom       Grad       Stress     Addn.      Time      
             10       0.8903     0.8903     0.0000     0.0000     0.0000     0.0000     0.39       Saving model
Train Loss:  Epoch    Total      Graph      Atom       Grad       Stress     Addn.      Time      
             11       7.7861     7.7861     0.0000     0.0000     0.0000     0.0000     4.35      
Val Loss:    Epoch    Total      Graph      Atom       Grad       Stress     Addn.      Time      
             11       0.8876     0.8876     0.0000     0.0000     0.0000     0.0000     0.38       Saving model
Train Loss:  Epoch    Total      Graph      Atom       Grad       Stress     Addn.      Time      
             12       7.7251     7.7251     0.0000     0.0000     0.0000     0.0000     4.50      
Val Loss:    Epoch    Total      Graph      Atom       Grad       Stress     Addn.      Time      
             12       0.8674     0.8674     0.0000     0.0000     0.0000     0.0000     0.39       Saving model
Train Loss:  Epoch    Total      Graph      Atom       Grad       Stress     Addn.      Time      
             13       7.6542     7.6542     0.0000     0.0000     0.0000     0.0000     4.14      
Val Loss:    Epoch    Total      Graph      Atom       Grad       Stress     Addn.      Time      
             13       0.8489     0.8489     0.0000     0.0000     0.0000     0.0000     1.80       Saving model
Train Loss:  Epoch    Total      Graph      Atom       Grad       Stress     Addn.      Time      
             14       7.5711     7.5711     0.0000     0.0000     0.0000     0.0000     4.74      
Val Loss:    Epoch    Total      Graph      Atom       Grad       Stress     Addn.      Time      
             14       0.8452     0.8452     0.0000     0.0000     0.0000     0.0000     0.40       Saving model
Train Loss:  Epoch    Total      Graph      Atom       Grad       Stress     Addn.      Time      
             15       7.5029     7.5029     0.0000     0.0000     0.0000     0.0000     4.12      
Val Loss:    Epoch    Total      Graph      Atom       Grad       Stress     Addn.      Time      
             15       0.8810     0.8810     0.0000     0.0000     0.0000     0.0000     0.40       Saving model
Train Loss:  Epoch    Total      Graph      Atom       Grad       Stress     Addn.      Time      
             16       7.4291     7.4291     0.0000     0.0000     0.0000     0.0000     4.77      
Val Loss:    Epoch    Total      Graph      Atom       Grad       Stress     Addn.      Time      
             16       0.8310     0.8310     0.0000     0.0000     0.0000     0.0000     0.40       Saving model
Train Loss:  Epoch    Total      Graph      Atom       Grad       Stress     Addn.      Time      
             17       7.3641     7.3641     0.0000     0.0000     0.0000     0.0000     4.33      
Val Loss:    Epoch    Total      Graph      Atom       Grad       Stress     Addn.      Time      
             17       0.8141     0.8141     0.0000     0.0000     0.0000     0.0000     0.40       Saving model
Train Loss:  Epoch    Total      Graph      Atom       Grad       Stress     Addn.      Time      
             18       7.1793     7.1793     0.0000     0.0000     0.0000     0.0000     4.18      
Val Loss:    Epoch    Total      Graph      Atom       Grad       Stress     Addn.      Time      
             18       0.8253     0.8253     0.0000     0.0000     0.0000     0.0000     0.40       Saving model
Train Loss:  Epoch    Total      Graph      Atom       Grad       Stress     Addn.      Time      
             19       7.1640     7.1640     0.0000     0.0000     0.0000     0.0000     4.15      
Val Loss:    Epoch    Total      Graph      Atom       Grad       Stress     Addn.      Time      
             19       0.8104     0.8104     0.0000     0.0000     0.0000     0.0000     0.40       Saving model
Train Loss:  Epoch    Total      Graph      Atom       Grad       Stress     Addn.      Time      
             20       7.1175     7.1175     0.0000     0.0000     0.0000     0.0000     4.95      
Val Loss:    Epoch    Total      Graph      Atom       Grad       Stress     Addn.      Time      
             20       0.8185     0.8185     0.0000     0.0000     0.0000     0.0000     0.68       Saving model
Train Loss:  Epoch    Total      Graph      Atom       Grad       Stress     Addn.      Time      
             21       7.0520     7.0520     0.0000     0.0000     0.0000     0.0000     4.15      
Val Loss:    Epoch    Total      Graph      Atom       Grad       Stress     Addn.      Time      
             21       0.8126     0.8126     0.0000     0.0000     0.0000     0.0000     0.40       Saving model
Train Loss:  Epoch    Total      Graph      Atom       Grad       Stress     Addn.      Time      
             22       7.0657     7.0657     0.0000     0.0000     0.0000     0.0000     4.52      
Val Loss:    Epoch    Total      Graph      Atom       Grad       Stress     Addn.      Time      
             22       0.8110     0.8110     0.0000     0.0000     0.0000     0.0000     0.39       Saving model
Train Loss:  Epoch    Total      Graph      Atom       Grad       Stress     Addn.      Time      
             23       6.9730     6.9730     0.0000     0.0000     0.0000     0.0000     4.38      
Val Loss:    Epoch    Total      Graph      Atom       Grad       Stress     Addn.      Time      
             23       0.8098     0.8098     0.0000     0.0000     0.0000     0.0000     0.38       Saving model
Train Loss:  Epoch    Total      Graph      Atom       Grad       Stress     Addn.      Time      
             24       7.0173     7.0173     0.0000     0.0000     0.0000     0.0000     4.12      
Val Loss:    Epoch    Total      Graph      Atom       Grad       Stress     Addn.      Time      
             24       0.7819     0.7819     0.0000     0.0000     0.0000     0.0000     0.39       Saving model
Train Loss:  Epoch    Total      Graph      Atom       Grad       Stress     Addn.      Time      
             25       6.9598     6.9598     0.0000     0.0000     0.0000     0.0000     4.46      
Val Loss:    Epoch    Total      Graph      Atom       Grad       Stress     Addn.      Time      
             25       0.7931     0.7931     0.0000     0.0000     0.0000     0.0000     0.39       Saving model
Train Loss:  Epoch    Total      Graph      Atom       Grad       Stress     Addn.      Time      
             26       6.9126     6.9126     0.0000     0.0000     0.0000     0.0000     4.89      
Val Loss:    Epoch    Total      Graph      Atom       Grad       Stress     Addn.      Time      
             26       0.7820     0.7820     0.0000     0.0000     0.0000     0.0000     0.39       Saving model
Train Loss:  Epoch    Total      Graph      Atom       Grad       Stress     Addn.      Time      
             27       6.8641     6.8641     0.0000     0.0000     0.0000     0.0000     4.16      
Val Loss:    Epoch    Total      Graph      Atom       Grad       Stress     Addn.      Time      
             27       0.7975     0.7975     0.0000     0.0000     0.0000     0.0000     0.39       Saving model
Train Loss:  Epoch    Total      Graph      Atom       Grad       Stress     Addn.      Time      
             28       6.7536     6.7536     0.0000     0.0000     0.0000     0.0000     4.49      
Val Loss:    Epoch    Total      Graph      Atom       Grad       Stress     Addn.      Time      
             28       0.7723     0.7723     0.0000     0.0000     0.0000     0.0000     0.39       Saving model
Train Loss:  Epoch    Total      Graph      Atom       Grad       Stress     Addn.      Time      
             29       6.7221     6.7221     0.0000     0.0000     0.0000     0.0000     4.50      
Val Loss:    Epoch    Total      Graph      Atom       Grad       Stress     Addn.      Time      
             29       0.7702     0.7702     0.0000     0.0000     0.0000     0.0000     0.52       Saving model
Train Loss:  Epoch    Total      Graph      Atom       Grad       Stress     Addn.      Time      
             30       6.6843     6.6843     0.0000     0.0000     0.0000     0.0000     4.09      
Val Loss:    Epoch    Total      Graph      Atom       Grad       Stress     Addn.      Time      
             30       0.7897     0.7897     0.0000     0.0000     0.0000     0.0000     0.39       Saving model
Train Loss:  Epoch    Total      Graph      Atom       Grad       Stress     Addn.      Time      
             31       6.6343     6.6343     0.0000     0.0000     0.0000     0.0000     4.12      
Val Loss:    Epoch    Total      Graph      Atom       Grad       Stress     Addn.      Time      
             31       0.7719     0.7719     0.0000     0.0000     0.0000     0.0000     0.39       Saving model
Train Loss:  Epoch    Total      Graph      Atom       Grad       Stress     Addn.      Time      
             32       6.5625     6.5625     0.0000     0.0000     0.0000     0.0000     4.94      
Val Loss:    Epoch    Total      Graph      Atom       Grad       Stress     Addn.      Time      
             32       0.8348     0.8348     0.0000     0.0000     0.0000     0.0000     0.68       Saving model
Train Loss:  Epoch    Total      Graph      Atom       Grad       Stress     Addn.      Time      
             33       6.6818     6.6818     0.0000     0.0000     0.0000     0.0000     4.14      
Val Loss:    Epoch    Total      Graph      Atom       Grad       Stress     Addn.      Time      
             33       0.7576     0.7576     0.0000     0.0000     0.0000     0.0000     0.40       Saving model
Train Loss:  Epoch    Total      Graph      Atom       Grad       Stress     Addn.      Time      
             34       6.5714     6.5714     0.0000     0.0000     0.0000     0.0000     4.13      
Val Loss:    Epoch    Total      Graph      Atom       Grad       Stress     Addn.      Time      
             34       0.7624     0.7624     0.0000     0.0000     0.0000     0.0000     0.65       Saving model
Train Loss:  Epoch    Total      Graph      Atom       Grad       Stress     Addn.      Time      
             35       6.5999     6.5999     0.0000     0.0000     0.0000     0.0000     4.13      
Val Loss:    Epoch    Total      Graph      Atom       Grad       Stress     Addn.      Time      
             35       0.7745     0.7745     0.0000     0.0000     0.0000     0.0000     0.39       Saving model
Train Loss:  Epoch    Total      Graph      Atom       Grad       Stress     Addn.      Time      
             36       6.5401     6.5401     0.0000     0.0000     0.0000     0.0000     4.31      
Val Loss:    Epoch    Total      Graph      Atom       Grad       Stress     Addn.      Time      
             36       0.7521     0.7521     0.0000     0.0000     0.0000     0.0000     0.40       Saving model
Train Loss:  Epoch    Total      Graph      Atom       Grad       Stress     Addn.      Time      
             37       6.6564     6.6564     0.0000     0.0000     0.0000     0.0000     4.13      
Val Loss:    Epoch    Total      Graph      Atom       Grad       Stress     Addn.      Time      
             37       0.7506     0.7506     0.0000     0.0000     0.0000     0.0000     0.70       Saving model
Train Loss:  Epoch    Total      Graph      Atom       Grad       Stress     Addn.      Time      
             38       6.4809     6.4809     0.0000     0.0000     0.0000     0.0000     4.14      
Val Loss:    Epoch    Total      Graph      Atom       Grad       Stress     Addn.      Time      
             38       0.8177     0.8177     0.0000     0.0000     0.0000     0.0000     1.21       Saving model
Train Loss:  Epoch    Total      Graph      Atom       Grad       Stress     Addn.      Time      
             39       6.3828     6.3828     0.0000     0.0000     0.0000     0.0000     4.15      
Val Loss:    Epoch    Total      Graph      Atom       Grad       Stress     Addn.      Time      
             39       0.7620     0.7620     0.0000     0.0000     0.0000     0.0000     0.40       Saving model
Train Loss:  Epoch    Total      Graph      Atom       Grad       Stress     Addn.      Time      
             40       6.2887     6.2887     0.0000     0.0000     0.0000     0.0000     4.20      
Val Loss:    Epoch    Total      Graph      Atom       Grad       Stress     Addn.      Time      
             40       0.7519     0.7519     0.0000     0.0000     0.0000     0.0000     0.40       Saving model
Train Loss:  Epoch    Total      Graph      Atom       Grad       Stress     Addn.      Time      
             41       6.3261     6.3261     0.0000     0.0000     0.0000     0.0000     4.83      
Val Loss:    Epoch    Total      Graph      Atom       Grad       Stress     Addn.      Time      
             41       0.7401     0.7401     0.0000     0.0000     0.0000     0.0000     0.40       Saving model
Train Loss:  Epoch    Total      Graph      Atom       Grad       Stress     Addn.      Time      
             42       6.2336     6.2336     0.0000     0.0000     0.0000     0.0000     4.30      
Val Loss:    Epoch    Total      Graph      Atom       Grad       Stress     Addn.      Time      
             42       0.7523     0.7523     0.0000     0.0000     0.0000     0.0000     0.40       Saving model
Train Loss:  Epoch    Total      Graph      Atom       Grad       Stress     Addn.      Time      
             43       6.2798     6.2798     0.0000     0.0000     0.0000     0.0000     4.15      
Val Loss:    Epoch    Total      Graph      Atom       Grad       Stress     Addn.      Time      
             43       0.7358     0.7358     0.0000     0.0000     0.0000     0.0000     0.41       Saving model
Train Loss:  Epoch    Total      Graph      Atom       Grad       Stress     Addn.      Time      
             44       6.2640     6.2640     0.0000     0.0000     0.0000     0.0000     4.15      
Val Loss:    Epoch    Total      Graph      Atom       Grad       Stress     Addn.      Time      
             44       0.7399     0.7399     0.0000     0.0000     0.0000     0.0000     0.41       Saving model
Train Loss:  Epoch    Total      Graph      Atom       Grad       Stress     Addn.      Time      
             45       6.3570     6.3570     0.0000     0.0000     0.0000     0.0000     5.24      
Val Loss:    Epoch    Total      Graph      Atom       Grad       Stress     Addn.      Time      
             45       0.7253     0.7253     0.0000     0.0000     0.0000     0.0000     0.40       Saving model
Train Loss:  Epoch    Total      Graph      Atom       Grad       Stress     Addn.      Time      
             46       6.2694     6.2694     0.0000     0.0000     0.0000     0.0000     4.15      
Val Loss:    Epoch    Total      Graph      Atom       Grad       Stress     Addn.      Time      
             46       0.7351     0.7351     0.0000     0.0000     0.0000     0.0000     0.39       Saving model
Train Loss:  Epoch    Total      Graph      Atom       Grad       Stress     Addn.      Time      
             47       6.2196     6.2196     0.0000     0.0000     0.0000     0.0000     4.48      
Val Loss:    Epoch    Total      Graph      Atom       Grad       Stress     Addn.      Time      
             47       0.7316     0.7316     0.0000     0.0000     0.0000     0.0000     0.39       Saving model
Train Loss:  Epoch    Total      Graph      Atom       Grad       Stress     Addn.      Time      
             48       6.1170     6.1170     0.0000     0.0000     0.0000     0.0000     4.59      
Val Loss:    Epoch    Total      Graph      Atom       Grad       Stress     Addn.      Time      
             48       0.7448     0.7448     0.0000     0.0000     0.0000     0.0000     0.39       Saving model
Train Loss:  Epoch    Total      Graph      Atom       Grad       Stress     Addn.      Time      
             49       6.2581     6.2581     0.0000     0.0000     0.0000     0.0000     4.11      
Val Loss:    Epoch    Total      Graph      Atom       Grad       Stress     Addn.      Time      
             49       0.7291     0.7291     0.0000     0.0000     0.0000     0.0000     0.39       Saving model
Train Loss:  Epoch    Total      Graph      Atom       Grad       Stress     Addn.      Time      
             50       6.3630     6.3630     0.0000     0.0000     0.0000     0.0000     4.14      
Val Loss:    Epoch    Total      Graph      Atom       Grad       Stress     Addn.      Time      
             50       0.7398     0.7398     0.0000     0.0000     0.0000     0.0000     0.39       Saving model
Train Loss:  Epoch    Total      Graph      Atom       Grad       Stress     Addn.      Time      
             51       6.1133     6.1133     0.0000     0.0000     0.0000     0.0000     4.93      
Val Loss:    Epoch    Total      Graph      Atom       Grad       Stress     Addn.      Time      
             51       0.7279     0.7279     0.0000     0.0000     0.0000     0.0000     0.39       Saving model
Train Loss:  Epoch    Total      Graph      Atom       Grad       Stress     Addn.      Time      
             52       6.1488     6.1488     0.0000     0.0000     0.0000     0.0000     4.41      
Val Loss:    Epoch    Total      Graph      Atom       Grad       Stress     Addn.      Time      
             52       0.7125     0.7125     0.0000     0.0000     0.0000     0.0000     0.39       Saving model
Train Loss:  Epoch    Total      Graph      Atom       Grad       Stress     Addn.      Time      
             53       6.0804     6.0804     0.0000     0.0000     0.0000     0.0000     4.42      
Val Loss:    Epoch    Total      Graph      Atom       Grad       Stress     Addn.      Time      
             53       0.7120     0.7120     0.0000     0.0000     0.0000     0.0000     0.39       Saving model
Train Loss:  Epoch    Total      Graph      Atom       Grad       Stress     Addn.      Time      
             54       6.0709     6.0709     0.0000     0.0000     0.0000     0.0000     4.35      
Val Loss:    Epoch    Total      Graph      Atom       Grad       Stress     Addn.      Time      
             54       0.7238     0.7238     0.0000     0.0000     0.0000     0.0000     0.39       Saving model
Train Loss:  Epoch    Total      Graph      Atom       Grad       Stress     Addn.      Time      
             55       6.0425     6.0425     0.0000     0.0000     0.0000     0.0000     4.10      
Val Loss:    Epoch    Total      Graph      Atom       Grad       Stress     Addn.      Time      
             55       0.7319     0.7319     0.0000     0.0000     0.0000     0.0000     0.39       Saving model
Train Loss:  Epoch    Total      Graph      Atom       Grad       Stress     Addn.      Time      
             56       6.0577     6.0577     0.0000     0.0000     0.0000     0.0000     4.44      
Val Loss:    Epoch    Total      Graph      Atom       Grad       Stress     Addn.      Time      
             56       0.7277     0.7277     0.0000     0.0000     0.0000     0.0000     0.39       Saving model
Train Loss:  Epoch    Total      Graph      Atom       Grad       Stress     Addn.      Time      
             57       5.9885     5.9885     0.0000     0.0000     0.0000     0.0000     4.81      
Val Loss:    Epoch    Total      Graph      Atom       Grad       Stress     Addn.      Time      
             57       0.7259     0.7259     0.0000     0.0000     0.0000     0.0000     0.39       Saving model
Train Loss:  Epoch    Total      Graph      Atom       Grad       Stress     Addn.      Time      
             58       5.9521     5.9521     0.0000     0.0000     0.0000     0.0000     4.12      
Val Loss:    Epoch    Total      Graph      Atom       Grad       Stress     Addn.      Time      
             58       0.7120     0.7120     0.0000     0.0000     0.0000     0.0000     0.39       Saving model
Train Loss:  Epoch    Total      Graph      Atom       Grad       Stress     Addn.      Time      
             59       5.9377     5.9377     0.0000     0.0000     0.0000     0.0000     4.53      
Val Loss:    Epoch    Total      Graph      Atom       Grad       Stress     Addn.      Time      
             59       0.7026     0.7026     0.0000     0.0000     0.0000     0.0000     0.39       Saving model
Train Loss:  Epoch    Total      Graph      Atom       Grad       Stress     Addn.      Time      
             60       5.9829     5.9829     0.0000     0.0000     0.0000     0.0000     4.75      
Val Loss:    Epoch    Total      Graph      Atom       Grad       Stress     Addn.      Time      
             60       0.7065     0.7065     0.0000     0.0000     0.0000     0.0000     0.38       Saving model
Train Loss:  Epoch    Total      Graph      Atom       Grad       Stress     Addn.      Time      
             61       5.9800     5.9800     0.0000     0.0000     0.0000     0.0000     4.07      
Val Loss:    Epoch    Total      Graph      Atom       Grad       Stress     Addn.      Time      
             61       0.7039     0.7039     0.0000     0.0000     0.0000     0.0000     0.39       Saving model
Train Loss:  Epoch    Total      Graph      Atom       Grad       Stress     Addn.      Time      
             62       5.9365     5.9365     0.0000     0.0000     0.0000     0.0000     4.17      
Val Loss:    Epoch    Total      Graph      Atom       Grad       Stress     Addn.      Time      
             62       0.7014     0.7014     0.0000     0.0000     0.0000     0.0000     0.39       Saving model
Train Loss:  Epoch    Total      Graph      Atom       Grad       Stress     Addn.      Time      
             63       5.9990     5.9990     0.0000     0.0000     0.0000     0.0000     5.21      
Val Loss:    Epoch    Total      Graph      Atom       Grad       Stress     Addn.      Time      
             63       0.7076     0.7076     0.0000     0.0000     0.0000     0.0000     0.39       Saving model
Train Loss:  Epoch    Total      Graph      Atom       Grad       Stress     Addn.      Time      
             64       6.0179     6.0179     0.0000     0.0000     0.0000     0.0000     4.12      
Val Loss:    Epoch    Total      Graph      Atom       Grad       Stress     Addn.      Time      
             64       0.7045     0.7045     0.0000     0.0000     0.0000     0.0000     0.39       Saving model
Train Loss:  Epoch    Total      Graph      Atom       Grad       Stress     Addn.      Time      
             65       5.9051     5.9051     0.0000     0.0000     0.0000     0.0000     4.50      
Val Loss:    Epoch    Total      Graph      Atom       Grad       Stress     Addn.      Time      
             65       0.7117     0.7117     0.0000     0.0000     0.0000     0.0000     0.39       Saving model
Train Loss:  Epoch    Total      Graph      Atom       Grad       Stress     Addn.      Time      
             66       5.8632     5.8632     0.0000     0.0000     0.0000     0.0000     4.12      
Val Loss:    Epoch    Total      Graph      Atom       Grad       Stress     Addn.      Time      
             66       0.7098     0.7098     0.0000     0.0000     0.0000     0.0000     0.39       Saving model
Train Loss:  Epoch    Total      Graph      Atom       Grad       Stress     Addn.      Time      
             67       5.8473     5.8473     0.0000     0.0000     0.0000     0.0000     4.57      
Val Loss:    Epoch    Total      Graph      Atom       Grad       Stress     Addn.      Time      
             67       0.7003     0.7003     0.0000     0.0000     0.0000     0.0000     0.39       Saving model
Train Loss:  Epoch    Total      Graph      Atom       Grad       Stress     Addn.      Time      
             68       5.9104     5.9104     0.0000     0.0000     0.0000     0.0000     4.16      
Val Loss:    Epoch    Total      Graph      Atom       Grad       Stress     Addn.      Time      
             68       0.7076     0.7076     0.0000     0.0000     0.0000     0.0000     0.40       Saving model
Train Loss:  Epoch    Total      Graph      Atom       Grad       Stress     Addn.      Time      
             69       5.9331     5.9331     0.0000     0.0000     0.0000     0.0000     4.12      
Val Loss:    Epoch    Total      Graph      Atom       Grad       Stress     Addn.      Time      
             69       0.7122     0.7122     0.0000     0.0000     0.0000     0.0000     1.07       Saving model
Train Loss:  Epoch    Total      Graph      Atom       Grad       Stress     Addn.      Time      
             70       5.8153     5.8153     0.0000     0.0000     0.0000     0.0000     4.13      
Val Loss:    Epoch    Total      Graph      Atom       Grad       Stress     Addn.      Time      
             70       0.7116     0.7116     0.0000     0.0000     0.0000     0.0000     0.71       Saving model
Train Loss:  Epoch    Total      Graph      Atom       Grad       Stress     Addn.      Time      
             71       5.8124     5.8124     0.0000     0.0000     0.0000     0.0000     4.15      
Val Loss:    Epoch    Total      Graph      Atom       Grad       Stress     Addn.      Time      
             71       0.6983     0.6983     0.0000     0.0000     0.0000     0.0000     0.39       Saving model
Train Loss:  Epoch    Total      Graph      Atom       Grad       Stress     Addn.      Time      
             72       5.8205     5.8205     0.0000     0.0000     0.0000     0.0000     4.55      
Val Loss:    Epoch    Total      Graph      Atom       Grad       Stress     Addn.      Time      
             72       0.7069     0.7069     0.0000     0.0000     0.0000     0.0000     0.40       Saving model
Train Loss:  Epoch    Total      Graph      Atom       Grad       Stress     Addn.      Time      
             73       5.7843     5.7843     0.0000     0.0000     0.0000     0.0000     4.33      
Val Loss:    Epoch    Total      Graph      Atom       Grad       Stress     Addn.      Time      
             73       0.6957     0.6957     0.0000     0.0000     0.0000     0.0000     0.40       Saving model
Train Loss:  Epoch    Total      Graph      Atom       Grad       Stress     Addn.      Time      
             74       5.8587     5.8587     0.0000     0.0000     0.0000     0.0000     4.15      
Val Loss:    Epoch    Total      Graph      Atom       Grad       Stress     Addn.      Time      
             74       0.7053     0.7053     0.0000     0.0000     0.0000     0.0000     0.39       Saving model
Train Loss:  Epoch    Total      Graph      Atom       Grad       Stress     Addn.      Time      
             75       5.7949     5.7949     0.0000     0.0000     0.0000     0.0000     6.42      
Val Loss:    Epoch    Total      Graph      Atom       Grad       Stress     Addn.      Time      
             75       0.7012     0.7012     0.0000     0.0000     0.0000     0.0000     0.40       Saving model
Train Loss:  Epoch    Total      Graph      Atom       Grad       Stress     Addn.      Time      
             76       5.7674     5.7674     0.0000     0.0000     0.0000     0.0000     4.15      
Val Loss:    Epoch    Total      Graph      Atom       Grad       Stress     Addn.      Time      
             76       0.6958     0.6958     0.0000     0.0000     0.0000     0.0000     0.40       Saving model
Train Loss:  Epoch    Total      Graph      Atom       Grad       Stress     Addn.      Time      
             77       5.7525     5.7525     0.0000     0.0000     0.0000     0.0000     4.20      
Val Loss:    Epoch    Total      Graph      Atom       Grad       Stress     Addn.      Time      
             77       0.6990     0.6990     0.0000     0.0000     0.0000     0.0000     0.39       Saving model
Train Loss:  Epoch    Total      Graph      Atom       Grad       Stress     Addn.      Time      
             78       5.6948     5.6948     0.0000     0.0000     0.0000     0.0000     4.50      
Val Loss:    Epoch    Total      Graph      Atom       Grad       Stress     Addn.      Time      
             78       0.7017     0.7017     0.0000     0.0000     0.0000     0.0000     0.40       Saving model
Train Loss:  Epoch    Total      Graph      Atom       Grad       Stress     Addn.      Time      
             79       5.8474     5.8474     0.0000     0.0000     0.0000     0.0000     4.61      
Val Loss:    Epoch    Total      Graph      Atom       Grad       Stress     Addn.      Time      
             79       0.7088     0.7088     0.0000     0.0000     0.0000     0.0000     0.39       Saving model
Train Loss:  Epoch    Total      Graph      Atom       Grad       Stress     Addn.      Time      
             80       5.7275     5.7275     0.0000     0.0000     0.0000     0.0000     4.14      
Val Loss:    Epoch    Total      Graph      Atom       Grad       Stress     Addn.      Time      
             80       0.7348     0.7348     0.0000     0.0000     0.0000     0.0000     0.39       Saving model
Train Loss:  Epoch    Total      Graph      Atom       Grad       Stress     Addn.      Time      
             81       5.7425     5.7425     0.0000     0.0000     0.0000     0.0000     4.13      
Val Loss:    Epoch    Total      Graph      Atom       Grad       Stress     Addn.      Time      
             81       0.7398     0.7398     0.0000     0.0000     0.0000     0.0000     0.40       Saving model
Train Loss:  Epoch    Total      Graph      Atom       Grad       Stress     Addn.      Time      
             82       5.7524     5.7524     0.0000     0.0000     0.0000     0.0000     4.86      
Val Loss:    Epoch    Total      Graph      Atom       Grad       Stress     Addn.      Time      
             82       0.7031     0.7031     0.0000     0.0000     0.0000     0.0000     0.39       Saving model
Train Loss:  Epoch    Total      Graph      Atom       Grad       Stress     Addn.      Time      
             83       5.7477     5.7477     0.0000     0.0000     0.0000     0.0000     4.17      
Val Loss:    Epoch    Total      Graph      Atom       Grad       Stress     Addn.      Time      
             83       0.6981     0.6981     0.0000     0.0000     0.0000     0.0000     0.39       Saving model
Train Loss:  Epoch    Total      Graph      Atom       Grad       Stress     Addn.      Time      
             84       5.6938     5.6938     0.0000     0.0000     0.0000     0.0000     4.87      
Val Loss:    Epoch    Total      Graph      Atom       Grad       Stress     Addn.      Time      
             84       0.7389     0.7389     0.0000     0.0000     0.0000     0.0000     0.39       Saving model
Train Loss:  Epoch    Total      Graph      Atom       Grad       Stress     Addn.      Time      
             85       5.6583     5.6583     0.0000     0.0000     0.0000     0.0000     4.27      
Val Loss:    Epoch    Total      Graph      Atom       Grad       Stress     Addn.      Time      
             85       0.6840     0.6840     0.0000     0.0000     0.0000     0.0000     0.39       Saving model
Train Loss:  Epoch    Total      Graph      Atom       Grad       Stress     Addn.      Time      
             86       5.6510     5.6510     0.0000     0.0000     0.0000     0.0000     4.12      
Val Loss:    Epoch    Total      Graph      Atom       Grad       Stress     Addn.      Time      
             86       0.7117     0.7117     0.0000     0.0000     0.0000     0.0000     0.39       Saving model
Train Loss:  Epoch    Total      Graph      Atom       Grad       Stress     Addn.      Time      
             87       5.6439     5.6439     0.0000     0.0000     0.0000     0.0000     4.15      
Val Loss:    Epoch    Total      Graph      Atom       Grad       Stress     Addn.      Time      
             87       0.6872     0.6872     0.0000     0.0000     0.0000     0.0000     0.40       Saving model
Train Loss:  Epoch    Total      Graph      Atom       Grad       Stress     Addn.      Time      
             88       5.6680     5.6680     0.0000     0.0000     0.0000     0.0000     5.26      
Val Loss:    Epoch    Total      Graph      Atom       Grad       Stress     Addn.      Time      
             88       0.7175     0.7175     0.0000     0.0000     0.0000     0.0000     0.40       Saving model
Train Loss:  Epoch    Total      Graph      Atom       Grad       Stress     Addn.      Time      
             89       5.6398     5.6398     0.0000     0.0000     0.0000     0.0000     4.07      
Val Loss:    Epoch    Total      Graph      Atom       Grad       Stress     Addn.      Time      
             89       0.6853     0.6853     0.0000     0.0000     0.0000     0.0000     0.42       Saving model
Train Loss:  Epoch    Total      Graph      Atom       Grad       Stress     Addn.      Time      
             90       5.6301     5.6301     0.0000     0.0000     0.0000     0.0000     4.48      
Val Loss:    Epoch    Total      Graph      Atom       Grad       Stress     Addn.      Time      
             90       0.6882     0.6882     0.0000     0.0000     0.0000     0.0000     0.39       Saving model
Train Loss:  Epoch    Total      Graph      Atom       Grad       Stress     Addn.      Time      
             91       5.5996     5.5996     0.0000     0.0000     0.0000     0.0000     4.38      
Val Loss:    Epoch    Total      Graph      Atom       Grad       Stress     Addn.      Time      
             91       0.6852     0.6852     0.0000     0.0000     0.0000     0.0000     0.39       Saving model
Train Loss:  Epoch    Total      Graph      Atom       Grad       Stress     Addn.      Time      
             92       5.6111     5.6111     0.0000     0.0000     0.0000     0.0000     4.45      
Val Loss:    Epoch    Total      Graph      Atom       Grad       Stress     Addn.      Time      
             92       0.7209     0.7209     0.0000     0.0000     0.0000     0.0000     0.40       Saving model
Train Loss:  Epoch    Total      Graph      Atom       Grad       Stress     Addn.      Time      
             93       5.5703     5.5703     0.0000     0.0000     0.0000     0.0000     4.14      
Val Loss:    Epoch    Total      Graph      Atom       Grad       Stress     Addn.      Time      
             93       0.7077     0.7077     0.0000     0.0000     0.0000     0.0000     0.39       Saving model
Train Loss:  Epoch    Total      Graph      Atom       Grad       Stress     Addn.      Time      
             94       5.6235     5.6235     0.0000     0.0000     0.0000     0.0000     4.97      
Val Loss:    Epoch    Total      Graph      Atom       Grad       Stress     Addn.      Time      
             94       0.7102     0.7102     0.0000     0.0000     0.0000     0.0000     0.39       Saving model
Train Loss:  Epoch    Total      Graph      Atom       Grad       Stress     Addn.      Time      
             95       5.6946     5.6946     0.0000     0.0000     0.0000     0.0000     4.14      
Val Loss:    Epoch    Total      Graph      Atom       Grad       Stress     Addn.      Time      
             95       0.6819     0.6819     0.0000     0.0000     0.0000     0.0000     0.39       Saving model
Train Loss:  Epoch    Total      Graph      Atom       Grad       Stress     Addn.      Time      
             96       5.6511     5.6511     0.0000     0.0000     0.0000     0.0000     4.81      
Val Loss:    Epoch    Total      Graph      Atom       Grad       Stress     Addn.      Time      
             96       0.6807     0.6807     0.0000     0.0000     0.0000     0.0000     0.41       Saving model
Train Loss:  Epoch    Total      Graph      Atom       Grad       Stress     Addn.      Time      
             97       5.5462     5.5462     0.0000     0.0000     0.0000     0.0000     4.36      
Val Loss:    Epoch    Total      Graph      Atom       Grad       Stress     Addn.      Time      
             97       0.7320     0.7320     0.0000     0.0000     0.0000     0.0000     0.39       Saving model
Train Loss:  Epoch    Total      Graph      Atom       Grad       Stress     Addn.      Time      
             98       5.4948     5.4948     0.0000     0.0000     0.0000     0.0000     4.09      
Val Loss:    Epoch    Total      Graph      Atom       Grad       Stress     Addn.      Time      
             98       0.6867     0.6867     0.0000     0.0000     0.0000     0.0000     0.39       Saving model
Train Loss:  Epoch    Total      Graph      Atom       Grad       Stress     Addn.      Time      
             99       5.5062     5.5062     0.0000     0.0000     0.0000     0.0000     4.45      
Val Loss:    Epoch    Total      Graph      Atom       Grad       Stress     Addn.      Time      
             99       0.6763     0.6763     0.0000     0.0000     0.0000     0.0000     0.39       Saving model
Train Loss:  Epoch    Total      Graph      Atom       Grad       Stress     Addn.      Time      
             100      5.5621     5.5621     0.0000     0.0000     0.0000     0.0000     4.94      
Val Loss:    Epoch    Total      Graph      Atom       Grad       Stress     Addn.      Time      
             100      0.6821     0.6821     0.0000     0.0000     0.0000     0.0000     0.39       Saving model
Train Loss:  Epoch    Total      Graph      Atom       Grad       Stress     Addn.      Time      
             101      5.4832     5.4832     0.0000     0.0000     0.0000     0.0000     4.12      
Val Loss:    Epoch    Total      Graph      Atom       Grad       Stress     Addn.      Time      
             101      0.6765     0.6765     0.0000     0.0000     0.0000     0.0000     0.39       Saving model
Train Loss:  Epoch    Total      Graph      Atom       Grad       Stress     Addn.      Time      
             102      5.6015     5.6015     0.0000     0.0000     0.0000     0.0000     4.49      
Val Loss:    Epoch    Total      Graph      Atom       Grad       Stress     Addn.      Time      
             102      0.6897     0.6897     0.0000     0.0000     0.0000     0.0000     0.39       Saving model
Train Loss:  Epoch    Total      Graph      Atom       Grad       Stress     Addn.      Time      
             103      5.5139     5.5139     0.0000     0.0000     0.0000     0.0000     4.49      
Val Loss:    Epoch    Total      Graph      Atom       Grad       Stress     Addn.      Time      
             103      0.6732     0.6732     0.0000     0.0000     0.0000     0.0000     0.63       Saving model
Train Loss:  Epoch    Total      Graph      Atom       Grad       Stress     Addn.      Time      
             104      5.4646     5.4646     0.0000     0.0000     0.0000     0.0000     4.08      
Val Loss:    Epoch    Total      Graph      Atom       Grad       Stress     Addn.      Time      
             104      0.6751     0.6751     0.0000     0.0000     0.0000     0.0000     0.40       Saving model
Train Loss:  Epoch    Total      Graph      Atom       Grad       Stress     Addn.      Time      
             105      5.7257     5.7257     0.0000     0.0000     0.0000     0.0000     4.17      
Val Loss:    Epoch    Total      Graph      Atom       Grad       Stress     Addn.      Time      
             105      0.7039     0.7039     0.0000     0.0000     0.0000     0.0000     0.40       Saving model
Train Loss:  Epoch    Total      Graph      Atom       Grad       Stress     Addn.      Time      
             106      5.6418     5.6418     0.0000     0.0000     0.0000     0.0000     4.84      
Val Loss:    Epoch    Total      Graph      Atom       Grad       Stress     Addn.      Time      
             106      0.6839     0.6839     0.0000     0.0000     0.0000     0.0000     0.39       Saving model
Train Loss:  Epoch    Total      Graph      Atom       Grad       Stress     Addn.      Time      
             107      5.4438     5.4438     0.0000     0.0000     0.0000     0.0000     4.38      
Val Loss:    Epoch    Total      Graph      Atom       Grad       Stress     Addn.      Time      
             107      0.6739     0.6739     0.0000     0.0000     0.0000     0.0000     0.39       Saving model
Train Loss:  Epoch    Total      Graph      Atom       Grad       Stress     Addn.      Time      
             108      5.4528     5.4528     0.0000     0.0000     0.0000     0.0000     4.11      
Val Loss:    Epoch    Total      Graph      Atom       Grad       Stress     Addn.      Time      
             108      0.7003     0.7003     0.0000     0.0000     0.0000     0.0000     0.39       Saving model
Train Loss:  Epoch    Total      Graph      Atom       Grad       Stress     Addn.      Time      
             109      5.5103     5.5103     0.0000     0.0000     0.0000     0.0000     4.47      
Val Loss:    Epoch    Total      Graph      Atom       Grad       Stress     Addn.      Time      
             109      0.6688     0.6688     0.0000     0.0000     0.0000     0.0000     0.39       Saving model
Train Loss:  Epoch    Total      Graph      Atom       Grad       Stress     Addn.      Time      
             110      5.5137     5.5137     0.0000     0.0000     0.0000     0.0000     4.22      
Val Loss:    Epoch    Total      Graph      Atom       Grad       Stress     Addn.      Time      
             110      0.7061     0.7061     0.0000     0.0000     0.0000     0.0000     0.40       Saving model
Train Loss:  Epoch    Total      Graph      Atom       Grad       Stress     Addn.      Time      
             111      5.4679     5.4679     0.0000     0.0000     0.0000     0.0000     4.15      
Val Loss:    Epoch    Total      Graph      Atom       Grad       Stress     Addn.      Time      
             111      0.6644     0.6644     0.0000     0.0000     0.0000     0.0000     0.39       Saving model
Train Loss:  Epoch    Total      Graph      Atom       Grad       Stress     Addn.      Time      
             112      5.4461     5.4461     0.0000     0.0000     0.0000     0.0000     4.57      
Val Loss:    Epoch    Total      Graph      Atom       Grad       Stress     Addn.      Time      
             112      0.6947     0.6947     0.0000     0.0000     0.0000     0.0000     0.39       Saving model
Train Loss:  Epoch    Total      Graph      Atom       Grad       Stress     Addn.      Time      
             113      5.4313     5.4313     0.0000     0.0000     0.0000     0.0000     4.97      
Val Loss:    Epoch    Total      Graph      Atom       Grad       Stress     Addn.      Time      
             113      0.6708     0.6708     0.0000     0.0000     0.0000     0.0000     0.40       Saving model
Train Loss:  Epoch    Total      Graph      Atom       Grad       Stress     Addn.      Time      
             114      5.3723     5.3723     0.0000     0.0000     0.0000     0.0000     4.13      
Val Loss:    Epoch    Total      Graph      Atom       Grad       Stress     Addn.      Time      
             114      0.6954     0.6954     0.0000     0.0000     0.0000     0.0000     0.39       Saving model
Train Loss:  Epoch    Total      Graph      Atom       Grad       Stress     Addn.      Time      
             115      5.4355     5.4355     0.0000     0.0000     0.0000     0.0000     4.57      
Val Loss:    Epoch    Total      Graph      Atom       Grad       Stress     Addn.      Time      
             115      0.6669     0.6669     0.0000     0.0000     0.0000     0.0000     0.40       Saving model
Train Loss:  Epoch    Total      Graph      Atom       Grad       Stress     Addn.      Time      
             116      5.3708     5.3708     0.0000     0.0000     0.0000     0.0000     4.31      
Val Loss:    Epoch    Total      Graph      Atom       Grad       Stress     Addn.      Time      
             116      0.6693     0.6693     0.0000     0.0000     0.0000     0.0000     0.39       Saving model
Train Loss:  Epoch    Total      Graph      Atom       Grad       Stress     Addn.      Time      
             117      5.3530     5.3530     0.0000     0.0000     0.0000     0.0000     4.51      
Val Loss:    Epoch    Total      Graph      Atom       Grad       Stress     Addn.      Time      
             117      0.6926     0.6926     0.0000     0.0000     0.0000     0.0000     0.40       Saving model
Train Loss:  Epoch    Total      Graph      Atom       Grad       Stress     Addn.      Time      
             118      5.5064     5.5064     0.0000     0.0000     0.0000     0.0000     4.14      
Val Loss:    Epoch    Total      Graph      Atom       Grad       Stress     Addn.      Time      
             118      0.6635     0.6635     0.0000     0.0000     0.0000     0.0000     0.40       Saving model
Train Loss:  Epoch    Total      Graph      Atom       Grad       Stress     Addn.      Time      
             119      5.3163     5.3163     0.0000     0.0000     0.0000     0.0000     4.98      
Val Loss:    Epoch    Total      Graph      Atom       Grad       Stress     Addn.      Time      
             119      0.6686     0.6686     0.0000     0.0000     0.0000     0.0000     0.39       Saving model
Test MAE: 0.08708656626755205
Time taken (s) 595.9842557907104
Error: The source file 'prediction_results_test_set.csv' was not found.
Error: The source file 'history_val_mae.json' was not found.

  0%|          | 0/4395 [00:00<?, ?it/s]
  0%|          | 13/4395 [00:00<00:34, 126.54it/s]
  1%|          | 26/4395 [00:00<00:36, 118.63it/s]
  1%|          | 38/4395 [00:00<00:37, 115.42it/s]
  1%|          | 50/4395 [00:00<01:00, 72.29it/s] 
  1%|▏         | 62/4395 [00:00<00:52, 82.83it/s]
  2%|▏         | 73/4395 [00:00<00:48, 89.54it/s]
  2%|▏         | 86/4395 [00:00<00:43, 99.77it/s]
  2%|▏         | 100/4395 [00:01<00:38, 110.65it/s]
  3%|▎         | 112/4395 [00:01<00:40, 106.32it/s]
  3%|▎         | 124/4395 [00:01<00:38, 109.53it/s]
  3%|▎         | 138/4395 [00:01<00:36, 117.81it/s]
  3%|▎         | 152/4395 [00:01<00:34, 124.13it/s]
  4%|▍         | 165/4395 [00:01<00:35, 119.20it/s]
  4%|▍         | 181/4395 [00:01<00:32, 129.10it/s]
  4%|▍         | 195/4395 [00:01<00:35, 119.23it/s]
  5%|▍         | 208/4395 [00:01<00:35, 118.05it/s]
  5%|▌         | 221/4395 [00:02<00:35, 116.99it/s]
  5%|▌         | 233/4395 [00:02<00:36, 113.36it/s]
  6%|▌         | 245/4395 [00:02<00:36, 112.76it/s]
  6%|▌         | 257/4395 [00:02<00:36, 113.41it/s]
  6%|▌         | 269/4395 [00:02<00:36, 114.12it/s]
  6%|▋         | 282/4395 [00:02<00:34, 118.22it/s]
  7%|▋         | 294/4395 [00:02<00:34, 118.31it/s]
  7%|▋         | 307/4395 [00:02<00:33, 121.60it/s]
  7%|▋         | 320/4395 [00:02<00:35, 116.09it/s]
  8%|▊         | 333/4395 [00:02<00:34, 118.12it/s]
  8%|▊         | 346/4395 [00:03<00:33, 120.49it/s]
  8%|▊         | 360/4395 [00:03<00:32, 123.03it/s]
  8%|▊         | 373/4395 [00:03<00:32, 123.67it/s]
  9%|▉         | 387/4395 [00:03<00:31, 126.14it/s]
  9%|▉         | 400/4395 [00:03<00:32, 124.50it/s]
  9%|▉         | 413/4395 [00:03<00:31, 125.98it/s]
 10%|▉         | 428/4395 [00:03<00:30, 130.65it/s]
 10%|█         | 442/4395 [00:03<00:30, 130.30it/s]
 10%|█         | 459/4395 [00:03<00:27, 140.87it/s]
 11%|█         | 474/4395 [00:04<00:29, 132.71it/s]
 11%|█         | 488/4395 [00:04<00:29, 130.37it/s]
 11%|█▏        | 502/4395 [00:04<00:30, 127.64it/s]
 12%|█▏        | 515/4395 [00:04<00:31, 123.62it/s]
 12%|█▏        | 528/4395 [00:04<00:33, 116.78it/s]
 12%|█▏        | 540/4395 [00:04<00:33, 113.40it/s]
 13%|█▎        | 553/4395 [00:04<00:32, 117.64it/s]
 13%|█▎        | 567/4395 [00:04<00:31, 122.16it/s]
 13%|█▎        | 582/4395 [00:04<00:29, 129.20it/s]
 14%|█▎        | 596/4395 [00:05<00:29, 129.91it/s]
 14%|█▍        | 610/4395 [00:05<00:30, 124.77it/s]
 14%|█▍        | 624/4395 [00:05<00:29, 128.52it/s]
 15%|█▍        | 638/4395 [00:05<00:28, 129.97it/s]
 15%|█▍        | 652/4395 [00:05<00:30, 124.68it/s]
 15%|█▌        | 665/4395 [00:05<00:32, 115.19it/s]
 15%|█▌        | 679/4395 [00:05<00:30, 120.82it/s]
 16%|█▌        | 692/4395 [00:06<00:46, 79.62it/s] 
 16%|█▌        | 707/4395 [00:06<00:39, 93.26it/s]
 16%|█▋        | 722/4395 [00:06<00:35, 104.47it/s]
 17%|█▋        | 735/4395 [00:06<00:34, 105.31it/s]
 17%|█▋        | 748/4395 [00:06<00:33, 110.12it/s]
 17%|█▋        | 761/4395 [00:06<00:31, 114.85it/s]
 18%|█▊        | 774/4395 [00:06<00:31, 114.04it/s]
 18%|█▊        | 786/4395 [00:06<00:32, 110.59it/s]
 18%|█▊        | 799/4395 [00:06<00:31, 114.60it/s]
 18%|█▊        | 812/4395 [00:07<00:30, 118.16it/s]
 19%|█▉        | 825/4395 [00:07<00:29, 120.91it/s]
 19%|█▉        | 840/4395 [00:07<00:27, 128.44it/s]
 19%|█▉        | 853/4395 [00:07<00:28, 124.52it/s]
 20%|█▉        | 866/4395 [00:07<00:28, 122.15it/s]
 20%|██        | 880/4395 [00:07<00:28, 125.03it/s]
 20%|██        | 893/4395 [00:07<00:27, 126.12it/s]
 21%|██        | 906/4395 [00:07<00:27, 124.73it/s]
 21%|██        | 919/4395 [00:07<00:27, 124.77it/s]
 21%|██        | 932/4395 [00:07<00:30, 113.44it/s]
 22%|██▏       | 946/4395 [00:08<00:28, 119.30it/s]
 22%|██▏       | 959/4395 [00:08<00:28, 120.92it/s]
 22%|██▏       | 972/4395 [00:08<00:30, 113.45it/s]
 22%|██▏       | 987/4395 [00:08<00:27, 123.02it/s]
 23%|██▎       | 1000/4395 [00:08<00:27, 122.02it/s]
 23%|██▎       | 1015/4395 [00:08<00:26, 128.57it/s]
 23%|██▎       | 1029/4395 [00:08<00:26, 127.38it/s]
 24%|██▎       | 1042/4395 [00:08<00:30, 109.02it/s]
 24%|██▍       | 1055/4395 [00:09<00:29, 113.79it/s]
 24%|██▍       | 1067/4395 [00:09<00:31, 107.22it/s]
 25%|██▍       | 1079/4395 [00:09<00:31, 106.52it/s]
 25%|██▍       | 1094/4395 [00:09<00:28, 116.93it/s]
 25%|██▌       | 1107/4395 [00:09<00:27, 120.34it/s]
 25%|██▌       | 1120/4395 [00:09<00:27, 119.84it/s]
 26%|██▌       | 1134/4395 [00:09<00:26, 124.42it/s]
 26%|██▌       | 1147/4395 [00:09<00:27, 118.30it/s]
 26%|██▋       | 1159/4395 [00:09<00:28, 114.01it/s]
 27%|██▋       | 1172/4395 [00:10<00:27, 117.84it/s]
 27%|██▋       | 1184/4395 [00:10<00:32, 99.24it/s] 
 27%|██▋       | 1196/4395 [00:10<00:30, 103.61it/s]
 27%|██▋       | 1207/4395 [00:10<00:43, 72.74it/s] 
 28%|██▊       | 1219/4395 [00:10<00:38, 82.25it/s]
 28%|██▊       | 1231/4395 [00:10<00:34, 90.59it/s]
 28%|██▊       | 1242/4395 [00:10<00:35, 89.92it/s]
 29%|██▊       | 1255/4395 [00:10<00:31, 99.52it/s]
 29%|██▉       | 1269/4395 [00:11<00:28, 109.94it/s]
 29%|██▉       | 1283/4395 [00:11<00:26, 116.60it/s]
 29%|██▉       | 1296/4395 [00:11<00:28, 110.34it/s]
 30%|██▉       | 1310/4395 [00:11<00:26, 117.27it/s]
 30%|███       | 1324/4395 [00:11<00:24, 123.35it/s]
 30%|███       | 1337/4395 [00:11<00:24, 123.88it/s]
 31%|███       | 1352/4395 [00:11<00:23, 127.79it/s]
 31%|███       | 1365/4395 [00:11<00:25, 120.57it/s]
 31%|███▏      | 1378/4395 [00:12<00:26, 114.28it/s]
 32%|███▏      | 1392/4395 [00:12<00:25, 119.88it/s]
 32%|███▏      | 1405/4395 [00:12<00:25, 118.67it/s]
 32%|███▏      | 1417/4395 [00:12<00:25, 118.93it/s]
 33%|███▎      | 1433/4395 [00:12<00:23, 128.52it/s]
 33%|███▎      | 1447/4395 [00:12<00:22, 129.63it/s]
 33%|███▎      | 1464/4395 [00:12<00:21, 138.96it/s]
 34%|███▎      | 1479/4395 [00:12<00:20, 140.73it/s]
 34%|███▍      | 1494/4395 [00:12<00:20, 138.25it/s]
 34%|███▍      | 1508/4395 [00:12<00:22, 131.18it/s]
 35%|███▍      | 1522/4395 [00:13<00:21, 131.95it/s]
 35%|███▍      | 1536/4395 [00:13<00:21, 133.66it/s]
 35%|███▌      | 1550/4395 [00:13<00:23, 119.53it/s]
 36%|███▌      | 1565/4395 [00:13<00:22, 126.14it/s]
 36%|███▌      | 1578/4395 [00:13<00:22, 124.32it/s]
 36%|███▌      | 1592/4395 [00:13<00:22, 125.18it/s]
 37%|███▋      | 1607/4395 [00:13<00:21, 130.55it/s]
 37%|███▋      | 1623/4395 [00:13<00:20, 136.96it/s]
 37%|███▋      | 1637/4395 [00:13<00:21, 131.17it/s]
 38%|███▊      | 1651/4395 [00:14<00:22, 122.15it/s]
 38%|███▊      | 1664/4395 [00:14<00:24, 113.32it/s]
 38%|███▊      | 1676/4395 [00:14<00:24, 111.95it/s]
 38%|███▊      | 1688/4395 [00:14<00:23, 113.73it/s]
 39%|███▊      | 1700/4395 [00:14<00:24, 109.88it/s]
 39%|███▉      | 1712/4395 [00:14<00:23, 111.92it/s]
 39%|███▉      | 1725/4395 [00:14<00:22, 116.17it/s]
 40%|███▉      | 1738/4395 [00:14<00:22, 119.22it/s]
 40%|███▉      | 1750/4395 [00:14<00:22, 118.54it/s]
 40%|████      | 1763/4395 [00:15<00:21, 121.10it/s]
 40%|████      | 1776/4395 [00:15<00:21, 121.95it/s]
 41%|████      | 1789/4395 [00:15<00:22, 118.44it/s]
 41%|████      | 1802/4395 [00:15<00:21, 121.01it/s]
 41%|████▏     | 1815/4395 [00:15<00:21, 120.07it/s]
 42%|████▏     | 1828/4395 [00:15<00:21, 121.28it/s]
 42%|████▏     | 1841/4395 [00:15<00:21, 121.23it/s]
 42%|████▏     | 1854/4395 [00:15<00:21, 120.71it/s]
 42%|████▏     | 1867/4395 [00:15<00:21, 116.83it/s]
 43%|████▎     | 1880/4395 [00:16<00:21, 119.67it/s]
 43%|████▎     | 1893/4395 [00:16<00:33, 75.64it/s] 
 43%|████▎     | 1908/4395 [00:16<00:27, 89.44it/s]
 44%|████▎     | 1921/4395 [00:16<00:25, 96.60it/s]
 44%|████▍     | 1933/4395 [00:16<00:25, 98.32it/s]
 44%|████▍     | 1945/4395 [00:16<00:23, 103.58it/s]
 45%|████▍     | 1959/4395 [00:16<00:21, 111.98it/s]
 45%|████▍     | 1971/4395 [00:17<00:21, 112.64it/s]
 45%|████▌     | 1985/4395 [00:17<00:21, 114.52it/s]
 45%|████▌     | 1997/4395 [00:17<00:20, 115.27it/s]
 46%|████▌     | 2009/4395 [00:17<00:21, 112.28it/s]
 46%|████▌     | 2023/4395 [00:17<00:20, 117.75it/s]
 46%|████▋     | 2038/4395 [00:17<00:19, 121.80it/s]
 47%|████▋     | 2053/4395 [00:17<00:18, 128.79it/s]
 47%|████▋     | 2068/4395 [00:17<00:17, 133.10it/s]
 47%|████▋     | 2082/4395 [00:17<00:18, 127.78it/s]
 48%|████▊     | 2095/4395 [00:18<00:18, 126.71it/s]
 48%|████▊     | 2109/4395 [00:18<00:17, 129.06it/s]
 48%|████▊     | 2123/4395 [00:18<00:17, 131.88it/s]
 49%|████▊     | 2137/4395 [00:18<00:17, 125.67it/s]
 49%|████▉     | 2153/4395 [00:18<00:16, 133.94it/s]
 49%|████▉     | 2167/4395 [00:18<00:19, 112.31it/s]
 50%|████▉     | 2180/4395 [00:18<00:20, 110.20it/s]
 50%|████▉     | 2193/4395 [00:18<00:19, 113.98it/s]
 50%|█████     | 2206/4395 [00:18<00:18, 116.67it/s]
 50%|█████     | 2218/4395 [00:19<00:18, 114.61it/s]
 51%|█████     | 2232/4395 [00:19<00:17, 120.93it/s]
 51%|█████     | 2246/4395 [00:19<00:17, 124.57it/s]
 51%|█████▏    | 2259/4395 [00:19<00:17, 121.96it/s]
 52%|█████▏    | 2273/4395 [00:19<00:16, 125.71it/s]
 52%|█████▏    | 2286/4395 [00:19<00:16, 126.73it/s]
 52%|█████▏    | 2299/4395 [00:19<00:17, 118.84it/s]
 53%|█████▎    | 2312/4395 [00:19<00:17, 119.41it/s]
 53%|█████▎    | 2325/4395 [00:19<00:17, 120.31it/s]
 53%|█████▎    | 2338/4395 [00:20<00:16, 121.99it/s]
 53%|█████▎    | 2351/4395 [00:20<00:17, 115.51it/s]
 54%|█████▍    | 2363/4395 [00:20<00:17, 115.69it/s]
 54%|█████▍    | 2376/4395 [00:20<00:17, 117.74it/s]
 54%|█████▍    | 2388/4395 [00:20<00:18, 107.36it/s]
 55%|█████▍    | 2399/4395 [00:20<00:25, 77.21it/s] 
 55%|█████▍    | 2412/4395 [00:20<00:22, 88.53it/s]
 55%|█████▌    | 2423/4395 [00:20<00:21, 92.85it/s]
 55%|█████▌    | 2434/4395 [00:21<00:20, 94.06it/s]
 56%|█████▌    | 2448/4395 [00:21<00:18, 105.49it/s]
 56%|█████▌    | 2461/4395 [00:21<00:17, 110.17it/s]
 56%|█████▋    | 2473/4395 [00:21<00:17, 110.20it/s]
 57%|█████▋    | 2486/4395 [00:21<00:16, 114.45it/s]
 57%|█████▋    | 2499/4395 [00:21<00:16, 117.21it/s]
 57%|█████▋    | 2513/4395 [00:21<00:15, 123.07it/s]
 57%|█████▋    | 2526/4395 [00:21<00:15, 123.77it/s]
 58%|█████▊    | 2540/4395 [00:21<00:14, 126.16it/s]
 58%|█████▊    | 2553/4395 [00:21<00:14, 126.79it/s]
 58%|█████▊    | 2567/4395 [00:22<00:14, 130.20it/s]
 59%|█████▊    | 2581/4395 [00:22<00:14, 126.75it/s]
 59%|█████▉    | 2594/4395 [00:22<00:14, 126.14it/s]
 59%|█████▉    | 2607/4395 [00:22<00:14, 122.37it/s]
 60%|█████▉    | 2622/4395 [00:22<00:13, 127.92it/s]
 60%|█████▉    | 2635/4395 [00:22<00:14, 120.99it/s]
 60%|██████    | 2648/4395 [00:22<00:14, 118.46it/s]
 61%|██████    | 2662/4395 [00:22<00:14, 123.15it/s]
 61%|██████    | 2675/4395 [00:22<00:13, 125.01it/s]
 61%|██████    | 2688/4395 [00:23<00:14, 118.73it/s]
 61%|██████▏   | 2700/4395 [00:23<00:14, 117.24it/s]
 62%|██████▏   | 2714/4395 [00:23<00:13, 122.66it/s]
 62%|██████▏   | 2727/4395 [00:23<00:13, 121.96it/s]
 62%|██████▏   | 2740/4395 [00:23<00:13, 119.39it/s]
 63%|██████▎   | 2754/4395 [00:23<00:13, 123.79it/s]
 63%|██████▎   | 2767/4395 [00:23<00:13, 121.24it/s]
 63%|██████▎   | 2781/4395 [00:23<00:12, 126.26it/s]
 64%|██████▎   | 2797/4395 [00:23<00:12, 132.55it/s]
 64%|██████▍   | 2811/4395 [00:24<00:12, 122.38it/s]
 64%|██████▍   | 2824/4395 [00:24<00:13, 120.69it/s]
 65%|██████▍   | 2837/4395 [00:24<00:13, 116.65it/s]
 65%|██████▍   | 2849/4395 [00:24<00:13, 114.19it/s]
 65%|██████▌   | 2861/4395 [00:24<00:13, 114.24it/s]
 65%|██████▌   | 2876/4395 [00:24<00:12, 121.56it/s]
 66%|██████▌   | 2890/4395 [00:24<00:11, 125.59it/s]
 66%|██████▌   | 2903/4395 [00:24<00:11, 124.96it/s]
 66%|██████▋   | 2917/4395 [00:24<00:11, 126.21it/s]
 67%|██████▋   | 2930/4395 [00:25<00:11, 125.27it/s]
 67%|██████▋   | 2945/4395 [00:25<00:11, 129.48it/s]
 67%|██████▋   | 2960/4395 [00:25<00:10, 132.10it/s]
 68%|██████▊   | 2974/4395 [00:25<00:11, 120.59it/s]
 68%|██████▊   | 2987/4395 [00:25<00:11, 120.33it/s]
 68%|██████▊   | 3001/4395 [00:25<00:11, 123.41it/s]
 69%|██████▊   | 3014/4395 [00:25<00:11, 121.21it/s]
 69%|██████▉   | 3029/4395 [00:25<00:10, 129.02it/s]
 69%|██████▉   | 3043/4395 [00:25<00:10, 131.42it/s]
 70%|██████▉   | 3057/4395 [00:26<00:10, 129.42it/s]
 70%|██████▉   | 3072/4395 [00:26<00:09, 133.41it/s]
 70%|███████   | 3086/4395 [00:26<00:09, 131.45it/s]
 71%|███████   | 3100/4395 [00:26<00:10, 129.46it/s]
 71%|███████   | 3113/4395 [00:26<00:10, 126.42it/s]
 71%|███████   | 3128/4395 [00:26<00:09, 130.13it/s]
 71%|███████▏  | 3142/4395 [00:26<00:15, 78.55it/s] 
 72%|███████▏  | 3153/4395 [00:27<00:14, 84.16it/s]
 72%|███████▏  | 3166/4395 [00:27<00:13, 92.94it/s]
 72%|███████▏  | 3179/4395 [00:27<00:12, 100.73it/s]
 73%|███████▎  | 3192/4395 [00:27<00:11, 107.21it/s]
 73%|███████▎  | 3205/4395 [00:27<00:10, 108.68it/s]
 73%|███████▎  | 3219/4395 [00:27<00:10, 115.76it/s]
 74%|███████▎  | 3232/4395 [00:27<00:09, 118.81it/s]
 74%|███████▍  | 3245/4395 [00:27<00:09, 119.84it/s]
 74%|███████▍  | 3258/4395 [00:27<00:09, 116.30it/s]
 74%|███████▍  | 3271/4395 [00:28<00:09, 119.55it/s]
 75%|███████▍  | 3284/4395 [00:28<00:09, 118.42it/s]
 75%|███████▌  | 3297/4395 [00:28<00:09, 120.07it/s]
 75%|███████▌  | 3310/4395 [00:28<00:08, 121.69it/s]
 76%|███████▌  | 3324/4395 [00:28<00:08, 123.95it/s]
 76%|███████▌  | 3339/4395 [00:28<00:08, 128.26it/s]
 76%|███████▋  | 3352/4395 [00:28<00:08, 118.31it/s]
 77%|███████▋  | 3364/4395 [00:28<00:09, 109.84it/s]
 77%|███████▋  | 3376/4395 [00:28<00:09, 110.01it/s]
 77%|███████▋  | 3389/4395 [00:29<00:08, 114.97it/s]
 77%|███████▋  | 3401/4395 [00:29<00:08, 115.65it/s]
 78%|███████▊  | 3413/4395 [00:29<00:08, 114.42it/s]
 78%|███████▊  | 3425/4395 [00:29<00:08, 115.14it/s]
 78%|███████▊  | 3438/4395 [00:29<00:08, 118.67it/s]
 79%|███████▊  | 3452/4395 [00:29<00:07, 123.48it/s]
 79%|███████▉  | 3467/4395 [00:29<00:07, 129.86it/s]
 79%|███████▉  | 3481/4395 [00:29<00:07, 121.81it/s]
 79%|███████▉  | 3494/4395 [00:29<00:07, 113.82it/s]
 80%|███████▉  | 3508/4395 [00:30<00:07, 119.60it/s]
 80%|████████  | 3522/4395 [00:30<00:07, 123.05it/s]
 80%|████████  | 3535/4395 [00:30<00:06, 124.01it/s]
 81%|████████  | 3548/4395 [00:30<00:07, 119.01it/s]
 81%|████████  | 3561/4395 [00:30<00:07, 106.96it/s]
 81%|████████▏ | 3574/4395 [00:30<00:07, 111.58it/s]
 82%|████████▏ | 3586/4395 [00:30<00:07, 112.58it/s]
 82%|████████▏ | 3598/4395 [00:30<00:07, 111.38it/s]
 82%|████████▏ | 3611/4395 [00:30<00:06, 114.60it/s]
 82%|████████▏ | 3623/4395 [00:31<00:06, 115.64it/s]
 83%|████████▎ | 3635/4395 [00:31<00:07, 102.91it/s]
 83%|████████▎ | 3649/4395 [00:31<00:06, 112.58it/s]
 83%|████████▎ | 3661/4395 [00:31<00:06, 108.37it/s]
 84%|████████▎ | 3674/4395 [00:31<00:06, 113.81it/s]
 84%|████████▍ | 3688/4395 [00:31<00:05, 120.33it/s]
 84%|████████▍ | 3701/4395 [00:31<00:05, 117.81it/s]
 84%|████████▍ | 3713/4395 [00:31<00:08, 80.13it/s] 
 85%|████████▍ | 3728/4395 [00:32<00:07, 93.28it/s]
 85%|████████▌ | 3742/4395 [00:32<00:06, 103.91it/s]
 85%|████████▌ | 3755/4395 [00:32<00:05, 108.05it/s]
 86%|████████▌ | 3769/4395 [00:32<00:05, 114.95it/s]
 86%|████████▌ | 3782/4395 [00:32<00:05, 115.48it/s]
 86%|████████▋ | 3795/4395 [00:32<00:05, 115.30it/s]
 87%|████████▋ | 3808/4395 [00:32<00:05, 116.23it/s]
 87%|████████▋ | 3823/4395 [00:32<00:04, 124.91it/s]
 87%|████████▋ | 3837/4395 [00:32<00:04, 128.11it/s]
 88%|████████▊ | 3851/4395 [00:33<00:04, 125.88it/s]
 88%|████████▊ | 3864/4395 [00:33<00:04, 119.44it/s]
 88%|████████▊ | 3878/4395 [00:33<00:04, 122.46it/s]
 89%|████████▊ | 3891/4395 [00:33<00:04, 122.93it/s]
 89%|████████▉ | 3904/4395 [00:33<00:04, 112.82it/s]
 89%|████████▉ | 3917/4395 [00:33<00:04, 116.37it/s]
 89%|████████▉ | 3930/4395 [00:33<00:03, 119.10it/s]
 90%|████████▉ | 3944/4395 [00:33<00:03, 124.16it/s]
 90%|█████████ | 3957/4395 [00:33<00:03, 121.83it/s]
 90%|█████████ | 3971/4395 [00:34<00:03, 124.38it/s]
 91%|█████████ | 3984/4395 [00:34<00:03, 125.27it/s]
 91%|█████████ | 3997/4395 [00:34<00:03, 113.75it/s]
 91%|█████████ | 4010/4395 [00:34<00:03, 115.10it/s]
 92%|█████████▏| 4022/4395 [00:34<00:03, 112.41it/s]
 92%|█████████▏| 4034/4395 [00:34<00:03, 111.99it/s]
 92%|█████████▏| 4047/4395 [00:34<00:03, 115.98it/s]
 92%|█████████▏| 4061/4395 [00:34<00:02, 121.69it/s]
 93%|█████████▎| 4074/4395 [00:34<00:02, 120.34it/s]
 93%|█████████▎| 4087/4395 [00:35<00:02, 119.16it/s]
 93%|█████████▎| 4099/4395 [00:35<00:02, 110.06it/s]
 94%|█████████▎| 4111/4395 [00:35<00:02, 112.67it/s]
 94%|█████████▍| 4123/4395 [00:35<00:02, 111.83it/s]
 94%|█████████▍| 4135/4395 [00:35<00:02, 113.23it/s]
 94%|█████████▍| 4148/4395 [00:35<00:02, 115.50it/s]
 95%|█████████▍| 4160/4395 [00:35<00:02, 104.41it/s]
 95%|█████████▍| 4172/4395 [00:35<00:02, 108.37it/s]
 95%|█████████▌| 4184/4395 [00:35<00:01, 111.05it/s]
 95%|█████████▌| 4196/4395 [00:36<00:01, 108.50it/s]
 96%|█████████▌| 4209/4395 [00:36<00:01, 112.06it/s]
 96%|█████████▌| 4222/4395 [00:36<00:01, 113.60it/s]
 96%|█████████▋| 4234/4395 [00:36<00:01, 112.97it/s]
 97%|█████████▋| 4248/4395 [00:36<00:01, 119.81it/s]
 97%|█████████▋| 4261/4395 [00:36<00:01, 120.75it/s]
 97%|█████████▋| 4274/4395 [00:36<00:01, 108.31it/s]
 98%|█████████▊| 4288/4395 [00:36<00:00, 116.59it/s]
 98%|█████████▊| 4300/4395 [00:36<00:00, 112.43it/s]
 98%|█████████▊| 4312/4395 [00:37<00:01, 74.27it/s] 
 98%|█████████▊| 4324/4395 [00:37<00:00, 82.78it/s]
 99%|█████████▊| 4337/4395 [00:37<00:00, 92.06it/s]
 99%|█████████▉| 4349/4395 [00:37<00:00, 97.35it/s]
 99%|█████████▉| 4363/4395 [00:37<00:00, 106.37it/s]
100%|█████████▉| 4375/4395 [00:37<00:00, 104.56it/s]
100%|█████████▉| 4390/4395 [00:37<00:00, 115.25it/s]
100%|██████████| 4395/4395 [00:37<00:00, 115.77it/s]
/ibex/user/shoaibsa/miniconda3/envs/py312/lib/python3.12/site-packages/alignn/graphs.py:1176: UserWarning: Creating a tensor from a list of numpy.ndarrays is extremely slow. Please consider converting the list to a single numpy.ndarray with numpy.array() before converting to a tensor. (Triggered internally at /pytorch/torch/csrc/utils/tensor_new.cpp:253.)
  self.lattices = torch.tensor(self.lattices).type(

  0%|          | 0/4395 [00:00<?, ?it/s]
  7%|▋         | 295/4395 [00:00<00:01, 2948.67it/s]
 15%|█▍        | 645/4395 [00:00<00:01, 3269.47it/s]
 22%|██▏       | 987/4395 [00:00<00:01, 3337.29it/s]
 30%|███       | 1321/4395 [00:00<00:00, 3231.25it/s]
 38%|███▊      | 1678/4395 [00:00<00:00, 3348.46it/s]
 46%|████▌     | 2020/4395 [00:00<00:00, 3371.70it/s]
 54%|█████▎    | 2361/4395 [00:00<00:00, 3383.90it/s]
 62%|██████▏   | 2705/4395 [00:00<00:00, 3400.48it/s]
 70%|██████▉   | 3061/4395 [00:00<00:00, 3447.62it/s]
 77%|███████▋  | 3406/4395 [00:01<00:00, 3424.06it/s]
 85%|████████▌ | 3749/4395 [00:01<00:00, 3403.56it/s]
 93%|█████████▎| 4092/4395 [00:01<00:00, 3406.53it/s]
100%|██████████| 4395/4395 [00:01<00:00, 3363.89it/s]

  0%|          | 0/549 [00:00<?, ?it/s]
  2%|▏         | 13/549 [00:00<00:04, 128.03it/s]
  5%|▍         | 27/549 [00:00<00:04, 128.52it/s]
  7%|▋         | 41/549 [00:00<00:03, 133.01it/s]
 10%|█         | 55/549 [00:00<00:04, 108.37it/s]
 13%|█▎        | 70/549 [00:00<00:03, 120.82it/s]
 15%|█▌        | 83/549 [00:00<00:03, 120.59it/s]
 17%|█▋        | 96/549 [00:00<00:04, 112.03it/s]
 20%|█▉        | 108/549 [00:00<00:03, 113.44it/s]
 22%|██▏       | 120/549 [00:01<00:03, 115.22it/s]
 24%|██▍       | 132/549 [00:01<00:03, 109.37it/s]
 26%|██▋       | 145/549 [00:01<00:03, 107.71it/s]
 29%|██▉       | 158/549 [00:01<00:03, 112.18it/s]
 31%|███       | 170/549 [00:01<00:03, 105.78it/s]
 34%|███▎      | 184/549 [00:01<00:03, 113.50it/s]
 36%|███▌      | 197/549 [00:01<00:03, 117.16it/s]
 39%|███▊      | 212/549 [00:01<00:02, 124.44it/s]
 41%|████      | 225/549 [00:02<00:04, 75.69it/s] 
 43%|████▎     | 238/549 [00:02<00:03, 80.91it/s]
 46%|████▌     | 250/549 [00:02<00:03, 88.92it/s]
 48%|████▊     | 264/549 [00:02<00:02, 100.03it/s]
 50%|█████     | 277/549 [00:02<00:02, 104.61it/s]
 53%|█████▎    | 290/549 [00:02<00:02, 110.70it/s]
 55%|█████▌    | 302/549 [00:02<00:02, 111.30it/s]
 58%|█████▊    | 316/549 [00:02<00:01, 116.91it/s]
 60%|█████▉    | 329/549 [00:03<00:02, 105.92it/s]
 62%|██████▏   | 341/549 [00:03<00:02, 101.28it/s]
 65%|██████▍   | 355/549 [00:03<00:01, 108.66it/s]
 67%|██████▋   | 367/549 [00:03<00:01, 108.89it/s]
 70%|██████▉   | 383/549 [00:03<00:01, 119.41it/s]
 72%|███████▏  | 396/549 [00:03<00:01, 120.04it/s]
 74%|███████▍  | 409/549 [00:03<00:01, 116.36it/s]
 77%|███████▋  | 423/549 [00:03<00:01, 122.43it/s]
 79%|███████▉  | 436/549 [00:03<00:01, 112.80it/s]
 82%|████████▏ | 451/549 [00:04<00:00, 120.67it/s]
 85%|████████▍ | 464/549 [00:04<00:00, 118.77it/s]
 87%|████████▋ | 477/549 [00:04<00:00, 118.41it/s]
 89%|████████▉ | 489/549 [00:04<00:00, 118.52it/s]
 91%|█████████▏| 502/549 [00:04<00:00, 120.25it/s]
 94%|█████████▍| 515/549 [00:04<00:00, 121.04it/s]
 97%|█████████▋| 530/549 [00:04<00:00, 128.70it/s]
 99%|█████████▉| 543/549 [00:04<00:00, 115.02it/s]
100%|██████████| 549/549 [00:04<00:00, 111.25it/s]

  0%|          | 0/549 [00:00<?, ?it/s]
 61%|██████    | 336/549 [00:00<00:00, 3353.34it/s]
100%|██████████| 549/549 [00:00<00:00, 3377.09it/s]

  0%|          | 0/549 [00:00<?, ?it/s]
  2%|▏         | 10/549 [00:00<00:05, 98.32it/s]
  4%|▍         | 24/549 [00:00<00:04, 117.31it/s]
  7%|▋         | 39/549 [00:00<00:03, 128.27it/s]
  9%|▉         | 52/549 [00:00<00:04, 110.12it/s]
 12%|█▏        | 67/549 [00:00<00:03, 121.67it/s]
 15%|█▍        | 81/549 [00:00<00:03, 124.82it/s]
 17%|█▋        | 94/549 [00:00<00:03, 120.82it/s]
 19%|█▉        | 107/549 [00:00<00:04, 96.57it/s]
 21%|██▏       | 118/549 [00:01<00:06, 62.73it/s]
 24%|██▎       | 130/549 [00:01<00:05, 71.90it/s]
 26%|██▋       | 145/549 [00:01<00:04, 86.54it/s]
 28%|██▊       | 156/549 [00:01<00:04, 90.36it/s]
 31%|███       | 168/549 [00:01<00:03, 97.12it/s]
 33%|███▎      | 181/549 [00:01<00:03, 104.91it/s]
 36%|███▌      | 195/549 [00:01<00:03, 111.64it/s]
 38%|███▊      | 210/549 [00:02<00:02, 120.04it/s]
 41%|████      | 224/549 [00:02<00:02, 123.94it/s]
 43%|████▎     | 237/549 [00:02<00:02, 123.22it/s]
 46%|████▌     | 250/549 [00:02<00:02, 115.23it/s]
 48%|████▊     | 262/549 [00:02<00:02, 116.49it/s]
 50%|█████     | 276/549 [00:02<00:02, 119.06it/s]
 53%|█████▎    | 291/549 [00:02<00:02, 125.03it/s]
 55%|█████▌    | 304/549 [00:02<00:02, 114.53it/s]
 58%|█████▊    | 316/549 [00:03<00:02, 104.79it/s]
 60%|██████    | 331/549 [00:03<00:01, 114.03it/s]
 63%|██████▎   | 344/549 [00:03<00:01, 115.88it/s]
 65%|██████▍   | 356/549 [00:03<00:01, 107.44it/s]
 67%|██████▋   | 367/549 [00:03<00:01, 101.25it/s]
 69%|██████▉   | 380/549 [00:03<00:01, 107.11it/s]
 72%|███████▏  | 393/549 [00:03<00:01, 108.17it/s]
 74%|███████▍  | 406/549 [00:03<00:01, 112.05it/s]
 76%|███████▌  | 418/549 [00:03<00:01, 111.94it/s]
 79%|███████▊  | 431/549 [00:04<00:01, 115.37it/s]
 81%|████████  | 443/549 [00:04<00:00, 115.60it/s]
 83%|████████▎ | 458/549 [00:04<00:00, 122.69it/s]
 86%|████████▌ | 473/549 [00:04<00:00, 128.87it/s]
 89%|████████▊ | 486/549 [00:04<00:00, 128.30it/s]
 91%|█████████ | 500/549 [00:04<00:00, 130.53it/s]
 94%|█████████▎| 514/549 [00:04<00:00, 117.65it/s]
 96%|█████████▌| 527/549 [00:04<00:00, 112.13it/s]
 98%|█████████▊| 540/549 [00:04<00:00, 115.23it/s]
100%|██████████| 549/549 [00:05<00:00, 109.72it/s]

  0%|          | 0/549 [00:00<?, ?it/s]
 59%|█████▉    | 325/549 [00:00<00:00, 3245.13it/s]
100%|██████████| 549/549 [00:00<00:00, 3326.54it/s]
/ibex/user/shoaibsa/Intrinsic_Dimensionality_ML_Materials/ALIGNN/ALIGNN_MP/alignn/train.py:503: UserWarning: Detected call of `lr_scheduler.step()` before `optimizer.step()`. In PyTorch 1.1.0 and later, you should call them in the opposite order: `optimizer.step()` before `lr_scheduler.step()`.  Failure to do this will result in PyTorch skipping the first value of the learning rate schedule. See more details at https://pytorch.org/docs/stable/optim.html#how-to-adjust-learning-rate
  scheduler.step()
